

================================================================
== Vitis HLS Report for 'node14'
================================================================
* Date:           Wed Sep 25 12:56:33 2024

* Version:        2023.2 (Build 4023990 on Oct 11 2023)
* Project:        hls_Autoencoder
* Solution:       solution1 (Vivado IP Flow Target)
* Product family: virtexuplusHBM
* Target device:  xcu280-fsvh2892-2L-e


================================================================
== Performance Estimates
================================================================
+ Timing: 
    * Summary: 
    +--------+---------+----------+------------+
    |  Clock |  Target | Estimated| Uncertainty|
    +--------+---------+----------+------------+
    |ap_clk  |  3.33 ns|  2.609 ns|     0.90 ns|
    +--------+---------+----------+------------+

+ Latency: 
    * Summary: 
    +---------+---------+----------+----------+---------+---------+---------+
    |  Latency (cycles) |  Latency (absolute) |      Interval     | Pipeline|
    |   min   |   max   |    min   |    max   |   min   |   max   |   Type  |
    +---------+---------+----------+----------+---------+---------+---------+
    |  1048593|  1048593|  3.492 ms|  3.492 ms|  1048593|  1048593|       no|
    +---------+---------+----------+----------+---------+---------+---------+

    + Detail: 
        * Instance: 
        N/A

        * Loop: 
        +------------------------+---------+---------+----------+-----------+-----------+---------+----------+
        |                        |  Latency (cycles) | Iteration|  Initiation Interval  |   Trip  |          |
        |        Loop Name       |   min   |   max   |  Latency |  achieved |   target  |  Count  | Pipelined|
        +------------------------+---------+---------+----------+-----------+-----------+---------+----------+
        |- loop32_loop33_loop34  |  1048591|  1048591|        17|          1|          1|  1048576|       yes|
        +------------------------+---------+---------+----------+-----------+-----------+---------+----------+



================================================================
== Utilization Estimates
================================================================
* Summary: 
+---------------------+---------+------+---------+---------+-----+
|         Name        | BRAM_18K|  DSP |    FF   |   LUT   | URAM|
+---------------------+---------+------+---------+---------+-----+
|DSP                  |        -|     -|        -|        -|    -|
|Expression           |        -|     -|        0|      366|    -|
|FIFO                 |        -|     -|        -|        -|    -|
|Instance             |        -|     5|      461|      276|    -|
|Memory               |       64|     -|        0|        0|    1|
|Multiplexer          |        -|     -|        -|      135|    -|
|Register             |        -|     -|      602|      128|    -|
+---------------------+---------+------+---------+---------+-----+
|Total                |       64|     5|     1063|      905|    1|
+---------------------+---------+------+---------+---------+-----+
|Available SLR        |     1344|  3008|   869120|   434560|  320|
+---------------------+---------+------+---------+---------+-----+
|Utilization SLR (%)  |        4|    ~0|       ~0|       ~0|   ~0|
+---------------------+---------+------+---------+---------+-----+
|Available            |     4032|  9024|  2607360|  1303680|  960|
+---------------------+---------+------+---------+---------+-----+
|Utilization (%)      |        1|    ~0|       ~0|       ~0|   ~0|
+---------------------+---------+------+---------+---------+-----+

+ Detail: 
    * Instance: 
    +------------------------------------+--------------------------------+---------+----+-----+-----+-----+
    |              Instance              |             Module             | BRAM_18K| DSP|  FF | LUT | URAM|
    +------------------------------------+--------------------------------+---------+----+-----+-----+-----+
    |fadd_32ns_32ns_32_7_full_dsp_1_U24  |fadd_32ns_32ns_32_7_full_dsp_1  |        0|   2|  318|  198|    0|
    |fmul_32ns_32ns_32_4_max_dsp_1_U25   |fmul_32ns_32ns_32_4_max_dsp_1   |        0|   3|  143|   78|    0|
    +------------------------------------+--------------------------------+---------+----+-----+-----+-----+
    |Total                               |                                |        0|   5|  461|  276|    0|
    +------------------------------------+--------------------------------+---------+----+-----+-----+-----+

    * DSP: 
    N/A

    * Memory: 
    +--------+---------------------------+---------+---+----+-----+-------+-----+------+-------------+
    | Memory |           Module          | BRAM_18K| FF| LUT| URAM| Words | Bits| Banks| W*Bits*Banks|
    +--------+---------------------------+---------+---+----+-----+-------+-----+------+-------------+
    |v155_U  |node14_v155_RAM_AUTO_1R1W  |        0|  0|   0|    1|   4096|   32|     1|       131072|
    |v156_U  |node14_v156_RAM_AUTO_1R1W  |       64|  0|   0|    0|  32768|   32|     1|      1048576|
    +--------+---------------------------+---------+---+----+-----+-------+-----+------+-------------+
    |Total   |                           |       64|  0|   0|    1|  36864|   64|     2|      1179648|
    +--------+---------------------------+---------+---+----+-----+-------+-----+------+-------------+

    * FIFO: 
    N/A

    * Expression: 
    +------------------------------------+----------+----+---+----+------------+------------+
    |            Variable Name           | Operation| DSP| FF| LUT| Bitwidth P0| Bitwidth P1|
    +------------------------------------+----------+----+---+----+------------+------------+
    |add_ln369_1_fu_201_p2               |         +|   0|  0|  28|          21|           1|
    |add_ln369_fu_210_p2                 |         +|   0|  0|  13|           6|           1|
    |add_ln370_1_fu_240_p2               |         +|   0|  0|  24|          17|           1|
    |add_ln370_fu_299_p2                 |         +|   0|  0|  16|           9|           1|
    |add_ln371_fu_342_p2                 |         +|   0|  0|  15|           8|           1|
    |add_ln381_fu_394_p2                 |         +|   0|  0|  22|          15|          15|
    |add_ln387_fu_383_p2                 |         +|   0|  0|  19|          12|          12|
    |and_ln369_fu_293_p2                 |       and|   0|  0|   2|           1|           1|
    |ap_block_state17_pp0_stage0_iter16  |       and|   0|  0|   2|           1|           1|
    |ap_block_state2_pp0_stage0_iter1    |       and|   0|  0|   2|           1|           1|
    |ap_block_state4_pp0_stage0_iter4    |       and|   0|  0|   2|           1|           1|
    |ap_condition_317                    |       and|   0|  0|   2|           1|           1|
    |ap_condition_336                    |       and|   0|  0|   2|           1|           1|
    |cmp16_fu_234_p2                     |      icmp|   0|  0|  13|           6|           1|
    |cmp28_fu_330_p2                     |      icmp|   0|  0|  16|           9|           1|
    |cmp43_fu_372_p2                     |      icmp|   0|  0|  15|           8|           2|
    |icmp_ln369_fu_195_p2                |      icmp|   0|  0|  29|          21|          22|
    |icmp_ln370_fu_216_p2                |      icmp|   0|  0|  24|          17|          16|
    |icmp_ln371_fu_287_p2                |      icmp|   0|  0|  16|           8|           9|
    |icmp_ln374_fu_336_p2                |      icmp|   0|  0|  15|           8|           1|
    |ap_block_pp0_stage0_01001           |        or|   0|  0|   2|           1|           1|
    |or_ln370_fu_305_p2                  |        or|   0|  0|   2|           1|           1|
    |select_ln369_1_fu_222_p3            |    select|   0|  0|   6|           1|           6|
    |select_ln369_fu_275_p3              |    select|   0|  0|   9|           1|           1|
    |select_ln370_1_fu_318_p3            |    select|   0|  0|   9|           1|           9|
    |select_ln370_2_fu_246_p3            |    select|   0|  0|  17|           1|           1|
    |select_ln370_fu_310_p3              |    select|   0|  0|   8|           1|           1|
    |v165_fu_422_p3                      |    select|   0|  0|  32|           1|           1|
    |ap_enable_pp0                       |       xor|   0|  0|   2|           1|           2|
    |xor_ln369_fu_282_p2                 |       xor|   0|  0|   2|           1|           2|
    +------------------------------------+----------+----+---+----+------------+------------+
    |Total                               |          |   0|  0| 366|         181|         115|
    +------------------------------------+----------+----+---+----+------------+------------+

    * Multiplexer: 
    +----------------------------------------+----+-----------+-----+-----------+
    |                  Name                  | LUT| Input Size| Bits| Total Bits|
    +----------------------------------------+----+-----------+-----+-----------+
    |ap_done_int                             |   9|          2|    1|          2|
    |ap_enable_reg_pp0_iter1                 |   9|          2|    1|          2|
    |ap_sig_allocacmp_indvar_flatten13_load  |   9|          2|   21|         42|
    |ap_sig_allocacmp_indvar_flatten_load    |   9|          2|   17|         34|
    |ap_sig_allocacmp_v158_load              |   9|          2|    6|         12|
    |ap_sig_allocacmp_v159_load              |   9|          2|    9|         18|
    |ap_sig_allocacmp_v160_load              |   9|          2|    8|         16|
    |indvar_flatten13_fu_90                  |   9|          2|   21|         42|
    |indvar_flatten_fu_82                    |   9|          2|   17|         34|
    |v158_fu_86                              |   9|          2|    6|         12|
    |v159_fu_78                              |   9|          2|    9|         18|
    |v160_fu_74                              |   9|          2|    8|         16|
    |v233_blk_n                              |   9|          2|    1|          2|
    |v234_blk_n                              |   9|          2|    1|          2|
    |v235_blk_n                              |   9|          2|    1|          2|
    +----------------------------------------+----+-----------+-----+-----------+
    |Total                                   | 135|         30|  127|        254|
    +----------------------------------------+----+-----------+-----+-----------+

    * Register: 
    +-----------------------------------+----+----+-----+-----------+
    |                Name               | FF | LUT| Bits| Const Bits|
    +-----------------------------------+----+----+-----+-----------+
    |ap_CS_fsm                          |   1|   0|    1|          0|
    |ap_done_reg                        |   1|   0|    1|          0|
    |ap_enable_reg_pp0_iter1            |   1|   0|    1|          0|
    |ap_enable_reg_pp0_iter10           |   1|   0|    1|          0|
    |ap_enable_reg_pp0_iter11           |   1|   0|    1|          0|
    |ap_enable_reg_pp0_iter12           |   1|   0|    1|          0|
    |ap_enable_reg_pp0_iter13           |   1|   0|    1|          0|
    |ap_enable_reg_pp0_iter14           |   1|   0|    1|          0|
    |ap_enable_reg_pp0_iter15           |   1|   0|    1|          0|
    |ap_enable_reg_pp0_iter16           |   1|   0|    1|          0|
    |ap_enable_reg_pp0_iter2            |   1|   0|    1|          0|
    |ap_enable_reg_pp0_iter3            |   1|   0|    1|          0|
    |ap_enable_reg_pp0_iter4            |   1|   0|    1|          0|
    |ap_enable_reg_pp0_iter5            |   1|   0|    1|          0|
    |ap_enable_reg_pp0_iter6            |   1|   0|    1|          0|
    |ap_enable_reg_pp0_iter7            |   1|   0|    1|          0|
    |ap_enable_reg_pp0_iter8            |   1|   0|    1|          0|
    |ap_enable_reg_pp0_iter9            |   1|   0|    1|          0|
    |ap_loop_exit_ready_pp0_iter10_reg  |   1|   0|    1|          0|
    |ap_loop_exit_ready_pp0_iter11_reg  |   1|   0|    1|          0|
    |ap_loop_exit_ready_pp0_iter12_reg  |   1|   0|    1|          0|
    |ap_loop_exit_ready_pp0_iter13_reg  |   1|   0|    1|          0|
    |ap_loop_exit_ready_pp0_iter14_reg  |   1|   0|    1|          0|
    |ap_loop_exit_ready_pp0_iter15_reg  |   1|   0|    1|          0|
    |ap_loop_exit_ready_pp0_iter1_reg   |   1|   0|    1|          0|
    |ap_loop_exit_ready_pp0_iter2_reg   |   1|   0|    1|          0|
    |ap_loop_exit_ready_pp0_iter3_reg   |   1|   0|    1|          0|
    |ap_loop_exit_ready_pp0_iter4_reg   |   1|   0|    1|          0|
    |ap_loop_exit_ready_pp0_iter5_reg   |   1|   0|    1|          0|
    |ap_loop_exit_ready_pp0_iter6_reg   |   1|   0|    1|          0|
    |ap_loop_exit_ready_pp0_iter7_reg   |   1|   0|    1|          0|
    |ap_loop_exit_ready_pp0_iter8_reg   |   1|   0|    1|          0|
    |ap_loop_exit_ready_pp0_iter9_reg   |   1|   0|    1|          0|
    |ap_loop_init_pp0_iter1_reg         |   1|   0|    1|          0|
    |cmp16_reg_490                      |   1|   0|    1|          0|
    |cmp16_reg_490_pp0_iter1_reg        |   1|   0|    1|          0|
    |cmp28_reg_506                      |   1|   0|    1|          0|
    |cmp43_reg_520                      |   1|   0|    1|          0|
    |empty_fu_94                        |  32|   0|   32|          0|
    |icmp_ln370_reg_478                 |   1|   0|    1|          0|
    |icmp_ln374_reg_511                 |   1|   0|    1|          0|
    |indvar_flatten13_fu_90             |  21|   0|   21|          0|
    |indvar_flatten_fu_82               |  17|   0|   17|          0|
    |select_ln370_reg_494               |   8|   0|    8|          0|
    |trunc_ln370_reg_485                |   5|   0|    5|          0|
    |trunc_ln370_reg_485_pp0_iter1_reg  |   5|   0|    5|          0|
    |trunc_ln387_reg_500                |   8|   0|    8|          0|
    |v155_addr_reg_524                  |  12|   0|   12|          0|
    |v156_addr_reg_530                  |  15|   0|   15|          0|
    |v158_fu_86                         |   6|   0|    6|          0|
    |v159_fu_78                         |   9|   0|    9|          0|
    |v160_fu_74                         |   8|   0|    8|          0|
    |v164_reg_535                       |  32|   0|   32|          0|
    |v165_reg_545                       |  32|   0|   32|          0|
    |v166_reg_550                       |  32|   0|   32|          0|
    |v167_reg_555                       |  32|   0|   32|          0|
    |v234_read_reg_515                  |  32|   0|   32|          0|
    |cmp28_reg_506                      |  64|  32|    1|          0|
    |cmp43_reg_520                      |  64|  32|    1|          0|
    |icmp_ln374_reg_511                 |  64|  32|    1|          0|
    |v155_addr_reg_524                  |  64|  32|   12|          0|
    +-----------------------------------+----+----+-----+-----------+
    |Total                              | 602| 128|  361|          0|
    +-----------------------------------+----+----+-----+-----------+



================================================================
== Interface
================================================================
* Summary: 
+---------------------+-----+-----+------------+--------------+--------------+
|      RTL Ports      | Dir | Bits|  Protocol  | Source Object|    C Type    |
+---------------------+-----+-----+------------+--------------+--------------+
|ap_clk               |   in|    1|  ap_ctrl_hs|        node14|  return value|
|ap_rst               |   in|    1|  ap_ctrl_hs|        node14|  return value|
|ap_start             |   in|    1|  ap_ctrl_hs|        node14|  return value|
|ap_done              |  out|    1|  ap_ctrl_hs|        node14|  return value|
|ap_continue          |   in|    1|  ap_ctrl_hs|        node14|  return value|
|ap_idle              |  out|    1|  ap_ctrl_hs|        node14|  return value|
|ap_ready             |  out|    1|  ap_ctrl_hs|        node14|  return value|
|v234_dout            |   in|   32|     ap_fifo|          v234|       pointer|
|v234_num_data_valid  |   in|   16|     ap_fifo|          v234|       pointer|
|v234_fifo_cap        |   in|   16|     ap_fifo|          v234|       pointer|
|v234_empty_n         |   in|    1|     ap_fifo|          v234|       pointer|
|v234_read            |  out|    1|     ap_fifo|          v234|       pointer|
|v235_dout            |   in|   32|     ap_fifo|          v235|       pointer|
|v235_num_data_valid  |   in|   14|     ap_fifo|          v235|       pointer|
|v235_fifo_cap        |   in|   14|     ap_fifo|          v235|       pointer|
|v235_empty_n         |   in|    1|     ap_fifo|          v235|       pointer|
|v235_read            |  out|    1|     ap_fifo|          v235|       pointer|
|v233_din             |  out|   32|     ap_fifo|          v233|       pointer|
|v233_num_data_valid  |   in|   13|     ap_fifo|          v233|       pointer|
|v233_fifo_cap        |   in|   13|     ap_fifo|          v233|       pointer|
|v233_full_n          |   in|    1|     ap_fifo|          v233|       pointer|
|v233_write           |  out|    1|     ap_fifo|          v233|       pointer|
+---------------------+-----+-----+------------+--------------+--------------+

