

================================================================
== Vitis HLS Report for 'node12'
================================================================
* Date:           Wed Oct  2 15:05:03 2024

* Version:        2023.2 (Build 4023990 on Oct 11 2023)
* Project:        hls_MultiHeadSelfAttention1
* Solution:       solution1 (Vivado IP Flow Target)
* Product family: virtexuplusHBM
* Target device:  xcu280-fsvh2892-2L-e


================================================================
== Performance Estimates
================================================================
+ Timing: 
    * Summary: 
    +--------+---------+----------+------------+
    |  Clock |  Target | Estimated| Uncertainty|
    +--------+---------+----------+------------+
    |ap_clk  |  3.33 ns|  2.322 ns|     0.90 ns|
    +--------+---------+----------+------------+

+ Latency: 
    * Summary: 
    +---------+---------+----------+----------+------+------+---------+
    |  Latency (cycles) |  Latency (absolute) |   Interval  | Pipeline|
    |   min   |   max   |    min   |    max   |  min |  max |   Type  |
    +---------+---------+----------+----------+------+------+---------+
    |     1031|     1031|  3.433 us|  3.433 us|  1031|  1031|       no|
    +---------+---------+----------+----------+------+------+---------+

    + Detail: 
        * Instance: 
        N/A

        * Loop: 
        +-----------------+---------+---------+----------+-----------+-----------+------+----------+
        |                 |  Latency (cycles) | Iteration|  Initiation Interval  | Trip |          |
        |    Loop Name    |   min   |   max   |  Latency |  achieved |   target  | Count| Pipelined|
        +-----------------+---------+---------+----------+-----------+-----------+------+----------+
        |- loop66_loop67  |     1029|     1029|         7|          1|          1|  1024|       yes|
        +-----------------+---------+---------+----------+-----------+-----------+------+----------+



================================================================
== Utilization Estimates
================================================================
* Summary: 
+---------------------+---------+------+---------+---------+-----+
|         Name        | BRAM_18K|  DSP |    FF   |   LUT   | URAM|
+---------------------+---------+------+---------+---------+-----+
|DSP                  |        -|     -|        -|        -|    -|
|Expression           |        -|     -|        0|       47|    -|
|FIFO                 |        -|     -|        -|        -|    -|
|Instance             |        -|    96|     4576|     2496|    -|
|Memory               |        -|     -|        -|        -|    -|
|Multiplexer          |        -|     -|        -|      909|    -|
|Register             |        -|     -|     2073|        -|    -|
+---------------------+---------+------+---------+---------+-----+
|Total                |        0|    96|     6649|     3452|    0|
+---------------------+---------+------+---------+---------+-----+
|Available SLR        |     1344|  3008|   869120|   434560|  320|
+---------------------+---------+------+---------+---------+-----+
|Utilization SLR (%)  |        0|     3|       ~0|       ~0|    0|
+---------------------+---------+------+---------+---------+-----+
|Available            |     4032|  9024|  2607360|  1303680|  960|
+---------------------+---------+------+---------+---------+-----+
|Utilization (%)      |        0|     1|       ~0|       ~0|    0|
+---------------------+---------+------+---------+---------+-----+

+ Detail: 
    * Instance: 
    +-------------------------------------+-------------------------------+---------+----+-----+----+-----+
    |               Instance              |             Module            | BRAM_18K| DSP|  FF | LUT| URAM|
    +-------------------------------------+-------------------------------+---------+----+-----+----+-----+
    |fmul_32ns_32ns_32_4_max_dsp_1_U1423  |fmul_32ns_32ns_32_4_max_dsp_1  |        0|   3|  143|  78|    0|
    |fmul_32ns_32ns_32_4_max_dsp_1_U1424  |fmul_32ns_32ns_32_4_max_dsp_1  |        0|   3|  143|  78|    0|
    |fmul_32ns_32ns_32_4_max_dsp_1_U1425  |fmul_32ns_32ns_32_4_max_dsp_1  |        0|   3|  143|  78|    0|
    |fmul_32ns_32ns_32_4_max_dsp_1_U1426  |fmul_32ns_32ns_32_4_max_dsp_1  |        0|   3|  143|  78|    0|
    |fmul_32ns_32ns_32_4_max_dsp_1_U1427  |fmul_32ns_32ns_32_4_max_dsp_1  |        0|   3|  143|  78|    0|
    |fmul_32ns_32ns_32_4_max_dsp_1_U1428  |fmul_32ns_32ns_32_4_max_dsp_1  |        0|   3|  143|  78|    0|
    |fmul_32ns_32ns_32_4_max_dsp_1_U1429  |fmul_32ns_32ns_32_4_max_dsp_1  |        0|   3|  143|  78|    0|
    |fmul_32ns_32ns_32_4_max_dsp_1_U1430  |fmul_32ns_32ns_32_4_max_dsp_1  |        0|   3|  143|  78|    0|
    |fmul_32ns_32ns_32_4_max_dsp_1_U1431  |fmul_32ns_32ns_32_4_max_dsp_1  |        0|   3|  143|  78|    0|
    |fmul_32ns_32ns_32_4_max_dsp_1_U1432  |fmul_32ns_32ns_32_4_max_dsp_1  |        0|   3|  143|  78|    0|
    |fmul_32ns_32ns_32_4_max_dsp_1_U1433  |fmul_32ns_32ns_32_4_max_dsp_1  |        0|   3|  143|  78|    0|
    |fmul_32ns_32ns_32_4_max_dsp_1_U1434  |fmul_32ns_32ns_32_4_max_dsp_1  |        0|   3|  143|  78|    0|
    |fmul_32ns_32ns_32_4_max_dsp_1_U1435  |fmul_32ns_32ns_32_4_max_dsp_1  |        0|   3|  143|  78|    0|
    |fmul_32ns_32ns_32_4_max_dsp_1_U1436  |fmul_32ns_32ns_32_4_max_dsp_1  |        0|   3|  143|  78|    0|
    |fmul_32ns_32ns_32_4_max_dsp_1_U1437  |fmul_32ns_32ns_32_4_max_dsp_1  |        0|   3|  143|  78|    0|
    |fmul_32ns_32ns_32_4_max_dsp_1_U1438  |fmul_32ns_32ns_32_4_max_dsp_1  |        0|   3|  143|  78|    0|
    |fmul_32ns_32ns_32_4_max_dsp_1_U1439  |fmul_32ns_32ns_32_4_max_dsp_1  |        0|   3|  143|  78|    0|
    |fmul_32ns_32ns_32_4_max_dsp_1_U1440  |fmul_32ns_32ns_32_4_max_dsp_1  |        0|   3|  143|  78|    0|
    |fmul_32ns_32ns_32_4_max_dsp_1_U1441  |fmul_32ns_32ns_32_4_max_dsp_1  |        0|   3|  143|  78|    0|
    |fmul_32ns_32ns_32_4_max_dsp_1_U1442  |fmul_32ns_32ns_32_4_max_dsp_1  |        0|   3|  143|  78|    0|
    |fmul_32ns_32ns_32_4_max_dsp_1_U1443  |fmul_32ns_32ns_32_4_max_dsp_1  |        0|   3|  143|  78|    0|
    |fmul_32ns_32ns_32_4_max_dsp_1_U1444  |fmul_32ns_32ns_32_4_max_dsp_1  |        0|   3|  143|  78|    0|
    |fmul_32ns_32ns_32_4_max_dsp_1_U1445  |fmul_32ns_32ns_32_4_max_dsp_1  |        0|   3|  143|  78|    0|
    |fmul_32ns_32ns_32_4_max_dsp_1_U1446  |fmul_32ns_32ns_32_4_max_dsp_1  |        0|   3|  143|  78|    0|
    |fmul_32ns_32ns_32_4_max_dsp_1_U1447  |fmul_32ns_32ns_32_4_max_dsp_1  |        0|   3|  143|  78|    0|
    |fmul_32ns_32ns_32_4_max_dsp_1_U1448  |fmul_32ns_32ns_32_4_max_dsp_1  |        0|   3|  143|  78|    0|
    |fmul_32ns_32ns_32_4_max_dsp_1_U1449  |fmul_32ns_32ns_32_4_max_dsp_1  |        0|   3|  143|  78|    0|
    |fmul_32ns_32ns_32_4_max_dsp_1_U1450  |fmul_32ns_32ns_32_4_max_dsp_1  |        0|   3|  143|  78|    0|
    |fmul_32ns_32ns_32_4_max_dsp_1_U1451  |fmul_32ns_32ns_32_4_max_dsp_1  |        0|   3|  143|  78|    0|
    |fmul_32ns_32ns_32_4_max_dsp_1_U1452  |fmul_32ns_32ns_32_4_max_dsp_1  |        0|   3|  143|  78|    0|
    |fmul_32ns_32ns_32_4_max_dsp_1_U1453  |fmul_32ns_32ns_32_4_max_dsp_1  |        0|   3|  143|  78|    0|
    |fmul_32ns_32ns_32_4_max_dsp_1_U1454  |fmul_32ns_32ns_32_4_max_dsp_1  |        0|   3|  143|  78|    0|
    +-------------------------------------+-------------------------------+---------+----+-----+----+-----+
    |Total                                |                               |        0|  96| 4576|2496|    0|
    +-------------------------------------+-------------------------------+---------+----+-----+----+-----+

    * DSP: 
    N/A

    * Memory: 
    N/A

    * FIFO: 
    N/A

    * Expression: 
    +----------------------------------+----------+----+---+----+------------+------------+
    |           Variable Name          | Operation| DSP| FF| LUT| Bitwidth P0| Bitwidth P1|
    +----------------------------------+----------+----+---+----+------------+------------+
    |add_ln447_fu_1044_p2              |         +|   0|  0|  18|          11|           1|
    |ap_condition_1264                 |       and|   0|  0|   2|           1|           1|
    |icmp_ln447_fu_1038_p2             |      icmp|   0|  0|  19|          11|          12|
    |ap_block_pp0_stage0_01001         |        or|   0|  0|   2|           1|           1|
    |ap_block_state2_pp0_stage0_iter1  |        or|   0|  0|   2|           1|           1|
    |ap_block_state7_pp0_stage0_iter6  |        or|   0|  0|   2|           1|           1|
    |ap_enable_pp0                     |       xor|   0|  0|   2|           1|           2|
    +----------------------------------+----------+----+---+----+------------+------------+
    |Total                             |          |   0|  0|  47|          27|          19|
    +----------------------------------+----------+----+---+----+------------+------------+

    * Multiplexer: 
    +--------------------------------------+----+-----------+-----+-----------+
    |                 Name                 | LUT| Input Size| Bits| Total Bits|
    +--------------------------------------+----+-----------+-----+-----------+
    |ap_done_int                           |   9|          2|    1|          2|
    |ap_enable_reg_pp0_iter1               |   9|          2|    1|          2|
    |ap_sig_allocacmp_indvar_flatten_load  |   9|          2|   11|         22|
    |indvar_flatten_fu_226                 |   9|          2|   11|         22|
    |real_start                            |   9|          2|    1|          2|
    |v349_0_0_0_blk_n                      |   9|          2|    1|          2|
    |v349_0_0_1_blk_n                      |   9|          2|    1|          2|
    |v349_0_1_0_blk_n                      |   9|          2|    1|          2|
    |v349_0_1_1_blk_n                      |   9|          2|    1|          2|
    |v349_1_0_0_blk_n                      |   9|          2|    1|          2|
    |v349_1_0_1_blk_n                      |   9|          2|    1|          2|
    |v349_1_1_0_blk_n                      |   9|          2|    1|          2|
    |v349_1_1_1_blk_n                      |   9|          2|    1|          2|
    |v349_2_0_0_blk_n                      |   9|          2|    1|          2|
    |v349_2_0_1_blk_n                      |   9|          2|    1|          2|
    |v349_2_1_0_blk_n                      |   9|          2|    1|          2|
    |v349_2_1_1_blk_n                      |   9|          2|    1|          2|
    |v349_3_0_0_blk_n                      |   9|          2|    1|          2|
    |v349_3_0_1_blk_n                      |   9|          2|    1|          2|
    |v349_3_1_0_blk_n                      |   9|          2|    1|          2|
    |v349_3_1_1_blk_n                      |   9|          2|    1|          2|
    |v349_4_0_0_blk_n                      |   9|          2|    1|          2|
    |v349_4_0_1_blk_n                      |   9|          2|    1|          2|
    |v349_4_1_0_blk_n                      |   9|          2|    1|          2|
    |v349_4_1_1_blk_n                      |   9|          2|    1|          2|
    |v349_5_0_0_blk_n                      |   9|          2|    1|          2|
    |v349_5_0_1_blk_n                      |   9|          2|    1|          2|
    |v349_5_1_0_blk_n                      |   9|          2|    1|          2|
    |v349_5_1_1_blk_n                      |   9|          2|    1|          2|
    |v349_6_0_0_blk_n                      |   9|          2|    1|          2|
    |v349_6_0_1_blk_n                      |   9|          2|    1|          2|
    |v349_6_1_0_blk_n                      |   9|          2|    1|          2|
    |v349_6_1_1_blk_n                      |   9|          2|    1|          2|
    |v349_7_0_0_blk_n                      |   9|          2|    1|          2|
    |v349_7_0_1_blk_n                      |   9|          2|    1|          2|
    |v349_7_1_0_blk_n                      |   9|          2|    1|          2|
    |v349_7_1_1_blk_n                      |   9|          2|    1|          2|
    |v350_0_0_0_blk_n                      |   9|          2|    1|          2|
    |v350_0_0_1_blk_n                      |   9|          2|    1|          2|
    |v350_0_1_0_blk_n                      |   9|          2|    1|          2|
    |v350_0_1_1_blk_n                      |   9|          2|    1|          2|
    |v350_1_0_0_blk_n                      |   9|          2|    1|          2|
    |v350_1_0_1_blk_n                      |   9|          2|    1|          2|
    |v350_1_1_0_blk_n                      |   9|          2|    1|          2|
    |v350_1_1_1_blk_n                      |   9|          2|    1|          2|
    |v350_2_0_0_blk_n                      |   9|          2|    1|          2|
    |v350_2_0_1_blk_n                      |   9|          2|    1|          2|
    |v350_2_1_0_blk_n                      |   9|          2|    1|          2|
    |v350_2_1_1_blk_n                      |   9|          2|    1|          2|
    |v350_3_0_0_blk_n                      |   9|          2|    1|          2|
    |v350_3_0_1_blk_n                      |   9|          2|    1|          2|
    |v350_3_1_0_blk_n                      |   9|          2|    1|          2|
    |v350_3_1_1_blk_n                      |   9|          2|    1|          2|
    |v350_4_0_0_blk_n                      |   9|          2|    1|          2|
    |v350_4_0_1_blk_n                      |   9|          2|    1|          2|
    |v350_4_1_0_blk_n                      |   9|          2|    1|          2|
    |v350_4_1_1_blk_n                      |   9|          2|    1|          2|
    |v350_5_0_0_blk_n                      |   9|          2|    1|          2|
    |v350_5_0_1_blk_n                      |   9|          2|    1|          2|
    |v350_5_1_0_blk_n                      |   9|          2|    1|          2|
    |v350_5_1_1_blk_n                      |   9|          2|    1|          2|
    |v350_6_0_0_blk_n                      |   9|          2|    1|          2|
    |v350_6_0_1_blk_n                      |   9|          2|    1|          2|
    |v350_6_1_0_blk_n                      |   9|          2|    1|          2|
    |v350_6_1_1_blk_n                      |   9|          2|    1|          2|
    |v350_7_0_0_blk_n                      |   9|          2|    1|          2|
    |v350_7_0_1_blk_n                      |   9|          2|    1|          2|
    |v350_7_1_0_blk_n                      |   9|          2|    1|          2|
    |v350_7_1_1_blk_n                      |   9|          2|    1|          2|
    |v351_0_0_0_blk_n                      |   9|          2|    1|          2|
    |v351_0_0_1_blk_n                      |   9|          2|    1|          2|
    |v351_0_1_0_blk_n                      |   9|          2|    1|          2|
    |v351_0_1_1_blk_n                      |   9|          2|    1|          2|
    |v351_1_0_0_blk_n                      |   9|          2|    1|          2|
    |v351_1_0_1_blk_n                      |   9|          2|    1|          2|
    |v351_1_1_0_blk_n                      |   9|          2|    1|          2|
    |v351_1_1_1_blk_n                      |   9|          2|    1|          2|
    |v351_2_0_0_blk_n                      |   9|          2|    1|          2|
    |v351_2_0_1_blk_n                      |   9|          2|    1|          2|
    |v351_2_1_0_blk_n                      |   9|          2|    1|          2|
    |v351_2_1_1_blk_n                      |   9|          2|    1|          2|
    |v351_3_0_0_blk_n                      |   9|          2|    1|          2|
    |v351_3_0_1_blk_n                      |   9|          2|    1|          2|
    |v351_3_1_0_blk_n                      |   9|          2|    1|          2|
    |v351_3_1_1_blk_n                      |   9|          2|    1|          2|
    |v351_4_0_0_blk_n                      |   9|          2|    1|          2|
    |v351_4_0_1_blk_n                      |   9|          2|    1|          2|
    |v351_4_1_0_blk_n                      |   9|          2|    1|          2|
    |v351_4_1_1_blk_n                      |   9|          2|    1|          2|
    |v351_5_0_0_blk_n                      |   9|          2|    1|          2|
    |v351_5_0_1_blk_n                      |   9|          2|    1|          2|
    |v351_5_1_0_blk_n                      |   9|          2|    1|          2|
    |v351_5_1_1_blk_n                      |   9|          2|    1|          2|
    |v351_6_0_0_blk_n                      |   9|          2|    1|          2|
    |v351_6_0_1_blk_n                      |   9|          2|    1|          2|
    |v351_6_1_0_blk_n                      |   9|          2|    1|          2|
    |v351_6_1_1_blk_n                      |   9|          2|    1|          2|
    |v351_7_0_0_blk_n                      |   9|          2|    1|          2|
    |v351_7_0_1_blk_n                      |   9|          2|    1|          2|
    |v351_7_1_0_blk_n                      |   9|          2|    1|          2|
    |v351_7_1_1_blk_n                      |   9|          2|    1|          2|
    +--------------------------------------+----+-----------+-----+-----------+
    |Total                                 | 909|        202|  121|        242|
    +--------------------------------------+----+-----------+-----+-----------+

    * Register: 
    +----------------------------------+----+----+-----+-----------+
    |               Name               | FF | LUT| Bits| Const Bits|
    +----------------------------------+----+----+-----+-----------+
    |ap_CS_fsm                         |   1|   0|    1|          0|
    |ap_done_reg                       |   1|   0|    1|          0|
    |ap_enable_reg_pp0_iter1           |   1|   0|    1|          0|
    |ap_enable_reg_pp0_iter2           |   1|   0|    1|          0|
    |ap_enable_reg_pp0_iter3           |   1|   0|    1|          0|
    |ap_enable_reg_pp0_iter4           |   1|   0|    1|          0|
    |ap_enable_reg_pp0_iter5           |   1|   0|    1|          0|
    |ap_enable_reg_pp0_iter6           |   1|   0|    1|          0|
    |ap_loop_exit_ready_pp0_iter1_reg  |   1|   0|    1|          0|
    |ap_loop_exit_ready_pp0_iter2_reg  |   1|   0|    1|          0|
    |ap_loop_exit_ready_pp0_iter3_reg  |   1|   0|    1|          0|
    |ap_loop_exit_ready_pp0_iter4_reg  |   1|   0|    1|          0|
    |ap_loop_exit_ready_pp0_iter5_reg  |   1|   0|    1|          0|
    |indvar_flatten_fu_226             |  11|   0|   11|          0|
    |start_once_reg                    |   1|   0|    1|          0|
    |v162_10_reg_1724                  |  32|   0|   32|          0|
    |v162_11_reg_1729                  |  32|   0|   32|          0|
    |v162_12_reg_1734                  |  32|   0|   32|          0|
    |v162_13_reg_1739                  |  32|   0|   32|          0|
    |v162_14_reg_1744                  |  32|   0|   32|          0|
    |v162_15_reg_1749                  |  32|   0|   32|          0|
    |v162_16_reg_1754                  |  32|   0|   32|          0|
    |v162_17_reg_1759                  |  32|   0|   32|          0|
    |v162_18_reg_1764                  |  32|   0|   32|          0|
    |v162_19_reg_1769                  |  32|   0|   32|          0|
    |v162_1_reg_1679                   |  32|   0|   32|          0|
    |v162_20_reg_1774                  |  32|   0|   32|          0|
    |v162_21_reg_1779                  |  32|   0|   32|          0|
    |v162_22_reg_1784                  |  32|   0|   32|          0|
    |v162_23_reg_1789                  |  32|   0|   32|          0|
    |v162_24_reg_1794                  |  32|   0|   32|          0|
    |v162_25_reg_1799                  |  32|   0|   32|          0|
    |v162_26_reg_1804                  |  32|   0|   32|          0|
    |v162_27_reg_1809                  |  32|   0|   32|          0|
    |v162_28_reg_1814                  |  32|   0|   32|          0|
    |v162_29_reg_1819                  |  32|   0|   32|          0|
    |v162_2_reg_1684                   |  32|   0|   32|          0|
    |v162_30_reg_1824                  |  32|   0|   32|          0|
    |v162_31_reg_1829                  |  32|   0|   32|          0|
    |v162_3_reg_1689                   |  32|   0|   32|          0|
    |v162_4_reg_1694                   |  32|   0|   32|          0|
    |v162_5_reg_1699                   |  32|   0|   32|          0|
    |v162_6_reg_1704                   |  32|   0|   32|          0|
    |v162_7_reg_1709                   |  32|   0|   32|          0|
    |v162_8_reg_1714                   |  32|   0|   32|          0|
    |v162_9_reg_1719                   |  32|   0|   32|          0|
    |v162_reg_1674                     |  32|   0|   32|          0|
    |v351_0_0_0_read_reg_1354          |  32|   0|   32|          0|
    |v351_0_0_1_read_reg_1394          |  32|   0|   32|          0|
    |v351_0_1_0_read_reg_1434          |  32|   0|   32|          0|
    |v351_0_1_1_read_reg_1474          |  32|   0|   32|          0|
    |v351_1_0_0_read_reg_1359          |  32|   0|   32|          0|
    |v351_1_0_1_read_reg_1399          |  32|   0|   32|          0|
    |v351_1_1_0_read_reg_1439          |  32|   0|   32|          0|
    |v351_1_1_1_read_reg_1479          |  32|   0|   32|          0|
    |v351_2_0_0_read_reg_1364          |  32|   0|   32|          0|
    |v351_2_0_1_read_reg_1404          |  32|   0|   32|          0|
    |v351_2_1_0_read_reg_1444          |  32|   0|   32|          0|
    |v351_2_1_1_read_reg_1484          |  32|   0|   32|          0|
    |v351_3_0_0_read_reg_1369          |  32|   0|   32|          0|
    |v351_3_0_1_read_reg_1409          |  32|   0|   32|          0|
    |v351_3_1_0_read_reg_1449          |  32|   0|   32|          0|
    |v351_3_1_1_read_reg_1489          |  32|   0|   32|          0|
    |v351_4_0_0_read_reg_1374          |  32|   0|   32|          0|
    |v351_4_0_1_read_reg_1414          |  32|   0|   32|          0|
    |v351_4_1_0_read_reg_1454          |  32|   0|   32|          0|
    |v351_4_1_1_read_reg_1494          |  32|   0|   32|          0|
    |v351_5_0_0_read_reg_1379          |  32|   0|   32|          0|
    |v351_5_0_1_read_reg_1419          |  32|   0|   32|          0|
    |v351_5_1_0_read_reg_1459          |  32|   0|   32|          0|
    |v351_5_1_1_read_reg_1499          |  32|   0|   32|          0|
    |v351_6_0_0_read_reg_1384          |  32|   0|   32|          0|
    |v351_6_0_1_read_reg_1424          |  32|   0|   32|          0|
    |v351_6_1_0_read_reg_1464          |  32|   0|   32|          0|
    |v351_6_1_1_read_reg_1504          |  32|   0|   32|          0|
    |v351_7_0_0_read_reg_1389          |  32|   0|   32|          0|
    |v351_7_0_1_read_reg_1429          |  32|   0|   32|          0|
    |v351_7_1_0_read_reg_1469          |  32|   0|   32|          0|
    |v351_7_1_1_read_reg_1509          |  32|   0|   32|          0|
    +----------------------------------+----+----+-----+-----------+
    |Total                             |2073|   0| 2073|          0|
    +----------------------------------+----+----+-----+-----------+



================================================================
== Interface
================================================================
* Summary: 
+---------------------------+-----+-----+------------+--------------+--------------+
|         RTL Ports         | Dir | Bits|  Protocol  | Source Object|    C Type    |
+---------------------------+-----+-----+------------+--------------+--------------+
|ap_clk                     |   in|    1|  ap_ctrl_hs|        node12|  return value|
|ap_rst                     |   in|    1|  ap_ctrl_hs|        node12|  return value|
|ap_start                   |   in|    1|  ap_ctrl_hs|        node12|  return value|
|start_full_n               |   in|    1|  ap_ctrl_hs|        node12|  return value|
|ap_done                    |  out|    1|  ap_ctrl_hs|        node12|  return value|
|ap_continue                |   in|    1|  ap_ctrl_hs|        node12|  return value|
|ap_idle                    |  out|    1|  ap_ctrl_hs|        node12|  return value|
|ap_ready                   |  out|    1|  ap_ctrl_hs|        node12|  return value|
|start_out                  |  out|    1|  ap_ctrl_hs|        node12|  return value|
|start_write                |  out|    1|  ap_ctrl_hs|        node12|  return value|
|v351_0_0_0_dout            |   in|   32|     ap_fifo|    v351_0_0_0|       pointer|
|v351_0_0_0_num_data_valid  |   in|   11|     ap_fifo|    v351_0_0_0|       pointer|
|v351_0_0_0_fifo_cap        |   in|   11|     ap_fifo|    v351_0_0_0|       pointer|
|v351_0_0_0_empty_n         |   in|    1|     ap_fifo|    v351_0_0_0|       pointer|
|v351_0_0_0_read            |  out|    1|     ap_fifo|    v351_0_0_0|       pointer|
|v351_1_0_0_dout            |   in|   32|     ap_fifo|    v351_1_0_0|       pointer|
|v351_1_0_0_num_data_valid  |   in|   11|     ap_fifo|    v351_1_0_0|       pointer|
|v351_1_0_0_fifo_cap        |   in|   11|     ap_fifo|    v351_1_0_0|       pointer|
|v351_1_0_0_empty_n         |   in|    1|     ap_fifo|    v351_1_0_0|       pointer|
|v351_1_0_0_read            |  out|    1|     ap_fifo|    v351_1_0_0|       pointer|
|v351_2_0_0_dout            |   in|   32|     ap_fifo|    v351_2_0_0|       pointer|
|v351_2_0_0_num_data_valid  |   in|   11|     ap_fifo|    v351_2_0_0|       pointer|
|v351_2_0_0_fifo_cap        |   in|   11|     ap_fifo|    v351_2_0_0|       pointer|
|v351_2_0_0_empty_n         |   in|    1|     ap_fifo|    v351_2_0_0|       pointer|
|v351_2_0_0_read            |  out|    1|     ap_fifo|    v351_2_0_0|       pointer|
|v351_3_0_0_dout            |   in|   32|     ap_fifo|    v351_3_0_0|       pointer|
|v351_3_0_0_num_data_valid  |   in|   11|     ap_fifo|    v351_3_0_0|       pointer|
|v351_3_0_0_fifo_cap        |   in|   11|     ap_fifo|    v351_3_0_0|       pointer|
|v351_3_0_0_empty_n         |   in|    1|     ap_fifo|    v351_3_0_0|       pointer|
|v351_3_0_0_read            |  out|    1|     ap_fifo|    v351_3_0_0|       pointer|
|v351_4_0_0_dout            |   in|   32|     ap_fifo|    v351_4_0_0|       pointer|
|v351_4_0_0_num_data_valid  |   in|   11|     ap_fifo|    v351_4_0_0|       pointer|
|v351_4_0_0_fifo_cap        |   in|   11|     ap_fifo|    v351_4_0_0|       pointer|
|v351_4_0_0_empty_n         |   in|    1|     ap_fifo|    v351_4_0_0|       pointer|
|v351_4_0_0_read            |  out|    1|     ap_fifo|    v351_4_0_0|       pointer|
|v351_5_0_0_dout            |   in|   32|     ap_fifo|    v351_5_0_0|       pointer|
|v351_5_0_0_num_data_valid  |   in|   11|     ap_fifo|    v351_5_0_0|       pointer|
|v351_5_0_0_fifo_cap        |   in|   11|     ap_fifo|    v351_5_0_0|       pointer|
|v351_5_0_0_empty_n         |   in|    1|     ap_fifo|    v351_5_0_0|       pointer|
|v351_5_0_0_read            |  out|    1|     ap_fifo|    v351_5_0_0|       pointer|
|v351_6_0_0_dout            |   in|   32|     ap_fifo|    v351_6_0_0|       pointer|
|v351_6_0_0_num_data_valid  |   in|   11|     ap_fifo|    v351_6_0_0|       pointer|
|v351_6_0_0_fifo_cap        |   in|   11|     ap_fifo|    v351_6_0_0|       pointer|
|v351_6_0_0_empty_n         |   in|    1|     ap_fifo|    v351_6_0_0|       pointer|
|v351_6_0_0_read            |  out|    1|     ap_fifo|    v351_6_0_0|       pointer|
|v351_7_0_0_dout            |   in|   32|     ap_fifo|    v351_7_0_0|       pointer|
|v351_7_0_0_num_data_valid  |   in|   11|     ap_fifo|    v351_7_0_0|       pointer|
|v351_7_0_0_fifo_cap        |   in|   11|     ap_fifo|    v351_7_0_0|       pointer|
|v351_7_0_0_empty_n         |   in|    1|     ap_fifo|    v351_7_0_0|       pointer|
|v351_7_0_0_read            |  out|    1|     ap_fifo|    v351_7_0_0|       pointer|
|v351_0_0_1_dout            |   in|   32|     ap_fifo|    v351_0_0_1|       pointer|
|v351_0_0_1_num_data_valid  |   in|   11|     ap_fifo|    v351_0_0_1|       pointer|
|v351_0_0_1_fifo_cap        |   in|   11|     ap_fifo|    v351_0_0_1|       pointer|
|v351_0_0_1_empty_n         |   in|    1|     ap_fifo|    v351_0_0_1|       pointer|
|v351_0_0_1_read            |  out|    1|     ap_fifo|    v351_0_0_1|       pointer|
|v351_1_0_1_dout            |   in|   32|     ap_fifo|    v351_1_0_1|       pointer|
|v351_1_0_1_num_data_valid  |   in|   11|     ap_fifo|    v351_1_0_1|       pointer|
|v351_1_0_1_fifo_cap        |   in|   11|     ap_fifo|    v351_1_0_1|       pointer|
|v351_1_0_1_empty_n         |   in|    1|     ap_fifo|    v351_1_0_1|       pointer|
|v351_1_0_1_read            |  out|    1|     ap_fifo|    v351_1_0_1|       pointer|
|v351_2_0_1_dout            |   in|   32|     ap_fifo|    v351_2_0_1|       pointer|
|v351_2_0_1_num_data_valid  |   in|   11|     ap_fifo|    v351_2_0_1|       pointer|
|v351_2_0_1_fifo_cap        |   in|   11|     ap_fifo|    v351_2_0_1|       pointer|
|v351_2_0_1_empty_n         |   in|    1|     ap_fifo|    v351_2_0_1|       pointer|
|v351_2_0_1_read            |  out|    1|     ap_fifo|    v351_2_0_1|       pointer|
|v351_3_0_1_dout            |   in|   32|     ap_fifo|    v351_3_0_1|       pointer|
|v351_3_0_1_num_data_valid  |   in|   11|     ap_fifo|    v351_3_0_1|       pointer|
|v351_3_0_1_fifo_cap        |   in|   11|     ap_fifo|    v351_3_0_1|       pointer|
|v351_3_0_1_empty_n         |   in|    1|     ap_fifo|    v351_3_0_1|       pointer|
|v351_3_0_1_read            |  out|    1|     ap_fifo|    v351_3_0_1|       pointer|
|v351_4_0_1_dout            |   in|   32|     ap_fifo|    v351_4_0_1|       pointer|
|v351_4_0_1_num_data_valid  |   in|   11|     ap_fifo|    v351_4_0_1|       pointer|
|v351_4_0_1_fifo_cap        |   in|   11|     ap_fifo|    v351_4_0_1|       pointer|
|v351_4_0_1_empty_n         |   in|    1|     ap_fifo|    v351_4_0_1|       pointer|
|v351_4_0_1_read            |  out|    1|     ap_fifo|    v351_4_0_1|       pointer|
|v351_5_0_1_dout            |   in|   32|     ap_fifo|    v351_5_0_1|       pointer|
|v351_5_0_1_num_data_valid  |   in|   11|     ap_fifo|    v351_5_0_1|       pointer|
|v351_5_0_1_fifo_cap        |   in|   11|     ap_fifo|    v351_5_0_1|       pointer|
|v351_5_0_1_empty_n         |   in|    1|     ap_fifo|    v351_5_0_1|       pointer|
|v351_5_0_1_read            |  out|    1|     ap_fifo|    v351_5_0_1|       pointer|
|v351_6_0_1_dout            |   in|   32|     ap_fifo|    v351_6_0_1|       pointer|
|v351_6_0_1_num_data_valid  |   in|   11|     ap_fifo|    v351_6_0_1|       pointer|
|v351_6_0_1_fifo_cap        |   in|   11|     ap_fifo|    v351_6_0_1|       pointer|
|v351_6_0_1_empty_n         |   in|    1|     ap_fifo|    v351_6_0_1|       pointer|
|v351_6_0_1_read            |  out|    1|     ap_fifo|    v351_6_0_1|       pointer|
|v351_7_0_1_dout            |   in|   32|     ap_fifo|    v351_7_0_1|       pointer|
|v351_7_0_1_num_data_valid  |   in|   11|     ap_fifo|    v351_7_0_1|       pointer|
|v351_7_0_1_fifo_cap        |   in|   11|     ap_fifo|    v351_7_0_1|       pointer|
|v351_7_0_1_empty_n         |   in|    1|     ap_fifo|    v351_7_0_1|       pointer|
|v351_7_0_1_read            |  out|    1|     ap_fifo|    v351_7_0_1|       pointer|
|v351_0_1_0_dout            |   in|   32|     ap_fifo|    v351_0_1_0|       pointer|
|v351_0_1_0_num_data_valid  |   in|   11|     ap_fifo|    v351_0_1_0|       pointer|
|v351_0_1_0_fifo_cap        |   in|   11|     ap_fifo|    v351_0_1_0|       pointer|
|v351_0_1_0_empty_n         |   in|    1|     ap_fifo|    v351_0_1_0|       pointer|
|v351_0_1_0_read            |  out|    1|     ap_fifo|    v351_0_1_0|       pointer|
|v351_1_1_0_dout            |   in|   32|     ap_fifo|    v351_1_1_0|       pointer|
|v351_1_1_0_num_data_valid  |   in|   11|     ap_fifo|    v351_1_1_0|       pointer|
|v351_1_1_0_fifo_cap        |   in|   11|     ap_fifo|    v351_1_1_0|       pointer|
|v351_1_1_0_empty_n         |   in|    1|     ap_fifo|    v351_1_1_0|       pointer|
|v351_1_1_0_read            |  out|    1|     ap_fifo|    v351_1_1_0|       pointer|
|v351_2_1_0_dout            |   in|   32|     ap_fifo|    v351_2_1_0|       pointer|
|v351_2_1_0_num_data_valid  |   in|   11|     ap_fifo|    v351_2_1_0|       pointer|
|v351_2_1_0_fifo_cap        |   in|   11|     ap_fifo|    v351_2_1_0|       pointer|
|v351_2_1_0_empty_n         |   in|    1|     ap_fifo|    v351_2_1_0|       pointer|
|v351_2_1_0_read            |  out|    1|     ap_fifo|    v351_2_1_0|       pointer|
|v351_3_1_0_dout            |   in|   32|     ap_fifo|    v351_3_1_0|       pointer|
|v351_3_1_0_num_data_valid  |   in|   11|     ap_fifo|    v351_3_1_0|       pointer|
|v351_3_1_0_fifo_cap        |   in|   11|     ap_fifo|    v351_3_1_0|       pointer|
|v351_3_1_0_empty_n         |   in|    1|     ap_fifo|    v351_3_1_0|       pointer|
|v351_3_1_0_read            |  out|    1|     ap_fifo|    v351_3_1_0|       pointer|
|v351_4_1_0_dout            |   in|   32|     ap_fifo|    v351_4_1_0|       pointer|
|v351_4_1_0_num_data_valid  |   in|   11|     ap_fifo|    v351_4_1_0|       pointer|
|v351_4_1_0_fifo_cap        |   in|   11|     ap_fifo|    v351_4_1_0|       pointer|
|v351_4_1_0_empty_n         |   in|    1|     ap_fifo|    v351_4_1_0|       pointer|
|v351_4_1_0_read            |  out|    1|     ap_fifo|    v351_4_1_0|       pointer|
|v351_5_1_0_dout            |   in|   32|     ap_fifo|    v351_5_1_0|       pointer|
|v351_5_1_0_num_data_valid  |   in|   11|     ap_fifo|    v351_5_1_0|       pointer|
|v351_5_1_0_fifo_cap        |   in|   11|     ap_fifo|    v351_5_1_0|       pointer|
|v351_5_1_0_empty_n         |   in|    1|     ap_fifo|    v351_5_1_0|       pointer|
|v351_5_1_0_read            |  out|    1|     ap_fifo|    v351_5_1_0|       pointer|
|v351_6_1_0_dout            |   in|   32|     ap_fifo|    v351_6_1_0|       pointer|
|v351_6_1_0_num_data_valid  |   in|   11|     ap_fifo|    v351_6_1_0|       pointer|
|v351_6_1_0_fifo_cap        |   in|   11|     ap_fifo|    v351_6_1_0|       pointer|
|v351_6_1_0_empty_n         |   in|    1|     ap_fifo|    v351_6_1_0|       pointer|
|v351_6_1_0_read            |  out|    1|     ap_fifo|    v351_6_1_0|       pointer|
|v351_7_1_0_dout            |   in|   32|     ap_fifo|    v351_7_1_0|       pointer|
|v351_7_1_0_num_data_valid  |   in|   11|     ap_fifo|    v351_7_1_0|       pointer|
|v351_7_1_0_fifo_cap        |   in|   11|     ap_fifo|    v351_7_1_0|       pointer|
|v351_7_1_0_empty_n         |   in|    1|     ap_fifo|    v351_7_1_0|       pointer|
|v351_7_1_0_read            |  out|    1|     ap_fifo|    v351_7_1_0|       pointer|
|v351_0_1_1_dout            |   in|   32|     ap_fifo|    v351_0_1_1|       pointer|
|v351_0_1_1_num_data_valid  |   in|   11|     ap_fifo|    v351_0_1_1|       pointer|
|v351_0_1_1_fifo_cap        |   in|   11|     ap_fifo|    v351_0_1_1|       pointer|
|v351_0_1_1_empty_n         |   in|    1|     ap_fifo|    v351_0_1_1|       pointer|
|v351_0_1_1_read            |  out|    1|     ap_fifo|    v351_0_1_1|       pointer|
|v351_1_1_1_dout            |   in|   32|     ap_fifo|    v351_1_1_1|       pointer|
|v351_1_1_1_num_data_valid  |   in|   11|     ap_fifo|    v351_1_1_1|       pointer|
|v351_1_1_1_fifo_cap        |   in|   11|     ap_fifo|    v351_1_1_1|       pointer|
|v351_1_1_1_empty_n         |   in|    1|     ap_fifo|    v351_1_1_1|       pointer|
|v351_1_1_1_read            |  out|    1|     ap_fifo|    v351_1_1_1|       pointer|
|v351_2_1_1_dout            |   in|   32|     ap_fifo|    v351_2_1_1|       pointer|
|v351_2_1_1_num_data_valid  |   in|   11|     ap_fifo|    v351_2_1_1|       pointer|
|v351_2_1_1_fifo_cap        |   in|   11|     ap_fifo|    v351_2_1_1|       pointer|
|v351_2_1_1_empty_n         |   in|    1|     ap_fifo|    v351_2_1_1|       pointer|
|v351_2_1_1_read            |  out|    1|     ap_fifo|    v351_2_1_1|       pointer|
|v351_3_1_1_dout            |   in|   32|     ap_fifo|    v351_3_1_1|       pointer|
|v351_3_1_1_num_data_valid  |   in|   11|     ap_fifo|    v351_3_1_1|       pointer|
|v351_3_1_1_fifo_cap        |   in|   11|     ap_fifo|    v351_3_1_1|       pointer|
|v351_3_1_1_empty_n         |   in|    1|     ap_fifo|    v351_3_1_1|       pointer|
|v351_3_1_1_read            |  out|    1|     ap_fifo|    v351_3_1_1|       pointer|
|v351_4_1_1_dout            |   in|   32|     ap_fifo|    v351_4_1_1|       pointer|
|v351_4_1_1_num_data_valid  |   in|   11|     ap_fifo|    v351_4_1_1|       pointer|
|v351_4_1_1_fifo_cap        |   in|   11|     ap_fifo|    v351_4_1_1|       pointer|
|v351_4_1_1_empty_n         |   in|    1|     ap_fifo|    v351_4_1_1|       pointer|
|v351_4_1_1_read            |  out|    1|     ap_fifo|    v351_4_1_1|       pointer|
|v351_5_1_1_dout            |   in|   32|     ap_fifo|    v351_5_1_1|       pointer|
|v351_5_1_1_num_data_valid  |   in|   11|     ap_fifo|    v351_5_1_1|       pointer|
|v351_5_1_1_fifo_cap        |   in|   11|     ap_fifo|    v351_5_1_1|       pointer|
|v351_5_1_1_empty_n         |   in|    1|     ap_fifo|    v351_5_1_1|       pointer|
|v351_5_1_1_read            |  out|    1|     ap_fifo|    v351_5_1_1|       pointer|
|v351_6_1_1_dout            |   in|   32|     ap_fifo|    v351_6_1_1|       pointer|
|v351_6_1_1_num_data_valid  |   in|   11|     ap_fifo|    v351_6_1_1|       pointer|
|v351_6_1_1_fifo_cap        |   in|   11|     ap_fifo|    v351_6_1_1|       pointer|
|v351_6_1_1_empty_n         |   in|    1|     ap_fifo|    v351_6_1_1|       pointer|
|v351_6_1_1_read            |  out|    1|     ap_fifo|    v351_6_1_1|       pointer|
|v351_7_1_1_dout            |   in|   32|     ap_fifo|    v351_7_1_1|       pointer|
|v351_7_1_1_num_data_valid  |   in|   11|     ap_fifo|    v351_7_1_1|       pointer|
|v351_7_1_1_fifo_cap        |   in|   11|     ap_fifo|    v351_7_1_1|       pointer|
|v351_7_1_1_empty_n         |   in|    1|     ap_fifo|    v351_7_1_1|       pointer|
|v351_7_1_1_read            |  out|    1|     ap_fifo|    v351_7_1_1|       pointer|
|v350_0_0_0_din             |  out|   32|     ap_fifo|    v350_0_0_0|       pointer|
|v350_0_0_0_num_data_valid  |   in|   11|     ap_fifo|    v350_0_0_0|       pointer|
|v350_0_0_0_fifo_cap        |   in|   11|     ap_fifo|    v350_0_0_0|       pointer|
|v350_0_0_0_full_n          |   in|    1|     ap_fifo|    v350_0_0_0|       pointer|
|v350_0_0_0_write           |  out|    1|     ap_fifo|    v350_0_0_0|       pointer|
|v349_0_0_0_din             |  out|   32|     ap_fifo|    v349_0_0_0|       pointer|
|v349_0_0_0_num_data_valid  |   in|   11|     ap_fifo|    v349_0_0_0|       pointer|
|v349_0_0_0_fifo_cap        |   in|   11|     ap_fifo|    v349_0_0_0|       pointer|
|v349_0_0_0_full_n          |   in|    1|     ap_fifo|    v349_0_0_0|       pointer|
|v349_0_0_0_write           |  out|    1|     ap_fifo|    v349_0_0_0|       pointer|
|v350_1_0_0_din             |  out|   32|     ap_fifo|    v350_1_0_0|       pointer|
|v350_1_0_0_num_data_valid  |   in|   11|     ap_fifo|    v350_1_0_0|       pointer|
|v350_1_0_0_fifo_cap        |   in|   11|     ap_fifo|    v350_1_0_0|       pointer|
|v350_1_0_0_full_n          |   in|    1|     ap_fifo|    v350_1_0_0|       pointer|
|v350_1_0_0_write           |  out|    1|     ap_fifo|    v350_1_0_0|       pointer|
|v349_1_0_0_din             |  out|   32|     ap_fifo|    v349_1_0_0|       pointer|
|v349_1_0_0_num_data_valid  |   in|   11|     ap_fifo|    v349_1_0_0|       pointer|
|v349_1_0_0_fifo_cap        |   in|   11|     ap_fifo|    v349_1_0_0|       pointer|
|v349_1_0_0_full_n          |   in|    1|     ap_fifo|    v349_1_0_0|       pointer|
|v349_1_0_0_write           |  out|    1|     ap_fifo|    v349_1_0_0|       pointer|
|v350_2_0_0_din             |  out|   32|     ap_fifo|    v350_2_0_0|       pointer|
|v350_2_0_0_num_data_valid  |   in|   11|     ap_fifo|    v350_2_0_0|       pointer|
|v350_2_0_0_fifo_cap        |   in|   11|     ap_fifo|    v350_2_0_0|       pointer|
|v350_2_0_0_full_n          |   in|    1|     ap_fifo|    v350_2_0_0|       pointer|
|v350_2_0_0_write           |  out|    1|     ap_fifo|    v350_2_0_0|       pointer|
|v349_2_0_0_din             |  out|   32|     ap_fifo|    v349_2_0_0|       pointer|
|v349_2_0_0_num_data_valid  |   in|   11|     ap_fifo|    v349_2_0_0|       pointer|
|v349_2_0_0_fifo_cap        |   in|   11|     ap_fifo|    v349_2_0_0|       pointer|
|v349_2_0_0_full_n          |   in|    1|     ap_fifo|    v349_2_0_0|       pointer|
|v349_2_0_0_write           |  out|    1|     ap_fifo|    v349_2_0_0|       pointer|
|v350_3_0_0_din             |  out|   32|     ap_fifo|    v350_3_0_0|       pointer|
|v350_3_0_0_num_data_valid  |   in|   11|     ap_fifo|    v350_3_0_0|       pointer|
|v350_3_0_0_fifo_cap        |   in|   11|     ap_fifo|    v350_3_0_0|       pointer|
|v350_3_0_0_full_n          |   in|    1|     ap_fifo|    v350_3_0_0|       pointer|
|v350_3_0_0_write           |  out|    1|     ap_fifo|    v350_3_0_0|       pointer|
|v349_3_0_0_din             |  out|   32|     ap_fifo|    v349_3_0_0|       pointer|
|v349_3_0_0_num_data_valid  |   in|   11|     ap_fifo|    v349_3_0_0|       pointer|
|v349_3_0_0_fifo_cap        |   in|   11|     ap_fifo|    v349_3_0_0|       pointer|
|v349_3_0_0_full_n          |   in|    1|     ap_fifo|    v349_3_0_0|       pointer|
|v349_3_0_0_write           |  out|    1|     ap_fifo|    v349_3_0_0|       pointer|
|v350_4_0_0_din             |  out|   32|     ap_fifo|    v350_4_0_0|       pointer|
|v350_4_0_0_num_data_valid  |   in|   11|     ap_fifo|    v350_4_0_0|       pointer|
|v350_4_0_0_fifo_cap        |   in|   11|     ap_fifo|    v350_4_0_0|       pointer|
|v350_4_0_0_full_n          |   in|    1|     ap_fifo|    v350_4_0_0|       pointer|
|v350_4_0_0_write           |  out|    1|     ap_fifo|    v350_4_0_0|       pointer|
|v349_4_0_0_din             |  out|   32|     ap_fifo|    v349_4_0_0|       pointer|
|v349_4_0_0_num_data_valid  |   in|   11|     ap_fifo|    v349_4_0_0|       pointer|
|v349_4_0_0_fifo_cap        |   in|   11|     ap_fifo|    v349_4_0_0|       pointer|
|v349_4_0_0_full_n          |   in|    1|     ap_fifo|    v349_4_0_0|       pointer|
|v349_4_0_0_write           |  out|    1|     ap_fifo|    v349_4_0_0|       pointer|
|v350_5_0_0_din             |  out|   32|     ap_fifo|    v350_5_0_0|       pointer|
|v350_5_0_0_num_data_valid  |   in|   11|     ap_fifo|    v350_5_0_0|       pointer|
|v350_5_0_0_fifo_cap        |   in|   11|     ap_fifo|    v350_5_0_0|       pointer|
|v350_5_0_0_full_n          |   in|    1|     ap_fifo|    v350_5_0_0|       pointer|
|v350_5_0_0_write           |  out|    1|     ap_fifo|    v350_5_0_0|       pointer|
|v349_5_0_0_din             |  out|   32|     ap_fifo|    v349_5_0_0|       pointer|
|v349_5_0_0_num_data_valid  |   in|   11|     ap_fifo|    v349_5_0_0|       pointer|
|v349_5_0_0_fifo_cap        |   in|   11|     ap_fifo|    v349_5_0_0|       pointer|
|v349_5_0_0_full_n          |   in|    1|     ap_fifo|    v349_5_0_0|       pointer|
|v349_5_0_0_write           |  out|    1|     ap_fifo|    v349_5_0_0|       pointer|
|v350_6_0_0_din             |  out|   32|     ap_fifo|    v350_6_0_0|       pointer|
|v350_6_0_0_num_data_valid  |   in|   11|     ap_fifo|    v350_6_0_0|       pointer|
|v350_6_0_0_fifo_cap        |   in|   11|     ap_fifo|    v350_6_0_0|       pointer|
|v350_6_0_0_full_n          |   in|    1|     ap_fifo|    v350_6_0_0|       pointer|
|v350_6_0_0_write           |  out|    1|     ap_fifo|    v350_6_0_0|       pointer|
|v349_6_0_0_din             |  out|   32|     ap_fifo|    v349_6_0_0|       pointer|
|v349_6_0_0_num_data_valid  |   in|   11|     ap_fifo|    v349_6_0_0|       pointer|
|v349_6_0_0_fifo_cap        |   in|   11|     ap_fifo|    v349_6_0_0|       pointer|
|v349_6_0_0_full_n          |   in|    1|     ap_fifo|    v349_6_0_0|       pointer|
|v349_6_0_0_write           |  out|    1|     ap_fifo|    v349_6_0_0|       pointer|
|v350_7_0_0_din             |  out|   32|     ap_fifo|    v350_7_0_0|       pointer|
|v350_7_0_0_num_data_valid  |   in|   11|     ap_fifo|    v350_7_0_0|       pointer|
|v350_7_0_0_fifo_cap        |   in|   11|     ap_fifo|    v350_7_0_0|       pointer|
|v350_7_0_0_full_n          |   in|    1|     ap_fifo|    v350_7_0_0|       pointer|
|v350_7_0_0_write           |  out|    1|     ap_fifo|    v350_7_0_0|       pointer|
|v349_7_0_0_din             |  out|   32|     ap_fifo|    v349_7_0_0|       pointer|
|v349_7_0_0_num_data_valid  |   in|   11|     ap_fifo|    v349_7_0_0|       pointer|
|v349_7_0_0_fifo_cap        |   in|   11|     ap_fifo|    v349_7_0_0|       pointer|
|v349_7_0_0_full_n          |   in|    1|     ap_fifo|    v349_7_0_0|       pointer|
|v349_7_0_0_write           |  out|    1|     ap_fifo|    v349_7_0_0|       pointer|
|v350_0_0_1_din             |  out|   32|     ap_fifo|    v350_0_0_1|       pointer|
|v350_0_0_1_num_data_valid  |   in|   11|     ap_fifo|    v350_0_0_1|       pointer|
|v350_0_0_1_fifo_cap        |   in|   11|     ap_fifo|    v350_0_0_1|       pointer|
|v350_0_0_1_full_n          |   in|    1|     ap_fifo|    v350_0_0_1|       pointer|
|v350_0_0_1_write           |  out|    1|     ap_fifo|    v350_0_0_1|       pointer|
|v349_0_0_1_din             |  out|   32|     ap_fifo|    v349_0_0_1|       pointer|
|v349_0_0_1_num_data_valid  |   in|   11|     ap_fifo|    v349_0_0_1|       pointer|
|v349_0_0_1_fifo_cap        |   in|   11|     ap_fifo|    v349_0_0_1|       pointer|
|v349_0_0_1_full_n          |   in|    1|     ap_fifo|    v349_0_0_1|       pointer|
|v349_0_0_1_write           |  out|    1|     ap_fifo|    v349_0_0_1|       pointer|
|v350_1_0_1_din             |  out|   32|     ap_fifo|    v350_1_0_1|       pointer|
|v350_1_0_1_num_data_valid  |   in|   11|     ap_fifo|    v350_1_0_1|       pointer|
|v350_1_0_1_fifo_cap        |   in|   11|     ap_fifo|    v350_1_0_1|       pointer|
|v350_1_0_1_full_n          |   in|    1|     ap_fifo|    v350_1_0_1|       pointer|
|v350_1_0_1_write           |  out|    1|     ap_fifo|    v350_1_0_1|       pointer|
|v349_1_0_1_din             |  out|   32|     ap_fifo|    v349_1_0_1|       pointer|
|v349_1_0_1_num_data_valid  |   in|   11|     ap_fifo|    v349_1_0_1|       pointer|
|v349_1_0_1_fifo_cap        |   in|   11|     ap_fifo|    v349_1_0_1|       pointer|
|v349_1_0_1_full_n          |   in|    1|     ap_fifo|    v349_1_0_1|       pointer|
|v349_1_0_1_write           |  out|    1|     ap_fifo|    v349_1_0_1|       pointer|
|v350_2_0_1_din             |  out|   32|     ap_fifo|    v350_2_0_1|       pointer|
|v350_2_0_1_num_data_valid  |   in|   11|     ap_fifo|    v350_2_0_1|       pointer|
|v350_2_0_1_fifo_cap        |   in|   11|     ap_fifo|    v350_2_0_1|       pointer|
|v350_2_0_1_full_n          |   in|    1|     ap_fifo|    v350_2_0_1|       pointer|
|v350_2_0_1_write           |  out|    1|     ap_fifo|    v350_2_0_1|       pointer|
|v349_2_0_1_din             |  out|   32|     ap_fifo|    v349_2_0_1|       pointer|
|v349_2_0_1_num_data_valid  |   in|   11|     ap_fifo|    v349_2_0_1|       pointer|
|v349_2_0_1_fifo_cap        |   in|   11|     ap_fifo|    v349_2_0_1|       pointer|
|v349_2_0_1_full_n          |   in|    1|     ap_fifo|    v349_2_0_1|       pointer|
|v349_2_0_1_write           |  out|    1|     ap_fifo|    v349_2_0_1|       pointer|
|v350_3_0_1_din             |  out|   32|     ap_fifo|    v350_3_0_1|       pointer|
|v350_3_0_1_num_data_valid  |   in|   11|     ap_fifo|    v350_3_0_1|       pointer|
|v350_3_0_1_fifo_cap        |   in|   11|     ap_fifo|    v350_3_0_1|       pointer|
|v350_3_0_1_full_n          |   in|    1|     ap_fifo|    v350_3_0_1|       pointer|
|v350_3_0_1_write           |  out|    1|     ap_fifo|    v350_3_0_1|       pointer|
|v349_3_0_1_din             |  out|   32|     ap_fifo|    v349_3_0_1|       pointer|
|v349_3_0_1_num_data_valid  |   in|   11|     ap_fifo|    v349_3_0_1|       pointer|
|v349_3_0_1_fifo_cap        |   in|   11|     ap_fifo|    v349_3_0_1|       pointer|
|v349_3_0_1_full_n          |   in|    1|     ap_fifo|    v349_3_0_1|       pointer|
|v349_3_0_1_write           |  out|    1|     ap_fifo|    v349_3_0_1|       pointer|
|v350_4_0_1_din             |  out|   32|     ap_fifo|    v350_4_0_1|       pointer|
|v350_4_0_1_num_data_valid  |   in|   11|     ap_fifo|    v350_4_0_1|       pointer|
|v350_4_0_1_fifo_cap        |   in|   11|     ap_fifo|    v350_4_0_1|       pointer|
|v350_4_0_1_full_n          |   in|    1|     ap_fifo|    v350_4_0_1|       pointer|
|v350_4_0_1_write           |  out|    1|     ap_fifo|    v350_4_0_1|       pointer|
|v349_4_0_1_din             |  out|   32|     ap_fifo|    v349_4_0_1|       pointer|
|v349_4_0_1_num_data_valid  |   in|   11|     ap_fifo|    v349_4_0_1|       pointer|
|v349_4_0_1_fifo_cap        |   in|   11|     ap_fifo|    v349_4_0_1|       pointer|
|v349_4_0_1_full_n          |   in|    1|     ap_fifo|    v349_4_0_1|       pointer|
|v349_4_0_1_write           |  out|    1|     ap_fifo|    v349_4_0_1|       pointer|
|v350_5_0_1_din             |  out|   32|     ap_fifo|    v350_5_0_1|       pointer|
|v350_5_0_1_num_data_valid  |   in|   11|     ap_fifo|    v350_5_0_1|       pointer|
|v350_5_0_1_fifo_cap        |   in|   11|     ap_fifo|    v350_5_0_1|       pointer|
|v350_5_0_1_full_n          |   in|    1|     ap_fifo|    v350_5_0_1|       pointer|
|v350_5_0_1_write           |  out|    1|     ap_fifo|    v350_5_0_1|       pointer|
|v349_5_0_1_din             |  out|   32|     ap_fifo|    v349_5_0_1|       pointer|
|v349_5_0_1_num_data_valid  |   in|   11|     ap_fifo|    v349_5_0_1|       pointer|
|v349_5_0_1_fifo_cap        |   in|   11|     ap_fifo|    v349_5_0_1|       pointer|
|v349_5_0_1_full_n          |   in|    1|     ap_fifo|    v349_5_0_1|       pointer|
|v349_5_0_1_write           |  out|    1|     ap_fifo|    v349_5_0_1|       pointer|
|v350_6_0_1_din             |  out|   32|     ap_fifo|    v350_6_0_1|       pointer|
|v350_6_0_1_num_data_valid  |   in|   11|     ap_fifo|    v350_6_0_1|       pointer|
|v350_6_0_1_fifo_cap        |   in|   11|     ap_fifo|    v350_6_0_1|       pointer|
|v350_6_0_1_full_n          |   in|    1|     ap_fifo|    v350_6_0_1|       pointer|
|v350_6_0_1_write           |  out|    1|     ap_fifo|    v350_6_0_1|       pointer|
|v349_6_0_1_din             |  out|   32|     ap_fifo|    v349_6_0_1|       pointer|
|v349_6_0_1_num_data_valid  |   in|   11|     ap_fifo|    v349_6_0_1|       pointer|
|v349_6_0_1_fifo_cap        |   in|   11|     ap_fifo|    v349_6_0_1|       pointer|
|v349_6_0_1_full_n          |   in|    1|     ap_fifo|    v349_6_0_1|       pointer|
|v349_6_0_1_write           |  out|    1|     ap_fifo|    v349_6_0_1|       pointer|
|v350_7_0_1_din             |  out|   32|     ap_fifo|    v350_7_0_1|       pointer|
|v350_7_0_1_num_data_valid  |   in|   11|     ap_fifo|    v350_7_0_1|       pointer|
|v350_7_0_1_fifo_cap        |   in|   11|     ap_fifo|    v350_7_0_1|       pointer|
|v350_7_0_1_full_n          |   in|    1|     ap_fifo|    v350_7_0_1|       pointer|
|v350_7_0_1_write           |  out|    1|     ap_fifo|    v350_7_0_1|       pointer|
|v349_7_0_1_din             |  out|   32|     ap_fifo|    v349_7_0_1|       pointer|
|v349_7_0_1_num_data_valid  |   in|   11|     ap_fifo|    v349_7_0_1|       pointer|
|v349_7_0_1_fifo_cap        |   in|   11|     ap_fifo|    v349_7_0_1|       pointer|
|v349_7_0_1_full_n          |   in|    1|     ap_fifo|    v349_7_0_1|       pointer|
|v349_7_0_1_write           |  out|    1|     ap_fifo|    v349_7_0_1|       pointer|
|v350_0_1_0_din             |  out|   32|     ap_fifo|    v350_0_1_0|       pointer|
|v350_0_1_0_num_data_valid  |   in|   11|     ap_fifo|    v350_0_1_0|       pointer|
|v350_0_1_0_fifo_cap        |   in|   11|     ap_fifo|    v350_0_1_0|       pointer|
|v350_0_1_0_full_n          |   in|    1|     ap_fifo|    v350_0_1_0|       pointer|
|v350_0_1_0_write           |  out|    1|     ap_fifo|    v350_0_1_0|       pointer|
|v349_0_1_0_din             |  out|   32|     ap_fifo|    v349_0_1_0|       pointer|
|v349_0_1_0_num_data_valid  |   in|   11|     ap_fifo|    v349_0_1_0|       pointer|
|v349_0_1_0_fifo_cap        |   in|   11|     ap_fifo|    v349_0_1_0|       pointer|
|v349_0_1_0_full_n          |   in|    1|     ap_fifo|    v349_0_1_0|       pointer|
|v349_0_1_0_write           |  out|    1|     ap_fifo|    v349_0_1_0|       pointer|
|v350_1_1_0_din             |  out|   32|     ap_fifo|    v350_1_1_0|       pointer|
|v350_1_1_0_num_data_valid  |   in|   11|     ap_fifo|    v350_1_1_0|       pointer|
|v350_1_1_0_fifo_cap        |   in|   11|     ap_fifo|    v350_1_1_0|       pointer|
|v350_1_1_0_full_n          |   in|    1|     ap_fifo|    v350_1_1_0|       pointer|
|v350_1_1_0_write           |  out|    1|     ap_fifo|    v350_1_1_0|       pointer|
|v349_1_1_0_din             |  out|   32|     ap_fifo|    v349_1_1_0|       pointer|
|v349_1_1_0_num_data_valid  |   in|   11|     ap_fifo|    v349_1_1_0|       pointer|
|v349_1_1_0_fifo_cap        |   in|   11|     ap_fifo|    v349_1_1_0|       pointer|
|v349_1_1_0_full_n          |   in|    1|     ap_fifo|    v349_1_1_0|       pointer|
|v349_1_1_0_write           |  out|    1|     ap_fifo|    v349_1_1_0|       pointer|
|v350_2_1_0_din             |  out|   32|     ap_fifo|    v350_2_1_0|       pointer|
|v350_2_1_0_num_data_valid  |   in|   11|     ap_fifo|    v350_2_1_0|       pointer|
|v350_2_1_0_fifo_cap        |   in|   11|     ap_fifo|    v350_2_1_0|       pointer|
|v350_2_1_0_full_n          |   in|    1|     ap_fifo|    v350_2_1_0|       pointer|
|v350_2_1_0_write           |  out|    1|     ap_fifo|    v350_2_1_0|       pointer|
|v349_2_1_0_din             |  out|   32|     ap_fifo|    v349_2_1_0|       pointer|
|v349_2_1_0_num_data_valid  |   in|   11|     ap_fifo|    v349_2_1_0|       pointer|
|v349_2_1_0_fifo_cap        |   in|   11|     ap_fifo|    v349_2_1_0|       pointer|
|v349_2_1_0_full_n          |   in|    1|     ap_fifo|    v349_2_1_0|       pointer|
|v349_2_1_0_write           |  out|    1|     ap_fifo|    v349_2_1_0|       pointer|
|v350_3_1_0_din             |  out|   32|     ap_fifo|    v350_3_1_0|       pointer|
|v350_3_1_0_num_data_valid  |   in|   11|     ap_fifo|    v350_3_1_0|       pointer|
|v350_3_1_0_fifo_cap        |   in|   11|     ap_fifo|    v350_3_1_0|       pointer|
|v350_3_1_0_full_n          |   in|    1|     ap_fifo|    v350_3_1_0|       pointer|
|v350_3_1_0_write           |  out|    1|     ap_fifo|    v350_3_1_0|       pointer|
|v349_3_1_0_din             |  out|   32|     ap_fifo|    v349_3_1_0|       pointer|
|v349_3_1_0_num_data_valid  |   in|   11|     ap_fifo|    v349_3_1_0|       pointer|
|v349_3_1_0_fifo_cap        |   in|   11|     ap_fifo|    v349_3_1_0|       pointer|
|v349_3_1_0_full_n          |   in|    1|     ap_fifo|    v349_3_1_0|       pointer|
|v349_3_1_0_write           |  out|    1|     ap_fifo|    v349_3_1_0|       pointer|
|v350_4_1_0_din             |  out|   32|     ap_fifo|    v350_4_1_0|       pointer|
|v350_4_1_0_num_data_valid  |   in|   11|     ap_fifo|    v350_4_1_0|       pointer|
|v350_4_1_0_fifo_cap        |   in|   11|     ap_fifo|    v350_4_1_0|       pointer|
|v350_4_1_0_full_n          |   in|    1|     ap_fifo|    v350_4_1_0|       pointer|
|v350_4_1_0_write           |  out|    1|     ap_fifo|    v350_4_1_0|       pointer|
|v349_4_1_0_din             |  out|   32|     ap_fifo|    v349_4_1_0|       pointer|
|v349_4_1_0_num_data_valid  |   in|   11|     ap_fifo|    v349_4_1_0|       pointer|
|v349_4_1_0_fifo_cap        |   in|   11|     ap_fifo|    v349_4_1_0|       pointer|
|v349_4_1_0_full_n          |   in|    1|     ap_fifo|    v349_4_1_0|       pointer|
|v349_4_1_0_write           |  out|    1|     ap_fifo|    v349_4_1_0|       pointer|
|v350_5_1_0_din             |  out|   32|     ap_fifo|    v350_5_1_0|       pointer|
|v350_5_1_0_num_data_valid  |   in|   11|     ap_fifo|    v350_5_1_0|       pointer|
|v350_5_1_0_fifo_cap        |   in|   11|     ap_fifo|    v350_5_1_0|       pointer|
|v350_5_1_0_full_n          |   in|    1|     ap_fifo|    v350_5_1_0|       pointer|
|v350_5_1_0_write           |  out|    1|     ap_fifo|    v350_5_1_0|       pointer|
|v349_5_1_0_din             |  out|   32|     ap_fifo|    v349_5_1_0|       pointer|
|v349_5_1_0_num_data_valid  |   in|   11|     ap_fifo|    v349_5_1_0|       pointer|
|v349_5_1_0_fifo_cap        |   in|   11|     ap_fifo|    v349_5_1_0|       pointer|
|v349_5_1_0_full_n          |   in|    1|     ap_fifo|    v349_5_1_0|       pointer|
|v349_5_1_0_write           |  out|    1|     ap_fifo|    v349_5_1_0|       pointer|
|v350_6_1_0_din             |  out|   32|     ap_fifo|    v350_6_1_0|       pointer|
|v350_6_1_0_num_data_valid  |   in|   11|     ap_fifo|    v350_6_1_0|       pointer|
|v350_6_1_0_fifo_cap        |   in|   11|     ap_fifo|    v350_6_1_0|       pointer|
|v350_6_1_0_full_n          |   in|    1|     ap_fifo|    v350_6_1_0|       pointer|
|v350_6_1_0_write           |  out|    1|     ap_fifo|    v350_6_1_0|       pointer|
|v349_6_1_0_din             |  out|   32|     ap_fifo|    v349_6_1_0|       pointer|
|v349_6_1_0_num_data_valid  |   in|   11|     ap_fifo|    v349_6_1_0|       pointer|
|v349_6_1_0_fifo_cap        |   in|   11|     ap_fifo|    v349_6_1_0|       pointer|
|v349_6_1_0_full_n          |   in|    1|     ap_fifo|    v349_6_1_0|       pointer|
|v349_6_1_0_write           |  out|    1|     ap_fifo|    v349_6_1_0|       pointer|
|v350_7_1_0_din             |  out|   32|     ap_fifo|    v350_7_1_0|       pointer|
|v350_7_1_0_num_data_valid  |   in|   11|     ap_fifo|    v350_7_1_0|       pointer|
|v350_7_1_0_fifo_cap        |   in|   11|     ap_fifo|    v350_7_1_0|       pointer|
|v350_7_1_0_full_n          |   in|    1|     ap_fifo|    v350_7_1_0|       pointer|
|v350_7_1_0_write           |  out|    1|     ap_fifo|    v350_7_1_0|       pointer|
|v349_7_1_0_din             |  out|   32|     ap_fifo|    v349_7_1_0|       pointer|
|v349_7_1_0_num_data_valid  |   in|   11|     ap_fifo|    v349_7_1_0|       pointer|
|v349_7_1_0_fifo_cap        |   in|   11|     ap_fifo|    v349_7_1_0|       pointer|
|v349_7_1_0_full_n          |   in|    1|     ap_fifo|    v349_7_1_0|       pointer|
|v349_7_1_0_write           |  out|    1|     ap_fifo|    v349_7_1_0|       pointer|
|v350_0_1_1_din             |  out|   32|     ap_fifo|    v350_0_1_1|       pointer|
|v350_0_1_1_num_data_valid  |   in|   11|     ap_fifo|    v350_0_1_1|       pointer|
|v350_0_1_1_fifo_cap        |   in|   11|     ap_fifo|    v350_0_1_1|       pointer|
|v350_0_1_1_full_n          |   in|    1|     ap_fifo|    v350_0_1_1|       pointer|
|v350_0_1_1_write           |  out|    1|     ap_fifo|    v350_0_1_1|       pointer|
|v349_0_1_1_din             |  out|   32|     ap_fifo|    v349_0_1_1|       pointer|
|v349_0_1_1_num_data_valid  |   in|   11|     ap_fifo|    v349_0_1_1|       pointer|
|v349_0_1_1_fifo_cap        |   in|   11|     ap_fifo|    v349_0_1_1|       pointer|
|v349_0_1_1_full_n          |   in|    1|     ap_fifo|    v349_0_1_1|       pointer|
|v349_0_1_1_write           |  out|    1|     ap_fifo|    v349_0_1_1|       pointer|
|v350_1_1_1_din             |  out|   32|     ap_fifo|    v350_1_1_1|       pointer|
|v350_1_1_1_num_data_valid  |   in|   11|     ap_fifo|    v350_1_1_1|       pointer|
|v350_1_1_1_fifo_cap        |   in|   11|     ap_fifo|    v350_1_1_1|       pointer|
|v350_1_1_1_full_n          |   in|    1|     ap_fifo|    v350_1_1_1|       pointer|
|v350_1_1_1_write           |  out|    1|     ap_fifo|    v350_1_1_1|       pointer|
|v349_1_1_1_din             |  out|   32|     ap_fifo|    v349_1_1_1|       pointer|
|v349_1_1_1_num_data_valid  |   in|   11|     ap_fifo|    v349_1_1_1|       pointer|
|v349_1_1_1_fifo_cap        |   in|   11|     ap_fifo|    v349_1_1_1|       pointer|
|v349_1_1_1_full_n          |   in|    1|     ap_fifo|    v349_1_1_1|       pointer|
|v349_1_1_1_write           |  out|    1|     ap_fifo|    v349_1_1_1|       pointer|
|v350_2_1_1_din             |  out|   32|     ap_fifo|    v350_2_1_1|       pointer|
|v350_2_1_1_num_data_valid  |   in|   11|     ap_fifo|    v350_2_1_1|       pointer|
|v350_2_1_1_fifo_cap        |   in|   11|     ap_fifo|    v350_2_1_1|       pointer|
|v350_2_1_1_full_n          |   in|    1|     ap_fifo|    v350_2_1_1|       pointer|
|v350_2_1_1_write           |  out|    1|     ap_fifo|    v350_2_1_1|       pointer|
|v349_2_1_1_din             |  out|   32|     ap_fifo|    v349_2_1_1|       pointer|
|v349_2_1_1_num_data_valid  |   in|   11|     ap_fifo|    v349_2_1_1|       pointer|
|v349_2_1_1_fifo_cap        |   in|   11|     ap_fifo|    v349_2_1_1|       pointer|
|v349_2_1_1_full_n          |   in|    1|     ap_fifo|    v349_2_1_1|       pointer|
|v349_2_1_1_write           |  out|    1|     ap_fifo|    v349_2_1_1|       pointer|
|v350_3_1_1_din             |  out|   32|     ap_fifo|    v350_3_1_1|       pointer|
|v350_3_1_1_num_data_valid  |   in|   11|     ap_fifo|    v350_3_1_1|       pointer|
|v350_3_1_1_fifo_cap        |   in|   11|     ap_fifo|    v350_3_1_1|       pointer|
|v350_3_1_1_full_n          |   in|    1|     ap_fifo|    v350_3_1_1|       pointer|
|v350_3_1_1_write           |  out|    1|     ap_fifo|    v350_3_1_1|       pointer|
|v349_3_1_1_din             |  out|   32|     ap_fifo|    v349_3_1_1|       pointer|
|v349_3_1_1_num_data_valid  |   in|   11|     ap_fifo|    v349_3_1_1|       pointer|
|v349_3_1_1_fifo_cap        |   in|   11|     ap_fifo|    v349_3_1_1|       pointer|
|v349_3_1_1_full_n          |   in|    1|     ap_fifo|    v349_3_1_1|       pointer|
|v349_3_1_1_write           |  out|    1|     ap_fifo|    v349_3_1_1|       pointer|
|v350_4_1_1_din             |  out|   32|     ap_fifo|    v350_4_1_1|       pointer|
|v350_4_1_1_num_data_valid  |   in|   11|     ap_fifo|    v350_4_1_1|       pointer|
|v350_4_1_1_fifo_cap        |   in|   11|     ap_fifo|    v350_4_1_1|       pointer|
|v350_4_1_1_full_n          |   in|    1|     ap_fifo|    v350_4_1_1|       pointer|
|v350_4_1_1_write           |  out|    1|     ap_fifo|    v350_4_1_1|       pointer|
|v349_4_1_1_din             |  out|   32|     ap_fifo|    v349_4_1_1|       pointer|
|v349_4_1_1_num_data_valid  |   in|   11|     ap_fifo|    v349_4_1_1|       pointer|
|v349_4_1_1_fifo_cap        |   in|   11|     ap_fifo|    v349_4_1_1|       pointer|
|v349_4_1_1_full_n          |   in|    1|     ap_fifo|    v349_4_1_1|       pointer|
|v349_4_1_1_write           |  out|    1|     ap_fifo|    v349_4_1_1|       pointer|
|v350_5_1_1_din             |  out|   32|     ap_fifo|    v350_5_1_1|       pointer|
|v350_5_1_1_num_data_valid  |   in|   11|     ap_fifo|    v350_5_1_1|       pointer|
|v350_5_1_1_fifo_cap        |   in|   11|     ap_fifo|    v350_5_1_1|       pointer|
|v350_5_1_1_full_n          |   in|    1|     ap_fifo|    v350_5_1_1|       pointer|
|v350_5_1_1_write           |  out|    1|     ap_fifo|    v350_5_1_1|       pointer|
|v349_5_1_1_din             |  out|   32|     ap_fifo|    v349_5_1_1|       pointer|
|v349_5_1_1_num_data_valid  |   in|   11|     ap_fifo|    v349_5_1_1|       pointer|
|v349_5_1_1_fifo_cap        |   in|   11|     ap_fifo|    v349_5_1_1|       pointer|
|v349_5_1_1_full_n          |   in|    1|     ap_fifo|    v349_5_1_1|       pointer|
|v349_5_1_1_write           |  out|    1|     ap_fifo|    v349_5_1_1|       pointer|
|v350_6_1_1_din             |  out|   32|     ap_fifo|    v350_6_1_1|       pointer|
|v350_6_1_1_num_data_valid  |   in|   11|     ap_fifo|    v350_6_1_1|       pointer|
|v350_6_1_1_fifo_cap        |   in|   11|     ap_fifo|    v350_6_1_1|       pointer|
|v350_6_1_1_full_n          |   in|    1|     ap_fifo|    v350_6_1_1|       pointer|
|v350_6_1_1_write           |  out|    1|     ap_fifo|    v350_6_1_1|       pointer|
|v349_6_1_1_din             |  out|   32|     ap_fifo|    v349_6_1_1|       pointer|
|v349_6_1_1_num_data_valid  |   in|   11|     ap_fifo|    v349_6_1_1|       pointer|
|v349_6_1_1_fifo_cap        |   in|   11|     ap_fifo|    v349_6_1_1|       pointer|
|v349_6_1_1_full_n          |   in|    1|     ap_fifo|    v349_6_1_1|       pointer|
|v349_6_1_1_write           |  out|    1|     ap_fifo|    v349_6_1_1|       pointer|
|v350_7_1_1_din             |  out|   32|     ap_fifo|    v350_7_1_1|       pointer|
|v350_7_1_1_num_data_valid  |   in|   11|     ap_fifo|    v350_7_1_1|       pointer|
|v350_7_1_1_fifo_cap        |   in|   11|     ap_fifo|    v350_7_1_1|       pointer|
|v350_7_1_1_full_n          |   in|    1|     ap_fifo|    v350_7_1_1|       pointer|
|v350_7_1_1_write           |  out|    1|     ap_fifo|    v350_7_1_1|       pointer|
|v349_7_1_1_din             |  out|   32|     ap_fifo|    v349_7_1_1|       pointer|
|v349_7_1_1_num_data_valid  |   in|   11|     ap_fifo|    v349_7_1_1|       pointer|
|v349_7_1_1_fifo_cap        |   in|   11|     ap_fifo|    v349_7_1_1|       pointer|
|v349_7_1_1_full_n          |   in|    1|     ap_fifo|    v349_7_1_1|       pointer|
|v349_7_1_1_write           |  out|    1|     ap_fifo|    v349_7_1_1|       pointer|
+---------------------------+-----+-----+------------+--------------+--------------+

