

================================================================
== Vitis HLS Report for 'node6'
================================================================
* Date:           Wed Oct  2 15:05:18 2024

* Version:        2023.2 (Build 4023990 on Oct 11 2023)
* Project:        hls_MultiHeadSelfAttention1
* Solution:       solution1 (Vivado IP Flow Target)
* Product family: virtexuplusHBM
* Target device:  xcu280-fsvh2892-2L-e


================================================================
== Performance Estimates
================================================================
+ Timing: 
    * Summary: 
    +--------+---------+----------+------------+
    |  Clock |  Target | Estimated| Uncertainty|
    +--------+---------+----------+------------+
    |ap_clk  |  3.33 ns|  3.765 ns|     0.90 ns|
    +--------+---------+----------+------------+

+ Latency: 
    * Summary: 
    +---------+---------+-----------+-----------+------+------+---------+
    |  Latency (cycles) |   Latency (absolute)  |   Interval  | Pipeline|
    |   min   |   max   |    min    |    max    |  min |  max |   Type  |
    +---------+---------+-----------+-----------+------+------+---------+
    |     8214|     8214|  30.926 us|  30.926 us|  8214|  8214|       no|
    +---------+---------+-----------+-----------+------+------+---------+

    + Detail: 
        * Instance: 
        N/A

        * Loop: 
        +------------------------+---------+---------+----------+-----------+-----------+------+----------+
        |                        |  Latency (cycles) | Iteration|  Initiation Interval  | Trip |          |
        |        Loop Name       |   min   |   max   |  Latency |  achieved |   target  | Count| Pipelined|
        +------------------------+---------+---------+----------+-----------+-----------+------+----------+
        |- loop28_loop29_loop31  |     8212|     8212|        22|          1|          1|  8192|       yes|
        +------------------------+---------+---------+----------+-----------+-----------+------+----------+



================================================================
== Utilization Estimates
================================================================
* Summary: 
+---------------------+---------+------+---------+---------+-----+
|         Name        | BRAM_18K|  DSP |    FF   |   LUT   | URAM|
+---------------------+---------+------+---------+---------+-----+
|DSP                  |        -|     -|        -|        -|    -|
|Expression           |        -|     -|        0|     1279|    -|
|FIFO                 |        -|     -|        -|        -|    -|
|Instance             |        -|   320|    29504|    17664|    -|
|Memory               |       64|     -|        0|        0|    0|
|Multiplexer          |        -|     -|        -|      396|    -|
|Register             |        -|     -|     7041|     1152|    -|
+---------------------+---------+------+---------+---------+-----+
|Total                |       64|   320|    36545|    20491|    0|
+---------------------+---------+------+---------+---------+-----+
|Available SLR        |     1344|  3008|   869120|   434560|  320|
+---------------------+---------+------+---------+---------+-----+
|Utilization SLR (%)  |        4|    10|        4|        4|    0|
+---------------------+---------+------+---------+---------+-----+
|Available            |     4032|  9024|  2607360|  1303680|  960|
+---------------------+---------+------+---------+---------+-----+
|Utilization (%)      |        1|     3|        1|        1|    0|
+---------------------+---------+------+---------+---------+-----+

+ Detail: 
    * Instance: 
    +--------------------------------------+--------------------------------+---------+----+-----+-----+-----+
    |               Instance               |             Module             | BRAM_18K| DSP|  FF | LUT | URAM|
    +--------------------------------------+--------------------------------+---------+----+-----+-----+-----+
    |fadd_32ns_32ns_32_7_full_dsp_1_U2036  |fadd_32ns_32ns_32_7_full_dsp_1  |        0|   2|  318|  198|    0|
    |fadd_32ns_32ns_32_7_full_dsp_1_U2037  |fadd_32ns_32ns_32_7_full_dsp_1  |        0|   2|  318|  198|    0|
    |fadd_32ns_32ns_32_7_full_dsp_1_U2038  |fadd_32ns_32ns_32_7_full_dsp_1  |        0|   2|  318|  198|    0|
    |fadd_32ns_32ns_32_7_full_dsp_1_U2039  |fadd_32ns_32ns_32_7_full_dsp_1  |        0|   2|  318|  198|    0|
    |fadd_32ns_32ns_32_7_full_dsp_1_U2040  |fadd_32ns_32ns_32_7_full_dsp_1  |        0|   2|  318|  198|    0|
    |fadd_32ns_32ns_32_7_full_dsp_1_U2041  |fadd_32ns_32ns_32_7_full_dsp_1  |        0|   2|  318|  198|    0|
    |fadd_32ns_32ns_32_7_full_dsp_1_U2042  |fadd_32ns_32ns_32_7_full_dsp_1  |        0|   2|  318|  198|    0|
    |fadd_32ns_32ns_32_7_full_dsp_1_U2043  |fadd_32ns_32ns_32_7_full_dsp_1  |        0|   2|  318|  198|    0|
    |fadd_32ns_32ns_32_7_full_dsp_1_U2044  |fadd_32ns_32ns_32_7_full_dsp_1  |        0|   2|  318|  198|    0|
    |fadd_32ns_32ns_32_7_full_dsp_1_U2045  |fadd_32ns_32ns_32_7_full_dsp_1  |        0|   2|  318|  198|    0|
    |fadd_32ns_32ns_32_7_full_dsp_1_U2046  |fadd_32ns_32ns_32_7_full_dsp_1  |        0|   2|  318|  198|    0|
    |fadd_32ns_32ns_32_7_full_dsp_1_U2047  |fadd_32ns_32ns_32_7_full_dsp_1  |        0|   2|  318|  198|    0|
    |fadd_32ns_32ns_32_7_full_dsp_1_U2048  |fadd_32ns_32ns_32_7_full_dsp_1  |        0|   2|  318|  198|    0|
    |fadd_32ns_32ns_32_7_full_dsp_1_U2049  |fadd_32ns_32ns_32_7_full_dsp_1  |        0|   2|  318|  198|    0|
    |fadd_32ns_32ns_32_7_full_dsp_1_U2050  |fadd_32ns_32ns_32_7_full_dsp_1  |        0|   2|  318|  198|    0|
    |fadd_32ns_32ns_32_7_full_dsp_1_U2051  |fadd_32ns_32ns_32_7_full_dsp_1  |        0|   2|  318|  198|    0|
    |fadd_32ns_32ns_32_7_full_dsp_1_U2052  |fadd_32ns_32ns_32_7_full_dsp_1  |        0|   2|  318|  198|    0|
    |fadd_32ns_32ns_32_7_full_dsp_1_U2053  |fadd_32ns_32ns_32_7_full_dsp_1  |        0|   2|  318|  198|    0|
    |fadd_32ns_32ns_32_7_full_dsp_1_U2054  |fadd_32ns_32ns_32_7_full_dsp_1  |        0|   2|  318|  198|    0|
    |fadd_32ns_32ns_32_7_full_dsp_1_U2055  |fadd_32ns_32ns_32_7_full_dsp_1  |        0|   2|  318|  198|    0|
    |fadd_32ns_32ns_32_7_full_dsp_1_U2056  |fadd_32ns_32ns_32_7_full_dsp_1  |        0|   2|  318|  198|    0|
    |fadd_32ns_32ns_32_7_full_dsp_1_U2057  |fadd_32ns_32ns_32_7_full_dsp_1  |        0|   2|  318|  198|    0|
    |fadd_32ns_32ns_32_7_full_dsp_1_U2058  |fadd_32ns_32ns_32_7_full_dsp_1  |        0|   2|  318|  198|    0|
    |fadd_32ns_32ns_32_7_full_dsp_1_U2059  |fadd_32ns_32ns_32_7_full_dsp_1  |        0|   2|  318|  198|    0|
    |fadd_32ns_32ns_32_7_full_dsp_1_U2060  |fadd_32ns_32ns_32_7_full_dsp_1  |        0|   2|  318|  198|    0|
    |fadd_32ns_32ns_32_7_full_dsp_1_U2061  |fadd_32ns_32ns_32_7_full_dsp_1  |        0|   2|  318|  198|    0|
    |fadd_32ns_32ns_32_7_full_dsp_1_U2062  |fadd_32ns_32ns_32_7_full_dsp_1  |        0|   2|  318|  198|    0|
    |fadd_32ns_32ns_32_7_full_dsp_1_U2063  |fadd_32ns_32ns_32_7_full_dsp_1  |        0|   2|  318|  198|    0|
    |fadd_32ns_32ns_32_7_full_dsp_1_U2064  |fadd_32ns_32ns_32_7_full_dsp_1  |        0|   2|  318|  198|    0|
    |fadd_32ns_32ns_32_7_full_dsp_1_U2065  |fadd_32ns_32ns_32_7_full_dsp_1  |        0|   2|  318|  198|    0|
    |fadd_32ns_32ns_32_7_full_dsp_1_U2066  |fadd_32ns_32ns_32_7_full_dsp_1  |        0|   2|  318|  198|    0|
    |fadd_32ns_32ns_32_7_full_dsp_1_U2067  |fadd_32ns_32ns_32_7_full_dsp_1  |        0|   2|  318|  198|    0|
    |fadd_32ns_32ns_32_7_full_dsp_1_U2068  |fadd_32ns_32ns_32_7_full_dsp_1  |        0|   2|  318|  198|    0|
    |fadd_32ns_32ns_32_7_full_dsp_1_U2069  |fadd_32ns_32ns_32_7_full_dsp_1  |        0|   2|  318|  198|    0|
    |fadd_32ns_32ns_32_7_full_dsp_1_U2070  |fadd_32ns_32ns_32_7_full_dsp_1  |        0|   2|  318|  198|    0|
    |fadd_32ns_32ns_32_7_full_dsp_1_U2071  |fadd_32ns_32ns_32_7_full_dsp_1  |        0|   2|  318|  198|    0|
    |fadd_32ns_32ns_32_7_full_dsp_1_U2072  |fadd_32ns_32ns_32_7_full_dsp_1  |        0|   2|  318|  198|    0|
    |fadd_32ns_32ns_32_7_full_dsp_1_U2073  |fadd_32ns_32ns_32_7_full_dsp_1  |        0|   2|  318|  198|    0|
    |fadd_32ns_32ns_32_7_full_dsp_1_U2074  |fadd_32ns_32ns_32_7_full_dsp_1  |        0|   2|  318|  198|    0|
    |fadd_32ns_32ns_32_7_full_dsp_1_U2075  |fadd_32ns_32ns_32_7_full_dsp_1  |        0|   2|  318|  198|    0|
    |fadd_32ns_32ns_32_7_full_dsp_1_U2076  |fadd_32ns_32ns_32_7_full_dsp_1  |        0|   2|  318|  198|    0|
    |fadd_32ns_32ns_32_7_full_dsp_1_U2077  |fadd_32ns_32ns_32_7_full_dsp_1  |        0|   2|  318|  198|    0|
    |fadd_32ns_32ns_32_7_full_dsp_1_U2078  |fadd_32ns_32ns_32_7_full_dsp_1  |        0|   2|  318|  198|    0|
    |fadd_32ns_32ns_32_7_full_dsp_1_U2079  |fadd_32ns_32ns_32_7_full_dsp_1  |        0|   2|  318|  198|    0|
    |fadd_32ns_32ns_32_7_full_dsp_1_U2080  |fadd_32ns_32ns_32_7_full_dsp_1  |        0|   2|  318|  198|    0|
    |fadd_32ns_32ns_32_7_full_dsp_1_U2081  |fadd_32ns_32ns_32_7_full_dsp_1  |        0|   2|  318|  198|    0|
    |fadd_32ns_32ns_32_7_full_dsp_1_U2082  |fadd_32ns_32ns_32_7_full_dsp_1  |        0|   2|  318|  198|    0|
    |fadd_32ns_32ns_32_7_full_dsp_1_U2083  |fadd_32ns_32ns_32_7_full_dsp_1  |        0|   2|  318|  198|    0|
    |fadd_32ns_32ns_32_7_full_dsp_1_U2084  |fadd_32ns_32ns_32_7_full_dsp_1  |        0|   2|  318|  198|    0|
    |fadd_32ns_32ns_32_7_full_dsp_1_U2085  |fadd_32ns_32ns_32_7_full_dsp_1  |        0|   2|  318|  198|    0|
    |fadd_32ns_32ns_32_7_full_dsp_1_U2086  |fadd_32ns_32ns_32_7_full_dsp_1  |        0|   2|  318|  198|    0|
    |fadd_32ns_32ns_32_7_full_dsp_1_U2087  |fadd_32ns_32ns_32_7_full_dsp_1  |        0|   2|  318|  198|    0|
    |fadd_32ns_32ns_32_7_full_dsp_1_U2088  |fadd_32ns_32ns_32_7_full_dsp_1  |        0|   2|  318|  198|    0|
    |fadd_32ns_32ns_32_7_full_dsp_1_U2089  |fadd_32ns_32ns_32_7_full_dsp_1  |        0|   2|  318|  198|    0|
    |fadd_32ns_32ns_32_7_full_dsp_1_U2090  |fadd_32ns_32ns_32_7_full_dsp_1  |        0|   2|  318|  198|    0|
    |fadd_32ns_32ns_32_7_full_dsp_1_U2091  |fadd_32ns_32ns_32_7_full_dsp_1  |        0|   2|  318|  198|    0|
    |fadd_32ns_32ns_32_7_full_dsp_1_U2092  |fadd_32ns_32ns_32_7_full_dsp_1  |        0|   2|  318|  198|    0|
    |fadd_32ns_32ns_32_7_full_dsp_1_U2093  |fadd_32ns_32ns_32_7_full_dsp_1  |        0|   2|  318|  198|    0|
    |fadd_32ns_32ns_32_7_full_dsp_1_U2094  |fadd_32ns_32ns_32_7_full_dsp_1  |        0|   2|  318|  198|    0|
    |fadd_32ns_32ns_32_7_full_dsp_1_U2095  |fadd_32ns_32ns_32_7_full_dsp_1  |        0|   2|  318|  198|    0|
    |fadd_32ns_32ns_32_7_full_dsp_1_U2096  |fadd_32ns_32ns_32_7_full_dsp_1  |        0|   2|  318|  198|    0|
    |fadd_32ns_32ns_32_7_full_dsp_1_U2097  |fadd_32ns_32ns_32_7_full_dsp_1  |        0|   2|  318|  198|    0|
    |fadd_32ns_32ns_32_7_full_dsp_1_U2098  |fadd_32ns_32ns_32_7_full_dsp_1  |        0|   2|  318|  198|    0|
    |fadd_32ns_32ns_32_7_full_dsp_1_U2099  |fadd_32ns_32ns_32_7_full_dsp_1  |        0|   2|  318|  198|    0|
    |fmul_32ns_32ns_32_4_max_dsp_1_U2100   |fmul_32ns_32ns_32_4_max_dsp_1   |        0|   3|  143|   78|    0|
    |fmul_32ns_32ns_32_4_max_dsp_1_U2101   |fmul_32ns_32ns_32_4_max_dsp_1   |        0|   3|  143|   78|    0|
    |fmul_32ns_32ns_32_4_max_dsp_1_U2102   |fmul_32ns_32ns_32_4_max_dsp_1   |        0|   3|  143|   78|    0|
    |fmul_32ns_32ns_32_4_max_dsp_1_U2103   |fmul_32ns_32ns_32_4_max_dsp_1   |        0|   3|  143|   78|    0|
    |fmul_32ns_32ns_32_4_max_dsp_1_U2104   |fmul_32ns_32ns_32_4_max_dsp_1   |        0|   3|  143|   78|    0|
    |fmul_32ns_32ns_32_4_max_dsp_1_U2105   |fmul_32ns_32ns_32_4_max_dsp_1   |        0|   3|  143|   78|    0|
    |fmul_32ns_32ns_32_4_max_dsp_1_U2106   |fmul_32ns_32ns_32_4_max_dsp_1   |        0|   3|  143|   78|    0|
    |fmul_32ns_32ns_32_4_max_dsp_1_U2107   |fmul_32ns_32ns_32_4_max_dsp_1   |        0|   3|  143|   78|    0|
    |fmul_32ns_32ns_32_4_max_dsp_1_U2108   |fmul_32ns_32ns_32_4_max_dsp_1   |        0|   3|  143|   78|    0|
    |fmul_32ns_32ns_32_4_max_dsp_1_U2109   |fmul_32ns_32ns_32_4_max_dsp_1   |        0|   3|  143|   78|    0|
    |fmul_32ns_32ns_32_4_max_dsp_1_U2110   |fmul_32ns_32ns_32_4_max_dsp_1   |        0|   3|  143|   78|    0|
    |fmul_32ns_32ns_32_4_max_dsp_1_U2111   |fmul_32ns_32ns_32_4_max_dsp_1   |        0|   3|  143|   78|    0|
    |fmul_32ns_32ns_32_4_max_dsp_1_U2112   |fmul_32ns_32ns_32_4_max_dsp_1   |        0|   3|  143|   78|    0|
    |fmul_32ns_32ns_32_4_max_dsp_1_U2113   |fmul_32ns_32ns_32_4_max_dsp_1   |        0|   3|  143|   78|    0|
    |fmul_32ns_32ns_32_4_max_dsp_1_U2114   |fmul_32ns_32ns_32_4_max_dsp_1   |        0|   3|  143|   78|    0|
    |fmul_32ns_32ns_32_4_max_dsp_1_U2115   |fmul_32ns_32ns_32_4_max_dsp_1   |        0|   3|  143|   78|    0|
    |fmul_32ns_32ns_32_4_max_dsp_1_U2116   |fmul_32ns_32ns_32_4_max_dsp_1   |        0|   3|  143|   78|    0|
    |fmul_32ns_32ns_32_4_max_dsp_1_U2117   |fmul_32ns_32ns_32_4_max_dsp_1   |        0|   3|  143|   78|    0|
    |fmul_32ns_32ns_32_4_max_dsp_1_U2118   |fmul_32ns_32ns_32_4_max_dsp_1   |        0|   3|  143|   78|    0|
    |fmul_32ns_32ns_32_4_max_dsp_1_U2119   |fmul_32ns_32ns_32_4_max_dsp_1   |        0|   3|  143|   78|    0|
    |fmul_32ns_32ns_32_4_max_dsp_1_U2120   |fmul_32ns_32ns_32_4_max_dsp_1   |        0|   3|  143|   78|    0|
    |fmul_32ns_32ns_32_4_max_dsp_1_U2121   |fmul_32ns_32ns_32_4_max_dsp_1   |        0|   3|  143|   78|    0|
    |fmul_32ns_32ns_32_4_max_dsp_1_U2122   |fmul_32ns_32ns_32_4_max_dsp_1   |        0|   3|  143|   78|    0|
    |fmul_32ns_32ns_32_4_max_dsp_1_U2123   |fmul_32ns_32ns_32_4_max_dsp_1   |        0|   3|  143|   78|    0|
    |fmul_32ns_32ns_32_4_max_dsp_1_U2124   |fmul_32ns_32ns_32_4_max_dsp_1   |        0|   3|  143|   78|    0|
    |fmul_32ns_32ns_32_4_max_dsp_1_U2125   |fmul_32ns_32ns_32_4_max_dsp_1   |        0|   3|  143|   78|    0|
    |fmul_32ns_32ns_32_4_max_dsp_1_U2126   |fmul_32ns_32ns_32_4_max_dsp_1   |        0|   3|  143|   78|    0|
    |fmul_32ns_32ns_32_4_max_dsp_1_U2127   |fmul_32ns_32ns_32_4_max_dsp_1   |        0|   3|  143|   78|    0|
    |fmul_32ns_32ns_32_4_max_dsp_1_U2128   |fmul_32ns_32ns_32_4_max_dsp_1   |        0|   3|  143|   78|    0|
    |fmul_32ns_32ns_32_4_max_dsp_1_U2129   |fmul_32ns_32ns_32_4_max_dsp_1   |        0|   3|  143|   78|    0|
    |fmul_32ns_32ns_32_4_max_dsp_1_U2130   |fmul_32ns_32ns_32_4_max_dsp_1   |        0|   3|  143|   78|    0|
    |fmul_32ns_32ns_32_4_max_dsp_1_U2131   |fmul_32ns_32ns_32_4_max_dsp_1   |        0|   3|  143|   78|    0|
    |fmul_32ns_32ns_32_4_max_dsp_1_U2132   |fmul_32ns_32ns_32_4_max_dsp_1   |        0|   3|  143|   78|    0|
    |fmul_32ns_32ns_32_4_max_dsp_1_U2133   |fmul_32ns_32ns_32_4_max_dsp_1   |        0|   3|  143|   78|    0|
    |fmul_32ns_32ns_32_4_max_dsp_1_U2134   |fmul_32ns_32ns_32_4_max_dsp_1   |        0|   3|  143|   78|    0|
    |fmul_32ns_32ns_32_4_max_dsp_1_U2135   |fmul_32ns_32ns_32_4_max_dsp_1   |        0|   3|  143|   78|    0|
    |fmul_32ns_32ns_32_4_max_dsp_1_U2136   |fmul_32ns_32ns_32_4_max_dsp_1   |        0|   3|  143|   78|    0|
    |fmul_32ns_32ns_32_4_max_dsp_1_U2137   |fmul_32ns_32ns_32_4_max_dsp_1   |        0|   3|  143|   78|    0|
    |fmul_32ns_32ns_32_4_max_dsp_1_U2138   |fmul_32ns_32ns_32_4_max_dsp_1   |        0|   3|  143|   78|    0|
    |fmul_32ns_32ns_32_4_max_dsp_1_U2139   |fmul_32ns_32ns_32_4_max_dsp_1   |        0|   3|  143|   78|    0|
    |fmul_32ns_32ns_32_4_max_dsp_1_U2140   |fmul_32ns_32ns_32_4_max_dsp_1   |        0|   3|  143|   78|    0|
    |fmul_32ns_32ns_32_4_max_dsp_1_U2141   |fmul_32ns_32ns_32_4_max_dsp_1   |        0|   3|  143|   78|    0|
    |fmul_32ns_32ns_32_4_max_dsp_1_U2142   |fmul_32ns_32ns_32_4_max_dsp_1   |        0|   3|  143|   78|    0|
    |fmul_32ns_32ns_32_4_max_dsp_1_U2143   |fmul_32ns_32ns_32_4_max_dsp_1   |        0|   3|  143|   78|    0|
    |fmul_32ns_32ns_32_4_max_dsp_1_U2144   |fmul_32ns_32ns_32_4_max_dsp_1   |        0|   3|  143|   78|    0|
    |fmul_32ns_32ns_32_4_max_dsp_1_U2145   |fmul_32ns_32ns_32_4_max_dsp_1   |        0|   3|  143|   78|    0|
    |fmul_32ns_32ns_32_4_max_dsp_1_U2146   |fmul_32ns_32ns_32_4_max_dsp_1   |        0|   3|  143|   78|    0|
    |fmul_32ns_32ns_32_4_max_dsp_1_U2147   |fmul_32ns_32ns_32_4_max_dsp_1   |        0|   3|  143|   78|    0|
    |fmul_32ns_32ns_32_4_max_dsp_1_U2148   |fmul_32ns_32ns_32_4_max_dsp_1   |        0|   3|  143|   78|    0|
    |fmul_32ns_32ns_32_4_max_dsp_1_U2149   |fmul_32ns_32ns_32_4_max_dsp_1   |        0|   3|  143|   78|    0|
    |fmul_32ns_32ns_32_4_max_dsp_1_U2150   |fmul_32ns_32ns_32_4_max_dsp_1   |        0|   3|  143|   78|    0|
    |fmul_32ns_32ns_32_4_max_dsp_1_U2151   |fmul_32ns_32ns_32_4_max_dsp_1   |        0|   3|  143|   78|    0|
    |fmul_32ns_32ns_32_4_max_dsp_1_U2152   |fmul_32ns_32ns_32_4_max_dsp_1   |        0|   3|  143|   78|    0|
    |fmul_32ns_32ns_32_4_max_dsp_1_U2153   |fmul_32ns_32ns_32_4_max_dsp_1   |        0|   3|  143|   78|    0|
    |fmul_32ns_32ns_32_4_max_dsp_1_U2154   |fmul_32ns_32ns_32_4_max_dsp_1   |        0|   3|  143|   78|    0|
    |fmul_32ns_32ns_32_4_max_dsp_1_U2155   |fmul_32ns_32ns_32_4_max_dsp_1   |        0|   3|  143|   78|    0|
    |fmul_32ns_32ns_32_4_max_dsp_1_U2156   |fmul_32ns_32ns_32_4_max_dsp_1   |        0|   3|  143|   78|    0|
    |fmul_32ns_32ns_32_4_max_dsp_1_U2157   |fmul_32ns_32ns_32_4_max_dsp_1   |        0|   3|  143|   78|    0|
    |fmul_32ns_32ns_32_4_max_dsp_1_U2158   |fmul_32ns_32ns_32_4_max_dsp_1   |        0|   3|  143|   78|    0|
    |fmul_32ns_32ns_32_4_max_dsp_1_U2159   |fmul_32ns_32ns_32_4_max_dsp_1   |        0|   3|  143|   78|    0|
    |fmul_32ns_32ns_32_4_max_dsp_1_U2160   |fmul_32ns_32ns_32_4_max_dsp_1   |        0|   3|  143|   78|    0|
    |fmul_32ns_32ns_32_4_max_dsp_1_U2161   |fmul_32ns_32ns_32_4_max_dsp_1   |        0|   3|  143|   78|    0|
    |fmul_32ns_32ns_32_4_max_dsp_1_U2162   |fmul_32ns_32ns_32_4_max_dsp_1   |        0|   3|  143|   78|    0|
    |fmul_32ns_32ns_32_4_max_dsp_1_U2163   |fmul_32ns_32ns_32_4_max_dsp_1   |        0|   3|  143|   78|    0|
    +--------------------------------------+--------------------------------+---------+----+-----+-----+-----+
    |Total                                 |                                |        0| 320|29504|17664|    0|
    +--------------------------------------+--------------------------------+---------+----+-----+-----+-----+

    * DSP: 
    N/A

    * Memory: 
    +----------+-------------------------+---------+---+----+-----+------+-----+------+-------------+
    |  Memory  |          Module         | BRAM_18K| FF| LUT| URAM| Words| Bits| Banks| W*Bits*Banks|
    +----------+-------------------------+---------+---+----+-----+------+-----+------+-------------+
    |v65_U     |node6_v65_RAM_AUTO_1R1W  |        1|  0|   0|    0|   256|   32|     1|         8192|
    |v65_1_U   |node6_v65_RAM_AUTO_1R1W  |        1|  0|   0|    0|   256|   32|     1|         8192|
    |v65_2_U   |node6_v65_RAM_AUTO_1R1W  |        1|  0|   0|    0|   256|   32|     1|         8192|
    |v65_3_U   |node6_v65_RAM_AUTO_1R1W  |        1|  0|   0|    0|   256|   32|     1|         8192|
    |v65_4_U   |node6_v65_RAM_AUTO_1R1W  |        1|  0|   0|    0|   256|   32|     1|         8192|
    |v65_5_U   |node6_v65_RAM_AUTO_1R1W  |        1|  0|   0|    0|   256|   32|     1|         8192|
    |v65_6_U   |node6_v65_RAM_AUTO_1R1W  |        1|  0|   0|    0|   256|   32|     1|         8192|
    |v65_7_U   |node6_v65_RAM_AUTO_1R1W  |        1|  0|   0|    0|   256|   32|     1|         8192|
    |v65_8_U   |node6_v65_RAM_AUTO_1R1W  |        1|  0|   0|    0|   256|   32|     1|         8192|
    |v65_9_U   |node6_v65_RAM_AUTO_1R1W  |        1|  0|   0|    0|   256|   32|     1|         8192|
    |v65_10_U  |node6_v65_RAM_AUTO_1R1W  |        1|  0|   0|    0|   256|   32|     1|         8192|
    |v65_11_U  |node6_v65_RAM_AUTO_1R1W  |        1|  0|   0|    0|   256|   32|     1|         8192|
    |v65_12_U  |node6_v65_RAM_AUTO_1R1W  |        1|  0|   0|    0|   256|   32|     1|         8192|
    |v65_13_U  |node6_v65_RAM_AUTO_1R1W  |        1|  0|   0|    0|   256|   32|     1|         8192|
    |v65_14_U  |node6_v65_RAM_AUTO_1R1W  |        1|  0|   0|    0|   256|   32|     1|         8192|
    |v65_15_U  |node6_v65_RAM_AUTO_1R1W  |        1|  0|   0|    0|   256|   32|     1|         8192|
    |v65_16_U  |node6_v65_RAM_AUTO_1R1W  |        1|  0|   0|    0|   256|   32|     1|         8192|
    |v65_17_U  |node6_v65_RAM_AUTO_1R1W  |        1|  0|   0|    0|   256|   32|     1|         8192|
    |v65_18_U  |node6_v65_RAM_AUTO_1R1W  |        1|  0|   0|    0|   256|   32|     1|         8192|
    |v65_19_U  |node6_v65_RAM_AUTO_1R1W  |        1|  0|   0|    0|   256|   32|     1|         8192|
    |v65_20_U  |node6_v65_RAM_AUTO_1R1W  |        1|  0|   0|    0|   256|   32|     1|         8192|
    |v65_21_U  |node6_v65_RAM_AUTO_1R1W  |        1|  0|   0|    0|   256|   32|     1|         8192|
    |v65_22_U  |node6_v65_RAM_AUTO_1R1W  |        1|  0|   0|    0|   256|   32|     1|         8192|
    |v65_23_U  |node6_v65_RAM_AUTO_1R1W  |        1|  0|   0|    0|   256|   32|     1|         8192|
    |v65_24_U  |node6_v65_RAM_AUTO_1R1W  |        1|  0|   0|    0|   256|   32|     1|         8192|
    |v65_25_U  |node6_v65_RAM_AUTO_1R1W  |        1|  0|   0|    0|   256|   32|     1|         8192|
    |v65_26_U  |node6_v65_RAM_AUTO_1R1W  |        1|  0|   0|    0|   256|   32|     1|         8192|
    |v65_27_U  |node6_v65_RAM_AUTO_1R1W  |        1|  0|   0|    0|   256|   32|     1|         8192|
    |v65_28_U  |node6_v65_RAM_AUTO_1R1W  |        1|  0|   0|    0|   256|   32|     1|         8192|
    |v65_29_U  |node6_v65_RAM_AUTO_1R1W  |        1|  0|   0|    0|   256|   32|     1|         8192|
    |v65_30_U  |node6_v65_RAM_AUTO_1R1W  |        1|  0|   0|    0|   256|   32|     1|         8192|
    |v65_31_U  |node6_v65_RAM_AUTO_1R1W  |        1|  0|   0|    0|   256|   32|     1|         8192|
    |v66_U     |node6_v65_RAM_AUTO_1R1W  |        1|  0|   0|    0|   256|   32|     1|         8192|
    |v66_1_U   |node6_v65_RAM_AUTO_1R1W  |        1|  0|   0|    0|   256|   32|     1|         8192|
    |v66_2_U   |node6_v65_RAM_AUTO_1R1W  |        1|  0|   0|    0|   256|   32|     1|         8192|
    |v66_3_U   |node6_v65_RAM_AUTO_1R1W  |        1|  0|   0|    0|   256|   32|     1|         8192|
    |v66_4_U   |node6_v65_RAM_AUTO_1R1W  |        1|  0|   0|    0|   256|   32|     1|         8192|
    |v66_5_U   |node6_v65_RAM_AUTO_1R1W  |        1|  0|   0|    0|   256|   32|     1|         8192|
    |v66_6_U   |node6_v65_RAM_AUTO_1R1W  |        1|  0|   0|    0|   256|   32|     1|         8192|
    |v66_7_U   |node6_v65_RAM_AUTO_1R1W  |        1|  0|   0|    0|   256|   32|     1|         8192|
    |v66_8_U   |node6_v65_RAM_AUTO_1R1W  |        1|  0|   0|    0|   256|   32|     1|         8192|
    |v66_9_U   |node6_v65_RAM_AUTO_1R1W  |        1|  0|   0|    0|   256|   32|     1|         8192|
    |v66_10_U  |node6_v65_RAM_AUTO_1R1W  |        1|  0|   0|    0|   256|   32|     1|         8192|
    |v66_11_U  |node6_v65_RAM_AUTO_1R1W  |        1|  0|   0|    0|   256|   32|     1|         8192|
    |v66_12_U  |node6_v65_RAM_AUTO_1R1W  |        1|  0|   0|    0|   256|   32|     1|         8192|
    |v66_13_U  |node6_v65_RAM_AUTO_1R1W  |        1|  0|   0|    0|   256|   32|     1|         8192|
    |v66_14_U  |node6_v65_RAM_AUTO_1R1W  |        1|  0|   0|    0|   256|   32|     1|         8192|
    |v66_15_U  |node6_v65_RAM_AUTO_1R1W  |        1|  0|   0|    0|   256|   32|     1|         8192|
    |v66_16_U  |node6_v65_RAM_AUTO_1R1W  |        1|  0|   0|    0|   256|   32|     1|         8192|
    |v66_17_U  |node6_v65_RAM_AUTO_1R1W  |        1|  0|   0|    0|   256|   32|     1|         8192|
    |v66_18_U  |node6_v65_RAM_AUTO_1R1W  |        1|  0|   0|    0|   256|   32|     1|         8192|
    |v66_19_U  |node6_v65_RAM_AUTO_1R1W  |        1|  0|   0|    0|   256|   32|     1|         8192|
    |v66_20_U  |node6_v65_RAM_AUTO_1R1W  |        1|  0|   0|    0|   256|   32|     1|         8192|
    |v66_21_U  |node6_v65_RAM_AUTO_1R1W  |        1|  0|   0|    0|   256|   32|     1|         8192|
    |v66_22_U  |node6_v65_RAM_AUTO_1R1W  |        1|  0|   0|    0|   256|   32|     1|         8192|
    |v66_23_U  |node6_v65_RAM_AUTO_1R1W  |        1|  0|   0|    0|   256|   32|     1|         8192|
    |v66_24_U  |node6_v65_RAM_AUTO_1R1W  |        1|  0|   0|    0|   256|   32|     1|         8192|
    |v66_25_U  |node6_v65_RAM_AUTO_1R1W  |        1|  0|   0|    0|   256|   32|     1|         8192|
    |v66_26_U  |node6_v65_RAM_AUTO_1R1W  |        1|  0|   0|    0|   256|   32|     1|         8192|
    |v66_27_U  |node6_v65_RAM_AUTO_1R1W  |        1|  0|   0|    0|   256|   32|     1|         8192|
    |v66_28_U  |node6_v65_RAM_AUTO_1R1W  |        1|  0|   0|    0|   256|   32|     1|         8192|
    |v66_29_U  |node6_v65_RAM_AUTO_1R1W  |        1|  0|   0|    0|   256|   32|     1|         8192|
    |v66_30_U  |node6_v65_RAM_AUTO_1R1W  |        1|  0|   0|    0|   256|   32|     1|         8192|
    |v66_31_U  |node6_v65_RAM_AUTO_1R1W  |        1|  0|   0|    0|   256|   32|     1|         8192|
    +----------+-------------------------+---------+---+----+-----+------+-----+------+-------------+
    |Total     |                         |       64|  0|   0|    0| 16384| 2048|    64|       524288|
    +----------+-------------------------+---------+---+----+-----+------+-----+------+-------------+

    * FIFO: 
    N/A

    * Expression: 
    +----------------------------------+----------+----+---+----+------------+------------+
    |           Variable Name          | Operation| DSP| FF| LUT| Bitwidth P0| Bitwidth P1|
    +----------------------------------+----------+----+---+----+------------+------------+
    |add_ln224_1_fu_3413_p2            |         +|   0|  0|  21|          14|           1|
    |add_ln224_fu_3532_p2              |         +|   0|  0|  13|           6|           1|
    |add_ln225_1_fu_3495_p2            |         +|   0|  0|  17|          10|           1|
    |add_ln225_fu_3457_p2              |         +|   0|  0|  13|           6|           1|
    |add_ln227_fu_3489_p2              |         +|   0|  0|  12|           4|           1|
    |add_ln240_fu_3583_p2              |         +|   0|  0|  15|           8|           8|
    |add_ln253_fu_3625_p2              |         +|   0|  0|  15|           8|           8|
    |and_ln224_fu_3451_p2              |       and|   0|  0|   2|           1|           1|
    |ap_condition_3844                 |       and|   0|  0|   2|           1|           1|
    |ap_condition_3869                 |       and|   0|  0|   2|           1|           1|
    |cmp101_fu_3570_p2                 |      icmp|   0|  0|  13|           6|           1|
    |cmp144_1_fu_3575_p2               |      icmp|   0|  0|  12|           5|           2|
    |cmp60_fu_3564_p2                  |      icmp|   0|  0|  13|           6|           1|
    |icmp_ln224_fu_3407_p2             |      icmp|   0|  0|  22|          14|          15|
    |icmp_ln225_fu_3425_p2             |      icmp|   0|  0|  17|          10|           9|
    |icmp_ln227_fu_3445_p2             |      icmp|   0|  0|  12|           4|           5|
    |icmp_ln234_fu_3631_p2             |      icmp|   0|  0|  12|           4|           1|
    |ap_block_pp0_stage0_11001         |        or|   0|  0|   2|           1|           1|
    |ap_block_state4_pp0_stage0_iter3  |        or|   0|  0|   2|           1|           1|
    |or_ln225_fu_3463_p2               |        or|   0|  0|   2|           1|           1|
    |grp_fu_2864_p1                    |    select|   0|  0|  32|           1|           1|
    |grp_fu_2870_p1                    |    select|   0|  0|  32|           1|           1|
    |grp_fu_2876_p1                    |    select|   0|  0|  32|           1|           1|
    |grp_fu_2882_p1                    |    select|   0|  0|  32|           1|           1|
    |grp_fu_2888_p1                    |    select|   0|  0|  32|           1|           1|
    |grp_fu_2894_p1                    |    select|   0|  0|  32|           1|           1|
    |grp_fu_2900_p1                    |    select|   0|  0|  32|           1|           1|
    |grp_fu_2906_p1                    |    select|   0|  0|  32|           1|           1|
    |grp_fu_2912_p1                    |    select|   0|  0|  32|           1|           1|
    |grp_fu_2918_p1                    |    select|   0|  0|  32|           1|           1|
    |grp_fu_2924_p1                    |    select|   0|  0|  32|           1|           1|
    |grp_fu_2930_p1                    |    select|   0|  0|  32|           1|           1|
    |grp_fu_2936_p1                    |    select|   0|  0|  32|           1|           1|
    |grp_fu_2942_p1                    |    select|   0|  0|  32|           1|           1|
    |grp_fu_2948_p1                    |    select|   0|  0|  32|           1|           1|
    |grp_fu_2954_p1                    |    select|   0|  0|  32|           1|           1|
    |grp_fu_2960_p1                    |    select|   0|  0|  32|           1|           1|
    |grp_fu_2966_p1                    |    select|   0|  0|  32|           1|           1|
    |grp_fu_2972_p1                    |    select|   0|  0|  32|           1|           1|
    |grp_fu_2978_p1                    |    select|   0|  0|  32|           1|           1|
    |grp_fu_2984_p1                    |    select|   0|  0|  32|           1|           1|
    |grp_fu_2990_p1                    |    select|   0|  0|  32|           1|           1|
    |grp_fu_2996_p1                    |    select|   0|  0|  32|           1|           1|
    |grp_fu_3002_p1                    |    select|   0|  0|  32|           1|           1|
    |grp_fu_3008_p1                    |    select|   0|  0|  32|           1|           1|
    |grp_fu_3014_p1                    |    select|   0|  0|  32|           1|           1|
    |grp_fu_3020_p1                    |    select|   0|  0|  32|           1|           1|
    |grp_fu_3026_p1                    |    select|   0|  0|  32|           1|           1|
    |grp_fu_3032_p1                    |    select|   0|  0|  32|           1|           1|
    |grp_fu_3038_p1                    |    select|   0|  0|  32|           1|           1|
    |grp_fu_3044_p1                    |    select|   0|  0|  32|           1|           1|
    |grp_fu_3050_p1                    |    select|   0|  0|  32|           1|           1|
    |select_ln224_1_fu_3538_p3         |    select|   0|  0|   6|           1|           6|
    |select_ln224_fu_3431_p3           |    select|   0|  0|   6|           1|           1|
    |select_ln225_1_fu_3477_p3         |    select|   0|  0|   6|           1|           6|
    |select_ln225_2_fu_3501_p3         |    select|   0|  0|  10|           1|           1|
    |select_ln225_fu_3469_p3           |    select|   0|  0|   4|           1|           1|
    |ap_enable_pp0                     |       xor|   0|  0|   2|           1|           2|
    |xor_ln224_fu_3439_p2              |       xor|   0|  0|   2|           1|           2|
    +----------------------------------+----------+----+---+----+------------+------------+
    |Total                             |          |   0|  0|1279|         150|         112|
    +----------------------------------+----------+----+---+----+------------+------------+

    * Multiplexer: 
    +----------------------------------------+----+-----------+-----+-----------+
    |                  Name                  | LUT| Input Size| Bits| Total Bits|
    +----------------------------------------+----+-----------+-----+-----------+
    |ap_done_int                             |   9|          2|    1|          2|
    |ap_enable_reg_pp0_iter1                 |   9|          2|    1|          2|
    |ap_sig_allocacmp_indvar_flatten71_load  |   9|          2|   14|         28|
    |ap_sig_allocacmp_indvar_flatten_load    |   9|          2|   10|         20|
    |ap_sig_allocacmp_v68_load               |   9|          2|    6|         12|
    |ap_sig_allocacmp_v69_load               |   9|          2|    6|         12|
    |ap_sig_allocacmp_v71_load               |   9|          2|    4|          8|
    |indvar_flatten71_fu_268                 |   9|          2|   14|         28|
    |indvar_flatten_fu_260                   |   9|          2|   10|         20|
    |v344_0_0_0_blk_n                        |   9|          2|    1|          2|
    |v344_0_0_1_blk_n                        |   9|          2|    1|          2|
    |v344_0_1_0_blk_n                        |   9|          2|    1|          2|
    |v344_0_1_1_blk_n                        |   9|          2|    1|          2|
    |v344_1_0_0_blk_n                        |   9|          2|    1|          2|
    |v344_1_0_1_blk_n                        |   9|          2|    1|          2|
    |v344_1_1_0_blk_n                        |   9|          2|    1|          2|
    |v344_1_1_1_blk_n                        |   9|          2|    1|          2|
    |v344_2_0_0_blk_n                        |   9|          2|    1|          2|
    |v344_2_0_1_blk_n                        |   9|          2|    1|          2|
    |v344_2_1_0_blk_n                        |   9|          2|    1|          2|
    |v344_2_1_1_blk_n                        |   9|          2|    1|          2|
    |v344_3_0_0_blk_n                        |   9|          2|    1|          2|
    |v344_3_0_1_blk_n                        |   9|          2|    1|          2|
    |v344_3_1_0_blk_n                        |   9|          2|    1|          2|
    |v344_3_1_1_blk_n                        |   9|          2|    1|          2|
    |v344_4_0_0_blk_n                        |   9|          2|    1|          2|
    |v344_4_0_1_blk_n                        |   9|          2|    1|          2|
    |v344_4_1_0_blk_n                        |   9|          2|    1|          2|
    |v344_4_1_1_blk_n                        |   9|          2|    1|          2|
    |v344_5_0_0_blk_n                        |   9|          2|    1|          2|
    |v344_5_0_1_blk_n                        |   9|          2|    1|          2|
    |v344_5_1_0_blk_n                        |   9|          2|    1|          2|
    |v344_5_1_1_blk_n                        |   9|          2|    1|          2|
    |v344_6_0_0_blk_n                        |   9|          2|    1|          2|
    |v344_6_0_1_blk_n                        |   9|          2|    1|          2|
    |v344_6_1_0_blk_n                        |   9|          2|    1|          2|
    |v344_6_1_1_blk_n                        |   9|          2|    1|          2|
    |v344_7_0_0_blk_n                        |   9|          2|    1|          2|
    |v344_7_0_1_blk_n                        |   9|          2|    1|          2|
    |v344_7_1_0_blk_n                        |   9|          2|    1|          2|
    |v344_7_1_1_blk_n                        |   9|          2|    1|          2|
    |v68_fu_264                              |   9|          2|    6|         12|
    |v69_fu_256                              |   9|          2|    6|         12|
    |v71_fu_252                              |   9|          2|    4|          8|
    +----------------------------------------+----+-----------+-----+-----------+
    |Total                                   | 396|         88|  114|        228|
    +----------------------------------------+----+-----------+-----+-----------+

    * Register: 
    +-----------------------------------+----+----+-----+-----------+
    |                Name               | FF | LUT| Bits| Const Bits|
    +-----------------------------------+----+----+-----+-----------+
    |add_ln253_reg_4937                 |   8|   0|    8|          0|
    |ap_CS_fsm                          |   1|   0|    1|          0|
    |ap_done_reg                        |   1|   0|    1|          0|
    |ap_enable_reg_pp0_iter1            |   1|   0|    1|          0|
    |ap_enable_reg_pp0_iter10           |   1|   0|    1|          0|
    |ap_enable_reg_pp0_iter11           |   1|   0|    1|          0|
    |ap_enable_reg_pp0_iter12           |   1|   0|    1|          0|
    |ap_enable_reg_pp0_iter13           |   1|   0|    1|          0|
    |ap_enable_reg_pp0_iter14           |   1|   0|    1|          0|
    |ap_enable_reg_pp0_iter15           |   1|   0|    1|          0|
    |ap_enable_reg_pp0_iter16           |   1|   0|    1|          0|
    |ap_enable_reg_pp0_iter17           |   1|   0|    1|          0|
    |ap_enable_reg_pp0_iter18           |   1|   0|    1|          0|
    |ap_enable_reg_pp0_iter19           |   1|   0|    1|          0|
    |ap_enable_reg_pp0_iter2            |   1|   0|    1|          0|
    |ap_enable_reg_pp0_iter20           |   1|   0|    1|          0|
    |ap_enable_reg_pp0_iter21           |   1|   0|    1|          0|
    |ap_enable_reg_pp0_iter3            |   1|   0|    1|          0|
    |ap_enable_reg_pp0_iter4            |   1|   0|    1|          0|
    |ap_enable_reg_pp0_iter5            |   1|   0|    1|          0|
    |ap_enable_reg_pp0_iter6            |   1|   0|    1|          0|
    |ap_enable_reg_pp0_iter7            |   1|   0|    1|          0|
    |ap_enable_reg_pp0_iter8            |   1|   0|    1|          0|
    |ap_enable_reg_pp0_iter9            |   1|   0|    1|          0|
    |ap_loop_exit_ready_pp0_iter10_reg  |   1|   0|    1|          0|
    |ap_loop_exit_ready_pp0_iter11_reg  |   1|   0|    1|          0|
    |ap_loop_exit_ready_pp0_iter12_reg  |   1|   0|    1|          0|
    |ap_loop_exit_ready_pp0_iter13_reg  |   1|   0|    1|          0|
    |ap_loop_exit_ready_pp0_iter14_reg  |   1|   0|    1|          0|
    |ap_loop_exit_ready_pp0_iter15_reg  |   1|   0|    1|          0|
    |ap_loop_exit_ready_pp0_iter16_reg  |   1|   0|    1|          0|
    |ap_loop_exit_ready_pp0_iter17_reg  |   1|   0|    1|          0|
    |ap_loop_exit_ready_pp0_iter18_reg  |   1|   0|    1|          0|
    |ap_loop_exit_ready_pp0_iter19_reg  |   1|   0|    1|          0|
    |ap_loop_exit_ready_pp0_iter1_reg   |   1|   0|    1|          0|
    |ap_loop_exit_ready_pp0_iter20_reg  |   1|   0|    1|          0|
    |ap_loop_exit_ready_pp0_iter2_reg   |   1|   0|    1|          0|
    |ap_loop_exit_ready_pp0_iter3_reg   |   1|   0|    1|          0|
    |ap_loop_exit_ready_pp0_iter4_reg   |   1|   0|    1|          0|
    |ap_loop_exit_ready_pp0_iter5_reg   |   1|   0|    1|          0|
    |ap_loop_exit_ready_pp0_iter6_reg   |   1|   0|    1|          0|
    |ap_loop_exit_ready_pp0_iter7_reg   |   1|   0|    1|          0|
    |ap_loop_exit_ready_pp0_iter8_reg   |   1|   0|    1|          0|
    |ap_loop_exit_ready_pp0_iter9_reg   |   1|   0|    1|          0|
    |ap_loop_init_pp0_iter1_reg         |   1|   0|    1|          0|
    |cmp101_reg_4701                    |   1|   0|    1|          0|
    |cmp144_1_reg_4737                  |   1|   0|    1|          0|
    |cmp60_reg_4697                     |   1|   0|    1|          0|
    |empty_21_fu_280                    |  32|   0|   32|          0|
    |empty_22_fu_284                    |  32|   0|   32|          0|
    |empty_23_fu_288                    |  32|   0|   32|          0|
    |empty_24_fu_292                    |  32|   0|   32|          0|
    |empty_25_fu_296                    |  32|   0|   32|          0|
    |empty_26_fu_300                    |  32|   0|   32|          0|
    |empty_27_fu_308                    |  32|   0|   32|          0|
    |empty_28_fu_312                    |  32|   0|   32|          0|
    |empty_29_fu_316                    |  32|   0|   32|          0|
    |empty_30_fu_320                    |  32|   0|   32|          0|
    |empty_31_fu_324                    |  32|   0|   32|          0|
    |empty_32_fu_328                    |  32|   0|   32|          0|
    |empty_33_fu_332                    |  32|   0|   32|          0|
    |empty_34_fu_340                    |  32|   0|   32|          0|
    |empty_35_fu_344                    |  32|   0|   32|          0|
    |empty_36_fu_348                    |  32|   0|   32|          0|
    |empty_37_fu_352                    |  32|   0|   32|          0|
    |empty_38_fu_356                    |  32|   0|   32|          0|
    |empty_39_fu_360                    |  32|   0|   32|          0|
    |empty_40_fu_364                    |  32|   0|   32|          0|
    |empty_41_fu_372                    |  32|   0|   32|          0|
    |empty_42_fu_376                    |  32|   0|   32|          0|
    |empty_43_fu_380                    |  32|   0|   32|          0|
    |empty_44_fu_384                    |  32|   0|   32|          0|
    |empty_45_fu_388                    |  32|   0|   32|          0|
    |empty_46_fu_392                    |  32|   0|   32|          0|
    |empty_47_fu_396                    |  32|   0|   32|          0|
    |empty_fu_276                       |  32|   0|   32|          0|
    |icmp_ln225_reg_4675                |   1|   0|    1|          0|
    |icmp_ln234_reg_4942                |   1|   0|    1|          0|
    |icmp_ln234_reg_4942_pp0_iter2_reg  |   1|   0|    1|          0|
    |indvar_flatten71_fu_268            |  14|   0|   14|          0|
    |indvar_flatten_fu_260              |  10|   0|   10|          0|
    |mux_case_01_fu_272                 |  32|   0|   32|          0|
    |mux_case_034318_fu_336             |  32|   0|   32|          0|
    |mux_case_12159_fu_304              |  32|   0|   32|          0|
    |mux_case_148727_fu_368             |  32|   0|   32|          0|
    |select_ln225_1_reg_4686            |   6|   0|    6|          0|
    |select_ln225_reg_4680              |   4|   0|    4|          0|
    |tmp10_reg_6232                     |  32|   0|   32|          0|
    |tmp11_reg_6237                     |  32|   0|   32|          0|
    |tmp12_reg_6242                     |  32|   0|   32|          0|
    |tmp13_reg_6247                     |  32|   0|   32|          0|
    |tmp14_reg_6252                     |  32|   0|   32|          0|
    |tmp15_reg_6257                     |  32|   0|   32|          0|
    |tmp16_reg_6102                     |  32|   0|   32|          0|
    |tmp17_reg_6112                     |  32|   0|   32|          0|
    |tmp18_reg_6122                     |  32|   0|   32|          0|
    |tmp19_reg_6132                     |  32|   0|   32|          0|
    |tmp1_reg_6187                      |  32|   0|   32|          0|
    |tmp20_reg_6142                     |  32|   0|   32|          0|
    |tmp21_reg_6152                     |  32|   0|   32|          0|
    |tmp22_reg_6162                     |  32|   0|   32|          0|
    |tmp23_reg_6172                     |  32|   0|   32|          0|
    |tmp24_reg_6177                     |  32|   0|   32|          0|
    |tmp25_reg_6167                     |  32|   0|   32|          0|
    |tmp26_reg_6157                     |  32|   0|   32|          0|
    |tmp27_reg_6147                     |  32|   0|   32|          0|
    |tmp28_reg_6137                     |  32|   0|   32|          0|
    |tmp29_reg_6127                     |  32|   0|   32|          0|
    |tmp2_reg_6192                      |  32|   0|   32|          0|
    |tmp30_reg_6117                     |  32|   0|   32|          0|
    |tmp31_reg_6107                     |  32|   0|   32|          0|
    |tmp3_reg_6197                      |  32|   0|   32|          0|
    |tmp4_reg_6202                      |  32|   0|   32|          0|
    |tmp5_reg_6207                      |  32|   0|   32|          0|
    |tmp6_reg_6212                      |  32|   0|   32|          0|
    |tmp7_reg_6217                      |  32|   0|   32|          0|
    |tmp8_reg_6222                      |  32|   0|   32|          0|
    |tmp9_reg_6227                      |  32|   0|   32|          0|
    |tmp_reg_6182                       |  32|   0|   32|          0|
    |trunc_ln253_reg_4691               |   5|   0|    5|          0|
    |v65_10_addr_reg_5970               |   8|   0|    8|          0|
    |v65_11_addr_reg_5976               |   8|   0|    8|          0|
    |v65_12_addr_reg_5982               |   8|   0|    8|          0|
    |v65_13_addr_reg_5988               |   8|   0|    8|          0|
    |v65_14_addr_reg_5994               |   8|   0|    8|          0|
    |v65_15_addr_reg_6000               |   8|   0|    8|          0|
    |v65_16_addr_reg_6006               |   8|   0|    8|          0|
    |v65_17_addr_reg_6012               |   8|   0|    8|          0|
    |v65_18_addr_reg_6018               |   8|   0|    8|          0|
    |v65_19_addr_reg_6024               |   8|   0|    8|          0|
    |v65_1_addr_reg_5916                |   8|   0|    8|          0|
    |v65_20_addr_reg_6030               |   8|   0|    8|          0|
    |v65_21_addr_reg_6036               |   8|   0|    8|          0|
    |v65_22_addr_reg_6042               |   8|   0|    8|          0|
    |v65_23_addr_reg_6048               |   8|   0|    8|          0|
    |v65_24_addr_reg_6054               |   8|   0|    8|          0|
    |v65_25_addr_reg_6060               |   8|   0|    8|          0|
    |v65_26_addr_reg_6066               |   8|   0|    8|          0|
    |v65_27_addr_reg_6072               |   8|   0|    8|          0|
    |v65_28_addr_reg_6078               |   8|   0|    8|          0|
    |v65_29_addr_reg_6084               |   8|   0|    8|          0|
    |v65_2_addr_reg_5922                |   8|   0|    8|          0|
    |v65_30_addr_reg_6090               |   8|   0|    8|          0|
    |v65_31_addr_reg_6096               |   8|   0|    8|          0|
    |v65_3_addr_reg_5928                |   8|   0|    8|          0|
    |v65_4_addr_reg_5934                |   8|   0|    8|          0|
    |v65_5_addr_reg_5940                |   8|   0|    8|          0|
    |v65_6_addr_reg_5946                |   8|   0|    8|          0|
    |v65_7_addr_reg_5952                |   8|   0|    8|          0|
    |v65_8_addr_reg_5958                |   8|   0|    8|          0|
    |v65_9_addr_reg_5964                |   8|   0|    8|          0|
    |v65_addr_reg_5910                  |   8|   0|    8|          0|
    |v66_10_addr_reg_4996               |   8|   0|    8|          0|
    |v66_11_addr_reg_5001               |   8|   0|    8|          0|
    |v66_12_addr_reg_5006               |   8|   0|    8|          0|
    |v66_13_addr_reg_5011               |   8|   0|    8|          0|
    |v66_14_addr_reg_5016               |   8|   0|    8|          0|
    |v66_15_addr_reg_5021               |   8|   0|    8|          0|
    |v66_16_addr_reg_5026               |   8|   0|    8|          0|
    |v66_17_addr_reg_5031               |   8|   0|    8|          0|
    |v66_18_addr_reg_5036               |   8|   0|    8|          0|
    |v66_19_addr_reg_5041               |   8|   0|    8|          0|
    |v66_1_addr_reg_4951                |   8|   0|    8|          0|
    |v66_20_addr_reg_5046               |   8|   0|    8|          0|
    |v66_21_addr_reg_5051               |   8|   0|    8|          0|
    |v66_22_addr_reg_5056               |   8|   0|    8|          0|
    |v66_23_addr_reg_5061               |   8|   0|    8|          0|
    |v66_24_addr_reg_5066               |   8|   0|    8|          0|
    |v66_25_addr_reg_5071               |   8|   0|    8|          0|
    |v66_26_addr_reg_5076               |   8|   0|    8|          0|
    |v66_27_addr_reg_5081               |   8|   0|    8|          0|
    |v66_28_addr_reg_5086               |   8|   0|    8|          0|
    |v66_29_addr_reg_5091               |   8|   0|    8|          0|
    |v66_2_addr_reg_4956                |   8|   0|    8|          0|
    |v66_30_addr_reg_5096               |   8|   0|    8|          0|
    |v66_31_addr_reg_5101               |   8|   0|    8|          0|
    |v66_3_addr_reg_4961                |   8|   0|    8|          0|
    |v66_4_addr_reg_4966                |   8|   0|    8|          0|
    |v66_5_addr_reg_4971                |   8|   0|    8|          0|
    |v66_6_addr_reg_4976                |   8|   0|    8|          0|
    |v66_7_addr_reg_4981                |   8|   0|    8|          0|
    |v66_8_addr_reg_4986                |   8|   0|    8|          0|
    |v66_9_addr_reg_4991                |   8|   0|    8|          0|
    |v66_addr_reg_4946                  |   8|   0|    8|          0|
    |v68_fu_264                         |   6|   0|    6|          0|
    |v69_fu_256                         |   6|   0|    6|          0|
    |v71_fu_252                         |   4|   0|    4|          0|
    |v81_10_reg_5604                    |  32|   0|   32|          0|
    |v81_11_reg_5609                    |  32|   0|   32|          0|
    |v81_12_reg_5614                    |  32|   0|   32|          0|
    |v81_13_reg_5619                    |  32|   0|   32|          0|
    |v81_14_reg_5624                    |  32|   0|   32|          0|
    |v81_15_reg_5629                    |  32|   0|   32|          0|
    |v81_16_reg_5634                    |  32|   0|   32|          0|
    |v81_17_reg_5639                    |  32|   0|   32|          0|
    |v81_18_reg_5644                    |  32|   0|   32|          0|
    |v81_19_reg_5649                    |  32|   0|   32|          0|
    |v81_1_reg_5559                     |  32|   0|   32|          0|
    |v81_20_reg_5654                    |  32|   0|   32|          0|
    |v81_21_reg_5659                    |  32|   0|   32|          0|
    |v81_22_reg_5664                    |  32|   0|   32|          0|
    |v81_23_reg_5669                    |  32|   0|   32|          0|
    |v81_24_reg_5674                    |  32|   0|   32|          0|
    |v81_25_reg_5679                    |  32|   0|   32|          0|
    |v81_26_reg_5684                    |  32|   0|   32|          0|
    |v81_27_reg_5689                    |  32|   0|   32|          0|
    |v81_28_reg_5694                    |  32|   0|   32|          0|
    |v81_29_reg_5699                    |  32|   0|   32|          0|
    |v81_2_reg_5564                     |  32|   0|   32|          0|
    |v81_30_reg_5704                    |  32|   0|   32|          0|
    |v81_31_reg_5709                    |  32|   0|   32|          0|
    |v81_32_reg_5714                    |  32|   0|   32|          0|
    |v81_33_reg_5719                    |  32|   0|   32|          0|
    |v81_34_reg_5724                    |  32|   0|   32|          0|
    |v81_35_reg_5729                    |  32|   0|   32|          0|
    |v81_36_reg_5734                    |  32|   0|   32|          0|
    |v81_37_reg_5739                    |  32|   0|   32|          0|
    |v81_38_reg_5744                    |  32|   0|   32|          0|
    |v81_39_reg_5749                    |  32|   0|   32|          0|
    |v81_3_reg_5569                     |  32|   0|   32|          0|
    |v81_40_reg_5754                    |  32|   0|   32|          0|
    |v81_41_reg_5759                    |  32|   0|   32|          0|
    |v81_42_reg_5764                    |  32|   0|   32|          0|
    |v81_43_reg_5769                    |  32|   0|   32|          0|
    |v81_44_reg_5774                    |  32|   0|   32|          0|
    |v81_45_reg_5779                    |  32|   0|   32|          0|
    |v81_46_reg_5784                    |  32|   0|   32|          0|
    |v81_47_reg_5789                    |  32|   0|   32|          0|
    |v81_48_reg_5794                    |  32|   0|   32|          0|
    |v81_49_reg_5799                    |  32|   0|   32|          0|
    |v81_4_reg_5574                     |  32|   0|   32|          0|
    |v81_50_reg_5804                    |  32|   0|   32|          0|
    |v81_51_reg_5809                    |  32|   0|   32|          0|
    |v81_52_reg_5814                    |  32|   0|   32|          0|
    |v81_53_reg_5819                    |  32|   0|   32|          0|
    |v81_54_reg_5824                    |  32|   0|   32|          0|
    |v81_55_reg_5829                    |  32|   0|   32|          0|
    |v81_56_reg_5834                    |  32|   0|   32|          0|
    |v81_57_reg_5839                    |  32|   0|   32|          0|
    |v81_58_reg_5844                    |  32|   0|   32|          0|
    |v81_59_reg_5849                    |  32|   0|   32|          0|
    |v81_5_reg_5579                     |  32|   0|   32|          0|
    |v81_60_reg_5854                    |  32|   0|   32|          0|
    |v81_61_reg_5859                    |  32|   0|   32|          0|
    |v81_62_reg_5864                    |  32|   0|   32|          0|
    |v81_63_reg_5869                    |  32|   0|   32|          0|
    |v81_6_reg_5584                     |  32|   0|   32|          0|
    |v81_7_reg_5589                     |  32|   0|   32|          0|
    |v81_8_reg_5594                     |  32|   0|   32|          0|
    |v81_9_reg_5599                     |  32|   0|   32|          0|
    |v81_reg_5554                       |  32|   0|   32|          0|
    |zext_ln240_1_reg_4741              |   8|   0|   64|         56|
    |zext_ln253_reg_5874                |   8|   0|   64|         56|
    |add_ln253_reg_4937                 |  64|  32|    8|          0|
    |cmp101_reg_4701                    |  64|  32|    1|          0|
    |cmp144_1_reg_4737                  |  64|  32|    1|          0|
    |v65_10_addr_reg_5970               |  64|  32|    8|          0|
    |v65_11_addr_reg_5976               |  64|  32|    8|          0|
    |v65_12_addr_reg_5982               |  64|  32|    8|          0|
    |v65_13_addr_reg_5988               |  64|  32|    8|          0|
    |v65_14_addr_reg_5994               |  64|  32|    8|          0|
    |v65_15_addr_reg_6000               |  64|  32|    8|          0|
    |v65_16_addr_reg_6006               |  64|  32|    8|          0|
    |v65_17_addr_reg_6012               |  64|  32|    8|          0|
    |v65_18_addr_reg_6018               |  64|  32|    8|          0|
    |v65_19_addr_reg_6024               |  64|  32|    8|          0|
    |v65_1_addr_reg_5916                |  64|  32|    8|          0|
    |v65_20_addr_reg_6030               |  64|  32|    8|          0|
    |v65_21_addr_reg_6036               |  64|  32|    8|          0|
    |v65_22_addr_reg_6042               |  64|  32|    8|          0|
    |v65_23_addr_reg_6048               |  64|  32|    8|          0|
    |v65_24_addr_reg_6054               |  64|  32|    8|          0|
    |v65_25_addr_reg_6060               |  64|  32|    8|          0|
    |v65_26_addr_reg_6066               |  64|  32|    8|          0|
    |v65_27_addr_reg_6072               |  64|  32|    8|          0|
    |v65_28_addr_reg_6078               |  64|  32|    8|          0|
    |v65_29_addr_reg_6084               |  64|  32|    8|          0|
    |v65_2_addr_reg_5922                |  64|  32|    8|          0|
    |v65_30_addr_reg_6090               |  64|  32|    8|          0|
    |v65_31_addr_reg_6096               |  64|  32|    8|          0|
    |v65_3_addr_reg_5928                |  64|  32|    8|          0|
    |v65_4_addr_reg_5934                |  64|  32|    8|          0|
    |v65_5_addr_reg_5940                |  64|  32|    8|          0|
    |v65_6_addr_reg_5946                |  64|  32|    8|          0|
    |v65_7_addr_reg_5952                |  64|  32|    8|          0|
    |v65_8_addr_reg_5958                |  64|  32|    8|          0|
    |v65_9_addr_reg_5964                |  64|  32|    8|          0|
    |v65_addr_reg_5910                  |  64|  32|    8|          0|
    |zext_ln253_reg_5874                |  64|  32|   64|         56|
    +-----------------------------------+----+----+-----+-----------+
    |Total                              |7041|1152| 5179|        168|
    +-----------------------------------+----+----+-----+-----------+



================================================================
== Interface
================================================================
* Summary: 
+---------------------------+-----+-----+------------+--------------+--------------+
|         RTL Ports         | Dir | Bits|  Protocol  | Source Object|    C Type    |
+---------------------------+-----+-----+------------+--------------+--------------+
|ap_clk                     |   in|    1|  ap_ctrl_hs|         node6|  return value|
|ap_rst                     |   in|    1|  ap_ctrl_hs|         node6|  return value|
|ap_start                   |   in|    1|  ap_ctrl_hs|         node6|  return value|
|ap_done                    |  out|    1|  ap_ctrl_hs|         node6|  return value|
|ap_continue                |   in|    1|  ap_ctrl_hs|         node6|  return value|
|ap_idle                    |  out|    1|  ap_ctrl_hs|         node6|  return value|
|ap_ready                   |  out|    1|  ap_ctrl_hs|         node6|  return value|
|v344_0_0_0_dout            |   in|   32|     ap_fifo|    v344_0_0_0|       pointer|
|v344_0_0_0_num_data_valid  |   in|   11|     ap_fifo|    v344_0_0_0|       pointer|
|v344_0_0_0_fifo_cap        |   in|   11|     ap_fifo|    v344_0_0_0|       pointer|
|v344_0_0_0_empty_n         |   in|    1|     ap_fifo|    v344_0_0_0|       pointer|
|v344_0_0_0_read            |  out|    1|     ap_fifo|    v344_0_0_0|       pointer|
|v344_1_0_0_dout            |   in|   32|     ap_fifo|    v344_1_0_0|       pointer|
|v344_1_0_0_num_data_valid  |   in|   11|     ap_fifo|    v344_1_0_0|       pointer|
|v344_1_0_0_fifo_cap        |   in|   11|     ap_fifo|    v344_1_0_0|       pointer|
|v344_1_0_0_empty_n         |   in|    1|     ap_fifo|    v344_1_0_0|       pointer|
|v344_1_0_0_read            |  out|    1|     ap_fifo|    v344_1_0_0|       pointer|
|v344_2_0_0_dout            |   in|   32|     ap_fifo|    v344_2_0_0|       pointer|
|v344_2_0_0_num_data_valid  |   in|   11|     ap_fifo|    v344_2_0_0|       pointer|
|v344_2_0_0_fifo_cap        |   in|   11|     ap_fifo|    v344_2_0_0|       pointer|
|v344_2_0_0_empty_n         |   in|    1|     ap_fifo|    v344_2_0_0|       pointer|
|v344_2_0_0_read            |  out|    1|     ap_fifo|    v344_2_0_0|       pointer|
|v344_3_0_0_dout            |   in|   32|     ap_fifo|    v344_3_0_0|       pointer|
|v344_3_0_0_num_data_valid  |   in|   11|     ap_fifo|    v344_3_0_0|       pointer|
|v344_3_0_0_fifo_cap        |   in|   11|     ap_fifo|    v344_3_0_0|       pointer|
|v344_3_0_0_empty_n         |   in|    1|     ap_fifo|    v344_3_0_0|       pointer|
|v344_3_0_0_read            |  out|    1|     ap_fifo|    v344_3_0_0|       pointer|
|v344_4_0_0_dout            |   in|   32|     ap_fifo|    v344_4_0_0|       pointer|
|v344_4_0_0_num_data_valid  |   in|   11|     ap_fifo|    v344_4_0_0|       pointer|
|v344_4_0_0_fifo_cap        |   in|   11|     ap_fifo|    v344_4_0_0|       pointer|
|v344_4_0_0_empty_n         |   in|    1|     ap_fifo|    v344_4_0_0|       pointer|
|v344_4_0_0_read            |  out|    1|     ap_fifo|    v344_4_0_0|       pointer|
|v344_5_0_0_dout            |   in|   32|     ap_fifo|    v344_5_0_0|       pointer|
|v344_5_0_0_num_data_valid  |   in|   11|     ap_fifo|    v344_5_0_0|       pointer|
|v344_5_0_0_fifo_cap        |   in|   11|     ap_fifo|    v344_5_0_0|       pointer|
|v344_5_0_0_empty_n         |   in|    1|     ap_fifo|    v344_5_0_0|       pointer|
|v344_5_0_0_read            |  out|    1|     ap_fifo|    v344_5_0_0|       pointer|
|v344_6_0_0_dout            |   in|   32|     ap_fifo|    v344_6_0_0|       pointer|
|v344_6_0_0_num_data_valid  |   in|   11|     ap_fifo|    v344_6_0_0|       pointer|
|v344_6_0_0_fifo_cap        |   in|   11|     ap_fifo|    v344_6_0_0|       pointer|
|v344_6_0_0_empty_n         |   in|    1|     ap_fifo|    v344_6_0_0|       pointer|
|v344_6_0_0_read            |  out|    1|     ap_fifo|    v344_6_0_0|       pointer|
|v344_7_0_0_dout            |   in|   32|     ap_fifo|    v344_7_0_0|       pointer|
|v344_7_0_0_num_data_valid  |   in|   11|     ap_fifo|    v344_7_0_0|       pointer|
|v344_7_0_0_fifo_cap        |   in|   11|     ap_fifo|    v344_7_0_0|       pointer|
|v344_7_0_0_empty_n         |   in|    1|     ap_fifo|    v344_7_0_0|       pointer|
|v344_7_0_0_read            |  out|    1|     ap_fifo|    v344_7_0_0|       pointer|
|v344_0_0_1_dout            |   in|   32|     ap_fifo|    v344_0_0_1|       pointer|
|v344_0_0_1_num_data_valid  |   in|   11|     ap_fifo|    v344_0_0_1|       pointer|
|v344_0_0_1_fifo_cap        |   in|   11|     ap_fifo|    v344_0_0_1|       pointer|
|v344_0_0_1_empty_n         |   in|    1|     ap_fifo|    v344_0_0_1|       pointer|
|v344_0_0_1_read            |  out|    1|     ap_fifo|    v344_0_0_1|       pointer|
|v344_1_0_1_dout            |   in|   32|     ap_fifo|    v344_1_0_1|       pointer|
|v344_1_0_1_num_data_valid  |   in|   11|     ap_fifo|    v344_1_0_1|       pointer|
|v344_1_0_1_fifo_cap        |   in|   11|     ap_fifo|    v344_1_0_1|       pointer|
|v344_1_0_1_empty_n         |   in|    1|     ap_fifo|    v344_1_0_1|       pointer|
|v344_1_0_1_read            |  out|    1|     ap_fifo|    v344_1_0_1|       pointer|
|v344_2_0_1_dout            |   in|   32|     ap_fifo|    v344_2_0_1|       pointer|
|v344_2_0_1_num_data_valid  |   in|   11|     ap_fifo|    v344_2_0_1|       pointer|
|v344_2_0_1_fifo_cap        |   in|   11|     ap_fifo|    v344_2_0_1|       pointer|
|v344_2_0_1_empty_n         |   in|    1|     ap_fifo|    v344_2_0_1|       pointer|
|v344_2_0_1_read            |  out|    1|     ap_fifo|    v344_2_0_1|       pointer|
|v344_3_0_1_dout            |   in|   32|     ap_fifo|    v344_3_0_1|       pointer|
|v344_3_0_1_num_data_valid  |   in|   11|     ap_fifo|    v344_3_0_1|       pointer|
|v344_3_0_1_fifo_cap        |   in|   11|     ap_fifo|    v344_3_0_1|       pointer|
|v344_3_0_1_empty_n         |   in|    1|     ap_fifo|    v344_3_0_1|       pointer|
|v344_3_0_1_read            |  out|    1|     ap_fifo|    v344_3_0_1|       pointer|
|v344_4_0_1_dout            |   in|   32|     ap_fifo|    v344_4_0_1|       pointer|
|v344_4_0_1_num_data_valid  |   in|   11|     ap_fifo|    v344_4_0_1|       pointer|
|v344_4_0_1_fifo_cap        |   in|   11|     ap_fifo|    v344_4_0_1|       pointer|
|v344_4_0_1_empty_n         |   in|    1|     ap_fifo|    v344_4_0_1|       pointer|
|v344_4_0_1_read            |  out|    1|     ap_fifo|    v344_4_0_1|       pointer|
|v344_5_0_1_dout            |   in|   32|     ap_fifo|    v344_5_0_1|       pointer|
|v344_5_0_1_num_data_valid  |   in|   11|     ap_fifo|    v344_5_0_1|       pointer|
|v344_5_0_1_fifo_cap        |   in|   11|     ap_fifo|    v344_5_0_1|       pointer|
|v344_5_0_1_empty_n         |   in|    1|     ap_fifo|    v344_5_0_1|       pointer|
|v344_5_0_1_read            |  out|    1|     ap_fifo|    v344_5_0_1|       pointer|
|v344_6_0_1_dout            |   in|   32|     ap_fifo|    v344_6_0_1|       pointer|
|v344_6_0_1_num_data_valid  |   in|   11|     ap_fifo|    v344_6_0_1|       pointer|
|v344_6_0_1_fifo_cap        |   in|   11|     ap_fifo|    v344_6_0_1|       pointer|
|v344_6_0_1_empty_n         |   in|    1|     ap_fifo|    v344_6_0_1|       pointer|
|v344_6_0_1_read            |  out|    1|     ap_fifo|    v344_6_0_1|       pointer|
|v344_7_0_1_dout            |   in|   32|     ap_fifo|    v344_7_0_1|       pointer|
|v344_7_0_1_num_data_valid  |   in|   11|     ap_fifo|    v344_7_0_1|       pointer|
|v344_7_0_1_fifo_cap        |   in|   11|     ap_fifo|    v344_7_0_1|       pointer|
|v344_7_0_1_empty_n         |   in|    1|     ap_fifo|    v344_7_0_1|       pointer|
|v344_7_0_1_read            |  out|    1|     ap_fifo|    v344_7_0_1|       pointer|
|v344_0_1_0_dout            |   in|   32|     ap_fifo|    v344_0_1_0|       pointer|
|v344_0_1_0_num_data_valid  |   in|   11|     ap_fifo|    v344_0_1_0|       pointer|
|v344_0_1_0_fifo_cap        |   in|   11|     ap_fifo|    v344_0_1_0|       pointer|
|v344_0_1_0_empty_n         |   in|    1|     ap_fifo|    v344_0_1_0|       pointer|
|v344_0_1_0_read            |  out|    1|     ap_fifo|    v344_0_1_0|       pointer|
|v344_1_1_0_dout            |   in|   32|     ap_fifo|    v344_1_1_0|       pointer|
|v344_1_1_0_num_data_valid  |   in|   11|     ap_fifo|    v344_1_1_0|       pointer|
|v344_1_1_0_fifo_cap        |   in|   11|     ap_fifo|    v344_1_1_0|       pointer|
|v344_1_1_0_empty_n         |   in|    1|     ap_fifo|    v344_1_1_0|       pointer|
|v344_1_1_0_read            |  out|    1|     ap_fifo|    v344_1_1_0|       pointer|
|v344_2_1_0_dout            |   in|   32|     ap_fifo|    v344_2_1_0|       pointer|
|v344_2_1_0_num_data_valid  |   in|   11|     ap_fifo|    v344_2_1_0|       pointer|
|v344_2_1_0_fifo_cap        |   in|   11|     ap_fifo|    v344_2_1_0|       pointer|
|v344_2_1_0_empty_n         |   in|    1|     ap_fifo|    v344_2_1_0|       pointer|
|v344_2_1_0_read            |  out|    1|     ap_fifo|    v344_2_1_0|       pointer|
|v344_3_1_0_dout            |   in|   32|     ap_fifo|    v344_3_1_0|       pointer|
|v344_3_1_0_num_data_valid  |   in|   11|     ap_fifo|    v344_3_1_0|       pointer|
|v344_3_1_0_fifo_cap        |   in|   11|     ap_fifo|    v344_3_1_0|       pointer|
|v344_3_1_0_empty_n         |   in|    1|     ap_fifo|    v344_3_1_0|       pointer|
|v344_3_1_0_read            |  out|    1|     ap_fifo|    v344_3_1_0|       pointer|
|v344_4_1_0_dout            |   in|   32|     ap_fifo|    v344_4_1_0|       pointer|
|v344_4_1_0_num_data_valid  |   in|   11|     ap_fifo|    v344_4_1_0|       pointer|
|v344_4_1_0_fifo_cap        |   in|   11|     ap_fifo|    v344_4_1_0|       pointer|
|v344_4_1_0_empty_n         |   in|    1|     ap_fifo|    v344_4_1_0|       pointer|
|v344_4_1_0_read            |  out|    1|     ap_fifo|    v344_4_1_0|       pointer|
|v344_5_1_0_dout            |   in|   32|     ap_fifo|    v344_5_1_0|       pointer|
|v344_5_1_0_num_data_valid  |   in|   11|     ap_fifo|    v344_5_1_0|       pointer|
|v344_5_1_0_fifo_cap        |   in|   11|     ap_fifo|    v344_5_1_0|       pointer|
|v344_5_1_0_empty_n         |   in|    1|     ap_fifo|    v344_5_1_0|       pointer|
|v344_5_1_0_read            |  out|    1|     ap_fifo|    v344_5_1_0|       pointer|
|v344_6_1_0_dout            |   in|   32|     ap_fifo|    v344_6_1_0|       pointer|
|v344_6_1_0_num_data_valid  |   in|   11|     ap_fifo|    v344_6_1_0|       pointer|
|v344_6_1_0_fifo_cap        |   in|   11|     ap_fifo|    v344_6_1_0|       pointer|
|v344_6_1_0_empty_n         |   in|    1|     ap_fifo|    v344_6_1_0|       pointer|
|v344_6_1_0_read            |  out|    1|     ap_fifo|    v344_6_1_0|       pointer|
|v344_7_1_0_dout            |   in|   32|     ap_fifo|    v344_7_1_0|       pointer|
|v344_7_1_0_num_data_valid  |   in|   11|     ap_fifo|    v344_7_1_0|       pointer|
|v344_7_1_0_fifo_cap        |   in|   11|     ap_fifo|    v344_7_1_0|       pointer|
|v344_7_1_0_empty_n         |   in|    1|     ap_fifo|    v344_7_1_0|       pointer|
|v344_7_1_0_read            |  out|    1|     ap_fifo|    v344_7_1_0|       pointer|
|v344_0_1_1_dout            |   in|   32|     ap_fifo|    v344_0_1_1|       pointer|
|v344_0_1_1_num_data_valid  |   in|   11|     ap_fifo|    v344_0_1_1|       pointer|
|v344_0_1_1_fifo_cap        |   in|   11|     ap_fifo|    v344_0_1_1|       pointer|
|v344_0_1_1_empty_n         |   in|    1|     ap_fifo|    v344_0_1_1|       pointer|
|v344_0_1_1_read            |  out|    1|     ap_fifo|    v344_0_1_1|       pointer|
|v344_1_1_1_dout            |   in|   32|     ap_fifo|    v344_1_1_1|       pointer|
|v344_1_1_1_num_data_valid  |   in|   11|     ap_fifo|    v344_1_1_1|       pointer|
|v344_1_1_1_fifo_cap        |   in|   11|     ap_fifo|    v344_1_1_1|       pointer|
|v344_1_1_1_empty_n         |   in|    1|     ap_fifo|    v344_1_1_1|       pointer|
|v344_1_1_1_read            |  out|    1|     ap_fifo|    v344_1_1_1|       pointer|
|v344_2_1_1_dout            |   in|   32|     ap_fifo|    v344_2_1_1|       pointer|
|v344_2_1_1_num_data_valid  |   in|   11|     ap_fifo|    v344_2_1_1|       pointer|
|v344_2_1_1_fifo_cap        |   in|   11|     ap_fifo|    v344_2_1_1|       pointer|
|v344_2_1_1_empty_n         |   in|    1|     ap_fifo|    v344_2_1_1|       pointer|
|v344_2_1_1_read            |  out|    1|     ap_fifo|    v344_2_1_1|       pointer|
|v344_3_1_1_dout            |   in|   32|     ap_fifo|    v344_3_1_1|       pointer|
|v344_3_1_1_num_data_valid  |   in|   11|     ap_fifo|    v344_3_1_1|       pointer|
|v344_3_1_1_fifo_cap        |   in|   11|     ap_fifo|    v344_3_1_1|       pointer|
|v344_3_1_1_empty_n         |   in|    1|     ap_fifo|    v344_3_1_1|       pointer|
|v344_3_1_1_read            |  out|    1|     ap_fifo|    v344_3_1_1|       pointer|
|v344_4_1_1_dout            |   in|   32|     ap_fifo|    v344_4_1_1|       pointer|
|v344_4_1_1_num_data_valid  |   in|   11|     ap_fifo|    v344_4_1_1|       pointer|
|v344_4_1_1_fifo_cap        |   in|   11|     ap_fifo|    v344_4_1_1|       pointer|
|v344_4_1_1_empty_n         |   in|    1|     ap_fifo|    v344_4_1_1|       pointer|
|v344_4_1_1_read            |  out|    1|     ap_fifo|    v344_4_1_1|       pointer|
|v344_5_1_1_dout            |   in|   32|     ap_fifo|    v344_5_1_1|       pointer|
|v344_5_1_1_num_data_valid  |   in|   11|     ap_fifo|    v344_5_1_1|       pointer|
|v344_5_1_1_fifo_cap        |   in|   11|     ap_fifo|    v344_5_1_1|       pointer|
|v344_5_1_1_empty_n         |   in|    1|     ap_fifo|    v344_5_1_1|       pointer|
|v344_5_1_1_read            |  out|    1|     ap_fifo|    v344_5_1_1|       pointer|
|v344_6_1_1_dout            |   in|   32|     ap_fifo|    v344_6_1_1|       pointer|
|v344_6_1_1_num_data_valid  |   in|   11|     ap_fifo|    v344_6_1_1|       pointer|
|v344_6_1_1_fifo_cap        |   in|   11|     ap_fifo|    v344_6_1_1|       pointer|
|v344_6_1_1_empty_n         |   in|    1|     ap_fifo|    v344_6_1_1|       pointer|
|v344_6_1_1_read            |  out|    1|     ap_fifo|    v344_6_1_1|       pointer|
|v344_7_1_1_dout            |   in|   32|     ap_fifo|    v344_7_1_1|       pointer|
|v344_7_1_1_num_data_valid  |   in|   11|     ap_fifo|    v344_7_1_1|       pointer|
|v344_7_1_1_fifo_cap        |   in|   11|     ap_fifo|    v344_7_1_1|       pointer|
|v344_7_1_1_empty_n         |   in|    1|     ap_fifo|    v344_7_1_1|       pointer|
|v344_7_1_1_read            |  out|    1|     ap_fifo|    v344_7_1_1|       pointer|
|v62_0_0_0_address0         |  out|    8|   ap_memory|     v62_0_0_0|         array|
|v62_0_0_0_ce0              |  out|    1|   ap_memory|     v62_0_0_0|         array|
|v62_0_0_0_q0               |   in|   32|   ap_memory|     v62_0_0_0|         array|
|v62_0_0_1_address0         |  out|    8|   ap_memory|     v62_0_0_1|         array|
|v62_0_0_1_ce0              |  out|    1|   ap_memory|     v62_0_0_1|         array|
|v62_0_0_1_q0               |   in|   32|   ap_memory|     v62_0_0_1|         array|
|v62_0_1_0_address0         |  out|    8|   ap_memory|     v62_0_1_0|         array|
|v62_0_1_0_ce0              |  out|    1|   ap_memory|     v62_0_1_0|         array|
|v62_0_1_0_q0               |   in|   32|   ap_memory|     v62_0_1_0|         array|
|v62_0_1_1_address0         |  out|    8|   ap_memory|     v62_0_1_1|         array|
|v62_0_1_1_ce0              |  out|    1|   ap_memory|     v62_0_1_1|         array|
|v62_0_1_1_q0               |   in|   32|   ap_memory|     v62_0_1_1|         array|
|v62_1_0_0_address0         |  out|    8|   ap_memory|     v62_1_0_0|         array|
|v62_1_0_0_ce0              |  out|    1|   ap_memory|     v62_1_0_0|         array|
|v62_1_0_0_q0               |   in|   32|   ap_memory|     v62_1_0_0|         array|
|v62_1_0_1_address0         |  out|    8|   ap_memory|     v62_1_0_1|         array|
|v62_1_0_1_ce0              |  out|    1|   ap_memory|     v62_1_0_1|         array|
|v62_1_0_1_q0               |   in|   32|   ap_memory|     v62_1_0_1|         array|
|v62_1_1_0_address0         |  out|    8|   ap_memory|     v62_1_1_0|         array|
|v62_1_1_0_ce0              |  out|    1|   ap_memory|     v62_1_1_0|         array|
|v62_1_1_0_q0               |   in|   32|   ap_memory|     v62_1_1_0|         array|
|v62_1_1_1_address0         |  out|    8|   ap_memory|     v62_1_1_1|         array|
|v62_1_1_1_ce0              |  out|    1|   ap_memory|     v62_1_1_1|         array|
|v62_1_1_1_q0               |   in|   32|   ap_memory|     v62_1_1_1|         array|
|v62_2_0_0_address0         |  out|    8|   ap_memory|     v62_2_0_0|         array|
|v62_2_0_0_ce0              |  out|    1|   ap_memory|     v62_2_0_0|         array|
|v62_2_0_0_q0               |   in|   32|   ap_memory|     v62_2_0_0|         array|
|v62_2_0_1_address0         |  out|    8|   ap_memory|     v62_2_0_1|         array|
|v62_2_0_1_ce0              |  out|    1|   ap_memory|     v62_2_0_1|         array|
|v62_2_0_1_q0               |   in|   32|   ap_memory|     v62_2_0_1|         array|
|v62_2_1_0_address0         |  out|    8|   ap_memory|     v62_2_1_0|         array|
|v62_2_1_0_ce0              |  out|    1|   ap_memory|     v62_2_1_0|         array|
|v62_2_1_0_q0               |   in|   32|   ap_memory|     v62_2_1_0|         array|
|v62_2_1_1_address0         |  out|    8|   ap_memory|     v62_2_1_1|         array|
|v62_2_1_1_ce0              |  out|    1|   ap_memory|     v62_2_1_1|         array|
|v62_2_1_1_q0               |   in|   32|   ap_memory|     v62_2_1_1|         array|
|v62_3_0_0_address0         |  out|    8|   ap_memory|     v62_3_0_0|         array|
|v62_3_0_0_ce0              |  out|    1|   ap_memory|     v62_3_0_0|         array|
|v62_3_0_0_q0               |   in|   32|   ap_memory|     v62_3_0_0|         array|
|v62_3_0_1_address0         |  out|    8|   ap_memory|     v62_3_0_1|         array|
|v62_3_0_1_ce0              |  out|    1|   ap_memory|     v62_3_0_1|         array|
|v62_3_0_1_q0               |   in|   32|   ap_memory|     v62_3_0_1|         array|
|v62_3_1_0_address0         |  out|    8|   ap_memory|     v62_3_1_0|         array|
|v62_3_1_0_ce0              |  out|    1|   ap_memory|     v62_3_1_0|         array|
|v62_3_1_0_q0               |   in|   32|   ap_memory|     v62_3_1_0|         array|
|v62_3_1_1_address0         |  out|    8|   ap_memory|     v62_3_1_1|         array|
|v62_3_1_1_ce0              |  out|    1|   ap_memory|     v62_3_1_1|         array|
|v62_3_1_1_q0               |   in|   32|   ap_memory|     v62_3_1_1|         array|
|v62_4_0_0_address0         |  out|    8|   ap_memory|     v62_4_0_0|         array|
|v62_4_0_0_ce0              |  out|    1|   ap_memory|     v62_4_0_0|         array|
|v62_4_0_0_q0               |   in|   32|   ap_memory|     v62_4_0_0|         array|
|v62_4_0_1_address0         |  out|    8|   ap_memory|     v62_4_0_1|         array|
|v62_4_0_1_ce0              |  out|    1|   ap_memory|     v62_4_0_1|         array|
|v62_4_0_1_q0               |   in|   32|   ap_memory|     v62_4_0_1|         array|
|v62_4_1_0_address0         |  out|    8|   ap_memory|     v62_4_1_0|         array|
|v62_4_1_0_ce0              |  out|    1|   ap_memory|     v62_4_1_0|         array|
|v62_4_1_0_q0               |   in|   32|   ap_memory|     v62_4_1_0|         array|
|v62_4_1_1_address0         |  out|    8|   ap_memory|     v62_4_1_1|         array|
|v62_4_1_1_ce0              |  out|    1|   ap_memory|     v62_4_1_1|         array|
|v62_4_1_1_q0               |   in|   32|   ap_memory|     v62_4_1_1|         array|
|v62_5_0_0_address0         |  out|    8|   ap_memory|     v62_5_0_0|         array|
|v62_5_0_0_ce0              |  out|    1|   ap_memory|     v62_5_0_0|         array|
|v62_5_0_0_q0               |   in|   32|   ap_memory|     v62_5_0_0|         array|
|v62_5_0_1_address0         |  out|    8|   ap_memory|     v62_5_0_1|         array|
|v62_5_0_1_ce0              |  out|    1|   ap_memory|     v62_5_0_1|         array|
|v62_5_0_1_q0               |   in|   32|   ap_memory|     v62_5_0_1|         array|
|v62_5_1_0_address0         |  out|    8|   ap_memory|     v62_5_1_0|         array|
|v62_5_1_0_ce0              |  out|    1|   ap_memory|     v62_5_1_0|         array|
|v62_5_1_0_q0               |   in|   32|   ap_memory|     v62_5_1_0|         array|
|v62_5_1_1_address0         |  out|    8|   ap_memory|     v62_5_1_1|         array|
|v62_5_1_1_ce0              |  out|    1|   ap_memory|     v62_5_1_1|         array|
|v62_5_1_1_q0               |   in|   32|   ap_memory|     v62_5_1_1|         array|
|v62_6_0_0_address0         |  out|    8|   ap_memory|     v62_6_0_0|         array|
|v62_6_0_0_ce0              |  out|    1|   ap_memory|     v62_6_0_0|         array|
|v62_6_0_0_q0               |   in|   32|   ap_memory|     v62_6_0_0|         array|
|v62_6_0_1_address0         |  out|    8|   ap_memory|     v62_6_0_1|         array|
|v62_6_0_1_ce0              |  out|    1|   ap_memory|     v62_6_0_1|         array|
|v62_6_0_1_q0               |   in|   32|   ap_memory|     v62_6_0_1|         array|
|v62_6_1_0_address0         |  out|    8|   ap_memory|     v62_6_1_0|         array|
|v62_6_1_0_ce0              |  out|    1|   ap_memory|     v62_6_1_0|         array|
|v62_6_1_0_q0               |   in|   32|   ap_memory|     v62_6_1_0|         array|
|v62_6_1_1_address0         |  out|    8|   ap_memory|     v62_6_1_1|         array|
|v62_6_1_1_ce0              |  out|    1|   ap_memory|     v62_6_1_1|         array|
|v62_6_1_1_q0               |   in|   32|   ap_memory|     v62_6_1_1|         array|
|v62_7_0_0_address0         |  out|    8|   ap_memory|     v62_7_0_0|         array|
|v62_7_0_0_ce0              |  out|    1|   ap_memory|     v62_7_0_0|         array|
|v62_7_0_0_q0               |   in|   32|   ap_memory|     v62_7_0_0|         array|
|v62_7_0_1_address0         |  out|    8|   ap_memory|     v62_7_0_1|         array|
|v62_7_0_1_ce0              |  out|    1|   ap_memory|     v62_7_0_1|         array|
|v62_7_0_1_q0               |   in|   32|   ap_memory|     v62_7_0_1|         array|
|v62_7_1_0_address0         |  out|    8|   ap_memory|     v62_7_1_0|         array|
|v62_7_1_0_ce0              |  out|    1|   ap_memory|     v62_7_1_0|         array|
|v62_7_1_0_q0               |   in|   32|   ap_memory|     v62_7_1_0|         array|
|v62_7_1_1_address0         |  out|    8|   ap_memory|     v62_7_1_1|         array|
|v62_7_1_1_ce0              |  out|    1|   ap_memory|     v62_7_1_1|         array|
|v62_7_1_1_q0               |   in|   32|   ap_memory|     v62_7_1_1|         array|
|v63_0_0_0_address0         |  out|    8|   ap_memory|     v63_0_0_0|         array|
|v63_0_0_0_ce0              |  out|    1|   ap_memory|     v63_0_0_0|         array|
|v63_0_0_0_we0              |  out|    1|   ap_memory|     v63_0_0_0|         array|
|v63_0_0_0_d0               |  out|   32|   ap_memory|     v63_0_0_0|         array|
|v63_0_0_1_address0         |  out|    8|   ap_memory|     v63_0_0_1|         array|
|v63_0_0_1_ce0              |  out|    1|   ap_memory|     v63_0_0_1|         array|
|v63_0_0_1_we0              |  out|    1|   ap_memory|     v63_0_0_1|         array|
|v63_0_0_1_d0               |  out|   32|   ap_memory|     v63_0_0_1|         array|
|v63_0_1_0_address0         |  out|    8|   ap_memory|     v63_0_1_0|         array|
|v63_0_1_0_ce0              |  out|    1|   ap_memory|     v63_0_1_0|         array|
|v63_0_1_0_we0              |  out|    1|   ap_memory|     v63_0_1_0|         array|
|v63_0_1_0_d0               |  out|   32|   ap_memory|     v63_0_1_0|         array|
|v63_0_1_1_address0         |  out|    8|   ap_memory|     v63_0_1_1|         array|
|v63_0_1_1_ce0              |  out|    1|   ap_memory|     v63_0_1_1|         array|
|v63_0_1_1_we0              |  out|    1|   ap_memory|     v63_0_1_1|         array|
|v63_0_1_1_d0               |  out|   32|   ap_memory|     v63_0_1_1|         array|
|v63_1_0_0_address0         |  out|    8|   ap_memory|     v63_1_0_0|         array|
|v63_1_0_0_ce0              |  out|    1|   ap_memory|     v63_1_0_0|         array|
|v63_1_0_0_we0              |  out|    1|   ap_memory|     v63_1_0_0|         array|
|v63_1_0_0_d0               |  out|   32|   ap_memory|     v63_1_0_0|         array|
|v63_1_0_1_address0         |  out|    8|   ap_memory|     v63_1_0_1|         array|
|v63_1_0_1_ce0              |  out|    1|   ap_memory|     v63_1_0_1|         array|
|v63_1_0_1_we0              |  out|    1|   ap_memory|     v63_1_0_1|         array|
|v63_1_0_1_d0               |  out|   32|   ap_memory|     v63_1_0_1|         array|
|v63_1_1_0_address0         |  out|    8|   ap_memory|     v63_1_1_0|         array|
|v63_1_1_0_ce0              |  out|    1|   ap_memory|     v63_1_1_0|         array|
|v63_1_1_0_we0              |  out|    1|   ap_memory|     v63_1_1_0|         array|
|v63_1_1_0_d0               |  out|   32|   ap_memory|     v63_1_1_0|         array|
|v63_1_1_1_address0         |  out|    8|   ap_memory|     v63_1_1_1|         array|
|v63_1_1_1_ce0              |  out|    1|   ap_memory|     v63_1_1_1|         array|
|v63_1_1_1_we0              |  out|    1|   ap_memory|     v63_1_1_1|         array|
|v63_1_1_1_d0               |  out|   32|   ap_memory|     v63_1_1_1|         array|
|v63_2_0_0_address0         |  out|    8|   ap_memory|     v63_2_0_0|         array|
|v63_2_0_0_ce0              |  out|    1|   ap_memory|     v63_2_0_0|         array|
|v63_2_0_0_we0              |  out|    1|   ap_memory|     v63_2_0_0|         array|
|v63_2_0_0_d0               |  out|   32|   ap_memory|     v63_2_0_0|         array|
|v63_2_0_1_address0         |  out|    8|   ap_memory|     v63_2_0_1|         array|
|v63_2_0_1_ce0              |  out|    1|   ap_memory|     v63_2_0_1|         array|
|v63_2_0_1_we0              |  out|    1|   ap_memory|     v63_2_0_1|         array|
|v63_2_0_1_d0               |  out|   32|   ap_memory|     v63_2_0_1|         array|
|v63_2_1_0_address0         |  out|    8|   ap_memory|     v63_2_1_0|         array|
|v63_2_1_0_ce0              |  out|    1|   ap_memory|     v63_2_1_0|         array|
|v63_2_1_0_we0              |  out|    1|   ap_memory|     v63_2_1_0|         array|
|v63_2_1_0_d0               |  out|   32|   ap_memory|     v63_2_1_0|         array|
|v63_2_1_1_address0         |  out|    8|   ap_memory|     v63_2_1_1|         array|
|v63_2_1_1_ce0              |  out|    1|   ap_memory|     v63_2_1_1|         array|
|v63_2_1_1_we0              |  out|    1|   ap_memory|     v63_2_1_1|         array|
|v63_2_1_1_d0               |  out|   32|   ap_memory|     v63_2_1_1|         array|
|v63_3_0_0_address0         |  out|    8|   ap_memory|     v63_3_0_0|         array|
|v63_3_0_0_ce0              |  out|    1|   ap_memory|     v63_3_0_0|         array|
|v63_3_0_0_we0              |  out|    1|   ap_memory|     v63_3_0_0|         array|
|v63_3_0_0_d0               |  out|   32|   ap_memory|     v63_3_0_0|         array|
|v63_3_0_1_address0         |  out|    8|   ap_memory|     v63_3_0_1|         array|
|v63_3_0_1_ce0              |  out|    1|   ap_memory|     v63_3_0_1|         array|
|v63_3_0_1_we0              |  out|    1|   ap_memory|     v63_3_0_1|         array|
|v63_3_0_1_d0               |  out|   32|   ap_memory|     v63_3_0_1|         array|
|v63_3_1_0_address0         |  out|    8|   ap_memory|     v63_3_1_0|         array|
|v63_3_1_0_ce0              |  out|    1|   ap_memory|     v63_3_1_0|         array|
|v63_3_1_0_we0              |  out|    1|   ap_memory|     v63_3_1_0|         array|
|v63_3_1_0_d0               |  out|   32|   ap_memory|     v63_3_1_0|         array|
|v63_3_1_1_address0         |  out|    8|   ap_memory|     v63_3_1_1|         array|
|v63_3_1_1_ce0              |  out|    1|   ap_memory|     v63_3_1_1|         array|
|v63_3_1_1_we0              |  out|    1|   ap_memory|     v63_3_1_1|         array|
|v63_3_1_1_d0               |  out|   32|   ap_memory|     v63_3_1_1|         array|
|v63_4_0_0_address0         |  out|    8|   ap_memory|     v63_4_0_0|         array|
|v63_4_0_0_ce0              |  out|    1|   ap_memory|     v63_4_0_0|         array|
|v63_4_0_0_we0              |  out|    1|   ap_memory|     v63_4_0_0|         array|
|v63_4_0_0_d0               |  out|   32|   ap_memory|     v63_4_0_0|         array|
|v63_4_0_1_address0         |  out|    8|   ap_memory|     v63_4_0_1|         array|
|v63_4_0_1_ce0              |  out|    1|   ap_memory|     v63_4_0_1|         array|
|v63_4_0_1_we0              |  out|    1|   ap_memory|     v63_4_0_1|         array|
|v63_4_0_1_d0               |  out|   32|   ap_memory|     v63_4_0_1|         array|
|v63_4_1_0_address0         |  out|    8|   ap_memory|     v63_4_1_0|         array|
|v63_4_1_0_ce0              |  out|    1|   ap_memory|     v63_4_1_0|         array|
|v63_4_1_0_we0              |  out|    1|   ap_memory|     v63_4_1_0|         array|
|v63_4_1_0_d0               |  out|   32|   ap_memory|     v63_4_1_0|         array|
|v63_4_1_1_address0         |  out|    8|   ap_memory|     v63_4_1_1|         array|
|v63_4_1_1_ce0              |  out|    1|   ap_memory|     v63_4_1_1|         array|
|v63_4_1_1_we0              |  out|    1|   ap_memory|     v63_4_1_1|         array|
|v63_4_1_1_d0               |  out|   32|   ap_memory|     v63_4_1_1|         array|
|v63_5_0_0_address0         |  out|    8|   ap_memory|     v63_5_0_0|         array|
|v63_5_0_0_ce0              |  out|    1|   ap_memory|     v63_5_0_0|         array|
|v63_5_0_0_we0              |  out|    1|   ap_memory|     v63_5_0_0|         array|
|v63_5_0_0_d0               |  out|   32|   ap_memory|     v63_5_0_0|         array|
|v63_5_0_1_address0         |  out|    8|   ap_memory|     v63_5_0_1|         array|
|v63_5_0_1_ce0              |  out|    1|   ap_memory|     v63_5_0_1|         array|
|v63_5_0_1_we0              |  out|    1|   ap_memory|     v63_5_0_1|         array|
|v63_5_0_1_d0               |  out|   32|   ap_memory|     v63_5_0_1|         array|
|v63_5_1_0_address0         |  out|    8|   ap_memory|     v63_5_1_0|         array|
|v63_5_1_0_ce0              |  out|    1|   ap_memory|     v63_5_1_0|         array|
|v63_5_1_0_we0              |  out|    1|   ap_memory|     v63_5_1_0|         array|
|v63_5_1_0_d0               |  out|   32|   ap_memory|     v63_5_1_0|         array|
|v63_5_1_1_address0         |  out|    8|   ap_memory|     v63_5_1_1|         array|
|v63_5_1_1_ce0              |  out|    1|   ap_memory|     v63_5_1_1|         array|
|v63_5_1_1_we0              |  out|    1|   ap_memory|     v63_5_1_1|         array|
|v63_5_1_1_d0               |  out|   32|   ap_memory|     v63_5_1_1|         array|
|v63_6_0_0_address0         |  out|    8|   ap_memory|     v63_6_0_0|         array|
|v63_6_0_0_ce0              |  out|    1|   ap_memory|     v63_6_0_0|         array|
|v63_6_0_0_we0              |  out|    1|   ap_memory|     v63_6_0_0|         array|
|v63_6_0_0_d0               |  out|   32|   ap_memory|     v63_6_0_0|         array|
|v63_6_0_1_address0         |  out|    8|   ap_memory|     v63_6_0_1|         array|
|v63_6_0_1_ce0              |  out|    1|   ap_memory|     v63_6_0_1|         array|
|v63_6_0_1_we0              |  out|    1|   ap_memory|     v63_6_0_1|         array|
|v63_6_0_1_d0               |  out|   32|   ap_memory|     v63_6_0_1|         array|
|v63_6_1_0_address0         |  out|    8|   ap_memory|     v63_6_1_0|         array|
|v63_6_1_0_ce0              |  out|    1|   ap_memory|     v63_6_1_0|         array|
|v63_6_1_0_we0              |  out|    1|   ap_memory|     v63_6_1_0|         array|
|v63_6_1_0_d0               |  out|   32|   ap_memory|     v63_6_1_0|         array|
|v63_6_1_1_address0         |  out|    8|   ap_memory|     v63_6_1_1|         array|
|v63_6_1_1_ce0              |  out|    1|   ap_memory|     v63_6_1_1|         array|
|v63_6_1_1_we0              |  out|    1|   ap_memory|     v63_6_1_1|         array|
|v63_6_1_1_d0               |  out|   32|   ap_memory|     v63_6_1_1|         array|
|v63_7_0_0_address0         |  out|    8|   ap_memory|     v63_7_0_0|         array|
|v63_7_0_0_ce0              |  out|    1|   ap_memory|     v63_7_0_0|         array|
|v63_7_0_0_we0              |  out|    1|   ap_memory|     v63_7_0_0|         array|
|v63_7_0_0_d0               |  out|   32|   ap_memory|     v63_7_0_0|         array|
|v63_7_0_1_address0         |  out|    8|   ap_memory|     v63_7_0_1|         array|
|v63_7_0_1_ce0              |  out|    1|   ap_memory|     v63_7_0_1|         array|
|v63_7_0_1_we0              |  out|    1|   ap_memory|     v63_7_0_1|         array|
|v63_7_0_1_d0               |  out|   32|   ap_memory|     v63_7_0_1|         array|
|v63_7_1_0_address0         |  out|    8|   ap_memory|     v63_7_1_0|         array|
|v63_7_1_0_ce0              |  out|    1|   ap_memory|     v63_7_1_0|         array|
|v63_7_1_0_we0              |  out|    1|   ap_memory|     v63_7_1_0|         array|
|v63_7_1_0_d0               |  out|   32|   ap_memory|     v63_7_1_0|         array|
|v63_7_1_1_address0         |  out|    8|   ap_memory|     v63_7_1_1|         array|
|v63_7_1_1_ce0              |  out|    1|   ap_memory|     v63_7_1_1|         array|
|v63_7_1_1_we0              |  out|    1|   ap_memory|     v63_7_1_1|         array|
|v63_7_1_1_d0               |  out|   32|   ap_memory|     v63_7_1_1|         array|
+---------------------------+-----+-----+------------+--------------+--------------+

