

================================================================
== Vitis HLS Report for 'node0'
================================================================
* Date:           Wed Oct  2 15:05:21 2024

* Version:        2023.2 (Build 4023990 on Oct 11 2023)
* Project:        hls_MultiHeadSelfAttention1
* Solution:       solution1 (Vivado IP Flow Target)
* Product family: virtexuplusHBM
* Target device:  xcu280-fsvh2892-2L-e


================================================================
== Performance Estimates
================================================================
+ Timing: 
    * Summary: 
    +--------+---------+----------+------------+
    |  Clock |  Target | Estimated| Uncertainty|
    +--------+---------+----------+------------+
    |ap_clk  |  3.33 ns|  2.752 ns|     0.90 ns|
    +--------+---------+----------+------------+

+ Latency: 
    * Summary: 
    +---------+---------+----------+----------+-----+-----+---------+
    |  Latency (cycles) |  Latency (absolute) |  Interval | Pipeline|
    |   min   |   max   |    min   |    max   | min | max |   Type  |
    +---------+---------+----------+----------+-----+-----+---------+
    |      130|      130|  0.433 us|  0.433 us|  130|  130|       no|
    +---------+---------+----------+----------+-----+-----+---------+

    + Detail: 
        * Instance: 
        N/A

        * Loop: 
        +---------------+---------+---------+----------+-----------+-----------+------+----------+
        |               |  Latency (cycles) | Iteration|  Initiation Interval  | Trip |          |
        |   Loop Name   |   min   |   max   |  Latency |  achieved |   target  | Count| Pipelined|
        +---------------+---------+---------+----------+-----------+-----------+------+----------+
        |- loop0_loop1  |      128|      128|         2|          1|          1|   128|       yes|
        +---------------+---------+---------+----------+-----------+-----------+------+----------+



================================================================
== Utilization Estimates
================================================================
* Summary: 
+---------------------+---------+------+---------+---------+-----+
|         Name        | BRAM_18K|  DSP |    FF   |   LUT   | URAM|
+---------------------+---------+------+---------+---------+-----+
|DSP                  |        -|     -|        -|        -|    -|
|Expression           |        -|     -|        0|      101|    -|
|FIFO                 |        -|     -|        -|        -|    -|
|Instance             |        -|     -|        -|        -|    -|
|Memory               |        -|     -|        -|        -|    -|
|Multiplexer          |        -|     -|        -|      648|    -|
|Register             |        -|     -|       21|        -|    -|
+---------------------+---------+------+---------+---------+-----+
|Total                |        0|     0|       21|      749|    0|
+---------------------+---------+------+---------+---------+-----+
|Available SLR        |     1344|  3008|   869120|   434560|  320|
+---------------------+---------+------+---------+---------+-----+
|Utilization SLR (%)  |        0|     0|       ~0|       ~0|    0|
+---------------------+---------+------+---------+---------+-----+
|Available            |     4032|  9024|  2607360|  1303680|  960|
+---------------------+---------+------+---------+---------+-----+
|Utilization (%)      |        0|     0|       ~0|       ~0|    0|
+---------------------+---------+------+---------+---------+-----+

+ Detail: 
    * Instance: 
    N/A

    * DSP: 
    N/A

    * Memory: 
    N/A

    * FIFO: 
    N/A

    * Expression: 
    +----------------------------------+----------+----+---+----+------------+------------+
    |           Variable Name          | Operation| DSP| FF| LUT| Bitwidth P0| Bitwidth P1|
    +----------------------------------+----------+----+---+----+------------+------------+
    |add_ln24_1_fu_1618_p2             |         +|   0|  0|  15|           8|           1|
    |add_ln24_fu_1635_p2               |         +|   0|  0|  12|           4|           1|
    |add_ln25_fu_1753_p2               |         +|   0|  0|  12|           5|           1|
    |add_ln31_fu_1679_p2               |         +|   0|  0|  14|           7|           7|
    |ap_condition_1161                 |       and|   0|  0|   2|           1|           1|
    |ap_condition_1178                 |       and|   0|  0|   2|           1|           1|
    |icmp_ln24_fu_1612_p2              |      icmp|   0|  0|  16|           8|           9|
    |icmp_ln25_fu_1641_p2              |      icmp|   0|  0|  13|           5|           6|
    |ap_block_pp0_stage0_11001         |        or|   0|  0|   2|           1|           1|
    |ap_block_state2_pp0_stage0_iter1  |        or|   0|  0|   2|           1|           1|
    |select_ln24_1_fu_1655_p3          |    select|   0|  0|   4|           1|           4|
    |select_ln24_fu_1647_p3            |    select|   0|  0|   5|           1|           1|
    |ap_enable_pp0                     |       xor|   0|  0|   2|           1|           2|
    +----------------------------------+----------+----+---+----+------------+------------+
    |Total                             |          |   0|  0| 101|          44|          36|
    +----------------------------------+----------+----+---+----+------------+------------+

    * Multiplexer: 
    +--------------------------------------+----+-----------+-----+-----------+
    |                 Name                 | LUT| Input Size| Bits| Total Bits|
    +--------------------------------------+----+-----------+-----+-----------+
    |ap_done_int                           |   9|          2|    1|          2|
    |ap_enable_reg_pp0_iter1               |   9|          2|    1|          2|
    |ap_sig_allocacmp_indvar_flatten_load  |   9|          2|    8|         16|
    |ap_sig_allocacmp_v2_load              |   9|          2|    4|          8|
    |ap_sig_allocacmp_v3_load              |   9|          2|    5|         10|
    |indvar_flatten_fu_310                 |   9|          2|    8|         16|
    |v2_fu_306                             |   9|          2|    4|          8|
    |v337_0_0_blk_n                        |   9|          2|    1|          2|
    |v337_0_1_blk_n                        |   9|          2|    1|          2|
    |v337_0_2_blk_n                        |   9|          2|    1|          2|
    |v337_0_3_blk_n                        |   9|          2|    1|          2|
    |v337_0_4_blk_n                        |   9|          2|    1|          2|
    |v337_0_5_blk_n                        |   9|          2|    1|          2|
    |v337_0_6_blk_n                        |   9|          2|    1|          2|
    |v337_0_7_blk_n                        |   9|          2|    1|          2|
    |v337_1_0_blk_n                        |   9|          2|    1|          2|
    |v337_1_1_blk_n                        |   9|          2|    1|          2|
    |v337_1_2_blk_n                        |   9|          2|    1|          2|
    |v337_1_3_blk_n                        |   9|          2|    1|          2|
    |v337_1_4_blk_n                        |   9|          2|    1|          2|
    |v337_1_5_blk_n                        |   9|          2|    1|          2|
    |v337_1_6_blk_n                        |   9|          2|    1|          2|
    |v337_1_7_blk_n                        |   9|          2|    1|          2|
    |v337_2_0_blk_n                        |   9|          2|    1|          2|
    |v337_2_1_blk_n                        |   9|          2|    1|          2|
    |v337_2_2_blk_n                        |   9|          2|    1|          2|
    |v337_2_3_blk_n                        |   9|          2|    1|          2|
    |v337_2_4_blk_n                        |   9|          2|    1|          2|
    |v337_2_5_blk_n                        |   9|          2|    1|          2|
    |v337_2_6_blk_n                        |   9|          2|    1|          2|
    |v337_2_7_blk_n                        |   9|          2|    1|          2|
    |v337_3_0_blk_n                        |   9|          2|    1|          2|
    |v337_3_1_blk_n                        |   9|          2|    1|          2|
    |v337_3_2_blk_n                        |   9|          2|    1|          2|
    |v337_3_3_blk_n                        |   9|          2|    1|          2|
    |v337_3_4_blk_n                        |   9|          2|    1|          2|
    |v337_3_5_blk_n                        |   9|          2|    1|          2|
    |v337_3_6_blk_n                        |   9|          2|    1|          2|
    |v337_3_7_blk_n                        |   9|          2|    1|          2|
    |v337_4_0_blk_n                        |   9|          2|    1|          2|
    |v337_4_1_blk_n                        |   9|          2|    1|          2|
    |v337_4_2_blk_n                        |   9|          2|    1|          2|
    |v337_4_3_blk_n                        |   9|          2|    1|          2|
    |v337_4_4_blk_n                        |   9|          2|    1|          2|
    |v337_4_5_blk_n                        |   9|          2|    1|          2|
    |v337_4_6_blk_n                        |   9|          2|    1|          2|
    |v337_4_7_blk_n                        |   9|          2|    1|          2|
    |v337_5_0_blk_n                        |   9|          2|    1|          2|
    |v337_5_1_blk_n                        |   9|          2|    1|          2|
    |v337_5_2_blk_n                        |   9|          2|    1|          2|
    |v337_5_3_blk_n                        |   9|          2|    1|          2|
    |v337_5_4_blk_n                        |   9|          2|    1|          2|
    |v337_5_5_blk_n                        |   9|          2|    1|          2|
    |v337_5_6_blk_n                        |   9|          2|    1|          2|
    |v337_5_7_blk_n                        |   9|          2|    1|          2|
    |v337_6_0_blk_n                        |   9|          2|    1|          2|
    |v337_6_1_blk_n                        |   9|          2|    1|          2|
    |v337_6_2_blk_n                        |   9|          2|    1|          2|
    |v337_6_3_blk_n                        |   9|          2|    1|          2|
    |v337_6_4_blk_n                        |   9|          2|    1|          2|
    |v337_6_5_blk_n                        |   9|          2|    1|          2|
    |v337_6_6_blk_n                        |   9|          2|    1|          2|
    |v337_6_7_blk_n                        |   9|          2|    1|          2|
    |v337_7_0_blk_n                        |   9|          2|    1|          2|
    |v337_7_1_blk_n                        |   9|          2|    1|          2|
    |v337_7_2_blk_n                        |   9|          2|    1|          2|
    |v337_7_3_blk_n                        |   9|          2|    1|          2|
    |v337_7_4_blk_n                        |   9|          2|    1|          2|
    |v337_7_5_blk_n                        |   9|          2|    1|          2|
    |v337_7_6_blk_n                        |   9|          2|    1|          2|
    |v337_7_7_blk_n                        |   9|          2|    1|          2|
    |v3_fu_302                             |   9|          2|    5|         10|
    +--------------------------------------+----+-----------+-----+-----------+
    |Total                                 | 648|        144|  100|        200|
    +--------------------------------------+----+-----------+-----+-----------+

    * Register: 
    +----------------------------+---+----+-----+-----------+
    |            Name            | FF| LUT| Bits| Const Bits|
    +----------------------------+---+----+-----+-----------+
    |ap_CS_fsm                   |  1|   0|    1|          0|
    |ap_done_reg                 |  1|   0|    1|          0|
    |ap_enable_reg_pp0_iter1     |  1|   0|    1|          0|
    |ap_loop_init_pp0_iter1_reg  |  1|   0|    1|          0|
    |indvar_flatten_fu_310       |  8|   0|    8|          0|
    |v2_fu_306                   |  4|   0|    4|          0|
    |v3_fu_302                   |  5|   0|    5|          0|
    +----------------------------+---+----+-----+-----------+
    |Total                       | 21|   0|   21|          0|
    +----------------------------+---+----+-----+-----------+



================================================================
== Interface
================================================================
* Summary: 
+-------------------------+-----+-----+------------+--------------+--------------+
|        RTL Ports        | Dir | Bits|  Protocol  | Source Object|    C Type    |
+-------------------------+-----+-----+------------+--------------+--------------+
|ap_clk                   |   in|    1|  ap_ctrl_hs|         node0|  return value|
|ap_rst                   |   in|    1|  ap_ctrl_hs|         node0|  return value|
|ap_start                 |   in|    1|  ap_ctrl_hs|         node0|  return value|
|ap_done                  |  out|    1|  ap_ctrl_hs|         node0|  return value|
|ap_continue              |   in|    1|  ap_ctrl_hs|         node0|  return value|
|ap_idle                  |  out|    1|  ap_ctrl_hs|         node0|  return value|
|ap_ready                 |  out|    1|  ap_ctrl_hs|         node0|  return value|
|v337_0_0_dout            |   in|   32|     ap_fifo|      v337_0_0|       pointer|
|v337_0_0_num_data_valid  |   in|    8|     ap_fifo|      v337_0_0|       pointer|
|v337_0_0_fifo_cap        |   in|    8|     ap_fifo|      v337_0_0|       pointer|
|v337_0_0_empty_n         |   in|    1|     ap_fifo|      v337_0_0|       pointer|
|v337_0_0_read            |  out|    1|     ap_fifo|      v337_0_0|       pointer|
|v337_0_1_dout            |   in|   32|     ap_fifo|      v337_0_1|       pointer|
|v337_0_1_num_data_valid  |   in|    8|     ap_fifo|      v337_0_1|       pointer|
|v337_0_1_fifo_cap        |   in|    8|     ap_fifo|      v337_0_1|       pointer|
|v337_0_1_empty_n         |   in|    1|     ap_fifo|      v337_0_1|       pointer|
|v337_0_1_read            |  out|    1|     ap_fifo|      v337_0_1|       pointer|
|v337_0_2_dout            |   in|   32|     ap_fifo|      v337_0_2|       pointer|
|v337_0_2_num_data_valid  |   in|    8|     ap_fifo|      v337_0_2|       pointer|
|v337_0_2_fifo_cap        |   in|    8|     ap_fifo|      v337_0_2|       pointer|
|v337_0_2_empty_n         |   in|    1|     ap_fifo|      v337_0_2|       pointer|
|v337_0_2_read            |  out|    1|     ap_fifo|      v337_0_2|       pointer|
|v337_0_3_dout            |   in|   32|     ap_fifo|      v337_0_3|       pointer|
|v337_0_3_num_data_valid  |   in|    8|     ap_fifo|      v337_0_3|       pointer|
|v337_0_3_fifo_cap        |   in|    8|     ap_fifo|      v337_0_3|       pointer|
|v337_0_3_empty_n         |   in|    1|     ap_fifo|      v337_0_3|       pointer|
|v337_0_3_read            |  out|    1|     ap_fifo|      v337_0_3|       pointer|
|v337_0_4_dout            |   in|   32|     ap_fifo|      v337_0_4|       pointer|
|v337_0_4_num_data_valid  |   in|    8|     ap_fifo|      v337_0_4|       pointer|
|v337_0_4_fifo_cap        |   in|    8|     ap_fifo|      v337_0_4|       pointer|
|v337_0_4_empty_n         |   in|    1|     ap_fifo|      v337_0_4|       pointer|
|v337_0_4_read            |  out|    1|     ap_fifo|      v337_0_4|       pointer|
|v337_0_5_dout            |   in|   32|     ap_fifo|      v337_0_5|       pointer|
|v337_0_5_num_data_valid  |   in|    8|     ap_fifo|      v337_0_5|       pointer|
|v337_0_5_fifo_cap        |   in|    8|     ap_fifo|      v337_0_5|       pointer|
|v337_0_5_empty_n         |   in|    1|     ap_fifo|      v337_0_5|       pointer|
|v337_0_5_read            |  out|    1|     ap_fifo|      v337_0_5|       pointer|
|v337_0_6_dout            |   in|   32|     ap_fifo|      v337_0_6|       pointer|
|v337_0_6_num_data_valid  |   in|    8|     ap_fifo|      v337_0_6|       pointer|
|v337_0_6_fifo_cap        |   in|    8|     ap_fifo|      v337_0_6|       pointer|
|v337_0_6_empty_n         |   in|    1|     ap_fifo|      v337_0_6|       pointer|
|v337_0_6_read            |  out|    1|     ap_fifo|      v337_0_6|       pointer|
|v337_0_7_dout            |   in|   32|     ap_fifo|      v337_0_7|       pointer|
|v337_0_7_num_data_valid  |   in|    8|     ap_fifo|      v337_0_7|       pointer|
|v337_0_7_fifo_cap        |   in|    8|     ap_fifo|      v337_0_7|       pointer|
|v337_0_7_empty_n         |   in|    1|     ap_fifo|      v337_0_7|       pointer|
|v337_0_7_read            |  out|    1|     ap_fifo|      v337_0_7|       pointer|
|v337_1_0_dout            |   in|   32|     ap_fifo|      v337_1_0|       pointer|
|v337_1_0_num_data_valid  |   in|    8|     ap_fifo|      v337_1_0|       pointer|
|v337_1_0_fifo_cap        |   in|    8|     ap_fifo|      v337_1_0|       pointer|
|v337_1_0_empty_n         |   in|    1|     ap_fifo|      v337_1_0|       pointer|
|v337_1_0_read            |  out|    1|     ap_fifo|      v337_1_0|       pointer|
|v337_1_1_dout            |   in|   32|     ap_fifo|      v337_1_1|       pointer|
|v337_1_1_num_data_valid  |   in|    8|     ap_fifo|      v337_1_1|       pointer|
|v337_1_1_fifo_cap        |   in|    8|     ap_fifo|      v337_1_1|       pointer|
|v337_1_1_empty_n         |   in|    1|     ap_fifo|      v337_1_1|       pointer|
|v337_1_1_read            |  out|    1|     ap_fifo|      v337_1_1|       pointer|
|v337_1_2_dout            |   in|   32|     ap_fifo|      v337_1_2|       pointer|
|v337_1_2_num_data_valid  |   in|    8|     ap_fifo|      v337_1_2|       pointer|
|v337_1_2_fifo_cap        |   in|    8|     ap_fifo|      v337_1_2|       pointer|
|v337_1_2_empty_n         |   in|    1|     ap_fifo|      v337_1_2|       pointer|
|v337_1_2_read            |  out|    1|     ap_fifo|      v337_1_2|       pointer|
|v337_1_3_dout            |   in|   32|     ap_fifo|      v337_1_3|       pointer|
|v337_1_3_num_data_valid  |   in|    8|     ap_fifo|      v337_1_3|       pointer|
|v337_1_3_fifo_cap        |   in|    8|     ap_fifo|      v337_1_3|       pointer|
|v337_1_3_empty_n         |   in|    1|     ap_fifo|      v337_1_3|       pointer|
|v337_1_3_read            |  out|    1|     ap_fifo|      v337_1_3|       pointer|
|v337_1_4_dout            |   in|   32|     ap_fifo|      v337_1_4|       pointer|
|v337_1_4_num_data_valid  |   in|    8|     ap_fifo|      v337_1_4|       pointer|
|v337_1_4_fifo_cap        |   in|    8|     ap_fifo|      v337_1_4|       pointer|
|v337_1_4_empty_n         |   in|    1|     ap_fifo|      v337_1_4|       pointer|
|v337_1_4_read            |  out|    1|     ap_fifo|      v337_1_4|       pointer|
|v337_1_5_dout            |   in|   32|     ap_fifo|      v337_1_5|       pointer|
|v337_1_5_num_data_valid  |   in|    8|     ap_fifo|      v337_1_5|       pointer|
|v337_1_5_fifo_cap        |   in|    8|     ap_fifo|      v337_1_5|       pointer|
|v337_1_5_empty_n         |   in|    1|     ap_fifo|      v337_1_5|       pointer|
|v337_1_5_read            |  out|    1|     ap_fifo|      v337_1_5|       pointer|
|v337_1_6_dout            |   in|   32|     ap_fifo|      v337_1_6|       pointer|
|v337_1_6_num_data_valid  |   in|    8|     ap_fifo|      v337_1_6|       pointer|
|v337_1_6_fifo_cap        |   in|    8|     ap_fifo|      v337_1_6|       pointer|
|v337_1_6_empty_n         |   in|    1|     ap_fifo|      v337_1_6|       pointer|
|v337_1_6_read            |  out|    1|     ap_fifo|      v337_1_6|       pointer|
|v337_1_7_dout            |   in|   32|     ap_fifo|      v337_1_7|       pointer|
|v337_1_7_num_data_valid  |   in|    8|     ap_fifo|      v337_1_7|       pointer|
|v337_1_7_fifo_cap        |   in|    8|     ap_fifo|      v337_1_7|       pointer|
|v337_1_7_empty_n         |   in|    1|     ap_fifo|      v337_1_7|       pointer|
|v337_1_7_read            |  out|    1|     ap_fifo|      v337_1_7|       pointer|
|v337_2_0_dout            |   in|   32|     ap_fifo|      v337_2_0|       pointer|
|v337_2_0_num_data_valid  |   in|    8|     ap_fifo|      v337_2_0|       pointer|
|v337_2_0_fifo_cap        |   in|    8|     ap_fifo|      v337_2_0|       pointer|
|v337_2_0_empty_n         |   in|    1|     ap_fifo|      v337_2_0|       pointer|
|v337_2_0_read            |  out|    1|     ap_fifo|      v337_2_0|       pointer|
|v337_2_1_dout            |   in|   32|     ap_fifo|      v337_2_1|       pointer|
|v337_2_1_num_data_valid  |   in|    8|     ap_fifo|      v337_2_1|       pointer|
|v337_2_1_fifo_cap        |   in|    8|     ap_fifo|      v337_2_1|       pointer|
|v337_2_1_empty_n         |   in|    1|     ap_fifo|      v337_2_1|       pointer|
|v337_2_1_read            |  out|    1|     ap_fifo|      v337_2_1|       pointer|
|v337_2_2_dout            |   in|   32|     ap_fifo|      v337_2_2|       pointer|
|v337_2_2_num_data_valid  |   in|    8|     ap_fifo|      v337_2_2|       pointer|
|v337_2_2_fifo_cap        |   in|    8|     ap_fifo|      v337_2_2|       pointer|
|v337_2_2_empty_n         |   in|    1|     ap_fifo|      v337_2_2|       pointer|
|v337_2_2_read            |  out|    1|     ap_fifo|      v337_2_2|       pointer|
|v337_2_3_dout            |   in|   32|     ap_fifo|      v337_2_3|       pointer|
|v337_2_3_num_data_valid  |   in|    8|     ap_fifo|      v337_2_3|       pointer|
|v337_2_3_fifo_cap        |   in|    8|     ap_fifo|      v337_2_3|       pointer|
|v337_2_3_empty_n         |   in|    1|     ap_fifo|      v337_2_3|       pointer|
|v337_2_3_read            |  out|    1|     ap_fifo|      v337_2_3|       pointer|
|v337_2_4_dout            |   in|   32|     ap_fifo|      v337_2_4|       pointer|
|v337_2_4_num_data_valid  |   in|    8|     ap_fifo|      v337_2_4|       pointer|
|v337_2_4_fifo_cap        |   in|    8|     ap_fifo|      v337_2_4|       pointer|
|v337_2_4_empty_n         |   in|    1|     ap_fifo|      v337_2_4|       pointer|
|v337_2_4_read            |  out|    1|     ap_fifo|      v337_2_4|       pointer|
|v337_2_5_dout            |   in|   32|     ap_fifo|      v337_2_5|       pointer|
|v337_2_5_num_data_valid  |   in|    8|     ap_fifo|      v337_2_5|       pointer|
|v337_2_5_fifo_cap        |   in|    8|     ap_fifo|      v337_2_5|       pointer|
|v337_2_5_empty_n         |   in|    1|     ap_fifo|      v337_2_5|       pointer|
|v337_2_5_read            |  out|    1|     ap_fifo|      v337_2_5|       pointer|
|v337_2_6_dout            |   in|   32|     ap_fifo|      v337_2_6|       pointer|
|v337_2_6_num_data_valid  |   in|    8|     ap_fifo|      v337_2_6|       pointer|
|v337_2_6_fifo_cap        |   in|    8|     ap_fifo|      v337_2_6|       pointer|
|v337_2_6_empty_n         |   in|    1|     ap_fifo|      v337_2_6|       pointer|
|v337_2_6_read            |  out|    1|     ap_fifo|      v337_2_6|       pointer|
|v337_2_7_dout            |   in|   32|     ap_fifo|      v337_2_7|       pointer|
|v337_2_7_num_data_valid  |   in|    8|     ap_fifo|      v337_2_7|       pointer|
|v337_2_7_fifo_cap        |   in|    8|     ap_fifo|      v337_2_7|       pointer|
|v337_2_7_empty_n         |   in|    1|     ap_fifo|      v337_2_7|       pointer|
|v337_2_7_read            |  out|    1|     ap_fifo|      v337_2_7|       pointer|
|v337_3_0_dout            |   in|   32|     ap_fifo|      v337_3_0|       pointer|
|v337_3_0_num_data_valid  |   in|    8|     ap_fifo|      v337_3_0|       pointer|
|v337_3_0_fifo_cap        |   in|    8|     ap_fifo|      v337_3_0|       pointer|
|v337_3_0_empty_n         |   in|    1|     ap_fifo|      v337_3_0|       pointer|
|v337_3_0_read            |  out|    1|     ap_fifo|      v337_3_0|       pointer|
|v337_3_1_dout            |   in|   32|     ap_fifo|      v337_3_1|       pointer|
|v337_3_1_num_data_valid  |   in|    8|     ap_fifo|      v337_3_1|       pointer|
|v337_3_1_fifo_cap        |   in|    8|     ap_fifo|      v337_3_1|       pointer|
|v337_3_1_empty_n         |   in|    1|     ap_fifo|      v337_3_1|       pointer|
|v337_3_1_read            |  out|    1|     ap_fifo|      v337_3_1|       pointer|
|v337_3_2_dout            |   in|   32|     ap_fifo|      v337_3_2|       pointer|
|v337_3_2_num_data_valid  |   in|    8|     ap_fifo|      v337_3_2|       pointer|
|v337_3_2_fifo_cap        |   in|    8|     ap_fifo|      v337_3_2|       pointer|
|v337_3_2_empty_n         |   in|    1|     ap_fifo|      v337_3_2|       pointer|
|v337_3_2_read            |  out|    1|     ap_fifo|      v337_3_2|       pointer|
|v337_3_3_dout            |   in|   32|     ap_fifo|      v337_3_3|       pointer|
|v337_3_3_num_data_valid  |   in|    8|     ap_fifo|      v337_3_3|       pointer|
|v337_3_3_fifo_cap        |   in|    8|     ap_fifo|      v337_3_3|       pointer|
|v337_3_3_empty_n         |   in|    1|     ap_fifo|      v337_3_3|       pointer|
|v337_3_3_read            |  out|    1|     ap_fifo|      v337_3_3|       pointer|
|v337_3_4_dout            |   in|   32|     ap_fifo|      v337_3_4|       pointer|
|v337_3_4_num_data_valid  |   in|    8|     ap_fifo|      v337_3_4|       pointer|
|v337_3_4_fifo_cap        |   in|    8|     ap_fifo|      v337_3_4|       pointer|
|v337_3_4_empty_n         |   in|    1|     ap_fifo|      v337_3_4|       pointer|
|v337_3_4_read            |  out|    1|     ap_fifo|      v337_3_4|       pointer|
|v337_3_5_dout            |   in|   32|     ap_fifo|      v337_3_5|       pointer|
|v337_3_5_num_data_valid  |   in|    8|     ap_fifo|      v337_3_5|       pointer|
|v337_3_5_fifo_cap        |   in|    8|     ap_fifo|      v337_3_5|       pointer|
|v337_3_5_empty_n         |   in|    1|     ap_fifo|      v337_3_5|       pointer|
|v337_3_5_read            |  out|    1|     ap_fifo|      v337_3_5|       pointer|
|v337_3_6_dout            |   in|   32|     ap_fifo|      v337_3_6|       pointer|
|v337_3_6_num_data_valid  |   in|    8|     ap_fifo|      v337_3_6|       pointer|
|v337_3_6_fifo_cap        |   in|    8|     ap_fifo|      v337_3_6|       pointer|
|v337_3_6_empty_n         |   in|    1|     ap_fifo|      v337_3_6|       pointer|
|v337_3_6_read            |  out|    1|     ap_fifo|      v337_3_6|       pointer|
|v337_3_7_dout            |   in|   32|     ap_fifo|      v337_3_7|       pointer|
|v337_3_7_num_data_valid  |   in|    8|     ap_fifo|      v337_3_7|       pointer|
|v337_3_7_fifo_cap        |   in|    8|     ap_fifo|      v337_3_7|       pointer|
|v337_3_7_empty_n         |   in|    1|     ap_fifo|      v337_3_7|       pointer|
|v337_3_7_read            |  out|    1|     ap_fifo|      v337_3_7|       pointer|
|v337_4_0_dout            |   in|   32|     ap_fifo|      v337_4_0|       pointer|
|v337_4_0_num_data_valid  |   in|    8|     ap_fifo|      v337_4_0|       pointer|
|v337_4_0_fifo_cap        |   in|    8|     ap_fifo|      v337_4_0|       pointer|
|v337_4_0_empty_n         |   in|    1|     ap_fifo|      v337_4_0|       pointer|
|v337_4_0_read            |  out|    1|     ap_fifo|      v337_4_0|       pointer|
|v337_4_1_dout            |   in|   32|     ap_fifo|      v337_4_1|       pointer|
|v337_4_1_num_data_valid  |   in|    8|     ap_fifo|      v337_4_1|       pointer|
|v337_4_1_fifo_cap        |   in|    8|     ap_fifo|      v337_4_1|       pointer|
|v337_4_1_empty_n         |   in|    1|     ap_fifo|      v337_4_1|       pointer|
|v337_4_1_read            |  out|    1|     ap_fifo|      v337_4_1|       pointer|
|v337_4_2_dout            |   in|   32|     ap_fifo|      v337_4_2|       pointer|
|v337_4_2_num_data_valid  |   in|    8|     ap_fifo|      v337_4_2|       pointer|
|v337_4_2_fifo_cap        |   in|    8|     ap_fifo|      v337_4_2|       pointer|
|v337_4_2_empty_n         |   in|    1|     ap_fifo|      v337_4_2|       pointer|
|v337_4_2_read            |  out|    1|     ap_fifo|      v337_4_2|       pointer|
|v337_4_3_dout            |   in|   32|     ap_fifo|      v337_4_3|       pointer|
|v337_4_3_num_data_valid  |   in|    8|     ap_fifo|      v337_4_3|       pointer|
|v337_4_3_fifo_cap        |   in|    8|     ap_fifo|      v337_4_3|       pointer|
|v337_4_3_empty_n         |   in|    1|     ap_fifo|      v337_4_3|       pointer|
|v337_4_3_read            |  out|    1|     ap_fifo|      v337_4_3|       pointer|
|v337_4_4_dout            |   in|   32|     ap_fifo|      v337_4_4|       pointer|
|v337_4_4_num_data_valid  |   in|    8|     ap_fifo|      v337_4_4|       pointer|
|v337_4_4_fifo_cap        |   in|    8|     ap_fifo|      v337_4_4|       pointer|
|v337_4_4_empty_n         |   in|    1|     ap_fifo|      v337_4_4|       pointer|
|v337_4_4_read            |  out|    1|     ap_fifo|      v337_4_4|       pointer|
|v337_4_5_dout            |   in|   32|     ap_fifo|      v337_4_5|       pointer|
|v337_4_5_num_data_valid  |   in|    8|     ap_fifo|      v337_4_5|       pointer|
|v337_4_5_fifo_cap        |   in|    8|     ap_fifo|      v337_4_5|       pointer|
|v337_4_5_empty_n         |   in|    1|     ap_fifo|      v337_4_5|       pointer|
|v337_4_5_read            |  out|    1|     ap_fifo|      v337_4_5|       pointer|
|v337_4_6_dout            |   in|   32|     ap_fifo|      v337_4_6|       pointer|
|v337_4_6_num_data_valid  |   in|    8|     ap_fifo|      v337_4_6|       pointer|
|v337_4_6_fifo_cap        |   in|    8|     ap_fifo|      v337_4_6|       pointer|
|v337_4_6_empty_n         |   in|    1|     ap_fifo|      v337_4_6|       pointer|
|v337_4_6_read            |  out|    1|     ap_fifo|      v337_4_6|       pointer|
|v337_4_7_dout            |   in|   32|     ap_fifo|      v337_4_7|       pointer|
|v337_4_7_num_data_valid  |   in|    8|     ap_fifo|      v337_4_7|       pointer|
|v337_4_7_fifo_cap        |   in|    8|     ap_fifo|      v337_4_7|       pointer|
|v337_4_7_empty_n         |   in|    1|     ap_fifo|      v337_4_7|       pointer|
|v337_4_7_read            |  out|    1|     ap_fifo|      v337_4_7|       pointer|
|v337_5_0_dout            |   in|   32|     ap_fifo|      v337_5_0|       pointer|
|v337_5_0_num_data_valid  |   in|    8|     ap_fifo|      v337_5_0|       pointer|
|v337_5_0_fifo_cap        |   in|    8|     ap_fifo|      v337_5_0|       pointer|
|v337_5_0_empty_n         |   in|    1|     ap_fifo|      v337_5_0|       pointer|
|v337_5_0_read            |  out|    1|     ap_fifo|      v337_5_0|       pointer|
|v337_5_1_dout            |   in|   32|     ap_fifo|      v337_5_1|       pointer|
|v337_5_1_num_data_valid  |   in|    8|     ap_fifo|      v337_5_1|       pointer|
|v337_5_1_fifo_cap        |   in|    8|     ap_fifo|      v337_5_1|       pointer|
|v337_5_1_empty_n         |   in|    1|     ap_fifo|      v337_5_1|       pointer|
|v337_5_1_read            |  out|    1|     ap_fifo|      v337_5_1|       pointer|
|v337_5_2_dout            |   in|   32|     ap_fifo|      v337_5_2|       pointer|
|v337_5_2_num_data_valid  |   in|    8|     ap_fifo|      v337_5_2|       pointer|
|v337_5_2_fifo_cap        |   in|    8|     ap_fifo|      v337_5_2|       pointer|
|v337_5_2_empty_n         |   in|    1|     ap_fifo|      v337_5_2|       pointer|
|v337_5_2_read            |  out|    1|     ap_fifo|      v337_5_2|       pointer|
|v337_5_3_dout            |   in|   32|     ap_fifo|      v337_5_3|       pointer|
|v337_5_3_num_data_valid  |   in|    8|     ap_fifo|      v337_5_3|       pointer|
|v337_5_3_fifo_cap        |   in|    8|     ap_fifo|      v337_5_3|       pointer|
|v337_5_3_empty_n         |   in|    1|     ap_fifo|      v337_5_3|       pointer|
|v337_5_3_read            |  out|    1|     ap_fifo|      v337_5_3|       pointer|
|v337_5_4_dout            |   in|   32|     ap_fifo|      v337_5_4|       pointer|
|v337_5_4_num_data_valid  |   in|    8|     ap_fifo|      v337_5_4|       pointer|
|v337_5_4_fifo_cap        |   in|    8|     ap_fifo|      v337_5_4|       pointer|
|v337_5_4_empty_n         |   in|    1|     ap_fifo|      v337_5_4|       pointer|
|v337_5_4_read            |  out|    1|     ap_fifo|      v337_5_4|       pointer|
|v337_5_5_dout            |   in|   32|     ap_fifo|      v337_5_5|       pointer|
|v337_5_5_num_data_valid  |   in|    8|     ap_fifo|      v337_5_5|       pointer|
|v337_5_5_fifo_cap        |   in|    8|     ap_fifo|      v337_5_5|       pointer|
|v337_5_5_empty_n         |   in|    1|     ap_fifo|      v337_5_5|       pointer|
|v337_5_5_read            |  out|    1|     ap_fifo|      v337_5_5|       pointer|
|v337_5_6_dout            |   in|   32|     ap_fifo|      v337_5_6|       pointer|
|v337_5_6_num_data_valid  |   in|    8|     ap_fifo|      v337_5_6|       pointer|
|v337_5_6_fifo_cap        |   in|    8|     ap_fifo|      v337_5_6|       pointer|
|v337_5_6_empty_n         |   in|    1|     ap_fifo|      v337_5_6|       pointer|
|v337_5_6_read            |  out|    1|     ap_fifo|      v337_5_6|       pointer|
|v337_5_7_dout            |   in|   32|     ap_fifo|      v337_5_7|       pointer|
|v337_5_7_num_data_valid  |   in|    8|     ap_fifo|      v337_5_7|       pointer|
|v337_5_7_fifo_cap        |   in|    8|     ap_fifo|      v337_5_7|       pointer|
|v337_5_7_empty_n         |   in|    1|     ap_fifo|      v337_5_7|       pointer|
|v337_5_7_read            |  out|    1|     ap_fifo|      v337_5_7|       pointer|
|v337_6_0_dout            |   in|   32|     ap_fifo|      v337_6_0|       pointer|
|v337_6_0_num_data_valid  |   in|    8|     ap_fifo|      v337_6_0|       pointer|
|v337_6_0_fifo_cap        |   in|    8|     ap_fifo|      v337_6_0|       pointer|
|v337_6_0_empty_n         |   in|    1|     ap_fifo|      v337_6_0|       pointer|
|v337_6_0_read            |  out|    1|     ap_fifo|      v337_6_0|       pointer|
|v337_6_1_dout            |   in|   32|     ap_fifo|      v337_6_1|       pointer|
|v337_6_1_num_data_valid  |   in|    8|     ap_fifo|      v337_6_1|       pointer|
|v337_6_1_fifo_cap        |   in|    8|     ap_fifo|      v337_6_1|       pointer|
|v337_6_1_empty_n         |   in|    1|     ap_fifo|      v337_6_1|       pointer|
|v337_6_1_read            |  out|    1|     ap_fifo|      v337_6_1|       pointer|
|v337_6_2_dout            |   in|   32|     ap_fifo|      v337_6_2|       pointer|
|v337_6_2_num_data_valid  |   in|    8|     ap_fifo|      v337_6_2|       pointer|
|v337_6_2_fifo_cap        |   in|    8|     ap_fifo|      v337_6_2|       pointer|
|v337_6_2_empty_n         |   in|    1|     ap_fifo|      v337_6_2|       pointer|
|v337_6_2_read            |  out|    1|     ap_fifo|      v337_6_2|       pointer|
|v337_6_3_dout            |   in|   32|     ap_fifo|      v337_6_3|       pointer|
|v337_6_3_num_data_valid  |   in|    8|     ap_fifo|      v337_6_3|       pointer|
|v337_6_3_fifo_cap        |   in|    8|     ap_fifo|      v337_6_3|       pointer|
|v337_6_3_empty_n         |   in|    1|     ap_fifo|      v337_6_3|       pointer|
|v337_6_3_read            |  out|    1|     ap_fifo|      v337_6_3|       pointer|
|v337_6_4_dout            |   in|   32|     ap_fifo|      v337_6_4|       pointer|
|v337_6_4_num_data_valid  |   in|    8|     ap_fifo|      v337_6_4|       pointer|
|v337_6_4_fifo_cap        |   in|    8|     ap_fifo|      v337_6_4|       pointer|
|v337_6_4_empty_n         |   in|    1|     ap_fifo|      v337_6_4|       pointer|
|v337_6_4_read            |  out|    1|     ap_fifo|      v337_6_4|       pointer|
|v337_6_5_dout            |   in|   32|     ap_fifo|      v337_6_5|       pointer|
|v337_6_5_num_data_valid  |   in|    8|     ap_fifo|      v337_6_5|       pointer|
|v337_6_5_fifo_cap        |   in|    8|     ap_fifo|      v337_6_5|       pointer|
|v337_6_5_empty_n         |   in|    1|     ap_fifo|      v337_6_5|       pointer|
|v337_6_5_read            |  out|    1|     ap_fifo|      v337_6_5|       pointer|
|v337_6_6_dout            |   in|   32|     ap_fifo|      v337_6_6|       pointer|
|v337_6_6_num_data_valid  |   in|    8|     ap_fifo|      v337_6_6|       pointer|
|v337_6_6_fifo_cap        |   in|    8|     ap_fifo|      v337_6_6|       pointer|
|v337_6_6_empty_n         |   in|    1|     ap_fifo|      v337_6_6|       pointer|
|v337_6_6_read            |  out|    1|     ap_fifo|      v337_6_6|       pointer|
|v337_6_7_dout            |   in|   32|     ap_fifo|      v337_6_7|       pointer|
|v337_6_7_num_data_valid  |   in|    8|     ap_fifo|      v337_6_7|       pointer|
|v337_6_7_fifo_cap        |   in|    8|     ap_fifo|      v337_6_7|       pointer|
|v337_6_7_empty_n         |   in|    1|     ap_fifo|      v337_6_7|       pointer|
|v337_6_7_read            |  out|    1|     ap_fifo|      v337_6_7|       pointer|
|v337_7_0_dout            |   in|   32|     ap_fifo|      v337_7_0|       pointer|
|v337_7_0_num_data_valid  |   in|    8|     ap_fifo|      v337_7_0|       pointer|
|v337_7_0_fifo_cap        |   in|    8|     ap_fifo|      v337_7_0|       pointer|
|v337_7_0_empty_n         |   in|    1|     ap_fifo|      v337_7_0|       pointer|
|v337_7_0_read            |  out|    1|     ap_fifo|      v337_7_0|       pointer|
|v337_7_1_dout            |   in|   32|     ap_fifo|      v337_7_1|       pointer|
|v337_7_1_num_data_valid  |   in|    8|     ap_fifo|      v337_7_1|       pointer|
|v337_7_1_fifo_cap        |   in|    8|     ap_fifo|      v337_7_1|       pointer|
|v337_7_1_empty_n         |   in|    1|     ap_fifo|      v337_7_1|       pointer|
|v337_7_1_read            |  out|    1|     ap_fifo|      v337_7_1|       pointer|
|v337_7_2_dout            |   in|   32|     ap_fifo|      v337_7_2|       pointer|
|v337_7_2_num_data_valid  |   in|    8|     ap_fifo|      v337_7_2|       pointer|
|v337_7_2_fifo_cap        |   in|    8|     ap_fifo|      v337_7_2|       pointer|
|v337_7_2_empty_n         |   in|    1|     ap_fifo|      v337_7_2|       pointer|
|v337_7_2_read            |  out|    1|     ap_fifo|      v337_7_2|       pointer|
|v337_7_3_dout            |   in|   32|     ap_fifo|      v337_7_3|       pointer|
|v337_7_3_num_data_valid  |   in|    8|     ap_fifo|      v337_7_3|       pointer|
|v337_7_3_fifo_cap        |   in|    8|     ap_fifo|      v337_7_3|       pointer|
|v337_7_3_empty_n         |   in|    1|     ap_fifo|      v337_7_3|       pointer|
|v337_7_3_read            |  out|    1|     ap_fifo|      v337_7_3|       pointer|
|v337_7_4_dout            |   in|   32|     ap_fifo|      v337_7_4|       pointer|
|v337_7_4_num_data_valid  |   in|    8|     ap_fifo|      v337_7_4|       pointer|
|v337_7_4_fifo_cap        |   in|    8|     ap_fifo|      v337_7_4|       pointer|
|v337_7_4_empty_n         |   in|    1|     ap_fifo|      v337_7_4|       pointer|
|v337_7_4_read            |  out|    1|     ap_fifo|      v337_7_4|       pointer|
|v337_7_5_dout            |   in|   32|     ap_fifo|      v337_7_5|       pointer|
|v337_7_5_num_data_valid  |   in|    8|     ap_fifo|      v337_7_5|       pointer|
|v337_7_5_fifo_cap        |   in|    8|     ap_fifo|      v337_7_5|       pointer|
|v337_7_5_empty_n         |   in|    1|     ap_fifo|      v337_7_5|       pointer|
|v337_7_5_read            |  out|    1|     ap_fifo|      v337_7_5|       pointer|
|v337_7_6_dout            |   in|   32|     ap_fifo|      v337_7_6|       pointer|
|v337_7_6_num_data_valid  |   in|    8|     ap_fifo|      v337_7_6|       pointer|
|v337_7_6_fifo_cap        |   in|    8|     ap_fifo|      v337_7_6|       pointer|
|v337_7_6_empty_n         |   in|    1|     ap_fifo|      v337_7_6|       pointer|
|v337_7_6_read            |  out|    1|     ap_fifo|      v337_7_6|       pointer|
|v337_7_7_dout            |   in|   32|     ap_fifo|      v337_7_7|       pointer|
|v337_7_7_num_data_valid  |   in|    8|     ap_fifo|      v337_7_7|       pointer|
|v337_7_7_fifo_cap        |   in|    8|     ap_fifo|      v337_7_7|       pointer|
|v337_7_7_empty_n         |   in|    1|     ap_fifo|      v337_7_7|       pointer|
|v337_7_7_read            |  out|    1|     ap_fifo|      v337_7_7|       pointer|
|v336_0_0_address0        |  out|    7|   ap_memory|      v336_0_0|         array|
|v336_0_0_ce0             |  out|    1|   ap_memory|      v336_0_0|         array|
|v336_0_0_we0             |  out|    1|   ap_memory|      v336_0_0|         array|
|v336_0_0_d0              |  out|   32|   ap_memory|      v336_0_0|         array|
|v336_0_1_address0        |  out|    7|   ap_memory|      v336_0_1|         array|
|v336_0_1_ce0             |  out|    1|   ap_memory|      v336_0_1|         array|
|v336_0_1_we0             |  out|    1|   ap_memory|      v336_0_1|         array|
|v336_0_1_d0              |  out|   32|   ap_memory|      v336_0_1|         array|
|v336_0_2_address0        |  out|    7|   ap_memory|      v336_0_2|         array|
|v336_0_2_ce0             |  out|    1|   ap_memory|      v336_0_2|         array|
|v336_0_2_we0             |  out|    1|   ap_memory|      v336_0_2|         array|
|v336_0_2_d0              |  out|   32|   ap_memory|      v336_0_2|         array|
|v336_0_3_address0        |  out|    7|   ap_memory|      v336_0_3|         array|
|v336_0_3_ce0             |  out|    1|   ap_memory|      v336_0_3|         array|
|v336_0_3_we0             |  out|    1|   ap_memory|      v336_0_3|         array|
|v336_0_3_d0              |  out|   32|   ap_memory|      v336_0_3|         array|
|v336_0_4_address0        |  out|    7|   ap_memory|      v336_0_4|         array|
|v336_0_4_ce0             |  out|    1|   ap_memory|      v336_0_4|         array|
|v336_0_4_we0             |  out|    1|   ap_memory|      v336_0_4|         array|
|v336_0_4_d0              |  out|   32|   ap_memory|      v336_0_4|         array|
|v336_0_5_address0        |  out|    7|   ap_memory|      v336_0_5|         array|
|v336_0_5_ce0             |  out|    1|   ap_memory|      v336_0_5|         array|
|v336_0_5_we0             |  out|    1|   ap_memory|      v336_0_5|         array|
|v336_0_5_d0              |  out|   32|   ap_memory|      v336_0_5|         array|
|v336_0_6_address0        |  out|    7|   ap_memory|      v336_0_6|         array|
|v336_0_6_ce0             |  out|    1|   ap_memory|      v336_0_6|         array|
|v336_0_6_we0             |  out|    1|   ap_memory|      v336_0_6|         array|
|v336_0_6_d0              |  out|   32|   ap_memory|      v336_0_6|         array|
|v336_0_7_address0        |  out|    7|   ap_memory|      v336_0_7|         array|
|v336_0_7_ce0             |  out|    1|   ap_memory|      v336_0_7|         array|
|v336_0_7_we0             |  out|    1|   ap_memory|      v336_0_7|         array|
|v336_0_7_d0              |  out|   32|   ap_memory|      v336_0_7|         array|
|v336_1_0_address0        |  out|    7|   ap_memory|      v336_1_0|         array|
|v336_1_0_ce0             |  out|    1|   ap_memory|      v336_1_0|         array|
|v336_1_0_we0             |  out|    1|   ap_memory|      v336_1_0|         array|
|v336_1_0_d0              |  out|   32|   ap_memory|      v336_1_0|         array|
|v336_1_1_address0        |  out|    7|   ap_memory|      v336_1_1|         array|
|v336_1_1_ce0             |  out|    1|   ap_memory|      v336_1_1|         array|
|v336_1_1_we0             |  out|    1|   ap_memory|      v336_1_1|         array|
|v336_1_1_d0              |  out|   32|   ap_memory|      v336_1_1|         array|
|v336_1_2_address0        |  out|    7|   ap_memory|      v336_1_2|         array|
|v336_1_2_ce0             |  out|    1|   ap_memory|      v336_1_2|         array|
|v336_1_2_we0             |  out|    1|   ap_memory|      v336_1_2|         array|
|v336_1_2_d0              |  out|   32|   ap_memory|      v336_1_2|         array|
|v336_1_3_address0        |  out|    7|   ap_memory|      v336_1_3|         array|
|v336_1_3_ce0             |  out|    1|   ap_memory|      v336_1_3|         array|
|v336_1_3_we0             |  out|    1|   ap_memory|      v336_1_3|         array|
|v336_1_3_d0              |  out|   32|   ap_memory|      v336_1_3|         array|
|v336_1_4_address0        |  out|    7|   ap_memory|      v336_1_4|         array|
|v336_1_4_ce0             |  out|    1|   ap_memory|      v336_1_4|         array|
|v336_1_4_we0             |  out|    1|   ap_memory|      v336_1_4|         array|
|v336_1_4_d0              |  out|   32|   ap_memory|      v336_1_4|         array|
|v336_1_5_address0        |  out|    7|   ap_memory|      v336_1_5|         array|
|v336_1_5_ce0             |  out|    1|   ap_memory|      v336_1_5|         array|
|v336_1_5_we0             |  out|    1|   ap_memory|      v336_1_5|         array|
|v336_1_5_d0              |  out|   32|   ap_memory|      v336_1_5|         array|
|v336_1_6_address0        |  out|    7|   ap_memory|      v336_1_6|         array|
|v336_1_6_ce0             |  out|    1|   ap_memory|      v336_1_6|         array|
|v336_1_6_we0             |  out|    1|   ap_memory|      v336_1_6|         array|
|v336_1_6_d0              |  out|   32|   ap_memory|      v336_1_6|         array|
|v336_1_7_address0        |  out|    7|   ap_memory|      v336_1_7|         array|
|v336_1_7_ce0             |  out|    1|   ap_memory|      v336_1_7|         array|
|v336_1_7_we0             |  out|    1|   ap_memory|      v336_1_7|         array|
|v336_1_7_d0              |  out|   32|   ap_memory|      v336_1_7|         array|
|v336_2_0_address0        |  out|    7|   ap_memory|      v336_2_0|         array|
|v336_2_0_ce0             |  out|    1|   ap_memory|      v336_2_0|         array|
|v336_2_0_we0             |  out|    1|   ap_memory|      v336_2_0|         array|
|v336_2_0_d0              |  out|   32|   ap_memory|      v336_2_0|         array|
|v336_2_1_address0        |  out|    7|   ap_memory|      v336_2_1|         array|
|v336_2_1_ce0             |  out|    1|   ap_memory|      v336_2_1|         array|
|v336_2_1_we0             |  out|    1|   ap_memory|      v336_2_1|         array|
|v336_2_1_d0              |  out|   32|   ap_memory|      v336_2_1|         array|
|v336_2_2_address0        |  out|    7|   ap_memory|      v336_2_2|         array|
|v336_2_2_ce0             |  out|    1|   ap_memory|      v336_2_2|         array|
|v336_2_2_we0             |  out|    1|   ap_memory|      v336_2_2|         array|
|v336_2_2_d0              |  out|   32|   ap_memory|      v336_2_2|         array|
|v336_2_3_address0        |  out|    7|   ap_memory|      v336_2_3|         array|
|v336_2_3_ce0             |  out|    1|   ap_memory|      v336_2_3|         array|
|v336_2_3_we0             |  out|    1|   ap_memory|      v336_2_3|         array|
|v336_2_3_d0              |  out|   32|   ap_memory|      v336_2_3|         array|
|v336_2_4_address0        |  out|    7|   ap_memory|      v336_2_4|         array|
|v336_2_4_ce0             |  out|    1|   ap_memory|      v336_2_4|         array|
|v336_2_4_we0             |  out|    1|   ap_memory|      v336_2_4|         array|
|v336_2_4_d0              |  out|   32|   ap_memory|      v336_2_4|         array|
|v336_2_5_address0        |  out|    7|   ap_memory|      v336_2_5|         array|
|v336_2_5_ce0             |  out|    1|   ap_memory|      v336_2_5|         array|
|v336_2_5_we0             |  out|    1|   ap_memory|      v336_2_5|         array|
|v336_2_5_d0              |  out|   32|   ap_memory|      v336_2_5|         array|
|v336_2_6_address0        |  out|    7|   ap_memory|      v336_2_6|         array|
|v336_2_6_ce0             |  out|    1|   ap_memory|      v336_2_6|         array|
|v336_2_6_we0             |  out|    1|   ap_memory|      v336_2_6|         array|
|v336_2_6_d0              |  out|   32|   ap_memory|      v336_2_6|         array|
|v336_2_7_address0        |  out|    7|   ap_memory|      v336_2_7|         array|
|v336_2_7_ce0             |  out|    1|   ap_memory|      v336_2_7|         array|
|v336_2_7_we0             |  out|    1|   ap_memory|      v336_2_7|         array|
|v336_2_7_d0              |  out|   32|   ap_memory|      v336_2_7|         array|
|v336_3_0_address0        |  out|    7|   ap_memory|      v336_3_0|         array|
|v336_3_0_ce0             |  out|    1|   ap_memory|      v336_3_0|         array|
|v336_3_0_we0             |  out|    1|   ap_memory|      v336_3_0|         array|
|v336_3_0_d0              |  out|   32|   ap_memory|      v336_3_0|         array|
|v336_3_1_address0        |  out|    7|   ap_memory|      v336_3_1|         array|
|v336_3_1_ce0             |  out|    1|   ap_memory|      v336_3_1|         array|
|v336_3_1_we0             |  out|    1|   ap_memory|      v336_3_1|         array|
|v336_3_1_d0              |  out|   32|   ap_memory|      v336_3_1|         array|
|v336_3_2_address0        |  out|    7|   ap_memory|      v336_3_2|         array|
|v336_3_2_ce0             |  out|    1|   ap_memory|      v336_3_2|         array|
|v336_3_2_we0             |  out|    1|   ap_memory|      v336_3_2|         array|
|v336_3_2_d0              |  out|   32|   ap_memory|      v336_3_2|         array|
|v336_3_3_address0        |  out|    7|   ap_memory|      v336_3_3|         array|
|v336_3_3_ce0             |  out|    1|   ap_memory|      v336_3_3|         array|
|v336_3_3_we0             |  out|    1|   ap_memory|      v336_3_3|         array|
|v336_3_3_d0              |  out|   32|   ap_memory|      v336_3_3|         array|
|v336_3_4_address0        |  out|    7|   ap_memory|      v336_3_4|         array|
|v336_3_4_ce0             |  out|    1|   ap_memory|      v336_3_4|         array|
|v336_3_4_we0             |  out|    1|   ap_memory|      v336_3_4|         array|
|v336_3_4_d0              |  out|   32|   ap_memory|      v336_3_4|         array|
|v336_3_5_address0        |  out|    7|   ap_memory|      v336_3_5|         array|
|v336_3_5_ce0             |  out|    1|   ap_memory|      v336_3_5|         array|
|v336_3_5_we0             |  out|    1|   ap_memory|      v336_3_5|         array|
|v336_3_5_d0              |  out|   32|   ap_memory|      v336_3_5|         array|
|v336_3_6_address0        |  out|    7|   ap_memory|      v336_3_6|         array|
|v336_3_6_ce0             |  out|    1|   ap_memory|      v336_3_6|         array|
|v336_3_6_we0             |  out|    1|   ap_memory|      v336_3_6|         array|
|v336_3_6_d0              |  out|   32|   ap_memory|      v336_3_6|         array|
|v336_3_7_address0        |  out|    7|   ap_memory|      v336_3_7|         array|
|v336_3_7_ce0             |  out|    1|   ap_memory|      v336_3_7|         array|
|v336_3_7_we0             |  out|    1|   ap_memory|      v336_3_7|         array|
|v336_3_7_d0              |  out|   32|   ap_memory|      v336_3_7|         array|
|v336_4_0_address0        |  out|    7|   ap_memory|      v336_4_0|         array|
|v336_4_0_ce0             |  out|    1|   ap_memory|      v336_4_0|         array|
|v336_4_0_we0             |  out|    1|   ap_memory|      v336_4_0|         array|
|v336_4_0_d0              |  out|   32|   ap_memory|      v336_4_0|         array|
|v336_4_1_address0        |  out|    7|   ap_memory|      v336_4_1|         array|
|v336_4_1_ce0             |  out|    1|   ap_memory|      v336_4_1|         array|
|v336_4_1_we0             |  out|    1|   ap_memory|      v336_4_1|         array|
|v336_4_1_d0              |  out|   32|   ap_memory|      v336_4_1|         array|
|v336_4_2_address0        |  out|    7|   ap_memory|      v336_4_2|         array|
|v336_4_2_ce0             |  out|    1|   ap_memory|      v336_4_2|         array|
|v336_4_2_we0             |  out|    1|   ap_memory|      v336_4_2|         array|
|v336_4_2_d0              |  out|   32|   ap_memory|      v336_4_2|         array|
|v336_4_3_address0        |  out|    7|   ap_memory|      v336_4_3|         array|
|v336_4_3_ce0             |  out|    1|   ap_memory|      v336_4_3|         array|
|v336_4_3_we0             |  out|    1|   ap_memory|      v336_4_3|         array|
|v336_4_3_d0              |  out|   32|   ap_memory|      v336_4_3|         array|
|v336_4_4_address0        |  out|    7|   ap_memory|      v336_4_4|         array|
|v336_4_4_ce0             |  out|    1|   ap_memory|      v336_4_4|         array|
|v336_4_4_we0             |  out|    1|   ap_memory|      v336_4_4|         array|
|v336_4_4_d0              |  out|   32|   ap_memory|      v336_4_4|         array|
|v336_4_5_address0        |  out|    7|   ap_memory|      v336_4_5|         array|
|v336_4_5_ce0             |  out|    1|   ap_memory|      v336_4_5|         array|
|v336_4_5_we0             |  out|    1|   ap_memory|      v336_4_5|         array|
|v336_4_5_d0              |  out|   32|   ap_memory|      v336_4_5|         array|
|v336_4_6_address0        |  out|    7|   ap_memory|      v336_4_6|         array|
|v336_4_6_ce0             |  out|    1|   ap_memory|      v336_4_6|         array|
|v336_4_6_we0             |  out|    1|   ap_memory|      v336_4_6|         array|
|v336_4_6_d0              |  out|   32|   ap_memory|      v336_4_6|         array|
|v336_4_7_address0        |  out|    7|   ap_memory|      v336_4_7|         array|
|v336_4_7_ce0             |  out|    1|   ap_memory|      v336_4_7|         array|
|v336_4_7_we0             |  out|    1|   ap_memory|      v336_4_7|         array|
|v336_4_7_d0              |  out|   32|   ap_memory|      v336_4_7|         array|
|v336_5_0_address0        |  out|    7|   ap_memory|      v336_5_0|         array|
|v336_5_0_ce0             |  out|    1|   ap_memory|      v336_5_0|         array|
|v336_5_0_we0             |  out|    1|   ap_memory|      v336_5_0|         array|
|v336_5_0_d0              |  out|   32|   ap_memory|      v336_5_0|         array|
|v336_5_1_address0        |  out|    7|   ap_memory|      v336_5_1|         array|
|v336_5_1_ce0             |  out|    1|   ap_memory|      v336_5_1|         array|
|v336_5_1_we0             |  out|    1|   ap_memory|      v336_5_1|         array|
|v336_5_1_d0              |  out|   32|   ap_memory|      v336_5_1|         array|
|v336_5_2_address0        |  out|    7|   ap_memory|      v336_5_2|         array|
|v336_5_2_ce0             |  out|    1|   ap_memory|      v336_5_2|         array|
|v336_5_2_we0             |  out|    1|   ap_memory|      v336_5_2|         array|
|v336_5_2_d0              |  out|   32|   ap_memory|      v336_5_2|         array|
|v336_5_3_address0        |  out|    7|   ap_memory|      v336_5_3|         array|
|v336_5_3_ce0             |  out|    1|   ap_memory|      v336_5_3|         array|
|v336_5_3_we0             |  out|    1|   ap_memory|      v336_5_3|         array|
|v336_5_3_d0              |  out|   32|   ap_memory|      v336_5_3|         array|
|v336_5_4_address0        |  out|    7|   ap_memory|      v336_5_4|         array|
|v336_5_4_ce0             |  out|    1|   ap_memory|      v336_5_4|         array|
|v336_5_4_we0             |  out|    1|   ap_memory|      v336_5_4|         array|
|v336_5_4_d0              |  out|   32|   ap_memory|      v336_5_4|         array|
|v336_5_5_address0        |  out|    7|   ap_memory|      v336_5_5|         array|
|v336_5_5_ce0             |  out|    1|   ap_memory|      v336_5_5|         array|
|v336_5_5_we0             |  out|    1|   ap_memory|      v336_5_5|         array|
|v336_5_5_d0              |  out|   32|   ap_memory|      v336_5_5|         array|
|v336_5_6_address0        |  out|    7|   ap_memory|      v336_5_6|         array|
|v336_5_6_ce0             |  out|    1|   ap_memory|      v336_5_6|         array|
|v336_5_6_we0             |  out|    1|   ap_memory|      v336_5_6|         array|
|v336_5_6_d0              |  out|   32|   ap_memory|      v336_5_6|         array|
|v336_5_7_address0        |  out|    7|   ap_memory|      v336_5_7|         array|
|v336_5_7_ce0             |  out|    1|   ap_memory|      v336_5_7|         array|
|v336_5_7_we0             |  out|    1|   ap_memory|      v336_5_7|         array|
|v336_5_7_d0              |  out|   32|   ap_memory|      v336_5_7|         array|
|v336_6_0_address0        |  out|    7|   ap_memory|      v336_6_0|         array|
|v336_6_0_ce0             |  out|    1|   ap_memory|      v336_6_0|         array|
|v336_6_0_we0             |  out|    1|   ap_memory|      v336_6_0|         array|
|v336_6_0_d0              |  out|   32|   ap_memory|      v336_6_0|         array|
|v336_6_1_address0        |  out|    7|   ap_memory|      v336_6_1|         array|
|v336_6_1_ce0             |  out|    1|   ap_memory|      v336_6_1|         array|
|v336_6_1_we0             |  out|    1|   ap_memory|      v336_6_1|         array|
|v336_6_1_d0              |  out|   32|   ap_memory|      v336_6_1|         array|
|v336_6_2_address0        |  out|    7|   ap_memory|      v336_6_2|         array|
|v336_6_2_ce0             |  out|    1|   ap_memory|      v336_6_2|         array|
|v336_6_2_we0             |  out|    1|   ap_memory|      v336_6_2|         array|
|v336_6_2_d0              |  out|   32|   ap_memory|      v336_6_2|         array|
|v336_6_3_address0        |  out|    7|   ap_memory|      v336_6_3|         array|
|v336_6_3_ce0             |  out|    1|   ap_memory|      v336_6_3|         array|
|v336_6_3_we0             |  out|    1|   ap_memory|      v336_6_3|         array|
|v336_6_3_d0              |  out|   32|   ap_memory|      v336_6_3|         array|
|v336_6_4_address0        |  out|    7|   ap_memory|      v336_6_4|         array|
|v336_6_4_ce0             |  out|    1|   ap_memory|      v336_6_4|         array|
|v336_6_4_we0             |  out|    1|   ap_memory|      v336_6_4|         array|
|v336_6_4_d0              |  out|   32|   ap_memory|      v336_6_4|         array|
|v336_6_5_address0        |  out|    7|   ap_memory|      v336_6_5|         array|
|v336_6_5_ce0             |  out|    1|   ap_memory|      v336_6_5|         array|
|v336_6_5_we0             |  out|    1|   ap_memory|      v336_6_5|         array|
|v336_6_5_d0              |  out|   32|   ap_memory|      v336_6_5|         array|
|v336_6_6_address0        |  out|    7|   ap_memory|      v336_6_6|         array|
|v336_6_6_ce0             |  out|    1|   ap_memory|      v336_6_6|         array|
|v336_6_6_we0             |  out|    1|   ap_memory|      v336_6_6|         array|
|v336_6_6_d0              |  out|   32|   ap_memory|      v336_6_6|         array|
|v336_6_7_address0        |  out|    7|   ap_memory|      v336_6_7|         array|
|v336_6_7_ce0             |  out|    1|   ap_memory|      v336_6_7|         array|
|v336_6_7_we0             |  out|    1|   ap_memory|      v336_6_7|         array|
|v336_6_7_d0              |  out|   32|   ap_memory|      v336_6_7|         array|
|v336_7_0_address0        |  out|    7|   ap_memory|      v336_7_0|         array|
|v336_7_0_ce0             |  out|    1|   ap_memory|      v336_7_0|         array|
|v336_7_0_we0             |  out|    1|   ap_memory|      v336_7_0|         array|
|v336_7_0_d0              |  out|   32|   ap_memory|      v336_7_0|         array|
|v336_7_1_address0        |  out|    7|   ap_memory|      v336_7_1|         array|
|v336_7_1_ce0             |  out|    1|   ap_memory|      v336_7_1|         array|
|v336_7_1_we0             |  out|    1|   ap_memory|      v336_7_1|         array|
|v336_7_1_d0              |  out|   32|   ap_memory|      v336_7_1|         array|
|v336_7_2_address0        |  out|    7|   ap_memory|      v336_7_2|         array|
|v336_7_2_ce0             |  out|    1|   ap_memory|      v336_7_2|         array|
|v336_7_2_we0             |  out|    1|   ap_memory|      v336_7_2|         array|
|v336_7_2_d0              |  out|   32|   ap_memory|      v336_7_2|         array|
|v336_7_3_address0        |  out|    7|   ap_memory|      v336_7_3|         array|
|v336_7_3_ce0             |  out|    1|   ap_memory|      v336_7_3|         array|
|v336_7_3_we0             |  out|    1|   ap_memory|      v336_7_3|         array|
|v336_7_3_d0              |  out|   32|   ap_memory|      v336_7_3|         array|
|v336_7_4_address0        |  out|    7|   ap_memory|      v336_7_4|         array|
|v336_7_4_ce0             |  out|    1|   ap_memory|      v336_7_4|         array|
|v336_7_4_we0             |  out|    1|   ap_memory|      v336_7_4|         array|
|v336_7_4_d0              |  out|   32|   ap_memory|      v336_7_4|         array|
|v336_7_5_address0        |  out|    7|   ap_memory|      v336_7_5|         array|
|v336_7_5_ce0             |  out|    1|   ap_memory|      v336_7_5|         array|
|v336_7_5_we0             |  out|    1|   ap_memory|      v336_7_5|         array|
|v336_7_5_d0              |  out|   32|   ap_memory|      v336_7_5|         array|
|v336_7_6_address0        |  out|    7|   ap_memory|      v336_7_6|         array|
|v336_7_6_ce0             |  out|    1|   ap_memory|      v336_7_6|         array|
|v336_7_6_we0             |  out|    1|   ap_memory|      v336_7_6|         array|
|v336_7_6_d0              |  out|   32|   ap_memory|      v336_7_6|         array|
|v336_7_7_address0        |  out|    7|   ap_memory|      v336_7_7|         array|
|v336_7_7_ce0             |  out|    1|   ap_memory|      v336_7_7|         array|
|v336_7_7_we0             |  out|    1|   ap_memory|      v336_7_7|         array|
|v336_7_7_d0              |  out|   32|   ap_memory|      v336_7_7|         array|
+-------------------------+-----+-----+------------+--------------+--------------+

