

================================================================
== Vitis HLS Report for 'node21'
================================================================
* Date:           Wed Oct  2 15:04:57 2024

* Version:        2023.2 (Build 4023990 on Oct 11 2023)
* Project:        hls_MultiHeadSelfAttention1
* Solution:       solution1 (Vivado IP Flow Target)
* Product family: virtexuplusHBM
* Target device:  xcu280-fsvh2892-2L-e


================================================================
== Performance Estimates
================================================================
+ Timing: 
    * Summary: 
    +--------+---------+----------+------------+
    |  Clock |  Target | Estimated| Uncertainty|
    +--------+---------+----------+------------+
    |ap_clk  |  3.33 ns|  2.466 ns|     0.90 ns|
    +--------+---------+----------+------------+

+ Latency: 
    * Summary: 
    +---------+---------+----------+----------+-----+-----+---------+
    |  Latency (cycles) |  Latency (absolute) |  Interval | Pipeline|
    |   min   |   max   |    min   |    max   | min | max |   Type  |
    +---------+---------+----------+----------+-----+-----+---------+
    |      515|      515|  1.715 us|  1.715 us|  515|  515|       no|
    +---------+---------+----------+----------+-----+-----+---------+

    + Detail: 
        * Instance: 
        N/A

        * Loop: 
        +-------------------+---------+---------+----------+-----------+-----------+------+----------+
        |                   |  Latency (cycles) | Iteration|  Initiation Interval  | Trip |          |
        |     Loop Name     |   min   |   max   |  Latency |  achieved |   target  | Count| Pipelined|
        +-------------------+---------+---------+----------+-----------+-----------+------+----------+
        |- loop116_loop117  |      513|      513|         3|          1|          1|   512|       yes|
        +-------------------+---------+---------+----------+-----------+-----------+------+----------+



================================================================
== Utilization Estimates
================================================================
* Summary: 
+---------------------+---------+------+---------+---------+-----+
|         Name        | BRAM_18K|  DSP |    FF   |   LUT   | URAM|
+---------------------+---------+------+---------+---------+-----+
|DSP                  |        -|     -|        -|        -|    -|
|Expression           |        -|     -|        0|      108|    -|
|FIFO                 |        -|     -|        -|        -|    -|
|Instance             |        -|     -|        -|        -|    -|
|Memory               |        -|     -|        -|        -|    -|
|Multiplexer          |        -|     -|        -|      360|    -|
|Register             |        -|     -|       35|        -|    -|
+---------------------+---------+------+---------+---------+-----+
|Total                |        0|     0|       35|      468|    0|
+---------------------+---------+------+---------+---------+-----+
|Available SLR        |     1344|  3008|   869120|   434560|  320|
+---------------------+---------+------+---------+---------+-----+
|Utilization SLR (%)  |        0|     0|       ~0|       ~0|    0|
+---------------------+---------+------+---------+---------+-----+
|Available            |     4032|  9024|  2607360|  1303680|  960|
+---------------------+---------+------+---------+---------+-----+
|Utilization (%)      |        0|     0|       ~0|       ~0|    0|
+---------------------+---------+------+---------+---------+-----+

+ Detail: 
    * Instance: 
    N/A

    * DSP: 
    N/A

    * Memory: 
    N/A

    * FIFO: 
    N/A

    * Expression: 
    +----------------------------------+----------+----+---+----+------------+------------+
    |           Variable Name          | Operation| DSP| FF| LUT| Bitwidth P0| Bitwidth P1|
    +----------------------------------+----------+----+---+----+------------+------------+
    |add_ln794_1_fu_882_p2             |         +|   0|  0|  17|          10|           1|
    |add_ln794_fu_894_p2               |         +|   0|  0|  13|           6|           1|
    |add_ln795_fu_944_p2               |         +|   0|  0|  12|           5|           1|
    |add_ln800_fu_938_p2               |         +|   0|  0|  16|           9|           9|
    |ap_condition_625                  |       and|   0|  0|   2|           1|           1|
    |icmp_ln794_fu_876_p2              |      icmp|   0|  0|  18|          10|          11|
    |icmp_ln795_fu_900_p2              |      icmp|   0|  0|  13|           5|           6|
    |ap_block_pp0_stage0_01001         |        or|   0|  0|   2|           1|           1|
    |ap_block_state3_pp0_stage0_iter2  |        or|   0|  0|   2|           1|           1|
    |select_ln794_1_fu_918_p3          |    select|   0|  0|   6|           1|           6|
    |select_ln794_fu_906_p3            |    select|   0|  0|   5|           1|           1|
    |ap_enable_pp0                     |       xor|   0|  0|   2|           1|           2|
    +----------------------------------+----------+----+---+----+------------+------------+
    |Total                             |          |   0|  0| 108|          51|          41|
    +----------------------------------+----------+----+---+----+------------+------------+

    * Multiplexer: 
    +--------------------------------------+----+-----------+-----+-----------+
    |                 Name                 | LUT| Input Size| Bits| Total Bits|
    +--------------------------------------+----+-----------+-----+-----------+
    |ap_done_int                           |   9|          2|    1|          2|
    |ap_enable_reg_pp0_iter1               |   9|          2|    1|          2|
    |ap_sig_allocacmp_indvar_flatten_load  |   9|          2|   10|         20|
    |ap_sig_allocacmp_v275_load            |   9|          2|    6|         12|
    |ap_sig_allocacmp_v276_load            |   9|          2|    5|         10|
    |indvar_flatten_fu_182                 |   9|          2|   10|         20|
    |v275_fu_178                           |   9|          2|    6|         12|
    |v276_fu_174                           |   9|          2|    5|         10|
    |v359_0_0_blk_n                        |   9|          2|    1|          2|
    |v359_0_1_blk_n                        |   9|          2|    1|          2|
    |v359_0_2_blk_n                        |   9|          2|    1|          2|
    |v359_0_3_blk_n                        |   9|          2|    1|          2|
    |v359_0_4_blk_n                        |   9|          2|    1|          2|
    |v359_0_5_blk_n                        |   9|          2|    1|          2|
    |v359_0_6_blk_n                        |   9|          2|    1|          2|
    |v359_0_7_blk_n                        |   9|          2|    1|          2|
    |v359_1_0_blk_n                        |   9|          2|    1|          2|
    |v359_1_1_blk_n                        |   9|          2|    1|          2|
    |v359_1_2_blk_n                        |   9|          2|    1|          2|
    |v359_1_3_blk_n                        |   9|          2|    1|          2|
    |v359_1_4_blk_n                        |   9|          2|    1|          2|
    |v359_1_5_blk_n                        |   9|          2|    1|          2|
    |v359_1_6_blk_n                        |   9|          2|    1|          2|
    |v359_1_7_blk_n                        |   9|          2|    1|          2|
    |v359_2_0_blk_n                        |   9|          2|    1|          2|
    |v359_2_1_blk_n                        |   9|          2|    1|          2|
    |v359_2_2_blk_n                        |   9|          2|    1|          2|
    |v359_2_3_blk_n                        |   9|          2|    1|          2|
    |v359_2_4_blk_n                        |   9|          2|    1|          2|
    |v359_2_5_blk_n                        |   9|          2|    1|          2|
    |v359_2_6_blk_n                        |   9|          2|    1|          2|
    |v359_2_7_blk_n                        |   9|          2|    1|          2|
    |v359_3_0_blk_n                        |   9|          2|    1|          2|
    |v359_3_1_blk_n                        |   9|          2|    1|          2|
    |v359_3_2_blk_n                        |   9|          2|    1|          2|
    |v359_3_3_blk_n                        |   9|          2|    1|          2|
    |v359_3_4_blk_n                        |   9|          2|    1|          2|
    |v359_3_5_blk_n                        |   9|          2|    1|          2|
    |v359_3_6_blk_n                        |   9|          2|    1|          2|
    |v359_3_7_blk_n                        |   9|          2|    1|          2|
    +--------------------------------------+----+-----------+-----+-----------+
    |Total                                 | 360|         80|   76|        152|
    +--------------------------------------+----+-----------+-----+-----------+

    * Register: 
    +----------------------------------+----+----+-----+-----------+
    |               Name               | FF | LUT| Bits| Const Bits|
    +----------------------------------+----+----+-----+-----------+
    |add_ln800_reg_1025                |   9|   0|    9|          0|
    |ap_CS_fsm                         |   1|   0|    1|          0|
    |ap_done_reg                       |   1|   0|    1|          0|
    |ap_enable_reg_pp0_iter1           |   1|   0|    1|          0|
    |ap_enable_reg_pp0_iter2           |   1|   0|    1|          0|
    |ap_loop_exit_ready_pp0_iter1_reg  |   1|   0|    1|          0|
    |indvar_flatten_fu_182             |  10|   0|   10|          0|
    |v275_fu_178                       |   6|   0|    6|          0|
    |v276_fu_174                       |   5|   0|    5|          0|
    +----------------------------------+----+----+-----+-----------+
    |Total                             |  35|   0|   35|          0|
    +----------------------------------+----+----+-----+-----------+



================================================================
== Interface
================================================================
* Summary: 
+-------------------------+-----+-----+------------+--------------+--------------+
|        RTL Ports        | Dir | Bits|  Protocol  | Source Object|    C Type    |
+-------------------------+-----+-----+------------+--------------+--------------+
|ap_clk                   |   in|    1|  ap_ctrl_hs|        node21|  return value|
|ap_rst                   |   in|    1|  ap_ctrl_hs|        node21|  return value|
|ap_start                 |   in|    1|  ap_ctrl_hs|        node21|  return value|
|ap_done                  |  out|    1|  ap_ctrl_hs|        node21|  return value|
|ap_continue              |   in|    1|  ap_ctrl_hs|        node21|  return value|
|ap_idle                  |  out|    1|  ap_ctrl_hs|        node21|  return value|
|ap_ready                 |  out|    1|  ap_ctrl_hs|        node21|  return value|
|v359_0_0_din             |  out|   32|     ap_fifo|      v359_0_0|       pointer|
|v359_0_0_num_data_valid  |   in|   10|     ap_fifo|      v359_0_0|       pointer|
|v359_0_0_fifo_cap        |   in|   10|     ap_fifo|      v359_0_0|       pointer|
|v359_0_0_full_n          |   in|    1|     ap_fifo|      v359_0_0|       pointer|
|v359_0_0_write           |  out|    1|     ap_fifo|      v359_0_0|       pointer|
|v359_0_1_din             |  out|   32|     ap_fifo|      v359_0_1|       pointer|
|v359_0_1_num_data_valid  |   in|   10|     ap_fifo|      v359_0_1|       pointer|
|v359_0_1_fifo_cap        |   in|   10|     ap_fifo|      v359_0_1|       pointer|
|v359_0_1_full_n          |   in|    1|     ap_fifo|      v359_0_1|       pointer|
|v359_0_1_write           |  out|    1|     ap_fifo|      v359_0_1|       pointer|
|v359_0_2_din             |  out|   32|     ap_fifo|      v359_0_2|       pointer|
|v359_0_2_num_data_valid  |   in|   10|     ap_fifo|      v359_0_2|       pointer|
|v359_0_2_fifo_cap        |   in|   10|     ap_fifo|      v359_0_2|       pointer|
|v359_0_2_full_n          |   in|    1|     ap_fifo|      v359_0_2|       pointer|
|v359_0_2_write           |  out|    1|     ap_fifo|      v359_0_2|       pointer|
|v359_0_3_din             |  out|   32|     ap_fifo|      v359_0_3|       pointer|
|v359_0_3_num_data_valid  |   in|   10|     ap_fifo|      v359_0_3|       pointer|
|v359_0_3_fifo_cap        |   in|   10|     ap_fifo|      v359_0_3|       pointer|
|v359_0_3_full_n          |   in|    1|     ap_fifo|      v359_0_3|       pointer|
|v359_0_3_write           |  out|    1|     ap_fifo|      v359_0_3|       pointer|
|v359_0_4_din             |  out|   32|     ap_fifo|      v359_0_4|       pointer|
|v359_0_4_num_data_valid  |   in|   10|     ap_fifo|      v359_0_4|       pointer|
|v359_0_4_fifo_cap        |   in|   10|     ap_fifo|      v359_0_4|       pointer|
|v359_0_4_full_n          |   in|    1|     ap_fifo|      v359_0_4|       pointer|
|v359_0_4_write           |  out|    1|     ap_fifo|      v359_0_4|       pointer|
|v359_0_5_din             |  out|   32|     ap_fifo|      v359_0_5|       pointer|
|v359_0_5_num_data_valid  |   in|   10|     ap_fifo|      v359_0_5|       pointer|
|v359_0_5_fifo_cap        |   in|   10|     ap_fifo|      v359_0_5|       pointer|
|v359_0_5_full_n          |   in|    1|     ap_fifo|      v359_0_5|       pointer|
|v359_0_5_write           |  out|    1|     ap_fifo|      v359_0_5|       pointer|
|v359_0_6_din             |  out|   32|     ap_fifo|      v359_0_6|       pointer|
|v359_0_6_num_data_valid  |   in|   10|     ap_fifo|      v359_0_6|       pointer|
|v359_0_6_fifo_cap        |   in|   10|     ap_fifo|      v359_0_6|       pointer|
|v359_0_6_full_n          |   in|    1|     ap_fifo|      v359_0_6|       pointer|
|v359_0_6_write           |  out|    1|     ap_fifo|      v359_0_6|       pointer|
|v359_0_7_din             |  out|   32|     ap_fifo|      v359_0_7|       pointer|
|v359_0_7_num_data_valid  |   in|   10|     ap_fifo|      v359_0_7|       pointer|
|v359_0_7_fifo_cap        |   in|   10|     ap_fifo|      v359_0_7|       pointer|
|v359_0_7_full_n          |   in|    1|     ap_fifo|      v359_0_7|       pointer|
|v359_0_7_write           |  out|    1|     ap_fifo|      v359_0_7|       pointer|
|v359_1_0_din             |  out|   32|     ap_fifo|      v359_1_0|       pointer|
|v359_1_0_num_data_valid  |   in|   10|     ap_fifo|      v359_1_0|       pointer|
|v359_1_0_fifo_cap        |   in|   10|     ap_fifo|      v359_1_0|       pointer|
|v359_1_0_full_n          |   in|    1|     ap_fifo|      v359_1_0|       pointer|
|v359_1_0_write           |  out|    1|     ap_fifo|      v359_1_0|       pointer|
|v359_1_1_din             |  out|   32|     ap_fifo|      v359_1_1|       pointer|
|v359_1_1_num_data_valid  |   in|   10|     ap_fifo|      v359_1_1|       pointer|
|v359_1_1_fifo_cap        |   in|   10|     ap_fifo|      v359_1_1|       pointer|
|v359_1_1_full_n          |   in|    1|     ap_fifo|      v359_1_1|       pointer|
|v359_1_1_write           |  out|    1|     ap_fifo|      v359_1_1|       pointer|
|v359_1_2_din             |  out|   32|     ap_fifo|      v359_1_2|       pointer|
|v359_1_2_num_data_valid  |   in|   10|     ap_fifo|      v359_1_2|       pointer|
|v359_1_2_fifo_cap        |   in|   10|     ap_fifo|      v359_1_2|       pointer|
|v359_1_2_full_n          |   in|    1|     ap_fifo|      v359_1_2|       pointer|
|v359_1_2_write           |  out|    1|     ap_fifo|      v359_1_2|       pointer|
|v359_1_3_din             |  out|   32|     ap_fifo|      v359_1_3|       pointer|
|v359_1_3_num_data_valid  |   in|   10|     ap_fifo|      v359_1_3|       pointer|
|v359_1_3_fifo_cap        |   in|   10|     ap_fifo|      v359_1_3|       pointer|
|v359_1_3_full_n          |   in|    1|     ap_fifo|      v359_1_3|       pointer|
|v359_1_3_write           |  out|    1|     ap_fifo|      v359_1_3|       pointer|
|v359_1_4_din             |  out|   32|     ap_fifo|      v359_1_4|       pointer|
|v359_1_4_num_data_valid  |   in|   10|     ap_fifo|      v359_1_4|       pointer|
|v359_1_4_fifo_cap        |   in|   10|     ap_fifo|      v359_1_4|       pointer|
|v359_1_4_full_n          |   in|    1|     ap_fifo|      v359_1_4|       pointer|
|v359_1_4_write           |  out|    1|     ap_fifo|      v359_1_4|       pointer|
|v359_1_5_din             |  out|   32|     ap_fifo|      v359_1_5|       pointer|
|v359_1_5_num_data_valid  |   in|   10|     ap_fifo|      v359_1_5|       pointer|
|v359_1_5_fifo_cap        |   in|   10|     ap_fifo|      v359_1_5|       pointer|
|v359_1_5_full_n          |   in|    1|     ap_fifo|      v359_1_5|       pointer|
|v359_1_5_write           |  out|    1|     ap_fifo|      v359_1_5|       pointer|
|v359_1_6_din             |  out|   32|     ap_fifo|      v359_1_6|       pointer|
|v359_1_6_num_data_valid  |   in|   10|     ap_fifo|      v359_1_6|       pointer|
|v359_1_6_fifo_cap        |   in|   10|     ap_fifo|      v359_1_6|       pointer|
|v359_1_6_full_n          |   in|    1|     ap_fifo|      v359_1_6|       pointer|
|v359_1_6_write           |  out|    1|     ap_fifo|      v359_1_6|       pointer|
|v359_1_7_din             |  out|   32|     ap_fifo|      v359_1_7|       pointer|
|v359_1_7_num_data_valid  |   in|   10|     ap_fifo|      v359_1_7|       pointer|
|v359_1_7_fifo_cap        |   in|   10|     ap_fifo|      v359_1_7|       pointer|
|v359_1_7_full_n          |   in|    1|     ap_fifo|      v359_1_7|       pointer|
|v359_1_7_write           |  out|    1|     ap_fifo|      v359_1_7|       pointer|
|v359_2_0_din             |  out|   32|     ap_fifo|      v359_2_0|       pointer|
|v359_2_0_num_data_valid  |   in|   10|     ap_fifo|      v359_2_0|       pointer|
|v359_2_0_fifo_cap        |   in|   10|     ap_fifo|      v359_2_0|       pointer|
|v359_2_0_full_n          |   in|    1|     ap_fifo|      v359_2_0|       pointer|
|v359_2_0_write           |  out|    1|     ap_fifo|      v359_2_0|       pointer|
|v359_2_1_din             |  out|   32|     ap_fifo|      v359_2_1|       pointer|
|v359_2_1_num_data_valid  |   in|   10|     ap_fifo|      v359_2_1|       pointer|
|v359_2_1_fifo_cap        |   in|   10|     ap_fifo|      v359_2_1|       pointer|
|v359_2_1_full_n          |   in|    1|     ap_fifo|      v359_2_1|       pointer|
|v359_2_1_write           |  out|    1|     ap_fifo|      v359_2_1|       pointer|
|v359_2_2_din             |  out|   32|     ap_fifo|      v359_2_2|       pointer|
|v359_2_2_num_data_valid  |   in|   10|     ap_fifo|      v359_2_2|       pointer|
|v359_2_2_fifo_cap        |   in|   10|     ap_fifo|      v359_2_2|       pointer|
|v359_2_2_full_n          |   in|    1|     ap_fifo|      v359_2_2|       pointer|
|v359_2_2_write           |  out|    1|     ap_fifo|      v359_2_2|       pointer|
|v359_2_3_din             |  out|   32|     ap_fifo|      v359_2_3|       pointer|
|v359_2_3_num_data_valid  |   in|   10|     ap_fifo|      v359_2_3|       pointer|
|v359_2_3_fifo_cap        |   in|   10|     ap_fifo|      v359_2_3|       pointer|
|v359_2_3_full_n          |   in|    1|     ap_fifo|      v359_2_3|       pointer|
|v359_2_3_write           |  out|    1|     ap_fifo|      v359_2_3|       pointer|
|v359_2_4_din             |  out|   32|     ap_fifo|      v359_2_4|       pointer|
|v359_2_4_num_data_valid  |   in|   10|     ap_fifo|      v359_2_4|       pointer|
|v359_2_4_fifo_cap        |   in|   10|     ap_fifo|      v359_2_4|       pointer|
|v359_2_4_full_n          |   in|    1|     ap_fifo|      v359_2_4|       pointer|
|v359_2_4_write           |  out|    1|     ap_fifo|      v359_2_4|       pointer|
|v359_2_5_din             |  out|   32|     ap_fifo|      v359_2_5|       pointer|
|v359_2_5_num_data_valid  |   in|   10|     ap_fifo|      v359_2_5|       pointer|
|v359_2_5_fifo_cap        |   in|   10|     ap_fifo|      v359_2_5|       pointer|
|v359_2_5_full_n          |   in|    1|     ap_fifo|      v359_2_5|       pointer|
|v359_2_5_write           |  out|    1|     ap_fifo|      v359_2_5|       pointer|
|v359_2_6_din             |  out|   32|     ap_fifo|      v359_2_6|       pointer|
|v359_2_6_num_data_valid  |   in|   10|     ap_fifo|      v359_2_6|       pointer|
|v359_2_6_fifo_cap        |   in|   10|     ap_fifo|      v359_2_6|       pointer|
|v359_2_6_full_n          |   in|    1|     ap_fifo|      v359_2_6|       pointer|
|v359_2_6_write           |  out|    1|     ap_fifo|      v359_2_6|       pointer|
|v359_2_7_din             |  out|   32|     ap_fifo|      v359_2_7|       pointer|
|v359_2_7_num_data_valid  |   in|   10|     ap_fifo|      v359_2_7|       pointer|
|v359_2_7_fifo_cap        |   in|   10|     ap_fifo|      v359_2_7|       pointer|
|v359_2_7_full_n          |   in|    1|     ap_fifo|      v359_2_7|       pointer|
|v359_2_7_write           |  out|    1|     ap_fifo|      v359_2_7|       pointer|
|v359_3_0_din             |  out|   32|     ap_fifo|      v359_3_0|       pointer|
|v359_3_0_num_data_valid  |   in|   10|     ap_fifo|      v359_3_0|       pointer|
|v359_3_0_fifo_cap        |   in|   10|     ap_fifo|      v359_3_0|       pointer|
|v359_3_0_full_n          |   in|    1|     ap_fifo|      v359_3_0|       pointer|
|v359_3_0_write           |  out|    1|     ap_fifo|      v359_3_0|       pointer|
|v359_3_1_din             |  out|   32|     ap_fifo|      v359_3_1|       pointer|
|v359_3_1_num_data_valid  |   in|   10|     ap_fifo|      v359_3_1|       pointer|
|v359_3_1_fifo_cap        |   in|   10|     ap_fifo|      v359_3_1|       pointer|
|v359_3_1_full_n          |   in|    1|     ap_fifo|      v359_3_1|       pointer|
|v359_3_1_write           |  out|    1|     ap_fifo|      v359_3_1|       pointer|
|v359_3_2_din             |  out|   32|     ap_fifo|      v359_3_2|       pointer|
|v359_3_2_num_data_valid  |   in|   10|     ap_fifo|      v359_3_2|       pointer|
|v359_3_2_fifo_cap        |   in|   10|     ap_fifo|      v359_3_2|       pointer|
|v359_3_2_full_n          |   in|    1|     ap_fifo|      v359_3_2|       pointer|
|v359_3_2_write           |  out|    1|     ap_fifo|      v359_3_2|       pointer|
|v359_3_3_din             |  out|   32|     ap_fifo|      v359_3_3|       pointer|
|v359_3_3_num_data_valid  |   in|   10|     ap_fifo|      v359_3_3|       pointer|
|v359_3_3_fifo_cap        |   in|   10|     ap_fifo|      v359_3_3|       pointer|
|v359_3_3_full_n          |   in|    1|     ap_fifo|      v359_3_3|       pointer|
|v359_3_3_write           |  out|    1|     ap_fifo|      v359_3_3|       pointer|
|v359_3_4_din             |  out|   32|     ap_fifo|      v359_3_4|       pointer|
|v359_3_4_num_data_valid  |   in|   10|     ap_fifo|      v359_3_4|       pointer|
|v359_3_4_fifo_cap        |   in|   10|     ap_fifo|      v359_3_4|       pointer|
|v359_3_4_full_n          |   in|    1|     ap_fifo|      v359_3_4|       pointer|
|v359_3_4_write           |  out|    1|     ap_fifo|      v359_3_4|       pointer|
|v359_3_5_din             |  out|   32|     ap_fifo|      v359_3_5|       pointer|
|v359_3_5_num_data_valid  |   in|   10|     ap_fifo|      v359_3_5|       pointer|
|v359_3_5_fifo_cap        |   in|   10|     ap_fifo|      v359_3_5|       pointer|
|v359_3_5_full_n          |   in|    1|     ap_fifo|      v359_3_5|       pointer|
|v359_3_5_write           |  out|    1|     ap_fifo|      v359_3_5|       pointer|
|v359_3_6_din             |  out|   32|     ap_fifo|      v359_3_6|       pointer|
|v359_3_6_num_data_valid  |   in|   10|     ap_fifo|      v359_3_6|       pointer|
|v359_3_6_fifo_cap        |   in|   10|     ap_fifo|      v359_3_6|       pointer|
|v359_3_6_full_n          |   in|    1|     ap_fifo|      v359_3_6|       pointer|
|v359_3_6_write           |  out|    1|     ap_fifo|      v359_3_6|       pointer|
|v359_3_7_din             |  out|   32|     ap_fifo|      v359_3_7|       pointer|
|v359_3_7_num_data_valid  |   in|   10|     ap_fifo|      v359_3_7|       pointer|
|v359_3_7_fifo_cap        |   in|   10|     ap_fifo|      v359_3_7|       pointer|
|v359_3_7_full_n          |   in|    1|     ap_fifo|      v359_3_7|       pointer|
|v359_3_7_write           |  out|    1|     ap_fifo|      v359_3_7|       pointer|
|v331_0_0_address0        |  out|    9|   ap_memory|      v331_0_0|         array|
|v331_0_0_ce0             |  out|    1|   ap_memory|      v331_0_0|         array|
|v331_0_0_q0              |   in|   32|   ap_memory|      v331_0_0|         array|
|v331_0_1_address0        |  out|    9|   ap_memory|      v331_0_1|         array|
|v331_0_1_ce0             |  out|    1|   ap_memory|      v331_0_1|         array|
|v331_0_1_q0              |   in|   32|   ap_memory|      v331_0_1|         array|
|v331_0_2_address0        |  out|    9|   ap_memory|      v331_0_2|         array|
|v331_0_2_ce0             |  out|    1|   ap_memory|      v331_0_2|         array|
|v331_0_2_q0              |   in|   32|   ap_memory|      v331_0_2|         array|
|v331_0_3_address0        |  out|    9|   ap_memory|      v331_0_3|         array|
|v331_0_3_ce0             |  out|    1|   ap_memory|      v331_0_3|         array|
|v331_0_3_q0              |   in|   32|   ap_memory|      v331_0_3|         array|
|v331_1_0_address0        |  out|    9|   ap_memory|      v331_1_0|         array|
|v331_1_0_ce0             |  out|    1|   ap_memory|      v331_1_0|         array|
|v331_1_0_q0              |   in|   32|   ap_memory|      v331_1_0|         array|
|v331_1_1_address0        |  out|    9|   ap_memory|      v331_1_1|         array|
|v331_1_1_ce0             |  out|    1|   ap_memory|      v331_1_1|         array|
|v331_1_1_q0              |   in|   32|   ap_memory|      v331_1_1|         array|
|v331_1_2_address0        |  out|    9|   ap_memory|      v331_1_2|         array|
|v331_1_2_ce0             |  out|    1|   ap_memory|      v331_1_2|         array|
|v331_1_2_q0              |   in|   32|   ap_memory|      v331_1_2|         array|
|v331_1_3_address0        |  out|    9|   ap_memory|      v331_1_3|         array|
|v331_1_3_ce0             |  out|    1|   ap_memory|      v331_1_3|         array|
|v331_1_3_q0              |   in|   32|   ap_memory|      v331_1_3|         array|
|v331_2_0_address0        |  out|    9|   ap_memory|      v331_2_0|         array|
|v331_2_0_ce0             |  out|    1|   ap_memory|      v331_2_0|         array|
|v331_2_0_q0              |   in|   32|   ap_memory|      v331_2_0|         array|
|v331_2_1_address0        |  out|    9|   ap_memory|      v331_2_1|         array|
|v331_2_1_ce0             |  out|    1|   ap_memory|      v331_2_1|         array|
|v331_2_1_q0              |   in|   32|   ap_memory|      v331_2_1|         array|
|v331_2_2_address0        |  out|    9|   ap_memory|      v331_2_2|         array|
|v331_2_2_ce0             |  out|    1|   ap_memory|      v331_2_2|         array|
|v331_2_2_q0              |   in|   32|   ap_memory|      v331_2_2|         array|
|v331_2_3_address0        |  out|    9|   ap_memory|      v331_2_3|         array|
|v331_2_3_ce0             |  out|    1|   ap_memory|      v331_2_3|         array|
|v331_2_3_q0              |   in|   32|   ap_memory|      v331_2_3|         array|
|v331_3_0_address0        |  out|    9|   ap_memory|      v331_3_0|         array|
|v331_3_0_ce0             |  out|    1|   ap_memory|      v331_3_0|         array|
|v331_3_0_q0              |   in|   32|   ap_memory|      v331_3_0|         array|
|v331_3_1_address0        |  out|    9|   ap_memory|      v331_3_1|         array|
|v331_3_1_ce0             |  out|    1|   ap_memory|      v331_3_1|         array|
|v331_3_1_q0              |   in|   32|   ap_memory|      v331_3_1|         array|
|v331_3_2_address0        |  out|    9|   ap_memory|      v331_3_2|         array|
|v331_3_2_ce0             |  out|    1|   ap_memory|      v331_3_2|         array|
|v331_3_2_q0              |   in|   32|   ap_memory|      v331_3_2|         array|
|v331_3_3_address0        |  out|    9|   ap_memory|      v331_3_3|         array|
|v331_3_3_ce0             |  out|    1|   ap_memory|      v331_3_3|         array|
|v331_3_3_q0              |   in|   32|   ap_memory|      v331_3_3|         array|
|v331_4_0_address0        |  out|    9|   ap_memory|      v331_4_0|         array|
|v331_4_0_ce0             |  out|    1|   ap_memory|      v331_4_0|         array|
|v331_4_0_q0              |   in|   32|   ap_memory|      v331_4_0|         array|
|v331_4_1_address0        |  out|    9|   ap_memory|      v331_4_1|         array|
|v331_4_1_ce0             |  out|    1|   ap_memory|      v331_4_1|         array|
|v331_4_1_q0              |   in|   32|   ap_memory|      v331_4_1|         array|
|v331_4_2_address0        |  out|    9|   ap_memory|      v331_4_2|         array|
|v331_4_2_ce0             |  out|    1|   ap_memory|      v331_4_2|         array|
|v331_4_2_q0              |   in|   32|   ap_memory|      v331_4_2|         array|
|v331_4_3_address0        |  out|    9|   ap_memory|      v331_4_3|         array|
|v331_4_3_ce0             |  out|    1|   ap_memory|      v331_4_3|         array|
|v331_4_3_q0              |   in|   32|   ap_memory|      v331_4_3|         array|
|v331_5_0_address0        |  out|    9|   ap_memory|      v331_5_0|         array|
|v331_5_0_ce0             |  out|    1|   ap_memory|      v331_5_0|         array|
|v331_5_0_q0              |   in|   32|   ap_memory|      v331_5_0|         array|
|v331_5_1_address0        |  out|    9|   ap_memory|      v331_5_1|         array|
|v331_5_1_ce0             |  out|    1|   ap_memory|      v331_5_1|         array|
|v331_5_1_q0              |   in|   32|   ap_memory|      v331_5_1|         array|
|v331_5_2_address0        |  out|    9|   ap_memory|      v331_5_2|         array|
|v331_5_2_ce0             |  out|    1|   ap_memory|      v331_5_2|         array|
|v331_5_2_q0              |   in|   32|   ap_memory|      v331_5_2|         array|
|v331_5_3_address0        |  out|    9|   ap_memory|      v331_5_3|         array|
|v331_5_3_ce0             |  out|    1|   ap_memory|      v331_5_3|         array|
|v331_5_3_q0              |   in|   32|   ap_memory|      v331_5_3|         array|
|v331_6_0_address0        |  out|    9|   ap_memory|      v331_6_0|         array|
|v331_6_0_ce0             |  out|    1|   ap_memory|      v331_6_0|         array|
|v331_6_0_q0              |   in|   32|   ap_memory|      v331_6_0|         array|
|v331_6_1_address0        |  out|    9|   ap_memory|      v331_6_1|         array|
|v331_6_1_ce0             |  out|    1|   ap_memory|      v331_6_1|         array|
|v331_6_1_q0              |   in|   32|   ap_memory|      v331_6_1|         array|
|v331_6_2_address0        |  out|    9|   ap_memory|      v331_6_2|         array|
|v331_6_2_ce0             |  out|    1|   ap_memory|      v331_6_2|         array|
|v331_6_2_q0              |   in|   32|   ap_memory|      v331_6_2|         array|
|v331_6_3_address0        |  out|    9|   ap_memory|      v331_6_3|         array|
|v331_6_3_ce0             |  out|    1|   ap_memory|      v331_6_3|         array|
|v331_6_3_q0              |   in|   32|   ap_memory|      v331_6_3|         array|
|v331_7_0_address0        |  out|    9|   ap_memory|      v331_7_0|         array|
|v331_7_0_ce0             |  out|    1|   ap_memory|      v331_7_0|         array|
|v331_7_0_q0              |   in|   32|   ap_memory|      v331_7_0|         array|
|v331_7_1_address0        |  out|    9|   ap_memory|      v331_7_1|         array|
|v331_7_1_ce0             |  out|    1|   ap_memory|      v331_7_1|         array|
|v331_7_1_q0              |   in|   32|   ap_memory|      v331_7_1|         array|
|v331_7_2_address0        |  out|    9|   ap_memory|      v331_7_2|         array|
|v331_7_2_ce0             |  out|    1|   ap_memory|      v331_7_2|         array|
|v331_7_2_q0              |   in|   32|   ap_memory|      v331_7_2|         array|
|v331_7_3_address0        |  out|    9|   ap_memory|      v331_7_3|         array|
|v331_7_3_ce0             |  out|    1|   ap_memory|      v331_7_3|         array|
|v331_7_3_q0              |   in|   32|   ap_memory|      v331_7_3|         array|
+-------------------------+-----+-----+------------+--------------+--------------+

