

================================================================
== Vitis HLS Report for 'node3'
================================================================
* Date:           Tue Oct  1 14:24:27 2024

* Version:        2023.2 (Build 4023990 on Oct 11 2023)
* Project:        hls_FeedForward
* Solution:       solution1 (Vivado IP Flow Target)
* Product family: virtexuplusHBM
* Target device:  xcu280-fsvh2892-2L-e


================================================================
== Performance Estimates
================================================================
+ Timing: 
    * Summary: 
    +--------+---------+----------+------------+
    |  Clock |  Target | Estimated| Uncertainty|
    +--------+---------+----------+------------+
    |ap_clk  |  3.33 ns|  2.487 ns|     0.90 ns|
    +--------+---------+----------+------------+

+ Latency: 
    * Summary: 
    +---------+---------+----------+----------+-------+-------+---------+
    |  Latency (cycles) |  Latency (absolute) |    Interval   | Pipeline|
    |   min   |   max   |    min   |    max   |  min  |  max  |   Type  |
    +---------+---------+----------+----------+-------+-------+---------+
    |    32772|    32772|  0.109 ms|  0.109 ms|  32772|  32772|       no|
    +---------+---------+----------+----------+-------+-------+---------+

    + Detail: 
        * Instance: 
        N/A

        * Loop: 
        +---------------+---------+---------+----------+-----------+-----------+-------+----------+
        |               |  Latency (cycles) | Iteration|  Initiation Interval  |  Trip |          |
        |   Loop Name   |   min   |   max   |  Latency |  achieved |   target  | Count | Pipelined|
        +---------------+---------+---------+----------+-----------+-----------+-------+----------+
        |- loop7_loop8  |    32770|    32770|         4|          1|          1|  32768|       yes|
        +---------------+---------+---------+----------+-----------+-----------+-------+----------+



================================================================
== Utilization Estimates
================================================================
* Summary: 
+---------------------+---------+------+---------+---------+-----+
|         Name        | BRAM_18K|  DSP |    FF   |   LUT   | URAM|
+---------------------+---------+------+---------+---------+-----+
|DSP                  |        -|     -|        -|        -|    -|
|Expression           |        -|     -|        0|      139|    -|
|FIFO                 |        -|     -|        -|        -|    -|
|Instance             |        -|     -|        -|        -|    -|
|Memory               |        -|     -|        -|        -|    -|
|Multiplexer          |        -|     -|        -|       81|    -|
|Register             |        -|     -|       87|        -|    -|
+---------------------+---------+------+---------+---------+-----+
|Total                |        0|     0|       87|      220|    0|
+---------------------+---------+------+---------+---------+-----+
|Available SLR        |     1344|  3008|   869120|   434560|  320|
+---------------------+---------+------+---------+---------+-----+
|Utilization SLR (%)  |        0|     0|       ~0|       ~0|    0|
+---------------------+---------+------+---------+---------+-----+
|Available            |     4032|  9024|  2607360|  1303680|  960|
+---------------------+---------+------+---------+---------+-----+
|Utilization (%)      |        0|     0|       ~0|       ~0|    0|
+---------------------+---------+------+---------+---------+-----+

+ Detail: 
    * Instance: 
    N/A

    * DSP: 
    N/A

    * Memory: 
    N/A

    * FIFO: 
    N/A

    * Expression: 
    +---------------------------+----------+----+---+----+------------+------------+
    |       Variable Name       | Operation| DSP| FF| LUT| Bitwidth P0| Bitwidth P1|
    +---------------------------+----------+----+---+----+------------+------------+
    |add_ln95_1_fu_106_p2       |         +|   0|  0|  23|          16|           1|
    |add_ln95_fu_118_p2         |         +|   0|  0|  16|           9|           1|
    |add_ln96_fu_168_p2         |         +|   0|  0|  15|           8|           1|
    |add_ln99_fu_162_p2         |         +|   0|  0|  22|          15|          15|
    |ap_condition_104           |       and|   0|  0|   2|           1|           1|
    |icmp_ln95_fu_100_p2        |      icmp|   0|  0|  24|          16|          17|
    |icmp_ln96_fu_124_p2        |      icmp|   0|  0|  16|           8|           9|
    |ap_block_pp0_stage0_01001  |        or|   0|  0|   2|           1|           1|
    |select_ln95_1_fu_142_p3    |    select|   0|  0|   9|           1|           9|
    |select_ln95_fu_130_p3      |    select|   0|  0|   8|           1|           1|
    |ap_enable_pp0              |       xor|   0|  0|   2|           1|           2|
    +---------------------------+----------+----+---+----+------------+------------+
    |Total                      |          |   0|  0| 139|          77|          58|
    +---------------------------+----------+----+---+----+------------+------------+

    * Multiplexer: 
    +--------------------------------------+----+-----------+-----+-----------+
    |                 Name                 | LUT| Input Size| Bits| Total Bits|
    +--------------------------------------+----+-----------+-----+-----------+
    |ap_done_int                           |   9|          2|    1|          2|
    |ap_enable_reg_pp0_iter1               |   9|          2|    1|          2|
    |ap_sig_allocacmp_indvar_flatten_load  |   9|          2|   16|         32|
    |ap_sig_allocacmp_v33_load             |   9|          2|    9|         18|
    |ap_sig_allocacmp_v34_load             |   9|          2|    8|         16|
    |indvar_flatten_fu_58                  |   9|          2|   16|         32|
    |v33_fu_54                             |   9|          2|    9|         18|
    |v34_fu_50                             |   9|          2|    8|         16|
    |v83_blk_n                             |   9|          2|    1|          2|
    +--------------------------------------+----+-----------+-----+-----------+
    |Total                                 |  81|         18|   69|        138|
    +--------------------------------------+----+-----------+-----+-----------+

    * Register: 
    +----------------------------------+----+----+-----+-----------+
    |               Name               | FF | LUT| Bits| Const Bits|
    +----------------------------------+----+----+-----+-----------+
    |add_ln99_reg_218                  |  15|   0|   15|          0|
    |ap_CS_fsm                         |   1|   0|    1|          0|
    |ap_done_reg                       |   1|   0|    1|          0|
    |ap_enable_reg_pp0_iter1           |   1|   0|    1|          0|
    |ap_enable_reg_pp0_iter2           |   1|   0|    1|          0|
    |ap_enable_reg_pp0_iter3           |   1|   0|    1|          0|
    |ap_loop_exit_ready_pp0_iter1_reg  |   1|   0|    1|          0|
    |ap_loop_exit_ready_pp0_iter2_reg  |   1|   0|    1|          0|
    |indvar_flatten_fu_58              |  16|   0|   16|          0|
    |v33_fu_54                         |   9|   0|    9|          0|
    |v34_fu_50                         |   8|   0|    8|          0|
    |v35_reg_228                       |  32|   0|   32|          0|
    +----------------------------------+----+----+-----+-----------+
    |Total                             |  87|   0|   87|          0|
    +----------------------------------+----+----+-----+-----------+



================================================================
== Interface
================================================================
* Summary: 
+--------------------+-----+-----+------------+--------------+--------------+
|      RTL Ports     | Dir | Bits|  Protocol  | Source Object|    C Type    |
+--------------------+-----+-----+------------+--------------+--------------+
|ap_clk              |   in|    1|  ap_ctrl_hs|         node3|  return value|
|ap_rst              |   in|    1|  ap_ctrl_hs|         node3|  return value|
|ap_start            |   in|    1|  ap_ctrl_hs|         node3|  return value|
|ap_done             |  out|    1|  ap_ctrl_hs|         node3|  return value|
|ap_continue         |   in|    1|  ap_ctrl_hs|         node3|  return value|
|ap_idle             |  out|    1|  ap_ctrl_hs|         node3|  return value|
|ap_ready            |  out|    1|  ap_ctrl_hs|         node3|  return value|
|v83_din             |  out|   32|     ap_fifo|           v83|       pointer|
|v83_num_data_valid  |   in|   16|     ap_fifo|           v83|       pointer|
|v83_fifo_cap        |   in|   16|     ap_fifo|           v83|       pointer|
|v83_full_n          |   in|    1|     ap_fifo|           v83|       pointer|
|v83_write           |  out|    1|     ap_fifo|           v83|       pointer|
|v79_address0        |  out|   15|   ap_memory|           v79|         array|
|v79_ce0             |  out|    1|   ap_memory|           v79|         array|
|v79_q0              |   in|   32|   ap_memory|           v79|         array|
+--------------------+-----+-----+------------+--------------+--------------+

