================================================================
== Design Size Report
================================================================

* Total Instructions per Compilation Phase
+---------------+-----------------------------+--------------+----------------------------------------------------------------------------------------+
| Phase         | Step                        | Instructions | Description                                                                            |
+---------------+-----------------------------+--------------+----------------------------------------------------------------------------------------+
| Compile/Link  |                             |  1,549       | After all functions are compiled and linked into a single design                       |
|               |                             |              |                                                                                        |
| Unroll/Inline |                             |              | After user unroll and inline pragmas are applied                                       |
|               | (1) unroll                  | 16,722       | user unroll pragmas are applied                                                        |
|               | (2) simplification          |  3,983       | simplification of applied user unroll pragmas                                          |
|               | (3) inline                  |  3,808       | user inline pragmas are applied                                                        |
|               | (4) simplification          |  3,696       | simplification of applied user inline pragmas                                          |
|               |                             |              |                                                                                        |
| Array/Struct  |                             |              | After user array partition and struct aggregate/disaggregate pragmas are applied       |
|               | (1) array partition         | 23,617       | user array partition pragmas are applied                                               |
|               | (2) simplification          |  4,903       | simplification of applied user array partition & struct aggregate/disaggregate pragmas |
|               | (3) aggregate/disaggregate  |  4,903       | user struct aggregate/disaggregate pragmas are applied                                 |
|               | (4) array reshape           |  4,903       | apply array reshape pragmas                                                            |
|               | (5) access patterns         |  4,872       | array access pattern optmizations                                                      |
|               |                             |              |                                                                                        |
| Performance   |                             |              | After transformations are applied to meet performance pragma targets                   |
|               | (1) loop simplification     |  4,830       | loop and instruction simplification                                                    |
|               | (2) parallelization         |  4,830       | loops are unrolled or pipelined to meet performance targets                            |
|               | (3) array partition         |  4,830       | arrays are partitioned to meet performance targets                                     |
|               | (4) simplification          |  4,830       | simplification of design after performance transformations                             |
|               |                             |              |                                                                                        |
| HW Transforms |                             |              | After hardware transfomations                                                          |
|               | (1) lowering                |  5,694       | initial conversion to HW specific instructions                                         |
|               | (2) optimizations           |  5,942       | high level synthesis optimizations                                                     |
+---------------+-----------------------------+--------------+----------------------------------------------------------------------------------------+

* Instructions per Function for each Compilation Phase
+-----------+---------------------------+--------------+---------------+--------------+-------------+---------------+
| Function  | Location                  | Compile/Link | Unroll/Inline | Array/Struct | Performance | HW Transforms |
+-----------+---------------------------+--------------+---------------+--------------+-------------+---------------+
| + forward | k7mmtree_balanced.cpp:391 | 1,549        | 3,696         | 4,872        | 4,830       | 5,942         |
|    node7  | k7mmtree_balanced.cpp:345 |  148         |  417          |  439         |  439        |  530          |
|    node6  | k7mmtree_balanced.cpp:299 |  148         |  411          |  445         |  445        |  536          |
|    node5  | k7mmtree_balanced.cpp:253 |  148         |  417          |  393         |  393        |  484          |
|    node4  | k7mmtree_balanced.cpp:207 |  148         |  417          |  393         |  393        |  484          |
|    node3  | k7mmtree_balanced.cpp:151 |  220         |  622          |  819         |  809        |  964          |
|    node2  | k7mmtree_balanced.cpp:95  |  220         |  622          |  799         |  783        |  938          |
|    node1  | k7mmtree_balanced.cpp:39  |  220         |  622          |  860         |  844        |  999          |
|    node0  | k7mmtree_balanced.cpp:17  |   65         |   83          |   91         |   91        |  147          |
+-----------+---------------------------+--------------+---------------+--------------+-------------+---------------+

* Design Size Message Settings
+---------------------------------------------+--------+------------------------------------------------------------------+
| Message Setting                             | Value  | Description                                                      |
+---------------------------------------------+--------+------------------------------------------------------------------+
| config_compile -design_size_maximum_warning | 100000 | Show a warning when total design instructions exceeds this value |
+---------------------------------------------+--------+------------------------------------------------------------------+


