

================================================================
== Vitis HLS Report for 'node0'
================================================================
* Date:           Wed Sep 25 13:00:17 2024

* Version:        2023.2 (Build 4023990 on Oct 11 2023)
* Project:        hls_Autoencoder
* Solution:       solution1 (Vivado IP Flow Target)
* Product family: virtexuplusHBM
* Target device:  xcu280-fsvh2892-2L-e


================================================================
== Performance Estimates
================================================================
+ Timing: 
    * Summary: 
    +--------+---------+----------+------------+
    |  Clock |  Target | Estimated| Uncertainty|
    +--------+---------+----------+------------+
    |ap_clk  |  3.33 ns|  2.494 ns|     0.90 ns|
    +--------+---------+----------+------------+

+ Latency: 
    * Summary: 
    +---------+---------+-----------+-----------+-------+-------+---------+
    |  Latency (cycles) |   Latency (absolute)  |    Interval   | Pipeline|
    |   min   |   max   |    min    |    max    |  min  |  max  |   Type  |
    +---------+---------+-----------+-----------+-------+-------+---------+
    |    12547|    12547|  41.782 us|  41.782 us|  12547|  12547|       no|
    +---------+---------+-----------+-----------+-------+-------+---------+

    + Detail: 
        * Instance: 
        N/A

        * Loop: 
        +---------------+---------+---------+----------+-----------+-----------+------+----------+
        |               |  Latency (cycles) | Iteration|  Initiation Interval  | Trip |          |
        |   Loop Name   |   min   |   max   |  Latency |  achieved |   target  | Count| Pipelined|
        +---------------+---------+---------+----------+-----------+-----------+------+----------+
        |- loop0_loop1  |    12545|    12545|         6|          4|          1|  3136|       yes|
        +---------------+---------+---------+----------+-----------+-----------+------+----------+



================================================================
== Utilization Estimates
================================================================
* Summary: 
+---------------------+---------+------+---------+---------+-----+
|         Name        | BRAM_18K|  DSP |    FF   |   LUT   | URAM|
+---------------------+---------+------+---------+---------+-----+
|DSP                  |        -|     -|        -|        -|    -|
|Expression           |        -|     -|        0|      348|    -|
|FIFO                 |        -|     -|        -|        -|    -|
|Instance             |        -|     1|        0|        6|    -|
|Memory               |        -|     -|        -|        -|    -|
|Multiplexer          |        -|     -|        -|      292|    -|
|Register             |        -|     -|      324|        -|    -|
+---------------------+---------+------+---------+---------+-----+
|Total                |        0|     1|      324|      646|    0|
+---------------------+---------+------+---------+---------+-----+
|Available SLR        |     1344|  3008|   869120|   434560|  320|
+---------------------+---------+------+---------+---------+-----+
|Utilization SLR (%)  |        0|    ~0|       ~0|       ~0|    0|
+---------------------+---------+------+---------+---------+-----+
|Available            |     4032|  9024|  2607360|  1303680|  960|
+---------------------+---------+------+---------+---------+-----+
|Utilization (%)      |        0|    ~0|       ~0|       ~0|    0|
+---------------------+---------+------+---------+---------+-----+

+ Detail: 
    * Instance: 
    +---------------------------+---------------------+---------+----+---+----+-----+
    |          Instance         |        Module       | BRAM_18K| DSP| FF| LUT| URAM|
    +---------------------------+---------------------+---------+----+---+----+-----+
    |mul_6ns_11ns_15_1_1_U1759  |mul_6ns_11ns_15_1_1  |        0|   1|  0|   6|    0|
    +---------------------------+---------------------+---------+----+---+----+-----+
    |Total                      |                     |        0|   1|  0|   6|    0|
    +---------------------------+---------------------+---------+----+---+----+-----+

    * DSP: 
    N/A

    * Memory: 
    N/A

    * FIFO: 
    N/A

    * Expression: 
    +----------------------------------+----------+----+---+----+------------+------------+
    |           Variable Name          | Operation| DSP| FF| LUT| Bitwidth P0| Bitwidth P1|
    +----------------------------------+----------+----+---+----+------------+------------+
    |add_ln21_1_fu_239_p2              |         +|   0|  0|  19|          12|           1|
    |add_ln21_fu_251_p2                |         +|   0|  0|  13|           6|           1|
    |add_ln22_fu_279_p2                |         +|   0|  0|  14|           7|           1|
    |add_ln28_1_fu_340_p2              |         +|   0|  0|  22|          15|          15|
    |add_ln28_2_fu_359_p2              |         +|   0|  0|  22|          15|          15|
    |add_ln28_3_fu_378_p2              |         +|   0|  0|  22|          15|          15|
    |add_ln28_4_fu_397_p2              |         +|   0|  0|  22|          15|          15|
    |add_ln28_5_fu_416_p2              |         +|   0|  0|  22|          15|          15|
    |add_ln28_6_fu_435_p2              |         +|   0|  0|  22|          15|          15|
    |add_ln28_7_fu_454_p2              |         +|   0|  0|  22|          15|          15|
    |add_ln28_fu_320_p2                |         +|   0|  0|  22|          15|          15|
    |ap_block_pp0_stage0_11001         |       and|   0|  0|   2|           1|           1|
    |ap_block_pp0_stage1_11001         |       and|   0|  0|   2|           1|           1|
    |ap_condition_257                  |       and|   0|  0|   2|           1|           1|
    |icmp_ln21_fu_233_p2               |      icmp|   0|  0|  19|          12|          11|
    |icmp_ln22_fu_257_p2               |      icmp|   0|  0|  14|           7|           6|
    |ap_block_state2_pp0_stage1_iter0  |        or|   0|  0|   2|           1|           1|
    |or_ln28_1_fu_350_p2               |        or|   0|  0|  10|          10|           2|
    |or_ln28_2_fu_369_p2               |        or|   0|  0|  10|          10|           2|
    |or_ln28_3_fu_388_p2               |        or|   0|  0|  10|          10|           3|
    |or_ln28_4_fu_407_p2               |        or|   0|  0|  10|          10|           3|
    |or_ln28_5_fu_426_p2               |        or|   0|  0|  10|          10|           3|
    |or_ln28_6_fu_445_p2               |        or|   0|  0|  10|          10|           3|
    |or_ln28_fu_330_p2                 |        or|   0|  0|  10|          10|           1|
    |select_ln21_1_fu_271_p3           |    select|   0|  0|   6|           1|           6|
    |select_ln21_fu_263_p3             |    select|   0|  0|   7|           1|           1|
    |ap_enable_pp0                     |       xor|   0|  0|   2|           1|           2|
    +----------------------------------+----------+----+---+----+------------+------------+
    |Total                             |          |   0|  0| 348|         241|         170|
    +----------------------------------+----------+----+---+----+------------+------------+

    * Multiplexer: 
    +--------------------------------------+----+-----------+-----+-----------+
    |                 Name                 | LUT| Input Size| Bits| Total Bits|
    +--------------------------------------+----+-----------+-----+-----------+
    |ap_NS_fsm                             |  26|          5|    1|          5|
    |ap_done_int                           |   9|          2|    1|          2|
    |ap_enable_reg_pp0_iter0               |   9|          2|    1|          2|
    |ap_enable_reg_pp0_iter0_reg           |   9|          2|    1|          2|
    |ap_enable_reg_pp0_iter1               |   9|          2|    1|          2|
    |ap_sig_allocacmp_indvar_flatten_load  |   9|          2|   12|         24|
    |ap_sig_allocacmp_v2_load              |   9|          2|    6|         12|
    |ap_sig_allocacmp_v3_load              |   9|          2|    7|         14|
    |indvar_flatten_fu_90                  |   9|          2|   12|         24|
    |v263_address0                         |  26|          5|   15|         75|
    |v263_address1                         |  26|          5|   15|         75|
    |v263_d0                               |  26|          5|   32|        160|
    |v263_d1                               |  26|          5|   32|        160|
    |v264_0_blk_n                          |   9|          2|    1|          2|
    |v264_1_blk_n                          |   9|          2|    1|          2|
    |v264_2_blk_n                          |   9|          2|    1|          2|
    |v264_3_blk_n                          |   9|          2|    1|          2|
    |v264_4_blk_n                          |   9|          2|    1|          2|
    |v264_5_blk_n                          |   9|          2|    1|          2|
    |v264_6_blk_n                          |   9|          2|    1|          2|
    |v264_7_blk_n                          |   9|          2|    1|          2|
    |v2_fu_86                              |   9|          2|    6|         12|
    |v3_fu_82                              |   9|          2|    7|         14|
    +--------------------------------------+----+-----------+-----+-----------+
    |Total                                 | 292|         61|  157|        599|
    +--------------------------------------+----+-----------+-----+-----------+

    * Register: 
    +-----------------------------+----+----+-----+-----------+
    |             Name            | FF | LUT| Bits| Const Bits|
    +-----------------------------+----+----+-----+-----------+
    |ap_CS_fsm                    |   4|   0|    4|          0|
    |ap_done_reg                  |   1|   0|    1|          0|
    |ap_enable_reg_pp0_iter0_reg  |   1|   0|    1|          0|
    |ap_enable_reg_pp0_iter1      |   1|   0|    1|          0|
    |icmp_ln21_reg_485            |   1|   0|    1|          0|
    |indvar_flatten_fu_90         |  12|   0|   12|          0|
    |mul_ln23_reg_499             |  15|   0|   15|          0|
    |select_ln21_1_reg_494        |   6|   0|    6|          0|
    |select_ln21_reg_489          |   7|   0|    7|          0|
    |tmp_reg_551                  |   7|   0|   10|          3|
    |v2_fu_86                     |   6|   0|    6|          0|
    |v3_fu_82                     |   7|   0|    7|          0|
    |v6_1_reg_516                 |  32|   0|   32|          0|
    |v6_2_reg_521                 |  32|   0|   32|          0|
    |v6_3_reg_526                 |  32|   0|   32|          0|
    |v6_4_reg_531                 |  32|   0|   32|          0|
    |v6_5_reg_536                 |  32|   0|   32|          0|
    |v6_6_reg_541                 |  32|   0|   32|          0|
    |v6_7_reg_546                 |  32|   0|   32|          0|
    |v6_reg_511                   |  32|   0|   32|          0|
    +-----------------------------+----+----+-----+-----------+
    |Total                        | 324|   0|  327|          3|
    +-----------------------------+----+----+-----+-----------+



================================================================
== Interface
================================================================
* Summary: 
+-----------------------+-----+-----+------------+--------------+--------------+
|       RTL Ports       | Dir | Bits|  Protocol  | Source Object|    C Type    |
+-----------------------+-----+-----+------------+--------------+--------------+
|ap_clk                 |   in|    1|  ap_ctrl_hs|         node0|  return value|
|ap_rst                 |   in|    1|  ap_ctrl_hs|         node0|  return value|
|ap_start               |   in|    1|  ap_ctrl_hs|         node0|  return value|
|ap_done                |  out|    1|  ap_ctrl_hs|         node0|  return value|
|ap_continue            |   in|    1|  ap_ctrl_hs|         node0|  return value|
|ap_idle                |  out|    1|  ap_ctrl_hs|         node0|  return value|
|ap_ready               |  out|    1|  ap_ctrl_hs|         node0|  return value|
|v264_0_dout            |   in|   32|     ap_fifo|        v264_0|       pointer|
|v264_0_num_data_valid  |   in|   13|     ap_fifo|        v264_0|       pointer|
|v264_0_fifo_cap        |   in|   13|     ap_fifo|        v264_0|       pointer|
|v264_0_empty_n         |   in|    1|     ap_fifo|        v264_0|       pointer|
|v264_0_read            |  out|    1|     ap_fifo|        v264_0|       pointer|
|v264_1_dout            |   in|   32|     ap_fifo|        v264_1|       pointer|
|v264_1_num_data_valid  |   in|   13|     ap_fifo|        v264_1|       pointer|
|v264_1_fifo_cap        |   in|   13|     ap_fifo|        v264_1|       pointer|
|v264_1_empty_n         |   in|    1|     ap_fifo|        v264_1|       pointer|
|v264_1_read            |  out|    1|     ap_fifo|        v264_1|       pointer|
|v264_2_dout            |   in|   32|     ap_fifo|        v264_2|       pointer|
|v264_2_num_data_valid  |   in|   13|     ap_fifo|        v264_2|       pointer|
|v264_2_fifo_cap        |   in|   13|     ap_fifo|        v264_2|       pointer|
|v264_2_empty_n         |   in|    1|     ap_fifo|        v264_2|       pointer|
|v264_2_read            |  out|    1|     ap_fifo|        v264_2|       pointer|
|v264_3_dout            |   in|   32|     ap_fifo|        v264_3|       pointer|
|v264_3_num_data_valid  |   in|   13|     ap_fifo|        v264_3|       pointer|
|v264_3_fifo_cap        |   in|   13|     ap_fifo|        v264_3|       pointer|
|v264_3_empty_n         |   in|    1|     ap_fifo|        v264_3|       pointer|
|v264_3_read            |  out|    1|     ap_fifo|        v264_3|       pointer|
|v264_4_dout            |   in|   32|     ap_fifo|        v264_4|       pointer|
|v264_4_num_data_valid  |   in|   13|     ap_fifo|        v264_4|       pointer|
|v264_4_fifo_cap        |   in|   13|     ap_fifo|        v264_4|       pointer|
|v264_4_empty_n         |   in|    1|     ap_fifo|        v264_4|       pointer|
|v264_4_read            |  out|    1|     ap_fifo|        v264_4|       pointer|
|v264_5_dout            |   in|   32|     ap_fifo|        v264_5|       pointer|
|v264_5_num_data_valid  |   in|   13|     ap_fifo|        v264_5|       pointer|
|v264_5_fifo_cap        |   in|   13|     ap_fifo|        v264_5|       pointer|
|v264_5_empty_n         |   in|    1|     ap_fifo|        v264_5|       pointer|
|v264_5_read            |  out|    1|     ap_fifo|        v264_5|       pointer|
|v264_6_dout            |   in|   32|     ap_fifo|        v264_6|       pointer|
|v264_6_num_data_valid  |   in|   13|     ap_fifo|        v264_6|       pointer|
|v264_6_fifo_cap        |   in|   13|     ap_fifo|        v264_6|       pointer|
|v264_6_empty_n         |   in|    1|     ap_fifo|        v264_6|       pointer|
|v264_6_read            |  out|    1|     ap_fifo|        v264_6|       pointer|
|v264_7_dout            |   in|   32|     ap_fifo|        v264_7|       pointer|
|v264_7_num_data_valid  |   in|   13|     ap_fifo|        v264_7|       pointer|
|v264_7_fifo_cap        |   in|   13|     ap_fifo|        v264_7|       pointer|
|v264_7_empty_n         |   in|    1|     ap_fifo|        v264_7|       pointer|
|v264_7_read            |  out|    1|     ap_fifo|        v264_7|       pointer|
|v263_address0          |  out|   15|   ap_memory|          v263|         array|
|v263_ce0               |  out|    1|   ap_memory|          v263|         array|
|v263_we0               |  out|    1|   ap_memory|          v263|         array|
|v263_d0                |  out|   32|   ap_memory|          v263|         array|
|v263_address1          |  out|   15|   ap_memory|          v263|         array|
|v263_ce1               |  out|    1|   ap_memory|          v263|         array|
|v263_we1               |  out|    1|   ap_memory|          v263|         array|
|v263_d1                |  out|   32|   ap_memory|          v263|         array|
+-----------------------+-----+-----+------------+--------------+--------------+

