

================================================================
== Vitis HLS Report for 'node6'
================================================================
* Date:           Wed Sep 25 13:00:13 2024

* Version:        2023.2 (Build 4023990 on Oct 11 2023)
* Project:        hls_Autoencoder
* Solution:       solution1 (Vivado IP Flow Target)
* Product family: virtexuplusHBM
* Target device:  xcu280-fsvh2892-2L-e


================================================================
== Performance Estimates
================================================================
+ Timing: 
    * Summary: 
    +--------+---------+----------+------------+
    |  Clock |  Target | Estimated| Uncertainty|
    +--------+---------+----------+------------+
    |ap_clk  |  3.33 ns|  2.620 ns|     0.90 ns|
    +--------+---------+----------+------------+

+ Latency: 
    * Summary: 
    +---------+---------+-----------+-----------+-------+-------+---------+
    |  Latency (cycles) |   Latency (absolute)  |    Interval   | Pipeline|
    |   min   |   max   |    min    |    max    |  min  |  max  |   Type  |
    +---------+---------+-----------+-----------+-------+-------+---------+
    |    16387|    16387|  54.569 us|  54.569 us|  16387|  16387|       no|
    +---------+---------+-----------+-----------+-------+-------+---------+

    + Detail: 
        * Instance: 
        N/A

        * Loop: 
        +-----------------+---------+---------+----------+-----------+-----------+------+----------+
        |                 |  Latency (cycles) | Iteration|  Initiation Interval  | Trip |          |
        |    Loop Name    |   min   |   max   |  Latency |  achieved |   target  | Count| Pipelined|
        +-----------------+---------+---------+----------+-----------+-----------+------+----------+
        |- loop28_loop29  |    16385|    16385|        66|         64|          1|   256|       yes|
        +-----------------+---------+---------+----------+-----------+-----------+------+----------+



================================================================
== Utilization Estimates
================================================================
* Summary: 
+---------------------+---------+------+---------+---------+-----+
|         Name        | BRAM_18K|  DSP |    FF   |   LUT   | URAM|
+---------------------+---------+------+---------+---------+-----+
|DSP                  |        -|     -|        -|        -|    -|
|Expression           |        -|     -|        0|      270|    -|
|FIFO                 |        -|     -|        -|        -|    -|
|Instance             |        -|     -|        -|        -|    -|
|Memory               |        -|     -|        -|        -|    -|
|Multiplexer          |        -|     -|        -|      927|    -|
|Register             |        -|     -|      268|        -|    -|
+---------------------+---------+------+---------+---------+-----+
|Total                |        0|     0|      268|     1197|    0|
+---------------------+---------+------+---------+---------+-----+
|Available SLR        |     1344|  3008|   869120|   434560|  320|
+---------------------+---------+------+---------+---------+-----+
|Utilization SLR (%)  |        0|     0|       ~0|       ~0|    0|
+---------------------+---------+------+---------+---------+-----+
|Available            |     4032|  9024|  2607360|  1303680|  960|
+---------------------+---------+------+---------+---------+-----+
|Utilization (%)      |        0|     0|       ~0|       ~0|    0|
+---------------------+---------+------+---------+---------+-----+

+ Detail: 
    * Instance: 
    N/A

    * DSP: 
    N/A

    * Memory: 
    N/A

    * FIFO: 
    N/A

    * Expression: 
    +---------------------------+----------+----+---+----+------------+------------+
    |       Variable Name       | Operation| DSP| FF| LUT| Bitwidth P0| Bitwidth P1|
    +---------------------------+----------+----+---+----+------------+------------+
    |add_ln205_1_fu_3095_p2     |         +|   0|  0|  16|           9|           1|
    |add_ln205_fu_3107_p2       |         +|   0|  0|  12|           5|           1|
    |add_ln206_fu_3189_p2       |         +|   0|  0|  12|           5|           1|
    |add_ln212_fu_3258_p2       |         +|   0|  0|  15|           8|           8|
    |ap_block_pp0_stage0_11001  |       and|   0|  0|   2|           1|           1|
    |ap_condition_2693          |       and|   0|  0|   2|           1|           1|
    |icmp_ln205_fu_3089_p2      |      icmp|   0|  0|  17|           9|          10|
    |icmp_ln206_fu_3113_p2      |      icmp|   0|  0|  13|           5|           6|
    |empty_38_fu_4891_p2        |        or|   0|  0|   7|           7|           3|
    |empty_39_fu_4626_p2        |        or|   0|  0|   7|           7|           3|
    |empty_40_fu_4361_p2        |        or|   0|  0|   7|           7|           3|
    |empty_41_fu_4096_p2        |        or|   0|  0|   7|           7|           2|
    |empty_42_fu_3831_p2        |        or|   0|  0|   7|           7|           2|
    |empty_43_fu_3565_p2        |        or|   0|  0|   7|           7|           1|
    |empty_fu_5156_p2           |        or|   0|  0|   7|           7|           3|
    |or_ln211_10_fu_3270_p2     |        or|   0|  0|   8|           8|           3|
    |or_ln211_11_fu_3289_p2     |        or|   0|  0|   8|           8|           3|
    |or_ln211_12_fu_3210_p2     |        or|   0|  0|   8|           8|           2|
    |or_ln211_13_fu_3229_p2     |        or|   0|  0|   8|           8|           2|
    |or_ln211_14_fu_3168_p2     |        or|   0|  0|   8|           8|           1|
    |or_ln211_1_fu_3529_p2      |        or|   0|  0|   8|           8|           4|
    |or_ln211_2_fu_3462_p2      |        or|   0|  0|   8|           8|           4|
    |or_ln211_3_fu_3481_p2      |        or|   0|  0|   8|           8|           4|
    |or_ln211_4_fu_3414_p2      |        or|   0|  0|   8|           8|           4|
    |or_ln211_5_fu_3433_p2      |        or|   0|  0|   8|           8|           4|
    |or_ln211_6_fu_3366_p2      |        or|   0|  0|   8|           8|           4|
    |or_ln211_7_fu_3385_p2      |        or|   0|  0|   8|           8|           4|
    |or_ln211_8_fu_3318_p2      |        or|   0|  0|   8|           8|           3|
    |or_ln211_9_fu_3337_p2      |        or|   0|  0|   8|           8|           3|
    |or_ln211_fu_3510_p2        |        or|   0|  0|   8|           8|           4|
    |select_ln205_1_fu_3127_p3  |    select|   0|  0|   5|           1|           5|
    |select_ln205_fu_3119_p3    |    select|   0|  0|   5|           1|           1|
    |ap_enable_pp0              |       xor|   0|  0|   2|           1|           2|
    +---------------------------+----------+----+---+----+------------+------------+
    |Total                      |          |   0|  0| 270|         215|         103|
    +---------------------------+----------+----+---+----+------------+------------+

    * Multiplexer: 
    +--------------------------------------+-----+-----------+-----+-----------+
    |                 Name                 | LUT | Input Size| Bits| Total Bits|
    +--------------------------------------+-----+-----------+-----+-----------+
    |ap_NS_fsm                             |  279|         65|    1|         65|
    |ap_done_int                           |    9|          2|    1|          2|
    |ap_enable_reg_pp0_iter0               |    9|          2|    1|          2|
    |ap_enable_reg_pp0_iter0_reg           |    9|          2|    1|          2|
    |ap_enable_reg_pp0_iter1               |    9|          2|    1|          2|
    |ap_sig_allocacmp_indvar_flatten_load  |    9|          2|    9|         18|
    |ap_sig_allocacmp_v86_load             |    9|          2|    5|         10|
    |ap_sig_allocacmp_v87_load             |    9|          2|    5|         10|
    |indvar_flatten_fu_362                 |    9|          2|    9|         18|
    |v260_address0                         |  279|         65|   15|        975|
    |v260_address1                         |  279|         65|   15|        975|
    |v86_fu_358                            |    9|          2|    5|         10|
    |v87_fu_354                            |    9|          2|    5|         10|
    +--------------------------------------+-----+-----------+-----+-----------+
    |Total                                 |  927|        215|   73|       2099|
    +--------------------------------------+-----+-----------+-----+-----------+

    * Register: 
    +-----------------------------+----+----+-----+-----------+
    |             Name            | FF | LUT| Bits| Const Bits|
    +-----------------------------+----+----+-----+-----------+
    |ap_CS_fsm                    |  64|   0|   64|          0|
    |ap_done_reg                  |   1|   0|    1|          0|
    |ap_enable_reg_pp0_iter0_reg  |   1|   0|    1|          0|
    |ap_enable_reg_pp0_iter1      |   1|   0|    1|          0|
    |empty_38_reg_6395            |   4|   0|    7|          3|
    |empty_39_reg_6297            |   4|   0|    7|          3|
    |empty_40_reg_6199            |   4|   0|    7|          3|
    |empty_41_reg_6101            |   4|   0|    7|          3|
    |empty_42_reg_6003            |   4|   0|    7|          3|
    |empty_43_reg_5905            |   4|   0|    7|          3|
    |empty_44_reg_5491            |   4|   0|    4|          0|
    |empty_reg_6493               |   4|   0|    7|          3|
    |icmp_ln205_reg_5462          |   1|   0|    1|          0|
    |indvar_flatten_fu_362        |   9|   0|    9|          0|
    |or_ln211_10_reg_5703         |   4|   0|    8|          4|
    |or_ln211_11_reg_5719         |   4|   0|    8|          4|
    |or_ln211_12_reg_5541         |   4|   0|    8|          4|
    |or_ln211_13_reg_5557         |   4|   0|    8|          4|
    |or_ln211_14_reg_5525         |   4|   0|    8|          4|
    |or_ln211_1_reg_5879          |   4|   0|    8|          4|
    |or_ln211_2_reg_5831          |   4|   0|    8|          4|
    |or_ln211_3_reg_5847          |   4|   0|    8|          4|
    |or_ln211_4_reg_5799          |   4|   0|    8|          4|
    |or_ln211_5_reg_5815          |   4|   0|    8|          4|
    |or_ln211_6_reg_5767          |   4|   0|    8|          4|
    |or_ln211_7_reg_5783          |   4|   0|    8|          4|
    |or_ln211_8_reg_5735          |   4|   0|    8|          4|
    |or_ln211_9_reg_5751          |   4|   0|    8|          4|
    |or_ln211_reg_5863            |   4|   0|    8|          4|
    |reg_3063                     |  32|   0|   32|          0|
    |reg_3067                     |  32|   0|   32|          0|
    |select_ln205_reg_5466        |   5|   0|    5|          0|
    |tmp_44_reg_5502              |   4|   0|    8|          4|
    |tmp_s_reg_5895               |   4|   0|    7|          3|
    |trunc_ln212_reg_5471         |   4|   0|    4|          0|
    |v86_fu_358                   |   5|   0|    5|          0|
    |v87_fu_354                   |   5|   0|    5|          0|
    |zext_ln212_1_reg_5573        |   8|   0|   64|         56|
    +-----------------------------+----+----+-----+-----------+
    |Total                        | 268|   0|  412|        144|
    +-----------------------------+----+----+-----+-----------+



================================================================
== Interface
================================================================
* Summary: 
+-------------------+-----+-----+------------+--------------+--------------+
|     RTL Ports     | Dir | Bits|  Protocol  | Source Object|    C Type    |
+-------------------+-----+-----+------------+--------------+--------------+
|ap_clk             |   in|    1|  ap_ctrl_hs|         node6|  return value|
|ap_rst             |   in|    1|  ap_ctrl_hs|         node6|  return value|
|ap_start           |   in|    1|  ap_ctrl_hs|         node6|  return value|
|ap_done            |  out|    1|  ap_ctrl_hs|         node6|  return value|
|ap_continue        |   in|    1|  ap_ctrl_hs|         node6|  return value|
|ap_idle            |  out|    1|  ap_ctrl_hs|         node6|  return value|
|ap_ready           |  out|    1|  ap_ctrl_hs|         node6|  return value|
|v260_address0      |  out|   15|   ap_memory|          v260|         array|
|v260_ce0           |  out|    1|   ap_memory|          v260|         array|
|v260_q0            |   in|   32|   ap_memory|          v260|         array|
|v260_address1      |  out|   15|   ap_memory|          v260|         array|
|v260_ce1           |  out|    1|   ap_memory|          v260|         array|
|v260_q1            |   in|   32|   ap_memory|          v260|         array|
|v85_0_0_address0   |  out|    8|   ap_memory|       v85_0_0|         array|
|v85_0_0_ce0        |  out|    1|   ap_memory|       v85_0_0|         array|
|v85_0_0_we0        |  out|    1|   ap_memory|       v85_0_0|         array|
|v85_0_0_d0         |  out|   32|   ap_memory|       v85_0_0|         array|
|v85_0_1_address0   |  out|    8|   ap_memory|       v85_0_1|         array|
|v85_0_1_ce0        |  out|    1|   ap_memory|       v85_0_1|         array|
|v85_0_1_we0        |  out|    1|   ap_memory|       v85_0_1|         array|
|v85_0_1_d0         |  out|   32|   ap_memory|       v85_0_1|         array|
|v85_0_2_address0   |  out|    8|   ap_memory|       v85_0_2|         array|
|v85_0_2_ce0        |  out|    1|   ap_memory|       v85_0_2|         array|
|v85_0_2_we0        |  out|    1|   ap_memory|       v85_0_2|         array|
|v85_0_2_d0         |  out|   32|   ap_memory|       v85_0_2|         array|
|v85_0_3_address0   |  out|    8|   ap_memory|       v85_0_3|         array|
|v85_0_3_ce0        |  out|    1|   ap_memory|       v85_0_3|         array|
|v85_0_3_we0        |  out|    1|   ap_memory|       v85_0_3|         array|
|v85_0_3_d0         |  out|   32|   ap_memory|       v85_0_3|         array|
|v85_0_4_address0   |  out|    8|   ap_memory|       v85_0_4|         array|
|v85_0_4_ce0        |  out|    1|   ap_memory|       v85_0_4|         array|
|v85_0_4_we0        |  out|    1|   ap_memory|       v85_0_4|         array|
|v85_0_4_d0         |  out|   32|   ap_memory|       v85_0_4|         array|
|v85_0_5_address0   |  out|    8|   ap_memory|       v85_0_5|         array|
|v85_0_5_ce0        |  out|    1|   ap_memory|       v85_0_5|         array|
|v85_0_5_we0        |  out|    1|   ap_memory|       v85_0_5|         array|
|v85_0_5_d0         |  out|   32|   ap_memory|       v85_0_5|         array|
|v85_0_6_address0   |  out|    8|   ap_memory|       v85_0_6|         array|
|v85_0_6_ce0        |  out|    1|   ap_memory|       v85_0_6|         array|
|v85_0_6_we0        |  out|    1|   ap_memory|       v85_0_6|         array|
|v85_0_6_d0         |  out|   32|   ap_memory|       v85_0_6|         array|
|v85_0_7_address0   |  out|    8|   ap_memory|       v85_0_7|         array|
|v85_0_7_ce0        |  out|    1|   ap_memory|       v85_0_7|         array|
|v85_0_7_we0        |  out|    1|   ap_memory|       v85_0_7|         array|
|v85_0_7_d0         |  out|   32|   ap_memory|       v85_0_7|         array|
|v85_0_8_address0   |  out|    8|   ap_memory|       v85_0_8|         array|
|v85_0_8_ce0        |  out|    1|   ap_memory|       v85_0_8|         array|
|v85_0_8_we0        |  out|    1|   ap_memory|       v85_0_8|         array|
|v85_0_8_d0         |  out|   32|   ap_memory|       v85_0_8|         array|
|v85_0_9_address0   |  out|    8|   ap_memory|       v85_0_9|         array|
|v85_0_9_ce0        |  out|    1|   ap_memory|       v85_0_9|         array|
|v85_0_9_we0        |  out|    1|   ap_memory|       v85_0_9|         array|
|v85_0_9_d0         |  out|   32|   ap_memory|       v85_0_9|         array|
|v85_0_10_address0  |  out|    8|   ap_memory|      v85_0_10|         array|
|v85_0_10_ce0       |  out|    1|   ap_memory|      v85_0_10|         array|
|v85_0_10_we0       |  out|    1|   ap_memory|      v85_0_10|         array|
|v85_0_10_d0        |  out|   32|   ap_memory|      v85_0_10|         array|
|v85_0_11_address0  |  out|    8|   ap_memory|      v85_0_11|         array|
|v85_0_11_ce0       |  out|    1|   ap_memory|      v85_0_11|         array|
|v85_0_11_we0       |  out|    1|   ap_memory|      v85_0_11|         array|
|v85_0_11_d0        |  out|   32|   ap_memory|      v85_0_11|         array|
|v85_0_12_address0  |  out|    8|   ap_memory|      v85_0_12|         array|
|v85_0_12_ce0       |  out|    1|   ap_memory|      v85_0_12|         array|
|v85_0_12_we0       |  out|    1|   ap_memory|      v85_0_12|         array|
|v85_0_12_d0        |  out|   32|   ap_memory|      v85_0_12|         array|
|v85_0_13_address0  |  out|    8|   ap_memory|      v85_0_13|         array|
|v85_0_13_ce0       |  out|    1|   ap_memory|      v85_0_13|         array|
|v85_0_13_we0       |  out|    1|   ap_memory|      v85_0_13|         array|
|v85_0_13_d0        |  out|   32|   ap_memory|      v85_0_13|         array|
|v85_0_14_address0  |  out|    8|   ap_memory|      v85_0_14|         array|
|v85_0_14_ce0       |  out|    1|   ap_memory|      v85_0_14|         array|
|v85_0_14_we0       |  out|    1|   ap_memory|      v85_0_14|         array|
|v85_0_14_d0        |  out|   32|   ap_memory|      v85_0_14|         array|
|v85_0_15_address0  |  out|    8|   ap_memory|      v85_0_15|         array|
|v85_0_15_ce0       |  out|    1|   ap_memory|      v85_0_15|         array|
|v85_0_15_we0       |  out|    1|   ap_memory|      v85_0_15|         array|
|v85_0_15_d0        |  out|   32|   ap_memory|      v85_0_15|         array|
|v85_1_0_address0   |  out|    8|   ap_memory|       v85_1_0|         array|
|v85_1_0_ce0        |  out|    1|   ap_memory|       v85_1_0|         array|
|v85_1_0_we0        |  out|    1|   ap_memory|       v85_1_0|         array|
|v85_1_0_d0         |  out|   32|   ap_memory|       v85_1_0|         array|
|v85_1_1_address0   |  out|    8|   ap_memory|       v85_1_1|         array|
|v85_1_1_ce0        |  out|    1|   ap_memory|       v85_1_1|         array|
|v85_1_1_we0        |  out|    1|   ap_memory|       v85_1_1|         array|
|v85_1_1_d0         |  out|   32|   ap_memory|       v85_1_1|         array|
|v85_1_2_address0   |  out|    8|   ap_memory|       v85_1_2|         array|
|v85_1_2_ce0        |  out|    1|   ap_memory|       v85_1_2|         array|
|v85_1_2_we0        |  out|    1|   ap_memory|       v85_1_2|         array|
|v85_1_2_d0         |  out|   32|   ap_memory|       v85_1_2|         array|
|v85_1_3_address0   |  out|    8|   ap_memory|       v85_1_3|         array|
|v85_1_3_ce0        |  out|    1|   ap_memory|       v85_1_3|         array|
|v85_1_3_we0        |  out|    1|   ap_memory|       v85_1_3|         array|
|v85_1_3_d0         |  out|   32|   ap_memory|       v85_1_3|         array|
|v85_1_4_address0   |  out|    8|   ap_memory|       v85_1_4|         array|
|v85_1_4_ce0        |  out|    1|   ap_memory|       v85_1_4|         array|
|v85_1_4_we0        |  out|    1|   ap_memory|       v85_1_4|         array|
|v85_1_4_d0         |  out|   32|   ap_memory|       v85_1_4|         array|
|v85_1_5_address0   |  out|    8|   ap_memory|       v85_1_5|         array|
|v85_1_5_ce0        |  out|    1|   ap_memory|       v85_1_5|         array|
|v85_1_5_we0        |  out|    1|   ap_memory|       v85_1_5|         array|
|v85_1_5_d0         |  out|   32|   ap_memory|       v85_1_5|         array|
|v85_1_6_address0   |  out|    8|   ap_memory|       v85_1_6|         array|
|v85_1_6_ce0        |  out|    1|   ap_memory|       v85_1_6|         array|
|v85_1_6_we0        |  out|    1|   ap_memory|       v85_1_6|         array|
|v85_1_6_d0         |  out|   32|   ap_memory|       v85_1_6|         array|
|v85_1_7_address0   |  out|    8|   ap_memory|       v85_1_7|         array|
|v85_1_7_ce0        |  out|    1|   ap_memory|       v85_1_7|         array|
|v85_1_7_we0        |  out|    1|   ap_memory|       v85_1_7|         array|
|v85_1_7_d0         |  out|   32|   ap_memory|       v85_1_7|         array|
|v85_1_8_address0   |  out|    8|   ap_memory|       v85_1_8|         array|
|v85_1_8_ce0        |  out|    1|   ap_memory|       v85_1_8|         array|
|v85_1_8_we0        |  out|    1|   ap_memory|       v85_1_8|         array|
|v85_1_8_d0         |  out|   32|   ap_memory|       v85_1_8|         array|
|v85_1_9_address0   |  out|    8|   ap_memory|       v85_1_9|         array|
|v85_1_9_ce0        |  out|    1|   ap_memory|       v85_1_9|         array|
|v85_1_9_we0        |  out|    1|   ap_memory|       v85_1_9|         array|
|v85_1_9_d0         |  out|   32|   ap_memory|       v85_1_9|         array|
|v85_1_10_address0  |  out|    8|   ap_memory|      v85_1_10|         array|
|v85_1_10_ce0       |  out|    1|   ap_memory|      v85_1_10|         array|
|v85_1_10_we0       |  out|    1|   ap_memory|      v85_1_10|         array|
|v85_1_10_d0        |  out|   32|   ap_memory|      v85_1_10|         array|
|v85_1_11_address0  |  out|    8|   ap_memory|      v85_1_11|         array|
|v85_1_11_ce0       |  out|    1|   ap_memory|      v85_1_11|         array|
|v85_1_11_we0       |  out|    1|   ap_memory|      v85_1_11|         array|
|v85_1_11_d0        |  out|   32|   ap_memory|      v85_1_11|         array|
|v85_1_12_address0  |  out|    8|   ap_memory|      v85_1_12|         array|
|v85_1_12_ce0       |  out|    1|   ap_memory|      v85_1_12|         array|
|v85_1_12_we0       |  out|    1|   ap_memory|      v85_1_12|         array|
|v85_1_12_d0        |  out|   32|   ap_memory|      v85_1_12|         array|
|v85_1_13_address0  |  out|    8|   ap_memory|      v85_1_13|         array|
|v85_1_13_ce0       |  out|    1|   ap_memory|      v85_1_13|         array|
|v85_1_13_we0       |  out|    1|   ap_memory|      v85_1_13|         array|
|v85_1_13_d0        |  out|   32|   ap_memory|      v85_1_13|         array|
|v85_1_14_address0  |  out|    8|   ap_memory|      v85_1_14|         array|
|v85_1_14_ce0       |  out|    1|   ap_memory|      v85_1_14|         array|
|v85_1_14_we0       |  out|    1|   ap_memory|      v85_1_14|         array|
|v85_1_14_d0        |  out|   32|   ap_memory|      v85_1_14|         array|
|v85_1_15_address0  |  out|    8|   ap_memory|      v85_1_15|         array|
|v85_1_15_ce0       |  out|    1|   ap_memory|      v85_1_15|         array|
|v85_1_15_we0       |  out|    1|   ap_memory|      v85_1_15|         array|
|v85_1_15_d0        |  out|   32|   ap_memory|      v85_1_15|         array|
|v85_2_0_address0   |  out|    8|   ap_memory|       v85_2_0|         array|
|v85_2_0_ce0        |  out|    1|   ap_memory|       v85_2_0|         array|
|v85_2_0_we0        |  out|    1|   ap_memory|       v85_2_0|         array|
|v85_2_0_d0         |  out|   32|   ap_memory|       v85_2_0|         array|
|v85_2_1_address0   |  out|    8|   ap_memory|       v85_2_1|         array|
|v85_2_1_ce0        |  out|    1|   ap_memory|       v85_2_1|         array|
|v85_2_1_we0        |  out|    1|   ap_memory|       v85_2_1|         array|
|v85_2_1_d0         |  out|   32|   ap_memory|       v85_2_1|         array|
|v85_2_2_address0   |  out|    8|   ap_memory|       v85_2_2|         array|
|v85_2_2_ce0        |  out|    1|   ap_memory|       v85_2_2|         array|
|v85_2_2_we0        |  out|    1|   ap_memory|       v85_2_2|         array|
|v85_2_2_d0         |  out|   32|   ap_memory|       v85_2_2|         array|
|v85_2_3_address0   |  out|    8|   ap_memory|       v85_2_3|         array|
|v85_2_3_ce0        |  out|    1|   ap_memory|       v85_2_3|         array|
|v85_2_3_we0        |  out|    1|   ap_memory|       v85_2_3|         array|
|v85_2_3_d0         |  out|   32|   ap_memory|       v85_2_3|         array|
|v85_2_4_address0   |  out|    8|   ap_memory|       v85_2_4|         array|
|v85_2_4_ce0        |  out|    1|   ap_memory|       v85_2_4|         array|
|v85_2_4_we0        |  out|    1|   ap_memory|       v85_2_4|         array|
|v85_2_4_d0         |  out|   32|   ap_memory|       v85_2_4|         array|
|v85_2_5_address0   |  out|    8|   ap_memory|       v85_2_5|         array|
|v85_2_5_ce0        |  out|    1|   ap_memory|       v85_2_5|         array|
|v85_2_5_we0        |  out|    1|   ap_memory|       v85_2_5|         array|
|v85_2_5_d0         |  out|   32|   ap_memory|       v85_2_5|         array|
|v85_2_6_address0   |  out|    8|   ap_memory|       v85_2_6|         array|
|v85_2_6_ce0        |  out|    1|   ap_memory|       v85_2_6|         array|
|v85_2_6_we0        |  out|    1|   ap_memory|       v85_2_6|         array|
|v85_2_6_d0         |  out|   32|   ap_memory|       v85_2_6|         array|
|v85_2_7_address0   |  out|    8|   ap_memory|       v85_2_7|         array|
|v85_2_7_ce0        |  out|    1|   ap_memory|       v85_2_7|         array|
|v85_2_7_we0        |  out|    1|   ap_memory|       v85_2_7|         array|
|v85_2_7_d0         |  out|   32|   ap_memory|       v85_2_7|         array|
|v85_2_8_address0   |  out|    8|   ap_memory|       v85_2_8|         array|
|v85_2_8_ce0        |  out|    1|   ap_memory|       v85_2_8|         array|
|v85_2_8_we0        |  out|    1|   ap_memory|       v85_2_8|         array|
|v85_2_8_d0         |  out|   32|   ap_memory|       v85_2_8|         array|
|v85_2_9_address0   |  out|    8|   ap_memory|       v85_2_9|         array|
|v85_2_9_ce0        |  out|    1|   ap_memory|       v85_2_9|         array|
|v85_2_9_we0        |  out|    1|   ap_memory|       v85_2_9|         array|
|v85_2_9_d0         |  out|   32|   ap_memory|       v85_2_9|         array|
|v85_2_10_address0  |  out|    8|   ap_memory|      v85_2_10|         array|
|v85_2_10_ce0       |  out|    1|   ap_memory|      v85_2_10|         array|
|v85_2_10_we0       |  out|    1|   ap_memory|      v85_2_10|         array|
|v85_2_10_d0        |  out|   32|   ap_memory|      v85_2_10|         array|
|v85_2_11_address0  |  out|    8|   ap_memory|      v85_2_11|         array|
|v85_2_11_ce0       |  out|    1|   ap_memory|      v85_2_11|         array|
|v85_2_11_we0       |  out|    1|   ap_memory|      v85_2_11|         array|
|v85_2_11_d0        |  out|   32|   ap_memory|      v85_2_11|         array|
|v85_2_12_address0  |  out|    8|   ap_memory|      v85_2_12|         array|
|v85_2_12_ce0       |  out|    1|   ap_memory|      v85_2_12|         array|
|v85_2_12_we0       |  out|    1|   ap_memory|      v85_2_12|         array|
|v85_2_12_d0        |  out|   32|   ap_memory|      v85_2_12|         array|
|v85_2_13_address0  |  out|    8|   ap_memory|      v85_2_13|         array|
|v85_2_13_ce0       |  out|    1|   ap_memory|      v85_2_13|         array|
|v85_2_13_we0       |  out|    1|   ap_memory|      v85_2_13|         array|
|v85_2_13_d0        |  out|   32|   ap_memory|      v85_2_13|         array|
|v85_2_14_address0  |  out|    8|   ap_memory|      v85_2_14|         array|
|v85_2_14_ce0       |  out|    1|   ap_memory|      v85_2_14|         array|
|v85_2_14_we0       |  out|    1|   ap_memory|      v85_2_14|         array|
|v85_2_14_d0        |  out|   32|   ap_memory|      v85_2_14|         array|
|v85_2_15_address0  |  out|    8|   ap_memory|      v85_2_15|         array|
|v85_2_15_ce0       |  out|    1|   ap_memory|      v85_2_15|         array|
|v85_2_15_we0       |  out|    1|   ap_memory|      v85_2_15|         array|
|v85_2_15_d0        |  out|   32|   ap_memory|      v85_2_15|         array|
|v85_3_0_address0   |  out|    8|   ap_memory|       v85_3_0|         array|
|v85_3_0_ce0        |  out|    1|   ap_memory|       v85_3_0|         array|
|v85_3_0_we0        |  out|    1|   ap_memory|       v85_3_0|         array|
|v85_3_0_d0         |  out|   32|   ap_memory|       v85_3_0|         array|
|v85_3_1_address0   |  out|    8|   ap_memory|       v85_3_1|         array|
|v85_3_1_ce0        |  out|    1|   ap_memory|       v85_3_1|         array|
|v85_3_1_we0        |  out|    1|   ap_memory|       v85_3_1|         array|
|v85_3_1_d0         |  out|   32|   ap_memory|       v85_3_1|         array|
|v85_3_2_address0   |  out|    8|   ap_memory|       v85_3_2|         array|
|v85_3_2_ce0        |  out|    1|   ap_memory|       v85_3_2|         array|
|v85_3_2_we0        |  out|    1|   ap_memory|       v85_3_2|         array|
|v85_3_2_d0         |  out|   32|   ap_memory|       v85_3_2|         array|
|v85_3_3_address0   |  out|    8|   ap_memory|       v85_3_3|         array|
|v85_3_3_ce0        |  out|    1|   ap_memory|       v85_3_3|         array|
|v85_3_3_we0        |  out|    1|   ap_memory|       v85_3_3|         array|
|v85_3_3_d0         |  out|   32|   ap_memory|       v85_3_3|         array|
|v85_3_4_address0   |  out|    8|   ap_memory|       v85_3_4|         array|
|v85_3_4_ce0        |  out|    1|   ap_memory|       v85_3_4|         array|
|v85_3_4_we0        |  out|    1|   ap_memory|       v85_3_4|         array|
|v85_3_4_d0         |  out|   32|   ap_memory|       v85_3_4|         array|
|v85_3_5_address0   |  out|    8|   ap_memory|       v85_3_5|         array|
|v85_3_5_ce0        |  out|    1|   ap_memory|       v85_3_5|         array|
|v85_3_5_we0        |  out|    1|   ap_memory|       v85_3_5|         array|
|v85_3_5_d0         |  out|   32|   ap_memory|       v85_3_5|         array|
|v85_3_6_address0   |  out|    8|   ap_memory|       v85_3_6|         array|
|v85_3_6_ce0        |  out|    1|   ap_memory|       v85_3_6|         array|
|v85_3_6_we0        |  out|    1|   ap_memory|       v85_3_6|         array|
|v85_3_6_d0         |  out|   32|   ap_memory|       v85_3_6|         array|
|v85_3_7_address0   |  out|    8|   ap_memory|       v85_3_7|         array|
|v85_3_7_ce0        |  out|    1|   ap_memory|       v85_3_7|         array|
|v85_3_7_we0        |  out|    1|   ap_memory|       v85_3_7|         array|
|v85_3_7_d0         |  out|   32|   ap_memory|       v85_3_7|         array|
|v85_3_8_address0   |  out|    8|   ap_memory|       v85_3_8|         array|
|v85_3_8_ce0        |  out|    1|   ap_memory|       v85_3_8|         array|
|v85_3_8_we0        |  out|    1|   ap_memory|       v85_3_8|         array|
|v85_3_8_d0         |  out|   32|   ap_memory|       v85_3_8|         array|
|v85_3_9_address0   |  out|    8|   ap_memory|       v85_3_9|         array|
|v85_3_9_ce0        |  out|    1|   ap_memory|       v85_3_9|         array|
|v85_3_9_we0        |  out|    1|   ap_memory|       v85_3_9|         array|
|v85_3_9_d0         |  out|   32|   ap_memory|       v85_3_9|         array|
|v85_3_10_address0  |  out|    8|   ap_memory|      v85_3_10|         array|
|v85_3_10_ce0       |  out|    1|   ap_memory|      v85_3_10|         array|
|v85_3_10_we0       |  out|    1|   ap_memory|      v85_3_10|         array|
|v85_3_10_d0        |  out|   32|   ap_memory|      v85_3_10|         array|
|v85_3_11_address0  |  out|    8|   ap_memory|      v85_3_11|         array|
|v85_3_11_ce0       |  out|    1|   ap_memory|      v85_3_11|         array|
|v85_3_11_we0       |  out|    1|   ap_memory|      v85_3_11|         array|
|v85_3_11_d0        |  out|   32|   ap_memory|      v85_3_11|         array|
|v85_3_12_address0  |  out|    8|   ap_memory|      v85_3_12|         array|
|v85_3_12_ce0       |  out|    1|   ap_memory|      v85_3_12|         array|
|v85_3_12_we0       |  out|    1|   ap_memory|      v85_3_12|         array|
|v85_3_12_d0        |  out|   32|   ap_memory|      v85_3_12|         array|
|v85_3_13_address0  |  out|    8|   ap_memory|      v85_3_13|         array|
|v85_3_13_ce0       |  out|    1|   ap_memory|      v85_3_13|         array|
|v85_3_13_we0       |  out|    1|   ap_memory|      v85_3_13|         array|
|v85_3_13_d0        |  out|   32|   ap_memory|      v85_3_13|         array|
|v85_3_14_address0  |  out|    8|   ap_memory|      v85_3_14|         array|
|v85_3_14_ce0       |  out|    1|   ap_memory|      v85_3_14|         array|
|v85_3_14_we0       |  out|    1|   ap_memory|      v85_3_14|         array|
|v85_3_14_d0        |  out|   32|   ap_memory|      v85_3_14|         array|
|v85_3_15_address0  |  out|    8|   ap_memory|      v85_3_15|         array|
|v85_3_15_ce0       |  out|    1|   ap_memory|      v85_3_15|         array|
|v85_3_15_we0       |  out|    1|   ap_memory|      v85_3_15|         array|
|v85_3_15_d0        |  out|   32|   ap_memory|      v85_3_15|         array|
|v85_4_0_address0   |  out|    8|   ap_memory|       v85_4_0|         array|
|v85_4_0_ce0        |  out|    1|   ap_memory|       v85_4_0|         array|
|v85_4_0_we0        |  out|    1|   ap_memory|       v85_4_0|         array|
|v85_4_0_d0         |  out|   32|   ap_memory|       v85_4_0|         array|
|v85_4_1_address0   |  out|    8|   ap_memory|       v85_4_1|         array|
|v85_4_1_ce0        |  out|    1|   ap_memory|       v85_4_1|         array|
|v85_4_1_we0        |  out|    1|   ap_memory|       v85_4_1|         array|
|v85_4_1_d0         |  out|   32|   ap_memory|       v85_4_1|         array|
|v85_4_2_address0   |  out|    8|   ap_memory|       v85_4_2|         array|
|v85_4_2_ce0        |  out|    1|   ap_memory|       v85_4_2|         array|
|v85_4_2_we0        |  out|    1|   ap_memory|       v85_4_2|         array|
|v85_4_2_d0         |  out|   32|   ap_memory|       v85_4_2|         array|
|v85_4_3_address0   |  out|    8|   ap_memory|       v85_4_3|         array|
|v85_4_3_ce0        |  out|    1|   ap_memory|       v85_4_3|         array|
|v85_4_3_we0        |  out|    1|   ap_memory|       v85_4_3|         array|
|v85_4_3_d0         |  out|   32|   ap_memory|       v85_4_3|         array|
|v85_4_4_address0   |  out|    8|   ap_memory|       v85_4_4|         array|
|v85_4_4_ce0        |  out|    1|   ap_memory|       v85_4_4|         array|
|v85_4_4_we0        |  out|    1|   ap_memory|       v85_4_4|         array|
|v85_4_4_d0         |  out|   32|   ap_memory|       v85_4_4|         array|
|v85_4_5_address0   |  out|    8|   ap_memory|       v85_4_5|         array|
|v85_4_5_ce0        |  out|    1|   ap_memory|       v85_4_5|         array|
|v85_4_5_we0        |  out|    1|   ap_memory|       v85_4_5|         array|
|v85_4_5_d0         |  out|   32|   ap_memory|       v85_4_5|         array|
|v85_4_6_address0   |  out|    8|   ap_memory|       v85_4_6|         array|
|v85_4_6_ce0        |  out|    1|   ap_memory|       v85_4_6|         array|
|v85_4_6_we0        |  out|    1|   ap_memory|       v85_4_6|         array|
|v85_4_6_d0         |  out|   32|   ap_memory|       v85_4_6|         array|
|v85_4_7_address0   |  out|    8|   ap_memory|       v85_4_7|         array|
|v85_4_7_ce0        |  out|    1|   ap_memory|       v85_4_7|         array|
|v85_4_7_we0        |  out|    1|   ap_memory|       v85_4_7|         array|
|v85_4_7_d0         |  out|   32|   ap_memory|       v85_4_7|         array|
|v85_4_8_address0   |  out|    8|   ap_memory|       v85_4_8|         array|
|v85_4_8_ce0        |  out|    1|   ap_memory|       v85_4_8|         array|
|v85_4_8_we0        |  out|    1|   ap_memory|       v85_4_8|         array|
|v85_4_8_d0         |  out|   32|   ap_memory|       v85_4_8|         array|
|v85_4_9_address0   |  out|    8|   ap_memory|       v85_4_9|         array|
|v85_4_9_ce0        |  out|    1|   ap_memory|       v85_4_9|         array|
|v85_4_9_we0        |  out|    1|   ap_memory|       v85_4_9|         array|
|v85_4_9_d0         |  out|   32|   ap_memory|       v85_4_9|         array|
|v85_4_10_address0  |  out|    8|   ap_memory|      v85_4_10|         array|
|v85_4_10_ce0       |  out|    1|   ap_memory|      v85_4_10|         array|
|v85_4_10_we0       |  out|    1|   ap_memory|      v85_4_10|         array|
|v85_4_10_d0        |  out|   32|   ap_memory|      v85_4_10|         array|
|v85_4_11_address0  |  out|    8|   ap_memory|      v85_4_11|         array|
|v85_4_11_ce0       |  out|    1|   ap_memory|      v85_4_11|         array|
|v85_4_11_we0       |  out|    1|   ap_memory|      v85_4_11|         array|
|v85_4_11_d0        |  out|   32|   ap_memory|      v85_4_11|         array|
|v85_4_12_address0  |  out|    8|   ap_memory|      v85_4_12|         array|
|v85_4_12_ce0       |  out|    1|   ap_memory|      v85_4_12|         array|
|v85_4_12_we0       |  out|    1|   ap_memory|      v85_4_12|         array|
|v85_4_12_d0        |  out|   32|   ap_memory|      v85_4_12|         array|
|v85_4_13_address0  |  out|    8|   ap_memory|      v85_4_13|         array|
|v85_4_13_ce0       |  out|    1|   ap_memory|      v85_4_13|         array|
|v85_4_13_we0       |  out|    1|   ap_memory|      v85_4_13|         array|
|v85_4_13_d0        |  out|   32|   ap_memory|      v85_4_13|         array|
|v85_4_14_address0  |  out|    8|   ap_memory|      v85_4_14|         array|
|v85_4_14_ce0       |  out|    1|   ap_memory|      v85_4_14|         array|
|v85_4_14_we0       |  out|    1|   ap_memory|      v85_4_14|         array|
|v85_4_14_d0        |  out|   32|   ap_memory|      v85_4_14|         array|
|v85_4_15_address0  |  out|    8|   ap_memory|      v85_4_15|         array|
|v85_4_15_ce0       |  out|    1|   ap_memory|      v85_4_15|         array|
|v85_4_15_we0       |  out|    1|   ap_memory|      v85_4_15|         array|
|v85_4_15_d0        |  out|   32|   ap_memory|      v85_4_15|         array|
|v85_5_0_address0   |  out|    8|   ap_memory|       v85_5_0|         array|
|v85_5_0_ce0        |  out|    1|   ap_memory|       v85_5_0|         array|
|v85_5_0_we0        |  out|    1|   ap_memory|       v85_5_0|         array|
|v85_5_0_d0         |  out|   32|   ap_memory|       v85_5_0|         array|
|v85_5_1_address0   |  out|    8|   ap_memory|       v85_5_1|         array|
|v85_5_1_ce0        |  out|    1|   ap_memory|       v85_5_1|         array|
|v85_5_1_we0        |  out|    1|   ap_memory|       v85_5_1|         array|
|v85_5_1_d0         |  out|   32|   ap_memory|       v85_5_1|         array|
|v85_5_2_address0   |  out|    8|   ap_memory|       v85_5_2|         array|
|v85_5_2_ce0        |  out|    1|   ap_memory|       v85_5_2|         array|
|v85_5_2_we0        |  out|    1|   ap_memory|       v85_5_2|         array|
|v85_5_2_d0         |  out|   32|   ap_memory|       v85_5_2|         array|
|v85_5_3_address0   |  out|    8|   ap_memory|       v85_5_3|         array|
|v85_5_3_ce0        |  out|    1|   ap_memory|       v85_5_3|         array|
|v85_5_3_we0        |  out|    1|   ap_memory|       v85_5_3|         array|
|v85_5_3_d0         |  out|   32|   ap_memory|       v85_5_3|         array|
|v85_5_4_address0   |  out|    8|   ap_memory|       v85_5_4|         array|
|v85_5_4_ce0        |  out|    1|   ap_memory|       v85_5_4|         array|
|v85_5_4_we0        |  out|    1|   ap_memory|       v85_5_4|         array|
|v85_5_4_d0         |  out|   32|   ap_memory|       v85_5_4|         array|
|v85_5_5_address0   |  out|    8|   ap_memory|       v85_5_5|         array|
|v85_5_5_ce0        |  out|    1|   ap_memory|       v85_5_5|         array|
|v85_5_5_we0        |  out|    1|   ap_memory|       v85_5_5|         array|
|v85_5_5_d0         |  out|   32|   ap_memory|       v85_5_5|         array|
|v85_5_6_address0   |  out|    8|   ap_memory|       v85_5_6|         array|
|v85_5_6_ce0        |  out|    1|   ap_memory|       v85_5_6|         array|
|v85_5_6_we0        |  out|    1|   ap_memory|       v85_5_6|         array|
|v85_5_6_d0         |  out|   32|   ap_memory|       v85_5_6|         array|
|v85_5_7_address0   |  out|    8|   ap_memory|       v85_5_7|         array|
|v85_5_7_ce0        |  out|    1|   ap_memory|       v85_5_7|         array|
|v85_5_7_we0        |  out|    1|   ap_memory|       v85_5_7|         array|
|v85_5_7_d0         |  out|   32|   ap_memory|       v85_5_7|         array|
|v85_5_8_address0   |  out|    8|   ap_memory|       v85_5_8|         array|
|v85_5_8_ce0        |  out|    1|   ap_memory|       v85_5_8|         array|
|v85_5_8_we0        |  out|    1|   ap_memory|       v85_5_8|         array|
|v85_5_8_d0         |  out|   32|   ap_memory|       v85_5_8|         array|
|v85_5_9_address0   |  out|    8|   ap_memory|       v85_5_9|         array|
|v85_5_9_ce0        |  out|    1|   ap_memory|       v85_5_9|         array|
|v85_5_9_we0        |  out|    1|   ap_memory|       v85_5_9|         array|
|v85_5_9_d0         |  out|   32|   ap_memory|       v85_5_9|         array|
|v85_5_10_address0  |  out|    8|   ap_memory|      v85_5_10|         array|
|v85_5_10_ce0       |  out|    1|   ap_memory|      v85_5_10|         array|
|v85_5_10_we0       |  out|    1|   ap_memory|      v85_5_10|         array|
|v85_5_10_d0        |  out|   32|   ap_memory|      v85_5_10|         array|
|v85_5_11_address0  |  out|    8|   ap_memory|      v85_5_11|         array|
|v85_5_11_ce0       |  out|    1|   ap_memory|      v85_5_11|         array|
|v85_5_11_we0       |  out|    1|   ap_memory|      v85_5_11|         array|
|v85_5_11_d0        |  out|   32|   ap_memory|      v85_5_11|         array|
|v85_5_12_address0  |  out|    8|   ap_memory|      v85_5_12|         array|
|v85_5_12_ce0       |  out|    1|   ap_memory|      v85_5_12|         array|
|v85_5_12_we0       |  out|    1|   ap_memory|      v85_5_12|         array|
|v85_5_12_d0        |  out|   32|   ap_memory|      v85_5_12|         array|
|v85_5_13_address0  |  out|    8|   ap_memory|      v85_5_13|         array|
|v85_5_13_ce0       |  out|    1|   ap_memory|      v85_5_13|         array|
|v85_5_13_we0       |  out|    1|   ap_memory|      v85_5_13|         array|
|v85_5_13_d0        |  out|   32|   ap_memory|      v85_5_13|         array|
|v85_5_14_address0  |  out|    8|   ap_memory|      v85_5_14|         array|
|v85_5_14_ce0       |  out|    1|   ap_memory|      v85_5_14|         array|
|v85_5_14_we0       |  out|    1|   ap_memory|      v85_5_14|         array|
|v85_5_14_d0        |  out|   32|   ap_memory|      v85_5_14|         array|
|v85_5_15_address0  |  out|    8|   ap_memory|      v85_5_15|         array|
|v85_5_15_ce0       |  out|    1|   ap_memory|      v85_5_15|         array|
|v85_5_15_we0       |  out|    1|   ap_memory|      v85_5_15|         array|
|v85_5_15_d0        |  out|   32|   ap_memory|      v85_5_15|         array|
|v85_6_0_address0   |  out|    8|   ap_memory|       v85_6_0|         array|
|v85_6_0_ce0        |  out|    1|   ap_memory|       v85_6_0|         array|
|v85_6_0_we0        |  out|    1|   ap_memory|       v85_6_0|         array|
|v85_6_0_d0         |  out|   32|   ap_memory|       v85_6_0|         array|
|v85_6_1_address0   |  out|    8|   ap_memory|       v85_6_1|         array|
|v85_6_1_ce0        |  out|    1|   ap_memory|       v85_6_1|         array|
|v85_6_1_we0        |  out|    1|   ap_memory|       v85_6_1|         array|
|v85_6_1_d0         |  out|   32|   ap_memory|       v85_6_1|         array|
|v85_6_2_address0   |  out|    8|   ap_memory|       v85_6_2|         array|
|v85_6_2_ce0        |  out|    1|   ap_memory|       v85_6_2|         array|
|v85_6_2_we0        |  out|    1|   ap_memory|       v85_6_2|         array|
|v85_6_2_d0         |  out|   32|   ap_memory|       v85_6_2|         array|
|v85_6_3_address0   |  out|    8|   ap_memory|       v85_6_3|         array|
|v85_6_3_ce0        |  out|    1|   ap_memory|       v85_6_3|         array|
|v85_6_3_we0        |  out|    1|   ap_memory|       v85_6_3|         array|
|v85_6_3_d0         |  out|   32|   ap_memory|       v85_6_3|         array|
|v85_6_4_address0   |  out|    8|   ap_memory|       v85_6_4|         array|
|v85_6_4_ce0        |  out|    1|   ap_memory|       v85_6_4|         array|
|v85_6_4_we0        |  out|    1|   ap_memory|       v85_6_4|         array|
|v85_6_4_d0         |  out|   32|   ap_memory|       v85_6_4|         array|
|v85_6_5_address0   |  out|    8|   ap_memory|       v85_6_5|         array|
|v85_6_5_ce0        |  out|    1|   ap_memory|       v85_6_5|         array|
|v85_6_5_we0        |  out|    1|   ap_memory|       v85_6_5|         array|
|v85_6_5_d0         |  out|   32|   ap_memory|       v85_6_5|         array|
|v85_6_6_address0   |  out|    8|   ap_memory|       v85_6_6|         array|
|v85_6_6_ce0        |  out|    1|   ap_memory|       v85_6_6|         array|
|v85_6_6_we0        |  out|    1|   ap_memory|       v85_6_6|         array|
|v85_6_6_d0         |  out|   32|   ap_memory|       v85_6_6|         array|
|v85_6_7_address0   |  out|    8|   ap_memory|       v85_6_7|         array|
|v85_6_7_ce0        |  out|    1|   ap_memory|       v85_6_7|         array|
|v85_6_7_we0        |  out|    1|   ap_memory|       v85_6_7|         array|
|v85_6_7_d0         |  out|   32|   ap_memory|       v85_6_7|         array|
|v85_6_8_address0   |  out|    8|   ap_memory|       v85_6_8|         array|
|v85_6_8_ce0        |  out|    1|   ap_memory|       v85_6_8|         array|
|v85_6_8_we0        |  out|    1|   ap_memory|       v85_6_8|         array|
|v85_6_8_d0         |  out|   32|   ap_memory|       v85_6_8|         array|
|v85_6_9_address0   |  out|    8|   ap_memory|       v85_6_9|         array|
|v85_6_9_ce0        |  out|    1|   ap_memory|       v85_6_9|         array|
|v85_6_9_we0        |  out|    1|   ap_memory|       v85_6_9|         array|
|v85_6_9_d0         |  out|   32|   ap_memory|       v85_6_9|         array|
|v85_6_10_address0  |  out|    8|   ap_memory|      v85_6_10|         array|
|v85_6_10_ce0       |  out|    1|   ap_memory|      v85_6_10|         array|
|v85_6_10_we0       |  out|    1|   ap_memory|      v85_6_10|         array|
|v85_6_10_d0        |  out|   32|   ap_memory|      v85_6_10|         array|
|v85_6_11_address0  |  out|    8|   ap_memory|      v85_6_11|         array|
|v85_6_11_ce0       |  out|    1|   ap_memory|      v85_6_11|         array|
|v85_6_11_we0       |  out|    1|   ap_memory|      v85_6_11|         array|
|v85_6_11_d0        |  out|   32|   ap_memory|      v85_6_11|         array|
|v85_6_12_address0  |  out|    8|   ap_memory|      v85_6_12|         array|
|v85_6_12_ce0       |  out|    1|   ap_memory|      v85_6_12|         array|
|v85_6_12_we0       |  out|    1|   ap_memory|      v85_6_12|         array|
|v85_6_12_d0        |  out|   32|   ap_memory|      v85_6_12|         array|
|v85_6_13_address0  |  out|    8|   ap_memory|      v85_6_13|         array|
|v85_6_13_ce0       |  out|    1|   ap_memory|      v85_6_13|         array|
|v85_6_13_we0       |  out|    1|   ap_memory|      v85_6_13|         array|
|v85_6_13_d0        |  out|   32|   ap_memory|      v85_6_13|         array|
|v85_6_14_address0  |  out|    8|   ap_memory|      v85_6_14|         array|
|v85_6_14_ce0       |  out|    1|   ap_memory|      v85_6_14|         array|
|v85_6_14_we0       |  out|    1|   ap_memory|      v85_6_14|         array|
|v85_6_14_d0        |  out|   32|   ap_memory|      v85_6_14|         array|
|v85_6_15_address0  |  out|    8|   ap_memory|      v85_6_15|         array|
|v85_6_15_ce0       |  out|    1|   ap_memory|      v85_6_15|         array|
|v85_6_15_we0       |  out|    1|   ap_memory|      v85_6_15|         array|
|v85_6_15_d0        |  out|   32|   ap_memory|      v85_6_15|         array|
|v85_7_0_address0   |  out|    8|   ap_memory|       v85_7_0|         array|
|v85_7_0_ce0        |  out|    1|   ap_memory|       v85_7_0|         array|
|v85_7_0_we0        |  out|    1|   ap_memory|       v85_7_0|         array|
|v85_7_0_d0         |  out|   32|   ap_memory|       v85_7_0|         array|
|v85_7_1_address0   |  out|    8|   ap_memory|       v85_7_1|         array|
|v85_7_1_ce0        |  out|    1|   ap_memory|       v85_7_1|         array|
|v85_7_1_we0        |  out|    1|   ap_memory|       v85_7_1|         array|
|v85_7_1_d0         |  out|   32|   ap_memory|       v85_7_1|         array|
|v85_7_2_address0   |  out|    8|   ap_memory|       v85_7_2|         array|
|v85_7_2_ce0        |  out|    1|   ap_memory|       v85_7_2|         array|
|v85_7_2_we0        |  out|    1|   ap_memory|       v85_7_2|         array|
|v85_7_2_d0         |  out|   32|   ap_memory|       v85_7_2|         array|
|v85_7_3_address0   |  out|    8|   ap_memory|       v85_7_3|         array|
|v85_7_3_ce0        |  out|    1|   ap_memory|       v85_7_3|         array|
|v85_7_3_we0        |  out|    1|   ap_memory|       v85_7_3|         array|
|v85_7_3_d0         |  out|   32|   ap_memory|       v85_7_3|         array|
|v85_7_4_address0   |  out|    8|   ap_memory|       v85_7_4|         array|
|v85_7_4_ce0        |  out|    1|   ap_memory|       v85_7_4|         array|
|v85_7_4_we0        |  out|    1|   ap_memory|       v85_7_4|         array|
|v85_7_4_d0         |  out|   32|   ap_memory|       v85_7_4|         array|
|v85_7_5_address0   |  out|    8|   ap_memory|       v85_7_5|         array|
|v85_7_5_ce0        |  out|    1|   ap_memory|       v85_7_5|         array|
|v85_7_5_we0        |  out|    1|   ap_memory|       v85_7_5|         array|
|v85_7_5_d0         |  out|   32|   ap_memory|       v85_7_5|         array|
|v85_7_6_address0   |  out|    8|   ap_memory|       v85_7_6|         array|
|v85_7_6_ce0        |  out|    1|   ap_memory|       v85_7_6|         array|
|v85_7_6_we0        |  out|    1|   ap_memory|       v85_7_6|         array|
|v85_7_6_d0         |  out|   32|   ap_memory|       v85_7_6|         array|
|v85_7_7_address0   |  out|    8|   ap_memory|       v85_7_7|         array|
|v85_7_7_ce0        |  out|    1|   ap_memory|       v85_7_7|         array|
|v85_7_7_we0        |  out|    1|   ap_memory|       v85_7_7|         array|
|v85_7_7_d0         |  out|   32|   ap_memory|       v85_7_7|         array|
|v85_7_8_address0   |  out|    8|   ap_memory|       v85_7_8|         array|
|v85_7_8_ce0        |  out|    1|   ap_memory|       v85_7_8|         array|
|v85_7_8_we0        |  out|    1|   ap_memory|       v85_7_8|         array|
|v85_7_8_d0         |  out|   32|   ap_memory|       v85_7_8|         array|
|v85_7_9_address0   |  out|    8|   ap_memory|       v85_7_9|         array|
|v85_7_9_ce0        |  out|    1|   ap_memory|       v85_7_9|         array|
|v85_7_9_we0        |  out|    1|   ap_memory|       v85_7_9|         array|
|v85_7_9_d0         |  out|   32|   ap_memory|       v85_7_9|         array|
|v85_7_10_address0  |  out|    8|   ap_memory|      v85_7_10|         array|
|v85_7_10_ce0       |  out|    1|   ap_memory|      v85_7_10|         array|
|v85_7_10_we0       |  out|    1|   ap_memory|      v85_7_10|         array|
|v85_7_10_d0        |  out|   32|   ap_memory|      v85_7_10|         array|
|v85_7_11_address0  |  out|    8|   ap_memory|      v85_7_11|         array|
|v85_7_11_ce0       |  out|    1|   ap_memory|      v85_7_11|         array|
|v85_7_11_we0       |  out|    1|   ap_memory|      v85_7_11|         array|
|v85_7_11_d0        |  out|   32|   ap_memory|      v85_7_11|         array|
|v85_7_12_address0  |  out|    8|   ap_memory|      v85_7_12|         array|
|v85_7_12_ce0       |  out|    1|   ap_memory|      v85_7_12|         array|
|v85_7_12_we0       |  out|    1|   ap_memory|      v85_7_12|         array|
|v85_7_12_d0        |  out|   32|   ap_memory|      v85_7_12|         array|
|v85_7_13_address0  |  out|    8|   ap_memory|      v85_7_13|         array|
|v85_7_13_ce0       |  out|    1|   ap_memory|      v85_7_13|         array|
|v85_7_13_we0       |  out|    1|   ap_memory|      v85_7_13|         array|
|v85_7_13_d0        |  out|   32|   ap_memory|      v85_7_13|         array|
|v85_7_14_address0  |  out|    8|   ap_memory|      v85_7_14|         array|
|v85_7_14_ce0       |  out|    1|   ap_memory|      v85_7_14|         array|
|v85_7_14_we0       |  out|    1|   ap_memory|      v85_7_14|         array|
|v85_7_14_d0        |  out|   32|   ap_memory|      v85_7_14|         array|
|v85_7_15_address0  |  out|    8|   ap_memory|      v85_7_15|         array|
|v85_7_15_ce0       |  out|    1|   ap_memory|      v85_7_15|         array|
|v85_7_15_we0       |  out|    1|   ap_memory|      v85_7_15|         array|
|v85_7_15_d0        |  out|   32|   ap_memory|      v85_7_15|         array|
+-------------------+-----+-----+------------+--------------+--------------+

