

================================================================
== Vitis HLS Report for 'node18'
================================================================
* Date:           Wed Sep 25 13:00:10 2024

* Version:        2023.2 (Build 4023990 on Oct 11 2023)
* Project:        hls_Autoencoder
* Solution:       solution1 (Vivado IP Flow Target)
* Product family: virtexuplusHBM
* Target device:  xcu280-fsvh2892-2L-e


================================================================
== Performance Estimates
================================================================
+ Timing: 
    * Summary: 
    +--------+---------+----------+------------+
    |  Clock |  Target | Estimated| Uncertainty|
    +--------+---------+----------+------------+
    |ap_clk  |  3.33 ns|  2.480 ns|     0.90 ns|
    +--------+---------+----------+------------+

+ Latency: 
    * Summary: 
    +---------+---------+----------+----------+--------+--------+---------+
    |  Latency (cycles) |  Latency (absolute) |     Interval    | Pipeline|
    |   min   |   max   |    min   |    max   |   min  |   max  |   Type  |
    +---------+---------+----------+----------+--------+--------+---------+
    |   100357|   100357|  0.334 ms|  0.334 ms|  100357|  100357|       no|
    +---------+---------+----------+----------+--------+--------+---------+

    + Detail: 
        * Instance: 
        N/A

        * Loop: 
        +-----------------+---------+---------+----------+-----------+-----------+------+----------+
        |                 |  Latency (cycles) | Iteration|  Initiation Interval  | Trip |          |
        |    Loop Name    |   min   |   max   |  Latency |  achieved |   target  | Count| Pipelined|
        +-----------------+---------+---------+----------+-----------+-----------+------+----------+
        |- loop84_loop85  |   100355|   100355|        68|         64|          1|  1568|       yes|
        +-----------------+---------+---------+----------+-----------+-----------+------+----------+



================================================================
== Utilization Estimates
================================================================
* Summary: 
+---------------------+---------+------+---------+---------+-----+
|         Name        | BRAM_18K|  DSP |    FF   |   LUT   | URAM|
+---------------------+---------+------+---------+---------+-----+
|DSP                  |        -|     -|        -|        -|    -|
|Expression           |        -|     -|        0|     3506|    -|
|FIFO                 |        -|     -|        -|        -|    -|
|Instance             |        -|     8|        0|       48|    -|
|Memory               |        -|     -|        -|        -|    -|
|Multiplexer          |        -|     -|        -|     2079|    -|
|Register             |        -|     -|     4588|        -|    -|
+---------------------+---------+------+---------+---------+-----+
|Total                |        0|     8|     4588|     5633|    0|
+---------------------+---------+------+---------+---------+-----+
|Available SLR        |     1344|  3008|   869120|   434560|  320|
+---------------------+---------+------+---------+---------+-----+
|Utilization SLR (%)  |        0|    ~0|       ~0|        1|    0|
+---------------------+---------+------+---------+---------+-----+
|Available            |     4032|  9024|  2607360|  1303680|  960|
+---------------------+---------+------+---------+---------+-----+
|Utilization (%)      |        0|    ~0|       ~0|       ~0|    0|
+---------------------+---------+------+---------+---------+-----+

+ Detail: 
    * Instance: 
    +------------------------+---------------------+---------+----+---+----+-----+
    |        Instance        |        Module       | BRAM_18K| DSP| FF| LUT| URAM|
    +------------------------+---------------------+---------+----+---+----+-----+
    |mul_8ns_11ns_18_1_1_U1  |mul_8ns_11ns_18_1_1  |        0|   1|  0|   6|    0|
    |mul_8ns_11ns_18_1_1_U2  |mul_8ns_11ns_18_1_1  |        0|   1|  0|   6|    0|
    |mul_8ns_11ns_18_1_1_U3  |mul_8ns_11ns_18_1_1  |        0|   1|  0|   6|    0|
    |mul_8ns_11ns_18_1_1_U4  |mul_8ns_11ns_18_1_1  |        0|   1|  0|   6|    0|
    |mul_8ns_11ns_18_1_1_U5  |mul_8ns_11ns_18_1_1  |        0|   1|  0|   6|    0|
    |mul_8ns_11ns_18_1_1_U6  |mul_8ns_11ns_18_1_1  |        0|   1|  0|   6|    0|
    |mul_8ns_11ns_18_1_1_U7  |mul_8ns_11ns_18_1_1  |        0|   1|  0|   6|    0|
    |mul_8ns_11ns_18_1_1_U8  |mul_8ns_11ns_18_1_1  |        0|   1|  0|   6|    0|
    +------------------------+---------------------+---------+----+---+----+-----+
    |Total                   |                     |        0|   8|  0|  48|    0|
    +------------------------+---------------------+---------+----+---+----+-----+

    * DSP: 
    N/A

    * Memory: 
    N/A

    * FIFO: 
    N/A

    * Expression: 
    +-----------------------------------+----------+----+---+----+------------+------------+
    |           Variable Name           | Operation| DSP| FF| LUT| Bitwidth P0| Bitwidth P1|
    +-----------------------------------+----------+----+---+----+------------+------------+
    |add_ln561_1_fu_2317_p2             |         +|   0|  0|  18|          11|           1|
    |add_ln561_fu_2363_p2               |         +|   0|  0|  13|           6|           1|
    |add_ln562_fu_2344_p2               |         +|   0|  0|  13|           6|           1|
    |add_ln567_100_fu_2901_p2           |         +|   0|  0|  25|          18|          18|
    |add_ln567_101_fu_2984_p2           |         +|   0|  0|  25|          18|          18|
    |add_ln567_102_fu_3067_p2           |         +|   0|  0|  25|          18|          18|
    |add_ln567_103_fu_3150_p2           |         +|   0|  0|  25|          18|          18|
    |add_ln567_104_fu_3233_p2           |         +|   0|  0|  25|          18|          18|
    |add_ln567_105_fu_3316_p2           |         +|   0|  0|  25|          18|          18|
    |add_ln567_106_fu_3399_p2           |         +|   0|  0|  25|          18|          18|
    |add_ln567_107_fu_3482_p2           |         +|   0|  0|  25|          18|          18|
    |add_ln567_108_fu_3565_p2           |         +|   0|  0|  25|          18|          18|
    |add_ln567_109_fu_3648_p2           |         +|   0|  0|  25|          18|          18|
    |add_ln567_10_fu_3343_p2            |         +|   0|  0|  25|          18|          18|
    |add_ln567_110_fu_3770_p2           |         +|   0|  0|  25|          18|          18|
    |add_ln567_111_fu_3779_p2           |         +|   0|  0|  25|          18|          18|
    |add_ln567_112_fu_2652_p2           |         +|   0|  0|  25|          18|          18|
    |add_ln567_113_fu_2661_p2           |         +|   0|  0|  25|          18|          18|
    |add_ln567_114_fu_2744_p2           |         +|   0|  0|  25|          18|          18|
    |add_ln567_115_fu_2827_p2           |         +|   0|  0|  25|          18|          18|
    |add_ln567_116_fu_2910_p2           |         +|   0|  0|  25|          18|          18|
    |add_ln567_117_fu_2993_p2           |         +|   0|  0|  25|          18|          18|
    |add_ln567_118_fu_3076_p2           |         +|   0|  0|  25|          18|          18|
    |add_ln567_119_fu_3159_p2           |         +|   0|  0|  25|          18|          18|
    |add_ln567_11_fu_3426_p2            |         +|   0|  0|  25|          18|          18|
    |add_ln567_120_fu_3242_p2           |         +|   0|  0|  25|          18|          18|
    |add_ln567_121_fu_3325_p2           |         +|   0|  0|  25|          18|          18|
    |add_ln567_122_fu_3408_p2           |         +|   0|  0|  25|          18|          18|
    |add_ln567_123_fu_3491_p2           |         +|   0|  0|  25|          18|          18|
    |add_ln567_124_fu_3574_p2           |         +|   0|  0|  25|          18|          18|
    |add_ln567_125_fu_3657_p2           |         +|   0|  0|  25|          18|          18|
    |add_ln567_126_fu_3784_p2           |         +|   0|  0|  25|          18|          18|
    |add_ln567_127_fu_3793_p2           |         +|   0|  0|  25|          18|          18|
    |add_ln567_12_fu_3509_p2            |         +|   0|  0|  25|          18|          18|
    |add_ln567_13_fu_3592_p2            |         +|   0|  0|  25|          18|          18|
    |add_ln567_14_fu_3675_p2            |         +|   0|  0|  25|          18|          18|
    |add_ln567_15_fu_3740_p2            |         +|   0|  0|  25|          18|          18|
    |add_ln567_16_fu_2454_p2            |         +|   0|  0|  25|          18|          18|
    |add_ln567_17_fu_2463_p2            |         +|   0|  0|  25|          18|          18|
    |add_ln567_18_fu_2689_p2            |         +|   0|  0|  25|          18|          18|
    |add_ln567_19_fu_2772_p2            |         +|   0|  0|  25|          18|          18|
    |add_ln567_1_fu_2429_p2             |         +|   0|  0|  25|          18|          18|
    |add_ln567_20_fu_2855_p2            |         +|   0|  0|  25|          18|          18|
    |add_ln567_21_fu_2938_p2            |         +|   0|  0|  25|          18|          18|
    |add_ln567_22_fu_3021_p2            |         +|   0|  0|  25|          18|          18|
    |add_ln567_23_fu_3104_p2            |         +|   0|  0|  25|          18|          18|
    |add_ln567_24_fu_3187_p2            |         +|   0|  0|  25|          18|          18|
    |add_ln567_25_fu_3270_p2            |         +|   0|  0|  25|          18|          18|
    |add_ln567_26_fu_3353_p2            |         +|   0|  0|  25|          18|          18|
    |add_ln567_27_fu_3436_p2            |         +|   0|  0|  25|          18|          18|
    |add_ln567_28_fu_3519_p2            |         +|   0|  0|  25|          18|          18|
    |add_ln567_29_fu_3602_p2            |         +|   0|  0|  25|          18|          18|
    |add_ln567_2_fu_2679_p2             |         +|   0|  0|  25|          18|          18|
    |add_ln567_30_fu_3685_p2            |         +|   0|  0|  25|          18|          18|
    |add_ln567_31_fu_3745_p2            |         +|   0|  0|  25|          18|          18|
    |add_ln567_32_fu_2487_p2            |         +|   0|  0|  25|          18|          18|
    |add_ln567_33_fu_2496_p2            |         +|   0|  0|  25|          18|          18|
    |add_ln567_34_fu_2699_p2            |         +|   0|  0|  25|          18|          18|
    |add_ln567_35_fu_2782_p2            |         +|   0|  0|  25|          18|          18|
    |add_ln567_36_fu_2865_p2            |         +|   0|  0|  25|          18|          18|
    |add_ln567_37_fu_2948_p2            |         +|   0|  0|  25|          18|          18|
    |add_ln567_38_fu_3031_p2            |         +|   0|  0|  25|          18|          18|
    |add_ln567_39_fu_3114_p2            |         +|   0|  0|  25|          18|          18|
    |add_ln567_3_fu_2762_p2             |         +|   0|  0|  25|          18|          18|
    |add_ln567_40_fu_3197_p2            |         +|   0|  0|  25|          18|          18|
    |add_ln567_41_fu_3280_p2            |         +|   0|  0|  25|          18|          18|
    |add_ln567_42_fu_3363_p2            |         +|   0|  0|  25|          18|          18|
    |add_ln567_43_fu_3446_p2            |         +|   0|  0|  25|          18|          18|
    |add_ln567_44_fu_3529_p2            |         +|   0|  0|  25|          18|          18|
    |add_ln567_45_fu_3612_p2            |         +|   0|  0|  25|          18|          18|
    |add_ln567_46_fu_3695_p2            |         +|   0|  0|  25|          18|          18|
    |add_ln567_47_fu_3750_p2            |         +|   0|  0|  25|          18|          18|
    |add_ln567_48_fu_2520_p2            |         +|   0|  0|  25|          18|          18|
    |add_ln567_49_fu_2529_p2            |         +|   0|  0|  25|          18|          18|
    |add_ln567_4_fu_2845_p2             |         +|   0|  0|  25|          18|          18|
    |add_ln567_50_fu_2708_p2            |         +|   0|  0|  25|          18|          18|
    |add_ln567_51_fu_2791_p2            |         +|   0|  0|  25|          18|          18|
    |add_ln567_52_fu_2874_p2            |         +|   0|  0|  25|          18|          18|
    |add_ln567_53_fu_2957_p2            |         +|   0|  0|  25|          18|          18|
    |add_ln567_54_fu_3040_p2            |         +|   0|  0|  25|          18|          18|
    |add_ln567_55_fu_3123_p2            |         +|   0|  0|  25|          18|          18|
    |add_ln567_56_fu_3206_p2            |         +|   0|  0|  25|          18|          18|
    |add_ln567_57_fu_3289_p2            |         +|   0|  0|  25|          18|          18|
    |add_ln567_58_fu_3372_p2            |         +|   0|  0|  25|          18|          18|
    |add_ln567_59_fu_3455_p2            |         +|   0|  0|  25|          18|          18|
    |add_ln567_5_fu_2928_p2             |         +|   0|  0|  25|          18|          18|
    |add_ln567_60_fu_3538_p2            |         +|   0|  0|  25|          18|          18|
    |add_ln567_61_fu_3621_p2            |         +|   0|  0|  25|          18|          18|
    |add_ln567_62_fu_3704_p2            |         +|   0|  0|  25|          18|          18|
    |add_ln567_63_fu_3755_p2            |         +|   0|  0|  25|          18|          18|
    |add_ln567_64_fu_2553_p2            |         +|   0|  0|  25|          18|          18|
    |add_ln567_65_fu_2562_p2            |         +|   0|  0|  25|          18|          18|
    |add_ln567_66_fu_2717_p2            |         +|   0|  0|  25|          18|          18|
    |add_ln567_67_fu_2800_p2            |         +|   0|  0|  25|          18|          18|
    |add_ln567_68_fu_2883_p2            |         +|   0|  0|  25|          18|          18|
    |add_ln567_69_fu_2966_p2            |         +|   0|  0|  25|          18|          18|
    |add_ln567_6_fu_3011_p2             |         +|   0|  0|  25|          18|          18|
    |add_ln567_70_fu_3049_p2            |         +|   0|  0|  25|          18|          18|
    |add_ln567_71_fu_3132_p2            |         +|   0|  0|  25|          18|          18|
    |add_ln567_72_fu_3215_p2            |         +|   0|  0|  25|          18|          18|
    |add_ln567_73_fu_3298_p2            |         +|   0|  0|  25|          18|          18|
    |add_ln567_74_fu_3381_p2            |         +|   0|  0|  25|          18|          18|
    |add_ln567_75_fu_3464_p2            |         +|   0|  0|  25|          18|          18|
    |add_ln567_76_fu_3547_p2            |         +|   0|  0|  25|          18|          18|
    |add_ln567_77_fu_3630_p2            |         +|   0|  0|  25|          18|          18|
    |add_ln567_78_fu_3713_p2            |         +|   0|  0|  25|          18|          18|
    |add_ln567_79_fu_3760_p2            |         +|   0|  0|  25|          18|          18|
    |add_ln567_7_fu_3094_p2             |         +|   0|  0|  25|          18|          18|
    |add_ln567_80_fu_2586_p2            |         +|   0|  0|  25|          18|          18|
    |add_ln567_81_fu_2595_p2            |         +|   0|  0|  25|          18|          18|
    |add_ln567_82_fu_2726_p2            |         +|   0|  0|  25|          18|          18|
    |add_ln567_83_fu_2809_p2            |         +|   0|  0|  25|          18|          18|
    |add_ln567_84_fu_2892_p2            |         +|   0|  0|  25|          18|          18|
    |add_ln567_85_fu_2975_p2            |         +|   0|  0|  25|          18|          18|
    |add_ln567_86_fu_3058_p2            |         +|   0|  0|  25|          18|          18|
    |add_ln567_87_fu_3141_p2            |         +|   0|  0|  25|          18|          18|
    |add_ln567_88_fu_3224_p2            |         +|   0|  0|  25|          18|          18|
    |add_ln567_89_fu_3307_p2            |         +|   0|  0|  25|          18|          18|
    |add_ln567_8_fu_3177_p2             |         +|   0|  0|  25|          18|          18|
    |add_ln567_90_fu_3390_p2            |         +|   0|  0|  25|          18|          18|
    |add_ln567_91_fu_3473_p2            |         +|   0|  0|  25|          18|          18|
    |add_ln567_92_fu_3556_p2            |         +|   0|  0|  25|          18|          18|
    |add_ln567_93_fu_3639_p2            |         +|   0|  0|  25|          18|          18|
    |add_ln567_94_fu_3722_p2            |         +|   0|  0|  25|          18|          18|
    |add_ln567_95_fu_3765_p2            |         +|   0|  0|  25|          18|          18|
    |add_ln567_96_fu_2619_p2            |         +|   0|  0|  25|          18|          18|
    |add_ln567_97_fu_2628_p2            |         +|   0|  0|  25|          18|          18|
    |add_ln567_98_fu_2735_p2            |         +|   0|  0|  25|          18|          18|
    |add_ln567_99_fu_2818_p2            |         +|   0|  0|  25|          18|          18|
    |add_ln567_9_fu_3260_p2             |         +|   0|  0|  25|          18|          18|
    |add_ln567_fu_2419_p2               |         +|   0|  0|  25|          18|          18|
    |ap_block_pp0_stage0_11001          |       and|   0|  0|   2|           1|           1|
    |ap_block_pp0_stage3_01001          |       and|   0|  0|   2|           1|           1|
    |ap_condition_2899                  |       and|   0|  0|   2|           1|           1|
    |ap_condition_2912                  |       and|   0|  0|   2|           1|           1|
    |icmp_ln561_fu_2311_p2              |      icmp|   0|  0|  18|          11|          10|
    |icmp_ln562_fu_2326_p2              |      icmp|   0|  0|  14|           6|           7|
    |ap_block_state68_pp0_stage3_iter1  |        or|   0|  0|   2|           1|           1|
    |empty_143_fu_2670_p2               |        or|   0|  0|  10|          10|           2|
    |empty_144_fu_2753_p2               |        or|   0|  0|  10|          10|           2|
    |empty_145_fu_2836_p2               |        or|   0|  0|  10|          10|           3|
    |empty_146_fu_2919_p2               |        or|   0|  0|  10|          10|           3|
    |empty_147_fu_3002_p2               |        or|   0|  0|  10|          10|           3|
    |empty_148_fu_3085_p2               |        or|   0|  0|  10|          10|           3|
    |empty_149_fu_3168_p2               |        or|   0|  0|  10|          10|           4|
    |empty_150_fu_3251_p2               |        or|   0|  0|  10|          10|           4|
    |empty_151_fu_3334_p2               |        or|   0|  0|  10|          10|           4|
    |empty_152_fu_3417_p2               |        or|   0|  0|  10|          10|           4|
    |empty_153_fu_3500_p2               |        or|   0|  0|  10|          10|           4|
    |empty_154_fu_3583_p2               |        or|   0|  0|  10|          10|           4|
    |empty_155_fu_3666_p2               |        or|   0|  0|  10|          10|           4|
    |empty_156_fu_3731_p2               |        or|   0|  0|  10|          10|           4|
    |empty_fu_2409_p2                   |        or|   0|  0|  10|          10|           1|
    |or_ln567_1_fu_2472_p2              |        or|   0|  0|   8|           8|           2|
    |or_ln567_2_fu_2505_p2              |        or|   0|  0|   8|           8|           2|
    |or_ln567_3_fu_2538_p2              |        or|   0|  0|   8|           8|           3|
    |or_ln567_4_fu_2571_p2              |        or|   0|  0|   8|           8|           3|
    |or_ln567_5_fu_2604_p2              |        or|   0|  0|   8|           8|           3|
    |or_ln567_6_fu_2637_p2              |        or|   0|  0|   8|           8|           3|
    |or_ln567_fu_2439_p2                |        or|   0|  0|   8|           8|           1|
    |select_ln561_1_fu_2369_p3          |    select|   0|  0|   6|           1|           6|
    |select_ln561_fu_2332_p3            |    select|   0|  0|   6|           1|           1|
    |ap_enable_pp0                      |       xor|   0|  0|   2|           1|           2|
    +-----------------------------------+----------+----+---+----+------------+------------+
    |Total                              |          |   0|  0|3506|        2558|        2404|
    +-----------------------------------+----------+----+---+----+------------+------------+

    * Multiplexer: 
    +--------------------------------------+-----+-----------+-----+-----------+
    |                 Name                 | LUT | Input Size| Bits| Total Bits|
    +--------------------------------------+-----+-----------+-----+-----------+
    |ap_NS_fsm                             |  279|         65|    1|         65|
    |ap_done_int                           |    9|          2|    1|          2|
    |ap_enable_reg_pp0_iter0               |    9|          2|    1|          2|
    |ap_enable_reg_pp0_iter0_reg           |    9|          2|    1|          2|
    |ap_enable_reg_pp0_iter1               |    9|          2|    1|          2|
    |ap_sig_allocacmp_indvar_flatten_load  |    9|          2|   11|         22|
    |ap_sig_allocacmp_v245_load            |    9|          2|    6|         12|
    |ap_sig_allocacmp_v246_load            |    9|          2|    6|         12|
    |indvar_flatten_fu_360                 |    9|          2|   11|         22|
    |v245_fu_356                           |    9|          2|    6|         12|
    |v246_fu_352                           |    9|          2|    6|         12|
    |v252_address0                         |  279|         65|   18|       1170|
    |v252_address1                         |  279|         65|   18|       1170|
    |v281_0_0_blk_n                        |    9|          2|    1|          2|
    |v281_0_1_blk_n                        |    9|          2|    1|          2|
    |v281_0_2_blk_n                        |    9|          2|    1|          2|
    |v281_0_3_blk_n                        |    9|          2|    1|          2|
    |v281_0_4_blk_n                        |    9|          2|    1|          2|
    |v281_0_5_blk_n                        |    9|          2|    1|          2|
    |v281_0_6_blk_n                        |    9|          2|    1|          2|
    |v281_0_7_blk_n                        |    9|          2|    1|          2|
    |v281_10_0_blk_n                       |    9|          2|    1|          2|
    |v281_10_1_blk_n                       |    9|          2|    1|          2|
    |v281_10_2_blk_n                       |    9|          2|    1|          2|
    |v281_10_3_blk_n                       |    9|          2|    1|          2|
    |v281_10_4_blk_n                       |    9|          2|    1|          2|
    |v281_10_5_blk_n                       |    9|          2|    1|          2|
    |v281_10_6_blk_n                       |    9|          2|    1|          2|
    |v281_10_7_blk_n                       |    9|          2|    1|          2|
    |v281_11_0_blk_n                       |    9|          2|    1|          2|
    |v281_11_1_blk_n                       |    9|          2|    1|          2|
    |v281_11_2_blk_n                       |    9|          2|    1|          2|
    |v281_11_3_blk_n                       |    9|          2|    1|          2|
    |v281_11_4_blk_n                       |    9|          2|    1|          2|
    |v281_11_5_blk_n                       |    9|          2|    1|          2|
    |v281_11_6_blk_n                       |    9|          2|    1|          2|
    |v281_11_7_blk_n                       |    9|          2|    1|          2|
    |v281_12_0_blk_n                       |    9|          2|    1|          2|
    |v281_12_1_blk_n                       |    9|          2|    1|          2|
    |v281_12_2_blk_n                       |    9|          2|    1|          2|
    |v281_12_3_blk_n                       |    9|          2|    1|          2|
    |v281_12_4_blk_n                       |    9|          2|    1|          2|
    |v281_12_5_blk_n                       |    9|          2|    1|          2|
    |v281_12_6_blk_n                       |    9|          2|    1|          2|
    |v281_12_7_blk_n                       |    9|          2|    1|          2|
    |v281_13_0_blk_n                       |    9|          2|    1|          2|
    |v281_13_1_blk_n                       |    9|          2|    1|          2|
    |v281_13_2_blk_n                       |    9|          2|    1|          2|
    |v281_13_3_blk_n                       |    9|          2|    1|          2|
    |v281_13_4_blk_n                       |    9|          2|    1|          2|
    |v281_13_5_blk_n                       |    9|          2|    1|          2|
    |v281_13_6_blk_n                       |    9|          2|    1|          2|
    |v281_13_7_blk_n                       |    9|          2|    1|          2|
    |v281_14_0_blk_n                       |    9|          2|    1|          2|
    |v281_14_1_blk_n                       |    9|          2|    1|          2|
    |v281_14_2_blk_n                       |    9|          2|    1|          2|
    |v281_14_3_blk_n                       |    9|          2|    1|          2|
    |v281_14_4_blk_n                       |    9|          2|    1|          2|
    |v281_14_5_blk_n                       |    9|          2|    1|          2|
    |v281_14_6_blk_n                       |    9|          2|    1|          2|
    |v281_14_7_blk_n                       |    9|          2|    1|          2|
    |v281_15_0_blk_n                       |    9|          2|    1|          2|
    |v281_15_1_blk_n                       |    9|          2|    1|          2|
    |v281_15_2_blk_n                       |    9|          2|    1|          2|
    |v281_15_3_blk_n                       |    9|          2|    1|          2|
    |v281_15_4_blk_n                       |    9|          2|    1|          2|
    |v281_15_5_blk_n                       |    9|          2|    1|          2|
    |v281_15_6_blk_n                       |    9|          2|    1|          2|
    |v281_15_7_blk_n                       |    9|          2|    1|          2|
    |v281_1_0_blk_n                        |    9|          2|    1|          2|
    |v281_1_1_blk_n                        |    9|          2|    1|          2|
    |v281_1_2_blk_n                        |    9|          2|    1|          2|
    |v281_1_3_blk_n                        |    9|          2|    1|          2|
    |v281_1_4_blk_n                        |    9|          2|    1|          2|
    |v281_1_5_blk_n                        |    9|          2|    1|          2|
    |v281_1_6_blk_n                        |    9|          2|    1|          2|
    |v281_1_7_blk_n                        |    9|          2|    1|          2|
    |v281_2_0_blk_n                        |    9|          2|    1|          2|
    |v281_2_1_blk_n                        |    9|          2|    1|          2|
    |v281_2_2_blk_n                        |    9|          2|    1|          2|
    |v281_2_3_blk_n                        |    9|          2|    1|          2|
    |v281_2_4_blk_n                        |    9|          2|    1|          2|
    |v281_2_5_blk_n                        |    9|          2|    1|          2|
    |v281_2_6_blk_n                        |    9|          2|    1|          2|
    |v281_2_7_blk_n                        |    9|          2|    1|          2|
    |v281_3_0_blk_n                        |    9|          2|    1|          2|
    |v281_3_1_blk_n                        |    9|          2|    1|          2|
    |v281_3_2_blk_n                        |    9|          2|    1|          2|
    |v281_3_3_blk_n                        |    9|          2|    1|          2|
    |v281_3_4_blk_n                        |    9|          2|    1|          2|
    |v281_3_5_blk_n                        |    9|          2|    1|          2|
    |v281_3_6_blk_n                        |    9|          2|    1|          2|
    |v281_3_7_blk_n                        |    9|          2|    1|          2|
    |v281_4_0_blk_n                        |    9|          2|    1|          2|
    |v281_4_1_blk_n                        |    9|          2|    1|          2|
    |v281_4_2_blk_n                        |    9|          2|    1|          2|
    |v281_4_3_blk_n                        |    9|          2|    1|          2|
    |v281_4_4_blk_n                        |    9|          2|    1|          2|
    |v281_4_5_blk_n                        |    9|          2|    1|          2|
    |v281_4_6_blk_n                        |    9|          2|    1|          2|
    |v281_4_7_blk_n                        |    9|          2|    1|          2|
    |v281_5_0_blk_n                        |    9|          2|    1|          2|
    |v281_5_1_blk_n                        |    9|          2|    1|          2|
    |v281_5_2_blk_n                        |    9|          2|    1|          2|
    |v281_5_3_blk_n                        |    9|          2|    1|          2|
    |v281_5_4_blk_n                        |    9|          2|    1|          2|
    |v281_5_5_blk_n                        |    9|          2|    1|          2|
    |v281_5_6_blk_n                        |    9|          2|    1|          2|
    |v281_5_7_blk_n                        |    9|          2|    1|          2|
    |v281_6_0_blk_n                        |    9|          2|    1|          2|
    |v281_6_1_blk_n                        |    9|          2|    1|          2|
    |v281_6_2_blk_n                        |    9|          2|    1|          2|
    |v281_6_3_blk_n                        |    9|          2|    1|          2|
    |v281_6_4_blk_n                        |    9|          2|    1|          2|
    |v281_6_5_blk_n                        |    9|          2|    1|          2|
    |v281_6_6_blk_n                        |    9|          2|    1|          2|
    |v281_6_7_blk_n                        |    9|          2|    1|          2|
    |v281_7_0_blk_n                        |    9|          2|    1|          2|
    |v281_7_1_blk_n                        |    9|          2|    1|          2|
    |v281_7_2_blk_n                        |    9|          2|    1|          2|
    |v281_7_3_blk_n                        |    9|          2|    1|          2|
    |v281_7_4_blk_n                        |    9|          2|    1|          2|
    |v281_7_5_blk_n                        |    9|          2|    1|          2|
    |v281_7_6_blk_n                        |    9|          2|    1|          2|
    |v281_7_7_blk_n                        |    9|          2|    1|          2|
    |v281_8_0_blk_n                        |    9|          2|    1|          2|
    |v281_8_1_blk_n                        |    9|          2|    1|          2|
    |v281_8_2_blk_n                        |    9|          2|    1|          2|
    |v281_8_3_blk_n                        |    9|          2|    1|          2|
    |v281_8_4_blk_n                        |    9|          2|    1|          2|
    |v281_8_5_blk_n                        |    9|          2|    1|          2|
    |v281_8_6_blk_n                        |    9|          2|    1|          2|
    |v281_8_7_blk_n                        |    9|          2|    1|          2|
    |v281_9_0_blk_n                        |    9|          2|    1|          2|
    |v281_9_1_blk_n                        |    9|          2|    1|          2|
    |v281_9_2_blk_n                        |    9|          2|    1|          2|
    |v281_9_3_blk_n                        |    9|          2|    1|          2|
    |v281_9_4_blk_n                        |    9|          2|    1|          2|
    |v281_9_5_blk_n                        |    9|          2|    1|          2|
    |v281_9_6_blk_n                        |    9|          2|    1|          2|
    |v281_9_7_blk_n                        |    9|          2|    1|          2|
    +--------------------------------------+-----+-----------+-----+-----------+
    |Total                                 | 2079|        471|  215|       2761|
    +--------------------------------------+-----+-----------+-----+-----------+

    * Register: 
    +-----------------------------+----+----+-----+-----------+
    |             Name            | FF | LUT| Bits| Const Bits|
    +-----------------------------+----+----+-----+-----------+
    |add_ln567_111_reg_5416       |  18|   0|   18|          0|
    |add_ln567_127_reg_5426       |  18|   0|   18|          0|
    |add_ln567_15_reg_5381        |  18|   0|   18|          0|
    |add_ln567_31_reg_5386        |  18|   0|   18|          0|
    |add_ln567_47_reg_5391        |  18|   0|   18|          0|
    |add_ln567_63_reg_5396        |  18|   0|   18|          0|
    |add_ln567_79_reg_5401        |  18|   0|   18|          0|
    |add_ln567_95_reg_5406        |  18|   0|   18|          0|
    |ap_CS_fsm                    |  64|   0|   64|          0|
    |ap_done_reg                  |   1|   0|    1|          0|
    |ap_enable_reg_pp0_iter0_reg  |   1|   0|    1|          0|
    |ap_enable_reg_pp0_iter1      |   1|   0|    1|          0|
    |empty_157_reg_3860           |   5|   0|    5|          0|
    |icmp_ln561_reg_3851          |   1|   0|    1|          0|
    |icmp_ln562_reg_3855          |   1|   0|    1|          0|
    |indvar_flatten_fu_360        |  11|   0|   11|          0|
    |mul_ln567_1_reg_3951         |  18|   0|   18|          0|
    |mul_ln567_2_reg_3986         |  18|   0|   18|          0|
    |mul_ln567_3_reg_4026         |  18|   0|   18|          0|
    |mul_ln567_4_reg_4066         |  18|   0|   18|          0|
    |mul_ln567_5_reg_4106         |  18|   0|   18|          0|
    |mul_ln567_6_reg_4146         |  18|   0|   18|          0|
    |mul_ln567_7_reg_4186         |  18|   0|   18|          0|
    |mul_ln567_reg_3881           |  18|   0|   18|          0|
    |p_cast767_reg_3930           |   6|   0|   18|         12|
    |p_cast768_reg_4231           |   6|   0|   18|         12|
    |p_cast769_reg_4321           |   6|   0|   18|         12|
    |p_cast770_reg_4411           |   6|   0|   18|         12|
    |p_cast771_reg_4501           |   6|   0|   18|         12|
    |p_cast772_reg_4591           |   6|   0|   18|         12|
    |p_cast773_reg_4681           |   6|   0|   18|         12|
    |p_cast774_reg_4771           |   6|   0|   18|         12|
    |p_cast775_reg_4861           |   6|   0|   18|         12|
    |p_cast776_reg_4951           |   6|   0|   18|         12|
    |p_cast777_reg_5041           |   6|   0|   18|         12|
    |p_cast778_reg_5131           |   6|   0|   18|         12|
    |p_cast779_reg_5221           |   6|   0|   18|         12|
    |p_cast780_reg_5311           |   6|   0|   18|         12|
    |select_ln561_1_reg_3865      |   6|   0|    6|          0|
    |tmp_cast_reg_3919            |   6|   0|   18|         12|
    |tmp_reg_3901                 |   6|   0|   10|          4|
    |tmp_s_reg_3870               |   5|   0|    8|          3|
    |v245_fu_356                  |   6|   0|    6|          0|
    |v246_fu_352                  |   6|   0|    6|          0|
    |v249_100_reg_5211            |  32|   0|   32|          0|
    |v249_101_reg_5216            |  32|   0|   32|          0|
    |v249_102_reg_5241            |  32|   0|   32|          0|
    |v249_103_reg_5246            |  32|   0|   32|          0|
    |v249_104_reg_5261            |  32|   0|   32|          0|
    |v249_105_reg_5266            |  32|   0|   32|          0|
    |v249_106_reg_5281            |  32|   0|   32|          0|
    |v249_107_reg_5286            |  32|   0|   32|          0|
    |v249_108_reg_5301            |  32|   0|   32|          0|
    |v249_109_reg_5306            |  32|   0|   32|          0|
    |v249_10_reg_4086             |  32|   0|   32|          0|
    |v249_110_reg_5331            |  32|   0|   32|          0|
    |v249_111_reg_5336            |  32|   0|   32|          0|
    |v249_112_reg_5351            |  32|   0|   32|          0|
    |v249_113_reg_5356            |  32|   0|   32|          0|
    |v249_114_reg_5371            |  32|   0|   32|          0|
    |v249_115_reg_5376            |  32|   0|   32|          0|
    |v249_116_reg_5431            |  32|   0|   32|          0|
    |v249_117_reg_5436            |  32|   0|   32|          0|
    |v249_118_reg_5451            |  32|   0|   32|          0|
    |v249_119_reg_5456            |  32|   0|   32|          0|
    |v249_11_reg_4126             |  32|   0|   32|          0|
    |v249_120_reg_5471            |  32|   0|   32|          0|
    |v249_121_reg_5476            |  32|   0|   32|          0|
    |v249_122_reg_5491            |  32|   0|   32|          0|
    |v249_123_reg_5496            |  32|   0|   32|          0|
    |v249_124_reg_5511            |  32|   0|   32|          0|
    |v249_125_reg_5516            |  32|   0|   32|          0|
    |v249_126_reg_5521            |  32|   0|   32|          0|
    |v249_127_reg_5526            |  32|   0|   32|          0|
    |v249_12_reg_4166             |  32|   0|   32|          0|
    |v249_13_reg_4206             |  32|   0|   32|          0|
    |v249_14_reg_4226             |  32|   0|   32|          0|
    |v249_15_reg_4256             |  32|   0|   32|          0|
    |v249_16_reg_4271             |  32|   0|   32|          0|
    |v249_17_reg_4276             |  32|   0|   32|          0|
    |v249_18_reg_4291             |  32|   0|   32|          0|
    |v249_19_reg_4296             |  32|   0|   32|          0|
    |v249_1_reg_4011              |  32|   0|   32|          0|
    |v249_20_reg_4311             |  32|   0|   32|          0|
    |v249_21_reg_4316             |  32|   0|   32|          0|
    |v249_22_reg_4341             |  32|   0|   32|          0|
    |v249_23_reg_4346             |  32|   0|   32|          0|
    |v249_24_reg_4361             |  32|   0|   32|          0|
    |v249_25_reg_4366             |  32|   0|   32|          0|
    |v249_26_reg_4381             |  32|   0|   32|          0|
    |v249_27_reg_4386             |  32|   0|   32|          0|
    |v249_28_reg_4401             |  32|   0|   32|          0|
    |v249_29_reg_4406             |  32|   0|   32|          0|
    |v249_2_reg_4051              |  32|   0|   32|          0|
    |v249_30_reg_4431             |  32|   0|   32|          0|
    |v249_31_reg_4436             |  32|   0|   32|          0|
    |v249_32_reg_4451             |  32|   0|   32|          0|
    |v249_33_reg_4456             |  32|   0|   32|          0|
    |v249_34_reg_4471             |  32|   0|   32|          0|
    |v249_35_reg_4476             |  32|   0|   32|          0|
    |v249_36_reg_4491             |  32|   0|   32|          0|
    |v249_37_reg_4496             |  32|   0|   32|          0|
    |v249_38_reg_4521             |  32|   0|   32|          0|
    |v249_39_reg_4526             |  32|   0|   32|          0|
    |v249_3_reg_4091              |  32|   0|   32|          0|
    |v249_40_reg_4541             |  32|   0|   32|          0|
    |v249_41_reg_4546             |  32|   0|   32|          0|
    |v249_42_reg_4561             |  32|   0|   32|          0|
    |v249_43_reg_4566             |  32|   0|   32|          0|
    |v249_44_reg_4581             |  32|   0|   32|          0|
    |v249_45_reg_4586             |  32|   0|   32|          0|
    |v249_46_reg_4611             |  32|   0|   32|          0|
    |v249_47_reg_4616             |  32|   0|   32|          0|
    |v249_48_reg_4631             |  32|   0|   32|          0|
    |v249_49_reg_4636             |  32|   0|   32|          0|
    |v249_4_reg_4131              |  32|   0|   32|          0|
    |v249_50_reg_4651             |  32|   0|   32|          0|
    |v249_51_reg_4656             |  32|   0|   32|          0|
    |v249_52_reg_4671             |  32|   0|   32|          0|
    |v249_53_reg_4676             |  32|   0|   32|          0|
    |v249_54_reg_4701             |  32|   0|   32|          0|
    |v249_55_reg_4706             |  32|   0|   32|          0|
    |v249_56_reg_4721             |  32|   0|   32|          0|
    |v249_57_reg_4726             |  32|   0|   32|          0|
    |v249_58_reg_4741             |  32|   0|   32|          0|
    |v249_59_reg_4746             |  32|   0|   32|          0|
    |v249_5_reg_4171              |  32|   0|   32|          0|
    |v249_60_reg_4761             |  32|   0|   32|          0|
    |v249_61_reg_4766             |  32|   0|   32|          0|
    |v249_62_reg_4791             |  32|   0|   32|          0|
    |v249_63_reg_4796             |  32|   0|   32|          0|
    |v249_64_reg_4811             |  32|   0|   32|          0|
    |v249_65_reg_4816             |  32|   0|   32|          0|
    |v249_66_reg_4831             |  32|   0|   32|          0|
    |v249_67_reg_4836             |  32|   0|   32|          0|
    |v249_68_reg_4851             |  32|   0|   32|          0|
    |v249_69_reg_4856             |  32|   0|   32|          0|
    |v249_6_reg_4211              |  32|   0|   32|          0|
    |v249_70_reg_4881             |  32|   0|   32|          0|
    |v249_71_reg_4886             |  32|   0|   32|          0|
    |v249_72_reg_4901             |  32|   0|   32|          0|
    |v249_73_reg_4906             |  32|   0|   32|          0|
    |v249_74_reg_4921             |  32|   0|   32|          0|
    |v249_75_reg_4926             |  32|   0|   32|          0|
    |v249_76_reg_4941             |  32|   0|   32|          0|
    |v249_77_reg_4946             |  32|   0|   32|          0|
    |v249_78_reg_4971             |  32|   0|   32|          0|
    |v249_79_reg_4976             |  32|   0|   32|          0|
    |v249_7_reg_4251              |  32|   0|   32|          0|
    |v249_80_reg_4991             |  32|   0|   32|          0|
    |v249_81_reg_4996             |  32|   0|   32|          0|
    |v249_82_reg_5011             |  32|   0|   32|          0|
    |v249_83_reg_5016             |  32|   0|   32|          0|
    |v249_84_reg_5031             |  32|   0|   32|          0|
    |v249_85_reg_5036             |  32|   0|   32|          0|
    |v249_86_reg_5061             |  32|   0|   32|          0|
    |v249_87_reg_5066             |  32|   0|   32|          0|
    |v249_88_reg_5081             |  32|   0|   32|          0|
    |v249_89_reg_5086             |  32|   0|   32|          0|
    |v249_8_reg_4006              |  32|   0|   32|          0|
    |v249_90_reg_5101             |  32|   0|   32|          0|
    |v249_91_reg_5106             |  32|   0|   32|          0|
    |v249_92_reg_5121             |  32|   0|   32|          0|
    |v249_93_reg_5126             |  32|   0|   32|          0|
    |v249_94_reg_5151             |  32|   0|   32|          0|
    |v249_95_reg_5156             |  32|   0|   32|          0|
    |v249_96_reg_5171             |  32|   0|   32|          0|
    |v249_97_reg_5176             |  32|   0|   32|          0|
    |v249_98_reg_5191             |  32|   0|   32|          0|
    |v249_99_reg_5196             |  32|   0|   32|          0|
    |v249_9_reg_4046              |  32|   0|   32|          0|
    |v249_reg_3971                |  32|   0|   32|          0|
    +-----------------------------+----+----+-----+-----------+
    |Total                        |4588|   0| 4775|        187|
    +-----------------------------+----+----+-----+-----------+



================================================================
== Interface
================================================================
* Summary: 
+--------------------------+-----+-----+------------+--------------+--------------+
|         RTL Ports        | Dir | Bits|  Protocol  | Source Object|    C Type    |
+--------------------------+-----+-----+------------+--------------+--------------+
|ap_clk                    |   in|    1|  ap_ctrl_hs|        node18|  return value|
|ap_rst                    |   in|    1|  ap_ctrl_hs|        node18|  return value|
|ap_start                  |   in|    1|  ap_ctrl_hs|        node18|  return value|
|ap_done                   |  out|    1|  ap_ctrl_hs|        node18|  return value|
|ap_continue               |   in|    1|  ap_ctrl_hs|        node18|  return value|
|ap_idle                   |  out|    1|  ap_ctrl_hs|        node18|  return value|
|ap_ready                  |  out|    1|  ap_ctrl_hs|        node18|  return value|
|v281_0_0_din              |  out|   32|     ap_fifo|      v281_0_0|       pointer|
|v281_0_0_num_data_valid   |   in|   12|     ap_fifo|      v281_0_0|       pointer|
|v281_0_0_fifo_cap         |   in|   12|     ap_fifo|      v281_0_0|       pointer|
|v281_0_0_full_n           |   in|    1|     ap_fifo|      v281_0_0|       pointer|
|v281_0_0_write            |  out|    1|     ap_fifo|      v281_0_0|       pointer|
|v281_0_1_din              |  out|   32|     ap_fifo|      v281_0_1|       pointer|
|v281_0_1_num_data_valid   |   in|   12|     ap_fifo|      v281_0_1|       pointer|
|v281_0_1_fifo_cap         |   in|   12|     ap_fifo|      v281_0_1|       pointer|
|v281_0_1_full_n           |   in|    1|     ap_fifo|      v281_0_1|       pointer|
|v281_0_1_write            |  out|    1|     ap_fifo|      v281_0_1|       pointer|
|v281_0_2_din              |  out|   32|     ap_fifo|      v281_0_2|       pointer|
|v281_0_2_num_data_valid   |   in|   12|     ap_fifo|      v281_0_2|       pointer|
|v281_0_2_fifo_cap         |   in|   12|     ap_fifo|      v281_0_2|       pointer|
|v281_0_2_full_n           |   in|    1|     ap_fifo|      v281_0_2|       pointer|
|v281_0_2_write            |  out|    1|     ap_fifo|      v281_0_2|       pointer|
|v281_0_3_din              |  out|   32|     ap_fifo|      v281_0_3|       pointer|
|v281_0_3_num_data_valid   |   in|   12|     ap_fifo|      v281_0_3|       pointer|
|v281_0_3_fifo_cap         |   in|   12|     ap_fifo|      v281_0_3|       pointer|
|v281_0_3_full_n           |   in|    1|     ap_fifo|      v281_0_3|       pointer|
|v281_0_3_write            |  out|    1|     ap_fifo|      v281_0_3|       pointer|
|v281_0_4_din              |  out|   32|     ap_fifo|      v281_0_4|       pointer|
|v281_0_4_num_data_valid   |   in|   12|     ap_fifo|      v281_0_4|       pointer|
|v281_0_4_fifo_cap         |   in|   12|     ap_fifo|      v281_0_4|       pointer|
|v281_0_4_full_n           |   in|    1|     ap_fifo|      v281_0_4|       pointer|
|v281_0_4_write            |  out|    1|     ap_fifo|      v281_0_4|       pointer|
|v281_0_5_din              |  out|   32|     ap_fifo|      v281_0_5|       pointer|
|v281_0_5_num_data_valid   |   in|   12|     ap_fifo|      v281_0_5|       pointer|
|v281_0_5_fifo_cap         |   in|   12|     ap_fifo|      v281_0_5|       pointer|
|v281_0_5_full_n           |   in|    1|     ap_fifo|      v281_0_5|       pointer|
|v281_0_5_write            |  out|    1|     ap_fifo|      v281_0_5|       pointer|
|v281_0_6_din              |  out|   32|     ap_fifo|      v281_0_6|       pointer|
|v281_0_6_num_data_valid   |   in|   12|     ap_fifo|      v281_0_6|       pointer|
|v281_0_6_fifo_cap         |   in|   12|     ap_fifo|      v281_0_6|       pointer|
|v281_0_6_full_n           |   in|    1|     ap_fifo|      v281_0_6|       pointer|
|v281_0_6_write            |  out|    1|     ap_fifo|      v281_0_6|       pointer|
|v281_0_7_din              |  out|   32|     ap_fifo|      v281_0_7|       pointer|
|v281_0_7_num_data_valid   |   in|   12|     ap_fifo|      v281_0_7|       pointer|
|v281_0_7_fifo_cap         |   in|   12|     ap_fifo|      v281_0_7|       pointer|
|v281_0_7_full_n           |   in|    1|     ap_fifo|      v281_0_7|       pointer|
|v281_0_7_write            |  out|    1|     ap_fifo|      v281_0_7|       pointer|
|v281_1_0_din              |  out|   32|     ap_fifo|      v281_1_0|       pointer|
|v281_1_0_num_data_valid   |   in|   12|     ap_fifo|      v281_1_0|       pointer|
|v281_1_0_fifo_cap         |   in|   12|     ap_fifo|      v281_1_0|       pointer|
|v281_1_0_full_n           |   in|    1|     ap_fifo|      v281_1_0|       pointer|
|v281_1_0_write            |  out|    1|     ap_fifo|      v281_1_0|       pointer|
|v281_1_1_din              |  out|   32|     ap_fifo|      v281_1_1|       pointer|
|v281_1_1_num_data_valid   |   in|   12|     ap_fifo|      v281_1_1|       pointer|
|v281_1_1_fifo_cap         |   in|   12|     ap_fifo|      v281_1_1|       pointer|
|v281_1_1_full_n           |   in|    1|     ap_fifo|      v281_1_1|       pointer|
|v281_1_1_write            |  out|    1|     ap_fifo|      v281_1_1|       pointer|
|v281_1_2_din              |  out|   32|     ap_fifo|      v281_1_2|       pointer|
|v281_1_2_num_data_valid   |   in|   12|     ap_fifo|      v281_1_2|       pointer|
|v281_1_2_fifo_cap         |   in|   12|     ap_fifo|      v281_1_2|       pointer|
|v281_1_2_full_n           |   in|    1|     ap_fifo|      v281_1_2|       pointer|
|v281_1_2_write            |  out|    1|     ap_fifo|      v281_1_2|       pointer|
|v281_1_3_din              |  out|   32|     ap_fifo|      v281_1_3|       pointer|
|v281_1_3_num_data_valid   |   in|   12|     ap_fifo|      v281_1_3|       pointer|
|v281_1_3_fifo_cap         |   in|   12|     ap_fifo|      v281_1_3|       pointer|
|v281_1_3_full_n           |   in|    1|     ap_fifo|      v281_1_3|       pointer|
|v281_1_3_write            |  out|    1|     ap_fifo|      v281_1_3|       pointer|
|v281_1_4_din              |  out|   32|     ap_fifo|      v281_1_4|       pointer|
|v281_1_4_num_data_valid   |   in|   12|     ap_fifo|      v281_1_4|       pointer|
|v281_1_4_fifo_cap         |   in|   12|     ap_fifo|      v281_1_4|       pointer|
|v281_1_4_full_n           |   in|    1|     ap_fifo|      v281_1_4|       pointer|
|v281_1_4_write            |  out|    1|     ap_fifo|      v281_1_4|       pointer|
|v281_1_5_din              |  out|   32|     ap_fifo|      v281_1_5|       pointer|
|v281_1_5_num_data_valid   |   in|   12|     ap_fifo|      v281_1_5|       pointer|
|v281_1_5_fifo_cap         |   in|   12|     ap_fifo|      v281_1_5|       pointer|
|v281_1_5_full_n           |   in|    1|     ap_fifo|      v281_1_5|       pointer|
|v281_1_5_write            |  out|    1|     ap_fifo|      v281_1_5|       pointer|
|v281_1_6_din              |  out|   32|     ap_fifo|      v281_1_6|       pointer|
|v281_1_6_num_data_valid   |   in|   12|     ap_fifo|      v281_1_6|       pointer|
|v281_1_6_fifo_cap         |   in|   12|     ap_fifo|      v281_1_6|       pointer|
|v281_1_6_full_n           |   in|    1|     ap_fifo|      v281_1_6|       pointer|
|v281_1_6_write            |  out|    1|     ap_fifo|      v281_1_6|       pointer|
|v281_1_7_din              |  out|   32|     ap_fifo|      v281_1_7|       pointer|
|v281_1_7_num_data_valid   |   in|   12|     ap_fifo|      v281_1_7|       pointer|
|v281_1_7_fifo_cap         |   in|   12|     ap_fifo|      v281_1_7|       pointer|
|v281_1_7_full_n           |   in|    1|     ap_fifo|      v281_1_7|       pointer|
|v281_1_7_write            |  out|    1|     ap_fifo|      v281_1_7|       pointer|
|v281_2_0_din              |  out|   32|     ap_fifo|      v281_2_0|       pointer|
|v281_2_0_num_data_valid   |   in|   12|     ap_fifo|      v281_2_0|       pointer|
|v281_2_0_fifo_cap         |   in|   12|     ap_fifo|      v281_2_0|       pointer|
|v281_2_0_full_n           |   in|    1|     ap_fifo|      v281_2_0|       pointer|
|v281_2_0_write            |  out|    1|     ap_fifo|      v281_2_0|       pointer|
|v281_2_1_din              |  out|   32|     ap_fifo|      v281_2_1|       pointer|
|v281_2_1_num_data_valid   |   in|   12|     ap_fifo|      v281_2_1|       pointer|
|v281_2_1_fifo_cap         |   in|   12|     ap_fifo|      v281_2_1|       pointer|
|v281_2_1_full_n           |   in|    1|     ap_fifo|      v281_2_1|       pointer|
|v281_2_1_write            |  out|    1|     ap_fifo|      v281_2_1|       pointer|
|v281_2_2_din              |  out|   32|     ap_fifo|      v281_2_2|       pointer|
|v281_2_2_num_data_valid   |   in|   12|     ap_fifo|      v281_2_2|       pointer|
|v281_2_2_fifo_cap         |   in|   12|     ap_fifo|      v281_2_2|       pointer|
|v281_2_2_full_n           |   in|    1|     ap_fifo|      v281_2_2|       pointer|
|v281_2_2_write            |  out|    1|     ap_fifo|      v281_2_2|       pointer|
|v281_2_3_din              |  out|   32|     ap_fifo|      v281_2_3|       pointer|
|v281_2_3_num_data_valid   |   in|   12|     ap_fifo|      v281_2_3|       pointer|
|v281_2_3_fifo_cap         |   in|   12|     ap_fifo|      v281_2_3|       pointer|
|v281_2_3_full_n           |   in|    1|     ap_fifo|      v281_2_3|       pointer|
|v281_2_3_write            |  out|    1|     ap_fifo|      v281_2_3|       pointer|
|v281_2_4_din              |  out|   32|     ap_fifo|      v281_2_4|       pointer|
|v281_2_4_num_data_valid   |   in|   12|     ap_fifo|      v281_2_4|       pointer|
|v281_2_4_fifo_cap         |   in|   12|     ap_fifo|      v281_2_4|       pointer|
|v281_2_4_full_n           |   in|    1|     ap_fifo|      v281_2_4|       pointer|
|v281_2_4_write            |  out|    1|     ap_fifo|      v281_2_4|       pointer|
|v281_2_5_din              |  out|   32|     ap_fifo|      v281_2_5|       pointer|
|v281_2_5_num_data_valid   |   in|   12|     ap_fifo|      v281_2_5|       pointer|
|v281_2_5_fifo_cap         |   in|   12|     ap_fifo|      v281_2_5|       pointer|
|v281_2_5_full_n           |   in|    1|     ap_fifo|      v281_2_5|       pointer|
|v281_2_5_write            |  out|    1|     ap_fifo|      v281_2_5|       pointer|
|v281_2_6_din              |  out|   32|     ap_fifo|      v281_2_6|       pointer|
|v281_2_6_num_data_valid   |   in|   12|     ap_fifo|      v281_2_6|       pointer|
|v281_2_6_fifo_cap         |   in|   12|     ap_fifo|      v281_2_6|       pointer|
|v281_2_6_full_n           |   in|    1|     ap_fifo|      v281_2_6|       pointer|
|v281_2_6_write            |  out|    1|     ap_fifo|      v281_2_6|       pointer|
|v281_2_7_din              |  out|   32|     ap_fifo|      v281_2_7|       pointer|
|v281_2_7_num_data_valid   |   in|   12|     ap_fifo|      v281_2_7|       pointer|
|v281_2_7_fifo_cap         |   in|   12|     ap_fifo|      v281_2_7|       pointer|
|v281_2_7_full_n           |   in|    1|     ap_fifo|      v281_2_7|       pointer|
|v281_2_7_write            |  out|    1|     ap_fifo|      v281_2_7|       pointer|
|v281_3_0_din              |  out|   32|     ap_fifo|      v281_3_0|       pointer|
|v281_3_0_num_data_valid   |   in|   12|     ap_fifo|      v281_3_0|       pointer|
|v281_3_0_fifo_cap         |   in|   12|     ap_fifo|      v281_3_0|       pointer|
|v281_3_0_full_n           |   in|    1|     ap_fifo|      v281_3_0|       pointer|
|v281_3_0_write            |  out|    1|     ap_fifo|      v281_3_0|       pointer|
|v281_3_1_din              |  out|   32|     ap_fifo|      v281_3_1|       pointer|
|v281_3_1_num_data_valid   |   in|   12|     ap_fifo|      v281_3_1|       pointer|
|v281_3_1_fifo_cap         |   in|   12|     ap_fifo|      v281_3_1|       pointer|
|v281_3_1_full_n           |   in|    1|     ap_fifo|      v281_3_1|       pointer|
|v281_3_1_write            |  out|    1|     ap_fifo|      v281_3_1|       pointer|
|v281_3_2_din              |  out|   32|     ap_fifo|      v281_3_2|       pointer|
|v281_3_2_num_data_valid   |   in|   12|     ap_fifo|      v281_3_2|       pointer|
|v281_3_2_fifo_cap         |   in|   12|     ap_fifo|      v281_3_2|       pointer|
|v281_3_2_full_n           |   in|    1|     ap_fifo|      v281_3_2|       pointer|
|v281_3_2_write            |  out|    1|     ap_fifo|      v281_3_2|       pointer|
|v281_3_3_din              |  out|   32|     ap_fifo|      v281_3_3|       pointer|
|v281_3_3_num_data_valid   |   in|   12|     ap_fifo|      v281_3_3|       pointer|
|v281_3_3_fifo_cap         |   in|   12|     ap_fifo|      v281_3_3|       pointer|
|v281_3_3_full_n           |   in|    1|     ap_fifo|      v281_3_3|       pointer|
|v281_3_3_write            |  out|    1|     ap_fifo|      v281_3_3|       pointer|
|v281_3_4_din              |  out|   32|     ap_fifo|      v281_3_4|       pointer|
|v281_3_4_num_data_valid   |   in|   12|     ap_fifo|      v281_3_4|       pointer|
|v281_3_4_fifo_cap         |   in|   12|     ap_fifo|      v281_3_4|       pointer|
|v281_3_4_full_n           |   in|    1|     ap_fifo|      v281_3_4|       pointer|
|v281_3_4_write            |  out|    1|     ap_fifo|      v281_3_4|       pointer|
|v281_3_5_din              |  out|   32|     ap_fifo|      v281_3_5|       pointer|
|v281_3_5_num_data_valid   |   in|   12|     ap_fifo|      v281_3_5|       pointer|
|v281_3_5_fifo_cap         |   in|   12|     ap_fifo|      v281_3_5|       pointer|
|v281_3_5_full_n           |   in|    1|     ap_fifo|      v281_3_5|       pointer|
|v281_3_5_write            |  out|    1|     ap_fifo|      v281_3_5|       pointer|
|v281_3_6_din              |  out|   32|     ap_fifo|      v281_3_6|       pointer|
|v281_3_6_num_data_valid   |   in|   12|     ap_fifo|      v281_3_6|       pointer|
|v281_3_6_fifo_cap         |   in|   12|     ap_fifo|      v281_3_6|       pointer|
|v281_3_6_full_n           |   in|    1|     ap_fifo|      v281_3_6|       pointer|
|v281_3_6_write            |  out|    1|     ap_fifo|      v281_3_6|       pointer|
|v281_3_7_din              |  out|   32|     ap_fifo|      v281_3_7|       pointer|
|v281_3_7_num_data_valid   |   in|   12|     ap_fifo|      v281_3_7|       pointer|
|v281_3_7_fifo_cap         |   in|   12|     ap_fifo|      v281_3_7|       pointer|
|v281_3_7_full_n           |   in|    1|     ap_fifo|      v281_3_7|       pointer|
|v281_3_7_write            |  out|    1|     ap_fifo|      v281_3_7|       pointer|
|v281_4_0_din              |  out|   32|     ap_fifo|      v281_4_0|       pointer|
|v281_4_0_num_data_valid   |   in|   12|     ap_fifo|      v281_4_0|       pointer|
|v281_4_0_fifo_cap         |   in|   12|     ap_fifo|      v281_4_0|       pointer|
|v281_4_0_full_n           |   in|    1|     ap_fifo|      v281_4_0|       pointer|
|v281_4_0_write            |  out|    1|     ap_fifo|      v281_4_0|       pointer|
|v281_4_1_din              |  out|   32|     ap_fifo|      v281_4_1|       pointer|
|v281_4_1_num_data_valid   |   in|   12|     ap_fifo|      v281_4_1|       pointer|
|v281_4_1_fifo_cap         |   in|   12|     ap_fifo|      v281_4_1|       pointer|
|v281_4_1_full_n           |   in|    1|     ap_fifo|      v281_4_1|       pointer|
|v281_4_1_write            |  out|    1|     ap_fifo|      v281_4_1|       pointer|
|v281_4_2_din              |  out|   32|     ap_fifo|      v281_4_2|       pointer|
|v281_4_2_num_data_valid   |   in|   12|     ap_fifo|      v281_4_2|       pointer|
|v281_4_2_fifo_cap         |   in|   12|     ap_fifo|      v281_4_2|       pointer|
|v281_4_2_full_n           |   in|    1|     ap_fifo|      v281_4_2|       pointer|
|v281_4_2_write            |  out|    1|     ap_fifo|      v281_4_2|       pointer|
|v281_4_3_din              |  out|   32|     ap_fifo|      v281_4_3|       pointer|
|v281_4_3_num_data_valid   |   in|   12|     ap_fifo|      v281_4_3|       pointer|
|v281_4_3_fifo_cap         |   in|   12|     ap_fifo|      v281_4_3|       pointer|
|v281_4_3_full_n           |   in|    1|     ap_fifo|      v281_4_3|       pointer|
|v281_4_3_write            |  out|    1|     ap_fifo|      v281_4_3|       pointer|
|v281_4_4_din              |  out|   32|     ap_fifo|      v281_4_4|       pointer|
|v281_4_4_num_data_valid   |   in|   12|     ap_fifo|      v281_4_4|       pointer|
|v281_4_4_fifo_cap         |   in|   12|     ap_fifo|      v281_4_4|       pointer|
|v281_4_4_full_n           |   in|    1|     ap_fifo|      v281_4_4|       pointer|
|v281_4_4_write            |  out|    1|     ap_fifo|      v281_4_4|       pointer|
|v281_4_5_din              |  out|   32|     ap_fifo|      v281_4_5|       pointer|
|v281_4_5_num_data_valid   |   in|   12|     ap_fifo|      v281_4_5|       pointer|
|v281_4_5_fifo_cap         |   in|   12|     ap_fifo|      v281_4_5|       pointer|
|v281_4_5_full_n           |   in|    1|     ap_fifo|      v281_4_5|       pointer|
|v281_4_5_write            |  out|    1|     ap_fifo|      v281_4_5|       pointer|
|v281_4_6_din              |  out|   32|     ap_fifo|      v281_4_6|       pointer|
|v281_4_6_num_data_valid   |   in|   12|     ap_fifo|      v281_4_6|       pointer|
|v281_4_6_fifo_cap         |   in|   12|     ap_fifo|      v281_4_6|       pointer|
|v281_4_6_full_n           |   in|    1|     ap_fifo|      v281_4_6|       pointer|
|v281_4_6_write            |  out|    1|     ap_fifo|      v281_4_6|       pointer|
|v281_4_7_din              |  out|   32|     ap_fifo|      v281_4_7|       pointer|
|v281_4_7_num_data_valid   |   in|   12|     ap_fifo|      v281_4_7|       pointer|
|v281_4_7_fifo_cap         |   in|   12|     ap_fifo|      v281_4_7|       pointer|
|v281_4_7_full_n           |   in|    1|     ap_fifo|      v281_4_7|       pointer|
|v281_4_7_write            |  out|    1|     ap_fifo|      v281_4_7|       pointer|
|v281_5_0_din              |  out|   32|     ap_fifo|      v281_5_0|       pointer|
|v281_5_0_num_data_valid   |   in|   12|     ap_fifo|      v281_5_0|       pointer|
|v281_5_0_fifo_cap         |   in|   12|     ap_fifo|      v281_5_0|       pointer|
|v281_5_0_full_n           |   in|    1|     ap_fifo|      v281_5_0|       pointer|
|v281_5_0_write            |  out|    1|     ap_fifo|      v281_5_0|       pointer|
|v281_5_1_din              |  out|   32|     ap_fifo|      v281_5_1|       pointer|
|v281_5_1_num_data_valid   |   in|   12|     ap_fifo|      v281_5_1|       pointer|
|v281_5_1_fifo_cap         |   in|   12|     ap_fifo|      v281_5_1|       pointer|
|v281_5_1_full_n           |   in|    1|     ap_fifo|      v281_5_1|       pointer|
|v281_5_1_write            |  out|    1|     ap_fifo|      v281_5_1|       pointer|
|v281_5_2_din              |  out|   32|     ap_fifo|      v281_5_2|       pointer|
|v281_5_2_num_data_valid   |   in|   12|     ap_fifo|      v281_5_2|       pointer|
|v281_5_2_fifo_cap         |   in|   12|     ap_fifo|      v281_5_2|       pointer|
|v281_5_2_full_n           |   in|    1|     ap_fifo|      v281_5_2|       pointer|
|v281_5_2_write            |  out|    1|     ap_fifo|      v281_5_2|       pointer|
|v281_5_3_din              |  out|   32|     ap_fifo|      v281_5_3|       pointer|
|v281_5_3_num_data_valid   |   in|   12|     ap_fifo|      v281_5_3|       pointer|
|v281_5_3_fifo_cap         |   in|   12|     ap_fifo|      v281_5_3|       pointer|
|v281_5_3_full_n           |   in|    1|     ap_fifo|      v281_5_3|       pointer|
|v281_5_3_write            |  out|    1|     ap_fifo|      v281_5_3|       pointer|
|v281_5_4_din              |  out|   32|     ap_fifo|      v281_5_4|       pointer|
|v281_5_4_num_data_valid   |   in|   12|     ap_fifo|      v281_5_4|       pointer|
|v281_5_4_fifo_cap         |   in|   12|     ap_fifo|      v281_5_4|       pointer|
|v281_5_4_full_n           |   in|    1|     ap_fifo|      v281_5_4|       pointer|
|v281_5_4_write            |  out|    1|     ap_fifo|      v281_5_4|       pointer|
|v281_5_5_din              |  out|   32|     ap_fifo|      v281_5_5|       pointer|
|v281_5_5_num_data_valid   |   in|   12|     ap_fifo|      v281_5_5|       pointer|
|v281_5_5_fifo_cap         |   in|   12|     ap_fifo|      v281_5_5|       pointer|
|v281_5_5_full_n           |   in|    1|     ap_fifo|      v281_5_5|       pointer|
|v281_5_5_write            |  out|    1|     ap_fifo|      v281_5_5|       pointer|
|v281_5_6_din              |  out|   32|     ap_fifo|      v281_5_6|       pointer|
|v281_5_6_num_data_valid   |   in|   12|     ap_fifo|      v281_5_6|       pointer|
|v281_5_6_fifo_cap         |   in|   12|     ap_fifo|      v281_5_6|       pointer|
|v281_5_6_full_n           |   in|    1|     ap_fifo|      v281_5_6|       pointer|
|v281_5_6_write            |  out|    1|     ap_fifo|      v281_5_6|       pointer|
|v281_5_7_din              |  out|   32|     ap_fifo|      v281_5_7|       pointer|
|v281_5_7_num_data_valid   |   in|   12|     ap_fifo|      v281_5_7|       pointer|
|v281_5_7_fifo_cap         |   in|   12|     ap_fifo|      v281_5_7|       pointer|
|v281_5_7_full_n           |   in|    1|     ap_fifo|      v281_5_7|       pointer|
|v281_5_7_write            |  out|    1|     ap_fifo|      v281_5_7|       pointer|
|v281_6_0_din              |  out|   32|     ap_fifo|      v281_6_0|       pointer|
|v281_6_0_num_data_valid   |   in|   12|     ap_fifo|      v281_6_0|       pointer|
|v281_6_0_fifo_cap         |   in|   12|     ap_fifo|      v281_6_0|       pointer|
|v281_6_0_full_n           |   in|    1|     ap_fifo|      v281_6_0|       pointer|
|v281_6_0_write            |  out|    1|     ap_fifo|      v281_6_0|       pointer|
|v281_6_1_din              |  out|   32|     ap_fifo|      v281_6_1|       pointer|
|v281_6_1_num_data_valid   |   in|   12|     ap_fifo|      v281_6_1|       pointer|
|v281_6_1_fifo_cap         |   in|   12|     ap_fifo|      v281_6_1|       pointer|
|v281_6_1_full_n           |   in|    1|     ap_fifo|      v281_6_1|       pointer|
|v281_6_1_write            |  out|    1|     ap_fifo|      v281_6_1|       pointer|
|v281_6_2_din              |  out|   32|     ap_fifo|      v281_6_2|       pointer|
|v281_6_2_num_data_valid   |   in|   12|     ap_fifo|      v281_6_2|       pointer|
|v281_6_2_fifo_cap         |   in|   12|     ap_fifo|      v281_6_2|       pointer|
|v281_6_2_full_n           |   in|    1|     ap_fifo|      v281_6_2|       pointer|
|v281_6_2_write            |  out|    1|     ap_fifo|      v281_6_2|       pointer|
|v281_6_3_din              |  out|   32|     ap_fifo|      v281_6_3|       pointer|
|v281_6_3_num_data_valid   |   in|   12|     ap_fifo|      v281_6_3|       pointer|
|v281_6_3_fifo_cap         |   in|   12|     ap_fifo|      v281_6_3|       pointer|
|v281_6_3_full_n           |   in|    1|     ap_fifo|      v281_6_3|       pointer|
|v281_6_3_write            |  out|    1|     ap_fifo|      v281_6_3|       pointer|
|v281_6_4_din              |  out|   32|     ap_fifo|      v281_6_4|       pointer|
|v281_6_4_num_data_valid   |   in|   12|     ap_fifo|      v281_6_4|       pointer|
|v281_6_4_fifo_cap         |   in|   12|     ap_fifo|      v281_6_4|       pointer|
|v281_6_4_full_n           |   in|    1|     ap_fifo|      v281_6_4|       pointer|
|v281_6_4_write            |  out|    1|     ap_fifo|      v281_6_4|       pointer|
|v281_6_5_din              |  out|   32|     ap_fifo|      v281_6_5|       pointer|
|v281_6_5_num_data_valid   |   in|   12|     ap_fifo|      v281_6_5|       pointer|
|v281_6_5_fifo_cap         |   in|   12|     ap_fifo|      v281_6_5|       pointer|
|v281_6_5_full_n           |   in|    1|     ap_fifo|      v281_6_5|       pointer|
|v281_6_5_write            |  out|    1|     ap_fifo|      v281_6_5|       pointer|
|v281_6_6_din              |  out|   32|     ap_fifo|      v281_6_6|       pointer|
|v281_6_6_num_data_valid   |   in|   12|     ap_fifo|      v281_6_6|       pointer|
|v281_6_6_fifo_cap         |   in|   12|     ap_fifo|      v281_6_6|       pointer|
|v281_6_6_full_n           |   in|    1|     ap_fifo|      v281_6_6|       pointer|
|v281_6_6_write            |  out|    1|     ap_fifo|      v281_6_6|       pointer|
|v281_6_7_din              |  out|   32|     ap_fifo|      v281_6_7|       pointer|
|v281_6_7_num_data_valid   |   in|   12|     ap_fifo|      v281_6_7|       pointer|
|v281_6_7_fifo_cap         |   in|   12|     ap_fifo|      v281_6_7|       pointer|
|v281_6_7_full_n           |   in|    1|     ap_fifo|      v281_6_7|       pointer|
|v281_6_7_write            |  out|    1|     ap_fifo|      v281_6_7|       pointer|
|v281_7_0_din              |  out|   32|     ap_fifo|      v281_7_0|       pointer|
|v281_7_0_num_data_valid   |   in|   12|     ap_fifo|      v281_7_0|       pointer|
|v281_7_0_fifo_cap         |   in|   12|     ap_fifo|      v281_7_0|       pointer|
|v281_7_0_full_n           |   in|    1|     ap_fifo|      v281_7_0|       pointer|
|v281_7_0_write            |  out|    1|     ap_fifo|      v281_7_0|       pointer|
|v281_7_1_din              |  out|   32|     ap_fifo|      v281_7_1|       pointer|
|v281_7_1_num_data_valid   |   in|   12|     ap_fifo|      v281_7_1|       pointer|
|v281_7_1_fifo_cap         |   in|   12|     ap_fifo|      v281_7_1|       pointer|
|v281_7_1_full_n           |   in|    1|     ap_fifo|      v281_7_1|       pointer|
|v281_7_1_write            |  out|    1|     ap_fifo|      v281_7_1|       pointer|
|v281_7_2_din              |  out|   32|     ap_fifo|      v281_7_2|       pointer|
|v281_7_2_num_data_valid   |   in|   12|     ap_fifo|      v281_7_2|       pointer|
|v281_7_2_fifo_cap         |   in|   12|     ap_fifo|      v281_7_2|       pointer|
|v281_7_2_full_n           |   in|    1|     ap_fifo|      v281_7_2|       pointer|
|v281_7_2_write            |  out|    1|     ap_fifo|      v281_7_2|       pointer|
|v281_7_3_din              |  out|   32|     ap_fifo|      v281_7_3|       pointer|
|v281_7_3_num_data_valid   |   in|   12|     ap_fifo|      v281_7_3|       pointer|
|v281_7_3_fifo_cap         |   in|   12|     ap_fifo|      v281_7_3|       pointer|
|v281_7_3_full_n           |   in|    1|     ap_fifo|      v281_7_3|       pointer|
|v281_7_3_write            |  out|    1|     ap_fifo|      v281_7_3|       pointer|
|v281_7_4_din              |  out|   32|     ap_fifo|      v281_7_4|       pointer|
|v281_7_4_num_data_valid   |   in|   12|     ap_fifo|      v281_7_4|       pointer|
|v281_7_4_fifo_cap         |   in|   12|     ap_fifo|      v281_7_4|       pointer|
|v281_7_4_full_n           |   in|    1|     ap_fifo|      v281_7_4|       pointer|
|v281_7_4_write            |  out|    1|     ap_fifo|      v281_7_4|       pointer|
|v281_7_5_din              |  out|   32|     ap_fifo|      v281_7_5|       pointer|
|v281_7_5_num_data_valid   |   in|   12|     ap_fifo|      v281_7_5|       pointer|
|v281_7_5_fifo_cap         |   in|   12|     ap_fifo|      v281_7_5|       pointer|
|v281_7_5_full_n           |   in|    1|     ap_fifo|      v281_7_5|       pointer|
|v281_7_5_write            |  out|    1|     ap_fifo|      v281_7_5|       pointer|
|v281_7_6_din              |  out|   32|     ap_fifo|      v281_7_6|       pointer|
|v281_7_6_num_data_valid   |   in|   12|     ap_fifo|      v281_7_6|       pointer|
|v281_7_6_fifo_cap         |   in|   12|     ap_fifo|      v281_7_6|       pointer|
|v281_7_6_full_n           |   in|    1|     ap_fifo|      v281_7_6|       pointer|
|v281_7_6_write            |  out|    1|     ap_fifo|      v281_7_6|       pointer|
|v281_7_7_din              |  out|   32|     ap_fifo|      v281_7_7|       pointer|
|v281_7_7_num_data_valid   |   in|   12|     ap_fifo|      v281_7_7|       pointer|
|v281_7_7_fifo_cap         |   in|   12|     ap_fifo|      v281_7_7|       pointer|
|v281_7_7_full_n           |   in|    1|     ap_fifo|      v281_7_7|       pointer|
|v281_7_7_write            |  out|    1|     ap_fifo|      v281_7_7|       pointer|
|v281_8_0_din              |  out|   32|     ap_fifo|      v281_8_0|       pointer|
|v281_8_0_num_data_valid   |   in|   12|     ap_fifo|      v281_8_0|       pointer|
|v281_8_0_fifo_cap         |   in|   12|     ap_fifo|      v281_8_0|       pointer|
|v281_8_0_full_n           |   in|    1|     ap_fifo|      v281_8_0|       pointer|
|v281_8_0_write            |  out|    1|     ap_fifo|      v281_8_0|       pointer|
|v281_8_1_din              |  out|   32|     ap_fifo|      v281_8_1|       pointer|
|v281_8_1_num_data_valid   |   in|   12|     ap_fifo|      v281_8_1|       pointer|
|v281_8_1_fifo_cap         |   in|   12|     ap_fifo|      v281_8_1|       pointer|
|v281_8_1_full_n           |   in|    1|     ap_fifo|      v281_8_1|       pointer|
|v281_8_1_write            |  out|    1|     ap_fifo|      v281_8_1|       pointer|
|v281_8_2_din              |  out|   32|     ap_fifo|      v281_8_2|       pointer|
|v281_8_2_num_data_valid   |   in|   12|     ap_fifo|      v281_8_2|       pointer|
|v281_8_2_fifo_cap         |   in|   12|     ap_fifo|      v281_8_2|       pointer|
|v281_8_2_full_n           |   in|    1|     ap_fifo|      v281_8_2|       pointer|
|v281_8_2_write            |  out|    1|     ap_fifo|      v281_8_2|       pointer|
|v281_8_3_din              |  out|   32|     ap_fifo|      v281_8_3|       pointer|
|v281_8_3_num_data_valid   |   in|   12|     ap_fifo|      v281_8_3|       pointer|
|v281_8_3_fifo_cap         |   in|   12|     ap_fifo|      v281_8_3|       pointer|
|v281_8_3_full_n           |   in|    1|     ap_fifo|      v281_8_3|       pointer|
|v281_8_3_write            |  out|    1|     ap_fifo|      v281_8_3|       pointer|
|v281_8_4_din              |  out|   32|     ap_fifo|      v281_8_4|       pointer|
|v281_8_4_num_data_valid   |   in|   12|     ap_fifo|      v281_8_4|       pointer|
|v281_8_4_fifo_cap         |   in|   12|     ap_fifo|      v281_8_4|       pointer|
|v281_8_4_full_n           |   in|    1|     ap_fifo|      v281_8_4|       pointer|
|v281_8_4_write            |  out|    1|     ap_fifo|      v281_8_4|       pointer|
|v281_8_5_din              |  out|   32|     ap_fifo|      v281_8_5|       pointer|
|v281_8_5_num_data_valid   |   in|   12|     ap_fifo|      v281_8_5|       pointer|
|v281_8_5_fifo_cap         |   in|   12|     ap_fifo|      v281_8_5|       pointer|
|v281_8_5_full_n           |   in|    1|     ap_fifo|      v281_8_5|       pointer|
|v281_8_5_write            |  out|    1|     ap_fifo|      v281_8_5|       pointer|
|v281_8_6_din              |  out|   32|     ap_fifo|      v281_8_6|       pointer|
|v281_8_6_num_data_valid   |   in|   12|     ap_fifo|      v281_8_6|       pointer|
|v281_8_6_fifo_cap         |   in|   12|     ap_fifo|      v281_8_6|       pointer|
|v281_8_6_full_n           |   in|    1|     ap_fifo|      v281_8_6|       pointer|
|v281_8_6_write            |  out|    1|     ap_fifo|      v281_8_6|       pointer|
|v281_8_7_din              |  out|   32|     ap_fifo|      v281_8_7|       pointer|
|v281_8_7_num_data_valid   |   in|   12|     ap_fifo|      v281_8_7|       pointer|
|v281_8_7_fifo_cap         |   in|   12|     ap_fifo|      v281_8_7|       pointer|
|v281_8_7_full_n           |   in|    1|     ap_fifo|      v281_8_7|       pointer|
|v281_8_7_write            |  out|    1|     ap_fifo|      v281_8_7|       pointer|
|v281_9_0_din              |  out|   32|     ap_fifo|      v281_9_0|       pointer|
|v281_9_0_num_data_valid   |   in|   12|     ap_fifo|      v281_9_0|       pointer|
|v281_9_0_fifo_cap         |   in|   12|     ap_fifo|      v281_9_0|       pointer|
|v281_9_0_full_n           |   in|    1|     ap_fifo|      v281_9_0|       pointer|
|v281_9_0_write            |  out|    1|     ap_fifo|      v281_9_0|       pointer|
|v281_9_1_din              |  out|   32|     ap_fifo|      v281_9_1|       pointer|
|v281_9_1_num_data_valid   |   in|   12|     ap_fifo|      v281_9_1|       pointer|
|v281_9_1_fifo_cap         |   in|   12|     ap_fifo|      v281_9_1|       pointer|
|v281_9_1_full_n           |   in|    1|     ap_fifo|      v281_9_1|       pointer|
|v281_9_1_write            |  out|    1|     ap_fifo|      v281_9_1|       pointer|
|v281_9_2_din              |  out|   32|     ap_fifo|      v281_9_2|       pointer|
|v281_9_2_num_data_valid   |   in|   12|     ap_fifo|      v281_9_2|       pointer|
|v281_9_2_fifo_cap         |   in|   12|     ap_fifo|      v281_9_2|       pointer|
|v281_9_2_full_n           |   in|    1|     ap_fifo|      v281_9_2|       pointer|
|v281_9_2_write            |  out|    1|     ap_fifo|      v281_9_2|       pointer|
|v281_9_3_din              |  out|   32|     ap_fifo|      v281_9_3|       pointer|
|v281_9_3_num_data_valid   |   in|   12|     ap_fifo|      v281_9_3|       pointer|
|v281_9_3_fifo_cap         |   in|   12|     ap_fifo|      v281_9_3|       pointer|
|v281_9_3_full_n           |   in|    1|     ap_fifo|      v281_9_3|       pointer|
|v281_9_3_write            |  out|    1|     ap_fifo|      v281_9_3|       pointer|
|v281_9_4_din              |  out|   32|     ap_fifo|      v281_9_4|       pointer|
|v281_9_4_num_data_valid   |   in|   12|     ap_fifo|      v281_9_4|       pointer|
|v281_9_4_fifo_cap         |   in|   12|     ap_fifo|      v281_9_4|       pointer|
|v281_9_4_full_n           |   in|    1|     ap_fifo|      v281_9_4|       pointer|
|v281_9_4_write            |  out|    1|     ap_fifo|      v281_9_4|       pointer|
|v281_9_5_din              |  out|   32|     ap_fifo|      v281_9_5|       pointer|
|v281_9_5_num_data_valid   |   in|   12|     ap_fifo|      v281_9_5|       pointer|
|v281_9_5_fifo_cap         |   in|   12|     ap_fifo|      v281_9_5|       pointer|
|v281_9_5_full_n           |   in|    1|     ap_fifo|      v281_9_5|       pointer|
|v281_9_5_write            |  out|    1|     ap_fifo|      v281_9_5|       pointer|
|v281_9_6_din              |  out|   32|     ap_fifo|      v281_9_6|       pointer|
|v281_9_6_num_data_valid   |   in|   12|     ap_fifo|      v281_9_6|       pointer|
|v281_9_6_fifo_cap         |   in|   12|     ap_fifo|      v281_9_6|       pointer|
|v281_9_6_full_n           |   in|    1|     ap_fifo|      v281_9_6|       pointer|
|v281_9_6_write            |  out|    1|     ap_fifo|      v281_9_6|       pointer|
|v281_9_7_din              |  out|   32|     ap_fifo|      v281_9_7|       pointer|
|v281_9_7_num_data_valid   |   in|   12|     ap_fifo|      v281_9_7|       pointer|
|v281_9_7_fifo_cap         |   in|   12|     ap_fifo|      v281_9_7|       pointer|
|v281_9_7_full_n           |   in|    1|     ap_fifo|      v281_9_7|       pointer|
|v281_9_7_write            |  out|    1|     ap_fifo|      v281_9_7|       pointer|
|v281_10_0_din             |  out|   32|     ap_fifo|     v281_10_0|       pointer|
|v281_10_0_num_data_valid  |   in|   12|     ap_fifo|     v281_10_0|       pointer|
|v281_10_0_fifo_cap        |   in|   12|     ap_fifo|     v281_10_0|       pointer|
|v281_10_0_full_n          |   in|    1|     ap_fifo|     v281_10_0|       pointer|
|v281_10_0_write           |  out|    1|     ap_fifo|     v281_10_0|       pointer|
|v281_10_1_din             |  out|   32|     ap_fifo|     v281_10_1|       pointer|
|v281_10_1_num_data_valid  |   in|   12|     ap_fifo|     v281_10_1|       pointer|
|v281_10_1_fifo_cap        |   in|   12|     ap_fifo|     v281_10_1|       pointer|
|v281_10_1_full_n          |   in|    1|     ap_fifo|     v281_10_1|       pointer|
|v281_10_1_write           |  out|    1|     ap_fifo|     v281_10_1|       pointer|
|v281_10_2_din             |  out|   32|     ap_fifo|     v281_10_2|       pointer|
|v281_10_2_num_data_valid  |   in|   12|     ap_fifo|     v281_10_2|       pointer|
|v281_10_2_fifo_cap        |   in|   12|     ap_fifo|     v281_10_2|       pointer|
|v281_10_2_full_n          |   in|    1|     ap_fifo|     v281_10_2|       pointer|
|v281_10_2_write           |  out|    1|     ap_fifo|     v281_10_2|       pointer|
|v281_10_3_din             |  out|   32|     ap_fifo|     v281_10_3|       pointer|
|v281_10_3_num_data_valid  |   in|   12|     ap_fifo|     v281_10_3|       pointer|
|v281_10_3_fifo_cap        |   in|   12|     ap_fifo|     v281_10_3|       pointer|
|v281_10_3_full_n          |   in|    1|     ap_fifo|     v281_10_3|       pointer|
|v281_10_3_write           |  out|    1|     ap_fifo|     v281_10_3|       pointer|
|v281_10_4_din             |  out|   32|     ap_fifo|     v281_10_4|       pointer|
|v281_10_4_num_data_valid  |   in|   12|     ap_fifo|     v281_10_4|       pointer|
|v281_10_4_fifo_cap        |   in|   12|     ap_fifo|     v281_10_4|       pointer|
|v281_10_4_full_n          |   in|    1|     ap_fifo|     v281_10_4|       pointer|
|v281_10_4_write           |  out|    1|     ap_fifo|     v281_10_4|       pointer|
|v281_10_5_din             |  out|   32|     ap_fifo|     v281_10_5|       pointer|
|v281_10_5_num_data_valid  |   in|   12|     ap_fifo|     v281_10_5|       pointer|
|v281_10_5_fifo_cap        |   in|   12|     ap_fifo|     v281_10_5|       pointer|
|v281_10_5_full_n          |   in|    1|     ap_fifo|     v281_10_5|       pointer|
|v281_10_5_write           |  out|    1|     ap_fifo|     v281_10_5|       pointer|
|v281_10_6_din             |  out|   32|     ap_fifo|     v281_10_6|       pointer|
|v281_10_6_num_data_valid  |   in|   12|     ap_fifo|     v281_10_6|       pointer|
|v281_10_6_fifo_cap        |   in|   12|     ap_fifo|     v281_10_6|       pointer|
|v281_10_6_full_n          |   in|    1|     ap_fifo|     v281_10_6|       pointer|
|v281_10_6_write           |  out|    1|     ap_fifo|     v281_10_6|       pointer|
|v281_10_7_din             |  out|   32|     ap_fifo|     v281_10_7|       pointer|
|v281_10_7_num_data_valid  |   in|   12|     ap_fifo|     v281_10_7|       pointer|
|v281_10_7_fifo_cap        |   in|   12|     ap_fifo|     v281_10_7|       pointer|
|v281_10_7_full_n          |   in|    1|     ap_fifo|     v281_10_7|       pointer|
|v281_10_7_write           |  out|    1|     ap_fifo|     v281_10_7|       pointer|
|v281_11_0_din             |  out|   32|     ap_fifo|     v281_11_0|       pointer|
|v281_11_0_num_data_valid  |   in|   12|     ap_fifo|     v281_11_0|       pointer|
|v281_11_0_fifo_cap        |   in|   12|     ap_fifo|     v281_11_0|       pointer|
|v281_11_0_full_n          |   in|    1|     ap_fifo|     v281_11_0|       pointer|
|v281_11_0_write           |  out|    1|     ap_fifo|     v281_11_0|       pointer|
|v281_11_1_din             |  out|   32|     ap_fifo|     v281_11_1|       pointer|
|v281_11_1_num_data_valid  |   in|   12|     ap_fifo|     v281_11_1|       pointer|
|v281_11_1_fifo_cap        |   in|   12|     ap_fifo|     v281_11_1|       pointer|
|v281_11_1_full_n          |   in|    1|     ap_fifo|     v281_11_1|       pointer|
|v281_11_1_write           |  out|    1|     ap_fifo|     v281_11_1|       pointer|
|v281_11_2_din             |  out|   32|     ap_fifo|     v281_11_2|       pointer|
|v281_11_2_num_data_valid  |   in|   12|     ap_fifo|     v281_11_2|       pointer|
|v281_11_2_fifo_cap        |   in|   12|     ap_fifo|     v281_11_2|       pointer|
|v281_11_2_full_n          |   in|    1|     ap_fifo|     v281_11_2|       pointer|
|v281_11_2_write           |  out|    1|     ap_fifo|     v281_11_2|       pointer|
|v281_11_3_din             |  out|   32|     ap_fifo|     v281_11_3|       pointer|
|v281_11_3_num_data_valid  |   in|   12|     ap_fifo|     v281_11_3|       pointer|
|v281_11_3_fifo_cap        |   in|   12|     ap_fifo|     v281_11_3|       pointer|
|v281_11_3_full_n          |   in|    1|     ap_fifo|     v281_11_3|       pointer|
|v281_11_3_write           |  out|    1|     ap_fifo|     v281_11_3|       pointer|
|v281_11_4_din             |  out|   32|     ap_fifo|     v281_11_4|       pointer|
|v281_11_4_num_data_valid  |   in|   12|     ap_fifo|     v281_11_4|       pointer|
|v281_11_4_fifo_cap        |   in|   12|     ap_fifo|     v281_11_4|       pointer|
|v281_11_4_full_n          |   in|    1|     ap_fifo|     v281_11_4|       pointer|
|v281_11_4_write           |  out|    1|     ap_fifo|     v281_11_4|       pointer|
|v281_11_5_din             |  out|   32|     ap_fifo|     v281_11_5|       pointer|
|v281_11_5_num_data_valid  |   in|   12|     ap_fifo|     v281_11_5|       pointer|
|v281_11_5_fifo_cap        |   in|   12|     ap_fifo|     v281_11_5|       pointer|
|v281_11_5_full_n          |   in|    1|     ap_fifo|     v281_11_5|       pointer|
|v281_11_5_write           |  out|    1|     ap_fifo|     v281_11_5|       pointer|
|v281_11_6_din             |  out|   32|     ap_fifo|     v281_11_6|       pointer|
|v281_11_6_num_data_valid  |   in|   12|     ap_fifo|     v281_11_6|       pointer|
|v281_11_6_fifo_cap        |   in|   12|     ap_fifo|     v281_11_6|       pointer|
|v281_11_6_full_n          |   in|    1|     ap_fifo|     v281_11_6|       pointer|
|v281_11_6_write           |  out|    1|     ap_fifo|     v281_11_6|       pointer|
|v281_11_7_din             |  out|   32|     ap_fifo|     v281_11_7|       pointer|
|v281_11_7_num_data_valid  |   in|   12|     ap_fifo|     v281_11_7|       pointer|
|v281_11_7_fifo_cap        |   in|   12|     ap_fifo|     v281_11_7|       pointer|
|v281_11_7_full_n          |   in|    1|     ap_fifo|     v281_11_7|       pointer|
|v281_11_7_write           |  out|    1|     ap_fifo|     v281_11_7|       pointer|
|v281_12_0_din             |  out|   32|     ap_fifo|     v281_12_0|       pointer|
|v281_12_0_num_data_valid  |   in|   12|     ap_fifo|     v281_12_0|       pointer|
|v281_12_0_fifo_cap        |   in|   12|     ap_fifo|     v281_12_0|       pointer|
|v281_12_0_full_n          |   in|    1|     ap_fifo|     v281_12_0|       pointer|
|v281_12_0_write           |  out|    1|     ap_fifo|     v281_12_0|       pointer|
|v281_12_1_din             |  out|   32|     ap_fifo|     v281_12_1|       pointer|
|v281_12_1_num_data_valid  |   in|   12|     ap_fifo|     v281_12_1|       pointer|
|v281_12_1_fifo_cap        |   in|   12|     ap_fifo|     v281_12_1|       pointer|
|v281_12_1_full_n          |   in|    1|     ap_fifo|     v281_12_1|       pointer|
|v281_12_1_write           |  out|    1|     ap_fifo|     v281_12_1|       pointer|
|v281_12_2_din             |  out|   32|     ap_fifo|     v281_12_2|       pointer|
|v281_12_2_num_data_valid  |   in|   12|     ap_fifo|     v281_12_2|       pointer|
|v281_12_2_fifo_cap        |   in|   12|     ap_fifo|     v281_12_2|       pointer|
|v281_12_2_full_n          |   in|    1|     ap_fifo|     v281_12_2|       pointer|
|v281_12_2_write           |  out|    1|     ap_fifo|     v281_12_2|       pointer|
|v281_12_3_din             |  out|   32|     ap_fifo|     v281_12_3|       pointer|
|v281_12_3_num_data_valid  |   in|   12|     ap_fifo|     v281_12_3|       pointer|
|v281_12_3_fifo_cap        |   in|   12|     ap_fifo|     v281_12_3|       pointer|
|v281_12_3_full_n          |   in|    1|     ap_fifo|     v281_12_3|       pointer|
|v281_12_3_write           |  out|    1|     ap_fifo|     v281_12_3|       pointer|
|v281_12_4_din             |  out|   32|     ap_fifo|     v281_12_4|       pointer|
|v281_12_4_num_data_valid  |   in|   12|     ap_fifo|     v281_12_4|       pointer|
|v281_12_4_fifo_cap        |   in|   12|     ap_fifo|     v281_12_4|       pointer|
|v281_12_4_full_n          |   in|    1|     ap_fifo|     v281_12_4|       pointer|
|v281_12_4_write           |  out|    1|     ap_fifo|     v281_12_4|       pointer|
|v281_12_5_din             |  out|   32|     ap_fifo|     v281_12_5|       pointer|
|v281_12_5_num_data_valid  |   in|   12|     ap_fifo|     v281_12_5|       pointer|
|v281_12_5_fifo_cap        |   in|   12|     ap_fifo|     v281_12_5|       pointer|
|v281_12_5_full_n          |   in|    1|     ap_fifo|     v281_12_5|       pointer|
|v281_12_5_write           |  out|    1|     ap_fifo|     v281_12_5|       pointer|
|v281_12_6_din             |  out|   32|     ap_fifo|     v281_12_6|       pointer|
|v281_12_6_num_data_valid  |   in|   12|     ap_fifo|     v281_12_6|       pointer|
|v281_12_6_fifo_cap        |   in|   12|     ap_fifo|     v281_12_6|       pointer|
|v281_12_6_full_n          |   in|    1|     ap_fifo|     v281_12_6|       pointer|
|v281_12_6_write           |  out|    1|     ap_fifo|     v281_12_6|       pointer|
|v281_12_7_din             |  out|   32|     ap_fifo|     v281_12_7|       pointer|
|v281_12_7_num_data_valid  |   in|   12|     ap_fifo|     v281_12_7|       pointer|
|v281_12_7_fifo_cap        |   in|   12|     ap_fifo|     v281_12_7|       pointer|
|v281_12_7_full_n          |   in|    1|     ap_fifo|     v281_12_7|       pointer|
|v281_12_7_write           |  out|    1|     ap_fifo|     v281_12_7|       pointer|
|v281_13_0_din             |  out|   32|     ap_fifo|     v281_13_0|       pointer|
|v281_13_0_num_data_valid  |   in|   12|     ap_fifo|     v281_13_0|       pointer|
|v281_13_0_fifo_cap        |   in|   12|     ap_fifo|     v281_13_0|       pointer|
|v281_13_0_full_n          |   in|    1|     ap_fifo|     v281_13_0|       pointer|
|v281_13_0_write           |  out|    1|     ap_fifo|     v281_13_0|       pointer|
|v281_13_1_din             |  out|   32|     ap_fifo|     v281_13_1|       pointer|
|v281_13_1_num_data_valid  |   in|   12|     ap_fifo|     v281_13_1|       pointer|
|v281_13_1_fifo_cap        |   in|   12|     ap_fifo|     v281_13_1|       pointer|
|v281_13_1_full_n          |   in|    1|     ap_fifo|     v281_13_1|       pointer|
|v281_13_1_write           |  out|    1|     ap_fifo|     v281_13_1|       pointer|
|v281_13_2_din             |  out|   32|     ap_fifo|     v281_13_2|       pointer|
|v281_13_2_num_data_valid  |   in|   12|     ap_fifo|     v281_13_2|       pointer|
|v281_13_2_fifo_cap        |   in|   12|     ap_fifo|     v281_13_2|       pointer|
|v281_13_2_full_n          |   in|    1|     ap_fifo|     v281_13_2|       pointer|
|v281_13_2_write           |  out|    1|     ap_fifo|     v281_13_2|       pointer|
|v281_13_3_din             |  out|   32|     ap_fifo|     v281_13_3|       pointer|
|v281_13_3_num_data_valid  |   in|   12|     ap_fifo|     v281_13_3|       pointer|
|v281_13_3_fifo_cap        |   in|   12|     ap_fifo|     v281_13_3|       pointer|
|v281_13_3_full_n          |   in|    1|     ap_fifo|     v281_13_3|       pointer|
|v281_13_3_write           |  out|    1|     ap_fifo|     v281_13_3|       pointer|
|v281_13_4_din             |  out|   32|     ap_fifo|     v281_13_4|       pointer|
|v281_13_4_num_data_valid  |   in|   12|     ap_fifo|     v281_13_4|       pointer|
|v281_13_4_fifo_cap        |   in|   12|     ap_fifo|     v281_13_4|       pointer|
|v281_13_4_full_n          |   in|    1|     ap_fifo|     v281_13_4|       pointer|
|v281_13_4_write           |  out|    1|     ap_fifo|     v281_13_4|       pointer|
|v281_13_5_din             |  out|   32|     ap_fifo|     v281_13_5|       pointer|
|v281_13_5_num_data_valid  |   in|   12|     ap_fifo|     v281_13_5|       pointer|
|v281_13_5_fifo_cap        |   in|   12|     ap_fifo|     v281_13_5|       pointer|
|v281_13_5_full_n          |   in|    1|     ap_fifo|     v281_13_5|       pointer|
|v281_13_5_write           |  out|    1|     ap_fifo|     v281_13_5|       pointer|
|v281_13_6_din             |  out|   32|     ap_fifo|     v281_13_6|       pointer|
|v281_13_6_num_data_valid  |   in|   12|     ap_fifo|     v281_13_6|       pointer|
|v281_13_6_fifo_cap        |   in|   12|     ap_fifo|     v281_13_6|       pointer|
|v281_13_6_full_n          |   in|    1|     ap_fifo|     v281_13_6|       pointer|
|v281_13_6_write           |  out|    1|     ap_fifo|     v281_13_6|       pointer|
|v281_13_7_din             |  out|   32|     ap_fifo|     v281_13_7|       pointer|
|v281_13_7_num_data_valid  |   in|   12|     ap_fifo|     v281_13_7|       pointer|
|v281_13_7_fifo_cap        |   in|   12|     ap_fifo|     v281_13_7|       pointer|
|v281_13_7_full_n          |   in|    1|     ap_fifo|     v281_13_7|       pointer|
|v281_13_7_write           |  out|    1|     ap_fifo|     v281_13_7|       pointer|
|v281_14_0_din             |  out|   32|     ap_fifo|     v281_14_0|       pointer|
|v281_14_0_num_data_valid  |   in|   12|     ap_fifo|     v281_14_0|       pointer|
|v281_14_0_fifo_cap        |   in|   12|     ap_fifo|     v281_14_0|       pointer|
|v281_14_0_full_n          |   in|    1|     ap_fifo|     v281_14_0|       pointer|
|v281_14_0_write           |  out|    1|     ap_fifo|     v281_14_0|       pointer|
|v281_14_1_din             |  out|   32|     ap_fifo|     v281_14_1|       pointer|
|v281_14_1_num_data_valid  |   in|   12|     ap_fifo|     v281_14_1|       pointer|
|v281_14_1_fifo_cap        |   in|   12|     ap_fifo|     v281_14_1|       pointer|
|v281_14_1_full_n          |   in|    1|     ap_fifo|     v281_14_1|       pointer|
|v281_14_1_write           |  out|    1|     ap_fifo|     v281_14_1|       pointer|
|v281_14_2_din             |  out|   32|     ap_fifo|     v281_14_2|       pointer|
|v281_14_2_num_data_valid  |   in|   12|     ap_fifo|     v281_14_2|       pointer|
|v281_14_2_fifo_cap        |   in|   12|     ap_fifo|     v281_14_2|       pointer|
|v281_14_2_full_n          |   in|    1|     ap_fifo|     v281_14_2|       pointer|
|v281_14_2_write           |  out|    1|     ap_fifo|     v281_14_2|       pointer|
|v281_14_3_din             |  out|   32|     ap_fifo|     v281_14_3|       pointer|
|v281_14_3_num_data_valid  |   in|   12|     ap_fifo|     v281_14_3|       pointer|
|v281_14_3_fifo_cap        |   in|   12|     ap_fifo|     v281_14_3|       pointer|
|v281_14_3_full_n          |   in|    1|     ap_fifo|     v281_14_3|       pointer|
|v281_14_3_write           |  out|    1|     ap_fifo|     v281_14_3|       pointer|
|v281_14_4_din             |  out|   32|     ap_fifo|     v281_14_4|       pointer|
|v281_14_4_num_data_valid  |   in|   12|     ap_fifo|     v281_14_4|       pointer|
|v281_14_4_fifo_cap        |   in|   12|     ap_fifo|     v281_14_4|       pointer|
|v281_14_4_full_n          |   in|    1|     ap_fifo|     v281_14_4|       pointer|
|v281_14_4_write           |  out|    1|     ap_fifo|     v281_14_4|       pointer|
|v281_14_5_din             |  out|   32|     ap_fifo|     v281_14_5|       pointer|
|v281_14_5_num_data_valid  |   in|   12|     ap_fifo|     v281_14_5|       pointer|
|v281_14_5_fifo_cap        |   in|   12|     ap_fifo|     v281_14_5|       pointer|
|v281_14_5_full_n          |   in|    1|     ap_fifo|     v281_14_5|       pointer|
|v281_14_5_write           |  out|    1|     ap_fifo|     v281_14_5|       pointer|
|v281_14_6_din             |  out|   32|     ap_fifo|     v281_14_6|       pointer|
|v281_14_6_num_data_valid  |   in|   12|     ap_fifo|     v281_14_6|       pointer|
|v281_14_6_fifo_cap        |   in|   12|     ap_fifo|     v281_14_6|       pointer|
|v281_14_6_full_n          |   in|    1|     ap_fifo|     v281_14_6|       pointer|
|v281_14_6_write           |  out|    1|     ap_fifo|     v281_14_6|       pointer|
|v281_14_7_din             |  out|   32|     ap_fifo|     v281_14_7|       pointer|
|v281_14_7_num_data_valid  |   in|   12|     ap_fifo|     v281_14_7|       pointer|
|v281_14_7_fifo_cap        |   in|   12|     ap_fifo|     v281_14_7|       pointer|
|v281_14_7_full_n          |   in|    1|     ap_fifo|     v281_14_7|       pointer|
|v281_14_7_write           |  out|    1|     ap_fifo|     v281_14_7|       pointer|
|v281_15_0_din             |  out|   32|     ap_fifo|     v281_15_0|       pointer|
|v281_15_0_num_data_valid  |   in|   12|     ap_fifo|     v281_15_0|       pointer|
|v281_15_0_fifo_cap        |   in|   12|     ap_fifo|     v281_15_0|       pointer|
|v281_15_0_full_n          |   in|    1|     ap_fifo|     v281_15_0|       pointer|
|v281_15_0_write           |  out|    1|     ap_fifo|     v281_15_0|       pointer|
|v281_15_1_din             |  out|   32|     ap_fifo|     v281_15_1|       pointer|
|v281_15_1_num_data_valid  |   in|   12|     ap_fifo|     v281_15_1|       pointer|
|v281_15_1_fifo_cap        |   in|   12|     ap_fifo|     v281_15_1|       pointer|
|v281_15_1_full_n          |   in|    1|     ap_fifo|     v281_15_1|       pointer|
|v281_15_1_write           |  out|    1|     ap_fifo|     v281_15_1|       pointer|
|v281_15_2_din             |  out|   32|     ap_fifo|     v281_15_2|       pointer|
|v281_15_2_num_data_valid  |   in|   12|     ap_fifo|     v281_15_2|       pointer|
|v281_15_2_fifo_cap        |   in|   12|     ap_fifo|     v281_15_2|       pointer|
|v281_15_2_full_n          |   in|    1|     ap_fifo|     v281_15_2|       pointer|
|v281_15_2_write           |  out|    1|     ap_fifo|     v281_15_2|       pointer|
|v281_15_3_din             |  out|   32|     ap_fifo|     v281_15_3|       pointer|
|v281_15_3_num_data_valid  |   in|   12|     ap_fifo|     v281_15_3|       pointer|
|v281_15_3_fifo_cap        |   in|   12|     ap_fifo|     v281_15_3|       pointer|
|v281_15_3_full_n          |   in|    1|     ap_fifo|     v281_15_3|       pointer|
|v281_15_3_write           |  out|    1|     ap_fifo|     v281_15_3|       pointer|
|v281_15_4_din             |  out|   32|     ap_fifo|     v281_15_4|       pointer|
|v281_15_4_num_data_valid  |   in|   12|     ap_fifo|     v281_15_4|       pointer|
|v281_15_4_fifo_cap        |   in|   12|     ap_fifo|     v281_15_4|       pointer|
|v281_15_4_full_n          |   in|    1|     ap_fifo|     v281_15_4|       pointer|
|v281_15_4_write           |  out|    1|     ap_fifo|     v281_15_4|       pointer|
|v281_15_5_din             |  out|   32|     ap_fifo|     v281_15_5|       pointer|
|v281_15_5_num_data_valid  |   in|   12|     ap_fifo|     v281_15_5|       pointer|
|v281_15_5_fifo_cap        |   in|   12|     ap_fifo|     v281_15_5|       pointer|
|v281_15_5_full_n          |   in|    1|     ap_fifo|     v281_15_5|       pointer|
|v281_15_5_write           |  out|    1|     ap_fifo|     v281_15_5|       pointer|
|v281_15_6_din             |  out|   32|     ap_fifo|     v281_15_6|       pointer|
|v281_15_6_num_data_valid  |   in|   12|     ap_fifo|     v281_15_6|       pointer|
|v281_15_6_fifo_cap        |   in|   12|     ap_fifo|     v281_15_6|       pointer|
|v281_15_6_full_n          |   in|    1|     ap_fifo|     v281_15_6|       pointer|
|v281_15_6_write           |  out|    1|     ap_fifo|     v281_15_6|       pointer|
|v281_15_7_din             |  out|   32|     ap_fifo|     v281_15_7|       pointer|
|v281_15_7_num_data_valid  |   in|   12|     ap_fifo|     v281_15_7|       pointer|
|v281_15_7_fifo_cap        |   in|   12|     ap_fifo|     v281_15_7|       pointer|
|v281_15_7_full_n          |   in|    1|     ap_fifo|     v281_15_7|       pointer|
|v281_15_7_write           |  out|    1|     ap_fifo|     v281_15_7|       pointer|
|v252_address0             |  out|   18|   ap_memory|          v252|         array|
|v252_ce0                  |  out|    1|   ap_memory|          v252|         array|
|v252_q0                   |   in|   32|   ap_memory|          v252|         array|
|v252_address1             |  out|   18|   ap_memory|          v252|         array|
|v252_ce1                  |  out|    1|   ap_memory|          v252|         array|
|v252_q1                   |   in|   32|   ap_memory|          v252|         array|
+--------------------------+-----+-----+------------+--------------+--------------+

