

================================================================
== Synthesis Summary Report of 'forward'
================================================================
+ General Information: 
    * Date:           Wed Oct  2 17:40:44 2024
    * Version:        2023.2 (Build 4023990 on Oct 11 2023)
    * Project:        hls_MultiHeadSelfAttention1
    * Solution:       solution1 (Vivado IP Flow Target)
    * Product family: virtexuplusHBM
    * Target device:  xcu280-fsvh2892-2L-e
    

+ Performance & Resource Estimates: 
    
    PS: '+' for module; 'o' for loop; '*' for dataflow
    +---------------------------------+--------+-------+----------+-----------+----------+---------+---------+----------+-----------+----------+-------------+------------+-----+
    |             Modules             |  Issue |       | Latency  |  Latency  | Iteration|         |   Trip  |          |           |          |             |            |     |
    |             & Loops             |  Type  | Slack | (cycles) |    (ns)   |  Latency | Interval|  Count  | Pipelined|   BRAM    |    DSP   |      FF     |     LUT    | URAM|
    +---------------------------------+--------+-------+----------+-----------+----------+---------+---------+----------+-----------+----------+-------------+------------+-----+
    |+ forward*                       |  Timing|  -0.38|  10518669|  3.503e+07|         -|  4194317|        -|  dataflow|  948 (23%)|  38 (~0%)|  13990 (~0%)|  17397 (1%)|    -|
    | + node25                        |  Timing|  -0.06|      8196|  2.729e+04|         -|     8196|        -|        no|          -|         -|     81 (~0%)|   230 (~0%)|    -|
    |  o loop67_loop68                |       -|   2.43|      8194|  2.729e+04|         4|        1|     8192|       yes|          -|         -|            -|           -|    -|
    | + node24                        |  Timing|  -0.06|     16388|  5.457e+04|         -|    16388|        -|        no|          -|         -|    162 (~0%)|   259 (~0%)|    -|
    |  o loop65_loop66                |       -|   2.43|     16386|  5.457e+04|         4|        1|    16384|       yes|          -|         -|            -|           -|    -|
    | + node21                        |  Timing|  -0.06|     16388|  5.457e+04|         -|    16388|        -|        no|          -|         -|    162 (~0%)|   259 (~0%)|    -|
    |  o loop58_loop59                |       -|   2.43|     16386|  5.457e+04|         4|        1|    16384|       yes|          -|         -|            -|           -|    -|
    | + node18                        |  Timing|  -0.06|     16388|  5.457e+04|         -|    16388|        -|        no|          -|         -|    162 (~0%)|   259 (~0%)|    -|
    |  o loop51_loop52                |       -|   2.43|     16386|  5.457e+04|         4|        1|    16384|       yes|          -|         -|            -|           -|    -|
    | + node3                         |  Timing|  -0.06|     16388|  5.457e+04|         -|    16388|        -|        no|          -|         -|    162 (~0%)|   259 (~0%)|    -|
    |  o loop7_loop8                  |       -|   2.43|     16386|  5.457e+04|         4|        1|    16384|       yes|          -|         -|            -|           -|    -|
    | + node23                        |  Timing|  -0.27|   4194316|  1.397e+07|         -|  4194316|        -|        no|    64 (1%)|   3 (~0%)|   1049 (~0%)|  1224 (~0%)|    -|
    |  o loop62_loop63_loop64         |      II|   2.43|   4194314|  1.397e+07|        15|        4|  1048576|       yes|          -|         -|            -|           -|    -|
    | + node20                        |  Timing|  -0.27|   4194316|  1.397e+07|         -|  4194316|        -|        no|    64 (1%)|   3 (~0%)|   1049 (~0%)|  1224 (~0%)|    -|
    |  o loop55_loop56_loop57         |      II|   2.43|   4194314|  1.397e+07|        15|        4|  1048576|       yes|          -|         -|            -|           -|    -|
    | + node17                        |  Timing|  -0.27|   4194316|  1.397e+07|         -|  4194316|        -|        no|    64 (1%)|   3 (~0%)|   1049 (~0%)|  1224 (~0%)|    -|
    |  o loop48_loop49_loop50         |      II|   2.43|   4194314|  1.397e+07|        15|        4|  1048576|       yes|          -|         -|            -|           -|    -|
    | + node22                        |  Timing|  -0.06|      8202|  2.731e+04|         -|     8202|        -|        no|          -|   2 (~0%)|    620 (~0%)|   472 (~0%)|    -|
    |  o loop60_loop61                |       -|   2.43|      8200|  2.731e+04|        10|        1|     8192|       yes|          -|         -|            -|           -|    -|
    | + node19                        |  Timing|  -0.06|      8202|  2.731e+04|         -|     8202|        -|        no|          -|   2 (~0%)|    620 (~0%)|   472 (~0%)|    -|
    |  o loop53_loop54                |       -|   2.43|      8200|  2.731e+04|        10|        1|     8192|       yes|          -|         -|            -|           -|    -|
    | + node16                        |  Timing|  -0.06|      8202|  2.731e+04|         -|     8202|        -|        no|          -|   2 (~0%)|    620 (~0%)|   472 (~0%)|    -|
    |  o loop46_loop47                |       -|   2.43|      8200|  2.731e+04|        10|        1|     8192|       yes|          -|         -|            -|           -|    -|
    | + node15                        |  Timing|  -0.16|      8197|  2.730e+04|         -|     8197|        -|        no|          -|         -|     99 (~0%)|   312 (~0%)|    -|
    |  o loop43_loop44_loop45         |       -|   2.43|      8195|  2.729e+04|         5|        1|     8192|       yes|          -|         -|            -|           -|    -|
    | + node14                        |  Timing|  -0.35|      8196|  2.729e+04|         -|     8196|        -|        no|          -|         -|    128 (~0%)|   321 (~0%)|    -|
    |  o loop40_loop41_loop42         |       -|   2.43|      8194|  2.729e+04|         4|        1|     8192|       yes|          -|         -|            -|           -|    -|
    | + node7                         |  Timing|  -0.16|      8197|  2.730e+04|         -|     8197|        -|        no|          -|         -|    133 (~0%)|   339 (~0%)|    -|
    |  o loop18_loop19_loop20         |       -|   2.43|      8195|  2.729e+04|         5|        1|     8192|       yes|          -|         -|            -|           -|    -|
    | + node13                        |  Timing|  -0.27|   2097164|  6.984e+06|         -|  2097164|        -|        no|    96 (2%)|   3 (~0%)|   1080 (~0%)|  1356 (~0%)|    -|
    |  o loop36_loop37_loop38_loop39  |      II|   2.43|   2097162|  6.984e+06|        15|        4|   524288|       yes|          -|         -|            -|           -|    -|
    | + node12                        |       -|   0.11|     32775|  1.091e+05|         -|    32775|        -|        no|          -|   3 (~0%)|    237 (~0%)|   205 (~0%)|    -|
    |  o loop33_loop34_loop35         |       -|   2.43|     32773|  1.091e+05|         7|        1|    32768|       yes|          -|         -|            -|           -|    -|
    | + node11                        |  Timing|  -0.19|     32774|  1.091e+05|         -|    32774|        -|        no|    1 (~0%)|         -|    531 (~0%)|   962 (~0%)|    -|
    |  o loop30_loop31_loop32         |       -|   2.43|     32772|  1.091e+05|         6|        1|    32768|       yes|          -|         -|            -|           -|    -|
    | + node10                        |  Timing|  -0.12|     32792|  1.092e+05|         -|    32792|        -|        no|          -|   9 (~0%)|    848 (~0%)|  1232 (~0%)|    -|
    |  o loop27_loop28_loop29         |       -|   2.43|     32790|  1.092e+05|        24|        1|    32768|       yes|          -|         -|            -|           -|    -|
    | + node9                         |  Timing|  -0.27|    131078|  4.365e+05|         -|   131078|        -|        no|    1 (~0%)|         -|    471 (~0%)|   858 (~0%)|    -|
    |  o loop24_loop25_loop26         |      II|   2.43|    131076|  4.365e+05|         9|        4|    32768|       yes|          -|         -|            -|           -|    -|
    | + node8                         |  Timing|  -0.12|     32783|  1.092e+05|         -|    32783|        -|        no|          -|         -|    163 (~0%)|   266 (~0%)|    -|
    |  o loop21_loop22_loop23         |       -|   2.43|     32781|  1.092e+05|        15|        1|    32768|       yes|          -|         -|            -|           -|    -|
    | + node6                         |  Timing|  -0.38|   2097164|  6.984e+06|         -|  2097164|        -|        no|    96 (2%)|   3 (~0%)|   1059 (~0%)|  1309 (~0%)|    -|
    |  o loop14_loop15_loop16_loop17  |      II|   2.43|   2097162|  6.984e+06|        15|        4|   524288|       yes|          -|         -|            -|           -|    -|
    | + node5                         |  Timing|  -0.16|      8197|  2.730e+04|         -|     8197|        -|        no|          -|         -|    135 (~0%)|   361 (~0%)|    -|
    |  o loop11_loop12_loop13         |       -|   2.43|      8195|  2.729e+04|         5|        1|     8192|       yes|          -|         -|            -|           -|    -|
    | + node4                         |  Timing|  -0.22|      8195|  2.729e+04|         -|     8195|        -|        no|          -|         -|     66 (~0%)|   190 (~0%)|    -|
    |  o loop9_loop10                 |       -|   2.43|      8193|  2.728e+04|         3|        1|     8192|       yes|          -|         -|            -|           -|    -|
    | + node2                         |  Timing|  -0.27|   4194316|  1.397e+07|         -|  4194316|        -|        no|    64 (1%)|   3 (~0%)|   1049 (~0%)|  1224 (~0%)|    -|
    |  o loop4_loop5_loop6            |      II|   2.43|   4194314|  1.397e+07|        15|        4|  1048576|       yes|          -|         -|            -|           -|    -|
    | + node1                         |  Timing|  -0.06|      8202|  2.731e+04|         -|     8202|        -|        no|          -|   2 (~0%)|    456 (~0%)|   367 (~0%)|    -|
    |  o loop2_loop3                  |       -|   2.43|      8200|  2.731e+04|        10|        1|     8192|       yes|          -|         -|            -|           -|    -|
    | + node0                         |  Timing|  -0.06|      8195|  2.729e+04|         -|     8195|        -|        no|          -|         -|     80 (~0%)|   212 (~0%)|    -|
    |  o loop0_loop1                  |       -|   2.43|      8193|  2.728e+04|         3|        1|     8192|       yes|          -|         -|            -|           -|    -|
    +---------------------------------+--------+-------+----------+-----------+----------+---------+---------+----------+-----------+----------+-------------+------------+-----+


================================================================
== HW Interfaces
================================================================
* AP_MEMORY
+---------------+-----------+----------+
| Port          | Direction | Bitwidth |
+---------------+-----------+----------+
| v258_address0 | out       | 13       |
| v258_address1 | out       | 13       |
| v258_d0       | out       | 32       |
| v258_d1       | out       | 32       |
| v258_q0       | in        | 32       |
| v258_q1       | in        | 32       |
| v259_address0 | out       | 7        |
| v259_address1 | out       | 7        |
| v259_d0       | out       | 32       |
| v259_d1       | out       | 32       |
| v259_q0       | in        | 32       |
| v259_q1       | in        | 32       |
| v260_address0 | out       | 14       |
| v260_address1 | out       | 14       |
| v260_d0       | out       | 32       |
| v260_d1       | out       | 32       |
| v260_q0       | in        | 32       |
| v260_q1       | in        | 32       |
| v261_address0 | out       | 7        |
| v261_address1 | out       | 7        |
| v261_d0       | out       | 32       |
| v261_d1       | out       | 32       |
| v261_q0       | in        | 32       |
| v261_q1       | in        | 32       |
| v262_address0 | out       | 14       |
| v262_address1 | out       | 14       |
| v262_d0       | out       | 32       |
| v262_d1       | out       | 32       |
| v262_q0       | in        | 32       |
| v262_q1       | in        | 32       |
| v263_address0 | out       | 7        |
| v263_address1 | out       | 7        |
| v263_d0       | out       | 32       |
| v263_d1       | out       | 32       |
| v263_q0       | in        | 32       |
| v263_q1       | in        | 32       |
| v264_address0 | out       | 14       |
| v264_address1 | out       | 14       |
| v264_d0       | out       | 32       |
| v264_d1       | out       | 32       |
| v264_q0       | in        | 32       |
| v264_q1       | in        | 32       |
| v265_address0 | out       | 7        |
| v265_address1 | out       | 7        |
| v265_d0       | out       | 32       |
| v265_d1       | out       | 32       |
| v265_q0       | in        | 32       |
| v265_q1       | in        | 32       |
| v266_address0 | out       | 14       |
| v266_address1 | out       | 14       |
| v266_d0       | out       | 32       |
| v266_d1       | out       | 32       |
| v266_q0       | in        | 32       |
| v266_q1       | in        | 32       |
| v267_address0 | out       | 13       |
| v267_address1 | out       | 13       |
| v267_d0       | out       | 32       |
| v267_d1       | out       | 32       |
| v267_q0       | in        | 32       |
| v267_q1       | in        | 32       |
+---------------+-----------+----------+

* TOP LEVEL CONTROL
+-----------+------------+-----------------------------------+
| Interface | Type       | Ports                             |
+-----------+------------+-----------------------------------+
| ap_clk    | clock      | ap_clk                            |
| ap_rst    | reset      | ap_rst                            |
| ap_ctrl   | ap_ctrl_hs | ap_done ap_idle ap_ready ap_start |
+-----------+------------+-----------------------------------+


================================================================
== SW I/O Information
================================================================
* Top Function Arguments
+----------+-----------+----------+
| Argument | Direction | Datatype |
+----------+-----------+----------+
| v258     | in        | float*   |
| v259     | in        | float*   |
| v260     | in        | float*   |
| v261     | in        | float*   |
| v262     | in        | float*   |
| v263     | in        | float*   |
| v264     | in        | float*   |
| v265     | in        | float*   |
| v266     | in        | float*   |
| v267     | out       | float*   |
+----------+-----------+----------+

* SW-to-HW Mapping
+----------+---------------+---------+----------+
| Argument | HW Interface  | HW Type | HW Usage |
+----------+---------------+---------+----------+
| v258     | v258_address0 | port    | offset   |
| v258     | v258_ce0      | port    |          |
| v258     | v258_d0       | port    |          |
| v258     | v258_q0       | port    |          |
| v258     | v258_we0      | port    |          |
| v258     | v258_address1 | port    | offset   |
| v258     | v258_ce1      | port    |          |
| v258     | v258_d1       | port    |          |
| v258     | v258_q1       | port    |          |
| v258     | v258_we1      | port    |          |
| v259     | v259_address0 | port    | offset   |
| v259     | v259_ce0      | port    |          |
| v259     | v259_d0       | port    |          |
| v259     | v259_q0       | port    |          |
| v259     | v259_we0      | port    |          |
| v259     | v259_address1 | port    | offset   |
| v259     | v259_ce1      | port    |          |
| v259     | v259_d1       | port    |          |
| v259     | v259_q1       | port    |          |
| v259     | v259_we1      | port    |          |
| v260     | v260_address0 | port    | offset   |
| v260     | v260_ce0      | port    |          |
| v260     | v260_d0       | port    |          |
| v260     | v260_q0       | port    |          |
| v260     | v260_we0      | port    |          |
| v260     | v260_address1 | port    | offset   |
| v260     | v260_ce1      | port    |          |
| v260     | v260_d1       | port    |          |
| v260     | v260_q1       | port    |          |
| v260     | v260_we1      | port    |          |
| v261     | v261_address0 | port    | offset   |
| v261     | v261_ce0      | port    |          |
| v261     | v261_d0       | port    |          |
| v261     | v261_q0       | port    |          |
| v261     | v261_we0      | port    |          |
| v261     | v261_address1 | port    | offset   |
| v261     | v261_ce1      | port    |          |
| v261     | v261_d1       | port    |          |
| v261     | v261_q1       | port    |          |
| v261     | v261_we1      | port    |          |
| v262     | v262_address0 | port    | offset   |
| v262     | v262_ce0      | port    |          |
| v262     | v262_d0       | port    |          |
| v262     | v262_q0       | port    |          |
| v262     | v262_we0      | port    |          |
| v262     | v262_address1 | port    | offset   |
| v262     | v262_ce1      | port    |          |
| v262     | v262_d1       | port    |          |
| v262     | v262_q1       | port    |          |
| v262     | v262_we1      | port    |          |
| v263     | v263_address0 | port    | offset   |
| v263     | v263_ce0      | port    |          |
| v263     | v263_d0       | port    |          |
| v263     | v263_q0       | port    |          |
| v263     | v263_we0      | port    |          |
| v263     | v263_address1 | port    | offset   |
| v263     | v263_ce1      | port    |          |
| v263     | v263_d1       | port    |          |
| v263     | v263_q1       | port    |          |
| v263     | v263_we1      | port    |          |
| v264     | v264_address0 | port    | offset   |
| v264     | v264_ce0      | port    |          |
| v264     | v264_d0       | port    |          |
| v264     | v264_q0       | port    |          |
| v264     | v264_we0      | port    |          |
| v264     | v264_address1 | port    | offset   |
| v264     | v264_ce1      | port    |          |
| v264     | v264_d1       | port    |          |
| v264     | v264_q1       | port    |          |
| v264     | v264_we1      | port    |          |
| v265     | v265_address0 | port    | offset   |
| v265     | v265_ce0      | port    |          |
| v265     | v265_d0       | port    |          |
| v265     | v265_q0       | port    |          |
| v265     | v265_we0      | port    |          |
| v265     | v265_address1 | port    | offset   |
| v265     | v265_ce1      | port    |          |
| v265     | v265_d1       | port    |          |
| v265     | v265_q1       | port    |          |
| v265     | v265_we1      | port    |          |
| v266     | v266_address0 | port    | offset   |
| v266     | v266_ce0      | port    |          |
| v266     | v266_d0       | port    |          |
| v266     | v266_q0       | port    |          |
| v266     | v266_we0      | port    |          |
| v266     | v266_address1 | port    | offset   |
| v266     | v266_ce1      | port    |          |
| v266     | v266_d1       | port    |          |
| v266     | v266_q1       | port    |          |
| v266     | v266_we1      | port    |          |
| v267     | v267_address0 | port    | offset   |
| v267     | v267_ce0      | port    |          |
| v267     | v267_d0       | port    |          |
| v267     | v267_q0       | port    |          |
| v267     | v267_we0      | port    |          |
| v267     | v267_address1 | port    | offset   |
| v267     | v267_ce1      | port    |          |
| v267     | v267_d1       | port    |          |
| v267     | v267_q1       | port    |          |
| v267     | v267_we1      | port    |          |
+----------+---------------+---------+----------+


================================================================
== Bind Op Report
================================================================
+----------------------------------------+-----+--------+-------------+------+---------+---------+
| Name                                   | DSP | Pragma | Variable    | Op   | Impl    | Latency |
+----------------------------------------+-----+--------+-------------+------+---------+---------+
| + forward                              | 38  |        |             |      |         |         |
|  + node25                              | 0   |        |             |      |         |         |
|    add_ln633_1_fu_124_p2               |     |        | add_ln633_1 | add  | fabric  | 0       |
|    add_ln633_fu_136_p2                 |     |        | add_ln633   | add  | fabric  | 0       |
|    add_ln637_fu_180_p2                 |     |        | add_ln637   | add  | fabric  | 0       |
|    add_ln634_fu_186_p2                 |     |        | add_ln634   | add  | fabric  | 0       |
|  + node24                              | 0   |        |             |      |         |         |
|    add_ln616_1_fu_106_p2               |     |        | add_ln616_1 | add  | fabric  | 0       |
|    add_ln616_fu_118_p2                 |     |        | add_ln616   | add  | fabric  | 0       |
|    add_ln620_fu_178_p2                 |     |        | add_ln620   | add  | fabric  | 0       |
|    add_ln621_fu_184_p2                 |     |        | add_ln621   | add  | fabric  | 0       |
|    add_ln617_fu_190_p2                 |     |        | add_ln617   | add  | fabric  | 0       |
|  + node21                              | 0   |        |             |      |         |         |
|    add_ln542_1_fu_106_p2               |     |        | add_ln542_1 | add  | fabric  | 0       |
|    add_ln542_fu_118_p2                 |     |        | add_ln542   | add  | fabric  | 0       |
|    add_ln546_fu_178_p2                 |     |        | add_ln546   | add  | fabric  | 0       |
|    add_ln547_fu_184_p2                 |     |        | add_ln547   | add  | fabric  | 0       |
|    add_ln543_fu_190_p2                 |     |        | add_ln543   | add  | fabric  | 0       |
|  + node18                              | 0   |        |             |      |         |         |
|    add_ln468_1_fu_106_p2               |     |        | add_ln468_1 | add  | fabric  | 0       |
|    add_ln468_fu_118_p2                 |     |        | add_ln468   | add  | fabric  | 0       |
|    add_ln472_fu_178_p2                 |     |        | add_ln472   | add  | fabric  | 0       |
|    add_ln473_fu_184_p2                 |     |        | add_ln473   | add  | fabric  | 0       |
|    add_ln469_fu_190_p2                 |     |        | add_ln469   | add  | fabric  | 0       |
|  + node3                               | 0   |        |             |      |         |         |
|    add_ln95_1_fu_106_p2                |     |        | add_ln95_1  | add  | fabric  | 0       |
|    add_ln95_fu_118_p2                  |     |        | add_ln95    | add  | fabric  | 0       |
|    add_ln99_fu_178_p2                  |     |        | add_ln99    | add  | fabric  | 0       |
|    add_ln100_fu_184_p2                 |     |        | add_ln100   | add  | fabric  | 0       |
|    add_ln96_fu_190_p2                  |     |        | add_ln96    | add  | fabric  | 0       |
|  + node23                              | 3   |        |             |      |         |         |
|    add_ln580_1_fu_223_p2               |     |        | add_ln580_1 | add  | fabric  | 0       |
|    add_ln580_fu_320_p2                 |     |        | add_ln580   | add  | fabric  | 0       |
|    add_ln581_fu_273_p2                 |     |        | add_ln581   | add  | fabric  | 0       |
|    empty_12_fu_428_p2                  |     |        | empty_12    | add  | fabric  | 0       |
|    add_ln591_fu_374_p2                 |     |        | add_ln591   | add  | fabric  | 0       |
|    add_ln587_fu_442_p2                 |     |        | add_ln587   | add  | fabric  | 0       |
|    fmul_32ns_32ns_32_4_max_dsp_1_U8    | 3   |        | v243        | fmul | maxdsp  | 3       |
|    fadd_32ns_32ns_32_5_no_dsp_1_U7     |     |        | v244        | fadd | fabric  | 4       |
|    add_ln582_fu_392_p2                 |     |        | add_ln582   | add  | fabric  | 0       |
|    add_ln581_1_fu_293_p2               |     |        | add_ln581_1 | add  | fabric  | 0       |
|  + node20                              | 3   |        |             |      |         |         |
|    add_ln506_1_fu_223_p2               |     |        | add_ln506_1 | add  | fabric  | 0       |
|    add_ln506_fu_320_p2                 |     |        | add_ln506   | add  | fabric  | 0       |
|    add_ln507_fu_273_p2                 |     |        | add_ln507   | add  | fabric  | 0       |
|    empty_13_fu_428_p2                  |     |        | empty_13    | add  | fabric  | 0       |
|    add_ln517_fu_374_p2                 |     |        | add_ln517   | add  | fabric  | 0       |
|    add_ln513_fu_442_p2                 |     |        | add_ln513   | add  | fabric  | 0       |
|    fmul_32ns_32ns_32_4_max_dsp_1_U24   | 3   |        | v212        | fmul | maxdsp  | 3       |
|    fadd_32ns_32ns_32_5_no_dsp_1_U23    |     |        | v213        | fadd | fabric  | 4       |
|    add_ln508_fu_392_p2                 |     |        | add_ln508   | add  | fabric  | 0       |
|    add_ln507_1_fu_293_p2               |     |        | add_ln507_1 | add  | fabric  | 0       |
|  + node17                              | 3   |        |             |      |         |         |
|    add_ln432_1_fu_223_p2               |     |        | add_ln432_1 | add  | fabric  | 0       |
|    add_ln432_fu_320_p2                 |     |        | add_ln432   | add  | fabric  | 0       |
|    add_ln433_fu_273_p2                 |     |        | add_ln433   | add  | fabric  | 0       |
|    empty_15_fu_428_p2                  |     |        | empty_15    | add  | fabric  | 0       |
|    add_ln443_fu_374_p2                 |     |        | add_ln443   | add  | fabric  | 0       |
|    add_ln439_fu_442_p2                 |     |        | add_ln439   | add  | fabric  | 0       |
|    fmul_32ns_32ns_32_4_max_dsp_1_U35   | 3   |        | v181        | fmul | maxdsp  | 3       |
|    fadd_32ns_32ns_32_5_no_dsp_1_U34    |     |        | v182        | fadd | fabric  | 4       |
|    add_ln434_fu_392_p2                 |     |        | add_ln434   | add  | fabric  | 0       |
|    add_ln433_1_fu_293_p2               |     |        | add_ln433_1 | add  | fabric  | 0       |
|  + node22                              | 2   |        |             |      |         |         |
|    add_ln558_1_fu_124_p2               |     |        | add_ln558_1 | add  | fabric  | 0       |
|    add_ln558_fu_179_p2                 |     |        | add_ln558   | add  | fabric  | 0       |
|    add_ln565_fu_207_p2                 |     |        | add_ln565   | add  | fabric  | 0       |
|    fadd_32ns_32ns_32_7_full_dsp_1_U16  | 2   |        | v227        | fadd | fulldsp | 6       |
|    add_ln559_fu_152_p2                 |     |        | add_ln559   | add  | fabric  | 0       |
|  + node19                              | 2   |        |             |      |         |         |
|    add_ln484_1_fu_124_p2               |     |        | add_ln484_1 | add  | fabric  | 0       |
|    add_ln484_fu_179_p2                 |     |        | add_ln484   | add  | fabric  | 0       |
|    add_ln491_fu_207_p2                 |     |        | add_ln491   | add  | fabric  | 0       |
|    fadd_32ns_32ns_32_7_full_dsp_1_U28  | 2   |        | v196        | fadd | fulldsp | 6       |
|    add_ln485_fu_152_p2                 |     |        | add_ln485   | add  | fabric  | 0       |
|  + node16                              | 2   |        |             |      |         |         |
|    add_ln410_1_fu_124_p2               |     |        | add_ln410_1 | add  | fabric  | 0       |
|    add_ln410_fu_179_p2                 |     |        | add_ln410   | add  | fabric  | 0       |
|    add_ln417_fu_207_p2                 |     |        | add_ln417   | add  | fabric  | 0       |
|    fadd_32ns_32ns_32_7_full_dsp_1_U39  | 2   |        | v165        | fadd | fulldsp | 6       |
|    add_ln411_fu_152_p2                 |     |        | add_ln411   | add  | fabric  | 0       |
|  + node15                              | 0   |        |             |      |         |         |
|    add_ln392_1_fu_136_p2               |     |        | add_ln392_1 | add  | fabric  | 0       |
|    add_ln392_fu_184_p2                 |     |        | add_ln392   | add  | fabric  | 0       |
|    add_ln393_fu_221_p2                 |     |        | add_ln393   | add  | fabric  | 0       |
|    add_ln397_fu_268_p2                 |     |        | add_ln397   | add  | fabric  | 0       |
|    add_ln394_fu_274_p2                 |     |        | add_ln394   | add  | fabric  | 0       |
|    add_ln393_1_fu_151_p2               |     |        | add_ln393_1 | add  | fabric  | 0       |
|  + node14                              | 0   |        |             |      |         |         |
|    add_ln375_1_fu_138_p2               |     |        | add_ln375_1 | add  | fabric  | 0       |
|    add_ln375_fu_156_p2                 |     |        | add_ln375   | add  | fabric  | 0       |
|    add_ln376_fu_206_p2                 |     |        | add_ln376   | add  | fabric  | 0       |
|    add_ln381_fu_293_p2                 |     |        | add_ln381   | add  | fabric  | 0       |
|    add_ln381_1_fu_322_p2               |     |        | add_ln381_1 | add  | fabric  | 0       |
|    add_ln377_fu_238_p2                 |     |        | add_ln377   | add  | fabric  | 0       |
|    add_ln376_1_fu_244_p2               |     |        | add_ln376_1 | add  | fabric  | 0       |
|  + node7                               | 0   |        |             |      |         |         |
|    add_ln185_1_fu_140_p2               |     |        | add_ln185_1 | add  | fabric  | 0       |
|    add_ln185_fu_188_p2                 |     |        | add_ln185   | add  | fabric  | 0       |
|    add_ln186_fu_229_p2                 |     |        | add_ln186   | add  | fabric  | 0       |
|    add_ln191_fu_298_p2                 |     |        | add_ln191   | add  | fabric  | 0       |
|    add_ln191_1_fu_315_p2               |     |        | add_ln191_1 | add  | fabric  | 0       |
|    add_ln190_fu_324_p2                 |     |        | add_ln190   | add  | fabric  | 0       |
|    add_ln187_fu_260_p2                 |     |        | add_ln187   | add  | fabric  | 0       |
|    add_ln186_1_fu_155_p2               |     |        | add_ln186_1 | add  | fabric  | 0       |
|  + node13                              | 3   |        |             |      |         |         |
|    add_ln337_1_fu_266_p2               |     |        | add_ln337_1 | add  | fabric  | 0       |
|    add_ln337_fu_281_p2                 |     |        | add_ln337   | add  | fabric  | 0       |
|    add_ln338_fu_487_p2                 |     |        | add_ln338   | add  | fabric  | 0       |
|    add_ln339_fu_379_p2                 |     |        | add_ln339   | add  | fabric  | 0       |
|    empty_17_fu_516_p2                  |     |        | empty_17    | add  | fabric  | 0       |
|    empty_18_fu_600_p2                  |     |        | empty_18    | add  | fabric  | 0       |
|    add_ln349_fu_423_p2                 |     |        | add_ln349   | add  | fabric  | 0       |
|    add_ln349_1_fu_545_p2               |     |        | add_ln349_1 | add  | fabric  | 0       |
|    add_ln345_fu_614_p2                 |     |        | add_ln345   | add  | fabric  | 0       |
|    fmul_32ns_32ns_32_4_max_dsp_1_U48   | 3   |        | v143        | fmul | maxdsp  | 3       |
|    fadd_32ns_32ns_32_5_no_dsp_1_U47    |     |        | v144        | fadd | fabric  | 4       |
|    add_ln340_fu_557_p2                 |     |        | add_ln340   | add  | fabric  | 0       |
|    add_ln339_1_fu_429_p2               |     |        | add_ln339_1 | add  | fabric  | 0       |
|    add_ln338_1_fu_443_p2               |     |        | add_ln338_1 | add  | fabric  | 0       |
|  + node12                              | 3   |        |             |      |         |         |
|    add_ln313_fu_83_p2                  |     |        | add_ln313   | add  | fabric  | 0       |
|    fmul_32ns_32ns_32_4_max_dsp_1_U53   | 3   |        | v126        | fmul | maxdsp  | 3       |
|  + node11                              | 0   |        |             |      |         |         |
|    add_ln285_1_fu_196_p2               |     |        | add_ln285_1 | add  | fabric  | 0       |
|    add_ln285_fu_241_p2                 |     |        | add_ln285   | add  | fabric  | 0       |
|    add_ln286_fu_287_p2                 |     |        | add_ln286   | add  | fabric  | 0       |
|    empty_19_fu_332_p2                  |     |        | empty_19    | add  | fabric  | 0       |
|    v113_1_fu_355_p2                    |     |        | v113_1      | add  | fabric  | 0       |
|    add_ln286_1_fu_208_p2               |     |        | add_ln286_1 | add  | fabric  | 0       |
|  + node10                              | 9   |        |             |      |         |         |
|    add_ln258_fu_134_p2                 |     |        | add_ln258   | add  | fabric  | 0       |
|    fsub_32ns_32ns_32_7_full_dsp_1_U60  | 2   |        | v105        | fsub | fulldsp | 6       |
|    fexp_32ns_32ns_32_14_full_dsp_1_U61 | 7   |        | v106        | fexp | fulldsp | 13      |
|    v101_1_fu_187_p2                    |     |        | v101_1      | add  | fabric  | 0       |
|    add_ln259_fu_193_p2                 |     |        | add_ln259   | add  | fabric  | 0       |
|  + node9                               | 0   |        |             |      |         |         |
|    add_ln229_1_fu_173_p2               |     |        | add_ln229_1 | add  | fabric  | 0       |
|    add_ln229_fu_188_p2                 |     |        | add_ln229   | add  | fabric  | 0       |
|    add_ln230_fu_244_p2                 |     |        | add_ln230   | add  | fabric  | 0       |
|    empty_9_fu_317_p2                   |     |        | empty_9     | add  | fabric  | 0       |
|    fadd_32ns_32ns_32_5_no_dsp_1_U68    |     |        | v92         | fadd | fabric  | 4       |
|    v89_1_fu_338_p2                     |     |        | v89_1       | add  | fabric  | 0       |
|    add_ln230_1_fu_278_p2               |     |        | add_ln230_1 | add  | fabric  | 0       |
|  + node8                               | 0   |        |             |      |         |         |
|    add_ln204_fu_118_p2                 |     |        | add_ln204   | add  | fabric  | 0       |
|    fdiv_32ns_32ns_32_12_no_dsp_1_U72   |     |        | v82         | fdiv | fabric  | 11      |
|    v78_1_fu_171_p2                     |     |        | v78_1       | add  | fabric  | 0       |
|    add_ln205_fu_177_p2                 |     |        | add_ln205   | add  | fabric  | 0       |
|  + node6                               | 3   |        |             |      |         |         |
|    add_ln147_1_fu_266_p2               |     |        | add_ln147_1 | add  | fabric  | 0       |
|    add_ln147_fu_281_p2                 |     |        | add_ln147   | add  | fabric  | 0       |
|    add_ln148_fu_495_p2                 |     |        | add_ln148   | add  | fabric  | 0       |
|    add_ln149_fu_379_p2                 |     |        | add_ln149   | add  | fabric  | 0       |
|    empty_10_fu_512_p2                  |     |        | empty_10    | add  | fabric  | 0       |
|    empty_11_fu_589_p2                  |     |        | empty_11    | add  | fabric  | 0       |
|    add_ln159_fu_431_p2                 |     |        | add_ln159   | add  | fabric  | 0       |
|    add_ln159_1_fu_538_p2               |     |        | add_ln159_1 | add  | fabric  | 0       |
|    add_ln155_fu_597_p2                 |     |        | add_ln155   | add  | fabric  | 0       |
|    fmul_32ns_32ns_32_4_max_dsp_1_U80   | 3   |        | v63         | fmul | maxdsp  | 3       |
|    fadd_32ns_32ns_32_5_no_dsp_1_U79    |     |        | v64         | fadd | fabric  | 4       |
|    add_ln150_fu_550_p2                 |     |        | add_ln150   | add  | fabric  | 0       |
|    add_ln149_1_fu_437_p2               |     |        | add_ln149_1 | add  | fabric  | 0       |
|    add_ln148_1_fu_451_p2               |     |        | add_ln148_1 | add  | fabric  | 0       |
|  + node5                               | 0   |        |             |      |         |         |
|    add_ln125_1_fu_140_p2               |     |        | add_ln125_1 | add  | fabric  | 0       |
|    add_ln125_fu_188_p2                 |     |        | add_ln125   | add  | fabric  | 0       |
|    add_ln126_fu_229_p2                 |     |        | add_ln126   | add  | fabric  | 0       |
|    add_ln130_fu_276_p2                 |     |        | add_ln130   | add  | fabric  | 0       |
|    add_ln131_fu_290_p2                 |     |        | add_ln131   | add  | fabric  | 0       |
|    add_ln130_1_fu_334_p2               |     |        | add_ln130_1 | add  | fabric  | 0       |
|    add_ln131_1_fu_345_p2               |     |        | add_ln131_1 | add  | fabric  | 0       |
|    add_ln127_fu_296_p2                 |     |        | add_ln127   | add  | fabric  | 0       |
|    add_ln126_1_fu_155_p2               |     |        | add_ln126_1 | add  | fabric  | 0       |
|  + node4                               | 0   |        |             |      |         |         |
|    add_ln110_1_fu_104_p2               |     |        | add_ln110_1 | add  | fabric  | 0       |
|    add_ln110_fu_116_p2                 |     |        | add_ln110   | add  | fabric  | 0       |
|    v39_1_fu_165_p2                     |     |        | v39_1       | add  | fabric  | 0       |
|  + node2                               | 3   |        |             |      |         |         |
|    add_ln59_1_fu_223_p2                |     |        | add_ln59_1  | add  | fabric  | 0       |
|    add_ln59_fu_320_p2                  |     |        | add_ln59    | add  | fabric  | 0       |
|    add_ln60_fu_273_p2                  |     |        | add_ln60    | add  | fabric  | 0       |
|    empty_14_fu_428_p2                  |     |        | empty_14    | add  | fabric  | 0       |
|    add_ln70_fu_374_p2                  |     |        | add_ln70    | add  | fabric  | 0       |
|    add_ln66_fu_442_p2                  |     |        | add_ln66    | add  | fabric  | 0       |
|    fmul_32ns_32ns_32_4_max_dsp_1_U93   | 3   |        | v28         | fmul | maxdsp  | 3       |
|    fadd_32ns_32ns_32_5_no_dsp_1_U92    |     |        | v29         | fadd | fabric  | 4       |
|    add_ln61_fu_392_p2                  |     |        | add_ln61    | add  | fabric  | 0       |
|    add_ln60_1_fu_293_p2                |     |        | add_ln60_1  | add  | fabric  | 0       |
|  + node1                               | 2   |        |             |      |         |         |
|    add_ln37_fu_105_p2                  |     |        | add_ln37    | add  | fabric  | 0       |
|    fadd_32ns_32ns_32_7_full_dsp_1_U97  | 2   |        | v12         | fadd | fulldsp | 6       |
|    add_ln38_fu_133_p2                  |     |        | add_ln38    | add  | fabric  | 0       |
|  + node0                               | 0   |        |             |      |         |         |
|    add_ln21_1_fu_105_p2                |     |        | add_ln21_1  | add  | fabric  | 0       |
|    add_ln21_fu_122_p2                  |     |        | add_ln21    | add  | fabric  | 0       |
|    add_ln26_fu_166_p2                  |     |        | add_ln26    | add  | fabric  | 0       |
|    add_ln22_fu_172_p2                  |     |        | add_ln22    | add  | fabric  | 0       |
+----------------------------------------+-----+--------+-------------+------+---------+---------+


================================================================
== Storage Report
================================================================
+-----------+----------------+--------+------+------+--------+----------+--------+---------+------------------+
| Name      | Usage          | Type   | BRAM | URAM | Pragma | Variable | Impl   | Latency | Bitwidth, Depth, |
|           |                |        |      |      |        |          |        |         | Banks            |
+-----------+----------------+--------+------+------+--------+----------+--------+---------+------------------+
| + forward |                |        | 948  | 0    |        |          |        |         |                  |
|   v296_U  | fifo channel   | stream | 1    |      |        | v296     | memory | 0       | 32, 8192, 1      |
|   v295_U  | fifo channel   | stream | 1    |      |        | v295     | memory | 0       | 32, 8192, 1      |
|   v294_U  | fifo channel   | stream | 1    |      |        | v294     | memory | 0       | 32, 8192, 1      |
|   v293_U  | ram_1p channel | pipo   | 64   |      |        | v293     | auto   | 1       | 32, 16384, 2     |
|   v292_U  | fifo channel   | stream | 1    |      |        | v292     | memory | 0       | 32, 8192, 1      |
|   v291_U  | ram_1p channel | pipo   | 32   |      |        | v291     | auto   | 1       | 32, 8192, 2      |
|   v290_U  | ram_1p channel | pipo   | 64   |      |        | v290     | auto   | 1       | 32, 16384, 2     |
|   v289_U  | fifo channel   | stream | 1    |      |        | v289     | memory | 0       | 32, 8192, 1      |
|   v288_U  | ram_1p channel | pipo   | 32   |      |        | v288     | auto   | 1       | 32, 8192, 2      |
|   v287_U  | ram_1p channel | pipo   | 64   |      |        | v287     | auto   | 1       | 32, 16384, 2     |
|   v286_U  | fifo channel   | stream | 1    |      |        | v286     | memory | 0       | 32, 8192, 1      |
|   v285_U  | ram_1p channel | pipo   | 32   |      |        | v285     | auto   | 1       | 32, 8192, 2      |
|   v284_U  | fifo channel   | stream | 1    |      |        | v284     | memory | 0       | 32, 8192, 1      |
|   v283_U  | ram_1p channel | pipo   | 32   |      |        | v283     | auto   | 1       | 32, 8192, 2      |
|   v282_U  | fifo channel   | stream | 1    |      |        | v282     | memory | 0       | 32, 32768, 1     |
|   v281_U  | fifo channel   | stream | 1    |      |        | v281     | memory | 0       | 32, 32768, 1     |
|   v280_U  | fifo channel   | stream | 1    |      |        | v280     | memory | 0       | 32, 32768, 1     |
|   v279_U  | fifo channel   | stream | 1    |      |        | v279     | memory | 0       | 32, 512, 1       |
|   v278_U  | fifo channel   | stream | 1    |      |        | v278     | memory | 0       | 32, 32768, 1     |
|   v277_U  | fifo channel   | stream | 1    |      |        | v277     | memory | 0       | 32, 32768, 1     |
|   v276_U  | fifo channel   | stream | 1    |      |        | v276     | memory | 0       | 32, 512, 1       |
|   v275_U  | fifo channel   | stream | 1    |      |        | v275     | memory | 0       | 32, 32768, 1     |
|   v274_U  | ram_1p channel | pipo   | 32   |      |        | v274     | auto   | 1       | 32, 8192, 2      |
|   v273_U  | ram_1p channel | pipo   | 32   |      |        | v273     | auto   | 1       | 32, 8192, 2      |
|   v272_U  | ram_1p channel | pipo   | 32   |      |        | v272     | auto   | 1       | 32, 8192, 2      |
|   v271_U  | fifo channel   | stream | 1    |      |        | v271     | memory | 0       | 32, 8192, 1      |
|   v270_U  | ram_1p channel | pipo   | 64   |      |        | v270     | auto   | 1       | 32, 16384, 2     |
|   v269_U  | fifo channel   | stream | 1    |      |        | v269     | memory | 0       | 32, 8192, 1      |
|   v268_U  | fifo channel   | stream | 1    |      |        | v268     | memory | 0       | 32, 8192, 1      |
|  + node23 |                |        | 64   | 0    |        |          |        |         |                  |
|    v232_U | ram_1p array   |        | 16   |      |        | v232     | auto   | 1       | 32, 8192, 1      |
|    v233_U | ram_1p array   |        | 32   |      |        | v233     | auto   | 1       | 32, 16384, 1     |
|    v234_U | ram_1p array   |        | 16   |      |        | v234     | auto   | 1       | 32, 8192, 1      |
|  + node20 |                |        | 64   | 0    |        |          |        |         |                  |
|    v201_U | ram_1p array   |        | 16   |      |        | v201     | auto   | 1       | 32, 8192, 1      |
|    v202_U | ram_1p array   |        | 32   |      |        | v202     | auto   | 1       | 32, 16384, 1     |
|    v203_U | ram_1p array   |        | 16   |      |        | v203     | auto   | 1       | 32, 8192, 1      |
|  + node17 |                |        | 64   | 0    |        |          |        |         |                  |
|    v170_U | ram_1p array   |        | 16   |      |        | v170     | auto   | 1       | 32, 8192, 1      |
|    v171_U | ram_1p array   |        | 32   |      |        | v171     | auto   | 1       | 32, 16384, 1     |
|    v172_U | ram_1p array   |        | 16   |      |        | v172     | auto   | 1       | 32, 8192, 1      |
|  + node13 |                |        | 96   | 0    |        |          |        |         |                  |
|    v131_U | ram_s2p array  |        | 64   |      |        | v131     | auto   | 1       | 32, 32768, 1     |
|    v132_U | ram_1p array   |        | 16   |      |        | v132     | auto   | 1       | 32, 8192, 1      |
|    v133_U | ram_1p array   |        | 16   |      |        | v133     | auto   | 1       | 32, 8192, 1      |
|  + node11 |                |        | 1    | 0    |        |          |        |         |                  |
|    v110_U | ram_s2p array  |        | 1    |      |        | v110     | auto   | 1       | 32, 512, 1       |
|  + node9  |                |        | 1    | 0    |        |          |        |         |                  |
|    v86_U  | ram_1p array   |        | 1    |      |        | v86      | auto   | 1       | 32, 512, 1       |
|  + node6  |                |        | 96   | 0    |        |          |        |         |                  |
|    v51_U  | ram_s2p array  |        | 16   |      |        | v51      | auto   | 1       | 32, 8192, 1      |
|    v52_U  | ram_1p array   |        | 16   |      |        | v52      | auto   | 1       | 32, 8192, 1      |
|    v53_U  | ram_1p array   |        | 64   |      |        | v53      | auto   | 1       | 32, 32768, 1     |
|  + node2  |                |        | 64   | 0    |        |          |        |         |                  |
|    v17_U  | ram_1p array   |        | 16   |      |        | v17      | auto   | 1       | 32, 8192, 1      |
|    v18_U  | ram_1p array   |        | 32   |      |        | v18      | auto   | 1       | 32, 16384, 1     |
|    v19_U  | ram_1p array   |        | 16   |      |        | v19      | auto   | 1       | 32, 8192, 1      |
+-----------+----------------+--------+------+------+--------+----------+--------+---------+------------------+


================================================================
== Pragma Report
================================================================
* Valid Pragma Syntax
+--------------+---------------------------+------------------------------------------------------+
| Type         | Options                   | Location                                             |
+--------------+---------------------------+------------------------------------------------------+
| pipeline     | II=1                      | src/MultiHeadSelfAttention1.cpp:23 in node0          |
| loop_flatten |                           | src/MultiHeadSelfAttention1.cpp:24 in node0          |
| pipeline     | II=1                      | src/MultiHeadSelfAttention1.cpp:39 in node1          |
| loop_flatten |                           | src/MultiHeadSelfAttention1.cpp:40 in node1          |
| pipeline     | II=1                      | src/MultiHeadSelfAttention1.cpp:62 in node2          |
| loop_flatten |                           | src/MultiHeadSelfAttention1.cpp:63 in node2          |
| pipeline     | II=1                      | src/MultiHeadSelfAttention1.cpp:97 in node3          |
| loop_flatten |                           | src/MultiHeadSelfAttention1.cpp:98 in node3          |
| pipeline     | II=1                      | src/MultiHeadSelfAttention1.cpp:112 in node4         |
| loop_flatten |                           | src/MultiHeadSelfAttention1.cpp:113 in node4         |
| pipeline     | II=1                      | src/MultiHeadSelfAttention1.cpp:128 in node5         |
| loop_flatten |                           | src/MultiHeadSelfAttention1.cpp:129 in node5         |
| pipeline     | II=1                      | src/MultiHeadSelfAttention1.cpp:151 in node6         |
| loop_flatten |                           | src/MultiHeadSelfAttention1.cpp:152 in node6         |
| pipeline     | II=1                      | src/MultiHeadSelfAttention1.cpp:188 in node7         |
| loop_flatten |                           | src/MultiHeadSelfAttention1.cpp:189 in node7         |
| pipeline     | II=1                      | src/MultiHeadSelfAttention1.cpp:207 in node8         |
| loop_flatten |                           | src/MultiHeadSelfAttention1.cpp:208 in node8         |
| pipeline     | II=1                      | src/MultiHeadSelfAttention1.cpp:232 in node9         |
| loop_flatten |                           | src/MultiHeadSelfAttention1.cpp:233 in node9         |
| pipeline     | II=1                      | src/MultiHeadSelfAttention1.cpp:261 in node10        |
| loop_flatten |                           | src/MultiHeadSelfAttention1.cpp:262 in node10        |
| pipeline     | II=1                      | src/MultiHeadSelfAttention1.cpp:288 in node11        |
| loop_flatten |                           | src/MultiHeadSelfAttention1.cpp:289 in node11        |
| pipeline     | II=1                      | src/MultiHeadSelfAttention1.cpp:316 in node12        |
| loop_flatten |                           | src/MultiHeadSelfAttention1.cpp:317 in node12        |
| pipeline     | II=1                      | src/MultiHeadSelfAttention1.cpp:341 in node13        |
| loop_flatten |                           | src/MultiHeadSelfAttention1.cpp:342 in node13        |
| pipeline     | II=1                      | src/MultiHeadSelfAttention1.cpp:378 in node14        |
| loop_flatten |                           | src/MultiHeadSelfAttention1.cpp:379 in node14        |
| pipeline     | II=1                      | src/MultiHeadSelfAttention1.cpp:395 in node15        |
| loop_flatten |                           | src/MultiHeadSelfAttention1.cpp:396 in node15        |
| pipeline     | II=1                      | src/MultiHeadSelfAttention1.cpp:412 in node16        |
| loop_flatten |                           | src/MultiHeadSelfAttention1.cpp:413 in node16        |
| pipeline     | II=1                      | src/MultiHeadSelfAttention1.cpp:435 in node17        |
| loop_flatten |                           | src/MultiHeadSelfAttention1.cpp:436 in node17        |
| pipeline     | II=1                      | src/MultiHeadSelfAttention1.cpp:470 in node18        |
| loop_flatten |                           | src/MultiHeadSelfAttention1.cpp:471 in node18        |
| pipeline     | II=1                      | src/MultiHeadSelfAttention1.cpp:486 in node19        |
| loop_flatten |                           | src/MultiHeadSelfAttention1.cpp:487 in node19        |
| pipeline     | II=1                      | src/MultiHeadSelfAttention1.cpp:509 in node20        |
| loop_flatten |                           | src/MultiHeadSelfAttention1.cpp:510 in node20        |
| pipeline     | II=1                      | src/MultiHeadSelfAttention1.cpp:544 in node21        |
| loop_flatten |                           | src/MultiHeadSelfAttention1.cpp:545 in node21        |
| pipeline     | II=1                      | src/MultiHeadSelfAttention1.cpp:560 in node22        |
| loop_flatten |                           | src/MultiHeadSelfAttention1.cpp:561 in node22        |
| pipeline     | II=1                      | src/MultiHeadSelfAttention1.cpp:583 in node23        |
| loop_flatten |                           | src/MultiHeadSelfAttention1.cpp:584 in node23        |
| pipeline     | II=1                      | src/MultiHeadSelfAttention1.cpp:618 in node24        |
| loop_flatten |                           | src/MultiHeadSelfAttention1.cpp:619 in node24        |
| pipeline     | II=1                      | src/MultiHeadSelfAttention1.cpp:635 in node25        |
| loop_flatten |                           | src/MultiHeadSelfAttention1.cpp:636 in node25        |
| dataflow     |                           | src/MultiHeadSelfAttention1.cpp:658 in forward       |
| stream       | variable=v268 depth=8192  | src/MultiHeadSelfAttention1.cpp:660 in forward, v268 |
| stream       | variable=v269 depth=8192  | src/MultiHeadSelfAttention1.cpp:662 in forward, v269 |
| stream       | variable=v271 depth=8192  | src/MultiHeadSelfAttention1.cpp:665 in forward, v271 |
| stream       | variable=v275 depth=32768 | src/MultiHeadSelfAttention1.cpp:670 in forward, v275 |
| stream       | variable=v276 depth=512   | src/MultiHeadSelfAttention1.cpp:672 in forward, v276 |
| stream       | variable=v277 depth=32768 | src/MultiHeadSelfAttention1.cpp:674 in forward, v277 |
| stream       | variable=v278 depth=32768 | src/MultiHeadSelfAttention1.cpp:676 in forward, v278 |
| stream       | variable=v279 depth=512   | src/MultiHeadSelfAttention1.cpp:678 in forward, v279 |
| stream       | variable=v280 depth=32768 | src/MultiHeadSelfAttention1.cpp:680 in forward, v280 |
| stream       | variable=v281 depth=32768 | src/MultiHeadSelfAttention1.cpp:682 in forward, v281 |
| stream       | variable=v282 depth=32768 | src/MultiHeadSelfAttention1.cpp:684 in forward, v282 |
| stream       | variable=v284 depth=8192  | src/MultiHeadSelfAttention1.cpp:687 in forward, v284 |
| stream       | variable=v286 depth=8192  | src/MultiHeadSelfAttention1.cpp:690 in forward, v286 |
| stream       | variable=v289 depth=8192  | src/MultiHeadSelfAttention1.cpp:694 in forward, v289 |
| stream       | variable=v292 depth=8192  | src/MultiHeadSelfAttention1.cpp:698 in forward, v292 |
| stream       | variable=v294 depth=8192  | src/MultiHeadSelfAttention1.cpp:701 in forward, v294 |
| stream       | variable=v295 depth=8192  | src/MultiHeadSelfAttention1.cpp:703 in forward, v295 |
| stream       | variable=v296 depth=8192  | src/MultiHeadSelfAttention1.cpp:705 in forward, v296 |
+--------------+---------------------------+------------------------------------------------------+


