

================================================================
== Vitis HLS Report for 'Loop_loop12_proc1'
================================================================
* Date:           Fri Sep 27 21:48:32 2024

* Version:        2023.2 (Build 4023990 on Oct 11 2023)
* Project:        hls_DepthwiseSeparableConvBlock
* Solution:       solution1 (Vivado IP Flow Target)
* Product family: virtexuplusHBM
* Target device:  xcu280-fsvh2892-2L-e


================================================================
== Performance Estimates
================================================================
+ Timing: 
    * Summary: 
    +--------+---------+----------+------------+
    |  Clock |  Target | Estimated| Uncertainty|
    +--------+---------+----------+------------+
    |ap_clk  |  3.33 ns|  4.214 ns|     0.90 ns|
    +--------+---------+----------+------------+

+ Latency: 
    * Summary: 
    +---------+---------+----------+----------+-------+-------+---------+
    |  Latency (cycles) |  Latency (absolute) |    Interval   | Pipeline|
    |   min   |   max   |    min   |    max   |  min  |  max  |   Type  |
    +---------+---------+----------+----------+-------+-------+---------+
    |    32273|    32273|  0.136 ms|  0.136 ms|  32273|  32273|       no|
    +---------+---------+----------+----------+-------+-------+---------+

    + Detail: 
        * Instance: 
        N/A

        * Loop: 
        +--------------------------------------+---------+---------+----------+-----------+-----------+-------+----------+
        |                                      |  Latency (cycles) | Iteration|  Initiation Interval  |  Trip |          |
        |               Loop Name              |   min   |   max   |  Latency |  achieved |   target  | Count | Pipelined|
        +--------------------------------------+---------+---------+----------+-----------+-----------+-------+----------+
        |- loop12_loop13_loop14_loop15_loop16  |    32271|    32271|        17|          1|          1|  32256|       yes|
        +--------------------------------------+---------+---------+----------+-----------+-----------+-------+----------+



================================================================
== Utilization Estimates
================================================================
* Summary: 
+---------------------+---------+------+---------+---------+-----+
|         Name        | BRAM_18K|  DSP |    FF   |   LUT   | URAM|
+---------------------+---------+------+---------+---------+-----+
|DSP                  |        -|     -|        -|        -|    -|
|Expression           |        -|     -|        0|     2354|    -|
|FIFO                 |        -|     -|        -|        -|    -|
|Instance             |        -|   348|    18641|    11397|    -|
|Memory               |        0|     -|        0|        0|   28|
|Multiplexer          |        -|     -|        -|      568|    -|
|Register             |        -|     -|     3897|     1216|    -|
+---------------------+---------+------+---------+---------+-----+
|Total                |        0|   348|    22538|    15535|   28|
+---------------------+---------+------+---------+---------+-----+
|Available SLR        |     1344|  3008|   869120|   434560|  320|
+---------------------+---------+------+---------+---------+-----+
|Utilization SLR (%)  |        0|    11|        2|        3|    8|
+---------------------+---------+------+---------+---------+-----+
|Available            |     4032|  9024|  2607360|  1303680|  960|
+---------------------+---------+------+---------+---------+-----+
|Utilization (%)      |        0|     3|       ~0|        1|    2|
+---------------------+---------+------+---------+---------+-----+

+ Detail: 
    * Instance: 
    +------------------------------------+--------------------------------+---------+----+-----+-----+-----+
    |              Instance              |             Module             | BRAM_18K| DSP|  FF | LUT | URAM|
    +------------------------------------+--------------------------------+---------+----+-----+-----+-----+
    |fadd_32ns_32ns_32_7_full_dsp_1_U56  |fadd_32ns_32ns_32_7_full_dsp_1  |        0|   2|  318|  198|    0|
    |fadd_32ns_32ns_32_7_full_dsp_1_U57  |fadd_32ns_32ns_32_7_full_dsp_1  |        0|   2|  318|  198|    0|
    |fadd_32ns_32ns_32_7_full_dsp_1_U58  |fadd_32ns_32ns_32_7_full_dsp_1  |        0|   2|  318|  198|    0|
    |fadd_32ns_32ns_32_7_full_dsp_1_U59  |fadd_32ns_32ns_32_7_full_dsp_1  |        0|   2|  318|  198|    0|
    |fadd_32ns_32ns_32_7_full_dsp_1_U60  |fadd_32ns_32ns_32_7_full_dsp_1  |        0|   2|  318|  198|    0|
    |fadd_32ns_32ns_32_7_full_dsp_1_U61  |fadd_32ns_32ns_32_7_full_dsp_1  |        0|   2|  318|  198|    0|
    |fadd_32ns_32ns_32_7_full_dsp_1_U62  |fadd_32ns_32ns_32_7_full_dsp_1  |        0|   2|  318|  198|    0|
    |fadd_32ns_32ns_32_7_full_dsp_1_U63  |fadd_32ns_32ns_32_7_full_dsp_1  |        0|   2|  318|  198|    0|
    |fadd_32ns_32ns_32_7_full_dsp_1_U64  |fadd_32ns_32ns_32_7_full_dsp_1  |        0|   2|  318|  198|    0|
    |fadd_32ns_32ns_32_7_full_dsp_1_U65  |fadd_32ns_32ns_32_7_full_dsp_1  |        0|   2|  318|  198|    0|
    |fadd_32ns_32ns_32_7_full_dsp_1_U66  |fadd_32ns_32ns_32_7_full_dsp_1  |        0|   2|  318|  198|    0|
    |fadd_32ns_32ns_32_7_full_dsp_1_U67  |fadd_32ns_32ns_32_7_full_dsp_1  |        0|   2|  318|  198|    0|
    |fadd_32ns_32ns_32_7_full_dsp_1_U68  |fadd_32ns_32ns_32_7_full_dsp_1  |        0|   2|  318|  198|    0|
    |fadd_32ns_32ns_32_7_full_dsp_1_U69  |fadd_32ns_32ns_32_7_full_dsp_1  |        0|   2|  318|  198|    0|
    |fadd_32ns_32ns_32_7_full_dsp_1_U70  |fadd_32ns_32ns_32_7_full_dsp_1  |        0|   2|  318|  198|    0|
    |fadd_32ns_32ns_32_7_full_dsp_1_U71  |fadd_32ns_32ns_32_7_full_dsp_1  |        0|   2|  318|  198|    0|
    |fadd_32ns_32ns_32_7_full_dsp_1_U72  |fadd_32ns_32ns_32_7_full_dsp_1  |        0|   2|  318|  198|    0|
    |fadd_32ns_32ns_32_7_full_dsp_1_U73  |fadd_32ns_32ns_32_7_full_dsp_1  |        0|   2|  318|  198|    0|
    |fadd_32ns_32ns_32_7_full_dsp_1_U74  |fadd_32ns_32ns_32_7_full_dsp_1  |        0|   2|  318|  198|    0|
    |fadd_32ns_32ns_32_7_full_dsp_1_U75  |fadd_32ns_32ns_32_7_full_dsp_1  |        0|   2|  318|  198|    0|
    |fadd_32ns_32ns_32_7_full_dsp_1_U76  |fadd_32ns_32ns_32_7_full_dsp_1  |        0|   2|  318|  198|    0|
    |fadd_32ns_32ns_32_7_full_dsp_1_U77  |fadd_32ns_32ns_32_7_full_dsp_1  |        0|   2|  318|  198|    0|
    |fadd_32ns_32ns_32_7_full_dsp_1_U78  |fadd_32ns_32ns_32_7_full_dsp_1  |        0|   2|  318|  198|    0|
    |fadd_32ns_32ns_32_7_full_dsp_1_U79  |fadd_32ns_32ns_32_7_full_dsp_1  |        0|   2|  318|  198|    0|
    |fadd_32ns_32ns_32_7_full_dsp_1_U80  |fadd_32ns_32ns_32_7_full_dsp_1  |        0|   2|  318|  198|    0|
    |fadd_32ns_32ns_32_7_full_dsp_1_U81  |fadd_32ns_32ns_32_7_full_dsp_1  |        0|   2|  318|  198|    0|
    |fadd_32ns_32ns_32_7_full_dsp_1_U82  |fadd_32ns_32ns_32_7_full_dsp_1  |        0|   2|  318|  198|    0|
    |fadd_32ns_32ns_32_7_full_dsp_1_U83  |fadd_32ns_32ns_32_7_full_dsp_1  |        0|   2|  318|  198|    0|
    |fmul_32ns_32ns_32_4_max_dsp_1_U84   |fmul_32ns_32ns_32_4_max_dsp_1   |        0|   3|  143|   78|    0|
    |fmul_32ns_32ns_32_4_max_dsp_1_U85   |fmul_32ns_32ns_32_4_max_dsp_1   |        0|   3|  143|   78|    0|
    |fmul_32ns_32ns_32_4_max_dsp_1_U86   |fmul_32ns_32ns_32_4_max_dsp_1   |        0|   3|  143|   78|    0|
    |fmul_32ns_32ns_32_4_max_dsp_1_U87   |fmul_32ns_32ns_32_4_max_dsp_1   |        0|   3|  143|   78|    0|
    |fmul_32ns_32ns_32_4_max_dsp_1_U88   |fmul_32ns_32ns_32_4_max_dsp_1   |        0|   3|  143|   78|    0|
    |fmul_32ns_32ns_32_4_max_dsp_1_U89   |fmul_32ns_32ns_32_4_max_dsp_1   |        0|   3|  143|   78|    0|
    |fmul_32ns_32ns_32_4_max_dsp_1_U90   |fmul_32ns_32ns_32_4_max_dsp_1   |        0|   3|  143|   78|    0|
    |fmul_32ns_32ns_32_4_max_dsp_1_U91   |fmul_32ns_32ns_32_4_max_dsp_1   |        0|   3|  143|   78|    0|
    |fmul_32ns_32ns_32_4_max_dsp_1_U92   |fmul_32ns_32ns_32_4_max_dsp_1   |        0|   3|  143|   78|    0|
    |fmul_32ns_32ns_32_4_max_dsp_1_U93   |fmul_32ns_32ns_32_4_max_dsp_1   |        0|   3|  143|   78|    0|
    |fmul_32ns_32ns_32_4_max_dsp_1_U94   |fmul_32ns_32ns_32_4_max_dsp_1   |        0|   3|  143|   78|    0|
    |fmul_32ns_32ns_32_4_max_dsp_1_U95   |fmul_32ns_32ns_32_4_max_dsp_1   |        0|   3|  143|   78|    0|
    |fmul_32ns_32ns_32_4_max_dsp_1_U96   |fmul_32ns_32ns_32_4_max_dsp_1   |        0|   3|  143|   78|    0|
    |fmul_32ns_32ns_32_4_max_dsp_1_U97   |fmul_32ns_32ns_32_4_max_dsp_1   |        0|   3|  143|   78|    0|
    |fmul_32ns_32ns_32_4_max_dsp_1_U98   |fmul_32ns_32ns_32_4_max_dsp_1   |        0|   3|  143|   78|    0|
    |fmul_32ns_32ns_32_4_max_dsp_1_U99   |fmul_32ns_32ns_32_4_max_dsp_1   |        0|   3|  143|   78|    0|
    |fmul_32ns_32ns_32_4_max_dsp_1_U100  |fmul_32ns_32ns_32_4_max_dsp_1   |        0|   3|  143|   78|    0|
    |fmul_32ns_32ns_32_4_max_dsp_1_U101  |fmul_32ns_32ns_32_4_max_dsp_1   |        0|   3|  143|   78|    0|
    |fmul_32ns_32ns_32_4_max_dsp_1_U102  |fmul_32ns_32ns_32_4_max_dsp_1   |        0|   3|  143|   78|    0|
    |fmul_32ns_32ns_32_4_max_dsp_1_U103  |fmul_32ns_32ns_32_4_max_dsp_1   |        0|   3|  143|   78|    0|
    |fmul_32ns_32ns_32_4_max_dsp_1_U104  |fmul_32ns_32ns_32_4_max_dsp_1   |        0|   3|  143|   78|    0|
    |fmul_32ns_32ns_32_4_max_dsp_1_U105  |fmul_32ns_32ns_32_4_max_dsp_1   |        0|   3|  143|   78|    0|
    |fmul_32ns_32ns_32_4_max_dsp_1_U106  |fmul_32ns_32ns_32_4_max_dsp_1   |        0|   3|  143|   78|    0|
    |fmul_32ns_32ns_32_4_max_dsp_1_U107  |fmul_32ns_32ns_32_4_max_dsp_1   |        0|   3|  143|   78|    0|
    |fmul_32ns_32ns_32_4_max_dsp_1_U108  |fmul_32ns_32ns_32_4_max_dsp_1   |        0|   3|  143|   78|    0|
    |fmul_32ns_32ns_32_4_max_dsp_1_U109  |fmul_32ns_32ns_32_4_max_dsp_1   |        0|   3|  143|   78|    0|
    |fmul_32ns_32ns_32_4_max_dsp_1_U110  |fmul_32ns_32ns_32_4_max_dsp_1   |        0|   3|  143|   78|    0|
    |fmul_32ns_32ns_32_4_max_dsp_1_U111  |fmul_32ns_32ns_32_4_max_dsp_1   |        0|   3|  143|   78|    0|
    |mul_4ns_8ns_11_1_1_U125             |mul_4ns_8ns_11_1_1              |        0|   0|    0|   40|    0|
    |mul_64ns_66ns_129_5_1_U112          |mul_64ns_66ns_129_5_1           |        0|  16|  441|  249|    0|
    |mul_64ns_66ns_129_5_1_U113          |mul_64ns_66ns_129_5_1           |        0|  16|  441|  249|    0|
    |mul_64ns_66ns_129_5_1_U114          |mul_64ns_66ns_129_5_1           |        0|  16|  441|  249|    0|
    |mul_64ns_66ns_129_5_1_U115          |mul_64ns_66ns_129_5_1           |        0|  16|  441|  249|    0|
    |mul_64ns_66ns_129_5_1_U116          |mul_64ns_66ns_129_5_1           |        0|  16|  441|  249|    0|
    |mul_64ns_66ns_129_5_1_U117          |mul_64ns_66ns_129_5_1           |        0|  16|  441|  249|    0|
    |mul_64ns_66ns_129_5_1_U118          |mul_64ns_66ns_129_5_1           |        0|  16|  441|  249|    0|
    |mul_64ns_66ns_129_5_1_U119          |mul_64ns_66ns_129_5_1           |        0|  16|  441|  249|    0|
    |mul_64ns_66ns_129_5_1_U120          |mul_64ns_66ns_129_5_1           |        0|  16|  441|  249|    0|
    |mul_64ns_66ns_129_5_1_U121          |mul_64ns_66ns_129_5_1           |        0|  16|  441|  249|    0|
    |mul_64ns_66ns_129_5_1_U122          |mul_64ns_66ns_129_5_1           |        0|  16|  441|  249|    0|
    |mul_64ns_66ns_129_5_1_U123          |mul_64ns_66ns_129_5_1           |        0|  16|  441|  249|    0|
    |mul_64ns_66ns_129_5_1_U124          |mul_64ns_66ns_129_5_1           |        0|  16|  441|  249|    0|
    |sparsemux_7_2_32_1_1_U126           |sparsemux_7_2_32_1_1            |        0|   0|    0|   14|    0|
    |sparsemux_7_2_32_1_1_U127           |sparsemux_7_2_32_1_1            |        0|   0|    0|   14|    0|
    |sparsemux_7_2_32_1_1_U128           |sparsemux_7_2_32_1_1            |        0|   0|    0|   14|    0|
    |sparsemux_7_2_32_1_1_U129           |sparsemux_7_2_32_1_1            |        0|   0|    0|   14|    0|
    |sparsemux_7_2_32_1_1_U130           |sparsemux_7_2_32_1_1            |        0|   0|    0|   14|    0|
    |sparsemux_7_2_32_1_1_U131           |sparsemux_7_2_32_1_1            |        0|   0|    0|   14|    0|
    |sparsemux_7_2_32_1_1_U132           |sparsemux_7_2_32_1_1            |        0|   0|    0|   14|    0|
    |sparsemux_7_2_32_1_1_U133           |sparsemux_7_2_32_1_1            |        0|   0|    0|   14|    0|
    |sparsemux_7_2_32_1_1_U134           |sparsemux_7_2_32_1_1            |        0|   0|    0|   14|    0|
    |sparsemux_7_2_32_1_1_U135           |sparsemux_7_2_32_1_1            |        0|   0|    0|   14|    0|
    |sparsemux_7_2_32_1_1_U136           |sparsemux_7_2_32_1_1            |        0|   0|    0|   14|    0|
    |sparsemux_7_2_32_1_1_U137           |sparsemux_7_2_32_1_1            |        0|   0|    0|   14|    0|
    |sparsemux_7_2_32_1_1_U138           |sparsemux_7_2_32_1_1            |        0|   0|    0|   14|    0|
    |sparsemux_7_2_32_1_1_U139           |sparsemux_7_2_32_1_1            |        0|   0|    0|   14|    0|
    |sparsemux_7_2_32_1_1_U140           |sparsemux_7_2_32_1_1            |        0|   0|    0|   14|    0|
    |sparsemux_7_2_32_1_1_U141           |sparsemux_7_2_32_1_1            |        0|   0|    0|   14|    0|
    |sparsemux_7_2_32_1_1_U142           |sparsemux_7_2_32_1_1            |        0|   0|    0|   14|    0|
    |sparsemux_7_2_32_1_1_U143           |sparsemux_7_2_32_1_1            |        0|   0|    0|   14|    0|
    |sparsemux_7_2_32_1_1_U144           |sparsemux_7_2_32_1_1            |        0|   0|    0|   14|    0|
    |sparsemux_7_2_32_1_1_U145           |sparsemux_7_2_32_1_1            |        0|   0|    0|   14|    0|
    |sparsemux_7_2_32_1_1_U146           |sparsemux_7_2_32_1_1            |        0|   0|    0|   14|    0|
    |sparsemux_7_2_32_1_1_U147           |sparsemux_7_2_32_1_1            |        0|   0|    0|   14|    0|
    |sparsemux_7_2_32_1_1_U148           |sparsemux_7_2_32_1_1            |        0|   0|    0|   14|    0|
    |sparsemux_7_2_32_1_1_U149           |sparsemux_7_2_32_1_1            |        0|   0|    0|   14|    0|
    |sparsemux_7_2_32_1_1_U150           |sparsemux_7_2_32_1_1            |        0|   0|    0|   14|    0|
    |sparsemux_7_2_32_1_1_U151           |sparsemux_7_2_32_1_1            |        0|   0|    0|   14|    0|
    |sparsemux_7_2_32_1_1_U152           |sparsemux_7_2_32_1_1            |        0|   0|    0|   14|    0|
    |sparsemux_7_2_32_1_1_U153           |sparsemux_7_2_32_1_1            |        0|   0|    0|   14|    0|
    +------------------------------------+--------------------------------+---------+----+-----+-----+-----+
    |Total                               |                                |        0| 348|18641|11397|    0|
    +------------------------------------+--------------------------------+---------+----+-----+-----+-----+

    * DSP: 
    N/A

    * Memory: 
    +----------+-------------------------------------+---------+---+----+-----+------+-----+------+-------------+
    |  Memory  |                Module               | BRAM_18K| FF| LUT| URAM| Words| Bits| Banks| W*Bits*Banks|
    +----------+-------------------------------------+---------+---+----+-----+------+-----+------+-------------+
    |v18_U     |Loop_loop12_proc1_v18_RAM_AUTO_1R1W  |        0|  0|   0|    1|  3584|   32|     1|       114688|
    |v18_1_U   |Loop_loop12_proc1_v18_RAM_AUTO_1R1W  |        0|  0|   0|    1|  3584|   32|     1|       114688|
    |v18_2_U   |Loop_loop12_proc1_v18_RAM_AUTO_1R1W  |        0|  0|   0|    1|  3584|   32|     1|       114688|
    |v18_3_U   |Loop_loop12_proc1_v18_RAM_AUTO_1R1W  |        0|  0|   0|    1|  3584|   32|     1|       114688|
    |v18_4_U   |Loop_loop12_proc1_v18_RAM_AUTO_1R1W  |        0|  0|   0|    1|  3584|   32|     1|       114688|
    |v18_5_U   |Loop_loop12_proc1_v18_RAM_AUTO_1R1W  |        0|  0|   0|    1|  3584|   32|     1|       114688|
    |v18_6_U   |Loop_loop12_proc1_v18_RAM_AUTO_1R1W  |        0|  0|   0|    1|  3584|   32|     1|       114688|
    |v18_7_U   |Loop_loop12_proc1_v18_RAM_AUTO_1R1W  |        0|  0|   0|    1|  3584|   32|     1|       114688|
    |v18_8_U   |Loop_loop12_proc1_v18_RAM_AUTO_1R1W  |        0|  0|   0|    1|  3584|   32|     1|       114688|
    |v18_9_U   |Loop_loop12_proc1_v18_RAM_AUTO_1R1W  |        0|  0|   0|    1|  3584|   32|     1|       114688|
    |v18_10_U  |Loop_loop12_proc1_v18_RAM_AUTO_1R1W  |        0|  0|   0|    1|  3584|   32|     1|       114688|
    |v18_11_U  |Loop_loop12_proc1_v18_RAM_AUTO_1R1W  |        0|  0|   0|    1|  3584|   32|     1|       114688|
    |v18_12_U  |Loop_loop12_proc1_v18_RAM_AUTO_1R1W  |        0|  0|   0|    1|  3584|   32|     1|       114688|
    |v18_13_U  |Loop_loop12_proc1_v18_RAM_AUTO_1R1W  |        0|  0|   0|    1|  3584|   32|     1|       114688|
    |v18_14_U  |Loop_loop12_proc1_v18_RAM_AUTO_1R1W  |        0|  0|   0|    1|  3584|   32|     1|       114688|
    |v18_15_U  |Loop_loop12_proc1_v18_RAM_AUTO_1R1W  |        0|  0|   0|    1|  3584|   32|     1|       114688|
    |v18_16_U  |Loop_loop12_proc1_v18_RAM_AUTO_1R1W  |        0|  0|   0|    1|  3584|   32|     1|       114688|
    |v18_17_U  |Loop_loop12_proc1_v18_RAM_AUTO_1R1W  |        0|  0|   0|    1|  3584|   32|     1|       114688|
    |v18_18_U  |Loop_loop12_proc1_v18_RAM_AUTO_1R1W  |        0|  0|   0|    1|  3584|   32|     1|       114688|
    |v18_19_U  |Loop_loop12_proc1_v18_RAM_AUTO_1R1W  |        0|  0|   0|    1|  3584|   32|     1|       114688|
    |v18_20_U  |Loop_loop12_proc1_v18_RAM_AUTO_1R1W  |        0|  0|   0|    1|  3584|   32|     1|       114688|
    |v18_21_U  |Loop_loop12_proc1_v18_RAM_AUTO_1R1W  |        0|  0|   0|    1|  3584|   32|     1|       114688|
    |v18_22_U  |Loop_loop12_proc1_v18_RAM_AUTO_1R1W  |        0|  0|   0|    1|  3584|   32|     1|       114688|
    |v18_23_U  |Loop_loop12_proc1_v18_RAM_AUTO_1R1W  |        0|  0|   0|    1|  3584|   32|     1|       114688|
    |v18_24_U  |Loop_loop12_proc1_v18_RAM_AUTO_1R1W  |        0|  0|   0|    1|  3584|   32|     1|       114688|
    |v18_25_U  |Loop_loop12_proc1_v18_RAM_AUTO_1R1W  |        0|  0|   0|    1|  3584|   32|     1|       114688|
    |v18_26_U  |Loop_loop12_proc1_v18_RAM_AUTO_1R1W  |        0|  0|   0|    1|  3584|   32|     1|       114688|
    |v1829_U   |Loop_loop12_proc1_v18_RAM_AUTO_1R1W  |        0|  0|   0|    1|  3584|   32|     1|       114688|
    +----------+-------------------------------------+---------+---+----+-----+------+-----+------+-------------+
    |Total     |                                     |        0|  0|   0|   28|100352|  896|    28|      3211264|
    +----------+-------------------------------------+---------+---+----+-----+------+-----+------+-------------+

    * FIFO: 
    N/A

    * Expression: 
    +------------------------------------+----------+----+---+----+------------+------------+
    |            Variable Name           | Operation| DSP| FF| LUT| Bitwidth P0| Bitwidth P1|
    +------------------------------------+----------+----+---+----+------------+------------+
    |add_ln65_1_fu_1858_p2               |         +|   0|  0|  22|          15|           1|
    |add_ln65_fu_2505_p2                 |         +|   0|  0|  13|           6|           1|
    |add_ln66_1_fu_2104_p2               |         +|   0|  0|  18|          11|           1|
    |add_ln66_fu_2477_p2                 |         +|   0|  0|  12|           4|           1|
    |add_ln67_1_fu_2090_p2               |         +|   0|  0|  14|           7|           1|
    |add_ln67_fu_2525_p2                 |         +|   0|  0|   9|           2|           1|
    |add_ln68_1_fu_2076_p2               |         +|   0|  0|  13|           6|           1|
    |add_ln68_fu_1998_p2                 |         +|   0|  0|   9|           2|           1|
    |add_ln69_fu_2070_p2                 |         +|   0|  0|  12|           4|           1|
    |add_ln77_10_fu_2302_p2              |         +|   0|  0|  12|           4|           3|
    |add_ln77_11_fu_2312_p2              |         +|   0|  0|  15|           8|           8|
    |add_ln77_12_fu_2337_p2              |         +|   0|  0|  15|           8|           8|
    |add_ln77_13_fu_2351_p2              |         +|   0|  0|  12|           4|           4|
    |add_ln77_14_fu_2361_p2              |         +|   0|  0|  15|           8|           8|
    |add_ln77_15_fu_2375_p2              |         +|   0|  0|  12|           4|           4|
    |add_ln77_16_fu_2385_p2              |         +|   0|  0|  15|           8|           8|
    |add_ln77_17_fu_2399_p2              |         +|   0|  0|  12|           4|           4|
    |add_ln77_18_fu_2409_p2              |         +|   0|  0|  15|           8|           8|
    |add_ln77_19_fu_2431_p2              |         +|   0|  0|  15|           8|           8|
    |add_ln77_1_fu_2181_p2               |         +|   0|  0|  10|           3|           2|
    |add_ln77_20_fu_2453_p2              |         +|   0|  0|  15|           8|           8|
    |add_ln77_21_fu_2675_p2              |         +|   0|  0|  18|          11|          11|
    |add_ln77_22_fu_2692_p2              |         +|   0|  0|  21|          14|          14|
    |add_ln77_23_fu_2713_p2              |         +|   0|  0|  18|          11|          11|
    |add_ln77_24_fu_2730_p2              |         +|   0|  0|  21|          14|          14|
    |add_ln77_25_fu_2775_p2              |         +|   0|  0|  21|          14|          14|
    |add_ln77_26_fu_2787_p2              |         +|   0|  0|  21|          14|          14|
    |add_ln77_27_fu_2815_p2              |         +|   0|  0|  21|          14|          14|
    |add_ln77_28_fu_2825_p2              |         +|   0|  0|  21|          14|          14|
    |add_ln77_29_fu_2845_p2              |         +|   0|  0|  21|          14|          14|
    |add_ln77_2_fu_2191_p2               |         +|   0|  0|  15|           8|           8|
    |add_ln77_30_fu_2855_p2              |         +|   0|  0|  21|          14|          14|
    |add_ln77_31_fu_2875_p2              |         +|   0|  0|  21|          14|          14|
    |add_ln77_32_fu_2885_p2              |         +|   0|  0|  21|          14|          14|
    |add_ln77_33_fu_2905_p2              |         +|   0|  0|  21|          14|          14|
    |add_ln77_34_fu_2915_p2              |         +|   0|  0|  21|          14|          14|
    |add_ln77_35_fu_2935_p2              |         +|   0|  0|  21|          14|          14|
    |add_ln77_36_fu_2945_p2              |         +|   0|  0|  21|          14|          14|
    |add_ln77_37_fu_2965_p2              |         +|   0|  0|  21|          14|          14|
    |add_ln77_38_fu_2975_p2              |         +|   0|  0|  21|          14|          14|
    |add_ln77_39_fu_2995_p2              |         +|   0|  0|  21|          14|          14|
    |add_ln77_3_fu_2205_p2               |         +|   0|  0|  10|           3|           2|
    |add_ln77_40_fu_3005_p2              |         +|   0|  0|  21|          14|          14|
    |add_ln77_41_fu_3025_p2              |         +|   0|  0|  21|          14|          14|
    |add_ln77_42_fu_3035_p2              |         +|   0|  0|  21|          14|          14|
    |add_ln77_43_fu_3055_p2              |         +|   0|  0|  21|          14|          14|
    |add_ln77_44_fu_3065_p2              |         +|   0|  0|  21|          14|          14|
    |add_ln77_45_fu_3085_p2              |         +|   0|  0|  21|          14|          14|
    |add_ln77_46_fu_3095_p2              |         +|   0|  0|  21|          14|          14|
    |add_ln77_47_fu_3115_p2              |         +|   0|  0|  21|          14|          14|
    |add_ln77_48_fu_3125_p2              |         +|   0|  0|  21|          14|          14|
    |add_ln77_49_fu_3145_p2              |         +|   0|  0|  21|          14|          14|
    |add_ln77_4_fu_2215_p2               |         +|   0|  0|  15|           8|           8|
    |add_ln77_50_fu_3157_p2              |         +|   0|  0|  21|          14|          14|
    |add_ln77_51_fu_3179_p2              |         +|   0|  0|  21|          14|          14|
    |add_ln77_52_fu_3191_p2              |         +|   0|  0|  21|          14|          14|
    |add_ln77_5_fu_2240_p2               |         +|   0|  0|  15|           8|           8|
    |add_ln77_6_fu_2254_p2               |         +|   0|  0|  10|           3|           3|
    |add_ln77_7_fu_2264_p2               |         +|   0|  0|  15|           8|           8|
    |add_ln77_8_fu_2278_p2               |         +|   0|  0|  12|           4|           3|
    |add_ln77_9_fu_2288_p2               |         +|   0|  0|  15|           8|           8|
    |add_ln77_fu_2166_p2                 |         +|   0|  0|  16|           9|           9|
    |add_ln82_1_fu_2799_p2               |         +|   0|  0|  19|          12|          12|
    |add_ln82_fu_2639_p2                 |         +|   0|  0|  16|           9|           9|
    |empty_139_fu_2604_p2                |         +|   0|  0|  16|           7|           7|
    |empty_142_fu_2625_p2                |         +|   0|  0|  16|           7|           7|
    |empty_144_fu_2665_p2                |         +|   0|  0|  14|           7|           7|
    |empty_145_fu_2703_p2                |         +|   0|  0|  15|           8|           8|
    |empty_141_fu_2616_p2                |         -|   0|  0|  16|           7|           7|
    |empty_150_fu_2064_p2                |         -|   0|  0|  15|           8|           8|
    |empty_fu_2571_p2                    |         -|   0|  0|  16|           7|           7|
    |sub_ln82_fu_2595_p2                 |         -|   0|  0|  16|           9|           9|
    |and_ln65_1_fu_1948_p2               |       and|   0|  0|   2|           1|           1|
    |and_ln65_2_fu_1912_p2               |       and|   0|  0|   2|           1|           1|
    |and_ln65_fu_1894_p2                 |       and|   0|  0|   2|           1|           1|
    |and_ln66_1_fu_1954_p2               |       and|   0|  0|   2|           1|           1|
    |and_ln66_fu_1942_p2                 |       and|   0|  0|   2|           1|           1|
    |and_ln67_fu_1992_p2                 |       and|   0|  0|   2|           1|           1|
    |ap_condition_2062                   |       and|   0|  0|   2|           1|           1|
    |ap_condition_3857                   |       and|   0|  0|   2|           1|           1|
    |cmp225_not_fu_2698_p2               |      icmp|   0|  0|  10|           2|           3|
    |cmp229_not_fu_2746_p2               |      icmp|   0|  0|  10|           2|           3|
    |empty_147_fu_2740_p2                |      icmp|   0|  0|   9|           2|           1|
    |icmp_ln65_fu_1852_p2                |      icmp|   0|  0|  22|          15|          11|
    |icmp_ln66_fu_1870_p2                |      icmp|   0|  0|  18|          11|          10|
    |icmp_ln67_fu_1906_p2                |      icmp|   0|  0|  14|           7|           7|
    |icmp_ln68_fu_1900_p2                |      icmp|   0|  0|  13|           6|           5|
    |icmp_ln69_fu_1888_p2                |      icmp|   0|  0|  12|           4|           5|
    |ap_block_pp0_stage0_01001           |        or|   0|  0|   2|           1|           1|
    |ap_block_state17_pp0_stage0_iter16  |        or|   0|  0|   2|           1|           1|
    |brmerge176_fu_2751_p2               |        or|   0|  0|   2|           1|           1|
    |empty_143_fu_2652_p2                |        or|   0|  0|   7|           7|           1|
    |empty_146_fu_2736_p2                |        or|   0|  0|   2|           2|           2|
    |or_ln65_fu_1876_p2                  |        or|   0|  0|   2|           1|           1|
    |or_ln66_1_fu_1924_p2                |        or|   0|  0|   2|           1|           1|
    |or_ln66_2_fu_1936_p2                |        or|   0|  0|   2|           1|           1|
    |or_ln66_fu_1918_p2                  |        or|   0|  0|   2|           1|           1|
    |or_ln67_1_fu_1980_p2                |        or|   0|  0|   2|           1|           1|
    |or_ln67_2_fu_1966_p2                |        or|   0|  0|   2|           1|           1|
    |or_ln67_fu_1960_p2                  |        or|   0|  0|   2|           1|           1|
    |or_ln68_1_fu_2010_p2                |        or|   0|  0|   2|           1|           1|
    |or_ln68_2_fu_2016_p2                |        or|   0|  0|   2|           1|           1|
    |or_ln68_fu_2004_p2                  |        or|   0|  0|   2|           1|           1|
    |or_ln77_fu_2157_p2                  |        or|   0|  0|   8|           8|           1|
    |grp_fu_1478_p0                      |    select|   0|  0|  32|           1|          32|
    |grp_fu_1483_p0                      |    select|   0|  0|  32|           1|          32|
    |grp_fu_1488_p0                      |    select|   0|  0|  32|           1|          32|
    |grp_fu_1493_p0                      |    select|   0|  0|  32|           1|          32|
    |grp_fu_1498_p0                      |    select|   0|  0|  32|           1|          32|
    |grp_fu_1503_p0                      |    select|   0|  0|  32|           1|          32|
    |grp_fu_1508_p0                      |    select|   0|  0|  32|           1|          32|
    |grp_fu_1513_p0                      |    select|   0|  0|  32|           1|          32|
    |grp_fu_1518_p0                      |    select|   0|  0|  32|           1|          32|
    |grp_fu_1523_p0                      |    select|   0|  0|  32|           1|          32|
    |grp_fu_1528_p0                      |    select|   0|  0|  32|           1|          32|
    |grp_fu_1533_p0                      |    select|   0|  0|  32|           1|          32|
    |grp_fu_1538_p0                      |    select|   0|  0|  32|           1|          32|
    |grp_fu_1543_p0                      |    select|   0|  0|  32|           1|          32|
    |grp_fu_1548_p0                      |    select|   0|  0|  32|           1|          32|
    |grp_fu_1553_p0                      |    select|   0|  0|  32|           1|          32|
    |grp_fu_1558_p0                      |    select|   0|  0|  32|           1|          32|
    |grp_fu_1563_p0                      |    select|   0|  0|  32|           1|          32|
    |grp_fu_1568_p0                      |    select|   0|  0|  32|           1|          32|
    |grp_fu_1573_p0                      |    select|   0|  0|  32|           1|          32|
    |grp_fu_1578_p0                      |    select|   0|  0|  32|           1|          32|
    |grp_fu_1583_p0                      |    select|   0|  0|  32|           1|          32|
    |grp_fu_1588_p0                      |    select|   0|  0|  32|           1|          32|
    |grp_fu_1593_p0                      |    select|   0|  0|  32|           1|          32|
    |grp_fu_1598_p0                      |    select|   0|  0|  32|           1|          32|
    |grp_fu_1603_p0                      |    select|   0|  0|  32|           1|          32|
    |grp_fu_1608_p0                      |    select|   0|  0|  32|           1|          32|
    |grp_fu_1613_p0                      |    select|   0|  0|  32|           1|          32|
    |select_ln65_1_fu_2511_p3            |    select|   0|  0|   6|           1|           6|
    |select_ln65_fu_2470_p3              |    select|   0|  0|   4|           1|           1|
    |select_ln66_1_fu_2483_p3            |    select|   0|  0|   4|           1|           4|
    |select_ln66_2_fu_2110_p3            |    select|   0|  0|  11|           1|           1|
    |select_ln66_fu_2518_p3              |    select|   0|  0|   2|           1|           1|
    |select_ln67_1_fu_2531_p3            |    select|   0|  0|   2|           1|           2|
    |select_ln67_2_fu_2096_p3            |    select|   0|  0|   7|           1|           1|
    |select_ln67_fu_1972_p3              |    select|   0|  0|   2|           1|           1|
    |select_ln68_1_fu_2030_p3            |    select|   0|  0|   2|           1|           2|
    |select_ln68_2_fu_2082_p3            |    select|   0|  0|   6|           1|           1|
    |select_ln68_fu_2022_p3              |    select|   0|  0|   4|           1|           1|
    |ap_enable_pp0                       |       xor|   0|  0|   2|           1|           2|
    |xor_ln65_fu_1882_p2                 |       xor|   0|  0|   2|           1|           2|
    |xor_ln66_fu_1930_p2                 |       xor|   0|  0|   2|           1|           2|
    |xor_ln67_fu_1986_p2                 |       xor|   0|  0|   2|           2|           1|
    +------------------------------------+----------+----+---+----+------------+------------+
    |Total                               |          |   0|  0|2354|         845|        1656|
    +------------------------------------+----------+----+---+----+------------+------------+

    * Multiplexer: 
    +----------------------------------------+----+-----------+-----+-----------+
    |                  Name                  | LUT| Input Size| Bits| Total Bits|
    +----------------------------------------+----+-----------+-----+-----------+
    |ap_done_int                             |   9|          2|    1|          2|
    |ap_enable_reg_pp0_iter1                 |   9|          2|    1|          2|
    |ap_sig_allocacmp_indvar_flatten15_load  |   9|          2|    7|         14|
    |ap_sig_allocacmp_indvar_flatten38_load  |   9|          2|   11|         22|
    |ap_sig_allocacmp_indvar_flatten70_load  |   9|          2|   15|         30|
    |ap_sig_allocacmp_indvar_flatten_load    |   9|          2|    6|         12|
    |ap_sig_allocacmp_v21_load               |   9|          2|    6|         12|
    |ap_sig_allocacmp_v22_load               |   9|          2|    4|          8|
    |ap_sig_allocacmp_v23_load               |   9|          2|    2|          4|
    |ap_sig_allocacmp_v24_load               |   9|          2|    2|          4|
    |ap_sig_allocacmp_v25_load               |   9|          2|    4|          8|
    |indvar_flatten15_fu_228                 |   9|          2|    7|         14|
    |indvar_flatten38_fu_236                 |   9|          2|   11|         22|
    |indvar_flatten70_fu_244                 |   9|          2|   15|         30|
    |indvar_flatten_fu_220                   |   9|          2|    6|         12|
    |v19_10_blk_n                            |   9|          2|    1|          2|
    |v19_11_blk_n                            |   9|          2|    1|          2|
    |v19_12_blk_n                            |   9|          2|    1|          2|
    |v19_13_blk_n                            |   9|          2|    1|          2|
    |v19_14_blk_n                            |   9|          2|    1|          2|
    |v19_15_blk_n                            |   9|          2|    1|          2|
    |v19_16_blk_n                            |   9|          2|    1|          2|
    |v19_17_blk_n                            |   9|          2|    1|          2|
    |v19_18_blk_n                            |   9|          2|    1|          2|
    |v19_19_blk_n                            |   9|          2|    1|          2|
    |v19_1_blk_n                             |   9|          2|    1|          2|
    |v19_20_blk_n                            |   9|          2|    1|          2|
    |v19_21_blk_n                            |   9|          2|    1|          2|
    |v19_22_blk_n                            |   9|          2|    1|          2|
    |v19_23_blk_n                            |   9|          2|    1|          2|
    |v19_24_blk_n                            |   9|          2|    1|          2|
    |v19_25_blk_n                            |   9|          2|    1|          2|
    |v19_26_blk_n                            |   9|          2|    1|          2|
    |v19_27_blk_n                            |   9|          2|    1|          2|
    |v19_2_blk_n                             |   9|          2|    1|          2|
    |v19_3_blk_n                             |   9|          2|    1|          2|
    |v19_4_blk_n                             |   9|          2|    1|          2|
    |v19_5_blk_n                             |   9|          2|    1|          2|
    |v19_6_blk_n                             |   9|          2|    1|          2|
    |v19_7_blk_n                             |   9|          2|    1|          2|
    |v19_8_blk_n                             |   9|          2|    1|          2|
    |v19_9_blk_n                             |   9|          2|    1|          2|
    |v19_blk_n                               |   9|          2|    1|          2|
    |v21_fu_240                              |   9|          2|    6|         12|
    |v22_fu_232                              |   9|          2|    4|          8|
    |v23_fu_224                              |   9|          2|    2|          4|
    |v24_fu_216                              |   9|          2|    2|          4|
    |v25_fu_212                              |   9|          2|    4|          8|
    |v4_12_address0                          |  14|          3|   14|         42|
    |v4_12_address1                          |  14|          3|   14|         42|
    |v4_13_address0                          |  20|          4|   14|         56|
    |v4_13_address1                          |  20|          4|   14|         56|
    |v4_1_address0                           |  14|          3|   14|         42|
    |v4_1_address1                           |  14|          3|   14|         42|
    |v4_address0                             |  20|          4|   14|         56|
    |v4_address1                             |  20|          4|   14|         56|
    +----------------------------------------+----+-----------+-----+-----------+
    |Total                                   | 568|        124|  256|        680|
    +----------------------------------------+----+-----------+-----+-----------+

    * Register: 
    +--------------------------------------------------+----+----+-----+-----------+
    |                       Name                       | FF | LUT| Bits| Const Bits|
    +--------------------------------------------------+----+----+-----+-----------+
    |add_ln77_22_reg_4462                              |  14|   0|   14|          0|
    |add_ln77_24_reg_4480                              |  14|   0|   14|          0|
    |add_ln82_1_reg_4564                               |  12|   0|   12|          0|
    |add_ln82_reg_4457                                 |   9|   0|    9|          0|
    |and_ln65_2_reg_4272                               |   1|   0|    1|          0|
    |and_ln65_2_reg_4272_pp0_iter1_reg                 |   1|   0|    1|          0|
    |and_ln66_1_reg_4282                               |   1|   0|    1|          0|
    |ap_CS_fsm                                         |   1|   0|    1|          0|
    |ap_condition_exit_pp0_iter0_stage0_pp0_iter1_reg  |   1|   0|    1|          0|
    |ap_condition_exit_pp0_iter0_stage0_pp0_iter2_reg  |   1|   0|    1|          0|
    |ap_condition_exit_pp0_iter0_stage0_pp0_iter3_reg  |   1|   0|    1|          0|
    |ap_condition_exit_pp0_iter0_stage0_pp0_iter4_reg  |   1|   0|    1|          0|
    |ap_done_reg                                       |   1|   0|    1|          0|
    |ap_enable_reg_pp0_iter1                           |   1|   0|    1|          0|
    |ap_enable_reg_pp0_iter10                          |   1|   0|    1|          0|
    |ap_enable_reg_pp0_iter11                          |   1|   0|    1|          0|
    |ap_enable_reg_pp0_iter12                          |   1|   0|    1|          0|
    |ap_enable_reg_pp0_iter13                          |   1|   0|    1|          0|
    |ap_enable_reg_pp0_iter14                          |   1|   0|    1|          0|
    |ap_enable_reg_pp0_iter15                          |   1|   0|    1|          0|
    |ap_enable_reg_pp0_iter16                          |   1|   0|    1|          0|
    |ap_enable_reg_pp0_iter2                           |   1|   0|    1|          0|
    |ap_enable_reg_pp0_iter3                           |   1|   0|    1|          0|
    |ap_enable_reg_pp0_iter4                           |   1|   0|    1|          0|
    |ap_enable_reg_pp0_iter5                           |   1|   0|    1|          0|
    |ap_enable_reg_pp0_iter6                           |   1|   0|    1|          0|
    |ap_enable_reg_pp0_iter7                           |   1|   0|    1|          0|
    |ap_enable_reg_pp0_iter8                           |   1|   0|    1|          0|
    |ap_enable_reg_pp0_iter9                           |   1|   0|    1|          0|
    |ap_loop_exit_ready_pp0_iter10_reg                 |   1|   0|    1|          0|
    |ap_loop_exit_ready_pp0_iter11_reg                 |   1|   0|    1|          0|
    |ap_loop_exit_ready_pp0_iter12_reg                 |   1|   0|    1|          0|
    |ap_loop_exit_ready_pp0_iter13_reg                 |   1|   0|    1|          0|
    |ap_loop_exit_ready_pp0_iter14_reg                 |   1|   0|    1|          0|
    |ap_loop_exit_ready_pp0_iter15_reg                 |   1|   0|    1|          0|
    |ap_loop_exit_ready_pp0_iter1_reg                  |   1|   0|    1|          0|
    |ap_loop_exit_ready_pp0_iter2_reg                  |   1|   0|    1|          0|
    |ap_loop_exit_ready_pp0_iter3_reg                  |   1|   0|    1|          0|
    |ap_loop_exit_ready_pp0_iter4_reg                  |   1|   0|    1|          0|
    |ap_loop_exit_ready_pp0_iter5_reg                  |   1|   0|    1|          0|
    |ap_loop_exit_ready_pp0_iter6_reg                  |   1|   0|    1|          0|
    |ap_loop_exit_ready_pp0_iter7_reg                  |   1|   0|    1|          0|
    |ap_loop_exit_ready_pp0_iter8_reg                  |   1|   0|    1|          0|
    |ap_loop_exit_ready_pp0_iter9_reg                  |   1|   0|    1|          0|
    |ap_loop_init_pp0_iter1_reg                        |   1|   0|    1|          0|
    |ap_loop_init_pp0_iter2_reg                        |   1|   0|    1|          0|
    |ap_loop_init_pp0_iter3_reg                        |   1|   0|    1|          0|
    |brmerge176_reg_4530                               |   1|   0|    1|          0|
    |empty_147_reg_4498                                |   1|   0|    1|          0|
    |empty_150_reg_4337                                |   7|   0|    8|          1|
    |icmp_ln65_reg_4262                                |   1|   0|    1|          0|
    |icmp_ln66_reg_4266                                |   1|   0|    1|          0|
    |indvar_flatten15_fu_228                           |   7|   0|    7|          0|
    |indvar_flatten38_fu_236                           |  11|   0|   11|          0|
    |indvar_flatten70_fu_244                           |  15|   0|   15|          0|
    |indvar_flatten_fu_220                             |   6|   0|    6|          0|
    |mul_ln77_reg_4446                                 |  11|   0|   11|          0|
    |or_ln66_reg_4277                                  |   1|   0|    1|          0|
    |or_ln68_reg_4287                                  |   1|   0|    1|          0|
    |select_ln65_1_reg_4432                            |   6|   0|    6|          0|
    |select_ln66_1_reg_4419                            |   4|   0|    4|          0|
    |select_ln66_1_reg_4419_pp0_iter3_reg              |   4|   0|    4|          0|
    |select_ln67_1_reg_4438                            |   2|   0|    2|          0|
    |select_ln68_1_reg_4297                            |   2|   0|    2|          0|
    |select_ln68_reg_4291                              |   4|   0|    4|          0|
    |trunc_ln67_reg_4427                               |   3|   0|    3|          0|
    |trunc_ln67_reg_4427_pp0_iter3_reg                 |   3|   0|    3|          0|
    |v1829_addr_reg_5073                               |  12|   0|   12|          0|
    |v18_10_addr_reg_4971                              |  12|   0|   12|          0|
    |v18_11_addr_reg_4977                              |  12|   0|   12|          0|
    |v18_12_addr_reg_4983                              |  12|   0|   12|          0|
    |v18_13_addr_reg_4989                              |  12|   0|   12|          0|
    |v18_14_addr_reg_4995                              |  12|   0|   12|          0|
    |v18_15_addr_reg_5001                              |  12|   0|   12|          0|
    |v18_16_addr_reg_5007                              |  12|   0|   12|          0|
    |v18_17_addr_reg_5013                              |  12|   0|   12|          0|
    |v18_18_addr_reg_5019                              |  12|   0|   12|          0|
    |v18_19_addr_reg_5025                              |  12|   0|   12|          0|
    |v18_1_addr_reg_4917                               |  12|   0|   12|          0|
    |v18_20_addr_reg_5031                              |  12|   0|   12|          0|
    |v18_21_addr_reg_5037                              |  12|   0|   12|          0|
    |v18_22_addr_reg_5043                              |  12|   0|   12|          0|
    |v18_23_addr_reg_5049                              |  12|   0|   12|          0|
    |v18_24_addr_reg_5055                              |  12|   0|   12|          0|
    |v18_25_addr_reg_5061                              |  12|   0|   12|          0|
    |v18_26_addr_reg_5067                              |  12|   0|   12|          0|
    |v18_2_addr_reg_4923                               |  12|   0|   12|          0|
    |v18_3_addr_reg_4929                               |  12|   0|   12|          0|
    |v18_4_addr_reg_4935                               |  12|   0|   12|          0|
    |v18_5_addr_reg_4941                               |  12|   0|   12|          0|
    |v18_6_addr_reg_4947                               |  12|   0|   12|          0|
    |v18_7_addr_reg_4953                               |  12|   0|   12|          0|
    |v18_8_addr_reg_4959                               |  12|   0|   12|          0|
    |v18_9_addr_reg_4965                               |  12|   0|   12|          0|
    |v18_addr_reg_4911                                 |  12|   0|   12|          0|
    |v21_fu_240                                        |   6|   0|    6|          0|
    |v22_fu_232                                        |   4|   0|    4|          0|
    |v23_fu_224                                        |   2|   0|    2|          0|
    |v24_fu_216                                        |   2|   0|    2|          0|
    |v25_fu_212                                        |   4|   0|    4|          0|
    |v2_load1_fu_248                                   |  32|   0|   32|          0|
    |v34_10_reg_5129                                   |  32|   0|   32|          0|
    |v34_11_reg_5134                                   |  32|   0|   32|          0|
    |v34_12_reg_5139                                   |  32|   0|   32|          0|
    |v34_13_reg_5144                                   |  32|   0|   32|          0|
    |v34_14_reg_5149                                   |  32|   0|   32|          0|
    |v34_15_reg_5154                                   |  32|   0|   32|          0|
    |v34_16_reg_5159                                   |  32|   0|   32|          0|
    |v34_17_reg_5164                                   |  32|   0|   32|          0|
    |v34_18_reg_5169                                   |  32|   0|   32|          0|
    |v34_19_reg_5174                                   |  32|   0|   32|          0|
    |v34_1_reg_5084                                    |  32|   0|   32|          0|
    |v34_20_reg_5179                                   |  32|   0|   32|          0|
    |v34_21_reg_5184                                   |  32|   0|   32|          0|
    |v34_22_reg_5189                                   |  32|   0|   32|          0|
    |v34_23_reg_5194                                   |  32|   0|   32|          0|
    |v34_24_reg_5199                                   |  32|   0|   32|          0|
    |v34_25_reg_5204                                   |  32|   0|   32|          0|
    |v34_26_reg_5209                                   |  32|   0|   32|          0|
    |v34_27_reg_5214                                   |  32|   0|   32|          0|
    |v34_2_reg_5089                                    |  32|   0|   32|          0|
    |v34_3_reg_5094                                    |  32|   0|   32|          0|
    |v34_4_reg_5099                                    |  32|   0|   32|          0|
    |v34_5_reg_5104                                    |  32|   0|   32|          0|
    |v34_6_reg_5109                                    |  32|   0|   32|          0|
    |v34_7_reg_5114                                    |  32|   0|   32|          0|
    |v34_8_reg_5119                                    |  32|   0|   32|          0|
    |v34_9_reg_5124                                    |  32|   0|   32|          0|
    |v34_reg_5079                                      |  32|   0|   32|          0|
    |add_ln82_1_reg_4564                               |  64|  32|   12|          0|
    |and_ln66_1_reg_4282                               |  64|  32|    1|          0|
    |brmerge176_reg_4530                               |  64|  32|    1|          0|
    |empty_147_reg_4498                                |  64|  32|    1|          0|
    |icmp_ln65_reg_4262                                |  64|  32|    1|          0|
    |icmp_ln66_reg_4266                                |  64|  32|    1|          0|
    |or_ln66_reg_4277                                  |  64|  32|    1|          0|
    |or_ln68_reg_4287                                  |  64|  32|    1|          0|
    |select_ln68_1_reg_4297                            |  64|  32|    2|          0|
    |select_ln68_reg_4291                              |  64|  32|    4|          0|
    |v1829_addr_reg_5073                               |  64|  32|   12|          0|
    |v18_10_addr_reg_4971                              |  64|  32|   12|          0|
    |v18_11_addr_reg_4977                              |  64|  32|   12|          0|
    |v18_12_addr_reg_4983                              |  64|  32|   12|          0|
    |v18_13_addr_reg_4989                              |  64|  32|   12|          0|
    |v18_14_addr_reg_4995                              |  64|  32|   12|          0|
    |v18_15_addr_reg_5001                              |  64|  32|   12|          0|
    |v18_16_addr_reg_5007                              |  64|  32|   12|          0|
    |v18_17_addr_reg_5013                              |  64|  32|   12|          0|
    |v18_18_addr_reg_5019                              |  64|  32|   12|          0|
    |v18_19_addr_reg_5025                              |  64|  32|   12|          0|
    |v18_1_addr_reg_4917                               |  64|  32|   12|          0|
    |v18_20_addr_reg_5031                              |  64|  32|   12|          0|
    |v18_21_addr_reg_5037                              |  64|  32|   12|          0|
    |v18_22_addr_reg_5043                              |  64|  32|   12|          0|
    |v18_23_addr_reg_5049                              |  64|  32|   12|          0|
    |v18_24_addr_reg_5055                              |  64|  32|   12|          0|
    |v18_25_addr_reg_5061                              |  64|  32|   12|          0|
    |v18_26_addr_reg_5067                              |  64|  32|   12|          0|
    |v18_2_addr_reg_4923                               |  64|  32|   12|          0|
    |v18_3_addr_reg_4929                               |  64|  32|   12|          0|
    |v18_4_addr_reg_4935                               |  64|  32|   12|          0|
    |v18_5_addr_reg_4941                               |  64|  32|   12|          0|
    |v18_6_addr_reg_4947                               |  64|  32|   12|          0|
    |v18_7_addr_reg_4953                               |  64|  32|   12|          0|
    |v18_8_addr_reg_4959                               |  64|  32|   12|          0|
    |v18_9_addr_reg_4965                               |  64|  32|   12|          0|
    |v18_addr_reg_4911                                 |  64|  32|   12|          0|
    +--------------------------------------------------+----+----+-----+-----------+
    |Total                                             |3897|1216| 1827|          1|
    +--------------------------------------------------+----+----+-----+-----------+



================================================================
== Interface
================================================================
* Summary: 
+-----------------------+-----+-----+------------+-------------------+--------------+
|       RTL Ports       | Dir | Bits|  Protocol  |   Source Object   |    C Type    |
+-----------------------+-----+-----+------------+-------------------+--------------+
|ap_clk                 |   in|    1|  ap_ctrl_hs|  Loop_loop12_proc1|  return value|
|ap_rst                 |   in|    1|  ap_ctrl_hs|  Loop_loop12_proc1|  return value|
|ap_start               |   in|    1|  ap_ctrl_hs|  Loop_loop12_proc1|  return value|
|ap_done                |  out|    1|  ap_ctrl_hs|  Loop_loop12_proc1|  return value|
|ap_continue            |   in|    1|  ap_ctrl_hs|  Loop_loop12_proc1|  return value|
|ap_idle                |  out|    1|  ap_ctrl_hs|  Loop_loop12_proc1|  return value|
|ap_ready               |  out|    1|  ap_ctrl_hs|  Loop_loop12_proc1|  return value|
|v19_din                |  out|   32|     ap_fifo|                v19|       pointer|
|v19_num_data_valid     |   in|   13|     ap_fifo|                v19|       pointer|
|v19_fifo_cap           |   in|   13|     ap_fifo|                v19|       pointer|
|v19_full_n             |   in|    1|     ap_fifo|                v19|       pointer|
|v19_write              |  out|    1|     ap_fifo|                v19|       pointer|
|v19_1_din              |  out|   32|     ap_fifo|              v19_1|       pointer|
|v19_1_num_data_valid   |   in|   13|     ap_fifo|              v19_1|       pointer|
|v19_1_fifo_cap         |   in|   13|     ap_fifo|              v19_1|       pointer|
|v19_1_full_n           |   in|    1|     ap_fifo|              v19_1|       pointer|
|v19_1_write            |  out|    1|     ap_fifo|              v19_1|       pointer|
|v19_2_din              |  out|   32|     ap_fifo|              v19_2|       pointer|
|v19_2_num_data_valid   |   in|   13|     ap_fifo|              v19_2|       pointer|
|v19_2_fifo_cap         |   in|   13|     ap_fifo|              v19_2|       pointer|
|v19_2_full_n           |   in|    1|     ap_fifo|              v19_2|       pointer|
|v19_2_write            |  out|    1|     ap_fifo|              v19_2|       pointer|
|v19_3_din              |  out|   32|     ap_fifo|              v19_3|       pointer|
|v19_3_num_data_valid   |   in|   13|     ap_fifo|              v19_3|       pointer|
|v19_3_fifo_cap         |   in|   13|     ap_fifo|              v19_3|       pointer|
|v19_3_full_n           |   in|    1|     ap_fifo|              v19_3|       pointer|
|v19_3_write            |  out|    1|     ap_fifo|              v19_3|       pointer|
|v19_4_din              |  out|   32|     ap_fifo|              v19_4|       pointer|
|v19_4_num_data_valid   |   in|   13|     ap_fifo|              v19_4|       pointer|
|v19_4_fifo_cap         |   in|   13|     ap_fifo|              v19_4|       pointer|
|v19_4_full_n           |   in|    1|     ap_fifo|              v19_4|       pointer|
|v19_4_write            |  out|    1|     ap_fifo|              v19_4|       pointer|
|v19_5_din              |  out|   32|     ap_fifo|              v19_5|       pointer|
|v19_5_num_data_valid   |   in|   13|     ap_fifo|              v19_5|       pointer|
|v19_5_fifo_cap         |   in|   13|     ap_fifo|              v19_5|       pointer|
|v19_5_full_n           |   in|    1|     ap_fifo|              v19_5|       pointer|
|v19_5_write            |  out|    1|     ap_fifo|              v19_5|       pointer|
|v19_6_din              |  out|   32|     ap_fifo|              v19_6|       pointer|
|v19_6_num_data_valid   |   in|   13|     ap_fifo|              v19_6|       pointer|
|v19_6_fifo_cap         |   in|   13|     ap_fifo|              v19_6|       pointer|
|v19_6_full_n           |   in|    1|     ap_fifo|              v19_6|       pointer|
|v19_6_write            |  out|    1|     ap_fifo|              v19_6|       pointer|
|v19_7_din              |  out|   32|     ap_fifo|              v19_7|       pointer|
|v19_7_num_data_valid   |   in|   13|     ap_fifo|              v19_7|       pointer|
|v19_7_fifo_cap         |   in|   13|     ap_fifo|              v19_7|       pointer|
|v19_7_full_n           |   in|    1|     ap_fifo|              v19_7|       pointer|
|v19_7_write            |  out|    1|     ap_fifo|              v19_7|       pointer|
|v19_8_din              |  out|   32|     ap_fifo|              v19_8|       pointer|
|v19_8_num_data_valid   |   in|   13|     ap_fifo|              v19_8|       pointer|
|v19_8_fifo_cap         |   in|   13|     ap_fifo|              v19_8|       pointer|
|v19_8_full_n           |   in|    1|     ap_fifo|              v19_8|       pointer|
|v19_8_write            |  out|    1|     ap_fifo|              v19_8|       pointer|
|v19_9_din              |  out|   32|     ap_fifo|              v19_9|       pointer|
|v19_9_num_data_valid   |   in|   13|     ap_fifo|              v19_9|       pointer|
|v19_9_fifo_cap         |   in|   13|     ap_fifo|              v19_9|       pointer|
|v19_9_full_n           |   in|    1|     ap_fifo|              v19_9|       pointer|
|v19_9_write            |  out|    1|     ap_fifo|              v19_9|       pointer|
|v19_10_din             |  out|   32|     ap_fifo|             v19_10|       pointer|
|v19_10_num_data_valid  |   in|   13|     ap_fifo|             v19_10|       pointer|
|v19_10_fifo_cap        |   in|   13|     ap_fifo|             v19_10|       pointer|
|v19_10_full_n          |   in|    1|     ap_fifo|             v19_10|       pointer|
|v19_10_write           |  out|    1|     ap_fifo|             v19_10|       pointer|
|v19_11_din             |  out|   32|     ap_fifo|             v19_11|       pointer|
|v19_11_num_data_valid  |   in|   13|     ap_fifo|             v19_11|       pointer|
|v19_11_fifo_cap        |   in|   13|     ap_fifo|             v19_11|       pointer|
|v19_11_full_n          |   in|    1|     ap_fifo|             v19_11|       pointer|
|v19_11_write           |  out|    1|     ap_fifo|             v19_11|       pointer|
|v19_12_din             |  out|   32|     ap_fifo|             v19_12|       pointer|
|v19_12_num_data_valid  |   in|   13|     ap_fifo|             v19_12|       pointer|
|v19_12_fifo_cap        |   in|   13|     ap_fifo|             v19_12|       pointer|
|v19_12_full_n          |   in|    1|     ap_fifo|             v19_12|       pointer|
|v19_12_write           |  out|    1|     ap_fifo|             v19_12|       pointer|
|v19_13_din             |  out|   32|     ap_fifo|             v19_13|       pointer|
|v19_13_num_data_valid  |   in|   13|     ap_fifo|             v19_13|       pointer|
|v19_13_fifo_cap        |   in|   13|     ap_fifo|             v19_13|       pointer|
|v19_13_full_n          |   in|    1|     ap_fifo|             v19_13|       pointer|
|v19_13_write           |  out|    1|     ap_fifo|             v19_13|       pointer|
|v19_14_din             |  out|   32|     ap_fifo|             v19_14|       pointer|
|v19_14_num_data_valid  |   in|   13|     ap_fifo|             v19_14|       pointer|
|v19_14_fifo_cap        |   in|   13|     ap_fifo|             v19_14|       pointer|
|v19_14_full_n          |   in|    1|     ap_fifo|             v19_14|       pointer|
|v19_14_write           |  out|    1|     ap_fifo|             v19_14|       pointer|
|v19_15_din             |  out|   32|     ap_fifo|             v19_15|       pointer|
|v19_15_num_data_valid  |   in|   13|     ap_fifo|             v19_15|       pointer|
|v19_15_fifo_cap        |   in|   13|     ap_fifo|             v19_15|       pointer|
|v19_15_full_n          |   in|    1|     ap_fifo|             v19_15|       pointer|
|v19_15_write           |  out|    1|     ap_fifo|             v19_15|       pointer|
|v19_16_din             |  out|   32|     ap_fifo|             v19_16|       pointer|
|v19_16_num_data_valid  |   in|   13|     ap_fifo|             v19_16|       pointer|
|v19_16_fifo_cap        |   in|   13|     ap_fifo|             v19_16|       pointer|
|v19_16_full_n          |   in|    1|     ap_fifo|             v19_16|       pointer|
|v19_16_write           |  out|    1|     ap_fifo|             v19_16|       pointer|
|v19_17_din             |  out|   32|     ap_fifo|             v19_17|       pointer|
|v19_17_num_data_valid  |   in|   13|     ap_fifo|             v19_17|       pointer|
|v19_17_fifo_cap        |   in|   13|     ap_fifo|             v19_17|       pointer|
|v19_17_full_n          |   in|    1|     ap_fifo|             v19_17|       pointer|
|v19_17_write           |  out|    1|     ap_fifo|             v19_17|       pointer|
|v19_18_din             |  out|   32|     ap_fifo|             v19_18|       pointer|
|v19_18_num_data_valid  |   in|   13|     ap_fifo|             v19_18|       pointer|
|v19_18_fifo_cap        |   in|   13|     ap_fifo|             v19_18|       pointer|
|v19_18_full_n          |   in|    1|     ap_fifo|             v19_18|       pointer|
|v19_18_write           |  out|    1|     ap_fifo|             v19_18|       pointer|
|v19_19_din             |  out|   32|     ap_fifo|             v19_19|       pointer|
|v19_19_num_data_valid  |   in|   13|     ap_fifo|             v19_19|       pointer|
|v19_19_fifo_cap        |   in|   13|     ap_fifo|             v19_19|       pointer|
|v19_19_full_n          |   in|    1|     ap_fifo|             v19_19|       pointer|
|v19_19_write           |  out|    1|     ap_fifo|             v19_19|       pointer|
|v19_20_din             |  out|   32|     ap_fifo|             v19_20|       pointer|
|v19_20_num_data_valid  |   in|   13|     ap_fifo|             v19_20|       pointer|
|v19_20_fifo_cap        |   in|   13|     ap_fifo|             v19_20|       pointer|
|v19_20_full_n          |   in|    1|     ap_fifo|             v19_20|       pointer|
|v19_20_write           |  out|    1|     ap_fifo|             v19_20|       pointer|
|v19_21_din             |  out|   32|     ap_fifo|             v19_21|       pointer|
|v19_21_num_data_valid  |   in|   13|     ap_fifo|             v19_21|       pointer|
|v19_21_fifo_cap        |   in|   13|     ap_fifo|             v19_21|       pointer|
|v19_21_full_n          |   in|    1|     ap_fifo|             v19_21|       pointer|
|v19_21_write           |  out|    1|     ap_fifo|             v19_21|       pointer|
|v19_22_din             |  out|   32|     ap_fifo|             v19_22|       pointer|
|v19_22_num_data_valid  |   in|   13|     ap_fifo|             v19_22|       pointer|
|v19_22_fifo_cap        |   in|   13|     ap_fifo|             v19_22|       pointer|
|v19_22_full_n          |   in|    1|     ap_fifo|             v19_22|       pointer|
|v19_22_write           |  out|    1|     ap_fifo|             v19_22|       pointer|
|v19_23_din             |  out|   32|     ap_fifo|             v19_23|       pointer|
|v19_23_num_data_valid  |   in|   13|     ap_fifo|             v19_23|       pointer|
|v19_23_fifo_cap        |   in|   13|     ap_fifo|             v19_23|       pointer|
|v19_23_full_n          |   in|    1|     ap_fifo|             v19_23|       pointer|
|v19_23_write           |  out|    1|     ap_fifo|             v19_23|       pointer|
|v19_24_din             |  out|   32|     ap_fifo|             v19_24|       pointer|
|v19_24_num_data_valid  |   in|   13|     ap_fifo|             v19_24|       pointer|
|v19_24_fifo_cap        |   in|   13|     ap_fifo|             v19_24|       pointer|
|v19_24_full_n          |   in|    1|     ap_fifo|             v19_24|       pointer|
|v19_24_write           |  out|    1|     ap_fifo|             v19_24|       pointer|
|v19_25_din             |  out|   32|     ap_fifo|             v19_25|       pointer|
|v19_25_num_data_valid  |   in|   13|     ap_fifo|             v19_25|       pointer|
|v19_25_fifo_cap        |   in|   13|     ap_fifo|             v19_25|       pointer|
|v19_25_full_n          |   in|    1|     ap_fifo|             v19_25|       pointer|
|v19_25_write           |  out|    1|     ap_fifo|             v19_25|       pointer|
|v19_26_din             |  out|   32|     ap_fifo|             v19_26|       pointer|
|v19_26_num_data_valid  |   in|   13|     ap_fifo|             v19_26|       pointer|
|v19_26_fifo_cap        |   in|   13|     ap_fifo|             v19_26|       pointer|
|v19_26_full_n          |   in|    1|     ap_fifo|             v19_26|       pointer|
|v19_26_write           |  out|    1|     ap_fifo|             v19_26|       pointer|
|v19_27_din             |  out|   32|     ap_fifo|             v19_27|       pointer|
|v19_27_num_data_valid  |   in|   13|     ap_fifo|             v19_27|       pointer|
|v19_27_fifo_cap        |   in|   13|     ap_fifo|             v19_27|       pointer|
|v19_27_full_n          |   in|    1|     ap_fifo|             v19_27|       pointer|
|v19_27_write           |  out|    1|     ap_fifo|             v19_27|       pointer|
|v2_address0            |  out|    7|   ap_memory|                 v2|         array|
|v2_ce0                 |  out|    1|   ap_memory|                 v2|         array|
|v2_q0                  |   in|   32|   ap_memory|                 v2|         array|
|v4_address0            |  out|   14|   ap_memory|                 v4|         array|
|v4_ce0                 |  out|    1|   ap_memory|                 v4|         array|
|v4_q0                  |   in|   32|   ap_memory|                 v4|         array|
|v4_address1            |  out|   14|   ap_memory|                 v4|         array|
|v4_ce1                 |  out|    1|   ap_memory|                 v4|         array|
|v4_q1                  |   in|   32|   ap_memory|                 v4|         array|
|v4_1_address0          |  out|   14|   ap_memory|               v4_1|         array|
|v4_1_ce0               |  out|    1|   ap_memory|               v4_1|         array|
|v4_1_q0                |   in|   32|   ap_memory|               v4_1|         array|
|v4_1_address1          |  out|   14|   ap_memory|               v4_1|         array|
|v4_1_ce1               |  out|    1|   ap_memory|               v4_1|         array|
|v4_1_q1                |   in|   32|   ap_memory|               v4_1|         array|
|v4_13_address0         |  out|   14|   ap_memory|              v4_13|         array|
|v4_13_ce0              |  out|    1|   ap_memory|              v4_13|         array|
|v4_13_q0               |   in|   32|   ap_memory|              v4_13|         array|
|v4_13_address1         |  out|   14|   ap_memory|              v4_13|         array|
|v4_13_ce1              |  out|    1|   ap_memory|              v4_13|         array|
|v4_13_q1               |   in|   32|   ap_memory|              v4_13|         array|
|v4_12_address0         |  out|   14|   ap_memory|              v4_12|         array|
|v4_12_ce0              |  out|    1|   ap_memory|              v4_12|         array|
|v4_12_q0               |   in|   32|   ap_memory|              v4_12|         array|
|v4_12_address1         |  out|   14|   ap_memory|              v4_12|         array|
|v4_12_ce1              |  out|    1|   ap_memory|              v4_12|         array|
|v4_12_q1               |   in|   32|   ap_memory|              v4_12|         array|
|v4_11_address0         |  out|   14|   ap_memory|              v4_11|         array|
|v4_11_ce0              |  out|    1|   ap_memory|              v4_11|         array|
|v4_11_q0               |   in|   32|   ap_memory|              v4_11|         array|
|v4_11_address1         |  out|   14|   ap_memory|              v4_11|         array|
|v4_11_ce1              |  out|    1|   ap_memory|              v4_11|         array|
|v4_11_q1               |   in|   32|   ap_memory|              v4_11|         array|
|v4_10_address0         |  out|   14|   ap_memory|              v4_10|         array|
|v4_10_ce0              |  out|    1|   ap_memory|              v4_10|         array|
|v4_10_q0               |   in|   32|   ap_memory|              v4_10|         array|
|v4_10_address1         |  out|   14|   ap_memory|              v4_10|         array|
|v4_10_ce1              |  out|    1|   ap_memory|              v4_10|         array|
|v4_10_q1               |   in|   32|   ap_memory|              v4_10|         array|
|v4_9_address0          |  out|   14|   ap_memory|               v4_9|         array|
|v4_9_ce0               |  out|    1|   ap_memory|               v4_9|         array|
|v4_9_q0                |   in|   32|   ap_memory|               v4_9|         array|
|v4_9_address1          |  out|   14|   ap_memory|               v4_9|         array|
|v4_9_ce1               |  out|    1|   ap_memory|               v4_9|         array|
|v4_9_q1                |   in|   32|   ap_memory|               v4_9|         array|
|v4_8_address0          |  out|   14|   ap_memory|               v4_8|         array|
|v4_8_ce0               |  out|    1|   ap_memory|               v4_8|         array|
|v4_8_q0                |   in|   32|   ap_memory|               v4_8|         array|
|v4_8_address1          |  out|   14|   ap_memory|               v4_8|         array|
|v4_8_ce1               |  out|    1|   ap_memory|               v4_8|         array|
|v4_8_q1                |   in|   32|   ap_memory|               v4_8|         array|
|v4_7_address0          |  out|   14|   ap_memory|               v4_7|         array|
|v4_7_ce0               |  out|    1|   ap_memory|               v4_7|         array|
|v4_7_q0                |   in|   32|   ap_memory|               v4_7|         array|
|v4_7_address1          |  out|   14|   ap_memory|               v4_7|         array|
|v4_7_ce1               |  out|    1|   ap_memory|               v4_7|         array|
|v4_7_q1                |   in|   32|   ap_memory|               v4_7|         array|
|v4_6_address0          |  out|   14|   ap_memory|               v4_6|         array|
|v4_6_ce0               |  out|    1|   ap_memory|               v4_6|         array|
|v4_6_q0                |   in|   32|   ap_memory|               v4_6|         array|
|v4_6_address1          |  out|   14|   ap_memory|               v4_6|         array|
|v4_6_ce1               |  out|    1|   ap_memory|               v4_6|         array|
|v4_6_q1                |   in|   32|   ap_memory|               v4_6|         array|
|v4_5_address0          |  out|   14|   ap_memory|               v4_5|         array|
|v4_5_ce0               |  out|    1|   ap_memory|               v4_5|         array|
|v4_5_q0                |   in|   32|   ap_memory|               v4_5|         array|
|v4_5_address1          |  out|   14|   ap_memory|               v4_5|         array|
|v4_5_ce1               |  out|    1|   ap_memory|               v4_5|         array|
|v4_5_q1                |   in|   32|   ap_memory|               v4_5|         array|
|v4_4_address0          |  out|   14|   ap_memory|               v4_4|         array|
|v4_4_ce0               |  out|    1|   ap_memory|               v4_4|         array|
|v4_4_q0                |   in|   32|   ap_memory|               v4_4|         array|
|v4_4_address1          |  out|   14|   ap_memory|               v4_4|         array|
|v4_4_ce1               |  out|    1|   ap_memory|               v4_4|         array|
|v4_4_q1                |   in|   32|   ap_memory|               v4_4|         array|
|v4_3_address0          |  out|   14|   ap_memory|               v4_3|         array|
|v4_3_ce0               |  out|    1|   ap_memory|               v4_3|         array|
|v4_3_q0                |   in|   32|   ap_memory|               v4_3|         array|
|v4_3_address1          |  out|   14|   ap_memory|               v4_3|         array|
|v4_3_ce1               |  out|    1|   ap_memory|               v4_3|         array|
|v4_3_q1                |   in|   32|   ap_memory|               v4_3|         array|
|v4_2_address0          |  out|   14|   ap_memory|               v4_2|         array|
|v4_2_ce0               |  out|    1|   ap_memory|               v4_2|         array|
|v4_2_q0                |   in|   32|   ap_memory|               v4_2|         array|
|v4_2_address1          |  out|   14|   ap_memory|               v4_2|         array|
|v4_2_ce1               |  out|    1|   ap_memory|               v4_2|         array|
|v4_2_q1                |   in|   32|   ap_memory|               v4_2|         array|
+-----------------------+-----+-----+------------+-------------------+--------------+

