

================================================================
== Vitis HLS Report for 'Loop_loop22_proc2'
================================================================
* Date:           Fri Sep 27 21:48:33 2024

* Version:        2023.2 (Build 4023990 on Oct 11 2023)
* Project:        hls_DepthwiseSeparableConvBlock
* Solution:       solution1 (Vivado IP Flow Target)
* Product family: virtexuplusHBM
* Target device:  xcu280-fsvh2892-2L-e


================================================================
== Performance Estimates
================================================================
+ Timing: 
    * Summary: 
    +--------+---------+----------+------------+
    |  Clock |  Target | Estimated| Uncertainty|
    +--------+---------+----------+------------+
    |ap_clk  |  3.33 ns|  2.812 ns|     0.90 ns|
    +--------+---------+----------+------------+

+ Latency: 
    * Summary: 
    +---------+---------+-----------+-----------+-------+-------+---------+
    |  Latency (cycles) |   Latency (absolute)  |    Interval   | Pipeline|
    |   min   |   max   |    min    |    max    |  min  |  max  |   Type  |
    +---------+---------+-----------+-----------+-------+-------+---------+
    |    28689|    28689|  95.534 us|  95.534 us|  28689|  28689|       no|
    +---------+---------+-----------+-----------+-------+-------+---------+

    + Detail: 
        * Instance: 
        N/A

        * Loop: 
        +-------------------------------+---------+---------+----------+-----------+-----------+-------+----------+
        |                               |  Latency (cycles) | Iteration|  Initiation Interval  |  Trip |          |
        |           Loop Name           |   min   |   max   |  Latency |  achieved |   target  | Count | Pipelined|
        +-------------------------------+---------+---------+----------+-----------+-----------+-------+----------+
        |- loop22_loop23_loop24_loop25  |    28687|    28687|        17|          1|          1|  28672|       yes|
        +-------------------------------+---------+---------+----------+-----------+-----------+-------+----------+



================================================================
== Utilization Estimates
================================================================
* Summary: 
+---------------------+---------+------+---------+---------+-----+
|         Name        | BRAM_18K|  DSP |    FF   |   LUT   | URAM|
+---------------------+---------+------+---------+---------+-----+
|DSP                  |        -|     -|        -|        -|    -|
|Expression           |        -|     -|        0|     1299|    -|
|FIFO                 |        -|     -|        -|        -|    -|
|Instance             |        -|   140|    12908|     7728|    -|
|Memory               |        0|     -|        0|        0|   56|
|Multiplexer          |        -|     -|        -|      657|    -|
|Register             |        -|     -|     7378|     1024|    -|
+---------------------+---------+------+---------+---------+-----+
|Total                |        0|   140|    20286|    10708|   56|
+---------------------+---------+------+---------+---------+-----+
|Available SLR        |     1344|  3008|   869120|   434560|  320|
+---------------------+---------+------+---------+---------+-----+
|Utilization SLR (%)  |        0|     4|        2|        2|   17|
+---------------------+---------+------+---------+---------+-----+
|Available            |     4032|  9024|  2607360|  1303680|  960|
+---------------------+---------+------+---------+---------+-----+
|Utilization (%)      |        0|     1|       ~0|       ~0|    5|
+---------------------+---------+------+---------+---------+-----+

+ Detail: 
    * Instance: 
    +-------------------------------------+--------------------------------+---------+----+-----+-----+-----+
    |               Instance              |             Module             | BRAM_18K| DSP|  FF | LUT | URAM|
    +-------------------------------------+--------------------------------+---------+----+-----+-----+-----+
    |fadd_32ns_32ns_32_7_full_dsp_1_U204  |fadd_32ns_32ns_32_7_full_dsp_1  |        0|   2|  318|  198|    0|
    |fadd_32ns_32ns_32_7_full_dsp_1_U205  |fadd_32ns_32ns_32_7_full_dsp_1  |        0|   2|  318|  198|    0|
    |fadd_32ns_32ns_32_7_full_dsp_1_U206  |fadd_32ns_32ns_32_7_full_dsp_1  |        0|   2|  318|  198|    0|
    |fadd_32ns_32ns_32_7_full_dsp_1_U207  |fadd_32ns_32ns_32_7_full_dsp_1  |        0|   2|  318|  198|    0|
    |fadd_32ns_32ns_32_7_full_dsp_1_U208  |fadd_32ns_32ns_32_7_full_dsp_1  |        0|   2|  318|  198|    0|
    |fadd_32ns_32ns_32_7_full_dsp_1_U209  |fadd_32ns_32ns_32_7_full_dsp_1  |        0|   2|  318|  198|    0|
    |fadd_32ns_32ns_32_7_full_dsp_1_U210  |fadd_32ns_32ns_32_7_full_dsp_1  |        0|   2|  318|  198|    0|
    |fadd_32ns_32ns_32_7_full_dsp_1_U211  |fadd_32ns_32ns_32_7_full_dsp_1  |        0|   2|  318|  198|    0|
    |fadd_32ns_32ns_32_7_full_dsp_1_U212  |fadd_32ns_32ns_32_7_full_dsp_1  |        0|   2|  318|  198|    0|
    |fadd_32ns_32ns_32_7_full_dsp_1_U213  |fadd_32ns_32ns_32_7_full_dsp_1  |        0|   2|  318|  198|    0|
    |fadd_32ns_32ns_32_7_full_dsp_1_U214  |fadd_32ns_32ns_32_7_full_dsp_1  |        0|   2|  318|  198|    0|
    |fadd_32ns_32ns_32_7_full_dsp_1_U215  |fadd_32ns_32ns_32_7_full_dsp_1  |        0|   2|  318|  198|    0|
    |fadd_32ns_32ns_32_7_full_dsp_1_U216  |fadd_32ns_32ns_32_7_full_dsp_1  |        0|   2|  318|  198|    0|
    |fadd_32ns_32ns_32_7_full_dsp_1_U217  |fadd_32ns_32ns_32_7_full_dsp_1  |        0|   2|  318|  198|    0|
    |fadd_32ns_32ns_32_7_full_dsp_1_U218  |fadd_32ns_32ns_32_7_full_dsp_1  |        0|   2|  318|  198|    0|
    |fadd_32ns_32ns_32_7_full_dsp_1_U219  |fadd_32ns_32ns_32_7_full_dsp_1  |        0|   2|  318|  198|    0|
    |fadd_32ns_32ns_32_7_full_dsp_1_U220  |fadd_32ns_32ns_32_7_full_dsp_1  |        0|   2|  318|  198|    0|
    |fadd_32ns_32ns_32_7_full_dsp_1_U221  |fadd_32ns_32ns_32_7_full_dsp_1  |        0|   2|  318|  198|    0|
    |fadd_32ns_32ns_32_7_full_dsp_1_U222  |fadd_32ns_32ns_32_7_full_dsp_1  |        0|   2|  318|  198|    0|
    |fadd_32ns_32ns_32_7_full_dsp_1_U223  |fadd_32ns_32ns_32_7_full_dsp_1  |        0|   2|  318|  198|    0|
    |fadd_32ns_32ns_32_7_full_dsp_1_U224  |fadd_32ns_32ns_32_7_full_dsp_1  |        0|   2|  318|  198|    0|
    |fadd_32ns_32ns_32_7_full_dsp_1_U225  |fadd_32ns_32ns_32_7_full_dsp_1  |        0|   2|  318|  198|    0|
    |fadd_32ns_32ns_32_7_full_dsp_1_U226  |fadd_32ns_32ns_32_7_full_dsp_1  |        0|   2|  318|  198|    0|
    |fadd_32ns_32ns_32_7_full_dsp_1_U227  |fadd_32ns_32ns_32_7_full_dsp_1  |        0|   2|  318|  198|    0|
    |fadd_32ns_32ns_32_7_full_dsp_1_U228  |fadd_32ns_32ns_32_7_full_dsp_1  |        0|   2|  318|  198|    0|
    |fadd_32ns_32ns_32_7_full_dsp_1_U229  |fadd_32ns_32ns_32_7_full_dsp_1  |        0|   2|  318|  198|    0|
    |fadd_32ns_32ns_32_7_full_dsp_1_U230  |fadd_32ns_32ns_32_7_full_dsp_1  |        0|   2|  318|  198|    0|
    |fadd_32ns_32ns_32_7_full_dsp_1_U231  |fadd_32ns_32ns_32_7_full_dsp_1  |        0|   2|  318|  198|    0|
    |fmul_32ns_32ns_32_4_max_dsp_1_U232   |fmul_32ns_32ns_32_4_max_dsp_1   |        0|   3|  143|   78|    0|
    |fmul_32ns_32ns_32_4_max_dsp_1_U233   |fmul_32ns_32ns_32_4_max_dsp_1   |        0|   3|  143|   78|    0|
    |fmul_32ns_32ns_32_4_max_dsp_1_U234   |fmul_32ns_32ns_32_4_max_dsp_1   |        0|   3|  143|   78|    0|
    |fmul_32ns_32ns_32_4_max_dsp_1_U235   |fmul_32ns_32ns_32_4_max_dsp_1   |        0|   3|  143|   78|    0|
    |fmul_32ns_32ns_32_4_max_dsp_1_U236   |fmul_32ns_32ns_32_4_max_dsp_1   |        0|   3|  143|   78|    0|
    |fmul_32ns_32ns_32_4_max_dsp_1_U237   |fmul_32ns_32ns_32_4_max_dsp_1   |        0|   3|  143|   78|    0|
    |fmul_32ns_32ns_32_4_max_dsp_1_U238   |fmul_32ns_32ns_32_4_max_dsp_1   |        0|   3|  143|   78|    0|
    |fmul_32ns_32ns_32_4_max_dsp_1_U239   |fmul_32ns_32ns_32_4_max_dsp_1   |        0|   3|  143|   78|    0|
    |fmul_32ns_32ns_32_4_max_dsp_1_U240   |fmul_32ns_32ns_32_4_max_dsp_1   |        0|   3|  143|   78|    0|
    |fmul_32ns_32ns_32_4_max_dsp_1_U241   |fmul_32ns_32ns_32_4_max_dsp_1   |        0|   3|  143|   78|    0|
    |fmul_32ns_32ns_32_4_max_dsp_1_U242   |fmul_32ns_32ns_32_4_max_dsp_1   |        0|   3|  143|   78|    0|
    |fmul_32ns_32ns_32_4_max_dsp_1_U243   |fmul_32ns_32ns_32_4_max_dsp_1   |        0|   3|  143|   78|    0|
    |fmul_32ns_32ns_32_4_max_dsp_1_U244   |fmul_32ns_32ns_32_4_max_dsp_1   |        0|   3|  143|   78|    0|
    |fmul_32ns_32ns_32_4_max_dsp_1_U245   |fmul_32ns_32ns_32_4_max_dsp_1   |        0|   3|  143|   78|    0|
    |fmul_32ns_32ns_32_4_max_dsp_1_U246   |fmul_32ns_32ns_32_4_max_dsp_1   |        0|   3|  143|   78|    0|
    |fmul_32ns_32ns_32_4_max_dsp_1_U247   |fmul_32ns_32ns_32_4_max_dsp_1   |        0|   3|  143|   78|    0|
    |fmul_32ns_32ns_32_4_max_dsp_1_U248   |fmul_32ns_32ns_32_4_max_dsp_1   |        0|   3|  143|   78|    0|
    |fmul_32ns_32ns_32_4_max_dsp_1_U249   |fmul_32ns_32ns_32_4_max_dsp_1   |        0|   3|  143|   78|    0|
    |fmul_32ns_32ns_32_4_max_dsp_1_U250   |fmul_32ns_32ns_32_4_max_dsp_1   |        0|   3|  143|   78|    0|
    |fmul_32ns_32ns_32_4_max_dsp_1_U251   |fmul_32ns_32ns_32_4_max_dsp_1   |        0|   3|  143|   78|    0|
    |fmul_32ns_32ns_32_4_max_dsp_1_U252   |fmul_32ns_32ns_32_4_max_dsp_1   |        0|   3|  143|   78|    0|
    |fmul_32ns_32ns_32_4_max_dsp_1_U253   |fmul_32ns_32ns_32_4_max_dsp_1   |        0|   3|  143|   78|    0|
    |fmul_32ns_32ns_32_4_max_dsp_1_U254   |fmul_32ns_32ns_32_4_max_dsp_1   |        0|   3|  143|   78|    0|
    |fmul_32ns_32ns_32_4_max_dsp_1_U255   |fmul_32ns_32ns_32_4_max_dsp_1   |        0|   3|  143|   78|    0|
    |fmul_32ns_32ns_32_4_max_dsp_1_U256   |fmul_32ns_32ns_32_4_max_dsp_1   |        0|   3|  143|   78|    0|
    |fmul_32ns_32ns_32_4_max_dsp_1_U257   |fmul_32ns_32ns_32_4_max_dsp_1   |        0|   3|  143|   78|    0|
    |fmul_32ns_32ns_32_4_max_dsp_1_U258   |fmul_32ns_32ns_32_4_max_dsp_1   |        0|   3|  143|   78|    0|
    |fmul_32ns_32ns_32_4_max_dsp_1_U259   |fmul_32ns_32ns_32_4_max_dsp_1   |        0|   3|  143|   78|    0|
    +-------------------------------------+--------------------------------+---------+----+-----+-----+-----+
    |Total                                |                                |        0| 140|12908| 7728|    0|
    +-------------------------------------+--------------------------------+---------+----+-----+-----+-----+

    * DSP: 
    N/A

    * Memory: 
    +----------+-------------------------------------+---------+---+----+-----+------+-----+------+-------------+
    |  Memory  |                Module               | BRAM_18K| FF| LUT| URAM| Words| Bits| Banks| W*Bits*Banks|
    +----------+-------------------------------------+---------+---+----+-----+------+-----+------+-------------+
    |v37_U     |Loop_loop12_proc1_v18_RAM_AUTO_1R1W  |        0|  0|   0|    1|  3584|   32|     1|       114688|
    |v37_1_U   |Loop_loop12_proc1_v18_RAM_AUTO_1R1W  |        0|  0|   0|    1|  3584|   32|     1|       114688|
    |v37_2_U   |Loop_loop12_proc1_v18_RAM_AUTO_1R1W  |        0|  0|   0|    1|  3584|   32|     1|       114688|
    |v37_3_U   |Loop_loop12_proc1_v18_RAM_AUTO_1R1W  |        0|  0|   0|    1|  3584|   32|     1|       114688|
    |v37_4_U   |Loop_loop12_proc1_v18_RAM_AUTO_1R1W  |        0|  0|   0|    1|  3584|   32|     1|       114688|
    |v37_5_U   |Loop_loop12_proc1_v18_RAM_AUTO_1R1W  |        0|  0|   0|    1|  3584|   32|     1|       114688|
    |v37_6_U   |Loop_loop12_proc1_v18_RAM_AUTO_1R1W  |        0|  0|   0|    1|  3584|   32|     1|       114688|
    |v37_7_U   |Loop_loop12_proc1_v18_RAM_AUTO_1R1W  |        0|  0|   0|    1|  3584|   32|     1|       114688|
    |v37_8_U   |Loop_loop12_proc1_v18_RAM_AUTO_1R1W  |        0|  0|   0|    1|  3584|   32|     1|       114688|
    |v37_9_U   |Loop_loop12_proc1_v18_RAM_AUTO_1R1W  |        0|  0|   0|    1|  3584|   32|     1|       114688|
    |v37_10_U  |Loop_loop12_proc1_v18_RAM_AUTO_1R1W  |        0|  0|   0|    1|  3584|   32|     1|       114688|
    |v37_11_U  |Loop_loop12_proc1_v18_RAM_AUTO_1R1W  |        0|  0|   0|    1|  3584|   32|     1|       114688|
    |v37_12_U  |Loop_loop12_proc1_v18_RAM_AUTO_1R1W  |        0|  0|   0|    1|  3584|   32|     1|       114688|
    |v37_13_U  |Loop_loop12_proc1_v18_RAM_AUTO_1R1W  |        0|  0|   0|    1|  3584|   32|     1|       114688|
    |v37_14_U  |Loop_loop12_proc1_v18_RAM_AUTO_1R1W  |        0|  0|   0|    1|  3584|   32|     1|       114688|
    |v37_15_U  |Loop_loop12_proc1_v18_RAM_AUTO_1R1W  |        0|  0|   0|    1|  3584|   32|     1|       114688|
    |v37_16_U  |Loop_loop12_proc1_v18_RAM_AUTO_1R1W  |        0|  0|   0|    1|  3584|   32|     1|       114688|
    |v37_17_U  |Loop_loop12_proc1_v18_RAM_AUTO_1R1W  |        0|  0|   0|    1|  3584|   32|     1|       114688|
    |v37_18_U  |Loop_loop12_proc1_v18_RAM_AUTO_1R1W  |        0|  0|   0|    1|  3584|   32|     1|       114688|
    |v37_19_U  |Loop_loop12_proc1_v18_RAM_AUTO_1R1W  |        0|  0|   0|    1|  3584|   32|     1|       114688|
    |v37_20_U  |Loop_loop12_proc1_v18_RAM_AUTO_1R1W  |        0|  0|   0|    1|  3584|   32|     1|       114688|
    |v37_21_U  |Loop_loop12_proc1_v18_RAM_AUTO_1R1W  |        0|  0|   0|    1|  3584|   32|     1|       114688|
    |v37_22_U  |Loop_loop12_proc1_v18_RAM_AUTO_1R1W  |        0|  0|   0|    1|  3584|   32|     1|       114688|
    |v37_23_U  |Loop_loop12_proc1_v18_RAM_AUTO_1R1W  |        0|  0|   0|    1|  3584|   32|     1|       114688|
    |v37_24_U  |Loop_loop12_proc1_v18_RAM_AUTO_1R1W  |        0|  0|   0|    1|  3584|   32|     1|       114688|
    |v37_25_U  |Loop_loop12_proc1_v18_RAM_AUTO_1R1W  |        0|  0|   0|    1|  3584|   32|     1|       114688|
    |v37_26_U  |Loop_loop12_proc1_v18_RAM_AUTO_1R1W  |        0|  0|   0|    1|  3584|   32|     1|       114688|
    |v3729_U   |Loop_loop12_proc1_v18_RAM_AUTO_1R1W  |        0|  0|   0|    1|  3584|   32|     1|       114688|
    |v20_U     |Loop_loop12_proc1_v18_RAM_AUTO_1R1W  |        0|  0|   0|    1|  3584|   32|     1|       114688|
    |v20_1_U   |Loop_loop12_proc1_v18_RAM_AUTO_1R1W  |        0|  0|   0|    1|  3584|   32|     1|       114688|
    |v20_2_U   |Loop_loop12_proc1_v18_RAM_AUTO_1R1W  |        0|  0|   0|    1|  3584|   32|     1|       114688|
    |v20_3_U   |Loop_loop12_proc1_v18_RAM_AUTO_1R1W  |        0|  0|   0|    1|  3584|   32|     1|       114688|
    |v20_4_U   |Loop_loop12_proc1_v18_RAM_AUTO_1R1W  |        0|  0|   0|    1|  3584|   32|     1|       114688|
    |v20_5_U   |Loop_loop12_proc1_v18_RAM_AUTO_1R1W  |        0|  0|   0|    1|  3584|   32|     1|       114688|
    |v20_6_U   |Loop_loop12_proc1_v18_RAM_AUTO_1R1W  |        0|  0|   0|    1|  3584|   32|     1|       114688|
    |v20_7_U   |Loop_loop12_proc1_v18_RAM_AUTO_1R1W  |        0|  0|   0|    1|  3584|   32|     1|       114688|
    |v20_8_U   |Loop_loop12_proc1_v18_RAM_AUTO_1R1W  |        0|  0|   0|    1|  3584|   32|     1|       114688|
    |v20_9_U   |Loop_loop12_proc1_v18_RAM_AUTO_1R1W  |        0|  0|   0|    1|  3584|   32|     1|       114688|
    |v20_10_U  |Loop_loop12_proc1_v18_RAM_AUTO_1R1W  |        0|  0|   0|    1|  3584|   32|     1|       114688|
    |v20_11_U  |Loop_loop12_proc1_v18_RAM_AUTO_1R1W  |        0|  0|   0|    1|  3584|   32|     1|       114688|
    |v20_12_U  |Loop_loop12_proc1_v18_RAM_AUTO_1R1W  |        0|  0|   0|    1|  3584|   32|     1|       114688|
    |v20_13_U  |Loop_loop12_proc1_v18_RAM_AUTO_1R1W  |        0|  0|   0|    1|  3584|   32|     1|       114688|
    |v20_14_U  |Loop_loop12_proc1_v18_RAM_AUTO_1R1W  |        0|  0|   0|    1|  3584|   32|     1|       114688|
    |v20_15_U  |Loop_loop12_proc1_v18_RAM_AUTO_1R1W  |        0|  0|   0|    1|  3584|   32|     1|       114688|
    |v20_16_U  |Loop_loop12_proc1_v18_RAM_AUTO_1R1W  |        0|  0|   0|    1|  3584|   32|     1|       114688|
    |v20_17_U  |Loop_loop12_proc1_v18_RAM_AUTO_1R1W  |        0|  0|   0|    1|  3584|   32|     1|       114688|
    |v20_18_U  |Loop_loop12_proc1_v18_RAM_AUTO_1R1W  |        0|  0|   0|    1|  3584|   32|     1|       114688|
    |v20_19_U  |Loop_loop12_proc1_v18_RAM_AUTO_1R1W  |        0|  0|   0|    1|  3584|   32|     1|       114688|
    |v20_20_U  |Loop_loop12_proc1_v18_RAM_AUTO_1R1W  |        0|  0|   0|    1|  3584|   32|     1|       114688|
    |v20_21_U  |Loop_loop12_proc1_v18_RAM_AUTO_1R1W  |        0|  0|   0|    1|  3584|   32|     1|       114688|
    |v20_22_U  |Loop_loop12_proc1_v18_RAM_AUTO_1R1W  |        0|  0|   0|    1|  3584|   32|     1|       114688|
    |v20_23_U  |Loop_loop12_proc1_v18_RAM_AUTO_1R1W  |        0|  0|   0|    1|  3584|   32|     1|       114688|
    |v20_24_U  |Loop_loop12_proc1_v18_RAM_AUTO_1R1W  |        0|  0|   0|    1|  3584|   32|     1|       114688|
    |v20_25_U  |Loop_loop12_proc1_v18_RAM_AUTO_1R1W  |        0|  0|   0|    1|  3584|   32|     1|       114688|
    |v20_26_U  |Loop_loop12_proc1_v18_RAM_AUTO_1R1W  |        0|  0|   0|    1|  3584|   32|     1|       114688|
    |v2057_U   |Loop_loop12_proc1_v18_RAM_AUTO_1R1W  |        0|  0|   0|    1|  3584|   32|     1|       114688|
    +----------+-------------------------------------+---------+---+----+-----+------+-----+------+-------------+
    |Total     |                                     |        0|  0|   0|   56|200704| 1792|    56|      6422528|
    +----------+-------------------------------------+---------+---+----+-----+------+-----+------+-------------+

    * FIFO: 
    N/A

    * Expression: 
    +------------------------------------+----------+----+---+----+------------+------------+
    |            Variable Name           | Operation| DSP| FF| LUT| Bitwidth P0| Bitwidth P1|
    +------------------------------------+----------+----+---+----+------------+------------+
    |add_ln103_1_fu_1989_p2              |         +|   0|  0|  22|          15|           1|
    |add_ln103_fu_2151_p2                |         +|   0|  0|  13|           6|           1|
    |add_ln104_1_fu_2108_p2              |         +|   0|  0|  18|          11|           1|
    |add_ln104_fu_2171_p2                |         +|   0|  0|  12|           4|           1|
    |add_ln105_1_fu_2094_p2              |         +|   0|  0|  15|           8|           1|
    |add_ln105_fu_2195_p2                |         +|   0|  0|  12|           4|           1|
    |add_ln106_fu_2088_p2                |         +|   0|  0|  12|           4|           1|
    |add_ln118_fu_2483_p2                |         +|   0|  0|  13|           6|           6|
    |add_ln122_1_fu_2350_p2              |         +|   0|  0|  19|          12|          12|
    |add_ln122_fu_2274_p2                |         +|   0|  0|  18|           9|           9|
    |empty_137_fu_2238_p2                |         +|   0|  0|  18|           9|           9|
    |empty_138_fu_2305_p2                |         +|   0|  0|  19|          12|          12|
    |empty_fu_2232_p2                    |         -|   0|  0|  18|           9|           9|
    |sub_ln122_fu_2268_p2                |         -|   0|  0|  18|           9|           9|
    |and_ln103_1_fu_2022_p2              |       and|   0|  0|   2|           1|           1|
    |and_ln103_fu_2046_p2                |       and|   0|  0|   2|           1|           1|
    |and_ln104_fu_2052_p2                |       and|   0|  0|   2|           1|           1|
    |ap_condition_2599                   |       and|   0|  0|   2|           1|           1|
    |ap_condition_2614                   |       and|   0|  0|   2|           1|           1|
    |cmp371_fu_2471_p2                   |      icmp|   0|  0|  12|           4|           1|
    |cmp411_fu_2244_p2                   |      icmp|   0|  0|  10|           3|           2|
    |icmp_ln103_fu_1983_p2               |      icmp|   0|  0|  22|          15|          14|
    |icmp_ln104_fu_1998_p2               |      icmp|   0|  0|  18|          11|          10|
    |icmp_ln105_fu_2016_p2               |      icmp|   0|  0|  15|           8|           7|
    |icmp_ln106_fu_2010_p2               |      icmp|   0|  0|  12|           4|           5|
    |icmp_ln113_fu_2082_p2               |      icmp|   0|  0|  12|           4|           1|
    |ap_block_pp0_stage0_01001           |        or|   0|  0|   2|           1|           1|
    |ap_block_state17_pp0_stage0_iter16  |        or|   0|  0|   2|           1|           1|
    |ap_block_state2_pp0_stage0_iter1    |        or|   0|  0|   2|           1|           1|
    |or_ln104_1_fu_2040_p2               |        or|   0|  0|   2|           1|           1|
    |or_ln104_fu_2028_p2                 |        or|   0|  0|   2|           1|           1|
    |or_ln105_1_fu_2064_p2               |        or|   0|  0|   2|           1|           1|
    |or_ln105_fu_2058_p2                 |        or|   0|  0|   2|           1|           1|
    |select_ln103_1_fu_2164_p3           |    select|   0|  0|   6|           1|           6|
    |select_ln103_fu_2157_p3             |    select|   0|  0|   4|           1|           1|
    |select_ln104_1_fu_2184_p3           |    select|   0|  0|   4|           1|           4|
    |select_ln104_2_fu_2114_p3           |    select|   0|  0|  11|           1|           1|
    |select_ln104_fu_2177_p3             |    select|   0|  0|   4|           1|           1|
    |select_ln105_1_fu_2201_p3           |    select|   0|  0|   4|           1|           4|
    |select_ln105_2_fu_2100_p3           |    select|   0|  0|   8|           1|           1|
    |select_ln105_fu_2070_p3             |    select|   0|  0|   4|           1|           1|
    |v50_10_fu_2599_p3                   |    select|   0|  0|  32|           1|           1|
    |v50_11_fu_2606_p3                   |    select|   0|  0|  32|           1|           1|
    |v50_12_fu_2613_p3                   |    select|   0|  0|  32|           1|           1|
    |v50_13_fu_2620_p3                   |    select|   0|  0|  32|           1|           1|
    |v50_14_fu_2627_p3                   |    select|   0|  0|  32|           1|           1|
    |v50_15_fu_2634_p3                   |    select|   0|  0|  32|           1|           1|
    |v50_16_fu_2641_p3                   |    select|   0|  0|  32|           1|           1|
    |v50_17_fu_2648_p3                   |    select|   0|  0|  32|           1|           1|
    |v50_18_fu_2655_p3                   |    select|   0|  0|  32|           1|           1|
    |v50_19_fu_2662_p3                   |    select|   0|  0|  32|           1|           1|
    |v50_1_fu_2536_p3                    |    select|   0|  0|  32|           1|           1|
    |v50_20_fu_2669_p3                   |    select|   0|  0|  32|           1|           1|
    |v50_21_fu_2676_p3                   |    select|   0|  0|  32|           1|           1|
    |v50_22_fu_2683_p3                   |    select|   0|  0|  32|           1|           1|
    |v50_23_fu_2690_p3                   |    select|   0|  0|  32|           1|           1|
    |v50_24_fu_2697_p3                   |    select|   0|  0|  32|           1|           1|
    |v50_25_fu_2704_p3                   |    select|   0|  0|  32|           1|           1|
    |v50_26_fu_2711_p3                   |    select|   0|  0|  32|           1|           1|
    |v50_27_fu_2718_p3                   |    select|   0|  0|  32|           1|           1|
    |v50_2_fu_2543_p3                    |    select|   0|  0|  32|           1|           1|
    |v50_3_fu_2550_p3                    |    select|   0|  0|  32|           1|           1|
    |v50_4_fu_2557_p3                    |    select|   0|  0|  32|           1|           1|
    |v50_5_fu_2564_p3                    |    select|   0|  0|  32|           1|           1|
    |v50_6_fu_2571_p3                    |    select|   0|  0|  32|           1|           1|
    |v50_7_fu_2578_p3                    |    select|   0|  0|  32|           1|           1|
    |v50_8_fu_2585_p3                    |    select|   0|  0|  32|           1|           1|
    |v50_9_fu_2592_p3                    |    select|   0|  0|  32|           1|           1|
    |v50_fu_2529_p3                      |    select|   0|  0|  32|           1|           1|
    |ap_enable_pp0                       |       xor|   0|  0|   2|           1|           2|
    |xor_ln103_fu_2004_p2                |       xor|   0|  0|   2|           1|           2|
    |xor_ln104_fu_2034_p2                |       xor|   0|  0|   2|           1|           2|
    +------------------------------------+----------+----+---+----+------------+------------+
    |Total                               |          |   0|  0|1299|         218|         178|
    +------------------------------------+----------+----+---+----+------------+------------+

    * Multiplexer: 
    +----------------------------------------+----+-----------+-----+-----------+
    |                  Name                  | LUT| Input Size| Bits| Total Bits|
    +----------------------------------------+----+-----------+-----+-----------+
    |ap_done_int                             |   9|          2|    1|          2|
    |ap_enable_reg_pp0_iter1                 |   9|          2|    1|          2|
    |ap_sig_allocacmp_indvar_flatten12_load  |   9|          2|   11|         22|
    |ap_sig_allocacmp_indvar_flatten34_load  |   9|          2|   15|         30|
    |ap_sig_allocacmp_indvar_flatten_load    |   9|          2|    8|         16|
    |ap_sig_allocacmp_v39_load               |   9|          2|    6|         12|
    |ap_sig_allocacmp_v40_load               |   9|          2|    4|          8|
    |ap_sig_allocacmp_v41_load               |   9|          2|    4|          8|
    |ap_sig_allocacmp_v42_load               |   9|          2|    4|          8|
    |indvar_flatten12_fu_206                 |   9|          2|   11|         22|
    |indvar_flatten34_fu_214                 |   9|          2|   15|         30|
    |indvar_flatten_fu_198                   |   9|          2|    8|         16|
    |real_start                              |   9|          2|    1|          2|
    |v19_10_blk_n                            |   9|          2|    1|          2|
    |v19_11_blk_n                            |   9|          2|    1|          2|
    |v19_12_blk_n                            |   9|          2|    1|          2|
    |v19_13_blk_n                            |   9|          2|    1|          2|
    |v19_14_blk_n                            |   9|          2|    1|          2|
    |v19_15_blk_n                            |   9|          2|    1|          2|
    |v19_16_blk_n                            |   9|          2|    1|          2|
    |v19_17_blk_n                            |   9|          2|    1|          2|
    |v19_18_blk_n                            |   9|          2|    1|          2|
    |v19_19_blk_n                            |   9|          2|    1|          2|
    |v19_1_blk_n                             |   9|          2|    1|          2|
    |v19_20_blk_n                            |   9|          2|    1|          2|
    |v19_21_blk_n                            |   9|          2|    1|          2|
    |v19_22_blk_n                            |   9|          2|    1|          2|
    |v19_23_blk_n                            |   9|          2|    1|          2|
    |v19_24_blk_n                            |   9|          2|    1|          2|
    |v19_25_blk_n                            |   9|          2|    1|          2|
    |v19_26_blk_n                            |   9|          2|    1|          2|
    |v19_27_blk_n                            |   9|          2|    1|          2|
    |v19_2_blk_n                             |   9|          2|    1|          2|
    |v19_3_blk_n                             |   9|          2|    1|          2|
    |v19_4_blk_n                             |   9|          2|    1|          2|
    |v19_5_blk_n                             |   9|          2|    1|          2|
    |v19_6_blk_n                             |   9|          2|    1|          2|
    |v19_7_blk_n                             |   9|          2|    1|          2|
    |v19_8_blk_n                             |   9|          2|    1|          2|
    |v19_9_blk_n                             |   9|          2|    1|          2|
    |v19_blk_n                               |   9|          2|    1|          2|
    |v38_10_blk_n                            |   9|          2|    1|          2|
    |v38_11_blk_n                            |   9|          2|    1|          2|
    |v38_12_blk_n                            |   9|          2|    1|          2|
    |v38_13_blk_n                            |   9|          2|    1|          2|
    |v38_14_blk_n                            |   9|          2|    1|          2|
    |v38_15_blk_n                            |   9|          2|    1|          2|
    |v38_16_blk_n                            |   9|          2|    1|          2|
    |v38_17_blk_n                            |   9|          2|    1|          2|
    |v38_18_blk_n                            |   9|          2|    1|          2|
    |v38_19_blk_n                            |   9|          2|    1|          2|
    |v38_1_blk_n                             |   9|          2|    1|          2|
    |v38_20_blk_n                            |   9|          2|    1|          2|
    |v38_21_blk_n                            |   9|          2|    1|          2|
    |v38_22_blk_n                            |   9|          2|    1|          2|
    |v38_23_blk_n                            |   9|          2|    1|          2|
    |v38_24_blk_n                            |   9|          2|    1|          2|
    |v38_25_blk_n                            |   9|          2|    1|          2|
    |v38_26_blk_n                            |   9|          2|    1|          2|
    |v38_27_blk_n                            |   9|          2|    1|          2|
    |v38_2_blk_n                             |   9|          2|    1|          2|
    |v38_3_blk_n                             |   9|          2|    1|          2|
    |v38_4_blk_n                             |   9|          2|    1|          2|
    |v38_5_blk_n                             |   9|          2|    1|          2|
    |v38_6_blk_n                             |   9|          2|    1|          2|
    |v38_7_blk_n                             |   9|          2|    1|          2|
    |v38_8_blk_n                             |   9|          2|    1|          2|
    |v38_9_blk_n                             |   9|          2|    1|          2|
    |v38_blk_n                               |   9|          2|    1|          2|
    |v39_fu_210                              |   9|          2|    6|         12|
    |v40_fu_202                              |   9|          2|    4|          8|
    |v41_fu_194                              |   9|          2|    4|          8|
    |v42_fu_190                              |   9|          2|    4|          8|
    +----------------------------------------+----+-----------+-----+-----------+
    |Total                                   | 657|        146|  163|        326|
    +----------------------------------------+----+-----------+-----+-----------+

    * Register: 
    +--------------------------------------------------+----+----+-----+-----------+
    |                       Name                       | FF | LUT| Bits| Const Bits|
    +--------------------------------------------------+----+----+-----+-----------+
    |add_ln122_1_reg_3231                              |  12|   0|   12|          0|
    |add_ln122_reg_2946                                |   9|   0|    9|          0|
    |and_ln103_1_reg_2896                              |   1|   0|    1|          0|
    |and_ln104_reg_2906                                |   1|   0|    1|          0|
    |ap_CS_fsm                                         |   1|   0|    1|          0|
    |ap_condition_exit_pp0_iter0_stage0_pp0_iter1_reg  |   1|   0|    1|          0|
    |ap_condition_exit_pp0_iter0_stage0_pp0_iter2_reg  |   1|   0|    1|          0|
    |ap_done_reg                                       |   1|   0|    1|          0|
    |ap_enable_reg_pp0_iter1                           |   1|   0|    1|          0|
    |ap_enable_reg_pp0_iter10                          |   1|   0|    1|          0|
    |ap_enable_reg_pp0_iter11                          |   1|   0|    1|          0|
    |ap_enable_reg_pp0_iter12                          |   1|   0|    1|          0|
    |ap_enable_reg_pp0_iter13                          |   1|   0|    1|          0|
    |ap_enable_reg_pp0_iter14                          |   1|   0|    1|          0|
    |ap_enable_reg_pp0_iter15                          |   1|   0|    1|          0|
    |ap_enable_reg_pp0_iter16                          |   1|   0|    1|          0|
    |ap_enable_reg_pp0_iter2                           |   1|   0|    1|          0|
    |ap_enable_reg_pp0_iter3                           |   1|   0|    1|          0|
    |ap_enable_reg_pp0_iter4                           |   1|   0|    1|          0|
    |ap_enable_reg_pp0_iter5                           |   1|   0|    1|          0|
    |ap_enable_reg_pp0_iter6                           |   1|   0|    1|          0|
    |ap_enable_reg_pp0_iter7                           |   1|   0|    1|          0|
    |ap_enable_reg_pp0_iter8                           |   1|   0|    1|          0|
    |ap_enable_reg_pp0_iter9                           |   1|   0|    1|          0|
    |ap_loop_exit_ready_pp0_iter10_reg                 |   1|   0|    1|          0|
    |ap_loop_exit_ready_pp0_iter11_reg                 |   1|   0|    1|          0|
    |ap_loop_exit_ready_pp0_iter12_reg                 |   1|   0|    1|          0|
    |ap_loop_exit_ready_pp0_iter13_reg                 |   1|   0|    1|          0|
    |ap_loop_exit_ready_pp0_iter14_reg                 |   1|   0|    1|          0|
    |ap_loop_exit_ready_pp0_iter15_reg                 |   1|   0|    1|          0|
    |ap_loop_exit_ready_pp0_iter1_reg                  |   1|   0|    1|          0|
    |ap_loop_exit_ready_pp0_iter2_reg                  |   1|   0|    1|          0|
    |ap_loop_exit_ready_pp0_iter3_reg                  |   1|   0|    1|          0|
    |ap_loop_exit_ready_pp0_iter4_reg                  |   1|   0|    1|          0|
    |ap_loop_exit_ready_pp0_iter5_reg                  |   1|   0|    1|          0|
    |ap_loop_exit_ready_pp0_iter6_reg                  |   1|   0|    1|          0|
    |ap_loop_exit_ready_pp0_iter7_reg                  |   1|   0|    1|          0|
    |ap_loop_exit_ready_pp0_iter8_reg                  |   1|   0|    1|          0|
    |ap_loop_exit_ready_pp0_iter9_reg                  |   1|   0|    1|          0|
    |ap_loop_init_pp0_iter1_reg                        |   1|   0|    1|          0|
    |cmp371_reg_3236                                   |   1|   0|    1|          0|
    |cmp411_reg_2942                                   |   1|   0|    1|          0|
    |empty_137_reg_2937                                |   9|   0|    9|          0|
    |icmp_ln104_reg_2890                               |   1|   0|    1|          0|
    |icmp_ln113_reg_2922                               |   1|   0|    1|          0|
    |icmp_ln113_reg_2922_pp0_iter1_reg                 |   1|   0|    1|          0|
    |indvar_flatten12_fu_206                           |  11|   0|   11|          0|
    |indvar_flatten34_fu_214                           |  15|   0|   15|          0|
    |indvar_flatten_fu_198                             |   8|   0|    8|          0|
    |or_ln104_reg_2901                                 |   1|   0|    1|          0|
    |select_ln104_1_reg_2926                           |   4|   0|    4|          0|
    |select_ln104_1_reg_2926_pp0_iter2_reg             |   4|   0|    4|          0|
    |select_ln105_1_reg_2932                           |   4|   0|    4|          0|
    |select_ln105_reg_2911                             |   4|   0|    4|          0|
    |start_once_reg                                    |   1|   0|    1|          0|
    |trunc_ln105_1_reg_2916                            |   3|   0|    3|          0|
    |v19_10_read_reg_3001                              |  32|   0|   32|          0|
    |v19_11_read_reg_3006                              |  32|   0|   32|          0|
    |v19_12_read_reg_3011                              |  32|   0|   32|          0|
    |v19_13_read_reg_3016                              |  32|   0|   32|          0|
    |v19_14_read_reg_3021                              |  32|   0|   32|          0|
    |v19_15_read_reg_3026                              |  32|   0|   32|          0|
    |v19_16_read_reg_3031                              |  32|   0|   32|          0|
    |v19_17_read_reg_3036                              |  32|   0|   32|          0|
    |v19_18_read_reg_3041                              |  32|   0|   32|          0|
    |v19_19_read_reg_3046                              |  32|   0|   32|          0|
    |v19_1_read_reg_2956                               |  32|   0|   32|          0|
    |v19_20_read_reg_3051                              |  32|   0|   32|          0|
    |v19_21_read_reg_3056                              |  32|   0|   32|          0|
    |v19_22_read_reg_3061                              |  32|   0|   32|          0|
    |v19_23_read_reg_3066                              |  32|   0|   32|          0|
    |v19_24_read_reg_3071                              |  32|   0|   32|          0|
    |v19_25_read_reg_3076                              |  32|   0|   32|          0|
    |v19_26_read_reg_3081                              |  32|   0|   32|          0|
    |v19_27_read_reg_3086                              |  32|   0|   32|          0|
    |v19_2_read_reg_2961                               |  32|   0|   32|          0|
    |v19_3_read_reg_2966                               |  32|   0|   32|          0|
    |v19_4_read_reg_2971                               |  32|   0|   32|          0|
    |v19_5_read_reg_2976                               |  32|   0|   32|          0|
    |v19_6_read_reg_2981                               |  32|   0|   32|          0|
    |v19_7_read_reg_2986                               |  32|   0|   32|          0|
    |v19_8_read_reg_2991                               |  32|   0|   32|          0|
    |v19_9_read_reg_2996                               |  32|   0|   32|          0|
    |v19_read_reg_2951                                 |  32|   0|   32|          0|
    |v2057_addr_reg_3226                               |  12|   0|   12|          0|
    |v20_10_addr_reg_3141                              |  12|   0|   12|          0|
    |v20_11_addr_reg_3146                              |  12|   0|   12|          0|
    |v20_12_addr_reg_3151                              |  12|   0|   12|          0|
    |v20_13_addr_reg_3156                              |  12|   0|   12|          0|
    |v20_14_addr_reg_3161                              |  12|   0|   12|          0|
    |v20_15_addr_reg_3166                              |  12|   0|   12|          0|
    |v20_16_addr_reg_3171                              |  12|   0|   12|          0|
    |v20_17_addr_reg_3176                              |  12|   0|   12|          0|
    |v20_18_addr_reg_3181                              |  12|   0|   12|          0|
    |v20_19_addr_reg_3186                              |  12|   0|   12|          0|
    |v20_1_addr_reg_3096                               |  12|   0|   12|          0|
    |v20_20_addr_reg_3191                              |  12|   0|   12|          0|
    |v20_21_addr_reg_3196                              |  12|   0|   12|          0|
    |v20_22_addr_reg_3201                              |  12|   0|   12|          0|
    |v20_23_addr_reg_3206                              |  12|   0|   12|          0|
    |v20_24_addr_reg_3211                              |  12|   0|   12|          0|
    |v20_25_addr_reg_3216                              |  12|   0|   12|          0|
    |v20_26_addr_reg_3221                              |  12|   0|   12|          0|
    |v20_2_addr_reg_3101                               |  12|   0|   12|          0|
    |v20_3_addr_reg_3106                               |  12|   0|   12|          0|
    |v20_4_addr_reg_3111                               |  12|   0|   12|          0|
    |v20_5_addr_reg_3116                               |  12|   0|   12|          0|
    |v20_6_addr_reg_3121                               |  12|   0|   12|          0|
    |v20_7_addr_reg_3126                               |  12|   0|   12|          0|
    |v20_8_addr_reg_3131                               |  12|   0|   12|          0|
    |v20_9_addr_reg_3136                               |  12|   0|   12|          0|
    |v20_addr_reg_3091                                 |  12|   0|   12|          0|
    |v3729_addr_reg_3607                               |  12|   0|   12|          0|
    |v37_10_addr_reg_3505                              |  12|   0|   12|          0|
    |v37_11_addr_reg_3511                              |  12|   0|   12|          0|
    |v37_12_addr_reg_3517                              |  12|   0|   12|          0|
    |v37_13_addr_reg_3523                              |  12|   0|   12|          0|
    |v37_14_addr_reg_3529                              |  12|   0|   12|          0|
    |v37_15_addr_reg_3535                              |  12|   0|   12|          0|
    |v37_16_addr_reg_3541                              |  12|   0|   12|          0|
    |v37_17_addr_reg_3547                              |  12|   0|   12|          0|
    |v37_18_addr_reg_3553                              |  12|   0|   12|          0|
    |v37_19_addr_reg_3559                              |  12|   0|   12|          0|
    |v37_1_addr_reg_3451                               |  12|   0|   12|          0|
    |v37_20_addr_reg_3565                              |  12|   0|   12|          0|
    |v37_21_addr_reg_3571                              |  12|   0|   12|          0|
    |v37_22_addr_reg_3577                              |  12|   0|   12|          0|
    |v37_23_addr_reg_3583                              |  12|   0|   12|          0|
    |v37_24_addr_reg_3589                              |  12|   0|   12|          0|
    |v37_25_addr_reg_3595                              |  12|   0|   12|          0|
    |v37_26_addr_reg_3601                              |  12|   0|   12|          0|
    |v37_2_addr_reg_3457                               |  12|   0|   12|          0|
    |v37_3_addr_reg_3463                               |  12|   0|   12|          0|
    |v37_4_addr_reg_3469                               |  12|   0|   12|          0|
    |v37_5_addr_reg_3475                               |  12|   0|   12|          0|
    |v37_6_addr_reg_3481                               |  12|   0|   12|          0|
    |v37_7_addr_reg_3487                               |  12|   0|   12|          0|
    |v37_8_addr_reg_3493                               |  12|   0|   12|          0|
    |v37_9_addr_reg_3499                               |  12|   0|   12|          0|
    |v37_addr_reg_3445                                 |  12|   0|   12|          0|
    |v39_fu_210                                        |   6|   0|    6|          0|
    |v40_fu_202                                        |   4|   0|    4|          0|
    |v41_fu_194                                        |   4|   0|    4|          0|
    |v42_fu_190                                        |   4|   0|    4|          0|
    |v48_10_reg_3355                                   |  32|   0|   32|          0|
    |v48_11_reg_3360                                   |  32|   0|   32|          0|
    |v48_12_reg_3365                                   |  32|   0|   32|          0|
    |v48_13_reg_3370                                   |  32|   0|   32|          0|
    |v48_14_reg_3375                                   |  32|   0|   32|          0|
    |v48_15_reg_3380                                   |  32|   0|   32|          0|
    |v48_16_reg_3385                                   |  32|   0|   32|          0|
    |v48_17_reg_3390                                   |  32|   0|   32|          0|
    |v48_18_reg_3395                                   |  32|   0|   32|          0|
    |v48_19_reg_3400                                   |  32|   0|   32|          0|
    |v48_1_reg_3310                                    |  32|   0|   32|          0|
    |v48_20_reg_3405                                   |  32|   0|   32|          0|
    |v48_21_reg_3410                                   |  32|   0|   32|          0|
    |v48_22_reg_3415                                   |  32|   0|   32|          0|
    |v48_23_reg_3420                                   |  32|   0|   32|          0|
    |v48_24_reg_3425                                   |  32|   0|   32|          0|
    |v48_25_reg_3430                                   |  32|   0|   32|          0|
    |v48_26_reg_3435                                   |  32|   0|   32|          0|
    |v48_27_reg_3440                                   |  32|   0|   32|          0|
    |v48_2_reg_3315                                    |  32|   0|   32|          0|
    |v48_3_reg_3320                                    |  32|   0|   32|          0|
    |v48_4_reg_3325                                    |  32|   0|   32|          0|
    |v48_5_reg_3330                                    |  32|   0|   32|          0|
    |v48_6_reg_3335                                    |  32|   0|   32|          0|
    |v48_7_reg_3340                                    |  32|   0|   32|          0|
    |v48_8_reg_3345                                    |  32|   0|   32|          0|
    |v48_9_reg_3350                                    |  32|   0|   32|          0|
    |v48_reg_3273                                      |  32|   0|   32|          0|
    |v49_reg_3278                                      |  32|   0|   32|          0|
    |v50_10_reg_3713                                   |  32|   0|   32|          0|
    |v50_11_reg_3723                                   |  32|   0|   32|          0|
    |v50_12_reg_3733                                   |  32|   0|   32|          0|
    |v50_13_reg_3743                                   |  32|   0|   32|          0|
    |v50_14_reg_3753                                   |  32|   0|   32|          0|
    |v50_15_reg_3763                                   |  32|   0|   32|          0|
    |v50_16_reg_3773                                   |  32|   0|   32|          0|
    |v50_17_reg_3783                                   |  32|   0|   32|          0|
    |v50_18_reg_3793                                   |  32|   0|   32|          0|
    |v50_19_reg_3803                                   |  32|   0|   32|          0|
    |v50_1_reg_3623                                    |  32|   0|   32|          0|
    |v50_20_reg_3813                                   |  32|   0|   32|          0|
    |v50_21_reg_3823                                   |  32|   0|   32|          0|
    |v50_22_reg_3833                                   |  32|   0|   32|          0|
    |v50_23_reg_3843                                   |  32|   0|   32|          0|
    |v50_24_reg_3853                                   |  32|   0|   32|          0|
    |v50_25_reg_3863                                   |  32|   0|   32|          0|
    |v50_26_reg_3873                                   |  32|   0|   32|          0|
    |v50_27_reg_3883                                   |  32|   0|   32|          0|
    |v50_2_reg_3633                                    |  32|   0|   32|          0|
    |v50_3_reg_3643                                    |  32|   0|   32|          0|
    |v50_4_reg_3653                                    |  32|   0|   32|          0|
    |v50_5_reg_3663                                    |  32|   0|   32|          0|
    |v50_6_reg_3673                                    |  32|   0|   32|          0|
    |v50_7_reg_3683                                    |  32|   0|   32|          0|
    |v50_8_reg_3693                                    |  32|   0|   32|          0|
    |v50_9_reg_3703                                    |  32|   0|   32|          0|
    |v50_reg_3618                                      |  32|   0|   32|          0|
    |v51_10_reg_3718                                   |  32|   0|   32|          0|
    |v51_11_reg_3728                                   |  32|   0|   32|          0|
    |v51_12_reg_3738                                   |  32|   0|   32|          0|
    |v51_13_reg_3748                                   |  32|   0|   32|          0|
    |v51_14_reg_3758                                   |  32|   0|   32|          0|
    |v51_15_reg_3768                                   |  32|   0|   32|          0|
    |v51_16_reg_3778                                   |  32|   0|   32|          0|
    |v51_17_reg_3788                                   |  32|   0|   32|          0|
    |v51_18_reg_3798                                   |  32|   0|   32|          0|
    |v51_19_reg_3808                                   |  32|   0|   32|          0|
    |v51_1_reg_3628                                    |  32|   0|   32|          0|
    |v51_20_reg_3818                                   |  32|   0|   32|          0|
    |v51_21_reg_3828                                   |  32|   0|   32|          0|
    |v51_22_reg_3838                                   |  32|   0|   32|          0|
    |v51_23_reg_3848                                   |  32|   0|   32|          0|
    |v51_24_reg_3858                                   |  32|   0|   32|          0|
    |v51_25_reg_3868                                   |  32|   0|   32|          0|
    |v51_26_reg_3878                                   |  32|   0|   32|          0|
    |v51_27_reg_3888                                   |  32|   0|   32|          0|
    |v51_2_reg_3638                                    |  32|   0|   32|          0|
    |v51_3_reg_3648                                    |  32|   0|   32|          0|
    |v51_4_reg_3658                                    |  32|   0|   32|          0|
    |v51_5_reg_3668                                    |  32|   0|   32|          0|
    |v51_6_reg_3678                                    |  32|   0|   32|          0|
    |v51_7_reg_3688                                    |  32|   0|   32|          0|
    |v51_8_reg_3698                                    |  32|   0|   32|          0|
    |v51_9_reg_3708                                    |  32|   0|   32|          0|
    |v51_reg_3613                                      |  32|   0|   32|          0|
    |v53_10_reg_3953                                   |  32|   0|   32|          0|
    |v53_11_reg_3959                                   |  32|   0|   32|          0|
    |v53_12_reg_3965                                   |  32|   0|   32|          0|
    |v53_13_reg_3971                                   |  32|   0|   32|          0|
    |v53_14_reg_3977                                   |  32|   0|   32|          0|
    |v53_15_reg_3983                                   |  32|   0|   32|          0|
    |v53_16_reg_3989                                   |  32|   0|   32|          0|
    |v53_17_reg_3995                                   |  32|   0|   32|          0|
    |v53_18_reg_4001                                   |  32|   0|   32|          0|
    |v53_19_reg_4007                                   |  32|   0|   32|          0|
    |v53_1_reg_3899                                    |  32|   0|   32|          0|
    |v53_20_reg_4013                                   |  32|   0|   32|          0|
    |v53_21_reg_4019                                   |  32|   0|   32|          0|
    |v53_22_reg_4025                                   |  32|   0|   32|          0|
    |v53_23_reg_4031                                   |  32|   0|   32|          0|
    |v53_24_reg_4037                                   |  32|   0|   32|          0|
    |v53_25_reg_4043                                   |  32|   0|   32|          0|
    |v53_26_reg_4049                                   |  32|   0|   32|          0|
    |v53_27_reg_4055                                   |  32|   0|   32|          0|
    |v53_2_reg_3905                                    |  32|   0|   32|          0|
    |v53_3_reg_3911                                    |  32|   0|   32|          0|
    |v53_4_reg_3917                                    |  32|   0|   32|          0|
    |v53_5_reg_3923                                    |  32|   0|   32|          0|
    |v53_6_reg_3929                                    |  32|   0|   32|          0|
    |v53_7_reg_3935                                    |  32|   0|   32|          0|
    |v53_8_reg_3941                                    |  32|   0|   32|          0|
    |v53_9_reg_3947                                    |  32|   0|   32|          0|
    |v53_reg_3893                                      |  32|   0|   32|          0|
    |add_ln122_1_reg_3231                              |  64|  32|   12|          0|
    |cmp371_reg_3236                                   |  64|  32|    1|          0|
    |cmp411_reg_2942                                   |  64|  32|    1|          0|
    |trunc_ln105_1_reg_2916                            |  64|  32|    3|          0|
    |v3729_addr_reg_3607                               |  64|  32|   12|          0|
    |v37_10_addr_reg_3505                              |  64|  32|   12|          0|
    |v37_11_addr_reg_3511                              |  64|  32|   12|          0|
    |v37_12_addr_reg_3517                              |  64|  32|   12|          0|
    |v37_13_addr_reg_3523                              |  64|  32|   12|          0|
    |v37_14_addr_reg_3529                              |  64|  32|   12|          0|
    |v37_15_addr_reg_3535                              |  64|  32|   12|          0|
    |v37_16_addr_reg_3541                              |  64|  32|   12|          0|
    |v37_17_addr_reg_3547                              |  64|  32|   12|          0|
    |v37_18_addr_reg_3553                              |  64|  32|   12|          0|
    |v37_19_addr_reg_3559                              |  64|  32|   12|          0|
    |v37_1_addr_reg_3451                               |  64|  32|   12|          0|
    |v37_20_addr_reg_3565                              |  64|  32|   12|          0|
    |v37_21_addr_reg_3571                              |  64|  32|   12|          0|
    |v37_22_addr_reg_3577                              |  64|  32|   12|          0|
    |v37_23_addr_reg_3583                              |  64|  32|   12|          0|
    |v37_24_addr_reg_3589                              |  64|  32|   12|          0|
    |v37_25_addr_reg_3595                              |  64|  32|   12|          0|
    |v37_26_addr_reg_3601                              |  64|  32|   12|          0|
    |v37_2_addr_reg_3457                               |  64|  32|   12|          0|
    |v37_3_addr_reg_3463                               |  64|  32|   12|          0|
    |v37_4_addr_reg_3469                               |  64|  32|   12|          0|
    |v37_5_addr_reg_3475                               |  64|  32|   12|          0|
    |v37_6_addr_reg_3481                               |  64|  32|   12|          0|
    |v37_7_addr_reg_3487                               |  64|  32|   12|          0|
    |v37_8_addr_reg_3493                               |  64|  32|   12|          0|
    |v37_9_addr_reg_3499                               |  64|  32|   12|          0|
    |v37_addr_reg_3445                                 |  64|  32|   12|          0|
    +--------------------------------------------------+----+----+-----+-----------+
    |Total                                             |7378|1024| 5683|          0|
    +--------------------------------------------------+----+----+-----+-----------+



================================================================
== Interface
================================================================
* Summary: 
+-----------------------+-----+-----+------------+-------------------+--------------+
|       RTL Ports       | Dir | Bits|  Protocol  |   Source Object   |    C Type    |
+-----------------------+-----+-----+------------+-------------------+--------------+
|ap_clk                 |   in|    1|  ap_ctrl_hs|  Loop_loop22_proc2|  return value|
|ap_rst                 |   in|    1|  ap_ctrl_hs|  Loop_loop22_proc2|  return value|
|ap_start               |   in|    1|  ap_ctrl_hs|  Loop_loop22_proc2|  return value|
|start_full_n           |   in|    1|  ap_ctrl_hs|  Loop_loop22_proc2|  return value|
|ap_done                |  out|    1|  ap_ctrl_hs|  Loop_loop22_proc2|  return value|
|ap_continue            |   in|    1|  ap_ctrl_hs|  Loop_loop22_proc2|  return value|
|ap_idle                |  out|    1|  ap_ctrl_hs|  Loop_loop22_proc2|  return value|
|ap_ready               |  out|    1|  ap_ctrl_hs|  Loop_loop22_proc2|  return value|
|start_out              |  out|    1|  ap_ctrl_hs|  Loop_loop22_proc2|  return value|
|start_write            |  out|    1|  ap_ctrl_hs|  Loop_loop22_proc2|  return value|
|v19_dout               |   in|   32|     ap_fifo|                v19|       pointer|
|v19_num_data_valid     |   in|   13|     ap_fifo|                v19|       pointer|
|v19_fifo_cap           |   in|   13|     ap_fifo|                v19|       pointer|
|v19_empty_n            |   in|    1|     ap_fifo|                v19|       pointer|
|v19_read               |  out|    1|     ap_fifo|                v19|       pointer|
|v19_1_dout             |   in|   32|     ap_fifo|              v19_1|       pointer|
|v19_1_num_data_valid   |   in|   13|     ap_fifo|              v19_1|       pointer|
|v19_1_fifo_cap         |   in|   13|     ap_fifo|              v19_1|       pointer|
|v19_1_empty_n          |   in|    1|     ap_fifo|              v19_1|       pointer|
|v19_1_read             |  out|    1|     ap_fifo|              v19_1|       pointer|
|v19_2_dout             |   in|   32|     ap_fifo|              v19_2|       pointer|
|v19_2_num_data_valid   |   in|   13|     ap_fifo|              v19_2|       pointer|
|v19_2_fifo_cap         |   in|   13|     ap_fifo|              v19_2|       pointer|
|v19_2_empty_n          |   in|    1|     ap_fifo|              v19_2|       pointer|
|v19_2_read             |  out|    1|     ap_fifo|              v19_2|       pointer|
|v19_3_dout             |   in|   32|     ap_fifo|              v19_3|       pointer|
|v19_3_num_data_valid   |   in|   13|     ap_fifo|              v19_3|       pointer|
|v19_3_fifo_cap         |   in|   13|     ap_fifo|              v19_3|       pointer|
|v19_3_empty_n          |   in|    1|     ap_fifo|              v19_3|       pointer|
|v19_3_read             |  out|    1|     ap_fifo|              v19_3|       pointer|
|v19_4_dout             |   in|   32|     ap_fifo|              v19_4|       pointer|
|v19_4_num_data_valid   |   in|   13|     ap_fifo|              v19_4|       pointer|
|v19_4_fifo_cap         |   in|   13|     ap_fifo|              v19_4|       pointer|
|v19_4_empty_n          |   in|    1|     ap_fifo|              v19_4|       pointer|
|v19_4_read             |  out|    1|     ap_fifo|              v19_4|       pointer|
|v19_5_dout             |   in|   32|     ap_fifo|              v19_5|       pointer|
|v19_5_num_data_valid   |   in|   13|     ap_fifo|              v19_5|       pointer|
|v19_5_fifo_cap         |   in|   13|     ap_fifo|              v19_5|       pointer|
|v19_5_empty_n          |   in|    1|     ap_fifo|              v19_5|       pointer|
|v19_5_read             |  out|    1|     ap_fifo|              v19_5|       pointer|
|v19_6_dout             |   in|   32|     ap_fifo|              v19_6|       pointer|
|v19_6_num_data_valid   |   in|   13|     ap_fifo|              v19_6|       pointer|
|v19_6_fifo_cap         |   in|   13|     ap_fifo|              v19_6|       pointer|
|v19_6_empty_n          |   in|    1|     ap_fifo|              v19_6|       pointer|
|v19_6_read             |  out|    1|     ap_fifo|              v19_6|       pointer|
|v19_7_dout             |   in|   32|     ap_fifo|              v19_7|       pointer|
|v19_7_num_data_valid   |   in|   13|     ap_fifo|              v19_7|       pointer|
|v19_7_fifo_cap         |   in|   13|     ap_fifo|              v19_7|       pointer|
|v19_7_empty_n          |   in|    1|     ap_fifo|              v19_7|       pointer|
|v19_7_read             |  out|    1|     ap_fifo|              v19_7|       pointer|
|v19_8_dout             |   in|   32|     ap_fifo|              v19_8|       pointer|
|v19_8_num_data_valid   |   in|   13|     ap_fifo|              v19_8|       pointer|
|v19_8_fifo_cap         |   in|   13|     ap_fifo|              v19_8|       pointer|
|v19_8_empty_n          |   in|    1|     ap_fifo|              v19_8|       pointer|
|v19_8_read             |  out|    1|     ap_fifo|              v19_8|       pointer|
|v19_9_dout             |   in|   32|     ap_fifo|              v19_9|       pointer|
|v19_9_num_data_valid   |   in|   13|     ap_fifo|              v19_9|       pointer|
|v19_9_fifo_cap         |   in|   13|     ap_fifo|              v19_9|       pointer|
|v19_9_empty_n          |   in|    1|     ap_fifo|              v19_9|       pointer|
|v19_9_read             |  out|    1|     ap_fifo|              v19_9|       pointer|
|v19_10_dout            |   in|   32|     ap_fifo|             v19_10|       pointer|
|v19_10_num_data_valid  |   in|   13|     ap_fifo|             v19_10|       pointer|
|v19_10_fifo_cap        |   in|   13|     ap_fifo|             v19_10|       pointer|
|v19_10_empty_n         |   in|    1|     ap_fifo|             v19_10|       pointer|
|v19_10_read            |  out|    1|     ap_fifo|             v19_10|       pointer|
|v19_11_dout            |   in|   32|     ap_fifo|             v19_11|       pointer|
|v19_11_num_data_valid  |   in|   13|     ap_fifo|             v19_11|       pointer|
|v19_11_fifo_cap        |   in|   13|     ap_fifo|             v19_11|       pointer|
|v19_11_empty_n         |   in|    1|     ap_fifo|             v19_11|       pointer|
|v19_11_read            |  out|    1|     ap_fifo|             v19_11|       pointer|
|v19_12_dout            |   in|   32|     ap_fifo|             v19_12|       pointer|
|v19_12_num_data_valid  |   in|   13|     ap_fifo|             v19_12|       pointer|
|v19_12_fifo_cap        |   in|   13|     ap_fifo|             v19_12|       pointer|
|v19_12_empty_n         |   in|    1|     ap_fifo|             v19_12|       pointer|
|v19_12_read            |  out|    1|     ap_fifo|             v19_12|       pointer|
|v19_13_dout            |   in|   32|     ap_fifo|             v19_13|       pointer|
|v19_13_num_data_valid  |   in|   13|     ap_fifo|             v19_13|       pointer|
|v19_13_fifo_cap        |   in|   13|     ap_fifo|             v19_13|       pointer|
|v19_13_empty_n         |   in|    1|     ap_fifo|             v19_13|       pointer|
|v19_13_read            |  out|    1|     ap_fifo|             v19_13|       pointer|
|v19_14_dout            |   in|   32|     ap_fifo|             v19_14|       pointer|
|v19_14_num_data_valid  |   in|   13|     ap_fifo|             v19_14|       pointer|
|v19_14_fifo_cap        |   in|   13|     ap_fifo|             v19_14|       pointer|
|v19_14_empty_n         |   in|    1|     ap_fifo|             v19_14|       pointer|
|v19_14_read            |  out|    1|     ap_fifo|             v19_14|       pointer|
|v19_15_dout            |   in|   32|     ap_fifo|             v19_15|       pointer|
|v19_15_num_data_valid  |   in|   13|     ap_fifo|             v19_15|       pointer|
|v19_15_fifo_cap        |   in|   13|     ap_fifo|             v19_15|       pointer|
|v19_15_empty_n         |   in|    1|     ap_fifo|             v19_15|       pointer|
|v19_15_read            |  out|    1|     ap_fifo|             v19_15|       pointer|
|v19_16_dout            |   in|   32|     ap_fifo|             v19_16|       pointer|
|v19_16_num_data_valid  |   in|   13|     ap_fifo|             v19_16|       pointer|
|v19_16_fifo_cap        |   in|   13|     ap_fifo|             v19_16|       pointer|
|v19_16_empty_n         |   in|    1|     ap_fifo|             v19_16|       pointer|
|v19_16_read            |  out|    1|     ap_fifo|             v19_16|       pointer|
|v19_17_dout            |   in|   32|     ap_fifo|             v19_17|       pointer|
|v19_17_num_data_valid  |   in|   13|     ap_fifo|             v19_17|       pointer|
|v19_17_fifo_cap        |   in|   13|     ap_fifo|             v19_17|       pointer|
|v19_17_empty_n         |   in|    1|     ap_fifo|             v19_17|       pointer|
|v19_17_read            |  out|    1|     ap_fifo|             v19_17|       pointer|
|v19_18_dout            |   in|   32|     ap_fifo|             v19_18|       pointer|
|v19_18_num_data_valid  |   in|   13|     ap_fifo|             v19_18|       pointer|
|v19_18_fifo_cap        |   in|   13|     ap_fifo|             v19_18|       pointer|
|v19_18_empty_n         |   in|    1|     ap_fifo|             v19_18|       pointer|
|v19_18_read            |  out|    1|     ap_fifo|             v19_18|       pointer|
|v19_19_dout            |   in|   32|     ap_fifo|             v19_19|       pointer|
|v19_19_num_data_valid  |   in|   13|     ap_fifo|             v19_19|       pointer|
|v19_19_fifo_cap        |   in|   13|     ap_fifo|             v19_19|       pointer|
|v19_19_empty_n         |   in|    1|     ap_fifo|             v19_19|       pointer|
|v19_19_read            |  out|    1|     ap_fifo|             v19_19|       pointer|
|v19_20_dout            |   in|   32|     ap_fifo|             v19_20|       pointer|
|v19_20_num_data_valid  |   in|   13|     ap_fifo|             v19_20|       pointer|
|v19_20_fifo_cap        |   in|   13|     ap_fifo|             v19_20|       pointer|
|v19_20_empty_n         |   in|    1|     ap_fifo|             v19_20|       pointer|
|v19_20_read            |  out|    1|     ap_fifo|             v19_20|       pointer|
|v19_21_dout            |   in|   32|     ap_fifo|             v19_21|       pointer|
|v19_21_num_data_valid  |   in|   13|     ap_fifo|             v19_21|       pointer|
|v19_21_fifo_cap        |   in|   13|     ap_fifo|             v19_21|       pointer|
|v19_21_empty_n         |   in|    1|     ap_fifo|             v19_21|       pointer|
|v19_21_read            |  out|    1|     ap_fifo|             v19_21|       pointer|
|v19_22_dout            |   in|   32|     ap_fifo|             v19_22|       pointer|
|v19_22_num_data_valid  |   in|   13|     ap_fifo|             v19_22|       pointer|
|v19_22_fifo_cap        |   in|   13|     ap_fifo|             v19_22|       pointer|
|v19_22_empty_n         |   in|    1|     ap_fifo|             v19_22|       pointer|
|v19_22_read            |  out|    1|     ap_fifo|             v19_22|       pointer|
|v19_23_dout            |   in|   32|     ap_fifo|             v19_23|       pointer|
|v19_23_num_data_valid  |   in|   13|     ap_fifo|             v19_23|       pointer|
|v19_23_fifo_cap        |   in|   13|     ap_fifo|             v19_23|       pointer|
|v19_23_empty_n         |   in|    1|     ap_fifo|             v19_23|       pointer|
|v19_23_read            |  out|    1|     ap_fifo|             v19_23|       pointer|
|v19_24_dout            |   in|   32|     ap_fifo|             v19_24|       pointer|
|v19_24_num_data_valid  |   in|   13|     ap_fifo|             v19_24|       pointer|
|v19_24_fifo_cap        |   in|   13|     ap_fifo|             v19_24|       pointer|
|v19_24_empty_n         |   in|    1|     ap_fifo|             v19_24|       pointer|
|v19_24_read            |  out|    1|     ap_fifo|             v19_24|       pointer|
|v19_25_dout            |   in|   32|     ap_fifo|             v19_25|       pointer|
|v19_25_num_data_valid  |   in|   13|     ap_fifo|             v19_25|       pointer|
|v19_25_fifo_cap        |   in|   13|     ap_fifo|             v19_25|       pointer|
|v19_25_empty_n         |   in|    1|     ap_fifo|             v19_25|       pointer|
|v19_25_read            |  out|    1|     ap_fifo|             v19_25|       pointer|
|v19_26_dout            |   in|   32|     ap_fifo|             v19_26|       pointer|
|v19_26_num_data_valid  |   in|   13|     ap_fifo|             v19_26|       pointer|
|v19_26_fifo_cap        |   in|   13|     ap_fifo|             v19_26|       pointer|
|v19_26_empty_n         |   in|    1|     ap_fifo|             v19_26|       pointer|
|v19_26_read            |  out|    1|     ap_fifo|             v19_26|       pointer|
|v19_27_dout            |   in|   32|     ap_fifo|             v19_27|       pointer|
|v19_27_num_data_valid  |   in|   13|     ap_fifo|             v19_27|       pointer|
|v19_27_fifo_cap        |   in|   13|     ap_fifo|             v19_27|       pointer|
|v19_27_empty_n         |   in|    1|     ap_fifo|             v19_27|       pointer|
|v19_27_read            |  out|    1|     ap_fifo|             v19_27|       pointer|
|v38_din                |  out|   32|     ap_fifo|                v38|       pointer|
|v38_num_data_valid     |   in|   13|     ap_fifo|                v38|       pointer|
|v38_fifo_cap           |   in|   13|     ap_fifo|                v38|       pointer|
|v38_full_n             |   in|    1|     ap_fifo|                v38|       pointer|
|v38_write              |  out|    1|     ap_fifo|                v38|       pointer|
|v38_1_din              |  out|   32|     ap_fifo|              v38_1|       pointer|
|v38_1_num_data_valid   |   in|   13|     ap_fifo|              v38_1|       pointer|
|v38_1_fifo_cap         |   in|   13|     ap_fifo|              v38_1|       pointer|
|v38_1_full_n           |   in|    1|     ap_fifo|              v38_1|       pointer|
|v38_1_write            |  out|    1|     ap_fifo|              v38_1|       pointer|
|v38_2_din              |  out|   32|     ap_fifo|              v38_2|       pointer|
|v38_2_num_data_valid   |   in|   13|     ap_fifo|              v38_2|       pointer|
|v38_2_fifo_cap         |   in|   13|     ap_fifo|              v38_2|       pointer|
|v38_2_full_n           |   in|    1|     ap_fifo|              v38_2|       pointer|
|v38_2_write            |  out|    1|     ap_fifo|              v38_2|       pointer|
|v38_3_din              |  out|   32|     ap_fifo|              v38_3|       pointer|
|v38_3_num_data_valid   |   in|   13|     ap_fifo|              v38_3|       pointer|
|v38_3_fifo_cap         |   in|   13|     ap_fifo|              v38_3|       pointer|
|v38_3_full_n           |   in|    1|     ap_fifo|              v38_3|       pointer|
|v38_3_write            |  out|    1|     ap_fifo|              v38_3|       pointer|
|v38_4_din              |  out|   32|     ap_fifo|              v38_4|       pointer|
|v38_4_num_data_valid   |   in|   13|     ap_fifo|              v38_4|       pointer|
|v38_4_fifo_cap         |   in|   13|     ap_fifo|              v38_4|       pointer|
|v38_4_full_n           |   in|    1|     ap_fifo|              v38_4|       pointer|
|v38_4_write            |  out|    1|     ap_fifo|              v38_4|       pointer|
|v38_5_din              |  out|   32|     ap_fifo|              v38_5|       pointer|
|v38_5_num_data_valid   |   in|   13|     ap_fifo|              v38_5|       pointer|
|v38_5_fifo_cap         |   in|   13|     ap_fifo|              v38_5|       pointer|
|v38_5_full_n           |   in|    1|     ap_fifo|              v38_5|       pointer|
|v38_5_write            |  out|    1|     ap_fifo|              v38_5|       pointer|
|v38_6_din              |  out|   32|     ap_fifo|              v38_6|       pointer|
|v38_6_num_data_valid   |   in|   13|     ap_fifo|              v38_6|       pointer|
|v38_6_fifo_cap         |   in|   13|     ap_fifo|              v38_6|       pointer|
|v38_6_full_n           |   in|    1|     ap_fifo|              v38_6|       pointer|
|v38_6_write            |  out|    1|     ap_fifo|              v38_6|       pointer|
|v38_7_din              |  out|   32|     ap_fifo|              v38_7|       pointer|
|v38_7_num_data_valid   |   in|   13|     ap_fifo|              v38_7|       pointer|
|v38_7_fifo_cap         |   in|   13|     ap_fifo|              v38_7|       pointer|
|v38_7_full_n           |   in|    1|     ap_fifo|              v38_7|       pointer|
|v38_7_write            |  out|    1|     ap_fifo|              v38_7|       pointer|
|v38_8_din              |  out|   32|     ap_fifo|              v38_8|       pointer|
|v38_8_num_data_valid   |   in|   13|     ap_fifo|              v38_8|       pointer|
|v38_8_fifo_cap         |   in|   13|     ap_fifo|              v38_8|       pointer|
|v38_8_full_n           |   in|    1|     ap_fifo|              v38_8|       pointer|
|v38_8_write            |  out|    1|     ap_fifo|              v38_8|       pointer|
|v38_9_din              |  out|   32|     ap_fifo|              v38_9|       pointer|
|v38_9_num_data_valid   |   in|   13|     ap_fifo|              v38_9|       pointer|
|v38_9_fifo_cap         |   in|   13|     ap_fifo|              v38_9|       pointer|
|v38_9_full_n           |   in|    1|     ap_fifo|              v38_9|       pointer|
|v38_9_write            |  out|    1|     ap_fifo|              v38_9|       pointer|
|v38_10_din             |  out|   32|     ap_fifo|             v38_10|       pointer|
|v38_10_num_data_valid  |   in|   13|     ap_fifo|             v38_10|       pointer|
|v38_10_fifo_cap        |   in|   13|     ap_fifo|             v38_10|       pointer|
|v38_10_full_n          |   in|    1|     ap_fifo|             v38_10|       pointer|
|v38_10_write           |  out|    1|     ap_fifo|             v38_10|       pointer|
|v38_11_din             |  out|   32|     ap_fifo|             v38_11|       pointer|
|v38_11_num_data_valid  |   in|   13|     ap_fifo|             v38_11|       pointer|
|v38_11_fifo_cap        |   in|   13|     ap_fifo|             v38_11|       pointer|
|v38_11_full_n          |   in|    1|     ap_fifo|             v38_11|       pointer|
|v38_11_write           |  out|    1|     ap_fifo|             v38_11|       pointer|
|v38_12_din             |  out|   32|     ap_fifo|             v38_12|       pointer|
|v38_12_num_data_valid  |   in|   13|     ap_fifo|             v38_12|       pointer|
|v38_12_fifo_cap        |   in|   13|     ap_fifo|             v38_12|       pointer|
|v38_12_full_n          |   in|    1|     ap_fifo|             v38_12|       pointer|
|v38_12_write           |  out|    1|     ap_fifo|             v38_12|       pointer|
|v38_13_din             |  out|   32|     ap_fifo|             v38_13|       pointer|
|v38_13_num_data_valid  |   in|   13|     ap_fifo|             v38_13|       pointer|
|v38_13_fifo_cap        |   in|   13|     ap_fifo|             v38_13|       pointer|
|v38_13_full_n          |   in|    1|     ap_fifo|             v38_13|       pointer|
|v38_13_write           |  out|    1|     ap_fifo|             v38_13|       pointer|
|v38_14_din             |  out|   32|     ap_fifo|             v38_14|       pointer|
|v38_14_num_data_valid  |   in|   13|     ap_fifo|             v38_14|       pointer|
|v38_14_fifo_cap        |   in|   13|     ap_fifo|             v38_14|       pointer|
|v38_14_full_n          |   in|    1|     ap_fifo|             v38_14|       pointer|
|v38_14_write           |  out|    1|     ap_fifo|             v38_14|       pointer|
|v38_15_din             |  out|   32|     ap_fifo|             v38_15|       pointer|
|v38_15_num_data_valid  |   in|   13|     ap_fifo|             v38_15|       pointer|
|v38_15_fifo_cap        |   in|   13|     ap_fifo|             v38_15|       pointer|
|v38_15_full_n          |   in|    1|     ap_fifo|             v38_15|       pointer|
|v38_15_write           |  out|    1|     ap_fifo|             v38_15|       pointer|
|v38_16_din             |  out|   32|     ap_fifo|             v38_16|       pointer|
|v38_16_num_data_valid  |   in|   13|     ap_fifo|             v38_16|       pointer|
|v38_16_fifo_cap        |   in|   13|     ap_fifo|             v38_16|       pointer|
|v38_16_full_n          |   in|    1|     ap_fifo|             v38_16|       pointer|
|v38_16_write           |  out|    1|     ap_fifo|             v38_16|       pointer|
|v38_17_din             |  out|   32|     ap_fifo|             v38_17|       pointer|
|v38_17_num_data_valid  |   in|   13|     ap_fifo|             v38_17|       pointer|
|v38_17_fifo_cap        |   in|   13|     ap_fifo|             v38_17|       pointer|
|v38_17_full_n          |   in|    1|     ap_fifo|             v38_17|       pointer|
|v38_17_write           |  out|    1|     ap_fifo|             v38_17|       pointer|
|v38_18_din             |  out|   32|     ap_fifo|             v38_18|       pointer|
|v38_18_num_data_valid  |   in|   13|     ap_fifo|             v38_18|       pointer|
|v38_18_fifo_cap        |   in|   13|     ap_fifo|             v38_18|       pointer|
|v38_18_full_n          |   in|    1|     ap_fifo|             v38_18|       pointer|
|v38_18_write           |  out|    1|     ap_fifo|             v38_18|       pointer|
|v38_19_din             |  out|   32|     ap_fifo|             v38_19|       pointer|
|v38_19_num_data_valid  |   in|   13|     ap_fifo|             v38_19|       pointer|
|v38_19_fifo_cap        |   in|   13|     ap_fifo|             v38_19|       pointer|
|v38_19_full_n          |   in|    1|     ap_fifo|             v38_19|       pointer|
|v38_19_write           |  out|    1|     ap_fifo|             v38_19|       pointer|
|v38_20_din             |  out|   32|     ap_fifo|             v38_20|       pointer|
|v38_20_num_data_valid  |   in|   13|     ap_fifo|             v38_20|       pointer|
|v38_20_fifo_cap        |   in|   13|     ap_fifo|             v38_20|       pointer|
|v38_20_full_n          |   in|    1|     ap_fifo|             v38_20|       pointer|
|v38_20_write           |  out|    1|     ap_fifo|             v38_20|       pointer|
|v38_21_din             |  out|   32|     ap_fifo|             v38_21|       pointer|
|v38_21_num_data_valid  |   in|   13|     ap_fifo|             v38_21|       pointer|
|v38_21_fifo_cap        |   in|   13|     ap_fifo|             v38_21|       pointer|
|v38_21_full_n          |   in|    1|     ap_fifo|             v38_21|       pointer|
|v38_21_write           |  out|    1|     ap_fifo|             v38_21|       pointer|
|v38_22_din             |  out|   32|     ap_fifo|             v38_22|       pointer|
|v38_22_num_data_valid  |   in|   13|     ap_fifo|             v38_22|       pointer|
|v38_22_fifo_cap        |   in|   13|     ap_fifo|             v38_22|       pointer|
|v38_22_full_n          |   in|    1|     ap_fifo|             v38_22|       pointer|
|v38_22_write           |  out|    1|     ap_fifo|             v38_22|       pointer|
|v38_23_din             |  out|   32|     ap_fifo|             v38_23|       pointer|
|v38_23_num_data_valid  |   in|   13|     ap_fifo|             v38_23|       pointer|
|v38_23_fifo_cap        |   in|   13|     ap_fifo|             v38_23|       pointer|
|v38_23_full_n          |   in|    1|     ap_fifo|             v38_23|       pointer|
|v38_23_write           |  out|    1|     ap_fifo|             v38_23|       pointer|
|v38_24_din             |  out|   32|     ap_fifo|             v38_24|       pointer|
|v38_24_num_data_valid  |   in|   13|     ap_fifo|             v38_24|       pointer|
|v38_24_fifo_cap        |   in|   13|     ap_fifo|             v38_24|       pointer|
|v38_24_full_n          |   in|    1|     ap_fifo|             v38_24|       pointer|
|v38_24_write           |  out|    1|     ap_fifo|             v38_24|       pointer|
|v38_25_din             |  out|   32|     ap_fifo|             v38_25|       pointer|
|v38_25_num_data_valid  |   in|   13|     ap_fifo|             v38_25|       pointer|
|v38_25_fifo_cap        |   in|   13|     ap_fifo|             v38_25|       pointer|
|v38_25_full_n          |   in|    1|     ap_fifo|             v38_25|       pointer|
|v38_25_write           |  out|    1|     ap_fifo|             v38_25|       pointer|
|v38_26_din             |  out|   32|     ap_fifo|             v38_26|       pointer|
|v38_26_num_data_valid  |   in|   13|     ap_fifo|             v38_26|       pointer|
|v38_26_fifo_cap        |   in|   13|     ap_fifo|             v38_26|       pointer|
|v38_26_full_n          |   in|    1|     ap_fifo|             v38_26|       pointer|
|v38_26_write           |  out|    1|     ap_fifo|             v38_26|       pointer|
|v38_27_din             |  out|   32|     ap_fifo|             v38_27|       pointer|
|v38_27_num_data_valid  |   in|   13|     ap_fifo|             v38_27|       pointer|
|v38_27_fifo_cap        |   in|   13|     ap_fifo|             v38_27|       pointer|
|v38_27_full_n          |   in|    1|     ap_fifo|             v38_27|       pointer|
|v38_27_write           |  out|    1|     ap_fifo|             v38_27|       pointer|
|v1_address0            |  out|    6|   ap_memory|                 v1|         array|
|v1_ce0                 |  out|    1|   ap_memory|                 v1|         array|
|v1_q0                  |   in|   32|   ap_memory|                 v1|         array|
+-----------------------+-----+-----+------------+-------------------+--------------+

