

================================================================
== Vitis HLS Report for 'forward'
================================================================
* Date:           Wed Sep 25 13:01:53 2024

* Version:        2023.2 (Build 4023990 on Oct 11 2023)
* Project:        hls_ResMLP
* Solution:       solution1 (Vivado IP Flow Target)
* Product family: virtexuplusHBM
* Target device:  xcu280-fsvh2892-2L-e


================================================================
== Performance Estimates
================================================================
+ Timing: 
    * Summary: 
    +--------+---------+----------+------------+
    |  Clock |  Target | Estimated| Uncertainty|
    +--------+---------+----------+------------+
    |ap_clk  |  3.33 ns|  2.812 ns|     0.90 ns|
    +--------+---------+----------+------------+

+ Latency: 
    * Summary: 
    +---------+---------+----------+----------+--------+--------+----------+
    |  Latency (cycles) |  Latency (absolute) |     Interval    | Pipeline |
    |   min   |   max   |    min   |    max   |   min  |   max  |   Type   |
    +---------+---------+----------+----------+--------+--------+----------+
    |   262359|   262359|  0.874 ms|  0.874 ms|  262148|  262148|  dataflow|
    +---------+---------+----------+----------+--------+--------+----------+

    + Detail: 
        * Instance: 
        +-----------+--------+---------+---------+-----------+-----------+--------+--------+---------+
        |           |        |  Latency (cycles) |   Latency (absolute)  |     Interval    | Pipeline|
        |  Instance | Module |   min   |   max   |    min    |    max    |   min  |   max  |   Type  |
        +-----------+--------+---------+---------+-----------+-----------+--------+--------+---------+
        |node13_U0  |node13  |   262147|   262147|   0.873 ms|   0.873 ms|  262147|  262147|       no|
        |node9_U0   |node9   |   131075|   131075|   0.436 ms|   0.436 ms|  131075|  131075|       no|
        |node6_U0   |node6   |    65539|    65539|   0.218 ms|   0.218 ms|   65539|   65539|       no|
        |node3_U0   |node3   |     1284|     1284|   4.276 us|   4.276 us|    1284|    1284|       no|
        |node12_U0  |node12  |   131110|   131110|   0.437 ms|   0.437 ms|  131110|  131110|       no|
        |node11_U0  |node11  |     2058|     2058|   6.853 us|   6.853 us|    2058|    2058|       no|
        |node10_U0  |node10  |      261|      261|   0.869 us|   0.869 us|     261|     261|       no|
        |node8_U0   |node8   |     8236|     8236|  27.426 us|  27.426 us|    8236|    8236|       no|
        |node7_U0   |node7   |     2067|     2067|   6.883 us|   6.883 us|    2067|    2067|       no|
        |node5_U0   |node5   |    16429|    16429|  54.709 us|  54.709 us|   16429|   16429|       no|
        |node4_U0   |node4   |     1034|     1034|   3.443 us|   3.443 us|    1034|    1034|       no|
        |node2_U0   |node2   |    10265|    10265|  34.182 us|  34.182 us|   10265|   10265|       no|
        |node1_U0   |node1   |       90|       90|   0.300 us|   0.300 us|      90|      90|       no|
        |node0_U0   |node0   |       82|       82|   0.273 us|   0.273 us|      82|      82|       no|
        +-----------+--------+---------+---------+-----------+-----------+--------+--------+---------+

        * Loop: 
        N/A



================================================================
== Utilization Estimates
================================================================
* Summary: 
+---------------------+---------+------+---------+---------+-----+
|         Name        | BRAM_18K|  DSP |    FF   |   LUT   | URAM|
+---------------------+---------+------+---------+---------+-----+
|DSP                  |        -|     -|        -|        -|    -|
|Expression           |        -|     -|        0|       52|    -|
|FIFO                 |      552|     -|    52394|    42646|    -|
|Instance             |      828|  1786|   272238|   140872|  128|
|Memory               |        0|     -|        0|        0|    2|
|Multiplexer          |        -|     -|        -|       99|    -|
|Register             |        -|     -|       11|        -|    -|
+---------------------+---------+------+---------+---------+-----+
|Total                |     1380|  1786|   324643|   183669|  130|
+---------------------+---------+------+---------+---------+-----+
|Available SLR        |     1344|  3008|   869120|   434560|  320|
+---------------------+---------+------+---------+---------+-----+
|Utilization SLR (%)  |      102|    59|       37|       42|   40|
+---------------------+---------+------+---------+---------+-----+
|Available            |     4032|  9024|  2607360|  1303680|  960|
+---------------------+---------+------+---------+---------+-----+
|Utilization (%)      |       34|    19|       12|       14|   13|
+---------------------+---------+------+---------+---------+-----+

+ Detail: 
    * Instance: 
    +-----------+--------+---------+------+--------+-------+-----+
    |  Instance | Module | BRAM_18K|  DSP |   FF   |  LUT  | URAM|
    +-----------+--------+---------+------+--------+-------+-----+
    |node0_U0   |node0   |        0|     0|      19|    193|    0|
    |node1_U0   |node1   |        0|     2|     445|    341|    0|
    |node10_U0  |node10  |        0|     0|    1554|    881|    0|
    |node11_U0  |node11  |        0|     4|    1759|   1474|    0|
    |node12_U0  |node12  |       16|   160|   40562|  19640|  128|
    |node13_U0  |node13  |        0|     0|    4339|   2391|    0|
    |node2_U0   |node2   |        8|     8|    2137|   2012|    0|
    |node3_U0   |node3   |        0|     0|     146|    406|    0|
    |node4_U0   |node4   |        0|     4|    1057|    813|    0|
    |node5_U0   |node5   |      260|   320|   41288|  20987|    0|
    |node6_U0   |node6   |        0|     0|    2224|   1385|    0|
    |node7_U0   |node7   |        0|     8|    4125|   2659|    0|
    |node8_U0   |node8   |      544|  1280|  164065|  82884|    0|
    |node9_U0   |node9   |        0|     0|    8518|   4806|    0|
    +-----------+--------+---------+------+--------+-------+-----+
    |Total      |        |      828|  1786|  272238| 140872|  128|
    +-----------+--------+---------+------+--------+-------+-----+

    * DSP: 
    N/A

    * Memory: 
    +----------+--------------------+---------+---+----+-----+------+-----+------+-------------+
    |  Memory  |       Module       | BRAM_18K| FF| LUT| URAM| Words| Bits| Banks| W*Bits*Banks|
    +----------+--------------------+---------+---+----+-----+------+-----+------+-------------+
    |v186_U    |v186_RAM_AUTO_1R1W  |        0|  0|   0|    1|  1280|   32|     1|        40960|
    |v186_1_U  |v186_RAM_AUTO_1R1W  |        0|  0|   0|    1|  1280|   32|     1|        40960|
    +----------+--------------------+---------+---+----+-----+------+-----+------+-------------+
    |Total     |                    |        0|  0|   0|    2|  2560|   64|     2|        81920|
    +----------+--------------------+---------+---+----+-----+------+-----+------+-------------+

    * FIFO: 
    +------------+---------+-----+----+-----+------+-----+---------+
    |    Name    | BRAM_18K|  FF | LUT| URAM| Depth| Bits| Size:D*B|
    +------------+---------+-----+----+-----+------+-----+---------+
    |v184_U      |        0|  121|   0|    -|    80|   32|     2560|
    |v185_U      |        0|  121|   0|    -|    80|   32|     2560|
    |v187_1_U    |        1|   95|   0|    -|   512|   32|    16384|
    |v187_2_U    |        1|   95|   0|    -|   512|   32|    16384|
    |v187_3_U    |        1|   95|   0|    -|   512|   32|    16384|
    |v187_U      |        1|   95|   0|    -|   512|   32|    16384|
    |v188_1_U    |        1|   95|   0|    -|   512|   32|    16384|
    |v188_2_U    |        1|   95|   0|    -|   512|   32|    16384|
    |v188_3_U    |        1|   95|   0|    -|   512|   32|    16384|
    |v188_U      |        1|   95|   0|    -|   512|   32|    16384|
    |v189_10_U   |        1|   95|   0|    -|  2048|   32|    65536|
    |v189_11_U   |        1|   95|   0|    -|  2048|   32|    65536|
    |v189_12_U   |        1|   95|   0|    -|  2048|   32|    65536|
    |v189_13_U   |        1|   95|   0|    -|  2048|   32|    65536|
    |v189_14_U   |        1|   95|   0|    -|  2048|   32|    65536|
    |v189_15_U   |        1|   95|   0|    -|  2048|   32|    65536|
    |v189_16_U   |        1|   95|   0|    -|  2048|   32|    65536|
    |v189_17_U   |        1|   95|   0|    -|  2048|   32|    65536|
    |v189_18_U   |        1|   95|   0|    -|  2048|   32|    65536|
    |v189_19_U   |        1|   95|   0|    -|  2048|   32|    65536|
    |v189_1_U    |        1|   95|   0|    -|  2048|   32|    65536|
    |v189_20_U   |        1|   95|   0|    -|  2048|   32|    65536|
    |v189_21_U   |        1|   95|   0|    -|  2048|   32|    65536|
    |v189_22_U   |        1|   95|   0|    -|  2048|   32|    65536|
    |v189_23_U   |        1|   95|   0|    -|  2048|   32|    65536|
    |v189_24_U   |        1|   95|   0|    -|  2048|   32|    65536|
    |v189_25_U   |        1|   95|   0|    -|  2048|   32|    65536|
    |v189_26_U   |        1|   95|   0|    -|  2048|   32|    65536|
    |v189_27_U   |        1|   95|   0|    -|  2048|   32|    65536|
    |v189_28_U   |        1|   95|   0|    -|  2048|   32|    65536|
    |v189_29_U   |        1|   95|   0|    -|  2048|   32|    65536|
    |v189_2_U    |        1|   95|   0|    -|  2048|   32|    65536|
    |v189_30_U   |        1|   95|   0|    -|  2048|   32|    65536|
    |v189_31_U   |        1|   95|   0|    -|  2048|   32|    65536|
    |v189_32_U   |        1|   95|   0|    -|  2048|   32|    65536|
    |v189_33_U   |        1|   95|   0|    -|  2048|   32|    65536|
    |v189_34_U   |        1|   95|   0|    -|  2048|   32|    65536|
    |v189_35_U   |        1|   95|   0|    -|  2048|   32|    65536|
    |v189_36_U   |        1|   95|   0|    -|  2048|   32|    65536|
    |v189_37_U   |        1|   95|   0|    -|  2048|   32|    65536|
    |v189_38_U   |        1|   95|   0|    -|  2048|   32|    65536|
    |v189_39_U   |        1|   95|   0|    -|  2048|   32|    65536|
    |v189_3_U    |        1|   95|   0|    -|  2048|   32|    65536|
    |v189_40_U   |        1|   95|   0|    -|  2048|   32|    65536|
    |v189_41_U   |        1|   95|   0|    -|  2048|   32|    65536|
    |v189_42_U   |        1|   95|   0|    -|  2048|   32|    65536|
    |v189_43_U   |        1|   95|   0|    -|  2048|   32|    65536|
    |v189_44_U   |        1|   95|   0|    -|  2048|   32|    65536|
    |v189_45_U   |        1|   95|   0|    -|  2048|   32|    65536|
    |v189_46_U   |        1|   95|   0|    -|  2048|   32|    65536|
    |v189_47_U   |        1|   95|   0|    -|  2048|   32|    65536|
    |v189_48_U   |        1|   95|   0|    -|  2048|   32|    65536|
    |v189_49_U   |        1|   95|   0|    -|  2048|   32|    65536|
    |v189_4_U    |        1|   95|   0|    -|  2048|   32|    65536|
    |v189_50_U   |        1|   95|   0|    -|  2048|   32|    65536|
    |v189_51_U   |        1|   95|   0|    -|  2048|   32|    65536|
    |v189_52_U   |        1|   95|   0|    -|  2048|   32|    65536|
    |v189_53_U   |        1|   95|   0|    -|  2048|   32|    65536|
    |v189_54_U   |        1|   95|   0|    -|  2048|   32|    65536|
    |v189_55_U   |        1|   95|   0|    -|  2048|   32|    65536|
    |v189_56_U   |        1|   95|   0|    -|  2048|   32|    65536|
    |v189_57_U   |        1|   95|   0|    -|  2048|   32|    65536|
    |v189_58_U   |        1|   95|   0|    -|  2048|   32|    65536|
    |v189_59_U   |        1|   95|   0|    -|  2048|   32|    65536|
    |v189_5_U    |        1|   95|   0|    -|  2048|   32|    65536|
    |v189_60_U   |        1|   95|   0|    -|  2048|   32|    65536|
    |v189_61_U   |        1|   95|   0|    -|  2048|   32|    65536|
    |v189_62_U   |        1|   95|   0|    -|  2048|   32|    65536|
    |v189_63_U   |        1|   95|   0|    -|  2048|   32|    65536|
    |v189_6_U    |        1|   95|   0|    -|  2048|   32|    65536|
    |v189_7_U    |        1|   95|   0|    -|  2048|   32|    65536|
    |v189_8_U    |        1|   95|   0|    -|  2048|   32|    65536|
    |v189_9_U    |        1|   95|   0|    -|  2048|   32|    65536|
    |v189_U      |        1|   95|   0|    -|  2048|   32|    65536|
    |v190_10_U   |        1|   92|   0|    -|   256|   32|     8192|
    |v190_11_U   |        1|   92|   0|    -|   256|   32|     8192|
    |v190_12_U   |        1|   92|   0|    -|   256|   32|     8192|
    |v190_13_U   |        1|   92|   0|    -|   256|   32|     8192|
    |v190_14_U   |        1|   92|   0|    -|   256|   32|     8192|
    |v190_15_U   |        1|   92|   0|    -|   256|   32|     8192|
    |v190_1_U    |        1|   92|   0|    -|   256|   32|     8192|
    |v190_2_U    |        1|   92|   0|    -|   256|   32|     8192|
    |v190_3_U    |        1|   92|   0|    -|   256|   32|     8192|
    |v190_4_U    |        1|   92|   0|    -|   256|   32|     8192|
    |v190_5_U    |        1|   92|   0|    -|   256|   32|     8192|
    |v190_6_U    |        1|   92|   0|    -|   256|   32|     8192|
    |v190_7_U    |        1|   92|   0|    -|   256|   32|     8192|
    |v190_8_U    |        1|   92|   0|    -|   256|   32|     8192|
    |v190_9_U    |        1|   92|   0|    -|   256|   32|     8192|
    |v190_U      |        1|   92|   0|    -|   256|   32|     8192|
    |v191_10_U   |        1|   92|   0|    -|   256|   32|     8192|
    |v191_11_U   |        1|   92|   0|    -|   256|   32|     8192|
    |v191_12_U   |        1|   92|   0|    -|   256|   32|     8192|
    |v191_13_U   |        1|   92|   0|    -|   256|   32|     8192|
    |v191_14_U   |        1|   92|   0|    -|   256|   32|     8192|
    |v191_15_U   |        1|   92|   0|    -|   256|   32|     8192|
    |v191_1_U    |        1|   92|   0|    -|   256|   32|     8192|
    |v191_2_U    |        1|   92|   0|    -|   256|   32|     8192|
    |v191_3_U    |        1|   92|   0|    -|   256|   32|     8192|
    |v191_4_U    |        1|   92|   0|    -|   256|   32|     8192|
    |v191_5_U    |        1|   92|   0|    -|   256|   32|     8192|
    |v191_6_U    |        1|   92|   0|    -|   256|   32|     8192|
    |v191_7_U    |        1|   92|   0|    -|   256|   32|     8192|
    |v191_8_U    |        1|   92|   0|    -|   256|   32|     8192|
    |v191_9_U    |        1|   92|   0|    -|   256|   32|     8192|
    |v191_U      |        1|   92|   0|    -|   256|   32|     8192|
    |v192_100_U  |        1|   95|   0|    -|  1024|   32|    32768|
    |v192_101_U  |        1|   95|   0|    -|  1024|   32|    32768|
    |v192_102_U  |        1|   95|   0|    -|  1024|   32|    32768|
    |v192_103_U  |        1|   95|   0|    -|  1024|   32|    32768|
    |v192_104_U  |        1|   95|   0|    -|  1024|   32|    32768|
    |v192_105_U  |        1|   95|   0|    -|  1024|   32|    32768|
    |v192_106_U  |        1|   95|   0|    -|  1024|   32|    32768|
    |v192_107_U  |        1|   95|   0|    -|  1024|   32|    32768|
    |v192_108_U  |        1|   95|   0|    -|  1024|   32|    32768|
    |v192_109_U  |        1|   95|   0|    -|  1024|   32|    32768|
    |v192_10_U   |        1|   95|   0|    -|  1024|   32|    32768|
    |v192_110_U  |        1|   95|   0|    -|  1024|   32|    32768|
    |v192_111_U  |        1|   95|   0|    -|  1024|   32|    32768|
    |v192_112_U  |        1|   95|   0|    -|  1024|   32|    32768|
    |v192_113_U  |        1|   95|   0|    -|  1024|   32|    32768|
    |v192_114_U  |        1|   95|   0|    -|  1024|   32|    32768|
    |v192_115_U  |        1|   95|   0|    -|  1024|   32|    32768|
    |v192_116_U  |        1|   95|   0|    -|  1024|   32|    32768|
    |v192_117_U  |        1|   95|   0|    -|  1024|   32|    32768|
    |v192_118_U  |        1|   95|   0|    -|  1024|   32|    32768|
    |v192_119_U  |        1|   95|   0|    -|  1024|   32|    32768|
    |v192_11_U   |        1|   95|   0|    -|  1024|   32|    32768|
    |v192_120_U  |        1|   95|   0|    -|  1024|   32|    32768|
    |v192_121_U  |        1|   95|   0|    -|  1024|   32|    32768|
    |v192_122_U  |        1|   95|   0|    -|  1024|   32|    32768|
    |v192_123_U  |        1|   95|   0|    -|  1024|   32|    32768|
    |v192_124_U  |        1|   95|   0|    -|  1024|   32|    32768|
    |v192_125_U  |        1|   95|   0|    -|  1024|   32|    32768|
    |v192_126_U  |        1|   95|   0|    -|  1024|   32|    32768|
    |v192_127_U  |        1|   95|   0|    -|  1024|   32|    32768|
    |v192_128_U  |        1|   95|   0|    -|  1024|   32|    32768|
    |v192_129_U  |        1|   95|   0|    -|  1024|   32|    32768|
    |v192_12_U   |        1|   95|   0|    -|  1024|   32|    32768|
    |v192_130_U  |        1|   95|   0|    -|  1024|   32|    32768|
    |v192_131_U  |        1|   95|   0|    -|  1024|   32|    32768|
    |v192_132_U  |        1|   95|   0|    -|  1024|   32|    32768|
    |v192_133_U  |        1|   95|   0|    -|  1024|   32|    32768|
    |v192_134_U  |        1|   95|   0|    -|  1024|   32|    32768|
    |v192_135_U  |        1|   95|   0|    -|  1024|   32|    32768|
    |v192_136_U  |        1|   95|   0|    -|  1024|   32|    32768|
    |v192_137_U  |        1|   95|   0|    -|  1024|   32|    32768|
    |v192_138_U  |        1|   95|   0|    -|  1024|   32|    32768|
    |v192_139_U  |        1|   95|   0|    -|  1024|   32|    32768|
    |v192_13_U   |        1|   95|   0|    -|  1024|   32|    32768|
    |v192_140_U  |        1|   95|   0|    -|  1024|   32|    32768|
    |v192_141_U  |        1|   95|   0|    -|  1024|   32|    32768|
    |v192_142_U  |        1|   95|   0|    -|  1024|   32|    32768|
    |v192_143_U  |        1|   95|   0|    -|  1024|   32|    32768|
    |v192_144_U  |        1|   95|   0|    -|  1024|   32|    32768|
    |v192_145_U  |        1|   95|   0|    -|  1024|   32|    32768|
    |v192_146_U  |        1|   95|   0|    -|  1024|   32|    32768|
    |v192_147_U  |        1|   95|   0|    -|  1024|   32|    32768|
    |v192_148_U  |        1|   95|   0|    -|  1024|   32|    32768|
    |v192_149_U  |        1|   95|   0|    -|  1024|   32|    32768|
    |v192_14_U   |        1|   95|   0|    -|  1024|   32|    32768|
    |v192_150_U  |        1|   95|   0|    -|  1024|   32|    32768|
    |v192_151_U  |        1|   95|   0|    -|  1024|   32|    32768|
    |v192_152_U  |        1|   95|   0|    -|  1024|   32|    32768|
    |v192_153_U  |        1|   95|   0|    -|  1024|   32|    32768|
    |v192_154_U  |        1|   95|   0|    -|  1024|   32|    32768|
    |v192_155_U  |        1|   95|   0|    -|  1024|   32|    32768|
    |v192_156_U  |        1|   95|   0|    -|  1024|   32|    32768|
    |v192_157_U  |        1|   95|   0|    -|  1024|   32|    32768|
    |v192_158_U  |        1|   95|   0|    -|  1024|   32|    32768|
    |v192_159_U  |        1|   95|   0|    -|  1024|   32|    32768|
    |v192_15_U   |        1|   95|   0|    -|  1024|   32|    32768|
    |v192_160_U  |        1|   95|   0|    -|  1024|   32|    32768|
    |v192_161_U  |        1|   95|   0|    -|  1024|   32|    32768|
    |v192_162_U  |        1|   95|   0|    -|  1024|   32|    32768|
    |v192_163_U  |        1|   95|   0|    -|  1024|   32|    32768|
    |v192_164_U  |        1|   95|   0|    -|  1024|   32|    32768|
    |v192_165_U  |        1|   95|   0|    -|  1024|   32|    32768|
    |v192_166_U  |        1|   95|   0|    -|  1024|   32|    32768|
    |v192_167_U  |        1|   95|   0|    -|  1024|   32|    32768|
    |v192_168_U  |        1|   95|   0|    -|  1024|   32|    32768|
    |v192_169_U  |        1|   95|   0|    -|  1024|   32|    32768|
    |v192_16_U   |        1|   95|   0|    -|  1024|   32|    32768|
    |v192_170_U  |        1|   95|   0|    -|  1024|   32|    32768|
    |v192_171_U  |        1|   95|   0|    -|  1024|   32|    32768|
    |v192_172_U  |        1|   95|   0|    -|  1024|   32|    32768|
    |v192_173_U  |        1|   95|   0|    -|  1024|   32|    32768|
    |v192_174_U  |        1|   95|   0|    -|  1024|   32|    32768|
    |v192_175_U  |        1|   95|   0|    -|  1024|   32|    32768|
    |v192_176_U  |        1|   95|   0|    -|  1024|   32|    32768|
    |v192_177_U  |        1|   95|   0|    -|  1024|   32|    32768|
    |v192_178_U  |        1|   95|   0|    -|  1024|   32|    32768|
    |v192_179_U  |        1|   95|   0|    -|  1024|   32|    32768|
    |v192_17_U   |        1|   95|   0|    -|  1024|   32|    32768|
    |v192_180_U  |        1|   95|   0|    -|  1024|   32|    32768|
    |v192_181_U  |        1|   95|   0|    -|  1024|   32|    32768|
    |v192_182_U  |        1|   95|   0|    -|  1024|   32|    32768|
    |v192_183_U  |        1|   95|   0|    -|  1024|   32|    32768|
    |v192_184_U  |        1|   95|   0|    -|  1024|   32|    32768|
    |v192_185_U  |        1|   95|   0|    -|  1024|   32|    32768|
    |v192_186_U  |        1|   95|   0|    -|  1024|   32|    32768|
    |v192_187_U  |        1|   95|   0|    -|  1024|   32|    32768|
    |v192_188_U  |        1|   95|   0|    -|  1024|   32|    32768|
    |v192_189_U  |        1|   95|   0|    -|  1024|   32|    32768|
    |v192_18_U   |        1|   95|   0|    -|  1024|   32|    32768|
    |v192_190_U  |        1|   95|   0|    -|  1024|   32|    32768|
    |v192_191_U  |        1|   95|   0|    -|  1024|   32|    32768|
    |v192_192_U  |        1|   95|   0|    -|  1024|   32|    32768|
    |v192_193_U  |        1|   95|   0|    -|  1024|   32|    32768|
    |v192_194_U  |        1|   95|   0|    -|  1024|   32|    32768|
    |v192_195_U  |        1|   95|   0|    -|  1024|   32|    32768|
    |v192_196_U  |        1|   95|   0|    -|  1024|   32|    32768|
    |v192_197_U  |        1|   95|   0|    -|  1024|   32|    32768|
    |v192_198_U  |        1|   95|   0|    -|  1024|   32|    32768|
    |v192_199_U  |        1|   95|   0|    -|  1024|   32|    32768|
    |v192_19_U   |        1|   95|   0|    -|  1024|   32|    32768|
    |v192_1_U    |        1|   95|   0|    -|  1024|   32|    32768|
    |v192_200_U  |        1|   95|   0|    -|  1024|   32|    32768|
    |v192_201_U  |        1|   95|   0|    -|  1024|   32|    32768|
    |v192_202_U  |        1|   95|   0|    -|  1024|   32|    32768|
    |v192_203_U  |        1|   95|   0|    -|  1024|   32|    32768|
    |v192_204_U  |        1|   95|   0|    -|  1024|   32|    32768|
    |v192_205_U  |        1|   95|   0|    -|  1024|   32|    32768|
    |v192_206_U  |        1|   95|   0|    -|  1024|   32|    32768|
    |v192_207_U  |        1|   95|   0|    -|  1024|   32|    32768|
    |v192_208_U  |        1|   95|   0|    -|  1024|   32|    32768|
    |v192_209_U  |        1|   95|   0|    -|  1024|   32|    32768|
    |v192_20_U   |        1|   95|   0|    -|  1024|   32|    32768|
    |v192_210_U  |        1|   95|   0|    -|  1024|   32|    32768|
    |v192_211_U  |        1|   95|   0|    -|  1024|   32|    32768|
    |v192_212_U  |        1|   95|   0|    -|  1024|   32|    32768|
    |v192_213_U  |        1|   95|   0|    -|  1024|   32|    32768|
    |v192_214_U  |        1|   95|   0|    -|  1024|   32|    32768|
    |v192_215_U  |        1|   95|   0|    -|  1024|   32|    32768|
    |v192_216_U  |        1|   95|   0|    -|  1024|   32|    32768|
    |v192_217_U  |        1|   95|   0|    -|  1024|   32|    32768|
    |v192_218_U  |        1|   95|   0|    -|  1024|   32|    32768|
    |v192_219_U  |        1|   95|   0|    -|  1024|   32|    32768|
    |v192_21_U   |        1|   95|   0|    -|  1024|   32|    32768|
    |v192_220_U  |        1|   95|   0|    -|  1024|   32|    32768|
    |v192_221_U  |        1|   95|   0|    -|  1024|   32|    32768|
    |v192_222_U  |        1|   95|   0|    -|  1024|   32|    32768|
    |v192_223_U  |        1|   95|   0|    -|  1024|   32|    32768|
    |v192_224_U  |        1|   95|   0|    -|  1024|   32|    32768|
    |v192_225_U  |        1|   95|   0|    -|  1024|   32|    32768|
    |v192_226_U  |        1|   95|   0|    -|  1024|   32|    32768|
    |v192_227_U  |        1|   95|   0|    -|  1024|   32|    32768|
    |v192_228_U  |        1|   95|   0|    -|  1024|   32|    32768|
    |v192_229_U  |        1|   95|   0|    -|  1024|   32|    32768|
    |v192_22_U   |        1|   95|   0|    -|  1024|   32|    32768|
    |v192_230_U  |        1|   95|   0|    -|  1024|   32|    32768|
    |v192_231_U  |        1|   95|   0|    -|  1024|   32|    32768|
    |v192_232_U  |        1|   95|   0|    -|  1024|   32|    32768|
    |v192_233_U  |        1|   95|   0|    -|  1024|   32|    32768|
    |v192_234_U  |        1|   95|   0|    -|  1024|   32|    32768|
    |v192_235_U  |        1|   95|   0|    -|  1024|   32|    32768|
    |v192_236_U  |        1|   95|   0|    -|  1024|   32|    32768|
    |v192_237_U  |        1|   95|   0|    -|  1024|   32|    32768|
    |v192_238_U  |        1|   95|   0|    -|  1024|   32|    32768|
    |v192_239_U  |        1|   95|   0|    -|  1024|   32|    32768|
    |v192_23_U   |        1|   95|   0|    -|  1024|   32|    32768|
    |v192_240_U  |        1|   95|   0|    -|  1024|   32|    32768|
    |v192_241_U  |        1|   95|   0|    -|  1024|   32|    32768|
    |v192_242_U  |        1|   95|   0|    -|  1024|   32|    32768|
    |v192_243_U  |        1|   95|   0|    -|  1024|   32|    32768|
    |v192_244_U  |        1|   95|   0|    -|  1024|   32|    32768|
    |v192_245_U  |        1|   95|   0|    -|  1024|   32|    32768|
    |v192_246_U  |        1|   95|   0|    -|  1024|   32|    32768|
    |v192_247_U  |        1|   95|   0|    -|  1024|   32|    32768|
    |v192_248_U  |        1|   95|   0|    -|  1024|   32|    32768|
    |v192_249_U  |        1|   95|   0|    -|  1024|   32|    32768|
    |v192_24_U   |        1|   95|   0|    -|  1024|   32|    32768|
    |v192_250_U  |        1|   95|   0|    -|  1024|   32|    32768|
    |v192_251_U  |        1|   95|   0|    -|  1024|   32|    32768|
    |v192_252_U  |        1|   95|   0|    -|  1024|   32|    32768|
    |v192_253_U  |        1|   95|   0|    -|  1024|   32|    32768|
    |v192_254_U  |        1|   95|   0|    -|  1024|   32|    32768|
    |v192_255_U  |        1|   95|   0|    -|  1024|   32|    32768|
    |v192_25_U   |        1|   95|   0|    -|  1024|   32|    32768|
    |v192_26_U   |        1|   95|   0|    -|  1024|   32|    32768|
    |v192_27_U   |        1|   95|   0|    -|  1024|   32|    32768|
    |v192_28_U   |        1|   95|   0|    -|  1024|   32|    32768|
    |v192_29_U   |        1|   95|   0|    -|  1024|   32|    32768|
    |v192_2_U    |        1|   95|   0|    -|  1024|   32|    32768|
    |v192_30_U   |        1|   95|   0|    -|  1024|   32|    32768|
    |v192_31_U   |        1|   95|   0|    -|  1024|   32|    32768|
    |v192_32_U   |        1|   95|   0|    -|  1024|   32|    32768|
    |v192_33_U   |        1|   95|   0|    -|  1024|   32|    32768|
    |v192_34_U   |        1|   95|   0|    -|  1024|   32|    32768|
    |v192_35_U   |        1|   95|   0|    -|  1024|   32|    32768|
    |v192_36_U   |        1|   95|   0|    -|  1024|   32|    32768|
    |v192_37_U   |        1|   95|   0|    -|  1024|   32|    32768|
    |v192_38_U   |        1|   95|   0|    -|  1024|   32|    32768|
    |v192_39_U   |        1|   95|   0|    -|  1024|   32|    32768|
    |v192_3_U    |        1|   95|   0|    -|  1024|   32|    32768|
    |v192_40_U   |        1|   95|   0|    -|  1024|   32|    32768|
    |v192_41_U   |        1|   95|   0|    -|  1024|   32|    32768|
    |v192_42_U   |        1|   95|   0|    -|  1024|   32|    32768|
    |v192_43_U   |        1|   95|   0|    -|  1024|   32|    32768|
    |v192_44_U   |        1|   95|   0|    -|  1024|   32|    32768|
    |v192_45_U   |        1|   95|   0|    -|  1024|   32|    32768|
    |v192_46_U   |        1|   95|   0|    -|  1024|   32|    32768|
    |v192_47_U   |        1|   95|   0|    -|  1024|   32|    32768|
    |v192_48_U   |        1|   95|   0|    -|  1024|   32|    32768|
    |v192_49_U   |        1|   95|   0|    -|  1024|   32|    32768|
    |v192_4_U    |        1|   95|   0|    -|  1024|   32|    32768|
    |v192_50_U   |        1|   95|   0|    -|  1024|   32|    32768|
    |v192_51_U   |        1|   95|   0|    -|  1024|   32|    32768|
    |v192_52_U   |        1|   95|   0|    -|  1024|   32|    32768|
    |v192_53_U   |        1|   95|   0|    -|  1024|   32|    32768|
    |v192_54_U   |        1|   95|   0|    -|  1024|   32|    32768|
    |v192_55_U   |        1|   95|   0|    -|  1024|   32|    32768|
    |v192_56_U   |        1|   95|   0|    -|  1024|   32|    32768|
    |v192_57_U   |        1|   95|   0|    -|  1024|   32|    32768|
    |v192_58_U   |        1|   95|   0|    -|  1024|   32|    32768|
    |v192_59_U   |        1|   95|   0|    -|  1024|   32|    32768|
    |v192_5_U    |        1|   95|   0|    -|  1024|   32|    32768|
    |v192_60_U   |        1|   95|   0|    -|  1024|   32|    32768|
    |v192_61_U   |        1|   95|   0|    -|  1024|   32|    32768|
    |v192_62_U   |        1|   95|   0|    -|  1024|   32|    32768|
    |v192_63_U   |        1|   95|   0|    -|  1024|   32|    32768|
    |v192_64_U   |        1|   95|   0|    -|  1024|   32|    32768|
    |v192_65_U   |        1|   95|   0|    -|  1024|   32|    32768|
    |v192_66_U   |        1|   95|   0|    -|  1024|   32|    32768|
    |v192_67_U   |        1|   95|   0|    -|  1024|   32|    32768|
    |v192_68_U   |        1|   95|   0|    -|  1024|   32|    32768|
    |v192_69_U   |        1|   95|   0|    -|  1024|   32|    32768|
    |v192_6_U    |        1|   95|   0|    -|  1024|   32|    32768|
    |v192_70_U   |        1|   95|   0|    -|  1024|   32|    32768|
    |v192_71_U   |        1|   95|   0|    -|  1024|   32|    32768|
    |v192_72_U   |        1|   95|   0|    -|  1024|   32|    32768|
    |v192_73_U   |        1|   95|   0|    -|  1024|   32|    32768|
    |v192_74_U   |        1|   95|   0|    -|  1024|   32|    32768|
    |v192_75_U   |        1|   95|   0|    -|  1024|   32|    32768|
    |v192_76_U   |        1|   95|   0|    -|  1024|   32|    32768|
    |v192_77_U   |        1|   95|   0|    -|  1024|   32|    32768|
    |v192_78_U   |        1|   95|   0|    -|  1024|   32|    32768|
    |v192_79_U   |        1|   95|   0|    -|  1024|   32|    32768|
    |v192_7_U    |        1|   95|   0|    -|  1024|   32|    32768|
    |v192_80_U   |        1|   95|   0|    -|  1024|   32|    32768|
    |v192_81_U   |        1|   95|   0|    -|  1024|   32|    32768|
    |v192_82_U   |        1|   95|   0|    -|  1024|   32|    32768|
    |v192_83_U   |        1|   95|   0|    -|  1024|   32|    32768|
    |v192_84_U   |        1|   95|   0|    -|  1024|   32|    32768|
    |v192_85_U   |        1|   95|   0|    -|  1024|   32|    32768|
    |v192_86_U   |        1|   95|   0|    -|  1024|   32|    32768|
    |v192_87_U   |        1|   95|   0|    -|  1024|   32|    32768|
    |v192_88_U   |        1|   95|   0|    -|  1024|   32|    32768|
    |v192_89_U   |        1|   95|   0|    -|  1024|   32|    32768|
    |v192_8_U    |        1|   95|   0|    -|  1024|   32|    32768|
    |v192_90_U   |        1|   95|   0|    -|  1024|   32|    32768|
    |v192_91_U   |        1|   95|   0|    -|  1024|   32|    32768|
    |v192_92_U   |        1|   95|   0|    -|  1024|   32|    32768|
    |v192_93_U   |        1|   95|   0|    -|  1024|   32|    32768|
    |v192_94_U   |        1|   95|   0|    -|  1024|   32|    32768|
    |v192_95_U   |        1|   95|   0|    -|  1024|   32|    32768|
    |v192_96_U   |        1|   95|   0|    -|  1024|   32|    32768|
    |v192_97_U   |        1|   95|   0|    -|  1024|   32|    32768|
    |v192_98_U   |        1|   95|   0|    -|  1024|   32|    32768|
    |v192_99_U   |        1|   95|   0|    -|  1024|   32|    32768|
    |v192_9_U    |        1|   95|   0|    -|  1024|   32|    32768|
    |v192_U      |        1|   95|   0|    -|  1024|   32|    32768|
    |v193_10_U   |        1|   92|   0|    -|   256|   32|     8192|
    |v193_11_U   |        1|   92|   0|    -|   256|   32|     8192|
    |v193_12_U   |        1|   92|   0|    -|   256|   32|     8192|
    |v193_13_U   |        1|   92|   0|    -|   256|   32|     8192|
    |v193_14_U   |        1|   92|   0|    -|   256|   32|     8192|
    |v193_15_U   |        1|   92|   0|    -|   256|   32|     8192|
    |v193_1_U    |        1|   92|   0|    -|   256|   32|     8192|
    |v193_2_U    |        1|   92|   0|    -|   256|   32|     8192|
    |v193_3_U    |        1|   92|   0|    -|   256|   32|     8192|
    |v193_4_U    |        1|   92|   0|    -|   256|   32|     8192|
    |v193_5_U    |        1|   92|   0|    -|   256|   32|     8192|
    |v193_6_U    |        1|   92|   0|    -|   256|   32|     8192|
    |v193_7_U    |        1|   92|   0|    -|   256|   32|     8192|
    |v193_8_U    |        1|   92|   0|    -|   256|   32|     8192|
    |v193_9_U    |        1|   92|   0|    -|   256|   32|     8192|
    |v193_U      |        1|   92|   0|    -|   256|   32|     8192|
    |v194_10_U   |        1|   92|   0|    -|   256|   32|     8192|
    |v194_11_U   |        1|   92|   0|    -|   256|   32|     8192|
    |v194_12_U   |        1|   92|   0|    -|   256|   32|     8192|
    |v194_13_U   |        1|   92|   0|    -|   256|   32|     8192|
    |v194_14_U   |        1|   92|   0|    -|   256|   32|     8192|
    |v194_15_U   |        1|   92|   0|    -|   256|   32|     8192|
    |v194_1_U    |        1|   92|   0|    -|   256|   32|     8192|
    |v194_2_U    |        1|   92|   0|    -|   256|   32|     8192|
    |v194_3_U    |        1|   92|   0|    -|   256|   32|     8192|
    |v194_4_U    |        1|   92|   0|    -|   256|   32|     8192|
    |v194_5_U    |        1|   92|   0|    -|   256|   32|     8192|
    |v194_6_U    |        1|   92|   0|    -|   256|   32|     8192|
    |v194_7_U    |        1|   92|   0|    -|   256|   32|     8192|
    |v194_8_U    |        1|   92|   0|    -|   256|   32|     8192|
    |v194_9_U    |        1|   92|   0|    -|   256|   32|     8192|
    |v194_U      |        1|   92|   0|    -|   256|   32|     8192|
    |v195_10_U   |        1|   92|   0|    -|   256|   32|     8192|
    |v195_11_U   |        1|   92|   0|    -|   256|   32|     8192|
    |v195_12_U   |        1|   92|   0|    -|   256|   32|     8192|
    |v195_13_U   |        1|   92|   0|    -|   256|   32|     8192|
    |v195_14_U   |        1|   92|   0|    -|   256|   32|     8192|
    |v195_15_U   |        1|   92|   0|    -|   256|   32|     8192|
    |v195_1_U    |        1|   92|   0|    -|   256|   32|     8192|
    |v195_2_U    |        1|   92|   0|    -|   256|   32|     8192|
    |v195_3_U    |        1|   92|   0|    -|   256|   32|     8192|
    |v195_4_U    |        1|   92|   0|    -|   256|   32|     8192|
    |v195_5_U    |        1|   92|   0|    -|   256|   32|     8192|
    |v195_6_U    |        1|   92|   0|    -|   256|   32|     8192|
    |v195_7_U    |        1|   92|   0|    -|   256|   32|     8192|
    |v195_8_U    |        1|   92|   0|    -|   256|   32|     8192|
    |v195_9_U    |        1|   92|   0|    -|   256|   32|     8192|
    |v195_U      |        1|   92|   0|    -|   256|   32|     8192|
    |v196_10_U   |        1|   92|   0|    -|   256|   32|     8192|
    |v196_11_U   |        1|   92|   0|    -|   256|   32|     8192|
    |v196_12_U   |        1|   92|   0|    -|   256|   32|     8192|
    |v196_13_U   |        1|   92|   0|    -|   256|   32|     8192|
    |v196_14_U   |        1|   92|   0|    -|   256|   32|     8192|
    |v196_15_U   |        1|   92|   0|    -|   256|   32|     8192|
    |v196_1_U    |        1|   92|   0|    -|   256|   32|     8192|
    |v196_2_U    |        1|   92|   0|    -|   256|   32|     8192|
    |v196_3_U    |        1|   92|   0|    -|   256|   32|     8192|
    |v196_4_U    |        1|   92|   0|    -|   256|   32|     8192|
    |v196_5_U    |        1|   92|   0|    -|   256|   32|     8192|
    |v196_6_U    |        1|   92|   0|    -|   256|   32|     8192|
    |v196_7_U    |        1|   92|   0|    -|   256|   32|     8192|
    |v196_8_U    |        1|   92|   0|    -|   256|   32|     8192|
    |v196_9_U    |        1|   92|   0|    -|   256|   32|     8192|
    |v196_U      |        1|   92|   0|    -|   256|   32|     8192|
    |v197_100_U  |        1|   95|   0|    -|  4096|   32|   131072|
    |v197_101_U  |        1|   95|   0|    -|  4096|   32|   131072|
    |v197_102_U  |        1|   95|   0|    -|  4096|   32|   131072|
    |v197_103_U  |        1|   95|   0|    -|  4096|   32|   131072|
    |v197_104_U  |        1|   95|   0|    -|  4096|   32|   131072|
    |v197_105_U  |        1|   95|   0|    -|  4096|   32|   131072|
    |v197_106_U  |        1|   95|   0|    -|  4096|   32|   131072|
    |v197_107_U  |        1|   95|   0|    -|  4096|   32|   131072|
    |v197_108_U  |        1|   95|   0|    -|  4096|   32|   131072|
    |v197_109_U  |        1|   95|   0|    -|  4096|   32|   131072|
    |v197_10_U   |        1|   95|   0|    -|  4096|   32|   131072|
    |v197_110_U  |        1|   95|   0|    -|  4096|   32|   131072|
    |v197_111_U  |        1|   95|   0|    -|  4096|   32|   131072|
    |v197_112_U  |        1|   95|   0|    -|  4096|   32|   131072|
    |v197_113_U  |        1|   95|   0|    -|  4096|   32|   131072|
    |v197_114_U  |        1|   95|   0|    -|  4096|   32|   131072|
    |v197_115_U  |        1|   95|   0|    -|  4096|   32|   131072|
    |v197_116_U  |        1|   95|   0|    -|  4096|   32|   131072|
    |v197_117_U  |        1|   95|   0|    -|  4096|   32|   131072|
    |v197_118_U  |        1|   95|   0|    -|  4096|   32|   131072|
    |v197_119_U  |        1|   95|   0|    -|  4096|   32|   131072|
    |v197_11_U   |        1|   95|   0|    -|  4096|   32|   131072|
    |v197_120_U  |        1|   95|   0|    -|  4096|   32|   131072|
    |v197_121_U  |        1|   95|   0|    -|  4096|   32|   131072|
    |v197_122_U  |        1|   95|   0|    -|  4096|   32|   131072|
    |v197_123_U  |        1|   95|   0|    -|  4096|   32|   131072|
    |v197_124_U  |        1|   95|   0|    -|  4096|   32|   131072|
    |v197_125_U  |        1|   95|   0|    -|  4096|   32|   131072|
    |v197_126_U  |        1|   95|   0|    -|  4096|   32|   131072|
    |v197_127_U  |        1|   95|   0|    -|  4096|   32|   131072|
    |v197_12_U   |        1|   95|   0|    -|  4096|   32|   131072|
    |v197_13_U   |        1|   95|   0|    -|  4096|   32|   131072|
    |v197_14_U   |        1|   95|   0|    -|  4096|   32|   131072|
    |v197_15_U   |        1|   95|   0|    -|  4096|   32|   131072|
    |v197_16_U   |        1|   95|   0|    -|  4096|   32|   131072|
    |v197_17_U   |        1|   95|   0|    -|  4096|   32|   131072|
    |v197_18_U   |        1|   95|   0|    -|  4096|   32|   131072|
    |v197_19_U   |        1|   95|   0|    -|  4096|   32|   131072|
    |v197_1_U    |        1|   95|   0|    -|  4096|   32|   131072|
    |v197_20_U   |        1|   95|   0|    -|  4096|   32|   131072|
    |v197_21_U   |        1|   95|   0|    -|  4096|   32|   131072|
    |v197_22_U   |        1|   95|   0|    -|  4096|   32|   131072|
    |v197_23_U   |        1|   95|   0|    -|  4096|   32|   131072|
    |v197_24_U   |        1|   95|   0|    -|  4096|   32|   131072|
    |v197_25_U   |        1|   95|   0|    -|  4096|   32|   131072|
    |v197_26_U   |        1|   95|   0|    -|  4096|   32|   131072|
    |v197_27_U   |        1|   95|   0|    -|  4096|   32|   131072|
    |v197_28_U   |        1|   95|   0|    -|  4096|   32|   131072|
    |v197_29_U   |        1|   95|   0|    -|  4096|   32|   131072|
    |v197_2_U    |        1|   95|   0|    -|  4096|   32|   131072|
    |v197_30_U   |        1|   95|   0|    -|  4096|   32|   131072|
    |v197_31_U   |        1|   95|   0|    -|  4096|   32|   131072|
    |v197_32_U   |        1|   95|   0|    -|  4096|   32|   131072|
    |v197_33_U   |        1|   95|   0|    -|  4096|   32|   131072|
    |v197_34_U   |        1|   95|   0|    -|  4096|   32|   131072|
    |v197_35_U   |        1|   95|   0|    -|  4096|   32|   131072|
    |v197_36_U   |        1|   95|   0|    -|  4096|   32|   131072|
    |v197_37_U   |        1|   95|   0|    -|  4096|   32|   131072|
    |v197_38_U   |        1|   95|   0|    -|  4096|   32|   131072|
    |v197_39_U   |        1|   95|   0|    -|  4096|   32|   131072|
    |v197_3_U    |        1|   95|   0|    -|  4096|   32|   131072|
    |v197_40_U   |        1|   95|   0|    -|  4096|   32|   131072|
    |v197_41_U   |        1|   95|   0|    -|  4096|   32|   131072|
    |v197_42_U   |        1|   95|   0|    -|  4096|   32|   131072|
    |v197_43_U   |        1|   95|   0|    -|  4096|   32|   131072|
    |v197_44_U   |        1|   95|   0|    -|  4096|   32|   131072|
    |v197_45_U   |        1|   95|   0|    -|  4096|   32|   131072|
    |v197_46_U   |        1|   95|   0|    -|  4096|   32|   131072|
    |v197_47_U   |        1|   95|   0|    -|  4096|   32|   131072|
    |v197_48_U   |        1|   95|   0|    -|  4096|   32|   131072|
    |v197_49_U   |        1|   95|   0|    -|  4096|   32|   131072|
    |v197_4_U    |        1|   95|   0|    -|  4096|   32|   131072|
    |v197_50_U   |        1|   95|   0|    -|  4096|   32|   131072|
    |v197_51_U   |        1|   95|   0|    -|  4096|   32|   131072|
    |v197_52_U   |        1|   95|   0|    -|  4096|   32|   131072|
    |v197_53_U   |        1|   95|   0|    -|  4096|   32|   131072|
    |v197_54_U   |        1|   95|   0|    -|  4096|   32|   131072|
    |v197_55_U   |        1|   95|   0|    -|  4096|   32|   131072|
    |v197_56_U   |        1|   95|   0|    -|  4096|   32|   131072|
    |v197_57_U   |        1|   95|   0|    -|  4096|   32|   131072|
    |v197_58_U   |        1|   95|   0|    -|  4096|   32|   131072|
    |v197_59_U   |        1|   95|   0|    -|  4096|   32|   131072|
    |v197_5_U    |        1|   95|   0|    -|  4096|   32|   131072|
    |v197_60_U   |        1|   95|   0|    -|  4096|   32|   131072|
    |v197_61_U   |        1|   95|   0|    -|  4096|   32|   131072|
    |v197_62_U   |        1|   95|   0|    -|  4096|   32|   131072|
    |v197_63_U   |        1|   95|   0|    -|  4096|   32|   131072|
    |v197_64_U   |        1|   95|   0|    -|  4096|   32|   131072|
    |v197_65_U   |        1|   95|   0|    -|  4096|   32|   131072|
    |v197_66_U   |        1|   95|   0|    -|  4096|   32|   131072|
    |v197_67_U   |        1|   95|   0|    -|  4096|   32|   131072|
    |v197_68_U   |        1|   95|   0|    -|  4096|   32|   131072|
    |v197_69_U   |        1|   95|   0|    -|  4096|   32|   131072|
    |v197_6_U    |        1|   95|   0|    -|  4096|   32|   131072|
    |v197_70_U   |        1|   95|   0|    -|  4096|   32|   131072|
    |v197_71_U   |        1|   95|   0|    -|  4096|   32|   131072|
    |v197_72_U   |        1|   95|   0|    -|  4096|   32|   131072|
    |v197_73_U   |        1|   95|   0|    -|  4096|   32|   131072|
    |v197_74_U   |        1|   95|   0|    -|  4096|   32|   131072|
    |v197_75_U   |        1|   95|   0|    -|  4096|   32|   131072|
    |v197_76_U   |        1|   95|   0|    -|  4096|   32|   131072|
    |v197_77_U   |        1|   95|   0|    -|  4096|   32|   131072|
    |v197_78_U   |        1|   95|   0|    -|  4096|   32|   131072|
    |v197_79_U   |        1|   95|   0|    -|  4096|   32|   131072|
    |v197_7_U    |        1|   95|   0|    -|  4096|   32|   131072|
    |v197_80_U   |        1|   95|   0|    -|  4096|   32|   131072|
    |v197_81_U   |        1|   95|   0|    -|  4096|   32|   131072|
    |v197_82_U   |        1|   95|   0|    -|  4096|   32|   131072|
    |v197_83_U   |        1|   95|   0|    -|  4096|   32|   131072|
    |v197_84_U   |        1|   95|   0|    -|  4096|   32|   131072|
    |v197_85_U   |        1|   95|   0|    -|  4096|   32|   131072|
    |v197_86_U   |        1|   95|   0|    -|  4096|   32|   131072|
    |v197_87_U   |        1|   95|   0|    -|  4096|   32|   131072|
    |v197_88_U   |        1|   95|   0|    -|  4096|   32|   131072|
    |v197_89_U   |        1|   95|   0|    -|  4096|   32|   131072|
    |v197_8_U    |        1|   95|   0|    -|  4096|   32|   131072|
    |v197_90_U   |        1|   95|   0|    -|  4096|   32|   131072|
    |v197_91_U   |        1|   95|   0|    -|  4096|   32|   131072|
    |v197_92_U   |        1|   95|   0|    -|  4096|   32|   131072|
    |v197_93_U   |        1|   95|   0|    -|  4096|   32|   131072|
    |v197_94_U   |        1|   95|   0|    -|  4096|   32|   131072|
    |v197_95_U   |        1|   95|   0|    -|  4096|   32|   131072|
    |v197_96_U   |        1|   95|   0|    -|  4096|   32|   131072|
    |v197_97_U   |        1|   95|   0|    -|  4096|   32|   131072|
    |v197_98_U   |        1|   95|   0|    -|  4096|   32|   131072|
    |v197_99_U   |        1|   95|   0|    -|  4096|   32|   131072|
    |v197_9_U    |        1|   95|   0|    -|  4096|   32|   131072|
    |v197_U      |        1|   95|   0|    -|  4096|   32|   131072|
    +------------+---------+-----+----+-----+------+-----+---------+
    |Total       |      552|52394|   0|    0|946336|17728| 30282752|
    +------------+---------+-----+----+-----+------+-----+---------+

    * Expression: 
    +------------------------------+----------+----+---+----+------------+------------+
    |         Variable Name        | Operation| DSP| FF| LUT| Bitwidth P0| Bitwidth P1|
    +------------------------------+----------+----+---+----+------------+------------+
    |ap_channel_done_v186          |       and|   0|  0|   2|           1|           1|
    |ap_channel_done_v186_1        |       and|   0|  0|   2|           1|           1|
    |ap_idle                       |       and|   0|  0|   2|           1|           1|
    |ap_sync_ready                 |       and|   0|  0|   2|           1|           1|
    |node11_U0_ap_start            |       and|   0|  0|   2|           1|           1|
    |node12_U0_ap_start            |       and|   0|  0|   2|           1|           1|
    |node13_U0_ap_start            |       and|   0|  0|   2|           1|           1|
    |node1_U0_ap_start             |       and|   0|  0|   2|           1|           1|
    |node2_U0_ap_start             |       and|   0|  0|   2|           1|           1|
    |node3_U0_ap_continue          |       and|   0|  0|   2|           1|           1|
    |node3_U0_ap_start             |       and|   0|  0|   2|           1|           1|
    |node4_U0_ap_start             |       and|   0|  0|   2|           1|           1|
    |node6_U0_ap_start             |       and|   0|  0|   2|           1|           1|
    |node7_U0_ap_start             |       and|   0|  0|   2|           1|           1|
    |node9_U0_ap_start             |       and|   0|  0|   2|           1|           1|
    |ap_sync_channel_write_v186    |        or|   0|  0|   2|           1|           1|
    |ap_sync_channel_write_v186_1  |        or|   0|  0|   2|           1|           1|
    |ap_sync_node11_U0_ap_ready    |        or|   0|  0|   2|           1|           1|
    |ap_sync_node12_U0_ap_ready    |        or|   0|  0|   2|           1|           1|
    |ap_sync_node13_U0_ap_ready    |        or|   0|  0|   2|           1|           1|
    |ap_sync_node1_U0_ap_ready     |        or|   0|  0|   2|           1|           1|
    |ap_sync_node3_U0_ap_ready     |        or|   0|  0|   2|           1|           1|
    |ap_sync_node4_U0_ap_ready     |        or|   0|  0|   2|           1|           1|
    |ap_sync_node6_U0_ap_ready     |        or|   0|  0|   2|           1|           1|
    |ap_sync_node7_U0_ap_ready     |        or|   0|  0|   2|           1|           1|
    |ap_sync_node9_U0_ap_ready     |        or|   0|  0|   2|           1|           1|
    +------------------------------+----------+----+---+----+------------+------------+
    |Total                         |          |   0|  0|  52|          26|          26|
    +------------------------------+----------+----+---+----+------------+------------+

    * Multiplexer: 
    +----------------------------------+----+-----------+-----+-----------+
    |               Name               | LUT| Input Size| Bits| Total Bits|
    +----------------------------------+----+-----------+-----+-----------+
    |ap_sync_reg_channel_write_v186    |   9|          2|    1|          2|
    |ap_sync_reg_channel_write_v186_1  |   9|          2|    1|          2|
    |ap_sync_reg_node11_U0_ap_ready    |   9|          2|    1|          2|
    |ap_sync_reg_node12_U0_ap_ready    |   9|          2|    1|          2|
    |ap_sync_reg_node13_U0_ap_ready    |   9|          2|    1|          2|
    |ap_sync_reg_node1_U0_ap_ready     |   9|          2|    1|          2|
    |ap_sync_reg_node3_U0_ap_ready     |   9|          2|    1|          2|
    |ap_sync_reg_node4_U0_ap_ready     |   9|          2|    1|          2|
    |ap_sync_reg_node6_U0_ap_ready     |   9|          2|    1|          2|
    |ap_sync_reg_node7_U0_ap_ready     |   9|          2|    1|          2|
    |ap_sync_reg_node9_U0_ap_ready     |   9|          2|    1|          2|
    +----------------------------------+----+-----------+-----+-----------+
    |Total                             |  99|         22|   11|         22|
    +----------------------------------+----+-----------+-----+-----------+

    * Register: 
    +----------------------------------+---+----+-----+-----------+
    |               Name               | FF| LUT| Bits| Const Bits|
    +----------------------------------+---+----+-----+-----------+
    |ap_sync_reg_channel_write_v186    |  1|   0|    1|          0|
    |ap_sync_reg_channel_write_v186_1  |  1|   0|    1|          0|
    |ap_sync_reg_node11_U0_ap_ready    |  1|   0|    1|          0|
    |ap_sync_reg_node12_U0_ap_ready    |  1|   0|    1|          0|
    |ap_sync_reg_node13_U0_ap_ready    |  1|   0|    1|          0|
    |ap_sync_reg_node1_U0_ap_ready     |  1|   0|    1|          0|
    |ap_sync_reg_node3_U0_ap_ready     |  1|   0|    1|          0|
    |ap_sync_reg_node4_U0_ap_ready     |  1|   0|    1|          0|
    |ap_sync_reg_node6_U0_ap_ready     |  1|   0|    1|          0|
    |ap_sync_reg_node7_U0_ap_ready     |  1|   0|    1|          0|
    |ap_sync_reg_node9_U0_ap_ready     |  1|   0|    1|          0|
    +----------------------------------+---+----+-----+-----------+
    |Total                             | 11|   0|   11|          0|
    +----------------------------------+---+----+-----+-----------+



================================================================
== Interface
================================================================
* Summary: 
+---------------+-----+-----+------------+--------------+--------------+
|   RTL Ports   | Dir | Bits|  Protocol  | Source Object|    C Type    |
+---------------+-----+-----+------------+--------------+--------------+
|ap_clk         |   in|    1|  ap_ctrl_hs|       forward|  return value|
|ap_rst         |   in|    1|  ap_ctrl_hs|       forward|  return value|
|ap_start       |   in|    1|  ap_ctrl_hs|       forward|  return value|
|ap_done        |  out|    1|  ap_ctrl_hs|       forward|  return value|
|ap_ready       |  out|    1|  ap_ctrl_hs|       forward|  return value|
|ap_idle        |  out|    1|  ap_ctrl_hs|       forward|  return value|
|v174_address0  |  out|   13|   ap_memory|          v174|         array|
|v174_ce0       |  out|    1|   ap_memory|          v174|         array|
|v174_d0        |  out|   32|   ap_memory|          v174|         array|
|v174_q0        |   in|   32|   ap_memory|          v174|         array|
|v174_we0       |  out|    1|   ap_memory|          v174|         array|
|v174_address1  |  out|   13|   ap_memory|          v174|         array|
|v174_ce1       |  out|    1|   ap_memory|          v174|         array|
|v174_d1        |  out|   32|   ap_memory|          v174|         array|
|v174_q1        |   in|   32|   ap_memory|          v174|         array|
|v174_we1       |  out|    1|   ap_memory|          v174|         array|
|v175_address0  |  out|    9|   ap_memory|          v175|         array|
|v175_ce0       |  out|    1|   ap_memory|          v175|         array|
|v175_d0        |  out|   32|   ap_memory|          v175|         array|
|v175_q0        |   in|   32|   ap_memory|          v175|         array|
|v175_we0       |  out|    1|   ap_memory|          v175|         array|
|v175_address1  |  out|    9|   ap_memory|          v175|         array|
|v175_ce1       |  out|    1|   ap_memory|          v175|         array|
|v175_d1        |  out|   32|   ap_memory|          v175|         array|
|v175_q1        |   in|   32|   ap_memory|          v175|         array|
|v175_we1       |  out|    1|   ap_memory|          v175|         array|
|v176_address0  |  out|   19|   ap_memory|          v176|         array|
|v176_ce0       |  out|    1|   ap_memory|          v176|         array|
|v176_d0        |  out|   32|   ap_memory|          v176|         array|
|v176_q0        |   in|   32|   ap_memory|          v176|         array|
|v176_we0       |  out|    1|   ap_memory|          v176|         array|
|v176_address1  |  out|   19|   ap_memory|          v176|         array|
|v176_ce1       |  out|    1|   ap_memory|          v176|         array|
|v176_d1        |  out|   32|   ap_memory|          v176|         array|
|v176_q1        |   in|   32|   ap_memory|          v176|         array|
|v176_we1       |  out|    1|   ap_memory|          v176|         array|
|v177_address0  |  out|    9|   ap_memory|          v177|         array|
|v177_ce0       |  out|    1|   ap_memory|          v177|         array|
|v177_d0        |  out|   32|   ap_memory|          v177|         array|
|v177_q0        |   in|   32|   ap_memory|          v177|         array|
|v177_we0       |  out|    1|   ap_memory|          v177|         array|
|v177_address1  |  out|    9|   ap_memory|          v177|         array|
|v177_ce1       |  out|    1|   ap_memory|          v177|         array|
|v177_d1        |  out|   32|   ap_memory|          v177|         array|
|v177_q1        |   in|   32|   ap_memory|          v177|         array|
|v177_we1       |  out|    1|   ap_memory|          v177|         array|
|v178_address0  |  out|   18|   ap_memory|          v178|         array|
|v178_ce0       |  out|    1|   ap_memory|          v178|         array|
|v178_d0        |  out|   32|   ap_memory|          v178|         array|
|v178_q0        |   in|   32|   ap_memory|          v178|         array|
|v178_we0       |  out|    1|   ap_memory|          v178|         array|
|v178_address1  |  out|   18|   ap_memory|          v178|         array|
|v178_ce1       |  out|    1|   ap_memory|          v178|         array|
|v178_d1        |  out|   32|   ap_memory|          v178|         array|
|v178_q1        |   in|   32|   ap_memory|          v178|         array|
|v178_we1       |  out|    1|   ap_memory|          v178|         array|
|v179_address0  |  out|    8|   ap_memory|          v179|         array|
|v179_ce0       |  out|    1|   ap_memory|          v179|         array|
|v179_d0        |  out|   32|   ap_memory|          v179|         array|
|v179_q0        |   in|   32|   ap_memory|          v179|         array|
|v179_we0       |  out|    1|   ap_memory|          v179|         array|
|v179_address1  |  out|    8|   ap_memory|          v179|         array|
|v179_ce1       |  out|    1|   ap_memory|          v179|         array|
|v179_d1        |  out|   32|   ap_memory|          v179|         array|
|v179_q1        |   in|   32|   ap_memory|          v179|         array|
|v179_we1       |  out|    1|   ap_memory|          v179|         array|
|v180_address0  |  out|   17|   ap_memory|          v180|         array|
|v180_ce0       |  out|    1|   ap_memory|          v180|         array|
|v180_d0        |  out|   32|   ap_memory|          v180|         array|
|v180_q0        |   in|   32|   ap_memory|          v180|         array|
|v180_we0       |  out|    1|   ap_memory|          v180|         array|
|v180_address1  |  out|   17|   ap_memory|          v180|         array|
|v180_ce1       |  out|    1|   ap_memory|          v180|         array|
|v180_d1        |  out|   32|   ap_memory|          v180|         array|
|v180_q1        |   in|   32|   ap_memory|          v180|         array|
|v180_we1       |  out|    1|   ap_memory|          v180|         array|
|v181_address0  |  out|    4|   ap_memory|          v181|         array|
|v181_ce0       |  out|    1|   ap_memory|          v181|         array|
|v181_d0        |  out|   32|   ap_memory|          v181|         array|
|v181_q0        |   in|   32|   ap_memory|          v181|         array|
|v181_we0       |  out|    1|   ap_memory|          v181|         array|
|v181_address1  |  out|    4|   ap_memory|          v181|         array|
|v181_ce1       |  out|    1|   ap_memory|          v181|         array|
|v181_d1        |  out|   32|   ap_memory|          v181|         array|
|v181_q1        |   in|   32|   ap_memory|          v181|         array|
|v181_we1       |  out|    1|   ap_memory|          v181|         array|
|v182_address0  |  out|   12|   ap_memory|          v182|         array|
|v182_ce0       |  out|    1|   ap_memory|          v182|         array|
|v182_d0        |  out|   32|   ap_memory|          v182|         array|
|v182_q0        |   in|   32|   ap_memory|          v182|         array|
|v182_we0       |  out|    1|   ap_memory|          v182|         array|
|v182_address1  |  out|   12|   ap_memory|          v182|         array|
|v182_ce1       |  out|    1|   ap_memory|          v182|         array|
|v182_d1        |  out|   32|   ap_memory|          v182|         array|
|v182_q1        |   in|   32|   ap_memory|          v182|         array|
|v182_we1       |  out|    1|   ap_memory|          v182|         array|
|v183_address0  |  out|    7|   ap_memory|          v183|         array|
|v183_ce0       |  out|    1|   ap_memory|          v183|         array|
|v183_d0        |  out|   32|   ap_memory|          v183|         array|
|v183_q0        |   in|   32|   ap_memory|          v183|         array|
|v183_we0       |  out|    1|   ap_memory|          v183|         array|
|v183_address1  |  out|    7|   ap_memory|          v183|         array|
|v183_ce1       |  out|    1|   ap_memory|          v183|         array|
|v183_d1        |  out|   32|   ap_memory|          v183|         array|
|v183_q1        |   in|   32|   ap_memory|          v183|         array|
|v183_we1       |  out|    1|   ap_memory|          v183|         array|
+---------------+-----+-----+------------+--------------+--------------+

