

================================================================
== Vitis HLS Report for 'node13'
================================================================
* Date:           Wed Sep 25 13:01:43 2024

* Version:        2023.2 (Build 4023990 on Oct 11 2023)
* Project:        hls_ResMLP
* Solution:       solution1 (Vivado IP Flow Target)
* Product family: virtexuplusHBM
* Target device:  xcu280-fsvh2892-2L-e


================================================================
== Performance Estimates
================================================================
+ Timing: 
    * Summary: 
    +--------+---------+----------+------------+
    |  Clock |  Target | Estimated| Uncertainty|
    +--------+---------+----------+------------+
    |ap_clk  |  3.33 ns|  2.644 ns|     0.90 ns|
    +--------+---------+----------+------------+

+ Latency: 
    * Summary: 
    +---------+---------+----------+----------+--------+--------+---------+
    |  Latency (cycles) |  Latency (absolute) |     Interval    | Pipeline|
    |   min   |   max   |    min   |    max   |   min  |   max  |   Type  |
    +---------+---------+----------+----------+--------+--------+---------+
    |   262147|   262147|  0.873 ms|  0.873 ms|  262147|  262147|       no|
    +---------+---------+----------+----------+--------+--------+---------+

    + Detail: 
        * Instance: 
        N/A

        * Loop: 
        +-----------------+---------+---------+----------+-----------+-----------+------+----------+
        |                 |  Latency (cycles) | Iteration|  Initiation Interval  | Trip |          |
        |    Loop Name    |   min   |   max   |  Latency |  achieved |   target  | Count| Pipelined|
        +-----------------+---------+---------+----------+-----------+-----------+------+----------+
        |- loop60_loop61  |   262145|   262145|        66|         64|          1|  4096|       yes|
        +-----------------+---------+---------+----------+-----------+-----------+------+----------+



================================================================
== Utilization Estimates
================================================================
* Summary: 
+---------------------+---------+------+---------+---------+-----+
|         Name        | BRAM_18K|  DSP |    FF   |   LUT   | URAM|
+---------------------+---------+------+---------+---------+-----+
|DSP                  |        -|     -|        -|        -|    -|
|Expression           |        -|     -|        0|      312|    -|
|FIFO                 |        -|     -|        -|        -|    -|
|Instance             |        -|     -|        -|        -|    -|
|Memory               |        -|     -|        -|        -|    -|
|Multiplexer          |        -|     -|        -|     2079|    -|
|Register             |        -|     -|     4339|        -|    -|
+---------------------+---------+------+---------+---------+-----+
|Total                |        0|     0|     4339|     2391|    0|
+---------------------+---------+------+---------+---------+-----+
|Available SLR        |     1344|  3008|   869120|   434560|  320|
+---------------------+---------+------+---------+---------+-----+
|Utilization SLR (%)  |        0|     0|       ~0|       ~0|    0|
+---------------------+---------+------+---------+---------+-----+
|Available            |     4032|  9024|  2607360|  1303680|  960|
+---------------------+---------+------+---------+---------+-----+
|Utilization (%)      |        0|     0|       ~0|       ~0|    0|
+---------------------+---------+------+---------+---------+-----+

+ Detail: 
    * Instance: 
    N/A

    * DSP: 
    N/A

    * Memory: 
    N/A

    * FIFO: 
    N/A

    * Expression: 
    +-----------------------------------+----------+----+---+----+------------+------------+
    |           Variable Name           | Operation| DSP| FF| LUT| Bitwidth P0| Bitwidth P1|
    +-----------------------------------+----------+----+---+----+------------+------------+
    |add_ln398_1_fu_2327_p2             |         +|   0|  0|  20|          13|           1|
    |add_ln398_fu_2339_p2               |         +|   0|  0|  15|           8|           1|
    |add_ln399_fu_2421_p2               |         +|   0|  0|  13|           6|           1|
    |ap_block_pp0_stage0_11001          |       and|   0|  0|   2|           1|           1|
    |ap_block_pp0_stage1_01001          |       and|   0|  0|   2|           1|           1|
    |ap_condition_2881                  |       and|   0|  0|   2|           1|           1|
    |icmp_ln398_fu_2321_p2              |      icmp|   0|  0|  21|          13|          14|
    |icmp_ln399_fu_2345_p2              |      icmp|   0|  0|  14|           6|           7|
    |ap_block_state66_pp0_stage1_iter1  |        or|   0|  0|   2|           1|           1|
    |empty_61_fu_2715_p2                |        or|   0|  0|  10|          10|           1|
    |empty_62_fu_2901_p2                |        or|   0|  0|  10|          10|           2|
    |empty_63_fu_3086_p2                |        or|   0|  0|  10|          10|           2|
    |empty_64_fu_3271_p2                |        or|   0|  0|  10|          10|           3|
    |empty_65_fu_3456_p2                |        or|   0|  0|  10|          10|           3|
    |empty_66_fu_3641_p2                |        or|   0|  0|  10|          10|           3|
    |empty_67_fu_3826_p2                |        or|   0|  0|  10|          10|           3|
    |or_ln404_10_fu_2613_p2             |        or|   0|  0|   9|           9|           4|
    |or_ln404_11_fu_2632_p2             |        or|   0|  0|   9|           9|           4|
    |or_ln404_12_fu_2651_p2             |        or|   0|  0|   9|           9|           4|
    |or_ln404_13_fu_2670_p2             |        or|   0|  0|   9|           9|           4|
    |or_ln404_14_fu_2689_p2             |        or|   0|  0|   9|           9|           4|
    |or_ln404_1_fu_2442_p2              |        or|   0|  0|   9|           9|           2|
    |or_ln404_2_fu_2461_p2              |        or|   0|  0|   9|           9|           2|
    |or_ln404_3_fu_2480_p2              |        or|   0|  0|   9|           9|           3|
    |or_ln404_4_fu_2499_p2              |        or|   0|  0|   9|           9|           3|
    |or_ln404_5_fu_2518_p2              |        or|   0|  0|   9|           9|           3|
    |or_ln404_6_fu_2537_p2              |        or|   0|  0|   9|           9|           3|
    |or_ln404_7_fu_2556_p2              |        or|   0|  0|   9|           9|           4|
    |or_ln404_8_fu_2575_p2              |        or|   0|  0|   9|           9|           4|
    |or_ln404_9_fu_2594_p2              |        or|   0|  0|   9|           9|           4|
    |or_ln404_fu_2400_p2                |        or|   0|  0|   9|           9|           1|
    |select_ln398_1_fu_2359_p3          |    select|   0|  0|   8|           1|           8|
    |select_ln398_fu_2351_p3            |    select|   0|  0|   6|           1|           1|
    |ap_enable_pp0                      |       xor|   0|  0|   2|           1|           2|
    +-----------------------------------+----------+----+---+----+------------+------------+
    |Total                              |          |   0|  0| 312|         258|         105|
    +-----------------------------------+----------+----+---+----+------------+------------+

    * Multiplexer: 
    +--------------------------------------+-----+-----------+-----+-----------+
    |                 Name                 | LUT | Input Size| Bits| Total Bits|
    +--------------------------------------+-----+-----------+-----+-----------+
    |ap_NS_fsm                             |  279|         65|    1|         65|
    |ap_done_int                           |    9|          2|    1|          2|
    |ap_enable_reg_pp0_iter0               |    9|          2|    1|          2|
    |ap_enable_reg_pp0_iter0_reg           |    9|          2|    1|          2|
    |ap_enable_reg_pp0_iter1               |    9|          2|    1|          2|
    |ap_sig_allocacmp_indvar_flatten_load  |    9|          2|   13|         26|
    |ap_sig_allocacmp_v169_load            |    9|          2|    8|         16|
    |ap_sig_allocacmp_v170_load            |    9|          2|    6|         12|
    |indvar_flatten_fu_370                 |    9|          2|   13|         26|
    |v169_fu_366                           |    9|          2|    8|         16|
    |v170_fu_362                           |    9|          2|    6|         12|
    |v176_address0                         |  279|         65|   19|       1235|
    |v176_address1                         |  279|         65|   19|       1235|
    |v197_0_0_blk_n                        |    9|          2|    1|          2|
    |v197_0_10_blk_n                       |    9|          2|    1|          2|
    |v197_0_11_blk_n                       |    9|          2|    1|          2|
    |v197_0_12_blk_n                       |    9|          2|    1|          2|
    |v197_0_13_blk_n                       |    9|          2|    1|          2|
    |v197_0_14_blk_n                       |    9|          2|    1|          2|
    |v197_0_15_blk_n                       |    9|          2|    1|          2|
    |v197_0_1_blk_n                        |    9|          2|    1|          2|
    |v197_0_2_blk_n                        |    9|          2|    1|          2|
    |v197_0_3_blk_n                        |    9|          2|    1|          2|
    |v197_0_4_blk_n                        |    9|          2|    1|          2|
    |v197_0_5_blk_n                        |    9|          2|    1|          2|
    |v197_0_6_blk_n                        |    9|          2|    1|          2|
    |v197_0_7_blk_n                        |    9|          2|    1|          2|
    |v197_0_8_blk_n                        |    9|          2|    1|          2|
    |v197_0_9_blk_n                        |    9|          2|    1|          2|
    |v197_1_0_blk_n                        |    9|          2|    1|          2|
    |v197_1_10_blk_n                       |    9|          2|    1|          2|
    |v197_1_11_blk_n                       |    9|          2|    1|          2|
    |v197_1_12_blk_n                       |    9|          2|    1|          2|
    |v197_1_13_blk_n                       |    9|          2|    1|          2|
    |v197_1_14_blk_n                       |    9|          2|    1|          2|
    |v197_1_15_blk_n                       |    9|          2|    1|          2|
    |v197_1_1_blk_n                        |    9|          2|    1|          2|
    |v197_1_2_blk_n                        |    9|          2|    1|          2|
    |v197_1_3_blk_n                        |    9|          2|    1|          2|
    |v197_1_4_blk_n                        |    9|          2|    1|          2|
    |v197_1_5_blk_n                        |    9|          2|    1|          2|
    |v197_1_6_blk_n                        |    9|          2|    1|          2|
    |v197_1_7_blk_n                        |    9|          2|    1|          2|
    |v197_1_8_blk_n                        |    9|          2|    1|          2|
    |v197_1_9_blk_n                        |    9|          2|    1|          2|
    |v197_2_0_blk_n                        |    9|          2|    1|          2|
    |v197_2_10_blk_n                       |    9|          2|    1|          2|
    |v197_2_11_blk_n                       |    9|          2|    1|          2|
    |v197_2_12_blk_n                       |    9|          2|    1|          2|
    |v197_2_13_blk_n                       |    9|          2|    1|          2|
    |v197_2_14_blk_n                       |    9|          2|    1|          2|
    |v197_2_15_blk_n                       |    9|          2|    1|          2|
    |v197_2_1_blk_n                        |    9|          2|    1|          2|
    |v197_2_2_blk_n                        |    9|          2|    1|          2|
    |v197_2_3_blk_n                        |    9|          2|    1|          2|
    |v197_2_4_blk_n                        |    9|          2|    1|          2|
    |v197_2_5_blk_n                        |    9|          2|    1|          2|
    |v197_2_6_blk_n                        |    9|          2|    1|          2|
    |v197_2_7_blk_n                        |    9|          2|    1|          2|
    |v197_2_8_blk_n                        |    9|          2|    1|          2|
    |v197_2_9_blk_n                        |    9|          2|    1|          2|
    |v197_3_0_blk_n                        |    9|          2|    1|          2|
    |v197_3_10_blk_n                       |    9|          2|    1|          2|
    |v197_3_11_blk_n                       |    9|          2|    1|          2|
    |v197_3_12_blk_n                       |    9|          2|    1|          2|
    |v197_3_13_blk_n                       |    9|          2|    1|          2|
    |v197_3_14_blk_n                       |    9|          2|    1|          2|
    |v197_3_15_blk_n                       |    9|          2|    1|          2|
    |v197_3_1_blk_n                        |    9|          2|    1|          2|
    |v197_3_2_blk_n                        |    9|          2|    1|          2|
    |v197_3_3_blk_n                        |    9|          2|    1|          2|
    |v197_3_4_blk_n                        |    9|          2|    1|          2|
    |v197_3_5_blk_n                        |    9|          2|    1|          2|
    |v197_3_6_blk_n                        |    9|          2|    1|          2|
    |v197_3_7_blk_n                        |    9|          2|    1|          2|
    |v197_3_8_blk_n                        |    9|          2|    1|          2|
    |v197_3_9_blk_n                        |    9|          2|    1|          2|
    |v197_4_0_blk_n                        |    9|          2|    1|          2|
    |v197_4_10_blk_n                       |    9|          2|    1|          2|
    |v197_4_11_blk_n                       |    9|          2|    1|          2|
    |v197_4_12_blk_n                       |    9|          2|    1|          2|
    |v197_4_13_blk_n                       |    9|          2|    1|          2|
    |v197_4_14_blk_n                       |    9|          2|    1|          2|
    |v197_4_15_blk_n                       |    9|          2|    1|          2|
    |v197_4_1_blk_n                        |    9|          2|    1|          2|
    |v197_4_2_blk_n                        |    9|          2|    1|          2|
    |v197_4_3_blk_n                        |    9|          2|    1|          2|
    |v197_4_4_blk_n                        |    9|          2|    1|          2|
    |v197_4_5_blk_n                        |    9|          2|    1|          2|
    |v197_4_6_blk_n                        |    9|          2|    1|          2|
    |v197_4_7_blk_n                        |    9|          2|    1|          2|
    |v197_4_8_blk_n                        |    9|          2|    1|          2|
    |v197_4_9_blk_n                        |    9|          2|    1|          2|
    |v197_5_0_blk_n                        |    9|          2|    1|          2|
    |v197_5_10_blk_n                       |    9|          2|    1|          2|
    |v197_5_11_blk_n                       |    9|          2|    1|          2|
    |v197_5_12_blk_n                       |    9|          2|    1|          2|
    |v197_5_13_blk_n                       |    9|          2|    1|          2|
    |v197_5_14_blk_n                       |    9|          2|    1|          2|
    |v197_5_15_blk_n                       |    9|          2|    1|          2|
    |v197_5_1_blk_n                        |    9|          2|    1|          2|
    |v197_5_2_blk_n                        |    9|          2|    1|          2|
    |v197_5_3_blk_n                        |    9|          2|    1|          2|
    |v197_5_4_blk_n                        |    9|          2|    1|          2|
    |v197_5_5_blk_n                        |    9|          2|    1|          2|
    |v197_5_6_blk_n                        |    9|          2|    1|          2|
    |v197_5_7_blk_n                        |    9|          2|    1|          2|
    |v197_5_8_blk_n                        |    9|          2|    1|          2|
    |v197_5_9_blk_n                        |    9|          2|    1|          2|
    |v197_6_0_blk_n                        |    9|          2|    1|          2|
    |v197_6_10_blk_n                       |    9|          2|    1|          2|
    |v197_6_11_blk_n                       |    9|          2|    1|          2|
    |v197_6_12_blk_n                       |    9|          2|    1|          2|
    |v197_6_13_blk_n                       |    9|          2|    1|          2|
    |v197_6_14_blk_n                       |    9|          2|    1|          2|
    |v197_6_15_blk_n                       |    9|          2|    1|          2|
    |v197_6_1_blk_n                        |    9|          2|    1|          2|
    |v197_6_2_blk_n                        |    9|          2|    1|          2|
    |v197_6_3_blk_n                        |    9|          2|    1|          2|
    |v197_6_4_blk_n                        |    9|          2|    1|          2|
    |v197_6_5_blk_n                        |    9|          2|    1|          2|
    |v197_6_6_blk_n                        |    9|          2|    1|          2|
    |v197_6_7_blk_n                        |    9|          2|    1|          2|
    |v197_6_8_blk_n                        |    9|          2|    1|          2|
    |v197_6_9_blk_n                        |    9|          2|    1|          2|
    |v197_7_0_blk_n                        |    9|          2|    1|          2|
    |v197_7_10_blk_n                       |    9|          2|    1|          2|
    |v197_7_11_blk_n                       |    9|          2|    1|          2|
    |v197_7_12_blk_n                       |    9|          2|    1|          2|
    |v197_7_13_blk_n                       |    9|          2|    1|          2|
    |v197_7_14_blk_n                       |    9|          2|    1|          2|
    |v197_7_15_blk_n                       |    9|          2|    1|          2|
    |v197_7_1_blk_n                        |    9|          2|    1|          2|
    |v197_7_2_blk_n                        |    9|          2|    1|          2|
    |v197_7_3_blk_n                        |    9|          2|    1|          2|
    |v197_7_4_blk_n                        |    9|          2|    1|          2|
    |v197_7_5_blk_n                        |    9|          2|    1|          2|
    |v197_7_6_blk_n                        |    9|          2|    1|          2|
    |v197_7_7_blk_n                        |    9|          2|    1|          2|
    |v197_7_8_blk_n                        |    9|          2|    1|          2|
    |v197_7_9_blk_n                        |    9|          2|    1|          2|
    +--------------------------------------+-----+-----------+-----+-----------+
    |Total                                 | 2079|        471|  225|       2907|
    +--------------------------------------+-----+-----------+-----+-----------+

    * Register: 
    +-----------------------------+----+----+-----+-----------+
    |             Name            | FF | LUT| Bits| Const Bits|
    +-----------------------------+----+----+-----+-----------+
    |ap_CS_fsm                    |  64|   0|   64|          0|
    |ap_done_reg                  |   1|   0|    1|          0|
    |ap_enable_reg_pp0_iter0_reg  |   1|   0|    1|          0|
    |ap_enable_reg_pp0_iter1      |   1|   0|    1|          0|
    |empty_61_reg_4409            |   7|   0|   10|          3|
    |empty_62_reg_4587            |   7|   0|   10|          3|
    |empty_63_reg_4765            |   7|   0|   10|          3|
    |empty_64_reg_4943            |   7|   0|   10|          3|
    |empty_65_reg_5121            |   7|   0|   10|          3|
    |empty_66_reg_5299            |   7|   0|   10|          3|
    |empty_67_reg_5477            |   7|   0|   10|          3|
    |empty_68_reg_4055            |   5|   0|    5|          0|
    |empty_reg_4036               |   7|   0|    7|          0|
    |icmp_ln398_reg_4032          |   1|   0|    1|          0|
    |indvar_flatten_fu_370        |  13|   0|   13|          0|
    |or_ln404_10_reg_4299         |   5|   0|    9|          4|
    |or_ln404_11_reg_4325         |   5|   0|    9|          4|
    |or_ln404_12_reg_4341         |   5|   0|    9|          4|
    |or_ln404_13_reg_4367         |   5|   0|    9|          4|
    |or_ln404_14_reg_4383         |   5|   0|    9|          4|
    |or_ln404_1_reg_4115          |   5|   0|    9|          4|
    |or_ln404_2_reg_4131          |   5|   0|    9|          4|
    |or_ln404_3_reg_4157          |   5|   0|    9|          4|
    |or_ln404_4_reg_4173          |   5|   0|    9|          4|
    |or_ln404_5_reg_4199          |   5|   0|    9|          4|
    |or_ln404_6_reg_4215          |   5|   0|    9|          4|
    |or_ln404_7_reg_4241          |   5|   0|    9|          4|
    |or_ln404_8_reg_4257          |   5|   0|    9|          4|
    |or_ln404_9_reg_4283          |   5|   0|    9|          4|
    |or_ln404_reg_4089            |   5|   0|    9|          4|
    |tmp_338_reg_4066             |   5|   0|    9|          4|
    |tmp_s_reg_4399               |   7|   0|   10|          3|
    |v169_fu_366                  |   8|   0|    8|          0|
    |v170_fu_362                  |   6|   0|    6|          0|
    |v173_100_reg_5387            |  32|   0|   32|          0|
    |v173_101_reg_5392            |  32|   0|   32|          0|
    |v173_102_reg_5407            |  32|   0|   32|          0|
    |v173_103_reg_5412            |  32|   0|   32|          0|
    |v173_104_reg_5427            |  32|   0|   32|          0|
    |v173_105_reg_5432            |  32|   0|   32|          0|
    |v173_106_reg_5447            |  32|   0|   32|          0|
    |v173_107_reg_5452            |  32|   0|   32|          0|
    |v173_108_reg_5467            |  32|   0|   32|          0|
    |v173_109_reg_5472            |  32|   0|   32|          0|
    |v173_10_reg_4315             |  32|   0|   32|          0|
    |v173_110_reg_5505            |  32|   0|   32|          0|
    |v173_111_reg_5510            |  32|   0|   32|          0|
    |v173_112_reg_5525            |  32|   0|   32|          0|
    |v173_113_reg_5530            |  32|   0|   32|          0|
    |v173_114_reg_5545            |  32|   0|   32|          0|
    |v173_115_reg_5550            |  32|   0|   32|          0|
    |v173_116_reg_5565            |  32|   0|   32|          0|
    |v173_117_reg_5570            |  32|   0|   32|          0|
    |v173_118_reg_5585            |  32|   0|   32|          0|
    |v173_119_reg_5590            |  32|   0|   32|          0|
    |v173_11_reg_4320             |  32|   0|   32|          0|
    |v173_120_reg_5605            |  32|   0|   32|          0|
    |v173_121_reg_5610            |  32|   0|   32|          0|
    |v173_122_reg_5625            |  32|   0|   32|          0|
    |v173_123_reg_5630            |  32|   0|   32|          0|
    |v173_124_reg_5645            |  32|   0|   32|          0|
    |v173_125_reg_5650            |  32|   0|   32|          0|
    |v173_126_reg_5655            |  32|   0|   32|          0|
    |v173_127_reg_5660            |  32|   0|   32|          0|
    |v173_12_reg_4357             |  32|   0|   32|          0|
    |v173_13_reg_4362             |  32|   0|   32|          0|
    |v173_14_reg_4437             |  32|   0|   32|          0|
    |v173_15_reg_4442             |  32|   0|   32|          0|
    |v173_16_reg_4457             |  32|   0|   32|          0|
    |v173_17_reg_4462             |  32|   0|   32|          0|
    |v173_18_reg_4477             |  32|   0|   32|          0|
    |v173_19_reg_4482             |  32|   0|   32|          0|
    |v173_1_reg_4110              |  32|   0|   32|          0|
    |v173_20_reg_4497             |  32|   0|   32|          0|
    |v173_21_reg_4502             |  32|   0|   32|          0|
    |v173_22_reg_4517             |  32|   0|   32|          0|
    |v173_23_reg_4522             |  32|   0|   32|          0|
    |v173_24_reg_4537             |  32|   0|   32|          0|
    |v173_25_reg_4542             |  32|   0|   32|          0|
    |v173_26_reg_4557             |  32|   0|   32|          0|
    |v173_27_reg_4562             |  32|   0|   32|          0|
    |v173_28_reg_4577             |  32|   0|   32|          0|
    |v173_29_reg_4582             |  32|   0|   32|          0|
    |v173_2_reg_4147              |  32|   0|   32|          0|
    |v173_30_reg_4615             |  32|   0|   32|          0|
    |v173_31_reg_4620             |  32|   0|   32|          0|
    |v173_32_reg_4635             |  32|   0|   32|          0|
    |v173_33_reg_4640             |  32|   0|   32|          0|
    |v173_34_reg_4655             |  32|   0|   32|          0|
    |v173_35_reg_4660             |  32|   0|   32|          0|
    |v173_36_reg_4675             |  32|   0|   32|          0|
    |v173_37_reg_4680             |  32|   0|   32|          0|
    |v173_38_reg_4695             |  32|   0|   32|          0|
    |v173_39_reg_4700             |  32|   0|   32|          0|
    |v173_3_reg_4152              |  32|   0|   32|          0|
    |v173_40_reg_4715             |  32|   0|   32|          0|
    |v173_41_reg_4720             |  32|   0|   32|          0|
    |v173_42_reg_4735             |  32|   0|   32|          0|
    |v173_43_reg_4740             |  32|   0|   32|          0|
    |v173_44_reg_4755             |  32|   0|   32|          0|
    |v173_45_reg_4760             |  32|   0|   32|          0|
    |v173_46_reg_4793             |  32|   0|   32|          0|
    |v173_47_reg_4798             |  32|   0|   32|          0|
    |v173_48_reg_4813             |  32|   0|   32|          0|
    |v173_49_reg_4818             |  32|   0|   32|          0|
    |v173_4_reg_4189              |  32|   0|   32|          0|
    |v173_50_reg_4833             |  32|   0|   32|          0|
    |v173_51_reg_4838             |  32|   0|   32|          0|
    |v173_52_reg_4853             |  32|   0|   32|          0|
    |v173_53_reg_4858             |  32|   0|   32|          0|
    |v173_54_reg_4873             |  32|   0|   32|          0|
    |v173_55_reg_4878             |  32|   0|   32|          0|
    |v173_56_reg_4893             |  32|   0|   32|          0|
    |v173_57_reg_4898             |  32|   0|   32|          0|
    |v173_58_reg_4913             |  32|   0|   32|          0|
    |v173_59_reg_4918             |  32|   0|   32|          0|
    |v173_5_reg_4194              |  32|   0|   32|          0|
    |v173_60_reg_4933             |  32|   0|   32|          0|
    |v173_61_reg_4938             |  32|   0|   32|          0|
    |v173_62_reg_4971             |  32|   0|   32|          0|
    |v173_63_reg_4976             |  32|   0|   32|          0|
    |v173_64_reg_4991             |  32|   0|   32|          0|
    |v173_65_reg_4996             |  32|   0|   32|          0|
    |v173_66_reg_5011             |  32|   0|   32|          0|
    |v173_67_reg_5016             |  32|   0|   32|          0|
    |v173_68_reg_5031             |  32|   0|   32|          0|
    |v173_69_reg_5036             |  32|   0|   32|          0|
    |v173_6_reg_4231              |  32|   0|   32|          0|
    |v173_70_reg_5051             |  32|   0|   32|          0|
    |v173_71_reg_5056             |  32|   0|   32|          0|
    |v173_72_reg_5071             |  32|   0|   32|          0|
    |v173_73_reg_5076             |  32|   0|   32|          0|
    |v173_74_reg_5091             |  32|   0|   32|          0|
    |v173_75_reg_5096             |  32|   0|   32|          0|
    |v173_76_reg_5111             |  32|   0|   32|          0|
    |v173_77_reg_5116             |  32|   0|   32|          0|
    |v173_78_reg_5149             |  32|   0|   32|          0|
    |v173_79_reg_5154             |  32|   0|   32|          0|
    |v173_7_reg_4236              |  32|   0|   32|          0|
    |v173_80_reg_5169             |  32|   0|   32|          0|
    |v173_81_reg_5174             |  32|   0|   32|          0|
    |v173_82_reg_5189             |  32|   0|   32|          0|
    |v173_83_reg_5194             |  32|   0|   32|          0|
    |v173_84_reg_5209             |  32|   0|   32|          0|
    |v173_85_reg_5214             |  32|   0|   32|          0|
    |v173_86_reg_5229             |  32|   0|   32|          0|
    |v173_87_reg_5234             |  32|   0|   32|          0|
    |v173_88_reg_5249             |  32|   0|   32|          0|
    |v173_89_reg_5254             |  32|   0|   32|          0|
    |v173_8_reg_4273              |  32|   0|   32|          0|
    |v173_90_reg_5269             |  32|   0|   32|          0|
    |v173_91_reg_5274             |  32|   0|   32|          0|
    |v173_92_reg_5289             |  32|   0|   32|          0|
    |v173_93_reg_5294             |  32|   0|   32|          0|
    |v173_94_reg_5327             |  32|   0|   32|          0|
    |v173_95_reg_5332             |  32|   0|   32|          0|
    |v173_96_reg_5347             |  32|   0|   32|          0|
    |v173_97_reg_5352             |  32|   0|   32|          0|
    |v173_98_reg_5367             |  32|   0|   32|          0|
    |v173_99_reg_5372             |  32|   0|   32|          0|
    |v173_9_reg_4278              |  32|   0|   32|          0|
    |v173_reg_4105                |  32|   0|   32|          0|
    +-----------------------------+----+----+-----+-----------+
    |Total                        |4339|   0| 4427|         88|
    +-----------------------------+----+----+-----+-----------+



================================================================
== Interface
================================================================
* Summary: 
+--------------------------+-----+-----+------------+--------------+--------------+
|         RTL Ports        | Dir | Bits|  Protocol  | Source Object|    C Type    |
+--------------------------+-----+-----+------------+--------------+--------------+
|ap_clk                    |   in|    1|  ap_ctrl_hs|        node13|  return value|
|ap_rst                    |   in|    1|  ap_ctrl_hs|        node13|  return value|
|ap_start                  |   in|    1|  ap_ctrl_hs|        node13|  return value|
|ap_done                   |  out|    1|  ap_ctrl_hs|        node13|  return value|
|ap_continue               |   in|    1|  ap_ctrl_hs|        node13|  return value|
|ap_idle                   |  out|    1|  ap_ctrl_hs|        node13|  return value|
|ap_ready                  |  out|    1|  ap_ctrl_hs|        node13|  return value|
|v197_0_0_din              |  out|   32|     ap_fifo|      v197_0_0|       pointer|
|v197_0_0_num_data_valid   |   in|   13|     ap_fifo|      v197_0_0|       pointer|
|v197_0_0_fifo_cap         |   in|   13|     ap_fifo|      v197_0_0|       pointer|
|v197_0_0_full_n           |   in|    1|     ap_fifo|      v197_0_0|       pointer|
|v197_0_0_write            |  out|    1|     ap_fifo|      v197_0_0|       pointer|
|v197_0_1_din              |  out|   32|     ap_fifo|      v197_0_1|       pointer|
|v197_0_1_num_data_valid   |   in|   13|     ap_fifo|      v197_0_1|       pointer|
|v197_0_1_fifo_cap         |   in|   13|     ap_fifo|      v197_0_1|       pointer|
|v197_0_1_full_n           |   in|    1|     ap_fifo|      v197_0_1|       pointer|
|v197_0_1_write            |  out|    1|     ap_fifo|      v197_0_1|       pointer|
|v197_0_2_din              |  out|   32|     ap_fifo|      v197_0_2|       pointer|
|v197_0_2_num_data_valid   |   in|   13|     ap_fifo|      v197_0_2|       pointer|
|v197_0_2_fifo_cap         |   in|   13|     ap_fifo|      v197_0_2|       pointer|
|v197_0_2_full_n           |   in|    1|     ap_fifo|      v197_0_2|       pointer|
|v197_0_2_write            |  out|    1|     ap_fifo|      v197_0_2|       pointer|
|v197_0_3_din              |  out|   32|     ap_fifo|      v197_0_3|       pointer|
|v197_0_3_num_data_valid   |   in|   13|     ap_fifo|      v197_0_3|       pointer|
|v197_0_3_fifo_cap         |   in|   13|     ap_fifo|      v197_0_3|       pointer|
|v197_0_3_full_n           |   in|    1|     ap_fifo|      v197_0_3|       pointer|
|v197_0_3_write            |  out|    1|     ap_fifo|      v197_0_3|       pointer|
|v197_0_4_din              |  out|   32|     ap_fifo|      v197_0_4|       pointer|
|v197_0_4_num_data_valid   |   in|   13|     ap_fifo|      v197_0_4|       pointer|
|v197_0_4_fifo_cap         |   in|   13|     ap_fifo|      v197_0_4|       pointer|
|v197_0_4_full_n           |   in|    1|     ap_fifo|      v197_0_4|       pointer|
|v197_0_4_write            |  out|    1|     ap_fifo|      v197_0_4|       pointer|
|v197_0_5_din              |  out|   32|     ap_fifo|      v197_0_5|       pointer|
|v197_0_5_num_data_valid   |   in|   13|     ap_fifo|      v197_0_5|       pointer|
|v197_0_5_fifo_cap         |   in|   13|     ap_fifo|      v197_0_5|       pointer|
|v197_0_5_full_n           |   in|    1|     ap_fifo|      v197_0_5|       pointer|
|v197_0_5_write            |  out|    1|     ap_fifo|      v197_0_5|       pointer|
|v197_0_6_din              |  out|   32|     ap_fifo|      v197_0_6|       pointer|
|v197_0_6_num_data_valid   |   in|   13|     ap_fifo|      v197_0_6|       pointer|
|v197_0_6_fifo_cap         |   in|   13|     ap_fifo|      v197_0_6|       pointer|
|v197_0_6_full_n           |   in|    1|     ap_fifo|      v197_0_6|       pointer|
|v197_0_6_write            |  out|    1|     ap_fifo|      v197_0_6|       pointer|
|v197_0_7_din              |  out|   32|     ap_fifo|      v197_0_7|       pointer|
|v197_0_7_num_data_valid   |   in|   13|     ap_fifo|      v197_0_7|       pointer|
|v197_0_7_fifo_cap         |   in|   13|     ap_fifo|      v197_0_7|       pointer|
|v197_0_7_full_n           |   in|    1|     ap_fifo|      v197_0_7|       pointer|
|v197_0_7_write            |  out|    1|     ap_fifo|      v197_0_7|       pointer|
|v197_0_8_din              |  out|   32|     ap_fifo|      v197_0_8|       pointer|
|v197_0_8_num_data_valid   |   in|   13|     ap_fifo|      v197_0_8|       pointer|
|v197_0_8_fifo_cap         |   in|   13|     ap_fifo|      v197_0_8|       pointer|
|v197_0_8_full_n           |   in|    1|     ap_fifo|      v197_0_8|       pointer|
|v197_0_8_write            |  out|    1|     ap_fifo|      v197_0_8|       pointer|
|v197_0_9_din              |  out|   32|     ap_fifo|      v197_0_9|       pointer|
|v197_0_9_num_data_valid   |   in|   13|     ap_fifo|      v197_0_9|       pointer|
|v197_0_9_fifo_cap         |   in|   13|     ap_fifo|      v197_0_9|       pointer|
|v197_0_9_full_n           |   in|    1|     ap_fifo|      v197_0_9|       pointer|
|v197_0_9_write            |  out|    1|     ap_fifo|      v197_0_9|       pointer|
|v197_0_10_din             |  out|   32|     ap_fifo|     v197_0_10|       pointer|
|v197_0_10_num_data_valid  |   in|   13|     ap_fifo|     v197_0_10|       pointer|
|v197_0_10_fifo_cap        |   in|   13|     ap_fifo|     v197_0_10|       pointer|
|v197_0_10_full_n          |   in|    1|     ap_fifo|     v197_0_10|       pointer|
|v197_0_10_write           |  out|    1|     ap_fifo|     v197_0_10|       pointer|
|v197_0_11_din             |  out|   32|     ap_fifo|     v197_0_11|       pointer|
|v197_0_11_num_data_valid  |   in|   13|     ap_fifo|     v197_0_11|       pointer|
|v197_0_11_fifo_cap        |   in|   13|     ap_fifo|     v197_0_11|       pointer|
|v197_0_11_full_n          |   in|    1|     ap_fifo|     v197_0_11|       pointer|
|v197_0_11_write           |  out|    1|     ap_fifo|     v197_0_11|       pointer|
|v197_0_12_din             |  out|   32|     ap_fifo|     v197_0_12|       pointer|
|v197_0_12_num_data_valid  |   in|   13|     ap_fifo|     v197_0_12|       pointer|
|v197_0_12_fifo_cap        |   in|   13|     ap_fifo|     v197_0_12|       pointer|
|v197_0_12_full_n          |   in|    1|     ap_fifo|     v197_0_12|       pointer|
|v197_0_12_write           |  out|    1|     ap_fifo|     v197_0_12|       pointer|
|v197_0_13_din             |  out|   32|     ap_fifo|     v197_0_13|       pointer|
|v197_0_13_num_data_valid  |   in|   13|     ap_fifo|     v197_0_13|       pointer|
|v197_0_13_fifo_cap        |   in|   13|     ap_fifo|     v197_0_13|       pointer|
|v197_0_13_full_n          |   in|    1|     ap_fifo|     v197_0_13|       pointer|
|v197_0_13_write           |  out|    1|     ap_fifo|     v197_0_13|       pointer|
|v197_0_14_din             |  out|   32|     ap_fifo|     v197_0_14|       pointer|
|v197_0_14_num_data_valid  |   in|   13|     ap_fifo|     v197_0_14|       pointer|
|v197_0_14_fifo_cap        |   in|   13|     ap_fifo|     v197_0_14|       pointer|
|v197_0_14_full_n          |   in|    1|     ap_fifo|     v197_0_14|       pointer|
|v197_0_14_write           |  out|    1|     ap_fifo|     v197_0_14|       pointer|
|v197_0_15_din             |  out|   32|     ap_fifo|     v197_0_15|       pointer|
|v197_0_15_num_data_valid  |   in|   13|     ap_fifo|     v197_0_15|       pointer|
|v197_0_15_fifo_cap        |   in|   13|     ap_fifo|     v197_0_15|       pointer|
|v197_0_15_full_n          |   in|    1|     ap_fifo|     v197_0_15|       pointer|
|v197_0_15_write           |  out|    1|     ap_fifo|     v197_0_15|       pointer|
|v197_1_0_din              |  out|   32|     ap_fifo|      v197_1_0|       pointer|
|v197_1_0_num_data_valid   |   in|   13|     ap_fifo|      v197_1_0|       pointer|
|v197_1_0_fifo_cap         |   in|   13|     ap_fifo|      v197_1_0|       pointer|
|v197_1_0_full_n           |   in|    1|     ap_fifo|      v197_1_0|       pointer|
|v197_1_0_write            |  out|    1|     ap_fifo|      v197_1_0|       pointer|
|v197_1_1_din              |  out|   32|     ap_fifo|      v197_1_1|       pointer|
|v197_1_1_num_data_valid   |   in|   13|     ap_fifo|      v197_1_1|       pointer|
|v197_1_1_fifo_cap         |   in|   13|     ap_fifo|      v197_1_1|       pointer|
|v197_1_1_full_n           |   in|    1|     ap_fifo|      v197_1_1|       pointer|
|v197_1_1_write            |  out|    1|     ap_fifo|      v197_1_1|       pointer|
|v197_1_2_din              |  out|   32|     ap_fifo|      v197_1_2|       pointer|
|v197_1_2_num_data_valid   |   in|   13|     ap_fifo|      v197_1_2|       pointer|
|v197_1_2_fifo_cap         |   in|   13|     ap_fifo|      v197_1_2|       pointer|
|v197_1_2_full_n           |   in|    1|     ap_fifo|      v197_1_2|       pointer|
|v197_1_2_write            |  out|    1|     ap_fifo|      v197_1_2|       pointer|
|v197_1_3_din              |  out|   32|     ap_fifo|      v197_1_3|       pointer|
|v197_1_3_num_data_valid   |   in|   13|     ap_fifo|      v197_1_3|       pointer|
|v197_1_3_fifo_cap         |   in|   13|     ap_fifo|      v197_1_3|       pointer|
|v197_1_3_full_n           |   in|    1|     ap_fifo|      v197_1_3|       pointer|
|v197_1_3_write            |  out|    1|     ap_fifo|      v197_1_3|       pointer|
|v197_1_4_din              |  out|   32|     ap_fifo|      v197_1_4|       pointer|
|v197_1_4_num_data_valid   |   in|   13|     ap_fifo|      v197_1_4|       pointer|
|v197_1_4_fifo_cap         |   in|   13|     ap_fifo|      v197_1_4|       pointer|
|v197_1_4_full_n           |   in|    1|     ap_fifo|      v197_1_4|       pointer|
|v197_1_4_write            |  out|    1|     ap_fifo|      v197_1_4|       pointer|
|v197_1_5_din              |  out|   32|     ap_fifo|      v197_1_5|       pointer|
|v197_1_5_num_data_valid   |   in|   13|     ap_fifo|      v197_1_5|       pointer|
|v197_1_5_fifo_cap         |   in|   13|     ap_fifo|      v197_1_5|       pointer|
|v197_1_5_full_n           |   in|    1|     ap_fifo|      v197_1_5|       pointer|
|v197_1_5_write            |  out|    1|     ap_fifo|      v197_1_5|       pointer|
|v197_1_6_din              |  out|   32|     ap_fifo|      v197_1_6|       pointer|
|v197_1_6_num_data_valid   |   in|   13|     ap_fifo|      v197_1_6|       pointer|
|v197_1_6_fifo_cap         |   in|   13|     ap_fifo|      v197_1_6|       pointer|
|v197_1_6_full_n           |   in|    1|     ap_fifo|      v197_1_6|       pointer|
|v197_1_6_write            |  out|    1|     ap_fifo|      v197_1_6|       pointer|
|v197_1_7_din              |  out|   32|     ap_fifo|      v197_1_7|       pointer|
|v197_1_7_num_data_valid   |   in|   13|     ap_fifo|      v197_1_7|       pointer|
|v197_1_7_fifo_cap         |   in|   13|     ap_fifo|      v197_1_7|       pointer|
|v197_1_7_full_n           |   in|    1|     ap_fifo|      v197_1_7|       pointer|
|v197_1_7_write            |  out|    1|     ap_fifo|      v197_1_7|       pointer|
|v197_1_8_din              |  out|   32|     ap_fifo|      v197_1_8|       pointer|
|v197_1_8_num_data_valid   |   in|   13|     ap_fifo|      v197_1_8|       pointer|
|v197_1_8_fifo_cap         |   in|   13|     ap_fifo|      v197_1_8|       pointer|
|v197_1_8_full_n           |   in|    1|     ap_fifo|      v197_1_8|       pointer|
|v197_1_8_write            |  out|    1|     ap_fifo|      v197_1_8|       pointer|
|v197_1_9_din              |  out|   32|     ap_fifo|      v197_1_9|       pointer|
|v197_1_9_num_data_valid   |   in|   13|     ap_fifo|      v197_1_9|       pointer|
|v197_1_9_fifo_cap         |   in|   13|     ap_fifo|      v197_1_9|       pointer|
|v197_1_9_full_n           |   in|    1|     ap_fifo|      v197_1_9|       pointer|
|v197_1_9_write            |  out|    1|     ap_fifo|      v197_1_9|       pointer|
|v197_1_10_din             |  out|   32|     ap_fifo|     v197_1_10|       pointer|
|v197_1_10_num_data_valid  |   in|   13|     ap_fifo|     v197_1_10|       pointer|
|v197_1_10_fifo_cap        |   in|   13|     ap_fifo|     v197_1_10|       pointer|
|v197_1_10_full_n          |   in|    1|     ap_fifo|     v197_1_10|       pointer|
|v197_1_10_write           |  out|    1|     ap_fifo|     v197_1_10|       pointer|
|v197_1_11_din             |  out|   32|     ap_fifo|     v197_1_11|       pointer|
|v197_1_11_num_data_valid  |   in|   13|     ap_fifo|     v197_1_11|       pointer|
|v197_1_11_fifo_cap        |   in|   13|     ap_fifo|     v197_1_11|       pointer|
|v197_1_11_full_n          |   in|    1|     ap_fifo|     v197_1_11|       pointer|
|v197_1_11_write           |  out|    1|     ap_fifo|     v197_1_11|       pointer|
|v197_1_12_din             |  out|   32|     ap_fifo|     v197_1_12|       pointer|
|v197_1_12_num_data_valid  |   in|   13|     ap_fifo|     v197_1_12|       pointer|
|v197_1_12_fifo_cap        |   in|   13|     ap_fifo|     v197_1_12|       pointer|
|v197_1_12_full_n          |   in|    1|     ap_fifo|     v197_1_12|       pointer|
|v197_1_12_write           |  out|    1|     ap_fifo|     v197_1_12|       pointer|
|v197_1_13_din             |  out|   32|     ap_fifo|     v197_1_13|       pointer|
|v197_1_13_num_data_valid  |   in|   13|     ap_fifo|     v197_1_13|       pointer|
|v197_1_13_fifo_cap        |   in|   13|     ap_fifo|     v197_1_13|       pointer|
|v197_1_13_full_n          |   in|    1|     ap_fifo|     v197_1_13|       pointer|
|v197_1_13_write           |  out|    1|     ap_fifo|     v197_1_13|       pointer|
|v197_1_14_din             |  out|   32|     ap_fifo|     v197_1_14|       pointer|
|v197_1_14_num_data_valid  |   in|   13|     ap_fifo|     v197_1_14|       pointer|
|v197_1_14_fifo_cap        |   in|   13|     ap_fifo|     v197_1_14|       pointer|
|v197_1_14_full_n          |   in|    1|     ap_fifo|     v197_1_14|       pointer|
|v197_1_14_write           |  out|    1|     ap_fifo|     v197_1_14|       pointer|
|v197_1_15_din             |  out|   32|     ap_fifo|     v197_1_15|       pointer|
|v197_1_15_num_data_valid  |   in|   13|     ap_fifo|     v197_1_15|       pointer|
|v197_1_15_fifo_cap        |   in|   13|     ap_fifo|     v197_1_15|       pointer|
|v197_1_15_full_n          |   in|    1|     ap_fifo|     v197_1_15|       pointer|
|v197_1_15_write           |  out|    1|     ap_fifo|     v197_1_15|       pointer|
|v197_2_0_din              |  out|   32|     ap_fifo|      v197_2_0|       pointer|
|v197_2_0_num_data_valid   |   in|   13|     ap_fifo|      v197_2_0|       pointer|
|v197_2_0_fifo_cap         |   in|   13|     ap_fifo|      v197_2_0|       pointer|
|v197_2_0_full_n           |   in|    1|     ap_fifo|      v197_2_0|       pointer|
|v197_2_0_write            |  out|    1|     ap_fifo|      v197_2_0|       pointer|
|v197_2_1_din              |  out|   32|     ap_fifo|      v197_2_1|       pointer|
|v197_2_1_num_data_valid   |   in|   13|     ap_fifo|      v197_2_1|       pointer|
|v197_2_1_fifo_cap         |   in|   13|     ap_fifo|      v197_2_1|       pointer|
|v197_2_1_full_n           |   in|    1|     ap_fifo|      v197_2_1|       pointer|
|v197_2_1_write            |  out|    1|     ap_fifo|      v197_2_1|       pointer|
|v197_2_2_din              |  out|   32|     ap_fifo|      v197_2_2|       pointer|
|v197_2_2_num_data_valid   |   in|   13|     ap_fifo|      v197_2_2|       pointer|
|v197_2_2_fifo_cap         |   in|   13|     ap_fifo|      v197_2_2|       pointer|
|v197_2_2_full_n           |   in|    1|     ap_fifo|      v197_2_2|       pointer|
|v197_2_2_write            |  out|    1|     ap_fifo|      v197_2_2|       pointer|
|v197_2_3_din              |  out|   32|     ap_fifo|      v197_2_3|       pointer|
|v197_2_3_num_data_valid   |   in|   13|     ap_fifo|      v197_2_3|       pointer|
|v197_2_3_fifo_cap         |   in|   13|     ap_fifo|      v197_2_3|       pointer|
|v197_2_3_full_n           |   in|    1|     ap_fifo|      v197_2_3|       pointer|
|v197_2_3_write            |  out|    1|     ap_fifo|      v197_2_3|       pointer|
|v197_2_4_din              |  out|   32|     ap_fifo|      v197_2_4|       pointer|
|v197_2_4_num_data_valid   |   in|   13|     ap_fifo|      v197_2_4|       pointer|
|v197_2_4_fifo_cap         |   in|   13|     ap_fifo|      v197_2_4|       pointer|
|v197_2_4_full_n           |   in|    1|     ap_fifo|      v197_2_4|       pointer|
|v197_2_4_write            |  out|    1|     ap_fifo|      v197_2_4|       pointer|
|v197_2_5_din              |  out|   32|     ap_fifo|      v197_2_5|       pointer|
|v197_2_5_num_data_valid   |   in|   13|     ap_fifo|      v197_2_5|       pointer|
|v197_2_5_fifo_cap         |   in|   13|     ap_fifo|      v197_2_5|       pointer|
|v197_2_5_full_n           |   in|    1|     ap_fifo|      v197_2_5|       pointer|
|v197_2_5_write            |  out|    1|     ap_fifo|      v197_2_5|       pointer|
|v197_2_6_din              |  out|   32|     ap_fifo|      v197_2_6|       pointer|
|v197_2_6_num_data_valid   |   in|   13|     ap_fifo|      v197_2_6|       pointer|
|v197_2_6_fifo_cap         |   in|   13|     ap_fifo|      v197_2_6|       pointer|
|v197_2_6_full_n           |   in|    1|     ap_fifo|      v197_2_6|       pointer|
|v197_2_6_write            |  out|    1|     ap_fifo|      v197_2_6|       pointer|
|v197_2_7_din              |  out|   32|     ap_fifo|      v197_2_7|       pointer|
|v197_2_7_num_data_valid   |   in|   13|     ap_fifo|      v197_2_7|       pointer|
|v197_2_7_fifo_cap         |   in|   13|     ap_fifo|      v197_2_7|       pointer|
|v197_2_7_full_n           |   in|    1|     ap_fifo|      v197_2_7|       pointer|
|v197_2_7_write            |  out|    1|     ap_fifo|      v197_2_7|       pointer|
|v197_2_8_din              |  out|   32|     ap_fifo|      v197_2_8|       pointer|
|v197_2_8_num_data_valid   |   in|   13|     ap_fifo|      v197_2_8|       pointer|
|v197_2_8_fifo_cap         |   in|   13|     ap_fifo|      v197_2_8|       pointer|
|v197_2_8_full_n           |   in|    1|     ap_fifo|      v197_2_8|       pointer|
|v197_2_8_write            |  out|    1|     ap_fifo|      v197_2_8|       pointer|
|v197_2_9_din              |  out|   32|     ap_fifo|      v197_2_9|       pointer|
|v197_2_9_num_data_valid   |   in|   13|     ap_fifo|      v197_2_9|       pointer|
|v197_2_9_fifo_cap         |   in|   13|     ap_fifo|      v197_2_9|       pointer|
|v197_2_9_full_n           |   in|    1|     ap_fifo|      v197_2_9|       pointer|
|v197_2_9_write            |  out|    1|     ap_fifo|      v197_2_9|       pointer|
|v197_2_10_din             |  out|   32|     ap_fifo|     v197_2_10|       pointer|
|v197_2_10_num_data_valid  |   in|   13|     ap_fifo|     v197_2_10|       pointer|
|v197_2_10_fifo_cap        |   in|   13|     ap_fifo|     v197_2_10|       pointer|
|v197_2_10_full_n          |   in|    1|     ap_fifo|     v197_2_10|       pointer|
|v197_2_10_write           |  out|    1|     ap_fifo|     v197_2_10|       pointer|
|v197_2_11_din             |  out|   32|     ap_fifo|     v197_2_11|       pointer|
|v197_2_11_num_data_valid  |   in|   13|     ap_fifo|     v197_2_11|       pointer|
|v197_2_11_fifo_cap        |   in|   13|     ap_fifo|     v197_2_11|       pointer|
|v197_2_11_full_n          |   in|    1|     ap_fifo|     v197_2_11|       pointer|
|v197_2_11_write           |  out|    1|     ap_fifo|     v197_2_11|       pointer|
|v197_2_12_din             |  out|   32|     ap_fifo|     v197_2_12|       pointer|
|v197_2_12_num_data_valid  |   in|   13|     ap_fifo|     v197_2_12|       pointer|
|v197_2_12_fifo_cap        |   in|   13|     ap_fifo|     v197_2_12|       pointer|
|v197_2_12_full_n          |   in|    1|     ap_fifo|     v197_2_12|       pointer|
|v197_2_12_write           |  out|    1|     ap_fifo|     v197_2_12|       pointer|
|v197_2_13_din             |  out|   32|     ap_fifo|     v197_2_13|       pointer|
|v197_2_13_num_data_valid  |   in|   13|     ap_fifo|     v197_2_13|       pointer|
|v197_2_13_fifo_cap        |   in|   13|     ap_fifo|     v197_2_13|       pointer|
|v197_2_13_full_n          |   in|    1|     ap_fifo|     v197_2_13|       pointer|
|v197_2_13_write           |  out|    1|     ap_fifo|     v197_2_13|       pointer|
|v197_2_14_din             |  out|   32|     ap_fifo|     v197_2_14|       pointer|
|v197_2_14_num_data_valid  |   in|   13|     ap_fifo|     v197_2_14|       pointer|
|v197_2_14_fifo_cap        |   in|   13|     ap_fifo|     v197_2_14|       pointer|
|v197_2_14_full_n          |   in|    1|     ap_fifo|     v197_2_14|       pointer|
|v197_2_14_write           |  out|    1|     ap_fifo|     v197_2_14|       pointer|
|v197_2_15_din             |  out|   32|     ap_fifo|     v197_2_15|       pointer|
|v197_2_15_num_data_valid  |   in|   13|     ap_fifo|     v197_2_15|       pointer|
|v197_2_15_fifo_cap        |   in|   13|     ap_fifo|     v197_2_15|       pointer|
|v197_2_15_full_n          |   in|    1|     ap_fifo|     v197_2_15|       pointer|
|v197_2_15_write           |  out|    1|     ap_fifo|     v197_2_15|       pointer|
|v197_3_0_din              |  out|   32|     ap_fifo|      v197_3_0|       pointer|
|v197_3_0_num_data_valid   |   in|   13|     ap_fifo|      v197_3_0|       pointer|
|v197_3_0_fifo_cap         |   in|   13|     ap_fifo|      v197_3_0|       pointer|
|v197_3_0_full_n           |   in|    1|     ap_fifo|      v197_3_0|       pointer|
|v197_3_0_write            |  out|    1|     ap_fifo|      v197_3_0|       pointer|
|v197_3_1_din              |  out|   32|     ap_fifo|      v197_3_1|       pointer|
|v197_3_1_num_data_valid   |   in|   13|     ap_fifo|      v197_3_1|       pointer|
|v197_3_1_fifo_cap         |   in|   13|     ap_fifo|      v197_3_1|       pointer|
|v197_3_1_full_n           |   in|    1|     ap_fifo|      v197_3_1|       pointer|
|v197_3_1_write            |  out|    1|     ap_fifo|      v197_3_1|       pointer|
|v197_3_2_din              |  out|   32|     ap_fifo|      v197_3_2|       pointer|
|v197_3_2_num_data_valid   |   in|   13|     ap_fifo|      v197_3_2|       pointer|
|v197_3_2_fifo_cap         |   in|   13|     ap_fifo|      v197_3_2|       pointer|
|v197_3_2_full_n           |   in|    1|     ap_fifo|      v197_3_2|       pointer|
|v197_3_2_write            |  out|    1|     ap_fifo|      v197_3_2|       pointer|
|v197_3_3_din              |  out|   32|     ap_fifo|      v197_3_3|       pointer|
|v197_3_3_num_data_valid   |   in|   13|     ap_fifo|      v197_3_3|       pointer|
|v197_3_3_fifo_cap         |   in|   13|     ap_fifo|      v197_3_3|       pointer|
|v197_3_3_full_n           |   in|    1|     ap_fifo|      v197_3_3|       pointer|
|v197_3_3_write            |  out|    1|     ap_fifo|      v197_3_3|       pointer|
|v197_3_4_din              |  out|   32|     ap_fifo|      v197_3_4|       pointer|
|v197_3_4_num_data_valid   |   in|   13|     ap_fifo|      v197_3_4|       pointer|
|v197_3_4_fifo_cap         |   in|   13|     ap_fifo|      v197_3_4|       pointer|
|v197_3_4_full_n           |   in|    1|     ap_fifo|      v197_3_4|       pointer|
|v197_3_4_write            |  out|    1|     ap_fifo|      v197_3_4|       pointer|
|v197_3_5_din              |  out|   32|     ap_fifo|      v197_3_5|       pointer|
|v197_3_5_num_data_valid   |   in|   13|     ap_fifo|      v197_3_5|       pointer|
|v197_3_5_fifo_cap         |   in|   13|     ap_fifo|      v197_3_5|       pointer|
|v197_3_5_full_n           |   in|    1|     ap_fifo|      v197_3_5|       pointer|
|v197_3_5_write            |  out|    1|     ap_fifo|      v197_3_5|       pointer|
|v197_3_6_din              |  out|   32|     ap_fifo|      v197_3_6|       pointer|
|v197_3_6_num_data_valid   |   in|   13|     ap_fifo|      v197_3_6|       pointer|
|v197_3_6_fifo_cap         |   in|   13|     ap_fifo|      v197_3_6|       pointer|
|v197_3_6_full_n           |   in|    1|     ap_fifo|      v197_3_6|       pointer|
|v197_3_6_write            |  out|    1|     ap_fifo|      v197_3_6|       pointer|
|v197_3_7_din              |  out|   32|     ap_fifo|      v197_3_7|       pointer|
|v197_3_7_num_data_valid   |   in|   13|     ap_fifo|      v197_3_7|       pointer|
|v197_3_7_fifo_cap         |   in|   13|     ap_fifo|      v197_3_7|       pointer|
|v197_3_7_full_n           |   in|    1|     ap_fifo|      v197_3_7|       pointer|
|v197_3_7_write            |  out|    1|     ap_fifo|      v197_3_7|       pointer|
|v197_3_8_din              |  out|   32|     ap_fifo|      v197_3_8|       pointer|
|v197_3_8_num_data_valid   |   in|   13|     ap_fifo|      v197_3_8|       pointer|
|v197_3_8_fifo_cap         |   in|   13|     ap_fifo|      v197_3_8|       pointer|
|v197_3_8_full_n           |   in|    1|     ap_fifo|      v197_3_8|       pointer|
|v197_3_8_write            |  out|    1|     ap_fifo|      v197_3_8|       pointer|
|v197_3_9_din              |  out|   32|     ap_fifo|      v197_3_9|       pointer|
|v197_3_9_num_data_valid   |   in|   13|     ap_fifo|      v197_3_9|       pointer|
|v197_3_9_fifo_cap         |   in|   13|     ap_fifo|      v197_3_9|       pointer|
|v197_3_9_full_n           |   in|    1|     ap_fifo|      v197_3_9|       pointer|
|v197_3_9_write            |  out|    1|     ap_fifo|      v197_3_9|       pointer|
|v197_3_10_din             |  out|   32|     ap_fifo|     v197_3_10|       pointer|
|v197_3_10_num_data_valid  |   in|   13|     ap_fifo|     v197_3_10|       pointer|
|v197_3_10_fifo_cap        |   in|   13|     ap_fifo|     v197_3_10|       pointer|
|v197_3_10_full_n          |   in|    1|     ap_fifo|     v197_3_10|       pointer|
|v197_3_10_write           |  out|    1|     ap_fifo|     v197_3_10|       pointer|
|v197_3_11_din             |  out|   32|     ap_fifo|     v197_3_11|       pointer|
|v197_3_11_num_data_valid  |   in|   13|     ap_fifo|     v197_3_11|       pointer|
|v197_3_11_fifo_cap        |   in|   13|     ap_fifo|     v197_3_11|       pointer|
|v197_3_11_full_n          |   in|    1|     ap_fifo|     v197_3_11|       pointer|
|v197_3_11_write           |  out|    1|     ap_fifo|     v197_3_11|       pointer|
|v197_3_12_din             |  out|   32|     ap_fifo|     v197_3_12|       pointer|
|v197_3_12_num_data_valid  |   in|   13|     ap_fifo|     v197_3_12|       pointer|
|v197_3_12_fifo_cap        |   in|   13|     ap_fifo|     v197_3_12|       pointer|
|v197_3_12_full_n          |   in|    1|     ap_fifo|     v197_3_12|       pointer|
|v197_3_12_write           |  out|    1|     ap_fifo|     v197_3_12|       pointer|
|v197_3_13_din             |  out|   32|     ap_fifo|     v197_3_13|       pointer|
|v197_3_13_num_data_valid  |   in|   13|     ap_fifo|     v197_3_13|       pointer|
|v197_3_13_fifo_cap        |   in|   13|     ap_fifo|     v197_3_13|       pointer|
|v197_3_13_full_n          |   in|    1|     ap_fifo|     v197_3_13|       pointer|
|v197_3_13_write           |  out|    1|     ap_fifo|     v197_3_13|       pointer|
|v197_3_14_din             |  out|   32|     ap_fifo|     v197_3_14|       pointer|
|v197_3_14_num_data_valid  |   in|   13|     ap_fifo|     v197_3_14|       pointer|
|v197_3_14_fifo_cap        |   in|   13|     ap_fifo|     v197_3_14|       pointer|
|v197_3_14_full_n          |   in|    1|     ap_fifo|     v197_3_14|       pointer|
|v197_3_14_write           |  out|    1|     ap_fifo|     v197_3_14|       pointer|
|v197_3_15_din             |  out|   32|     ap_fifo|     v197_3_15|       pointer|
|v197_3_15_num_data_valid  |   in|   13|     ap_fifo|     v197_3_15|       pointer|
|v197_3_15_fifo_cap        |   in|   13|     ap_fifo|     v197_3_15|       pointer|
|v197_3_15_full_n          |   in|    1|     ap_fifo|     v197_3_15|       pointer|
|v197_3_15_write           |  out|    1|     ap_fifo|     v197_3_15|       pointer|
|v197_4_0_din              |  out|   32|     ap_fifo|      v197_4_0|       pointer|
|v197_4_0_num_data_valid   |   in|   13|     ap_fifo|      v197_4_0|       pointer|
|v197_4_0_fifo_cap         |   in|   13|     ap_fifo|      v197_4_0|       pointer|
|v197_4_0_full_n           |   in|    1|     ap_fifo|      v197_4_0|       pointer|
|v197_4_0_write            |  out|    1|     ap_fifo|      v197_4_0|       pointer|
|v197_4_1_din              |  out|   32|     ap_fifo|      v197_4_1|       pointer|
|v197_4_1_num_data_valid   |   in|   13|     ap_fifo|      v197_4_1|       pointer|
|v197_4_1_fifo_cap         |   in|   13|     ap_fifo|      v197_4_1|       pointer|
|v197_4_1_full_n           |   in|    1|     ap_fifo|      v197_4_1|       pointer|
|v197_4_1_write            |  out|    1|     ap_fifo|      v197_4_1|       pointer|
|v197_4_2_din              |  out|   32|     ap_fifo|      v197_4_2|       pointer|
|v197_4_2_num_data_valid   |   in|   13|     ap_fifo|      v197_4_2|       pointer|
|v197_4_2_fifo_cap         |   in|   13|     ap_fifo|      v197_4_2|       pointer|
|v197_4_2_full_n           |   in|    1|     ap_fifo|      v197_4_2|       pointer|
|v197_4_2_write            |  out|    1|     ap_fifo|      v197_4_2|       pointer|
|v197_4_3_din              |  out|   32|     ap_fifo|      v197_4_3|       pointer|
|v197_4_3_num_data_valid   |   in|   13|     ap_fifo|      v197_4_3|       pointer|
|v197_4_3_fifo_cap         |   in|   13|     ap_fifo|      v197_4_3|       pointer|
|v197_4_3_full_n           |   in|    1|     ap_fifo|      v197_4_3|       pointer|
|v197_4_3_write            |  out|    1|     ap_fifo|      v197_4_3|       pointer|
|v197_4_4_din              |  out|   32|     ap_fifo|      v197_4_4|       pointer|
|v197_4_4_num_data_valid   |   in|   13|     ap_fifo|      v197_4_4|       pointer|
|v197_4_4_fifo_cap         |   in|   13|     ap_fifo|      v197_4_4|       pointer|
|v197_4_4_full_n           |   in|    1|     ap_fifo|      v197_4_4|       pointer|
|v197_4_4_write            |  out|    1|     ap_fifo|      v197_4_4|       pointer|
|v197_4_5_din              |  out|   32|     ap_fifo|      v197_4_5|       pointer|
|v197_4_5_num_data_valid   |   in|   13|     ap_fifo|      v197_4_5|       pointer|
|v197_4_5_fifo_cap         |   in|   13|     ap_fifo|      v197_4_5|       pointer|
|v197_4_5_full_n           |   in|    1|     ap_fifo|      v197_4_5|       pointer|
|v197_4_5_write            |  out|    1|     ap_fifo|      v197_4_5|       pointer|
|v197_4_6_din              |  out|   32|     ap_fifo|      v197_4_6|       pointer|
|v197_4_6_num_data_valid   |   in|   13|     ap_fifo|      v197_4_6|       pointer|
|v197_4_6_fifo_cap         |   in|   13|     ap_fifo|      v197_4_6|       pointer|
|v197_4_6_full_n           |   in|    1|     ap_fifo|      v197_4_6|       pointer|
|v197_4_6_write            |  out|    1|     ap_fifo|      v197_4_6|       pointer|
|v197_4_7_din              |  out|   32|     ap_fifo|      v197_4_7|       pointer|
|v197_4_7_num_data_valid   |   in|   13|     ap_fifo|      v197_4_7|       pointer|
|v197_4_7_fifo_cap         |   in|   13|     ap_fifo|      v197_4_7|       pointer|
|v197_4_7_full_n           |   in|    1|     ap_fifo|      v197_4_7|       pointer|
|v197_4_7_write            |  out|    1|     ap_fifo|      v197_4_7|       pointer|
|v197_4_8_din              |  out|   32|     ap_fifo|      v197_4_8|       pointer|
|v197_4_8_num_data_valid   |   in|   13|     ap_fifo|      v197_4_8|       pointer|
|v197_4_8_fifo_cap         |   in|   13|     ap_fifo|      v197_4_8|       pointer|
|v197_4_8_full_n           |   in|    1|     ap_fifo|      v197_4_8|       pointer|
|v197_4_8_write            |  out|    1|     ap_fifo|      v197_4_8|       pointer|
|v197_4_9_din              |  out|   32|     ap_fifo|      v197_4_9|       pointer|
|v197_4_9_num_data_valid   |   in|   13|     ap_fifo|      v197_4_9|       pointer|
|v197_4_9_fifo_cap         |   in|   13|     ap_fifo|      v197_4_9|       pointer|
|v197_4_9_full_n           |   in|    1|     ap_fifo|      v197_4_9|       pointer|
|v197_4_9_write            |  out|    1|     ap_fifo|      v197_4_9|       pointer|
|v197_4_10_din             |  out|   32|     ap_fifo|     v197_4_10|       pointer|
|v197_4_10_num_data_valid  |   in|   13|     ap_fifo|     v197_4_10|       pointer|
|v197_4_10_fifo_cap        |   in|   13|     ap_fifo|     v197_4_10|       pointer|
|v197_4_10_full_n          |   in|    1|     ap_fifo|     v197_4_10|       pointer|
|v197_4_10_write           |  out|    1|     ap_fifo|     v197_4_10|       pointer|
|v197_4_11_din             |  out|   32|     ap_fifo|     v197_4_11|       pointer|
|v197_4_11_num_data_valid  |   in|   13|     ap_fifo|     v197_4_11|       pointer|
|v197_4_11_fifo_cap        |   in|   13|     ap_fifo|     v197_4_11|       pointer|
|v197_4_11_full_n          |   in|    1|     ap_fifo|     v197_4_11|       pointer|
|v197_4_11_write           |  out|    1|     ap_fifo|     v197_4_11|       pointer|
|v197_4_12_din             |  out|   32|     ap_fifo|     v197_4_12|       pointer|
|v197_4_12_num_data_valid  |   in|   13|     ap_fifo|     v197_4_12|       pointer|
|v197_4_12_fifo_cap        |   in|   13|     ap_fifo|     v197_4_12|       pointer|
|v197_4_12_full_n          |   in|    1|     ap_fifo|     v197_4_12|       pointer|
|v197_4_12_write           |  out|    1|     ap_fifo|     v197_4_12|       pointer|
|v197_4_13_din             |  out|   32|     ap_fifo|     v197_4_13|       pointer|
|v197_4_13_num_data_valid  |   in|   13|     ap_fifo|     v197_4_13|       pointer|
|v197_4_13_fifo_cap        |   in|   13|     ap_fifo|     v197_4_13|       pointer|
|v197_4_13_full_n          |   in|    1|     ap_fifo|     v197_4_13|       pointer|
|v197_4_13_write           |  out|    1|     ap_fifo|     v197_4_13|       pointer|
|v197_4_14_din             |  out|   32|     ap_fifo|     v197_4_14|       pointer|
|v197_4_14_num_data_valid  |   in|   13|     ap_fifo|     v197_4_14|       pointer|
|v197_4_14_fifo_cap        |   in|   13|     ap_fifo|     v197_4_14|       pointer|
|v197_4_14_full_n          |   in|    1|     ap_fifo|     v197_4_14|       pointer|
|v197_4_14_write           |  out|    1|     ap_fifo|     v197_4_14|       pointer|
|v197_4_15_din             |  out|   32|     ap_fifo|     v197_4_15|       pointer|
|v197_4_15_num_data_valid  |   in|   13|     ap_fifo|     v197_4_15|       pointer|
|v197_4_15_fifo_cap        |   in|   13|     ap_fifo|     v197_4_15|       pointer|
|v197_4_15_full_n          |   in|    1|     ap_fifo|     v197_4_15|       pointer|
|v197_4_15_write           |  out|    1|     ap_fifo|     v197_4_15|       pointer|
|v197_5_0_din              |  out|   32|     ap_fifo|      v197_5_0|       pointer|
|v197_5_0_num_data_valid   |   in|   13|     ap_fifo|      v197_5_0|       pointer|
|v197_5_0_fifo_cap         |   in|   13|     ap_fifo|      v197_5_0|       pointer|
|v197_5_0_full_n           |   in|    1|     ap_fifo|      v197_5_0|       pointer|
|v197_5_0_write            |  out|    1|     ap_fifo|      v197_5_0|       pointer|
|v197_5_1_din              |  out|   32|     ap_fifo|      v197_5_1|       pointer|
|v197_5_1_num_data_valid   |   in|   13|     ap_fifo|      v197_5_1|       pointer|
|v197_5_1_fifo_cap         |   in|   13|     ap_fifo|      v197_5_1|       pointer|
|v197_5_1_full_n           |   in|    1|     ap_fifo|      v197_5_1|       pointer|
|v197_5_1_write            |  out|    1|     ap_fifo|      v197_5_1|       pointer|
|v197_5_2_din              |  out|   32|     ap_fifo|      v197_5_2|       pointer|
|v197_5_2_num_data_valid   |   in|   13|     ap_fifo|      v197_5_2|       pointer|
|v197_5_2_fifo_cap         |   in|   13|     ap_fifo|      v197_5_2|       pointer|
|v197_5_2_full_n           |   in|    1|     ap_fifo|      v197_5_2|       pointer|
|v197_5_2_write            |  out|    1|     ap_fifo|      v197_5_2|       pointer|
|v197_5_3_din              |  out|   32|     ap_fifo|      v197_5_3|       pointer|
|v197_5_3_num_data_valid   |   in|   13|     ap_fifo|      v197_5_3|       pointer|
|v197_5_3_fifo_cap         |   in|   13|     ap_fifo|      v197_5_3|       pointer|
|v197_5_3_full_n           |   in|    1|     ap_fifo|      v197_5_3|       pointer|
|v197_5_3_write            |  out|    1|     ap_fifo|      v197_5_3|       pointer|
|v197_5_4_din              |  out|   32|     ap_fifo|      v197_5_4|       pointer|
|v197_5_4_num_data_valid   |   in|   13|     ap_fifo|      v197_5_4|       pointer|
|v197_5_4_fifo_cap         |   in|   13|     ap_fifo|      v197_5_4|       pointer|
|v197_5_4_full_n           |   in|    1|     ap_fifo|      v197_5_4|       pointer|
|v197_5_4_write            |  out|    1|     ap_fifo|      v197_5_4|       pointer|
|v197_5_5_din              |  out|   32|     ap_fifo|      v197_5_5|       pointer|
|v197_5_5_num_data_valid   |   in|   13|     ap_fifo|      v197_5_5|       pointer|
|v197_5_5_fifo_cap         |   in|   13|     ap_fifo|      v197_5_5|       pointer|
|v197_5_5_full_n           |   in|    1|     ap_fifo|      v197_5_5|       pointer|
|v197_5_5_write            |  out|    1|     ap_fifo|      v197_5_5|       pointer|
|v197_5_6_din              |  out|   32|     ap_fifo|      v197_5_6|       pointer|
|v197_5_6_num_data_valid   |   in|   13|     ap_fifo|      v197_5_6|       pointer|
|v197_5_6_fifo_cap         |   in|   13|     ap_fifo|      v197_5_6|       pointer|
|v197_5_6_full_n           |   in|    1|     ap_fifo|      v197_5_6|       pointer|
|v197_5_6_write            |  out|    1|     ap_fifo|      v197_5_6|       pointer|
|v197_5_7_din              |  out|   32|     ap_fifo|      v197_5_7|       pointer|
|v197_5_7_num_data_valid   |   in|   13|     ap_fifo|      v197_5_7|       pointer|
|v197_5_7_fifo_cap         |   in|   13|     ap_fifo|      v197_5_7|       pointer|
|v197_5_7_full_n           |   in|    1|     ap_fifo|      v197_5_7|       pointer|
|v197_5_7_write            |  out|    1|     ap_fifo|      v197_5_7|       pointer|
|v197_5_8_din              |  out|   32|     ap_fifo|      v197_5_8|       pointer|
|v197_5_8_num_data_valid   |   in|   13|     ap_fifo|      v197_5_8|       pointer|
|v197_5_8_fifo_cap         |   in|   13|     ap_fifo|      v197_5_8|       pointer|
|v197_5_8_full_n           |   in|    1|     ap_fifo|      v197_5_8|       pointer|
|v197_5_8_write            |  out|    1|     ap_fifo|      v197_5_8|       pointer|
|v197_5_9_din              |  out|   32|     ap_fifo|      v197_5_9|       pointer|
|v197_5_9_num_data_valid   |   in|   13|     ap_fifo|      v197_5_9|       pointer|
|v197_5_9_fifo_cap         |   in|   13|     ap_fifo|      v197_5_9|       pointer|
|v197_5_9_full_n           |   in|    1|     ap_fifo|      v197_5_9|       pointer|
|v197_5_9_write            |  out|    1|     ap_fifo|      v197_5_9|       pointer|
|v197_5_10_din             |  out|   32|     ap_fifo|     v197_5_10|       pointer|
|v197_5_10_num_data_valid  |   in|   13|     ap_fifo|     v197_5_10|       pointer|
|v197_5_10_fifo_cap        |   in|   13|     ap_fifo|     v197_5_10|       pointer|
|v197_5_10_full_n          |   in|    1|     ap_fifo|     v197_5_10|       pointer|
|v197_5_10_write           |  out|    1|     ap_fifo|     v197_5_10|       pointer|
|v197_5_11_din             |  out|   32|     ap_fifo|     v197_5_11|       pointer|
|v197_5_11_num_data_valid  |   in|   13|     ap_fifo|     v197_5_11|       pointer|
|v197_5_11_fifo_cap        |   in|   13|     ap_fifo|     v197_5_11|       pointer|
|v197_5_11_full_n          |   in|    1|     ap_fifo|     v197_5_11|       pointer|
|v197_5_11_write           |  out|    1|     ap_fifo|     v197_5_11|       pointer|
|v197_5_12_din             |  out|   32|     ap_fifo|     v197_5_12|       pointer|
|v197_5_12_num_data_valid  |   in|   13|     ap_fifo|     v197_5_12|       pointer|
|v197_5_12_fifo_cap        |   in|   13|     ap_fifo|     v197_5_12|       pointer|
|v197_5_12_full_n          |   in|    1|     ap_fifo|     v197_5_12|       pointer|
|v197_5_12_write           |  out|    1|     ap_fifo|     v197_5_12|       pointer|
|v197_5_13_din             |  out|   32|     ap_fifo|     v197_5_13|       pointer|
|v197_5_13_num_data_valid  |   in|   13|     ap_fifo|     v197_5_13|       pointer|
|v197_5_13_fifo_cap        |   in|   13|     ap_fifo|     v197_5_13|       pointer|
|v197_5_13_full_n          |   in|    1|     ap_fifo|     v197_5_13|       pointer|
|v197_5_13_write           |  out|    1|     ap_fifo|     v197_5_13|       pointer|
|v197_5_14_din             |  out|   32|     ap_fifo|     v197_5_14|       pointer|
|v197_5_14_num_data_valid  |   in|   13|     ap_fifo|     v197_5_14|       pointer|
|v197_5_14_fifo_cap        |   in|   13|     ap_fifo|     v197_5_14|       pointer|
|v197_5_14_full_n          |   in|    1|     ap_fifo|     v197_5_14|       pointer|
|v197_5_14_write           |  out|    1|     ap_fifo|     v197_5_14|       pointer|
|v197_5_15_din             |  out|   32|     ap_fifo|     v197_5_15|       pointer|
|v197_5_15_num_data_valid  |   in|   13|     ap_fifo|     v197_5_15|       pointer|
|v197_5_15_fifo_cap        |   in|   13|     ap_fifo|     v197_5_15|       pointer|
|v197_5_15_full_n          |   in|    1|     ap_fifo|     v197_5_15|       pointer|
|v197_5_15_write           |  out|    1|     ap_fifo|     v197_5_15|       pointer|
|v197_6_0_din              |  out|   32|     ap_fifo|      v197_6_0|       pointer|
|v197_6_0_num_data_valid   |   in|   13|     ap_fifo|      v197_6_0|       pointer|
|v197_6_0_fifo_cap         |   in|   13|     ap_fifo|      v197_6_0|       pointer|
|v197_6_0_full_n           |   in|    1|     ap_fifo|      v197_6_0|       pointer|
|v197_6_0_write            |  out|    1|     ap_fifo|      v197_6_0|       pointer|
|v197_6_1_din              |  out|   32|     ap_fifo|      v197_6_1|       pointer|
|v197_6_1_num_data_valid   |   in|   13|     ap_fifo|      v197_6_1|       pointer|
|v197_6_1_fifo_cap         |   in|   13|     ap_fifo|      v197_6_1|       pointer|
|v197_6_1_full_n           |   in|    1|     ap_fifo|      v197_6_1|       pointer|
|v197_6_1_write            |  out|    1|     ap_fifo|      v197_6_1|       pointer|
|v197_6_2_din              |  out|   32|     ap_fifo|      v197_6_2|       pointer|
|v197_6_2_num_data_valid   |   in|   13|     ap_fifo|      v197_6_2|       pointer|
|v197_6_2_fifo_cap         |   in|   13|     ap_fifo|      v197_6_2|       pointer|
|v197_6_2_full_n           |   in|    1|     ap_fifo|      v197_6_2|       pointer|
|v197_6_2_write            |  out|    1|     ap_fifo|      v197_6_2|       pointer|
|v197_6_3_din              |  out|   32|     ap_fifo|      v197_6_3|       pointer|
|v197_6_3_num_data_valid   |   in|   13|     ap_fifo|      v197_6_3|       pointer|
|v197_6_3_fifo_cap         |   in|   13|     ap_fifo|      v197_6_3|       pointer|
|v197_6_3_full_n           |   in|    1|     ap_fifo|      v197_6_3|       pointer|
|v197_6_3_write            |  out|    1|     ap_fifo|      v197_6_3|       pointer|
|v197_6_4_din              |  out|   32|     ap_fifo|      v197_6_4|       pointer|
|v197_6_4_num_data_valid   |   in|   13|     ap_fifo|      v197_6_4|       pointer|
|v197_6_4_fifo_cap         |   in|   13|     ap_fifo|      v197_6_4|       pointer|
|v197_6_4_full_n           |   in|    1|     ap_fifo|      v197_6_4|       pointer|
|v197_6_4_write            |  out|    1|     ap_fifo|      v197_6_4|       pointer|
|v197_6_5_din              |  out|   32|     ap_fifo|      v197_6_5|       pointer|
|v197_6_5_num_data_valid   |   in|   13|     ap_fifo|      v197_6_5|       pointer|
|v197_6_5_fifo_cap         |   in|   13|     ap_fifo|      v197_6_5|       pointer|
|v197_6_5_full_n           |   in|    1|     ap_fifo|      v197_6_5|       pointer|
|v197_6_5_write            |  out|    1|     ap_fifo|      v197_6_5|       pointer|
|v197_6_6_din              |  out|   32|     ap_fifo|      v197_6_6|       pointer|
|v197_6_6_num_data_valid   |   in|   13|     ap_fifo|      v197_6_6|       pointer|
|v197_6_6_fifo_cap         |   in|   13|     ap_fifo|      v197_6_6|       pointer|
|v197_6_6_full_n           |   in|    1|     ap_fifo|      v197_6_6|       pointer|
|v197_6_6_write            |  out|    1|     ap_fifo|      v197_6_6|       pointer|
|v197_6_7_din              |  out|   32|     ap_fifo|      v197_6_7|       pointer|
|v197_6_7_num_data_valid   |   in|   13|     ap_fifo|      v197_6_7|       pointer|
|v197_6_7_fifo_cap         |   in|   13|     ap_fifo|      v197_6_7|       pointer|
|v197_6_7_full_n           |   in|    1|     ap_fifo|      v197_6_7|       pointer|
|v197_6_7_write            |  out|    1|     ap_fifo|      v197_6_7|       pointer|
|v197_6_8_din              |  out|   32|     ap_fifo|      v197_6_8|       pointer|
|v197_6_8_num_data_valid   |   in|   13|     ap_fifo|      v197_6_8|       pointer|
|v197_6_8_fifo_cap         |   in|   13|     ap_fifo|      v197_6_8|       pointer|
|v197_6_8_full_n           |   in|    1|     ap_fifo|      v197_6_8|       pointer|
|v197_6_8_write            |  out|    1|     ap_fifo|      v197_6_8|       pointer|
|v197_6_9_din              |  out|   32|     ap_fifo|      v197_6_9|       pointer|
|v197_6_9_num_data_valid   |   in|   13|     ap_fifo|      v197_6_9|       pointer|
|v197_6_9_fifo_cap         |   in|   13|     ap_fifo|      v197_6_9|       pointer|
|v197_6_9_full_n           |   in|    1|     ap_fifo|      v197_6_9|       pointer|
|v197_6_9_write            |  out|    1|     ap_fifo|      v197_6_9|       pointer|
|v197_6_10_din             |  out|   32|     ap_fifo|     v197_6_10|       pointer|
|v197_6_10_num_data_valid  |   in|   13|     ap_fifo|     v197_6_10|       pointer|
|v197_6_10_fifo_cap        |   in|   13|     ap_fifo|     v197_6_10|       pointer|
|v197_6_10_full_n          |   in|    1|     ap_fifo|     v197_6_10|       pointer|
|v197_6_10_write           |  out|    1|     ap_fifo|     v197_6_10|       pointer|
|v197_6_11_din             |  out|   32|     ap_fifo|     v197_6_11|       pointer|
|v197_6_11_num_data_valid  |   in|   13|     ap_fifo|     v197_6_11|       pointer|
|v197_6_11_fifo_cap        |   in|   13|     ap_fifo|     v197_6_11|       pointer|
|v197_6_11_full_n          |   in|    1|     ap_fifo|     v197_6_11|       pointer|
|v197_6_11_write           |  out|    1|     ap_fifo|     v197_6_11|       pointer|
|v197_6_12_din             |  out|   32|     ap_fifo|     v197_6_12|       pointer|
|v197_6_12_num_data_valid  |   in|   13|     ap_fifo|     v197_6_12|       pointer|
|v197_6_12_fifo_cap        |   in|   13|     ap_fifo|     v197_6_12|       pointer|
|v197_6_12_full_n          |   in|    1|     ap_fifo|     v197_6_12|       pointer|
|v197_6_12_write           |  out|    1|     ap_fifo|     v197_6_12|       pointer|
|v197_6_13_din             |  out|   32|     ap_fifo|     v197_6_13|       pointer|
|v197_6_13_num_data_valid  |   in|   13|     ap_fifo|     v197_6_13|       pointer|
|v197_6_13_fifo_cap        |   in|   13|     ap_fifo|     v197_6_13|       pointer|
|v197_6_13_full_n          |   in|    1|     ap_fifo|     v197_6_13|       pointer|
|v197_6_13_write           |  out|    1|     ap_fifo|     v197_6_13|       pointer|
|v197_6_14_din             |  out|   32|     ap_fifo|     v197_6_14|       pointer|
|v197_6_14_num_data_valid  |   in|   13|     ap_fifo|     v197_6_14|       pointer|
|v197_6_14_fifo_cap        |   in|   13|     ap_fifo|     v197_6_14|       pointer|
|v197_6_14_full_n          |   in|    1|     ap_fifo|     v197_6_14|       pointer|
|v197_6_14_write           |  out|    1|     ap_fifo|     v197_6_14|       pointer|
|v197_6_15_din             |  out|   32|     ap_fifo|     v197_6_15|       pointer|
|v197_6_15_num_data_valid  |   in|   13|     ap_fifo|     v197_6_15|       pointer|
|v197_6_15_fifo_cap        |   in|   13|     ap_fifo|     v197_6_15|       pointer|
|v197_6_15_full_n          |   in|    1|     ap_fifo|     v197_6_15|       pointer|
|v197_6_15_write           |  out|    1|     ap_fifo|     v197_6_15|       pointer|
|v197_7_0_din              |  out|   32|     ap_fifo|      v197_7_0|       pointer|
|v197_7_0_num_data_valid   |   in|   13|     ap_fifo|      v197_7_0|       pointer|
|v197_7_0_fifo_cap         |   in|   13|     ap_fifo|      v197_7_0|       pointer|
|v197_7_0_full_n           |   in|    1|     ap_fifo|      v197_7_0|       pointer|
|v197_7_0_write            |  out|    1|     ap_fifo|      v197_7_0|       pointer|
|v197_7_1_din              |  out|   32|     ap_fifo|      v197_7_1|       pointer|
|v197_7_1_num_data_valid   |   in|   13|     ap_fifo|      v197_7_1|       pointer|
|v197_7_1_fifo_cap         |   in|   13|     ap_fifo|      v197_7_1|       pointer|
|v197_7_1_full_n           |   in|    1|     ap_fifo|      v197_7_1|       pointer|
|v197_7_1_write            |  out|    1|     ap_fifo|      v197_7_1|       pointer|
|v197_7_2_din              |  out|   32|     ap_fifo|      v197_7_2|       pointer|
|v197_7_2_num_data_valid   |   in|   13|     ap_fifo|      v197_7_2|       pointer|
|v197_7_2_fifo_cap         |   in|   13|     ap_fifo|      v197_7_2|       pointer|
|v197_7_2_full_n           |   in|    1|     ap_fifo|      v197_7_2|       pointer|
|v197_7_2_write            |  out|    1|     ap_fifo|      v197_7_2|       pointer|
|v197_7_3_din              |  out|   32|     ap_fifo|      v197_7_3|       pointer|
|v197_7_3_num_data_valid   |   in|   13|     ap_fifo|      v197_7_3|       pointer|
|v197_7_3_fifo_cap         |   in|   13|     ap_fifo|      v197_7_3|       pointer|
|v197_7_3_full_n           |   in|    1|     ap_fifo|      v197_7_3|       pointer|
|v197_7_3_write            |  out|    1|     ap_fifo|      v197_7_3|       pointer|
|v197_7_4_din              |  out|   32|     ap_fifo|      v197_7_4|       pointer|
|v197_7_4_num_data_valid   |   in|   13|     ap_fifo|      v197_7_4|       pointer|
|v197_7_4_fifo_cap         |   in|   13|     ap_fifo|      v197_7_4|       pointer|
|v197_7_4_full_n           |   in|    1|     ap_fifo|      v197_7_4|       pointer|
|v197_7_4_write            |  out|    1|     ap_fifo|      v197_7_4|       pointer|
|v197_7_5_din              |  out|   32|     ap_fifo|      v197_7_5|       pointer|
|v197_7_5_num_data_valid   |   in|   13|     ap_fifo|      v197_7_5|       pointer|
|v197_7_5_fifo_cap         |   in|   13|     ap_fifo|      v197_7_5|       pointer|
|v197_7_5_full_n           |   in|    1|     ap_fifo|      v197_7_5|       pointer|
|v197_7_5_write            |  out|    1|     ap_fifo|      v197_7_5|       pointer|
|v197_7_6_din              |  out|   32|     ap_fifo|      v197_7_6|       pointer|
|v197_7_6_num_data_valid   |   in|   13|     ap_fifo|      v197_7_6|       pointer|
|v197_7_6_fifo_cap         |   in|   13|     ap_fifo|      v197_7_6|       pointer|
|v197_7_6_full_n           |   in|    1|     ap_fifo|      v197_7_6|       pointer|
|v197_7_6_write            |  out|    1|     ap_fifo|      v197_7_6|       pointer|
|v197_7_7_din              |  out|   32|     ap_fifo|      v197_7_7|       pointer|
|v197_7_7_num_data_valid   |   in|   13|     ap_fifo|      v197_7_7|       pointer|
|v197_7_7_fifo_cap         |   in|   13|     ap_fifo|      v197_7_7|       pointer|
|v197_7_7_full_n           |   in|    1|     ap_fifo|      v197_7_7|       pointer|
|v197_7_7_write            |  out|    1|     ap_fifo|      v197_7_7|       pointer|
|v197_7_8_din              |  out|   32|     ap_fifo|      v197_7_8|       pointer|
|v197_7_8_num_data_valid   |   in|   13|     ap_fifo|      v197_7_8|       pointer|
|v197_7_8_fifo_cap         |   in|   13|     ap_fifo|      v197_7_8|       pointer|
|v197_7_8_full_n           |   in|    1|     ap_fifo|      v197_7_8|       pointer|
|v197_7_8_write            |  out|    1|     ap_fifo|      v197_7_8|       pointer|
|v197_7_9_din              |  out|   32|     ap_fifo|      v197_7_9|       pointer|
|v197_7_9_num_data_valid   |   in|   13|     ap_fifo|      v197_7_9|       pointer|
|v197_7_9_fifo_cap         |   in|   13|     ap_fifo|      v197_7_9|       pointer|
|v197_7_9_full_n           |   in|    1|     ap_fifo|      v197_7_9|       pointer|
|v197_7_9_write            |  out|    1|     ap_fifo|      v197_7_9|       pointer|
|v197_7_10_din             |  out|   32|     ap_fifo|     v197_7_10|       pointer|
|v197_7_10_num_data_valid  |   in|   13|     ap_fifo|     v197_7_10|       pointer|
|v197_7_10_fifo_cap        |   in|   13|     ap_fifo|     v197_7_10|       pointer|
|v197_7_10_full_n          |   in|    1|     ap_fifo|     v197_7_10|       pointer|
|v197_7_10_write           |  out|    1|     ap_fifo|     v197_7_10|       pointer|
|v197_7_11_din             |  out|   32|     ap_fifo|     v197_7_11|       pointer|
|v197_7_11_num_data_valid  |   in|   13|     ap_fifo|     v197_7_11|       pointer|
|v197_7_11_fifo_cap        |   in|   13|     ap_fifo|     v197_7_11|       pointer|
|v197_7_11_full_n          |   in|    1|     ap_fifo|     v197_7_11|       pointer|
|v197_7_11_write           |  out|    1|     ap_fifo|     v197_7_11|       pointer|
|v197_7_12_din             |  out|   32|     ap_fifo|     v197_7_12|       pointer|
|v197_7_12_num_data_valid  |   in|   13|     ap_fifo|     v197_7_12|       pointer|
|v197_7_12_fifo_cap        |   in|   13|     ap_fifo|     v197_7_12|       pointer|
|v197_7_12_full_n          |   in|    1|     ap_fifo|     v197_7_12|       pointer|
|v197_7_12_write           |  out|    1|     ap_fifo|     v197_7_12|       pointer|
|v197_7_13_din             |  out|   32|     ap_fifo|     v197_7_13|       pointer|
|v197_7_13_num_data_valid  |   in|   13|     ap_fifo|     v197_7_13|       pointer|
|v197_7_13_fifo_cap        |   in|   13|     ap_fifo|     v197_7_13|       pointer|
|v197_7_13_full_n          |   in|    1|     ap_fifo|     v197_7_13|       pointer|
|v197_7_13_write           |  out|    1|     ap_fifo|     v197_7_13|       pointer|
|v197_7_14_din             |  out|   32|     ap_fifo|     v197_7_14|       pointer|
|v197_7_14_num_data_valid  |   in|   13|     ap_fifo|     v197_7_14|       pointer|
|v197_7_14_fifo_cap        |   in|   13|     ap_fifo|     v197_7_14|       pointer|
|v197_7_14_full_n          |   in|    1|     ap_fifo|     v197_7_14|       pointer|
|v197_7_14_write           |  out|    1|     ap_fifo|     v197_7_14|       pointer|
|v197_7_15_din             |  out|   32|     ap_fifo|     v197_7_15|       pointer|
|v197_7_15_num_data_valid  |   in|   13|     ap_fifo|     v197_7_15|       pointer|
|v197_7_15_fifo_cap        |   in|   13|     ap_fifo|     v197_7_15|       pointer|
|v197_7_15_full_n          |   in|    1|     ap_fifo|     v197_7_15|       pointer|
|v197_7_15_write           |  out|    1|     ap_fifo|     v197_7_15|       pointer|
|v176_address0             |  out|   19|   ap_memory|          v176|         array|
|v176_ce0                  |  out|    1|   ap_memory|          v176|         array|
|v176_q0                   |   in|   32|   ap_memory|          v176|         array|
|v176_address1             |  out|   19|   ap_memory|          v176|         array|
|v176_ce1                  |  out|    1|   ap_memory|          v176|         array|
|v176_q1                   |   in|   32|   ap_memory|          v176|         array|
+--------------------------+-----+-----+------------+--------------+--------------+

