

================================================================
== Vitis HLS Report for 'node10'
================================================================
* Date:           Wed Sep 25 13:01:45 2024

* Version:        2023.2 (Build 4023990 on Oct 11 2023)
* Project:        hls_ResMLP
* Solution:       solution1 (Vivado IP Flow Target)
* Product family: virtexuplusHBM
* Target device:  xcu280-fsvh2892-2L-e


================================================================
== Performance Estimates
================================================================
+ Timing: 
    * Summary: 
    +--------+---------+----------+------------+
    |  Clock |  Target | Estimated| Uncertainty|
    +--------+---------+----------+------------+
    |ap_clk  |  3.33 ns|  1.876 ns|     0.90 ns|
    +--------+---------+----------+------------+

+ Latency: 
    * Summary: 
    +---------+---------+----------+----------+-----+-----+---------+
    |  Latency (cycles) |  Latency (absolute) |  Interval | Pipeline|
    |   min   |   max   |    min   |    max   | min | max |   Type  |
    +---------+---------+----------+----------+-----+-----+---------+
    |      261|      261|  0.869 us|  0.869 us|  261|  261|       no|
    +---------+---------+----------+----------+-----+-----+---------+

    + Detail: 
        * Instance: 
        N/A

        * Loop: 
        +-----------------+---------+---------+----------+-----------+-----------+------+----------+
        |                 |  Latency (cycles) | Iteration|  Initiation Interval  | Trip |          |
        |    Loop Name    |   min   |   max   |  Latency |  achieved |   target  | Count| Pipelined|
        +-----------------+---------+---------+----------+-----------+-----------+------+----------+
        |- loop46_loop47  |      259|      259|         5|          1|          1|   256|       yes|
        +-----------------+---------+---------+----------+-----------+-----------+------+----------+



================================================================
== Utilization Estimates
================================================================
* Summary: 
+---------------------+---------+------+---------+---------+-----+
|         Name        | BRAM_18K|  DSP |    FF   |   LUT   | URAM|
+---------------------+---------+------+---------+---------+-----+
|DSP                  |        -|     -|        -|        -|    -|
|Expression           |        -|     -|        0|      557|    -|
|FIFO                 |        -|     -|        -|        -|    -|
|Instance             |        -|     -|        -|        -|    -|
|Memory               |        -|     -|        -|        -|    -|
|Multiplexer          |        -|     -|        -|      324|    -|
|Register             |        -|     -|     1554|        -|    -|
+---------------------+---------+------+---------+---------+-----+
|Total                |        0|     0|     1554|      881|    0|
+---------------------+---------+------+---------+---------+-----+
|Available SLR        |     1344|  3008|   869120|   434560|  320|
+---------------------+---------+------+---------+---------+-----+
|Utilization SLR (%)  |        0|     0|       ~0|       ~0|    0|
+---------------------+---------+------+---------+---------+-----+
|Available            |     4032|  9024|  2607360|  1303680|  960|
+---------------------+---------+------+---------+---------+-----+
|Utilization (%)      |        0|     0|       ~0|       ~0|    0|
+---------------------+---------+------+---------+---------+-----+

+ Detail: 
    * Instance: 
    +----------------------------------+-----------------------------+---------+----+---+----+-----+
    |             Instance             |            Module           | BRAM_18K| DSP| FF| LUT| URAM|
    +----------------------------------+-----------------------------+---------+----+---+----+-----+
    |fcmp_32ns_32ns_1_2_no_dsp_1_U394  |fcmp_32ns_32ns_1_2_no_dsp_1  |        0|   0|  0|   0|    0|
    |fcmp_32ns_32ns_1_2_no_dsp_1_U395  |fcmp_32ns_32ns_1_2_no_dsp_1  |        0|   0|  0|   0|    0|
    |fcmp_32ns_32ns_1_2_no_dsp_1_U396  |fcmp_32ns_32ns_1_2_no_dsp_1  |        0|   0|  0|   0|    0|
    |fcmp_32ns_32ns_1_2_no_dsp_1_U397  |fcmp_32ns_32ns_1_2_no_dsp_1  |        0|   0|  0|   0|    0|
    |fcmp_32ns_32ns_1_2_no_dsp_1_U398  |fcmp_32ns_32ns_1_2_no_dsp_1  |        0|   0|  0|   0|    0|
    |fcmp_32ns_32ns_1_2_no_dsp_1_U399  |fcmp_32ns_32ns_1_2_no_dsp_1  |        0|   0|  0|   0|    0|
    |fcmp_32ns_32ns_1_2_no_dsp_1_U400  |fcmp_32ns_32ns_1_2_no_dsp_1  |        0|   0|  0|   0|    0|
    |fcmp_32ns_32ns_1_2_no_dsp_1_U401  |fcmp_32ns_32ns_1_2_no_dsp_1  |        0|   0|  0|   0|    0|
    |fcmp_32ns_32ns_1_2_no_dsp_1_U402  |fcmp_32ns_32ns_1_2_no_dsp_1  |        0|   0|  0|   0|    0|
    |fcmp_32ns_32ns_1_2_no_dsp_1_U403  |fcmp_32ns_32ns_1_2_no_dsp_1  |        0|   0|  0|   0|    0|
    |fcmp_32ns_32ns_1_2_no_dsp_1_U404  |fcmp_32ns_32ns_1_2_no_dsp_1  |        0|   0|  0|   0|    0|
    |fcmp_32ns_32ns_1_2_no_dsp_1_U405  |fcmp_32ns_32ns_1_2_no_dsp_1  |        0|   0|  0|   0|    0|
    |fcmp_32ns_32ns_1_2_no_dsp_1_U406  |fcmp_32ns_32ns_1_2_no_dsp_1  |        0|   0|  0|   0|    0|
    |fcmp_32ns_32ns_1_2_no_dsp_1_U407  |fcmp_32ns_32ns_1_2_no_dsp_1  |        0|   0|  0|   0|    0|
    |fcmp_32ns_32ns_1_2_no_dsp_1_U408  |fcmp_32ns_32ns_1_2_no_dsp_1  |        0|   0|  0|   0|    0|
    |fcmp_32ns_32ns_1_2_no_dsp_1_U409  |fcmp_32ns_32ns_1_2_no_dsp_1  |        0|   0|  0|   0|    0|
    +----------------------------------+-----------------------------+---------+----+---+----+-----+
    |Total                             |                             |        0|   0|  0|   0|    0|
    +----------------------------------+-----------------------------+---------+----+---+----+-----+

    * DSP: 
    N/A

    * Memory: 
    N/A

    * FIFO: 
    N/A

    * Expression: 
    +----------------------------------+----------+----+---+----+------------+------------+
    |           Variable Name          | Operation| DSP| FF| LUT| Bitwidth P0| Bitwidth P1|
    +----------------------------------+----------+----+---+----+------------+------------+
    |add_ln311_fu_404_p2               |         +|   0|  0|  16|           9|           1|
    |ap_condition_506                  |       and|   0|  0|   2|           1|           1|
    |icmp_ln311_fu_398_p2              |      icmp|   0|  0|  17|           9|          10|
    |ap_block_pp0_stage0_00001         |        or|   0|  0|   2|           1|           1|
    |ap_block_pp0_stage0_01001         |        or|   0|  0|   2|           1|           1|
    |ap_block_state2_pp0_stage0_iter1  |        or|   0|  0|   2|           1|           1|
    |ap_block_state5_pp0_stage0_iter4  |        or|   0|  0|   2|           1|           1|
    |select_ln320_10_fu_549_p3         |    select|   0|  0|  32|           1|          32|
    |select_ln320_11_fu_556_p3         |    select|   0|  0|  32|           1|          32|
    |select_ln320_12_fu_563_p3         |    select|   0|  0|  32|           1|          32|
    |select_ln320_13_fu_570_p3         |    select|   0|  0|  32|           1|          32|
    |select_ln320_14_fu_577_p3         |    select|   0|  0|  32|           1|          32|
    |select_ln320_15_fu_584_p3         |    select|   0|  0|  32|           1|          32|
    |select_ln320_1_fu_486_p3          |    select|   0|  0|  32|           1|          32|
    |select_ln320_2_fu_493_p3          |    select|   0|  0|  32|           1|          32|
    |select_ln320_3_fu_500_p3          |    select|   0|  0|  32|           1|          32|
    |select_ln320_4_fu_507_p3          |    select|   0|  0|  32|           1|          32|
    |select_ln320_5_fu_514_p3          |    select|   0|  0|  32|           1|          32|
    |select_ln320_6_fu_521_p3          |    select|   0|  0|  32|           1|          32|
    |select_ln320_7_fu_528_p3          |    select|   0|  0|  32|           1|          32|
    |select_ln320_8_fu_535_p3          |    select|   0|  0|  32|           1|          32|
    |select_ln320_9_fu_542_p3          |    select|   0|  0|  32|           1|          32|
    |select_ln320_fu_479_p3            |    select|   0|  0|  32|           1|          32|
    |ap_enable_pp0                     |       xor|   0|  0|   2|           1|           2|
    +----------------------------------+----------+----+---+----+------------+------------+
    |Total                             |          |   0|  0| 557|          40|         530|
    +----------------------------------+----------+----+---+----+------------+------------+

    * Multiplexer: 
    +--------------------------------------+----+-----------+-----+-----------+
    |                 Name                 | LUT| Input Size| Bits| Total Bits|
    +--------------------------------------+----+-----------+-----+-----------+
    |ap_done_int                           |   9|          2|    1|          2|
    |ap_enable_reg_pp0_iter1               |   9|          2|    1|          2|
    |ap_sig_allocacmp_indvar_flatten_load  |   9|          2|    9|         18|
    |indvar_flatten_fu_98                  |   9|          2|    9|         18|
    |v193_0_blk_n                          |   9|          2|    1|          2|
    |v193_10_blk_n                         |   9|          2|    1|          2|
    |v193_11_blk_n                         |   9|          2|    1|          2|
    |v193_12_blk_n                         |   9|          2|    1|          2|
    |v193_13_blk_n                         |   9|          2|    1|          2|
    |v193_14_blk_n                         |   9|          2|    1|          2|
    |v193_15_blk_n                         |   9|          2|    1|          2|
    |v193_1_blk_n                          |   9|          2|    1|          2|
    |v193_2_blk_n                          |   9|          2|    1|          2|
    |v193_3_blk_n                          |   9|          2|    1|          2|
    |v193_4_blk_n                          |   9|          2|    1|          2|
    |v193_5_blk_n                          |   9|          2|    1|          2|
    |v193_6_blk_n                          |   9|          2|    1|          2|
    |v193_7_blk_n                          |   9|          2|    1|          2|
    |v193_8_blk_n                          |   9|          2|    1|          2|
    |v193_9_blk_n                          |   9|          2|    1|          2|
    |v195_0_blk_n                          |   9|          2|    1|          2|
    |v195_10_blk_n                         |   9|          2|    1|          2|
    |v195_11_blk_n                         |   9|          2|    1|          2|
    |v195_12_blk_n                         |   9|          2|    1|          2|
    |v195_13_blk_n                         |   9|          2|    1|          2|
    |v195_14_blk_n                         |   9|          2|    1|          2|
    |v195_15_blk_n                         |   9|          2|    1|          2|
    |v195_1_blk_n                          |   9|          2|    1|          2|
    |v195_2_blk_n                          |   9|          2|    1|          2|
    |v195_3_blk_n                          |   9|          2|    1|          2|
    |v195_4_blk_n                          |   9|          2|    1|          2|
    |v195_5_blk_n                          |   9|          2|    1|          2|
    |v195_6_blk_n                          |   9|          2|    1|          2|
    |v195_7_blk_n                          |   9|          2|    1|          2|
    |v195_8_blk_n                          |   9|          2|    1|          2|
    |v195_9_blk_n                          |   9|          2|    1|          2|
    +--------------------------------------+----+-----------+-----+-----------+
    |Total                                 | 324|         72|   52|        104|
    +--------------------------------------+----+-----------+-----+-----------+

    * Register: 
    +------------------------------------+----+----+-----+-----------+
    |                Name                | FF | LUT| Bits| Const Bits|
    +------------------------------------+----+----+-----+-----------+
    |ap_CS_fsm                           |   1|   0|    1|          0|
    |ap_done_reg                         |   1|   0|    1|          0|
    |ap_enable_reg_pp0_iter1             |   1|   0|    1|          0|
    |ap_enable_reg_pp0_iter2             |   1|   0|    1|          0|
    |ap_enable_reg_pp0_iter3             |   1|   0|    1|          0|
    |ap_enable_reg_pp0_iter4             |   1|   0|    1|          0|
    |ap_loop_exit_ready_pp0_iter1_reg    |   1|   0|    1|          0|
    |ap_loop_exit_ready_pp0_iter2_reg    |   1|   0|    1|          0|
    |ap_loop_exit_ready_pp0_iter3_reg    |   1|   0|    1|          0|
    |indvar_flatten_fu_98                |   9|   0|    9|          0|
    |select_ln320_10_reg_828             |  32|   0|   32|          0|
    |select_ln320_11_reg_833             |  32|   0|   32|          0|
    |select_ln320_12_reg_838             |  32|   0|   32|          0|
    |select_ln320_13_reg_843             |  32|   0|   32|          0|
    |select_ln320_14_reg_848             |  32|   0|   32|          0|
    |select_ln320_15_reg_853             |  32|   0|   32|          0|
    |select_ln320_1_reg_783              |  32|   0|   32|          0|
    |select_ln320_2_reg_788              |  32|   0|   32|          0|
    |select_ln320_3_reg_793              |  32|   0|   32|          0|
    |select_ln320_4_reg_798              |  32|   0|   32|          0|
    |select_ln320_5_reg_803              |  32|   0|   32|          0|
    |select_ln320_6_reg_808              |  32|   0|   32|          0|
    |select_ln320_7_reg_813              |  32|   0|   32|          0|
    |select_ln320_8_reg_818              |  32|   0|   32|          0|
    |select_ln320_9_reg_823              |  32|   0|   32|          0|
    |select_ln320_reg_778                |  32|   0|   32|          0|
    |v195_0_read_reg_602                 |  32|   0|   32|          0|
    |v195_0_read_reg_602_pp0_iter2_reg   |  32|   0|   32|          0|
    |v195_10_read_reg_662                |  32|   0|   32|          0|
    |v195_10_read_reg_662_pp0_iter2_reg  |  32|   0|   32|          0|
    |v195_11_read_reg_668                |  32|   0|   32|          0|
    |v195_11_read_reg_668_pp0_iter2_reg  |  32|   0|   32|          0|
    |v195_12_read_reg_674                |  32|   0|   32|          0|
    |v195_12_read_reg_674_pp0_iter2_reg  |  32|   0|   32|          0|
    |v195_13_read_reg_680                |  32|   0|   32|          0|
    |v195_13_read_reg_680_pp0_iter2_reg  |  32|   0|   32|          0|
    |v195_14_read_reg_686                |  32|   0|   32|          0|
    |v195_14_read_reg_686_pp0_iter2_reg  |  32|   0|   32|          0|
    |v195_15_read_reg_692                |  32|   0|   32|          0|
    |v195_15_read_reg_692_pp0_iter2_reg  |  32|   0|   32|          0|
    |v195_1_read_reg_608                 |  32|   0|   32|          0|
    |v195_1_read_reg_608_pp0_iter2_reg   |  32|   0|   32|          0|
    |v195_2_read_reg_614                 |  32|   0|   32|          0|
    |v195_2_read_reg_614_pp0_iter2_reg   |  32|   0|   32|          0|
    |v195_3_read_reg_620                 |  32|   0|   32|          0|
    |v195_3_read_reg_620_pp0_iter2_reg   |  32|   0|   32|          0|
    |v195_4_read_reg_626                 |  32|   0|   32|          0|
    |v195_4_read_reg_626_pp0_iter2_reg   |  32|   0|   32|          0|
    |v195_5_read_reg_632                 |  32|   0|   32|          0|
    |v195_5_read_reg_632_pp0_iter2_reg   |  32|   0|   32|          0|
    |v195_6_read_reg_638                 |  32|   0|   32|          0|
    |v195_6_read_reg_638_pp0_iter2_reg   |  32|   0|   32|          0|
    |v195_7_read_reg_644                 |  32|   0|   32|          0|
    |v195_7_read_reg_644_pp0_iter2_reg   |  32|   0|   32|          0|
    |v195_8_read_reg_650                 |  32|   0|   32|          0|
    |v195_8_read_reg_650_pp0_iter2_reg   |  32|   0|   32|          0|
    |v195_9_read_reg_656                 |  32|   0|   32|          0|
    |v195_9_read_reg_656_pp0_iter2_reg   |  32|   0|   32|          0|
    +------------------------------------+----+----+-----+-----------+
    |Total                               |1554|   0| 1554|          0|
    +------------------------------------+----+----+-----+-----------+



================================================================
== Interface
================================================================
* Summary: 
+------------------------+-----+-----+------------+--------------+--------------+
|        RTL Ports       | Dir | Bits|  Protocol  | Source Object|    C Type    |
+------------------------+-----+-----+------------+--------------+--------------+
|ap_clk                  |   in|    1|  ap_ctrl_hs|        node10|  return value|
|ap_rst                  |   in|    1|  ap_ctrl_hs|        node10|  return value|
|ap_start                |   in|    1|  ap_ctrl_hs|        node10|  return value|
|ap_done                 |  out|    1|  ap_ctrl_hs|        node10|  return value|
|ap_continue             |   in|    1|  ap_ctrl_hs|        node10|  return value|
|ap_idle                 |  out|    1|  ap_ctrl_hs|        node10|  return value|
|ap_ready                |  out|    1|  ap_ctrl_hs|        node10|  return value|
|v195_0_dout             |   in|   32|     ap_fifo|        v195_0|       pointer|
|v195_0_num_data_valid   |   in|    9|     ap_fifo|        v195_0|       pointer|
|v195_0_fifo_cap         |   in|    9|     ap_fifo|        v195_0|       pointer|
|v195_0_empty_n          |   in|    1|     ap_fifo|        v195_0|       pointer|
|v195_0_read             |  out|    1|     ap_fifo|        v195_0|       pointer|
|v195_1_dout             |   in|   32|     ap_fifo|        v195_1|       pointer|
|v195_1_num_data_valid   |   in|    9|     ap_fifo|        v195_1|       pointer|
|v195_1_fifo_cap         |   in|    9|     ap_fifo|        v195_1|       pointer|
|v195_1_empty_n          |   in|    1|     ap_fifo|        v195_1|       pointer|
|v195_1_read             |  out|    1|     ap_fifo|        v195_1|       pointer|
|v195_2_dout             |   in|   32|     ap_fifo|        v195_2|       pointer|
|v195_2_num_data_valid   |   in|    9|     ap_fifo|        v195_2|       pointer|
|v195_2_fifo_cap         |   in|    9|     ap_fifo|        v195_2|       pointer|
|v195_2_empty_n          |   in|    1|     ap_fifo|        v195_2|       pointer|
|v195_2_read             |  out|    1|     ap_fifo|        v195_2|       pointer|
|v195_3_dout             |   in|   32|     ap_fifo|        v195_3|       pointer|
|v195_3_num_data_valid   |   in|    9|     ap_fifo|        v195_3|       pointer|
|v195_3_fifo_cap         |   in|    9|     ap_fifo|        v195_3|       pointer|
|v195_3_empty_n          |   in|    1|     ap_fifo|        v195_3|       pointer|
|v195_3_read             |  out|    1|     ap_fifo|        v195_3|       pointer|
|v195_4_dout             |   in|   32|     ap_fifo|        v195_4|       pointer|
|v195_4_num_data_valid   |   in|    9|     ap_fifo|        v195_4|       pointer|
|v195_4_fifo_cap         |   in|    9|     ap_fifo|        v195_4|       pointer|
|v195_4_empty_n          |   in|    1|     ap_fifo|        v195_4|       pointer|
|v195_4_read             |  out|    1|     ap_fifo|        v195_4|       pointer|
|v195_5_dout             |   in|   32|     ap_fifo|        v195_5|       pointer|
|v195_5_num_data_valid   |   in|    9|     ap_fifo|        v195_5|       pointer|
|v195_5_fifo_cap         |   in|    9|     ap_fifo|        v195_5|       pointer|
|v195_5_empty_n          |   in|    1|     ap_fifo|        v195_5|       pointer|
|v195_5_read             |  out|    1|     ap_fifo|        v195_5|       pointer|
|v195_6_dout             |   in|   32|     ap_fifo|        v195_6|       pointer|
|v195_6_num_data_valid   |   in|    9|     ap_fifo|        v195_6|       pointer|
|v195_6_fifo_cap         |   in|    9|     ap_fifo|        v195_6|       pointer|
|v195_6_empty_n          |   in|    1|     ap_fifo|        v195_6|       pointer|
|v195_6_read             |  out|    1|     ap_fifo|        v195_6|       pointer|
|v195_7_dout             |   in|   32|     ap_fifo|        v195_7|       pointer|
|v195_7_num_data_valid   |   in|    9|     ap_fifo|        v195_7|       pointer|
|v195_7_fifo_cap         |   in|    9|     ap_fifo|        v195_7|       pointer|
|v195_7_empty_n          |   in|    1|     ap_fifo|        v195_7|       pointer|
|v195_7_read             |  out|    1|     ap_fifo|        v195_7|       pointer|
|v195_8_dout             |   in|   32|     ap_fifo|        v195_8|       pointer|
|v195_8_num_data_valid   |   in|    9|     ap_fifo|        v195_8|       pointer|
|v195_8_fifo_cap         |   in|    9|     ap_fifo|        v195_8|       pointer|
|v195_8_empty_n          |   in|    1|     ap_fifo|        v195_8|       pointer|
|v195_8_read             |  out|    1|     ap_fifo|        v195_8|       pointer|
|v195_9_dout             |   in|   32|     ap_fifo|        v195_9|       pointer|
|v195_9_num_data_valid   |   in|    9|     ap_fifo|        v195_9|       pointer|
|v195_9_fifo_cap         |   in|    9|     ap_fifo|        v195_9|       pointer|
|v195_9_empty_n          |   in|    1|     ap_fifo|        v195_9|       pointer|
|v195_9_read             |  out|    1|     ap_fifo|        v195_9|       pointer|
|v195_10_dout            |   in|   32|     ap_fifo|       v195_10|       pointer|
|v195_10_num_data_valid  |   in|    9|     ap_fifo|       v195_10|       pointer|
|v195_10_fifo_cap        |   in|    9|     ap_fifo|       v195_10|       pointer|
|v195_10_empty_n         |   in|    1|     ap_fifo|       v195_10|       pointer|
|v195_10_read            |  out|    1|     ap_fifo|       v195_10|       pointer|
|v195_11_dout            |   in|   32|     ap_fifo|       v195_11|       pointer|
|v195_11_num_data_valid  |   in|    9|     ap_fifo|       v195_11|       pointer|
|v195_11_fifo_cap        |   in|    9|     ap_fifo|       v195_11|       pointer|
|v195_11_empty_n         |   in|    1|     ap_fifo|       v195_11|       pointer|
|v195_11_read            |  out|    1|     ap_fifo|       v195_11|       pointer|
|v195_12_dout            |   in|   32|     ap_fifo|       v195_12|       pointer|
|v195_12_num_data_valid  |   in|    9|     ap_fifo|       v195_12|       pointer|
|v195_12_fifo_cap        |   in|    9|     ap_fifo|       v195_12|       pointer|
|v195_12_empty_n         |   in|    1|     ap_fifo|       v195_12|       pointer|
|v195_12_read            |  out|    1|     ap_fifo|       v195_12|       pointer|
|v195_13_dout            |   in|   32|     ap_fifo|       v195_13|       pointer|
|v195_13_num_data_valid  |   in|    9|     ap_fifo|       v195_13|       pointer|
|v195_13_fifo_cap        |   in|    9|     ap_fifo|       v195_13|       pointer|
|v195_13_empty_n         |   in|    1|     ap_fifo|       v195_13|       pointer|
|v195_13_read            |  out|    1|     ap_fifo|       v195_13|       pointer|
|v195_14_dout            |   in|   32|     ap_fifo|       v195_14|       pointer|
|v195_14_num_data_valid  |   in|    9|     ap_fifo|       v195_14|       pointer|
|v195_14_fifo_cap        |   in|    9|     ap_fifo|       v195_14|       pointer|
|v195_14_empty_n         |   in|    1|     ap_fifo|       v195_14|       pointer|
|v195_14_read            |  out|    1|     ap_fifo|       v195_14|       pointer|
|v195_15_dout            |   in|   32|     ap_fifo|       v195_15|       pointer|
|v195_15_num_data_valid  |   in|    9|     ap_fifo|       v195_15|       pointer|
|v195_15_fifo_cap        |   in|    9|     ap_fifo|       v195_15|       pointer|
|v195_15_empty_n         |   in|    1|     ap_fifo|       v195_15|       pointer|
|v195_15_read            |  out|    1|     ap_fifo|       v195_15|       pointer|
|v193_0_din              |  out|   32|     ap_fifo|        v193_0|       pointer|
|v193_0_num_data_valid   |   in|    9|     ap_fifo|        v193_0|       pointer|
|v193_0_fifo_cap         |   in|    9|     ap_fifo|        v193_0|       pointer|
|v193_0_full_n           |   in|    1|     ap_fifo|        v193_0|       pointer|
|v193_0_write            |  out|    1|     ap_fifo|        v193_0|       pointer|
|v193_1_din              |  out|   32|     ap_fifo|        v193_1|       pointer|
|v193_1_num_data_valid   |   in|    9|     ap_fifo|        v193_1|       pointer|
|v193_1_fifo_cap         |   in|    9|     ap_fifo|        v193_1|       pointer|
|v193_1_full_n           |   in|    1|     ap_fifo|        v193_1|       pointer|
|v193_1_write            |  out|    1|     ap_fifo|        v193_1|       pointer|
|v193_2_din              |  out|   32|     ap_fifo|        v193_2|       pointer|
|v193_2_num_data_valid   |   in|    9|     ap_fifo|        v193_2|       pointer|
|v193_2_fifo_cap         |   in|    9|     ap_fifo|        v193_2|       pointer|
|v193_2_full_n           |   in|    1|     ap_fifo|        v193_2|       pointer|
|v193_2_write            |  out|    1|     ap_fifo|        v193_2|       pointer|
|v193_3_din              |  out|   32|     ap_fifo|        v193_3|       pointer|
|v193_3_num_data_valid   |   in|    9|     ap_fifo|        v193_3|       pointer|
|v193_3_fifo_cap         |   in|    9|     ap_fifo|        v193_3|       pointer|
|v193_3_full_n           |   in|    1|     ap_fifo|        v193_3|       pointer|
|v193_3_write            |  out|    1|     ap_fifo|        v193_3|       pointer|
|v193_4_din              |  out|   32|     ap_fifo|        v193_4|       pointer|
|v193_4_num_data_valid   |   in|    9|     ap_fifo|        v193_4|       pointer|
|v193_4_fifo_cap         |   in|    9|     ap_fifo|        v193_4|       pointer|
|v193_4_full_n           |   in|    1|     ap_fifo|        v193_4|       pointer|
|v193_4_write            |  out|    1|     ap_fifo|        v193_4|       pointer|
|v193_5_din              |  out|   32|     ap_fifo|        v193_5|       pointer|
|v193_5_num_data_valid   |   in|    9|     ap_fifo|        v193_5|       pointer|
|v193_5_fifo_cap         |   in|    9|     ap_fifo|        v193_5|       pointer|
|v193_5_full_n           |   in|    1|     ap_fifo|        v193_5|       pointer|
|v193_5_write            |  out|    1|     ap_fifo|        v193_5|       pointer|
|v193_6_din              |  out|   32|     ap_fifo|        v193_6|       pointer|
|v193_6_num_data_valid   |   in|    9|     ap_fifo|        v193_6|       pointer|
|v193_6_fifo_cap         |   in|    9|     ap_fifo|        v193_6|       pointer|
|v193_6_full_n           |   in|    1|     ap_fifo|        v193_6|       pointer|
|v193_6_write            |  out|    1|     ap_fifo|        v193_6|       pointer|
|v193_7_din              |  out|   32|     ap_fifo|        v193_7|       pointer|
|v193_7_num_data_valid   |   in|    9|     ap_fifo|        v193_7|       pointer|
|v193_7_fifo_cap         |   in|    9|     ap_fifo|        v193_7|       pointer|
|v193_7_full_n           |   in|    1|     ap_fifo|        v193_7|       pointer|
|v193_7_write            |  out|    1|     ap_fifo|        v193_7|       pointer|
|v193_8_din              |  out|   32|     ap_fifo|        v193_8|       pointer|
|v193_8_num_data_valid   |   in|    9|     ap_fifo|        v193_8|       pointer|
|v193_8_fifo_cap         |   in|    9|     ap_fifo|        v193_8|       pointer|
|v193_8_full_n           |   in|    1|     ap_fifo|        v193_8|       pointer|
|v193_8_write            |  out|    1|     ap_fifo|        v193_8|       pointer|
|v193_9_din              |  out|   32|     ap_fifo|        v193_9|       pointer|
|v193_9_num_data_valid   |   in|    9|     ap_fifo|        v193_9|       pointer|
|v193_9_fifo_cap         |   in|    9|     ap_fifo|        v193_9|       pointer|
|v193_9_full_n           |   in|    1|     ap_fifo|        v193_9|       pointer|
|v193_9_write            |  out|    1|     ap_fifo|        v193_9|       pointer|
|v193_10_din             |  out|   32|     ap_fifo|       v193_10|       pointer|
|v193_10_num_data_valid  |   in|    9|     ap_fifo|       v193_10|       pointer|
|v193_10_fifo_cap        |   in|    9|     ap_fifo|       v193_10|       pointer|
|v193_10_full_n          |   in|    1|     ap_fifo|       v193_10|       pointer|
|v193_10_write           |  out|    1|     ap_fifo|       v193_10|       pointer|
|v193_11_din             |  out|   32|     ap_fifo|       v193_11|       pointer|
|v193_11_num_data_valid  |   in|    9|     ap_fifo|       v193_11|       pointer|
|v193_11_fifo_cap        |   in|    9|     ap_fifo|       v193_11|       pointer|
|v193_11_full_n          |   in|    1|     ap_fifo|       v193_11|       pointer|
|v193_11_write           |  out|    1|     ap_fifo|       v193_11|       pointer|
|v193_12_din             |  out|   32|     ap_fifo|       v193_12|       pointer|
|v193_12_num_data_valid  |   in|    9|     ap_fifo|       v193_12|       pointer|
|v193_12_fifo_cap        |   in|    9|     ap_fifo|       v193_12|       pointer|
|v193_12_full_n          |   in|    1|     ap_fifo|       v193_12|       pointer|
|v193_12_write           |  out|    1|     ap_fifo|       v193_12|       pointer|
|v193_13_din             |  out|   32|     ap_fifo|       v193_13|       pointer|
|v193_13_num_data_valid  |   in|    9|     ap_fifo|       v193_13|       pointer|
|v193_13_fifo_cap        |   in|    9|     ap_fifo|       v193_13|       pointer|
|v193_13_full_n          |   in|    1|     ap_fifo|       v193_13|       pointer|
|v193_13_write           |  out|    1|     ap_fifo|       v193_13|       pointer|
|v193_14_din             |  out|   32|     ap_fifo|       v193_14|       pointer|
|v193_14_num_data_valid  |   in|    9|     ap_fifo|       v193_14|       pointer|
|v193_14_fifo_cap        |   in|    9|     ap_fifo|       v193_14|       pointer|
|v193_14_full_n          |   in|    1|     ap_fifo|       v193_14|       pointer|
|v193_14_write           |  out|    1|     ap_fifo|       v193_14|       pointer|
|v193_15_din             |  out|   32|     ap_fifo|       v193_15|       pointer|
|v193_15_num_data_valid  |   in|    9|     ap_fifo|       v193_15|       pointer|
|v193_15_fifo_cap        |   in|    9|     ap_fifo|       v193_15|       pointer|
|v193_15_full_n          |   in|    1|     ap_fifo|       v193_15|       pointer|
|v193_15_write           |  out|    1|     ap_fifo|       v193_15|       pointer|
+------------------------+-----+-----+------------+--------------+--------------+

