

================================================================
== Vitis HLS Report for 'node9'
================================================================
* Date:           Wed Oct  2 17:52:08 2024

* Version:        2023.2 (Build 4023990 on Oct 11 2023)
* Project:        hls_MultiHeadSelfAttention1
* Solution:       solution1 (Vivado IP Flow Target)
* Product family: virtexuplusHBM
* Target device:  xcu280-fsvh2892-2L-e


================================================================
== Performance Estimates
================================================================
+ Timing: 
    * Summary: 
    +--------+---------+----------+------------+
    |  Clock |  Target | Estimated| Uncertainty|
    +--------+---------+----------+------------+
    |ap_clk  |  3.33 ns|  2.697 ns|     0.90 ns|
    +--------+---------+----------+------------+

+ Latency: 
    * Summary: 
    +---------+---------+----------+----------+--------+--------+---------+
    |  Latency (cycles) |  Latency (absolute) |     Interval    | Pipeline|
    |   min   |   max   |    min   |    max   |   min  |   max  |   Type  |
    +---------+---------+----------+----------+--------+--------+---------+
    |   131078|   131078|  0.436 ms|  0.436 ms|  131078|  131078|       no|
    +---------+---------+----------+----------+--------+--------+---------+

    + Detail: 
        * Instance: 
        N/A

        * Loop: 
        +------------------------+---------+---------+----------+-----------+-----------+-------+----------+
        |                        |  Latency (cycles) | Iteration|  Initiation Interval  |  Trip |          |
        |        Loop Name       |   min   |   max   |  Latency |  achieved |   target  | Count | Pipelined|
        +------------------------+---------+---------+----------+-----------+-----------+-------+----------+
        |- loop24_loop25_loop26  |   131076|   131076|         9|          4|          1|  32768|       yes|
        +------------------------+---------+---------+----------+-----------+-----------+-------+----------+



================================================================
== Utilization Estimates
================================================================
* Summary: 
+---------------------+---------+------+---------+---------+-----+
|         Name        | BRAM_18K|  DSP |    FF   |   LUT   | URAM|
+---------------------+---------+------+---------+---------+-----+
|DSP                  |        -|     -|        -|        -|    -|
|Expression           |        -|     -|        0|      304|    -|
|FIFO                 |        -|     -|        -|        -|    -|
|Instance             |        -|     0|      243|      338|    -|
|Memory               |        1|     -|        0|        0|    0|
|Multiplexer          |        -|     -|        -|      216|    -|
|Register             |        -|     -|      228|        -|    -|
+---------------------+---------+------+---------+---------+-----+
|Total                |        1|     0|      471|      858|    0|
+---------------------+---------+------+---------+---------+-----+
|Available SLR        |     1344|  3008|   869120|   434560|  320|
+---------------------+---------+------+---------+---------+-----+
|Utilization SLR (%)  |       ~0|     0|       ~0|       ~0|    0|
+---------------------+---------+------+---------+---------+-----+
|Available            |     4032|  9024|  2607360|  1303680|  960|
+---------------------+---------+------+---------+---------+-----+
|Utilization (%)      |       ~0|     0|       ~0|       ~0|    0|
+---------------------+---------+------+---------+---------+-----+

+ Detail: 
    * Instance: 
    +----------------------------------+------------------------------+---------+----+-----+-----+-----+
    |             Instance             |            Module            | BRAM_18K| DSP|  FF | LUT | URAM|
    +----------------------------------+------------------------------+---------+----+-----+-----+-----+
    |fadd_32ns_32ns_32_5_no_dsp_1_U67  |fadd_32ns_32ns_32_5_no_dsp_1  |        0|   0|  243|  338|    0|
    +----------------------------------+------------------------------+---------+----+-----+-----+-----+
    |Total                             |                              |        0|   0|  243|  338|    0|
    +----------------------------------+------------------------------+---------+----+-----+-----+-----+

    * DSP: 
    N/A

    * Memory: 
    +-------+-------------------------+---------+---+----+-----+------+-----+------+-------------+
    | Memory|          Module         | BRAM_18K| FF| LUT| URAM| Words| Bits| Banks| W*Bits*Banks|
    +-------+-------------------------+---------+---+----+-----+------+-----+------+-------------+
    |v86_U  |node9_v86_RAM_AUTO_1R1W  |        1|  0|   0|    0|   512|   32|     1|        16384|
    +-------+-------------------------+---------+---+----+-----+------+-----+------+-------------+
    |Total  |                         |        1|  0|   0|    0|   512|   32|     1|        16384|
    +-------+-------------------------+---------+---+----+-----+------+-----+------+-------------+

    * FIFO: 
    N/A

    * Expression: 
    +----------------------------------+----------+----+---+----+------------+------------+
    |           Variable Name          | Operation| DSP| FF| LUT| Bitwidth P0| Bitwidth P1|
    +----------------------------------+----------+----+---+----+------------+------------+
    |add_ln229_1_fu_173_p2             |         +|   0|  0|  23|          16|           1|
    |add_ln229_fu_188_p2               |         +|   0|  0|  12|           4|           1|
    |add_ln230_1_fu_278_p2             |         +|   0|  0|  21|          14|           1|
    |add_ln230_fu_244_p2               |         +|   0|  0|  14|           7|           1|
    |empty_9_fu_317_p2                 |         +|   0|  0|  16|           9|           9|
    |v89_1_fu_338_p2                   |         +|   0|  0|  14|           7|           1|
    |and_ln229_fu_226_p2               |       and|   0|  0|   2|           1|           1|
    |ap_block_pp0_stage2_11001         |       and|   0|  0|   2|           1|           1|
    |ap_block_state3_pp0_stage2_iter0  |       and|   0|  0|   2|           1|           1|
    |ap_block_state9_pp0_stage0_iter2  |       and|   0|  0|   2|           1|           1|
    |ap_condition_212                  |       and|   0|  0|   2|           1|           1|
    |ap_condition_451                  |       and|   0|  0|   2|           1|           1|
    |ap_condition_457                  |       and|   0|  0|   2|           1|           1|
    |ap_condition_463                  |       and|   0|  0|   2|           1|           1|
    |ap_condition_466                  |       and|   0|  0|   2|           1|           1|
    |icmp_ln229_fu_167_p2              |      icmp|   0|  0|  24|          16|          17|
    |icmp_ln230_fu_194_p2              |      icmp|   0|  0|  21|          14|          13|
    |icmp_ln231_1_fu_343_p2            |      icmp|   0|  0|  15|           7|           8|
    |icmp_ln231_fu_220_p2              |      icmp|   0|  0|  15|           7|           8|
    |icmp_ln235_fu_328_p2              |      icmp|   0|  0|  14|           7|           1|
    |icmp_ln241_fu_333_p2              |      icmp|   0|  0|  14|           7|           6|
    |ap_block_pp0_stage0_01001         |        or|   0|  0|   2|           1|           1|
    |or_ln229_fu_208_p2                |        or|   0|  0|   2|           1|           1|
    |or_ln230_1_fu_256_p2              |        or|   0|  0|   2|           1|           1|
    |or_ln230_fu_250_p2                |        or|   0|  0|   2|           1|           1|
    |grp_fu_132_p1                     |    select|   0|  0|  32|           1|           1|
    |select_ln229_1_fu_232_p3          |    select|   0|  0|   4|           1|           4|
    |select_ln229_fu_200_p3            |    select|   0|  0|   7|           1|           1|
    |select_ln230_1_fu_270_p3          |    select|   0|  0|   7|           1|           7|
    |select_ln230_2_fu_284_p3          |    select|   0|  0|  14|           1|           1|
    |select_ln230_fu_262_p3            |    select|   0|  0|   7|           1|           1|
    |ap_enable_pp0                     |       xor|   0|  0|   2|           1|           2|
    |xor_ln229_fu_214_p2               |       xor|   0|  0|   2|           1|           2|
    +----------------------------------+----------+----+---+----+------------+------------+
    |Total                             |          |   0|  0| 304|         136|          99|
    +----------------------------------+----------+----+---+----+------------+------------+

    * Multiplexer: 
    +----------------------------------------+----+-----------+-----+-----------+
    |                  Name                  | LUT| Input Size| Bits| Total Bits|
    +----------------------------------------+----+-----------+-----+-----------+
    |ap_NS_fsm                               |  26|          5|    1|          5|
    |ap_done_int                             |   9|          2|    1|          2|
    |ap_enable_reg_pp0_iter0                 |   9|          2|    1|          2|
    |ap_enable_reg_pp0_iter1                 |   9|          2|    1|          2|
    |ap_enable_reg_pp0_iter2                 |   9|          2|    1|          2|
    |ap_loop_exit_ready_pp0_iter1_reg        |   9|          2|    1|          2|
    |ap_sig_allocacmp_indvar_flatten14_load  |   9|          2|   16|         32|
    |ap_sig_allocacmp_indvar_flatten_load    |   9|          2|   14|         28|
    |ap_sig_allocacmp_p_load                 |  14|          3|   32|         96|
    |ap_sig_allocacmp_v87_load               |   9|          2|    4|          8|
    |ap_sig_allocacmp_v88_load               |   9|          2|    7|         14|
    |ap_sig_allocacmp_v89_load               |   9|          2|    7|         14|
    |empty_fu_88                             |   9|          2|   32|         64|
    |indvar_flatten14_fu_84                  |   9|          2|   16|         32|
    |indvar_flatten_fu_76                    |   9|          2|   14|         28|
    |v276_blk_n                              |   9|          2|    1|          2|
    |v278_blk_n                              |   9|          2|    1|          2|
    |v86_address0                            |  14|          3|    9|         27|
    |v87_fu_80                               |   9|          2|    4|          8|
    |v88_fu_72                               |   9|          2|    7|         14|
    |v89_fu_68                               |   9|          2|    7|         14|
    +----------------------------------------+----+-----------+-----+-----------+
    |Total                                   | 216|         47|  177|        398|
    +----------------------------------------+----+-----------+-----+-----------+

    * Register: 
    +------------------------------------+----+----+-----+-----------+
    |                Name                | FF | LUT| Bits| Const Bits|
    +------------------------------------+----+----+-----+-----------+
    |ap_CS_fsm                           |   4|   0|    4|          0|
    |ap_done_reg                         |   1|   0|    1|          0|
    |ap_enable_reg_pp0_iter0_reg         |   1|   0|    1|          0|
    |ap_enable_reg_pp0_iter1             |   1|   0|    1|          0|
    |ap_enable_reg_pp0_iter2             |   1|   0|    1|          0|
    |ap_loop_exit_ready_pp0_iter1_reg    |   1|   0|    1|          0|
    |empty_fu_88                         |  32|   0|   32|          0|
    |icmp_ln229_reg_428                  |   1|   0|    1|          0|
    |icmp_ln229_reg_428_pp0_iter1_reg    |   1|   0|    1|          0|
    |icmp_ln231_1_reg_468                |   1|   0|    1|          0|
    |icmp_ln231_1_reg_468_pp0_iter1_reg  |   1|   0|    1|          0|
    |icmp_ln235_reg_459                  |   1|   0|    1|          0|
    |icmp_ln241_reg_464                  |   1|   0|    1|          0|
    |icmp_ln241_reg_464_pp0_iter1_reg    |   1|   0|    1|          0|
    |indvar_flatten14_fu_84              |  16|   0|   16|          0|
    |indvar_flatten_fu_76                |  14|   0|   14|          0|
    |or_ln230_reg_437                    |   1|   0|    1|          0|
    |select_ln230_1_reg_448              |   7|   0|    7|          0|
    |select_ln230_reg_441                |   7|   0|    7|          0|
    |trunc_ln230_reg_432                 |   3|   0|    3|          0|
    |v278_read_reg_477                   |  32|   0|   32|          0|
    |v86_addr_reg_454                    |   9|   0|    9|          0|
    |v86_addr_reg_454_pp0_iter1_reg      |   9|   0|    9|          0|
    |v86_load_reg_472                    |  32|   0|   32|          0|
    |v87_fu_80                           |   4|   0|    4|          0|
    |v88_fu_72                           |   7|   0|    7|          0|
    |v89_fu_68                           |   7|   0|    7|          0|
    |v92_reg_492                         |  32|   0|   32|          0|
    +------------------------------------+----+----+-----+-----------+
    |Total                               | 228|   0|  228|          0|
    +------------------------------------+----+----+-----+-----------+



================================================================
== Interface
================================================================
* Summary: 
+---------------------+-----+-----+------------+--------------+--------------+
|      RTL Ports      | Dir | Bits|  Protocol  | Source Object|    C Type    |
+---------------------+-----+-----+------------+--------------+--------------+
|ap_clk               |   in|    1|  ap_ctrl_hs|         node9|  return value|
|ap_rst               |   in|    1|  ap_ctrl_hs|         node9|  return value|
|ap_start             |   in|    1|  ap_ctrl_hs|         node9|  return value|
|ap_done              |  out|    1|  ap_ctrl_hs|         node9|  return value|
|ap_continue          |   in|    1|  ap_ctrl_hs|         node9|  return value|
|ap_idle              |  out|    1|  ap_ctrl_hs|         node9|  return value|
|ap_ready             |  out|    1|  ap_ctrl_hs|         node9|  return value|
|v278_dout            |   in|   32|     ap_fifo|          v278|       pointer|
|v278_num_data_valid  |   in|   16|     ap_fifo|          v278|       pointer|
|v278_fifo_cap        |   in|   16|     ap_fifo|          v278|       pointer|
|v278_empty_n         |   in|    1|     ap_fifo|          v278|       pointer|
|v278_read            |  out|    1|     ap_fifo|          v278|       pointer|
|v276_din             |  out|   32|     ap_fifo|          v276|       pointer|
|v276_num_data_valid  |   in|   10|     ap_fifo|          v276|       pointer|
|v276_fifo_cap        |   in|   10|     ap_fifo|          v276|       pointer|
|v276_full_n          |   in|    1|     ap_fifo|          v276|       pointer|
|v276_write           |  out|    1|     ap_fifo|          v276|       pointer|
+---------------------+-----+-----+------------+--------------+--------------+

