

================================================================
== Vitis HLS Report for 'node11'
================================================================
* Date:           Tue Sep 24 20:57:12 2024

* Version:        2023.2 (Build 4023990 on Oct 11 2023)
* Project:        hls_ResMLP
* Solution:       solution1 (Vivado IP Flow Target)
* Product family: virtexuplusHBM
* Target device:  xcu280-fsvh2892-2L-e


================================================================
== Performance Estimates
================================================================
+ Timing: 
    * Summary: 
    +--------+---------+----------+------------+
    |  Clock |  Target | Estimated| Uncertainty|
    +--------+---------+----------+------------+
    |ap_clk  |  3.33 ns|  2.480 ns|     0.90 ns|
    +--------+---------+----------+------------+

+ Latency: 
    * Summary: 
    +---------+---------+----------+----------+-----+-----+---------+
    |  Latency (cycles) |  Latency (absolute) |  Interval | Pipeline|
    |   min   |   max   |    min   |    max   | min | max |   Type  |
    +---------+---------+----------+----------+-----+-----+---------+
    |      266|      266|  0.886 us|  0.886 us|  266|  266|       no|
    +---------+---------+----------+----------+-----+-----+---------+

    + Detail: 
        * Instance: 
        N/A

        * Loop: 
        +-----------------+---------+---------+----------+-----------+-----------+------+----------+
        |                 |  Latency (cycles) | Iteration|  Initiation Interval  | Trip |          |
        |    Loop Name    |   min   |   max   |  Latency |  achieved |   target  | Count| Pipelined|
        +-----------------+---------+---------+----------+-----------+-----------+------+----------+
        |- loop50_loop51  |      264|      264|        10|          1|          1|   256|       yes|
        +-----------------+---------+---------+----------+-----------+-----------+------+----------+



================================================================
== Utilization Estimates
================================================================
* Summary: 
+---------------------+---------+------+---------+---------+-----+
|         Name        | BRAM_18K|  DSP |    FF   |   LUT   | URAM|
+---------------------+---------+------+---------+---------+-----+
|DSP                  |        -|     -|        -|        -|    -|
|Expression           |        -|     -|        0|       76|    -|
|FIFO                 |        -|     -|        -|        -|    -|
|Instance             |        -|    32|     5088|     3168|    -|
|Memory               |        -|     -|        -|        -|    -|
|Multiplexer          |        -|     -|        -|      495|    -|
|Register             |        -|     -|     1571|        -|    -|
+---------------------+---------+------+---------+---------+-----+
|Total                |        0|    32|     6659|     3739|    0|
+---------------------+---------+------+---------+---------+-----+
|Available SLR        |     1344|  3008|   869120|   434560|  320|
+---------------------+---------+------+---------+---------+-----+
|Utilization SLR (%)  |        0|     1|       ~0|       ~0|    0|
+---------------------+---------+------+---------+---------+-----+
|Available            |     4032|  9024|  2607360|  1303680|  960|
+---------------------+---------+------+---------+---------+-----+
|Utilization (%)      |        0|    ~0|       ~0|       ~0|    0|
+---------------------+---------+------+---------+---------+-----+

+ Detail: 
    * Instance: 
    +-------------------------------------+--------------------------------+---------+----+-----+-----+-----+
    |               Instance              |             Module             | BRAM_18K| DSP|  FF | LUT | URAM|
    +-------------------------------------+--------------------------------+---------+----+-----+-----+-----+
    |fadd_32ns_32ns_32_7_full_dsp_1_U669  |fadd_32ns_32ns_32_7_full_dsp_1  |        0|   2|  318|  198|    0|
    |fadd_32ns_32ns_32_7_full_dsp_1_U670  |fadd_32ns_32ns_32_7_full_dsp_1  |        0|   2|  318|  198|    0|
    |fadd_32ns_32ns_32_7_full_dsp_1_U671  |fadd_32ns_32ns_32_7_full_dsp_1  |        0|   2|  318|  198|    0|
    |fadd_32ns_32ns_32_7_full_dsp_1_U672  |fadd_32ns_32ns_32_7_full_dsp_1  |        0|   2|  318|  198|    0|
    |fadd_32ns_32ns_32_7_full_dsp_1_U673  |fadd_32ns_32ns_32_7_full_dsp_1  |        0|   2|  318|  198|    0|
    |fadd_32ns_32ns_32_7_full_dsp_1_U674  |fadd_32ns_32ns_32_7_full_dsp_1  |        0|   2|  318|  198|    0|
    |fadd_32ns_32ns_32_7_full_dsp_1_U675  |fadd_32ns_32ns_32_7_full_dsp_1  |        0|   2|  318|  198|    0|
    |fadd_32ns_32ns_32_7_full_dsp_1_U676  |fadd_32ns_32ns_32_7_full_dsp_1  |        0|   2|  318|  198|    0|
    |fadd_32ns_32ns_32_7_full_dsp_1_U677  |fadd_32ns_32ns_32_7_full_dsp_1  |        0|   2|  318|  198|    0|
    |fadd_32ns_32ns_32_7_full_dsp_1_U678  |fadd_32ns_32ns_32_7_full_dsp_1  |        0|   2|  318|  198|    0|
    |fadd_32ns_32ns_32_7_full_dsp_1_U679  |fadd_32ns_32ns_32_7_full_dsp_1  |        0|   2|  318|  198|    0|
    |fadd_32ns_32ns_32_7_full_dsp_1_U680  |fadd_32ns_32ns_32_7_full_dsp_1  |        0|   2|  318|  198|    0|
    |fadd_32ns_32ns_32_7_full_dsp_1_U681  |fadd_32ns_32ns_32_7_full_dsp_1  |        0|   2|  318|  198|    0|
    |fadd_32ns_32ns_32_7_full_dsp_1_U682  |fadd_32ns_32ns_32_7_full_dsp_1  |        0|   2|  318|  198|    0|
    |fadd_32ns_32ns_32_7_full_dsp_1_U683  |fadd_32ns_32ns_32_7_full_dsp_1  |        0|   2|  318|  198|    0|
    |fadd_32ns_32ns_32_7_full_dsp_1_U684  |fadd_32ns_32ns_32_7_full_dsp_1  |        0|   2|  318|  198|    0|
    +-------------------------------------+--------------------------------+---------+----+-----+-----+-----+
    |Total                                |                                |        0|  32| 5088| 3168|    0|
    +-------------------------------------+--------------------------------+---------+----+-----+-----+-----+

    * DSP: 
    N/A

    * Memory: 
    N/A

    * FIFO: 
    N/A

    * Expression: 
    +-----------------------------------+----------+----+---+----+------------+------------+
    |           Variable Name           | Operation| DSP| FF| LUT| Bitwidth P0| Bitwidth P1|
    +-----------------------------------+----------+----+---+----+------------+------------+
    |add_ln355_fu_789_p2                |         +|   0|  0|  16|           9|           1|
    |add_ln356_fu_832_p2                |         +|   0|  0|  13|           6|           1|
    |ap_condition_1025                  |       and|   0|  0|   2|           1|           1|
    |icmp_ln355_fu_783_p2               |      icmp|   0|  0|  17|           9|          10|
    |icmp_ln356_fu_798_p2               |      icmp|   0|  0|  14|           6|           7|
    |ap_block_pp0_stage0_01001          |        or|   0|  0|   2|           1|           1|
    |ap_block_state10_pp0_stage0_iter9  |        or|   0|  0|   2|           1|           1|
    |ap_block_state2_pp0_stage0_iter1   |        or|   0|  0|   2|           1|           1|
    |select_ln355_fu_804_p3             |    select|   0|  0|   6|           1|           1|
    |ap_enable_pp0                      |       xor|   0|  0|   2|           1|           2|
    +-----------------------------------+----------+----+---+----+------------+------------+
    |Total                              |          |   0|  0|  76|          36|          26|
    +-----------------------------------+----------+----+---+----+------------+------------+

    * Multiplexer: 
    +--------------------------------------+----+-----------+-----+-----------+
    |                 Name                 | LUT| Input Size| Bits| Total Bits|
    +--------------------------------------+----+-----------+-----+-----------+
    |ap_done_int                           |   9|          2|    1|          2|
    |ap_enable_reg_pp0_iter1               |   9|          2|    1|          2|
    |ap_sig_allocacmp_indvar_flatten_load  |   9|          2|    9|         18|
    |ap_sig_allocacmp_v142_load            |   9|          2|    6|         12|
    |indvar_flatten_fu_174                 |   9|          2|    9|         18|
    |real_start                            |   9|          2|    1|          2|
    |v142_fu_170                           |   9|          2|    6|         12|
    |v194_0_blk_n                          |   9|          2|    1|          2|
    |v194_10_blk_n                         |   9|          2|    1|          2|
    |v194_11_blk_n                         |   9|          2|    1|          2|
    |v194_12_blk_n                         |   9|          2|    1|          2|
    |v194_13_blk_n                         |   9|          2|    1|          2|
    |v194_14_blk_n                         |   9|          2|    1|          2|
    |v194_15_blk_n                         |   9|          2|    1|          2|
    |v194_1_blk_n                          |   9|          2|    1|          2|
    |v194_2_blk_n                          |   9|          2|    1|          2|
    |v194_3_blk_n                          |   9|          2|    1|          2|
    |v194_4_blk_n                          |   9|          2|    1|          2|
    |v194_5_blk_n                          |   9|          2|    1|          2|
    |v194_6_blk_n                          |   9|          2|    1|          2|
    |v194_7_blk_n                          |   9|          2|    1|          2|
    |v194_8_blk_n                          |   9|          2|    1|          2|
    |v194_9_blk_n                          |   9|          2|    1|          2|
    |v195_0_blk_n                          |   9|          2|    1|          2|
    |v195_10_blk_n                         |   9|          2|    1|          2|
    |v195_11_blk_n                         |   9|          2|    1|          2|
    |v195_12_blk_n                         |   9|          2|    1|          2|
    |v195_13_blk_n                         |   9|          2|    1|          2|
    |v195_14_blk_n                         |   9|          2|    1|          2|
    |v195_15_blk_n                         |   9|          2|    1|          2|
    |v195_1_blk_n                          |   9|          2|    1|          2|
    |v195_2_blk_n                          |   9|          2|    1|          2|
    |v195_3_blk_n                          |   9|          2|    1|          2|
    |v195_4_blk_n                          |   9|          2|    1|          2|
    |v195_5_blk_n                          |   9|          2|    1|          2|
    |v195_6_blk_n                          |   9|          2|    1|          2|
    |v195_7_blk_n                          |   9|          2|    1|          2|
    |v195_8_blk_n                          |   9|          2|    1|          2|
    |v195_9_blk_n                          |   9|          2|    1|          2|
    |v196_0_blk_n                          |   9|          2|    1|          2|
    |v196_10_blk_n                         |   9|          2|    1|          2|
    |v196_11_blk_n                         |   9|          2|    1|          2|
    |v196_12_blk_n                         |   9|          2|    1|          2|
    |v196_13_blk_n                         |   9|          2|    1|          2|
    |v196_14_blk_n                         |   9|          2|    1|          2|
    |v196_15_blk_n                         |   9|          2|    1|          2|
    |v196_1_blk_n                          |   9|          2|    1|          2|
    |v196_2_blk_n                          |   9|          2|    1|          2|
    |v196_3_blk_n                          |   9|          2|    1|          2|
    |v196_4_blk_n                          |   9|          2|    1|          2|
    |v196_5_blk_n                          |   9|          2|    1|          2|
    |v196_6_blk_n                          |   9|          2|    1|          2|
    |v196_7_blk_n                          |   9|          2|    1|          2|
    |v196_8_blk_n                          |   9|          2|    1|          2|
    |v196_9_blk_n                          |   9|          2|    1|          2|
    +--------------------------------------+----+-----------+-----+-----------+
    |Total                                 | 495|        110|   81|        162|
    +--------------------------------------+----+-----------+-----+-----------+

    * Register: 
    +----------------------------------+----+----+-----+-----------+
    |               Name               | FF | LUT| Bits| Const Bits|
    +----------------------------------+----+----+-----+-----------+
    |ap_CS_fsm                         |   1|   0|    1|          0|
    |ap_done_reg                       |   1|   0|    1|          0|
    |ap_enable_reg_pp0_iter1           |   1|   0|    1|          0|
    |ap_enable_reg_pp0_iter2           |   1|   0|    1|          0|
    |ap_enable_reg_pp0_iter3           |   1|   0|    1|          0|
    |ap_enable_reg_pp0_iter4           |   1|   0|    1|          0|
    |ap_enable_reg_pp0_iter5           |   1|   0|    1|          0|
    |ap_enable_reg_pp0_iter6           |   1|   0|    1|          0|
    |ap_enable_reg_pp0_iter7           |   1|   0|    1|          0|
    |ap_enable_reg_pp0_iter8           |   1|   0|    1|          0|
    |ap_enable_reg_pp0_iter9           |   1|   0|    1|          0|
    |ap_loop_exit_ready_pp0_iter1_reg  |   1|   0|    1|          0|
    |ap_loop_exit_ready_pp0_iter2_reg  |   1|   0|    1|          0|
    |ap_loop_exit_ready_pp0_iter3_reg  |   1|   0|    1|          0|
    |ap_loop_exit_ready_pp0_iter4_reg  |   1|   0|    1|          0|
    |ap_loop_exit_ready_pp0_iter5_reg  |   1|   0|    1|          0|
    |ap_loop_exit_ready_pp0_iter6_reg  |   1|   0|    1|          0|
    |ap_loop_exit_ready_pp0_iter7_reg  |   1|   0|    1|          0|
    |ap_loop_exit_ready_pp0_iter8_reg  |   1|   0|    1|          0|
    |indvar_flatten_fu_174             |   9|   0|    9|          0|
    |start_once_reg                    |   1|   0|    1|          0|
    |v142_fu_170                       |   6|   0|    6|          0|
    |v147_10_reg_1524                  |  32|   0|   32|          0|
    |v147_11_reg_1529                  |  32|   0|   32|          0|
    |v147_12_reg_1534                  |  32|   0|   32|          0|
    |v147_13_reg_1539                  |  32|   0|   32|          0|
    |v147_14_reg_1544                  |  32|   0|   32|          0|
    |v147_15_reg_1549                  |  32|   0|   32|          0|
    |v147_1_reg_1479                   |  32|   0|   32|          0|
    |v147_2_reg_1484                   |  32|   0|   32|          0|
    |v147_3_reg_1489                   |  32|   0|   32|          0|
    |v147_4_reg_1494                   |  32|   0|   32|          0|
    |v147_5_reg_1499                   |  32|   0|   32|          0|
    |v147_6_reg_1504                   |  32|   0|   32|          0|
    |v147_7_reg_1509                   |  32|   0|   32|          0|
    |v147_8_reg_1514                   |  32|   0|   32|          0|
    |v147_9_reg_1519                   |  32|   0|   32|          0|
    |v147_reg_1474                     |  32|   0|   32|          0|
    |v175_0_load_reg_1159              |  32|   0|   32|          0|
    |v175_10_load_reg_1259             |  32|   0|   32|          0|
    |v175_11_load_reg_1269             |  32|   0|   32|          0|
    |v175_12_load_reg_1279             |  32|   0|   32|          0|
    |v175_13_load_reg_1289             |  32|   0|   32|          0|
    |v175_14_load_reg_1299             |  32|   0|   32|          0|
    |v175_15_load_reg_1309             |  32|   0|   32|          0|
    |v175_1_load_reg_1169              |  32|   0|   32|          0|
    |v175_2_load_reg_1179              |  32|   0|   32|          0|
    |v175_3_load_reg_1189              |  32|   0|   32|          0|
    |v175_4_load_reg_1199              |  32|   0|   32|          0|
    |v175_5_load_reg_1209              |  32|   0|   32|          0|
    |v175_6_load_reg_1219              |  32|   0|   32|          0|
    |v175_7_load_reg_1229              |  32|   0|   32|          0|
    |v175_8_load_reg_1239              |  32|   0|   32|          0|
    |v175_9_load_reg_1249              |  32|   0|   32|          0|
    |v196_0_read_reg_1154              |  32|   0|   32|          0|
    |v196_10_read_reg_1254             |  32|   0|   32|          0|
    |v196_11_read_reg_1264             |  32|   0|   32|          0|
    |v196_12_read_reg_1274             |  32|   0|   32|          0|
    |v196_13_read_reg_1284             |  32|   0|   32|          0|
    |v196_14_read_reg_1294             |  32|   0|   32|          0|
    |v196_15_read_reg_1304             |  32|   0|   32|          0|
    |v196_1_read_reg_1164              |  32|   0|   32|          0|
    |v196_2_read_reg_1174              |  32|   0|   32|          0|
    |v196_3_read_reg_1184              |  32|   0|   32|          0|
    |v196_4_read_reg_1194              |  32|   0|   32|          0|
    |v196_5_read_reg_1204              |  32|   0|   32|          0|
    |v196_6_read_reg_1214              |  32|   0|   32|          0|
    |v196_7_read_reg_1224              |  32|   0|   32|          0|
    |v196_8_read_reg_1234              |  32|   0|   32|          0|
    |v196_9_read_reg_1244              |  32|   0|   32|          0|
    +----------------------------------+----+----+-----+-----------+
    |Total                             |1571|   0| 1571|          0|
    +----------------------------------+----+----+-----+-----------+



================================================================
== Interface
================================================================
* Summary: 
+------------------------+-----+-----+------------+--------------+--------------+
|        RTL Ports       | Dir | Bits|  Protocol  | Source Object|    C Type    |
+------------------------+-----+-----+------------+--------------+--------------+
|ap_clk                  |   in|    1|  ap_ctrl_hs|        node11|  return value|
|ap_rst                  |   in|    1|  ap_ctrl_hs|        node11|  return value|
|ap_start                |   in|    1|  ap_ctrl_hs|        node11|  return value|
|start_full_n            |   in|    1|  ap_ctrl_hs|        node11|  return value|
|ap_done                 |  out|    1|  ap_ctrl_hs|        node11|  return value|
|ap_continue             |   in|    1|  ap_ctrl_hs|        node11|  return value|
|ap_idle                 |  out|    1|  ap_ctrl_hs|        node11|  return value|
|ap_ready                |  out|    1|  ap_ctrl_hs|        node11|  return value|
|start_out               |  out|    1|  ap_ctrl_hs|        node11|  return value|
|start_write             |  out|    1|  ap_ctrl_hs|        node11|  return value|
|v196_0_dout             |   in|   32|     ap_fifo|        v196_0|       pointer|
|v196_0_num_data_valid   |   in|    9|     ap_fifo|        v196_0|       pointer|
|v196_0_fifo_cap         |   in|    9|     ap_fifo|        v196_0|       pointer|
|v196_0_empty_n          |   in|    1|     ap_fifo|        v196_0|       pointer|
|v196_0_read             |  out|    1|     ap_fifo|        v196_0|       pointer|
|v196_1_dout             |   in|   32|     ap_fifo|        v196_1|       pointer|
|v196_1_num_data_valid   |   in|    9|     ap_fifo|        v196_1|       pointer|
|v196_1_fifo_cap         |   in|    9|     ap_fifo|        v196_1|       pointer|
|v196_1_empty_n          |   in|    1|     ap_fifo|        v196_1|       pointer|
|v196_1_read             |  out|    1|     ap_fifo|        v196_1|       pointer|
|v196_2_dout             |   in|   32|     ap_fifo|        v196_2|       pointer|
|v196_2_num_data_valid   |   in|    9|     ap_fifo|        v196_2|       pointer|
|v196_2_fifo_cap         |   in|    9|     ap_fifo|        v196_2|       pointer|
|v196_2_empty_n          |   in|    1|     ap_fifo|        v196_2|       pointer|
|v196_2_read             |  out|    1|     ap_fifo|        v196_2|       pointer|
|v196_3_dout             |   in|   32|     ap_fifo|        v196_3|       pointer|
|v196_3_num_data_valid   |   in|    9|     ap_fifo|        v196_3|       pointer|
|v196_3_fifo_cap         |   in|    9|     ap_fifo|        v196_3|       pointer|
|v196_3_empty_n          |   in|    1|     ap_fifo|        v196_3|       pointer|
|v196_3_read             |  out|    1|     ap_fifo|        v196_3|       pointer|
|v196_4_dout             |   in|   32|     ap_fifo|        v196_4|       pointer|
|v196_4_num_data_valid   |   in|    9|     ap_fifo|        v196_4|       pointer|
|v196_4_fifo_cap         |   in|    9|     ap_fifo|        v196_4|       pointer|
|v196_4_empty_n          |   in|    1|     ap_fifo|        v196_4|       pointer|
|v196_4_read             |  out|    1|     ap_fifo|        v196_4|       pointer|
|v196_5_dout             |   in|   32|     ap_fifo|        v196_5|       pointer|
|v196_5_num_data_valid   |   in|    9|     ap_fifo|        v196_5|       pointer|
|v196_5_fifo_cap         |   in|    9|     ap_fifo|        v196_5|       pointer|
|v196_5_empty_n          |   in|    1|     ap_fifo|        v196_5|       pointer|
|v196_5_read             |  out|    1|     ap_fifo|        v196_5|       pointer|
|v196_6_dout             |   in|   32|     ap_fifo|        v196_6|       pointer|
|v196_6_num_data_valid   |   in|    9|     ap_fifo|        v196_6|       pointer|
|v196_6_fifo_cap         |   in|    9|     ap_fifo|        v196_6|       pointer|
|v196_6_empty_n          |   in|    1|     ap_fifo|        v196_6|       pointer|
|v196_6_read             |  out|    1|     ap_fifo|        v196_6|       pointer|
|v196_7_dout             |   in|   32|     ap_fifo|        v196_7|       pointer|
|v196_7_num_data_valid   |   in|    9|     ap_fifo|        v196_7|       pointer|
|v196_7_fifo_cap         |   in|    9|     ap_fifo|        v196_7|       pointer|
|v196_7_empty_n          |   in|    1|     ap_fifo|        v196_7|       pointer|
|v196_7_read             |  out|    1|     ap_fifo|        v196_7|       pointer|
|v196_8_dout             |   in|   32|     ap_fifo|        v196_8|       pointer|
|v196_8_num_data_valid   |   in|    9|     ap_fifo|        v196_8|       pointer|
|v196_8_fifo_cap         |   in|    9|     ap_fifo|        v196_8|       pointer|
|v196_8_empty_n          |   in|    1|     ap_fifo|        v196_8|       pointer|
|v196_8_read             |  out|    1|     ap_fifo|        v196_8|       pointer|
|v196_9_dout             |   in|   32|     ap_fifo|        v196_9|       pointer|
|v196_9_num_data_valid   |   in|    9|     ap_fifo|        v196_9|       pointer|
|v196_9_fifo_cap         |   in|    9|     ap_fifo|        v196_9|       pointer|
|v196_9_empty_n          |   in|    1|     ap_fifo|        v196_9|       pointer|
|v196_9_read             |  out|    1|     ap_fifo|        v196_9|       pointer|
|v196_10_dout            |   in|   32|     ap_fifo|       v196_10|       pointer|
|v196_10_num_data_valid  |   in|    9|     ap_fifo|       v196_10|       pointer|
|v196_10_fifo_cap        |   in|    9|     ap_fifo|       v196_10|       pointer|
|v196_10_empty_n         |   in|    1|     ap_fifo|       v196_10|       pointer|
|v196_10_read            |  out|    1|     ap_fifo|       v196_10|       pointer|
|v196_11_dout            |   in|   32|     ap_fifo|       v196_11|       pointer|
|v196_11_num_data_valid  |   in|    9|     ap_fifo|       v196_11|       pointer|
|v196_11_fifo_cap        |   in|    9|     ap_fifo|       v196_11|       pointer|
|v196_11_empty_n         |   in|    1|     ap_fifo|       v196_11|       pointer|
|v196_11_read            |  out|    1|     ap_fifo|       v196_11|       pointer|
|v196_12_dout            |   in|   32|     ap_fifo|       v196_12|       pointer|
|v196_12_num_data_valid  |   in|    9|     ap_fifo|       v196_12|       pointer|
|v196_12_fifo_cap        |   in|    9|     ap_fifo|       v196_12|       pointer|
|v196_12_empty_n         |   in|    1|     ap_fifo|       v196_12|       pointer|
|v196_12_read            |  out|    1|     ap_fifo|       v196_12|       pointer|
|v196_13_dout            |   in|   32|     ap_fifo|       v196_13|       pointer|
|v196_13_num_data_valid  |   in|    9|     ap_fifo|       v196_13|       pointer|
|v196_13_fifo_cap        |   in|    9|     ap_fifo|       v196_13|       pointer|
|v196_13_empty_n         |   in|    1|     ap_fifo|       v196_13|       pointer|
|v196_13_read            |  out|    1|     ap_fifo|       v196_13|       pointer|
|v196_14_dout            |   in|   32|     ap_fifo|       v196_14|       pointer|
|v196_14_num_data_valid  |   in|    9|     ap_fifo|       v196_14|       pointer|
|v196_14_fifo_cap        |   in|    9|     ap_fifo|       v196_14|       pointer|
|v196_14_empty_n         |   in|    1|     ap_fifo|       v196_14|       pointer|
|v196_14_read            |  out|    1|     ap_fifo|       v196_14|       pointer|
|v196_15_dout            |   in|   32|     ap_fifo|       v196_15|       pointer|
|v196_15_num_data_valid  |   in|    9|     ap_fifo|       v196_15|       pointer|
|v196_15_fifo_cap        |   in|    9|     ap_fifo|       v196_15|       pointer|
|v196_15_empty_n         |   in|    1|     ap_fifo|       v196_15|       pointer|
|v196_15_read            |  out|    1|     ap_fifo|       v196_15|       pointer|
|v195_0_din              |  out|   32|     ap_fifo|        v195_0|       pointer|
|v195_0_num_data_valid   |   in|    9|     ap_fifo|        v195_0|       pointer|
|v195_0_fifo_cap         |   in|    9|     ap_fifo|        v195_0|       pointer|
|v195_0_full_n           |   in|    1|     ap_fifo|        v195_0|       pointer|
|v195_0_write            |  out|    1|     ap_fifo|        v195_0|       pointer|
|v194_0_din              |  out|   32|     ap_fifo|        v194_0|       pointer|
|v194_0_num_data_valid   |   in|    9|     ap_fifo|        v194_0|       pointer|
|v194_0_fifo_cap         |   in|    9|     ap_fifo|        v194_0|       pointer|
|v194_0_full_n           |   in|    1|     ap_fifo|        v194_0|       pointer|
|v194_0_write            |  out|    1|     ap_fifo|        v194_0|       pointer|
|v195_1_din              |  out|   32|     ap_fifo|        v195_1|       pointer|
|v195_1_num_data_valid   |   in|    9|     ap_fifo|        v195_1|       pointer|
|v195_1_fifo_cap         |   in|    9|     ap_fifo|        v195_1|       pointer|
|v195_1_full_n           |   in|    1|     ap_fifo|        v195_1|       pointer|
|v195_1_write            |  out|    1|     ap_fifo|        v195_1|       pointer|
|v194_1_din              |  out|   32|     ap_fifo|        v194_1|       pointer|
|v194_1_num_data_valid   |   in|    9|     ap_fifo|        v194_1|       pointer|
|v194_1_fifo_cap         |   in|    9|     ap_fifo|        v194_1|       pointer|
|v194_1_full_n           |   in|    1|     ap_fifo|        v194_1|       pointer|
|v194_1_write            |  out|    1|     ap_fifo|        v194_1|       pointer|
|v195_2_din              |  out|   32|     ap_fifo|        v195_2|       pointer|
|v195_2_num_data_valid   |   in|    9|     ap_fifo|        v195_2|       pointer|
|v195_2_fifo_cap         |   in|    9|     ap_fifo|        v195_2|       pointer|
|v195_2_full_n           |   in|    1|     ap_fifo|        v195_2|       pointer|
|v195_2_write            |  out|    1|     ap_fifo|        v195_2|       pointer|
|v194_2_din              |  out|   32|     ap_fifo|        v194_2|       pointer|
|v194_2_num_data_valid   |   in|    9|     ap_fifo|        v194_2|       pointer|
|v194_2_fifo_cap         |   in|    9|     ap_fifo|        v194_2|       pointer|
|v194_2_full_n           |   in|    1|     ap_fifo|        v194_2|       pointer|
|v194_2_write            |  out|    1|     ap_fifo|        v194_2|       pointer|
|v195_3_din              |  out|   32|     ap_fifo|        v195_3|       pointer|
|v195_3_num_data_valid   |   in|    9|     ap_fifo|        v195_3|       pointer|
|v195_3_fifo_cap         |   in|    9|     ap_fifo|        v195_3|       pointer|
|v195_3_full_n           |   in|    1|     ap_fifo|        v195_3|       pointer|
|v195_3_write            |  out|    1|     ap_fifo|        v195_3|       pointer|
|v194_3_din              |  out|   32|     ap_fifo|        v194_3|       pointer|
|v194_3_num_data_valid   |   in|    9|     ap_fifo|        v194_3|       pointer|
|v194_3_fifo_cap         |   in|    9|     ap_fifo|        v194_3|       pointer|
|v194_3_full_n           |   in|    1|     ap_fifo|        v194_3|       pointer|
|v194_3_write            |  out|    1|     ap_fifo|        v194_3|       pointer|
|v195_4_din              |  out|   32|     ap_fifo|        v195_4|       pointer|
|v195_4_num_data_valid   |   in|    9|     ap_fifo|        v195_4|       pointer|
|v195_4_fifo_cap         |   in|    9|     ap_fifo|        v195_4|       pointer|
|v195_4_full_n           |   in|    1|     ap_fifo|        v195_4|       pointer|
|v195_4_write            |  out|    1|     ap_fifo|        v195_4|       pointer|
|v194_4_din              |  out|   32|     ap_fifo|        v194_4|       pointer|
|v194_4_num_data_valid   |   in|    9|     ap_fifo|        v194_4|       pointer|
|v194_4_fifo_cap         |   in|    9|     ap_fifo|        v194_4|       pointer|
|v194_4_full_n           |   in|    1|     ap_fifo|        v194_4|       pointer|
|v194_4_write            |  out|    1|     ap_fifo|        v194_4|       pointer|
|v195_5_din              |  out|   32|     ap_fifo|        v195_5|       pointer|
|v195_5_num_data_valid   |   in|    9|     ap_fifo|        v195_5|       pointer|
|v195_5_fifo_cap         |   in|    9|     ap_fifo|        v195_5|       pointer|
|v195_5_full_n           |   in|    1|     ap_fifo|        v195_5|       pointer|
|v195_5_write            |  out|    1|     ap_fifo|        v195_5|       pointer|
|v194_5_din              |  out|   32|     ap_fifo|        v194_5|       pointer|
|v194_5_num_data_valid   |   in|    9|     ap_fifo|        v194_5|       pointer|
|v194_5_fifo_cap         |   in|    9|     ap_fifo|        v194_5|       pointer|
|v194_5_full_n           |   in|    1|     ap_fifo|        v194_5|       pointer|
|v194_5_write            |  out|    1|     ap_fifo|        v194_5|       pointer|
|v195_6_din              |  out|   32|     ap_fifo|        v195_6|       pointer|
|v195_6_num_data_valid   |   in|    9|     ap_fifo|        v195_6|       pointer|
|v195_6_fifo_cap         |   in|    9|     ap_fifo|        v195_6|       pointer|
|v195_6_full_n           |   in|    1|     ap_fifo|        v195_6|       pointer|
|v195_6_write            |  out|    1|     ap_fifo|        v195_6|       pointer|
|v194_6_din              |  out|   32|     ap_fifo|        v194_6|       pointer|
|v194_6_num_data_valid   |   in|    9|     ap_fifo|        v194_6|       pointer|
|v194_6_fifo_cap         |   in|    9|     ap_fifo|        v194_6|       pointer|
|v194_6_full_n           |   in|    1|     ap_fifo|        v194_6|       pointer|
|v194_6_write            |  out|    1|     ap_fifo|        v194_6|       pointer|
|v195_7_din              |  out|   32|     ap_fifo|        v195_7|       pointer|
|v195_7_num_data_valid   |   in|    9|     ap_fifo|        v195_7|       pointer|
|v195_7_fifo_cap         |   in|    9|     ap_fifo|        v195_7|       pointer|
|v195_7_full_n           |   in|    1|     ap_fifo|        v195_7|       pointer|
|v195_7_write            |  out|    1|     ap_fifo|        v195_7|       pointer|
|v194_7_din              |  out|   32|     ap_fifo|        v194_7|       pointer|
|v194_7_num_data_valid   |   in|    9|     ap_fifo|        v194_7|       pointer|
|v194_7_fifo_cap         |   in|    9|     ap_fifo|        v194_7|       pointer|
|v194_7_full_n           |   in|    1|     ap_fifo|        v194_7|       pointer|
|v194_7_write            |  out|    1|     ap_fifo|        v194_7|       pointer|
|v195_8_din              |  out|   32|     ap_fifo|        v195_8|       pointer|
|v195_8_num_data_valid   |   in|    9|     ap_fifo|        v195_8|       pointer|
|v195_8_fifo_cap         |   in|    9|     ap_fifo|        v195_8|       pointer|
|v195_8_full_n           |   in|    1|     ap_fifo|        v195_8|       pointer|
|v195_8_write            |  out|    1|     ap_fifo|        v195_8|       pointer|
|v194_8_din              |  out|   32|     ap_fifo|        v194_8|       pointer|
|v194_8_num_data_valid   |   in|    9|     ap_fifo|        v194_8|       pointer|
|v194_8_fifo_cap         |   in|    9|     ap_fifo|        v194_8|       pointer|
|v194_8_full_n           |   in|    1|     ap_fifo|        v194_8|       pointer|
|v194_8_write            |  out|    1|     ap_fifo|        v194_8|       pointer|
|v195_9_din              |  out|   32|     ap_fifo|        v195_9|       pointer|
|v195_9_num_data_valid   |   in|    9|     ap_fifo|        v195_9|       pointer|
|v195_9_fifo_cap         |   in|    9|     ap_fifo|        v195_9|       pointer|
|v195_9_full_n           |   in|    1|     ap_fifo|        v195_9|       pointer|
|v195_9_write            |  out|    1|     ap_fifo|        v195_9|       pointer|
|v194_9_din              |  out|   32|     ap_fifo|        v194_9|       pointer|
|v194_9_num_data_valid   |   in|    9|     ap_fifo|        v194_9|       pointer|
|v194_9_fifo_cap         |   in|    9|     ap_fifo|        v194_9|       pointer|
|v194_9_full_n           |   in|    1|     ap_fifo|        v194_9|       pointer|
|v194_9_write            |  out|    1|     ap_fifo|        v194_9|       pointer|
|v195_10_din             |  out|   32|     ap_fifo|       v195_10|       pointer|
|v195_10_num_data_valid  |   in|    9|     ap_fifo|       v195_10|       pointer|
|v195_10_fifo_cap        |   in|    9|     ap_fifo|       v195_10|       pointer|
|v195_10_full_n          |   in|    1|     ap_fifo|       v195_10|       pointer|
|v195_10_write           |  out|    1|     ap_fifo|       v195_10|       pointer|
|v194_10_din             |  out|   32|     ap_fifo|       v194_10|       pointer|
|v194_10_num_data_valid  |   in|    9|     ap_fifo|       v194_10|       pointer|
|v194_10_fifo_cap        |   in|    9|     ap_fifo|       v194_10|       pointer|
|v194_10_full_n          |   in|    1|     ap_fifo|       v194_10|       pointer|
|v194_10_write           |  out|    1|     ap_fifo|       v194_10|       pointer|
|v195_11_din             |  out|   32|     ap_fifo|       v195_11|       pointer|
|v195_11_num_data_valid  |   in|    9|     ap_fifo|       v195_11|       pointer|
|v195_11_fifo_cap        |   in|    9|     ap_fifo|       v195_11|       pointer|
|v195_11_full_n          |   in|    1|     ap_fifo|       v195_11|       pointer|
|v195_11_write           |  out|    1|     ap_fifo|       v195_11|       pointer|
|v194_11_din             |  out|   32|     ap_fifo|       v194_11|       pointer|
|v194_11_num_data_valid  |   in|    9|     ap_fifo|       v194_11|       pointer|
|v194_11_fifo_cap        |   in|    9|     ap_fifo|       v194_11|       pointer|
|v194_11_full_n          |   in|    1|     ap_fifo|       v194_11|       pointer|
|v194_11_write           |  out|    1|     ap_fifo|       v194_11|       pointer|
|v195_12_din             |  out|   32|     ap_fifo|       v195_12|       pointer|
|v195_12_num_data_valid  |   in|    9|     ap_fifo|       v195_12|       pointer|
|v195_12_fifo_cap        |   in|    9|     ap_fifo|       v195_12|       pointer|
|v195_12_full_n          |   in|    1|     ap_fifo|       v195_12|       pointer|
|v195_12_write           |  out|    1|     ap_fifo|       v195_12|       pointer|
|v194_12_din             |  out|   32|     ap_fifo|       v194_12|       pointer|
|v194_12_num_data_valid  |   in|    9|     ap_fifo|       v194_12|       pointer|
|v194_12_fifo_cap        |   in|    9|     ap_fifo|       v194_12|       pointer|
|v194_12_full_n          |   in|    1|     ap_fifo|       v194_12|       pointer|
|v194_12_write           |  out|    1|     ap_fifo|       v194_12|       pointer|
|v195_13_din             |  out|   32|     ap_fifo|       v195_13|       pointer|
|v195_13_num_data_valid  |   in|    9|     ap_fifo|       v195_13|       pointer|
|v195_13_fifo_cap        |   in|    9|     ap_fifo|       v195_13|       pointer|
|v195_13_full_n          |   in|    1|     ap_fifo|       v195_13|       pointer|
|v195_13_write           |  out|    1|     ap_fifo|       v195_13|       pointer|
|v194_13_din             |  out|   32|     ap_fifo|       v194_13|       pointer|
|v194_13_num_data_valid  |   in|    9|     ap_fifo|       v194_13|       pointer|
|v194_13_fifo_cap        |   in|    9|     ap_fifo|       v194_13|       pointer|
|v194_13_full_n          |   in|    1|     ap_fifo|       v194_13|       pointer|
|v194_13_write           |  out|    1|     ap_fifo|       v194_13|       pointer|
|v195_14_din             |  out|   32|     ap_fifo|       v195_14|       pointer|
|v195_14_num_data_valid  |   in|    9|     ap_fifo|       v195_14|       pointer|
|v195_14_fifo_cap        |   in|    9|     ap_fifo|       v195_14|       pointer|
|v195_14_full_n          |   in|    1|     ap_fifo|       v195_14|       pointer|
|v195_14_write           |  out|    1|     ap_fifo|       v195_14|       pointer|
|v194_14_din             |  out|   32|     ap_fifo|       v194_14|       pointer|
|v194_14_num_data_valid  |   in|    9|     ap_fifo|       v194_14|       pointer|
|v194_14_fifo_cap        |   in|    9|     ap_fifo|       v194_14|       pointer|
|v194_14_full_n          |   in|    1|     ap_fifo|       v194_14|       pointer|
|v194_14_write           |  out|    1|     ap_fifo|       v194_14|       pointer|
|v195_15_din             |  out|   32|     ap_fifo|       v195_15|       pointer|
|v195_15_num_data_valid  |   in|    9|     ap_fifo|       v195_15|       pointer|
|v195_15_fifo_cap        |   in|    9|     ap_fifo|       v195_15|       pointer|
|v195_15_full_n          |   in|    1|     ap_fifo|       v195_15|       pointer|
|v195_15_write           |  out|    1|     ap_fifo|       v195_15|       pointer|
|v194_15_din             |  out|   32|     ap_fifo|       v194_15|       pointer|
|v194_15_num_data_valid  |   in|    9|     ap_fifo|       v194_15|       pointer|
|v194_15_fifo_cap        |   in|    9|     ap_fifo|       v194_15|       pointer|
|v194_15_full_n          |   in|    1|     ap_fifo|       v194_15|       pointer|
|v194_15_write           |  out|    1|     ap_fifo|       v194_15|       pointer|
|v175_0_address0         |  out|    5|   ap_memory|        v175_0|         array|
|v175_0_ce0              |  out|    1|   ap_memory|        v175_0|         array|
|v175_0_q0               |   in|   32|   ap_memory|        v175_0|         array|
|v175_1_address0         |  out|    5|   ap_memory|        v175_1|         array|
|v175_1_ce0              |  out|    1|   ap_memory|        v175_1|         array|
|v175_1_q0               |   in|   32|   ap_memory|        v175_1|         array|
|v175_2_address0         |  out|    5|   ap_memory|        v175_2|         array|
|v175_2_ce0              |  out|    1|   ap_memory|        v175_2|         array|
|v175_2_q0               |   in|   32|   ap_memory|        v175_2|         array|
|v175_3_address0         |  out|    5|   ap_memory|        v175_3|         array|
|v175_3_ce0              |  out|    1|   ap_memory|        v175_3|         array|
|v175_3_q0               |   in|   32|   ap_memory|        v175_3|         array|
|v175_4_address0         |  out|    5|   ap_memory|        v175_4|         array|
|v175_4_ce0              |  out|    1|   ap_memory|        v175_4|         array|
|v175_4_q0               |   in|   32|   ap_memory|        v175_4|         array|
|v175_5_address0         |  out|    5|   ap_memory|        v175_5|         array|
|v175_5_ce0              |  out|    1|   ap_memory|        v175_5|         array|
|v175_5_q0               |   in|   32|   ap_memory|        v175_5|         array|
|v175_6_address0         |  out|    5|   ap_memory|        v175_6|         array|
|v175_6_ce0              |  out|    1|   ap_memory|        v175_6|         array|
|v175_6_q0               |   in|   32|   ap_memory|        v175_6|         array|
|v175_7_address0         |  out|    5|   ap_memory|        v175_7|         array|
|v175_7_ce0              |  out|    1|   ap_memory|        v175_7|         array|
|v175_7_q0               |   in|   32|   ap_memory|        v175_7|         array|
|v175_8_address0         |  out|    5|   ap_memory|        v175_8|         array|
|v175_8_ce0              |  out|    1|   ap_memory|        v175_8|         array|
|v175_8_q0               |   in|   32|   ap_memory|        v175_8|         array|
|v175_9_address0         |  out|    5|   ap_memory|        v175_9|         array|
|v175_9_ce0              |  out|    1|   ap_memory|        v175_9|         array|
|v175_9_q0               |   in|   32|   ap_memory|        v175_9|         array|
|v175_10_address0        |  out|    5|   ap_memory|       v175_10|         array|
|v175_10_ce0             |  out|    1|   ap_memory|       v175_10|         array|
|v175_10_q0              |   in|   32|   ap_memory|       v175_10|         array|
|v175_11_address0        |  out|    5|   ap_memory|       v175_11|         array|
|v175_11_ce0             |  out|    1|   ap_memory|       v175_11|         array|
|v175_11_q0              |   in|   32|   ap_memory|       v175_11|         array|
|v175_12_address0        |  out|    5|   ap_memory|       v175_12|         array|
|v175_12_ce0             |  out|    1|   ap_memory|       v175_12|         array|
|v175_12_q0              |   in|   32|   ap_memory|       v175_12|         array|
|v175_13_address0        |  out|    5|   ap_memory|       v175_13|         array|
|v175_13_ce0             |  out|    1|   ap_memory|       v175_13|         array|
|v175_13_q0              |   in|   32|   ap_memory|       v175_13|         array|
|v175_14_address0        |  out|    5|   ap_memory|       v175_14|         array|
|v175_14_ce0             |  out|    1|   ap_memory|       v175_14|         array|
|v175_14_q0              |   in|   32|   ap_memory|       v175_14|         array|
|v175_15_address0        |  out|    5|   ap_memory|       v175_15|         array|
|v175_15_ce0             |  out|    1|   ap_memory|       v175_15|         array|
|v175_15_q0              |   in|   32|   ap_memory|       v175_15|         array|
+------------------------+-----+-----+------------+--------------+--------------+

