

================================================================
== Vitis HLS Report for 'node3'
================================================================
* Date:           Tue Oct  1 14:25:09 2024

* Version:        2023.2 (Build 4023990 on Oct 11 2023)
* Project:        hls_FeedForward
* Solution:       solution1 (Vivado IP Flow Target)
* Product family: virtexuplusHBM
* Target device:  xcu280-fsvh2892-2L-e


================================================================
== Performance Estimates
================================================================
+ Timing: 
    * Summary: 
    +--------+---------+----------+------------+
    |  Clock |  Target | Estimated| Uncertainty|
    +--------+---------+----------+------------+
    |ap_clk  |  3.33 ns|  2.466 ns|     0.90 ns|
    +--------+---------+----------+------------+

+ Latency: 
    * Summary: 
    +---------+---------+----------+----------+-----+-----+---------+
    |  Latency (cycles) |  Latency (absolute) |  Interval | Pipeline|
    |   min   |   max   |    min   |    max   | min | max |   Type  |
    +---------+---------+----------+----------+-----+-----+---------+
    |      259|      259|  0.862 us|  0.862 us|  259|  259|       no|
    +---------+---------+----------+----------+-----+-----+---------+

    + Detail: 
        * Instance: 
        N/A

        * Loop: 
        +-----------------+---------+---------+----------+-----------+-----------+------+----------+
        |                 |  Latency (cycles) | Iteration|  Initiation Interval  | Trip |          |
        |    Loop Name    |   min   |   max   |  Latency |  achieved |   target  | Count| Pipelined|
        +-----------------+---------+---------+----------+-----------+-----------+------+----------+
        |- loop14_loop15  |      257|      257|         3|          1|          1|   256|       yes|
        +-----------------+---------+---------+----------+-----------+-----------+------+----------+



================================================================
== Utilization Estimates
================================================================
* Summary: 
+---------------------+---------+------+---------+---------+-----+
|         Name        | BRAM_18K|  DSP |    FF   |   LUT   | URAM|
+---------------------+---------+------+---------+---------+-----+
|DSP                  |        -|     -|        -|        -|    -|
|Expression           |        -|     -|        0|      116|    -|
|FIFO                 |        -|     -|        -|        -|    -|
|Instance             |        -|     -|        -|        -|    -|
|Memory               |        -|     -|        -|        -|    -|
|Multiplexer          |        -|     -|        -|       72|    -|
|Register             |        -|     -|       48|        -|    -|
+---------------------+---------+------+---------+---------+-----+
|Total                |        0|     0|       48|      188|    0|
+---------------------+---------+------+---------+---------+-----+
|Available SLR        |     1344|  3008|   869120|   434560|  320|
+---------------------+---------+------+---------+---------+-----+
|Utilization SLR (%)  |        0|     0|       ~0|       ~0|    0|
+---------------------+---------+------+---------+---------+-----+
|Available            |     4032|  9024|  2607360|  1303680|  960|
+---------------------+---------+------+---------+---------+-----+
|Utilization (%)      |        0|     0|       ~0|       ~0|    0|
+---------------------+---------+------+---------+---------+-----+

+ Detail: 
    * Instance: 
    N/A

    * DSP: 
    N/A

    * Memory: 
    N/A

    * FIFO: 
    N/A

    * Expression: 
    +---------------------------+----------+----+---+----+------------+------------+
    |       Variable Name       | Operation| DSP| FF| LUT| Bitwidth P0| Bitwidth P1|
    +---------------------------+----------+----+---+----+------------+------------+
    |add_ln132_1_fu_3916_p2     |         +|   0|  0|  16|           9|           1|
    |add_ln132_fu_3928_p2       |         +|   0|  0|  12|           5|           1|
    |add_ln133_fu_4000_p2       |         +|   0|  0|  12|           5|           1|
    |add_ln138_fu_3988_p2       |         +|   0|  0|  15|           8|           8|
    |add_ln139_fu_3994_p2       |         +|   0|  0|  15|           8|           8|
    |ap_condition_2131          |       and|   0|  0|   2|           1|           1|
    |icmp_ln132_fu_3910_p2      |      icmp|   0|  0|  17|           9|          10|
    |icmp_ln133_fu_3934_p2      |      icmp|   0|  0|  13|           5|           6|
    |ap_block_pp0_stage0_11001  |        or|   0|  0|   2|           1|           1|
    |select_ln132_1_fu_3952_p3  |    select|   0|  0|   5|           1|           5|
    |select_ln132_fu_3940_p3    |    select|   0|  0|   5|           1|           1|
    |ap_enable_pp0              |       xor|   0|  0|   2|           1|           2|
    +---------------------------+----------+----+---+----+------------+------------+
    |Total                      |          |   0|  0| 116|          54|          45|
    +---------------------------+----------+----+---+----+------------+------------+

    * Multiplexer: 
    +--------------------------------------+----+-----------+-----+-----------+
    |                 Name                 | LUT| Input Size| Bits| Total Bits|
    +--------------------------------------+----+-----------+-----+-----------+
    |ap_done_int                           |   9|          2|    1|          2|
    |ap_enable_reg_pp0_iter1               |   9|          2|    1|          2|
    |ap_sig_allocacmp_indvar_flatten_load  |   9|          2|    9|         18|
    |ap_sig_allocacmp_v40_load             |   9|          2|    5|         10|
    |ap_sig_allocacmp_v41_load             |   9|          2|    5|         10|
    |indvar_flatten_fu_560                 |   9|          2|    9|         18|
    |v40_fu_556                            |   9|          2|    5|         10|
    |v41_fu_552                            |   9|          2|    5|         10|
    +--------------------------------------+----+-----------+-----+-----------+
    |Total                                 |  72|         16|   40|         80|
    +--------------------------------------+----+-----------+-----+-----------+

    * Register: 
    +----------------------------------+---+----+-----+-----------+
    |               Name               | FF| LUT| Bits| Const Bits|
    +----------------------------------+---+----+-----+-----------+
    |add_ln138_reg_4948                |  8|   0|    8|          0|
    |add_ln139_reg_4953                |  8|   0|    8|          0|
    |add_ln139_reg_4953_pp0_iter1_reg  |  8|   0|    8|          0|
    |ap_CS_fsm                         |  1|   0|    1|          0|
    |ap_done_reg                       |  1|   0|    1|          0|
    |ap_enable_reg_pp0_iter1           |  1|   0|    1|          0|
    |ap_enable_reg_pp0_iter2           |  1|   0|    1|          0|
    |ap_loop_exit_ready_pp0_iter1_reg  |  1|   0|    1|          0|
    |indvar_flatten_fu_560             |  9|   0|    9|          0|
    |v40_fu_556                        |  5|   0|    5|          0|
    |v41_fu_552                        |  5|   0|    5|          0|
    +----------------------------------+---+----+-----+-----------+
    |Total                             | 48|   0|   48|          0|
    +----------------------------------+---+----+-----+-----------+



================================================================
== Interface
================================================================
* Summary: 
+-------------------+-----+-----+------------+--------------+--------------+
|     RTL Ports     | Dir | Bits|  Protocol  | Source Object|    C Type    |
+-------------------+-----+-----+------------+--------------+--------------+
|ap_clk             |   in|    1|  ap_ctrl_hs|         node3|  return value|
|ap_rst             |   in|    1|  ap_ctrl_hs|         node3|  return value|
|ap_start           |   in|    1|  ap_ctrl_hs|         node3|  return value|
|ap_done            |  out|    1|  ap_ctrl_hs|         node3|  return value|
|ap_continue        |   in|    1|  ap_ctrl_hs|         node3|  return value|
|ap_idle            |  out|    1|  ap_ctrl_hs|         node3|  return value|
|ap_ready           |  out|    1|  ap_ctrl_hs|         node3|  return value|
|v97_0_0_address0   |  out|    8|   ap_memory|       v97_0_0|         array|
|v97_0_0_ce0        |  out|    1|   ap_memory|       v97_0_0|         array|
|v97_0_0_q0         |   in|   32|   ap_memory|       v97_0_0|         array|
|v97_0_1_address0   |  out|    8|   ap_memory|       v97_0_1|         array|
|v97_0_1_ce0        |  out|    1|   ap_memory|       v97_0_1|         array|
|v97_0_1_q0         |   in|   32|   ap_memory|       v97_0_1|         array|
|v97_0_2_address0   |  out|    8|   ap_memory|       v97_0_2|         array|
|v97_0_2_ce0        |  out|    1|   ap_memory|       v97_0_2|         array|
|v97_0_2_q0         |   in|   32|   ap_memory|       v97_0_2|         array|
|v97_0_3_address0   |  out|    8|   ap_memory|       v97_0_3|         array|
|v97_0_3_ce0        |  out|    1|   ap_memory|       v97_0_3|         array|
|v97_0_3_q0         |   in|   32|   ap_memory|       v97_0_3|         array|
|v97_0_4_address0   |  out|    8|   ap_memory|       v97_0_4|         array|
|v97_0_4_ce0        |  out|    1|   ap_memory|       v97_0_4|         array|
|v97_0_4_q0         |   in|   32|   ap_memory|       v97_0_4|         array|
|v97_0_5_address0   |  out|    8|   ap_memory|       v97_0_5|         array|
|v97_0_5_ce0        |  out|    1|   ap_memory|       v97_0_5|         array|
|v97_0_5_q0         |   in|   32|   ap_memory|       v97_0_5|         array|
|v97_0_6_address0   |  out|    8|   ap_memory|       v97_0_6|         array|
|v97_0_6_ce0        |  out|    1|   ap_memory|       v97_0_6|         array|
|v97_0_6_q0         |   in|   32|   ap_memory|       v97_0_6|         array|
|v97_0_7_address0   |  out|    8|   ap_memory|       v97_0_7|         array|
|v97_0_7_ce0        |  out|    1|   ap_memory|       v97_0_7|         array|
|v97_0_7_q0         |   in|   32|   ap_memory|       v97_0_7|         array|
|v97_0_8_address0   |  out|    8|   ap_memory|       v97_0_8|         array|
|v97_0_8_ce0        |  out|    1|   ap_memory|       v97_0_8|         array|
|v97_0_8_q0         |   in|   32|   ap_memory|       v97_0_8|         array|
|v97_0_9_address0   |  out|    8|   ap_memory|       v97_0_9|         array|
|v97_0_9_ce0        |  out|    1|   ap_memory|       v97_0_9|         array|
|v97_0_9_q0         |   in|   32|   ap_memory|       v97_0_9|         array|
|v97_0_10_address0  |  out|    8|   ap_memory|      v97_0_10|         array|
|v97_0_10_ce0       |  out|    1|   ap_memory|      v97_0_10|         array|
|v97_0_10_q0        |   in|   32|   ap_memory|      v97_0_10|         array|
|v97_0_11_address0  |  out|    8|   ap_memory|      v97_0_11|         array|
|v97_0_11_ce0       |  out|    1|   ap_memory|      v97_0_11|         array|
|v97_0_11_q0        |   in|   32|   ap_memory|      v97_0_11|         array|
|v97_0_12_address0  |  out|    8|   ap_memory|      v97_0_12|         array|
|v97_0_12_ce0       |  out|    1|   ap_memory|      v97_0_12|         array|
|v97_0_12_q0        |   in|   32|   ap_memory|      v97_0_12|         array|
|v97_0_13_address0  |  out|    8|   ap_memory|      v97_0_13|         array|
|v97_0_13_ce0       |  out|    1|   ap_memory|      v97_0_13|         array|
|v97_0_13_q0        |   in|   32|   ap_memory|      v97_0_13|         array|
|v97_0_14_address0  |  out|    8|   ap_memory|      v97_0_14|         array|
|v97_0_14_ce0       |  out|    1|   ap_memory|      v97_0_14|         array|
|v97_0_14_q0        |   in|   32|   ap_memory|      v97_0_14|         array|
|v97_0_15_address0  |  out|    8|   ap_memory|      v97_0_15|         array|
|v97_0_15_ce0       |  out|    1|   ap_memory|      v97_0_15|         array|
|v97_0_15_q0        |   in|   32|   ap_memory|      v97_0_15|         array|
|v97_1_0_address0   |  out|    8|   ap_memory|       v97_1_0|         array|
|v97_1_0_ce0        |  out|    1|   ap_memory|       v97_1_0|         array|
|v97_1_0_q0         |   in|   32|   ap_memory|       v97_1_0|         array|
|v97_1_1_address0   |  out|    8|   ap_memory|       v97_1_1|         array|
|v97_1_1_ce0        |  out|    1|   ap_memory|       v97_1_1|         array|
|v97_1_1_q0         |   in|   32|   ap_memory|       v97_1_1|         array|
|v97_1_2_address0   |  out|    8|   ap_memory|       v97_1_2|         array|
|v97_1_2_ce0        |  out|    1|   ap_memory|       v97_1_2|         array|
|v97_1_2_q0         |   in|   32|   ap_memory|       v97_1_2|         array|
|v97_1_3_address0   |  out|    8|   ap_memory|       v97_1_3|         array|
|v97_1_3_ce0        |  out|    1|   ap_memory|       v97_1_3|         array|
|v97_1_3_q0         |   in|   32|   ap_memory|       v97_1_3|         array|
|v97_1_4_address0   |  out|    8|   ap_memory|       v97_1_4|         array|
|v97_1_4_ce0        |  out|    1|   ap_memory|       v97_1_4|         array|
|v97_1_4_q0         |   in|   32|   ap_memory|       v97_1_4|         array|
|v97_1_5_address0   |  out|    8|   ap_memory|       v97_1_5|         array|
|v97_1_5_ce0        |  out|    1|   ap_memory|       v97_1_5|         array|
|v97_1_5_q0         |   in|   32|   ap_memory|       v97_1_5|         array|
|v97_1_6_address0   |  out|    8|   ap_memory|       v97_1_6|         array|
|v97_1_6_ce0        |  out|    1|   ap_memory|       v97_1_6|         array|
|v97_1_6_q0         |   in|   32|   ap_memory|       v97_1_6|         array|
|v97_1_7_address0   |  out|    8|   ap_memory|       v97_1_7|         array|
|v97_1_7_ce0        |  out|    1|   ap_memory|       v97_1_7|         array|
|v97_1_7_q0         |   in|   32|   ap_memory|       v97_1_7|         array|
|v97_1_8_address0   |  out|    8|   ap_memory|       v97_1_8|         array|
|v97_1_8_ce0        |  out|    1|   ap_memory|       v97_1_8|         array|
|v97_1_8_q0         |   in|   32|   ap_memory|       v97_1_8|         array|
|v97_1_9_address0   |  out|    8|   ap_memory|       v97_1_9|         array|
|v97_1_9_ce0        |  out|    1|   ap_memory|       v97_1_9|         array|
|v97_1_9_q0         |   in|   32|   ap_memory|       v97_1_9|         array|
|v97_1_10_address0  |  out|    8|   ap_memory|      v97_1_10|         array|
|v97_1_10_ce0       |  out|    1|   ap_memory|      v97_1_10|         array|
|v97_1_10_q0        |   in|   32|   ap_memory|      v97_1_10|         array|
|v97_1_11_address0  |  out|    8|   ap_memory|      v97_1_11|         array|
|v97_1_11_ce0       |  out|    1|   ap_memory|      v97_1_11|         array|
|v97_1_11_q0        |   in|   32|   ap_memory|      v97_1_11|         array|
|v97_1_12_address0  |  out|    8|   ap_memory|      v97_1_12|         array|
|v97_1_12_ce0       |  out|    1|   ap_memory|      v97_1_12|         array|
|v97_1_12_q0        |   in|   32|   ap_memory|      v97_1_12|         array|
|v97_1_13_address0  |  out|    8|   ap_memory|      v97_1_13|         array|
|v97_1_13_ce0       |  out|    1|   ap_memory|      v97_1_13|         array|
|v97_1_13_q0        |   in|   32|   ap_memory|      v97_1_13|         array|
|v97_1_14_address0  |  out|    8|   ap_memory|      v97_1_14|         array|
|v97_1_14_ce0       |  out|    1|   ap_memory|      v97_1_14|         array|
|v97_1_14_q0        |   in|   32|   ap_memory|      v97_1_14|         array|
|v97_1_15_address0  |  out|    8|   ap_memory|      v97_1_15|         array|
|v97_1_15_ce0       |  out|    1|   ap_memory|      v97_1_15|         array|
|v97_1_15_q0        |   in|   32|   ap_memory|      v97_1_15|         array|
|v97_2_0_address0   |  out|    8|   ap_memory|       v97_2_0|         array|
|v97_2_0_ce0        |  out|    1|   ap_memory|       v97_2_0|         array|
|v97_2_0_q0         |   in|   32|   ap_memory|       v97_2_0|         array|
|v97_2_1_address0   |  out|    8|   ap_memory|       v97_2_1|         array|
|v97_2_1_ce0        |  out|    1|   ap_memory|       v97_2_1|         array|
|v97_2_1_q0         |   in|   32|   ap_memory|       v97_2_1|         array|
|v97_2_2_address0   |  out|    8|   ap_memory|       v97_2_2|         array|
|v97_2_2_ce0        |  out|    1|   ap_memory|       v97_2_2|         array|
|v97_2_2_q0         |   in|   32|   ap_memory|       v97_2_2|         array|
|v97_2_3_address0   |  out|    8|   ap_memory|       v97_2_3|         array|
|v97_2_3_ce0        |  out|    1|   ap_memory|       v97_2_3|         array|
|v97_2_3_q0         |   in|   32|   ap_memory|       v97_2_3|         array|
|v97_2_4_address0   |  out|    8|   ap_memory|       v97_2_4|         array|
|v97_2_4_ce0        |  out|    1|   ap_memory|       v97_2_4|         array|
|v97_2_4_q0         |   in|   32|   ap_memory|       v97_2_4|         array|
|v97_2_5_address0   |  out|    8|   ap_memory|       v97_2_5|         array|
|v97_2_5_ce0        |  out|    1|   ap_memory|       v97_2_5|         array|
|v97_2_5_q0         |   in|   32|   ap_memory|       v97_2_5|         array|
|v97_2_6_address0   |  out|    8|   ap_memory|       v97_2_6|         array|
|v97_2_6_ce0        |  out|    1|   ap_memory|       v97_2_6|         array|
|v97_2_6_q0         |   in|   32|   ap_memory|       v97_2_6|         array|
|v97_2_7_address0   |  out|    8|   ap_memory|       v97_2_7|         array|
|v97_2_7_ce0        |  out|    1|   ap_memory|       v97_2_7|         array|
|v97_2_7_q0         |   in|   32|   ap_memory|       v97_2_7|         array|
|v97_2_8_address0   |  out|    8|   ap_memory|       v97_2_8|         array|
|v97_2_8_ce0        |  out|    1|   ap_memory|       v97_2_8|         array|
|v97_2_8_q0         |   in|   32|   ap_memory|       v97_2_8|         array|
|v97_2_9_address0   |  out|    8|   ap_memory|       v97_2_9|         array|
|v97_2_9_ce0        |  out|    1|   ap_memory|       v97_2_9|         array|
|v97_2_9_q0         |   in|   32|   ap_memory|       v97_2_9|         array|
|v97_2_10_address0  |  out|    8|   ap_memory|      v97_2_10|         array|
|v97_2_10_ce0       |  out|    1|   ap_memory|      v97_2_10|         array|
|v97_2_10_q0        |   in|   32|   ap_memory|      v97_2_10|         array|
|v97_2_11_address0  |  out|    8|   ap_memory|      v97_2_11|         array|
|v97_2_11_ce0       |  out|    1|   ap_memory|      v97_2_11|         array|
|v97_2_11_q0        |   in|   32|   ap_memory|      v97_2_11|         array|
|v97_2_12_address0  |  out|    8|   ap_memory|      v97_2_12|         array|
|v97_2_12_ce0       |  out|    1|   ap_memory|      v97_2_12|         array|
|v97_2_12_q0        |   in|   32|   ap_memory|      v97_2_12|         array|
|v97_2_13_address0  |  out|    8|   ap_memory|      v97_2_13|         array|
|v97_2_13_ce0       |  out|    1|   ap_memory|      v97_2_13|         array|
|v97_2_13_q0        |   in|   32|   ap_memory|      v97_2_13|         array|
|v97_2_14_address0  |  out|    8|   ap_memory|      v97_2_14|         array|
|v97_2_14_ce0       |  out|    1|   ap_memory|      v97_2_14|         array|
|v97_2_14_q0        |   in|   32|   ap_memory|      v97_2_14|         array|
|v97_2_15_address0  |  out|    8|   ap_memory|      v97_2_15|         array|
|v97_2_15_ce0       |  out|    1|   ap_memory|      v97_2_15|         array|
|v97_2_15_q0        |   in|   32|   ap_memory|      v97_2_15|         array|
|v97_3_0_address0   |  out|    8|   ap_memory|       v97_3_0|         array|
|v97_3_0_ce0        |  out|    1|   ap_memory|       v97_3_0|         array|
|v97_3_0_q0         |   in|   32|   ap_memory|       v97_3_0|         array|
|v97_3_1_address0   |  out|    8|   ap_memory|       v97_3_1|         array|
|v97_3_1_ce0        |  out|    1|   ap_memory|       v97_3_1|         array|
|v97_3_1_q0         |   in|   32|   ap_memory|       v97_3_1|         array|
|v97_3_2_address0   |  out|    8|   ap_memory|       v97_3_2|         array|
|v97_3_2_ce0        |  out|    1|   ap_memory|       v97_3_2|         array|
|v97_3_2_q0         |   in|   32|   ap_memory|       v97_3_2|         array|
|v97_3_3_address0   |  out|    8|   ap_memory|       v97_3_3|         array|
|v97_3_3_ce0        |  out|    1|   ap_memory|       v97_3_3|         array|
|v97_3_3_q0         |   in|   32|   ap_memory|       v97_3_3|         array|
|v97_3_4_address0   |  out|    8|   ap_memory|       v97_3_4|         array|
|v97_3_4_ce0        |  out|    1|   ap_memory|       v97_3_4|         array|
|v97_3_4_q0         |   in|   32|   ap_memory|       v97_3_4|         array|
|v97_3_5_address0   |  out|    8|   ap_memory|       v97_3_5|         array|
|v97_3_5_ce0        |  out|    1|   ap_memory|       v97_3_5|         array|
|v97_3_5_q0         |   in|   32|   ap_memory|       v97_3_5|         array|
|v97_3_6_address0   |  out|    8|   ap_memory|       v97_3_6|         array|
|v97_3_6_ce0        |  out|    1|   ap_memory|       v97_3_6|         array|
|v97_3_6_q0         |   in|   32|   ap_memory|       v97_3_6|         array|
|v97_3_7_address0   |  out|    8|   ap_memory|       v97_3_7|         array|
|v97_3_7_ce0        |  out|    1|   ap_memory|       v97_3_7|         array|
|v97_3_7_q0         |   in|   32|   ap_memory|       v97_3_7|         array|
|v97_3_8_address0   |  out|    8|   ap_memory|       v97_3_8|         array|
|v97_3_8_ce0        |  out|    1|   ap_memory|       v97_3_8|         array|
|v97_3_8_q0         |   in|   32|   ap_memory|       v97_3_8|         array|
|v97_3_9_address0   |  out|    8|   ap_memory|       v97_3_9|         array|
|v97_3_9_ce0        |  out|    1|   ap_memory|       v97_3_9|         array|
|v97_3_9_q0         |   in|   32|   ap_memory|       v97_3_9|         array|
|v97_3_10_address0  |  out|    8|   ap_memory|      v97_3_10|         array|
|v97_3_10_ce0       |  out|    1|   ap_memory|      v97_3_10|         array|
|v97_3_10_q0        |   in|   32|   ap_memory|      v97_3_10|         array|
|v97_3_11_address0  |  out|    8|   ap_memory|      v97_3_11|         array|
|v97_3_11_ce0       |  out|    1|   ap_memory|      v97_3_11|         array|
|v97_3_11_q0        |   in|   32|   ap_memory|      v97_3_11|         array|
|v97_3_12_address0  |  out|    8|   ap_memory|      v97_3_12|         array|
|v97_3_12_ce0       |  out|    1|   ap_memory|      v97_3_12|         array|
|v97_3_12_q0        |   in|   32|   ap_memory|      v97_3_12|         array|
|v97_3_13_address0  |  out|    8|   ap_memory|      v97_3_13|         array|
|v97_3_13_ce0       |  out|    1|   ap_memory|      v97_3_13|         array|
|v97_3_13_q0        |   in|   32|   ap_memory|      v97_3_13|         array|
|v97_3_14_address0  |  out|    8|   ap_memory|      v97_3_14|         array|
|v97_3_14_ce0       |  out|    1|   ap_memory|      v97_3_14|         array|
|v97_3_14_q0        |   in|   32|   ap_memory|      v97_3_14|         array|
|v97_3_15_address0  |  out|    8|   ap_memory|      v97_3_15|         array|
|v97_3_15_ce0       |  out|    1|   ap_memory|      v97_3_15|         array|
|v97_3_15_q0        |   in|   32|   ap_memory|      v97_3_15|         array|
|v97_4_0_address0   |  out|    8|   ap_memory|       v97_4_0|         array|
|v97_4_0_ce0        |  out|    1|   ap_memory|       v97_4_0|         array|
|v97_4_0_q0         |   in|   32|   ap_memory|       v97_4_0|         array|
|v97_4_1_address0   |  out|    8|   ap_memory|       v97_4_1|         array|
|v97_4_1_ce0        |  out|    1|   ap_memory|       v97_4_1|         array|
|v97_4_1_q0         |   in|   32|   ap_memory|       v97_4_1|         array|
|v97_4_2_address0   |  out|    8|   ap_memory|       v97_4_2|         array|
|v97_4_2_ce0        |  out|    1|   ap_memory|       v97_4_2|         array|
|v97_4_2_q0         |   in|   32|   ap_memory|       v97_4_2|         array|
|v97_4_3_address0   |  out|    8|   ap_memory|       v97_4_3|         array|
|v97_4_3_ce0        |  out|    1|   ap_memory|       v97_4_3|         array|
|v97_4_3_q0         |   in|   32|   ap_memory|       v97_4_3|         array|
|v97_4_4_address0   |  out|    8|   ap_memory|       v97_4_4|         array|
|v97_4_4_ce0        |  out|    1|   ap_memory|       v97_4_4|         array|
|v97_4_4_q0         |   in|   32|   ap_memory|       v97_4_4|         array|
|v97_4_5_address0   |  out|    8|   ap_memory|       v97_4_5|         array|
|v97_4_5_ce0        |  out|    1|   ap_memory|       v97_4_5|         array|
|v97_4_5_q0         |   in|   32|   ap_memory|       v97_4_5|         array|
|v97_4_6_address0   |  out|    8|   ap_memory|       v97_4_6|         array|
|v97_4_6_ce0        |  out|    1|   ap_memory|       v97_4_6|         array|
|v97_4_6_q0         |   in|   32|   ap_memory|       v97_4_6|         array|
|v97_4_7_address0   |  out|    8|   ap_memory|       v97_4_7|         array|
|v97_4_7_ce0        |  out|    1|   ap_memory|       v97_4_7|         array|
|v97_4_7_q0         |   in|   32|   ap_memory|       v97_4_7|         array|
|v97_4_8_address0   |  out|    8|   ap_memory|       v97_4_8|         array|
|v97_4_8_ce0        |  out|    1|   ap_memory|       v97_4_8|         array|
|v97_4_8_q0         |   in|   32|   ap_memory|       v97_4_8|         array|
|v97_4_9_address0   |  out|    8|   ap_memory|       v97_4_9|         array|
|v97_4_9_ce0        |  out|    1|   ap_memory|       v97_4_9|         array|
|v97_4_9_q0         |   in|   32|   ap_memory|       v97_4_9|         array|
|v97_4_10_address0  |  out|    8|   ap_memory|      v97_4_10|         array|
|v97_4_10_ce0       |  out|    1|   ap_memory|      v97_4_10|         array|
|v97_4_10_q0        |   in|   32|   ap_memory|      v97_4_10|         array|
|v97_4_11_address0  |  out|    8|   ap_memory|      v97_4_11|         array|
|v97_4_11_ce0       |  out|    1|   ap_memory|      v97_4_11|         array|
|v97_4_11_q0        |   in|   32|   ap_memory|      v97_4_11|         array|
|v97_4_12_address0  |  out|    8|   ap_memory|      v97_4_12|         array|
|v97_4_12_ce0       |  out|    1|   ap_memory|      v97_4_12|         array|
|v97_4_12_q0        |   in|   32|   ap_memory|      v97_4_12|         array|
|v97_4_13_address0  |  out|    8|   ap_memory|      v97_4_13|         array|
|v97_4_13_ce0       |  out|    1|   ap_memory|      v97_4_13|         array|
|v97_4_13_q0        |   in|   32|   ap_memory|      v97_4_13|         array|
|v97_4_14_address0  |  out|    8|   ap_memory|      v97_4_14|         array|
|v97_4_14_ce0       |  out|    1|   ap_memory|      v97_4_14|         array|
|v97_4_14_q0        |   in|   32|   ap_memory|      v97_4_14|         array|
|v97_4_15_address0  |  out|    8|   ap_memory|      v97_4_15|         array|
|v97_4_15_ce0       |  out|    1|   ap_memory|      v97_4_15|         array|
|v97_4_15_q0        |   in|   32|   ap_memory|      v97_4_15|         array|
|v97_5_0_address0   |  out|    8|   ap_memory|       v97_5_0|         array|
|v97_5_0_ce0        |  out|    1|   ap_memory|       v97_5_0|         array|
|v97_5_0_q0         |   in|   32|   ap_memory|       v97_5_0|         array|
|v97_5_1_address0   |  out|    8|   ap_memory|       v97_5_1|         array|
|v97_5_1_ce0        |  out|    1|   ap_memory|       v97_5_1|         array|
|v97_5_1_q0         |   in|   32|   ap_memory|       v97_5_1|         array|
|v97_5_2_address0   |  out|    8|   ap_memory|       v97_5_2|         array|
|v97_5_2_ce0        |  out|    1|   ap_memory|       v97_5_2|         array|
|v97_5_2_q0         |   in|   32|   ap_memory|       v97_5_2|         array|
|v97_5_3_address0   |  out|    8|   ap_memory|       v97_5_3|         array|
|v97_5_3_ce0        |  out|    1|   ap_memory|       v97_5_3|         array|
|v97_5_3_q0         |   in|   32|   ap_memory|       v97_5_3|         array|
|v97_5_4_address0   |  out|    8|   ap_memory|       v97_5_4|         array|
|v97_5_4_ce0        |  out|    1|   ap_memory|       v97_5_4|         array|
|v97_5_4_q0         |   in|   32|   ap_memory|       v97_5_4|         array|
|v97_5_5_address0   |  out|    8|   ap_memory|       v97_5_5|         array|
|v97_5_5_ce0        |  out|    1|   ap_memory|       v97_5_5|         array|
|v97_5_5_q0         |   in|   32|   ap_memory|       v97_5_5|         array|
|v97_5_6_address0   |  out|    8|   ap_memory|       v97_5_6|         array|
|v97_5_6_ce0        |  out|    1|   ap_memory|       v97_5_6|         array|
|v97_5_6_q0         |   in|   32|   ap_memory|       v97_5_6|         array|
|v97_5_7_address0   |  out|    8|   ap_memory|       v97_5_7|         array|
|v97_5_7_ce0        |  out|    1|   ap_memory|       v97_5_7|         array|
|v97_5_7_q0         |   in|   32|   ap_memory|       v97_5_7|         array|
|v97_5_8_address0   |  out|    8|   ap_memory|       v97_5_8|         array|
|v97_5_8_ce0        |  out|    1|   ap_memory|       v97_5_8|         array|
|v97_5_8_q0         |   in|   32|   ap_memory|       v97_5_8|         array|
|v97_5_9_address0   |  out|    8|   ap_memory|       v97_5_9|         array|
|v97_5_9_ce0        |  out|    1|   ap_memory|       v97_5_9|         array|
|v97_5_9_q0         |   in|   32|   ap_memory|       v97_5_9|         array|
|v97_5_10_address0  |  out|    8|   ap_memory|      v97_5_10|         array|
|v97_5_10_ce0       |  out|    1|   ap_memory|      v97_5_10|         array|
|v97_5_10_q0        |   in|   32|   ap_memory|      v97_5_10|         array|
|v97_5_11_address0  |  out|    8|   ap_memory|      v97_5_11|         array|
|v97_5_11_ce0       |  out|    1|   ap_memory|      v97_5_11|         array|
|v97_5_11_q0        |   in|   32|   ap_memory|      v97_5_11|         array|
|v97_5_12_address0  |  out|    8|   ap_memory|      v97_5_12|         array|
|v97_5_12_ce0       |  out|    1|   ap_memory|      v97_5_12|         array|
|v97_5_12_q0        |   in|   32|   ap_memory|      v97_5_12|         array|
|v97_5_13_address0  |  out|    8|   ap_memory|      v97_5_13|         array|
|v97_5_13_ce0       |  out|    1|   ap_memory|      v97_5_13|         array|
|v97_5_13_q0        |   in|   32|   ap_memory|      v97_5_13|         array|
|v97_5_14_address0  |  out|    8|   ap_memory|      v97_5_14|         array|
|v97_5_14_ce0       |  out|    1|   ap_memory|      v97_5_14|         array|
|v97_5_14_q0        |   in|   32|   ap_memory|      v97_5_14|         array|
|v97_5_15_address0  |  out|    8|   ap_memory|      v97_5_15|         array|
|v97_5_15_ce0       |  out|    1|   ap_memory|      v97_5_15|         array|
|v97_5_15_q0        |   in|   32|   ap_memory|      v97_5_15|         array|
|v97_6_0_address0   |  out|    8|   ap_memory|       v97_6_0|         array|
|v97_6_0_ce0        |  out|    1|   ap_memory|       v97_6_0|         array|
|v97_6_0_q0         |   in|   32|   ap_memory|       v97_6_0|         array|
|v97_6_1_address0   |  out|    8|   ap_memory|       v97_6_1|         array|
|v97_6_1_ce0        |  out|    1|   ap_memory|       v97_6_1|         array|
|v97_6_1_q0         |   in|   32|   ap_memory|       v97_6_1|         array|
|v97_6_2_address0   |  out|    8|   ap_memory|       v97_6_2|         array|
|v97_6_2_ce0        |  out|    1|   ap_memory|       v97_6_2|         array|
|v97_6_2_q0         |   in|   32|   ap_memory|       v97_6_2|         array|
|v97_6_3_address0   |  out|    8|   ap_memory|       v97_6_3|         array|
|v97_6_3_ce0        |  out|    1|   ap_memory|       v97_6_3|         array|
|v97_6_3_q0         |   in|   32|   ap_memory|       v97_6_3|         array|
|v97_6_4_address0   |  out|    8|   ap_memory|       v97_6_4|         array|
|v97_6_4_ce0        |  out|    1|   ap_memory|       v97_6_4|         array|
|v97_6_4_q0         |   in|   32|   ap_memory|       v97_6_4|         array|
|v97_6_5_address0   |  out|    8|   ap_memory|       v97_6_5|         array|
|v97_6_5_ce0        |  out|    1|   ap_memory|       v97_6_5|         array|
|v97_6_5_q0         |   in|   32|   ap_memory|       v97_6_5|         array|
|v97_6_6_address0   |  out|    8|   ap_memory|       v97_6_6|         array|
|v97_6_6_ce0        |  out|    1|   ap_memory|       v97_6_6|         array|
|v97_6_6_q0         |   in|   32|   ap_memory|       v97_6_6|         array|
|v97_6_7_address0   |  out|    8|   ap_memory|       v97_6_7|         array|
|v97_6_7_ce0        |  out|    1|   ap_memory|       v97_6_7|         array|
|v97_6_7_q0         |   in|   32|   ap_memory|       v97_6_7|         array|
|v97_6_8_address0   |  out|    8|   ap_memory|       v97_6_8|         array|
|v97_6_8_ce0        |  out|    1|   ap_memory|       v97_6_8|         array|
|v97_6_8_q0         |   in|   32|   ap_memory|       v97_6_8|         array|
|v97_6_9_address0   |  out|    8|   ap_memory|       v97_6_9|         array|
|v97_6_9_ce0        |  out|    1|   ap_memory|       v97_6_9|         array|
|v97_6_9_q0         |   in|   32|   ap_memory|       v97_6_9|         array|
|v97_6_10_address0  |  out|    8|   ap_memory|      v97_6_10|         array|
|v97_6_10_ce0       |  out|    1|   ap_memory|      v97_6_10|         array|
|v97_6_10_q0        |   in|   32|   ap_memory|      v97_6_10|         array|
|v97_6_11_address0  |  out|    8|   ap_memory|      v97_6_11|         array|
|v97_6_11_ce0       |  out|    1|   ap_memory|      v97_6_11|         array|
|v97_6_11_q0        |   in|   32|   ap_memory|      v97_6_11|         array|
|v97_6_12_address0  |  out|    8|   ap_memory|      v97_6_12|         array|
|v97_6_12_ce0       |  out|    1|   ap_memory|      v97_6_12|         array|
|v97_6_12_q0        |   in|   32|   ap_memory|      v97_6_12|         array|
|v97_6_13_address0  |  out|    8|   ap_memory|      v97_6_13|         array|
|v97_6_13_ce0       |  out|    1|   ap_memory|      v97_6_13|         array|
|v97_6_13_q0        |   in|   32|   ap_memory|      v97_6_13|         array|
|v97_6_14_address0  |  out|    8|   ap_memory|      v97_6_14|         array|
|v97_6_14_ce0       |  out|    1|   ap_memory|      v97_6_14|         array|
|v97_6_14_q0        |   in|   32|   ap_memory|      v97_6_14|         array|
|v97_6_15_address0  |  out|    8|   ap_memory|      v97_6_15|         array|
|v97_6_15_ce0       |  out|    1|   ap_memory|      v97_6_15|         array|
|v97_6_15_q0        |   in|   32|   ap_memory|      v97_6_15|         array|
|v97_7_0_address0   |  out|    8|   ap_memory|       v97_7_0|         array|
|v97_7_0_ce0        |  out|    1|   ap_memory|       v97_7_0|         array|
|v97_7_0_q0         |   in|   32|   ap_memory|       v97_7_0|         array|
|v97_7_1_address0   |  out|    8|   ap_memory|       v97_7_1|         array|
|v97_7_1_ce0        |  out|    1|   ap_memory|       v97_7_1|         array|
|v97_7_1_q0         |   in|   32|   ap_memory|       v97_7_1|         array|
|v97_7_2_address0   |  out|    8|   ap_memory|       v97_7_2|         array|
|v97_7_2_ce0        |  out|    1|   ap_memory|       v97_7_2|         array|
|v97_7_2_q0         |   in|   32|   ap_memory|       v97_7_2|         array|
|v97_7_3_address0   |  out|    8|   ap_memory|       v97_7_3|         array|
|v97_7_3_ce0        |  out|    1|   ap_memory|       v97_7_3|         array|
|v97_7_3_q0         |   in|   32|   ap_memory|       v97_7_3|         array|
|v97_7_4_address0   |  out|    8|   ap_memory|       v97_7_4|         array|
|v97_7_4_ce0        |  out|    1|   ap_memory|       v97_7_4|         array|
|v97_7_4_q0         |   in|   32|   ap_memory|       v97_7_4|         array|
|v97_7_5_address0   |  out|    8|   ap_memory|       v97_7_5|         array|
|v97_7_5_ce0        |  out|    1|   ap_memory|       v97_7_5|         array|
|v97_7_5_q0         |   in|   32|   ap_memory|       v97_7_5|         array|
|v97_7_6_address0   |  out|    8|   ap_memory|       v97_7_6|         array|
|v97_7_6_ce0        |  out|    1|   ap_memory|       v97_7_6|         array|
|v97_7_6_q0         |   in|   32|   ap_memory|       v97_7_6|         array|
|v97_7_7_address0   |  out|    8|   ap_memory|       v97_7_7|         array|
|v97_7_7_ce0        |  out|    1|   ap_memory|       v97_7_7|         array|
|v97_7_7_q0         |   in|   32|   ap_memory|       v97_7_7|         array|
|v97_7_8_address0   |  out|    8|   ap_memory|       v97_7_8|         array|
|v97_7_8_ce0        |  out|    1|   ap_memory|       v97_7_8|         array|
|v97_7_8_q0         |   in|   32|   ap_memory|       v97_7_8|         array|
|v97_7_9_address0   |  out|    8|   ap_memory|       v97_7_9|         array|
|v97_7_9_ce0        |  out|    1|   ap_memory|       v97_7_9|         array|
|v97_7_9_q0         |   in|   32|   ap_memory|       v97_7_9|         array|
|v97_7_10_address0  |  out|    8|   ap_memory|      v97_7_10|         array|
|v97_7_10_ce0       |  out|    1|   ap_memory|      v97_7_10|         array|
|v97_7_10_q0        |   in|   32|   ap_memory|      v97_7_10|         array|
|v97_7_11_address0  |  out|    8|   ap_memory|      v97_7_11|         array|
|v97_7_11_ce0       |  out|    1|   ap_memory|      v97_7_11|         array|
|v97_7_11_q0        |   in|   32|   ap_memory|      v97_7_11|         array|
|v97_7_12_address0  |  out|    8|   ap_memory|      v97_7_12|         array|
|v97_7_12_ce0       |  out|    1|   ap_memory|      v97_7_12|         array|
|v97_7_12_q0        |   in|   32|   ap_memory|      v97_7_12|         array|
|v97_7_13_address0  |  out|    8|   ap_memory|      v97_7_13|         array|
|v97_7_13_ce0       |  out|    1|   ap_memory|      v97_7_13|         array|
|v97_7_13_q0        |   in|   32|   ap_memory|      v97_7_13|         array|
|v97_7_14_address0  |  out|    8|   ap_memory|      v97_7_14|         array|
|v97_7_14_ce0       |  out|    1|   ap_memory|      v97_7_14|         array|
|v97_7_14_q0        |   in|   32|   ap_memory|      v97_7_14|         array|
|v97_7_15_address0  |  out|    8|   ap_memory|      v97_7_15|         array|
|v97_7_15_ce0       |  out|    1|   ap_memory|      v97_7_15|         array|
|v97_7_15_q0        |   in|   32|   ap_memory|      v97_7_15|         array|
|v39_0_0_address0   |  out|    8|   ap_memory|       v39_0_0|         array|
|v39_0_0_ce0        |  out|    1|   ap_memory|       v39_0_0|         array|
|v39_0_0_we0        |  out|    1|   ap_memory|       v39_0_0|         array|
|v39_0_0_d0         |  out|   32|   ap_memory|       v39_0_0|         array|
|v39_0_1_address0   |  out|    8|   ap_memory|       v39_0_1|         array|
|v39_0_1_ce0        |  out|    1|   ap_memory|       v39_0_1|         array|
|v39_0_1_we0        |  out|    1|   ap_memory|       v39_0_1|         array|
|v39_0_1_d0         |  out|   32|   ap_memory|       v39_0_1|         array|
|v39_0_2_address0   |  out|    8|   ap_memory|       v39_0_2|         array|
|v39_0_2_ce0        |  out|    1|   ap_memory|       v39_0_2|         array|
|v39_0_2_we0        |  out|    1|   ap_memory|       v39_0_2|         array|
|v39_0_2_d0         |  out|   32|   ap_memory|       v39_0_2|         array|
|v39_0_3_address0   |  out|    8|   ap_memory|       v39_0_3|         array|
|v39_0_3_ce0        |  out|    1|   ap_memory|       v39_0_3|         array|
|v39_0_3_we0        |  out|    1|   ap_memory|       v39_0_3|         array|
|v39_0_3_d0         |  out|   32|   ap_memory|       v39_0_3|         array|
|v39_0_4_address0   |  out|    8|   ap_memory|       v39_0_4|         array|
|v39_0_4_ce0        |  out|    1|   ap_memory|       v39_0_4|         array|
|v39_0_4_we0        |  out|    1|   ap_memory|       v39_0_4|         array|
|v39_0_4_d0         |  out|   32|   ap_memory|       v39_0_4|         array|
|v39_0_5_address0   |  out|    8|   ap_memory|       v39_0_5|         array|
|v39_0_5_ce0        |  out|    1|   ap_memory|       v39_0_5|         array|
|v39_0_5_we0        |  out|    1|   ap_memory|       v39_0_5|         array|
|v39_0_5_d0         |  out|   32|   ap_memory|       v39_0_5|         array|
|v39_0_6_address0   |  out|    8|   ap_memory|       v39_0_6|         array|
|v39_0_6_ce0        |  out|    1|   ap_memory|       v39_0_6|         array|
|v39_0_6_we0        |  out|    1|   ap_memory|       v39_0_6|         array|
|v39_0_6_d0         |  out|   32|   ap_memory|       v39_0_6|         array|
|v39_0_7_address0   |  out|    8|   ap_memory|       v39_0_7|         array|
|v39_0_7_ce0        |  out|    1|   ap_memory|       v39_0_7|         array|
|v39_0_7_we0        |  out|    1|   ap_memory|       v39_0_7|         array|
|v39_0_7_d0         |  out|   32|   ap_memory|       v39_0_7|         array|
|v39_1_0_address0   |  out|    8|   ap_memory|       v39_1_0|         array|
|v39_1_0_ce0        |  out|    1|   ap_memory|       v39_1_0|         array|
|v39_1_0_we0        |  out|    1|   ap_memory|       v39_1_0|         array|
|v39_1_0_d0         |  out|   32|   ap_memory|       v39_1_0|         array|
|v39_1_1_address0   |  out|    8|   ap_memory|       v39_1_1|         array|
|v39_1_1_ce0        |  out|    1|   ap_memory|       v39_1_1|         array|
|v39_1_1_we0        |  out|    1|   ap_memory|       v39_1_1|         array|
|v39_1_1_d0         |  out|   32|   ap_memory|       v39_1_1|         array|
|v39_1_2_address0   |  out|    8|   ap_memory|       v39_1_2|         array|
|v39_1_2_ce0        |  out|    1|   ap_memory|       v39_1_2|         array|
|v39_1_2_we0        |  out|    1|   ap_memory|       v39_1_2|         array|
|v39_1_2_d0         |  out|   32|   ap_memory|       v39_1_2|         array|
|v39_1_3_address0   |  out|    8|   ap_memory|       v39_1_3|         array|
|v39_1_3_ce0        |  out|    1|   ap_memory|       v39_1_3|         array|
|v39_1_3_we0        |  out|    1|   ap_memory|       v39_1_3|         array|
|v39_1_3_d0         |  out|   32|   ap_memory|       v39_1_3|         array|
|v39_1_4_address0   |  out|    8|   ap_memory|       v39_1_4|         array|
|v39_1_4_ce0        |  out|    1|   ap_memory|       v39_1_4|         array|
|v39_1_4_we0        |  out|    1|   ap_memory|       v39_1_4|         array|
|v39_1_4_d0         |  out|   32|   ap_memory|       v39_1_4|         array|
|v39_1_5_address0   |  out|    8|   ap_memory|       v39_1_5|         array|
|v39_1_5_ce0        |  out|    1|   ap_memory|       v39_1_5|         array|
|v39_1_5_we0        |  out|    1|   ap_memory|       v39_1_5|         array|
|v39_1_5_d0         |  out|   32|   ap_memory|       v39_1_5|         array|
|v39_1_6_address0   |  out|    8|   ap_memory|       v39_1_6|         array|
|v39_1_6_ce0        |  out|    1|   ap_memory|       v39_1_6|         array|
|v39_1_6_we0        |  out|    1|   ap_memory|       v39_1_6|         array|
|v39_1_6_d0         |  out|   32|   ap_memory|       v39_1_6|         array|
|v39_1_7_address0   |  out|    8|   ap_memory|       v39_1_7|         array|
|v39_1_7_ce0        |  out|    1|   ap_memory|       v39_1_7|         array|
|v39_1_7_we0        |  out|    1|   ap_memory|       v39_1_7|         array|
|v39_1_7_d0         |  out|   32|   ap_memory|       v39_1_7|         array|
|v39_2_0_address0   |  out|    8|   ap_memory|       v39_2_0|         array|
|v39_2_0_ce0        |  out|    1|   ap_memory|       v39_2_0|         array|
|v39_2_0_we0        |  out|    1|   ap_memory|       v39_2_0|         array|
|v39_2_0_d0         |  out|   32|   ap_memory|       v39_2_0|         array|
|v39_2_1_address0   |  out|    8|   ap_memory|       v39_2_1|         array|
|v39_2_1_ce0        |  out|    1|   ap_memory|       v39_2_1|         array|
|v39_2_1_we0        |  out|    1|   ap_memory|       v39_2_1|         array|
|v39_2_1_d0         |  out|   32|   ap_memory|       v39_2_1|         array|
|v39_2_2_address0   |  out|    8|   ap_memory|       v39_2_2|         array|
|v39_2_2_ce0        |  out|    1|   ap_memory|       v39_2_2|         array|
|v39_2_2_we0        |  out|    1|   ap_memory|       v39_2_2|         array|
|v39_2_2_d0         |  out|   32|   ap_memory|       v39_2_2|         array|
|v39_2_3_address0   |  out|    8|   ap_memory|       v39_2_3|         array|
|v39_2_3_ce0        |  out|    1|   ap_memory|       v39_2_3|         array|
|v39_2_3_we0        |  out|    1|   ap_memory|       v39_2_3|         array|
|v39_2_3_d0         |  out|   32|   ap_memory|       v39_2_3|         array|
|v39_2_4_address0   |  out|    8|   ap_memory|       v39_2_4|         array|
|v39_2_4_ce0        |  out|    1|   ap_memory|       v39_2_4|         array|
|v39_2_4_we0        |  out|    1|   ap_memory|       v39_2_4|         array|
|v39_2_4_d0         |  out|   32|   ap_memory|       v39_2_4|         array|
|v39_2_5_address0   |  out|    8|   ap_memory|       v39_2_5|         array|
|v39_2_5_ce0        |  out|    1|   ap_memory|       v39_2_5|         array|
|v39_2_5_we0        |  out|    1|   ap_memory|       v39_2_5|         array|
|v39_2_5_d0         |  out|   32|   ap_memory|       v39_2_5|         array|
|v39_2_6_address0   |  out|    8|   ap_memory|       v39_2_6|         array|
|v39_2_6_ce0        |  out|    1|   ap_memory|       v39_2_6|         array|
|v39_2_6_we0        |  out|    1|   ap_memory|       v39_2_6|         array|
|v39_2_6_d0         |  out|   32|   ap_memory|       v39_2_6|         array|
|v39_2_7_address0   |  out|    8|   ap_memory|       v39_2_7|         array|
|v39_2_7_ce0        |  out|    1|   ap_memory|       v39_2_7|         array|
|v39_2_7_we0        |  out|    1|   ap_memory|       v39_2_7|         array|
|v39_2_7_d0         |  out|   32|   ap_memory|       v39_2_7|         array|
|v39_3_0_address0   |  out|    8|   ap_memory|       v39_3_0|         array|
|v39_3_0_ce0        |  out|    1|   ap_memory|       v39_3_0|         array|
|v39_3_0_we0        |  out|    1|   ap_memory|       v39_3_0|         array|
|v39_3_0_d0         |  out|   32|   ap_memory|       v39_3_0|         array|
|v39_3_1_address0   |  out|    8|   ap_memory|       v39_3_1|         array|
|v39_3_1_ce0        |  out|    1|   ap_memory|       v39_3_1|         array|
|v39_3_1_we0        |  out|    1|   ap_memory|       v39_3_1|         array|
|v39_3_1_d0         |  out|   32|   ap_memory|       v39_3_1|         array|
|v39_3_2_address0   |  out|    8|   ap_memory|       v39_3_2|         array|
|v39_3_2_ce0        |  out|    1|   ap_memory|       v39_3_2|         array|
|v39_3_2_we0        |  out|    1|   ap_memory|       v39_3_2|         array|
|v39_3_2_d0         |  out|   32|   ap_memory|       v39_3_2|         array|
|v39_3_3_address0   |  out|    8|   ap_memory|       v39_3_3|         array|
|v39_3_3_ce0        |  out|    1|   ap_memory|       v39_3_3|         array|
|v39_3_3_we0        |  out|    1|   ap_memory|       v39_3_3|         array|
|v39_3_3_d0         |  out|   32|   ap_memory|       v39_3_3|         array|
|v39_3_4_address0   |  out|    8|   ap_memory|       v39_3_4|         array|
|v39_3_4_ce0        |  out|    1|   ap_memory|       v39_3_4|         array|
|v39_3_4_we0        |  out|    1|   ap_memory|       v39_3_4|         array|
|v39_3_4_d0         |  out|   32|   ap_memory|       v39_3_4|         array|
|v39_3_5_address0   |  out|    8|   ap_memory|       v39_3_5|         array|
|v39_3_5_ce0        |  out|    1|   ap_memory|       v39_3_5|         array|
|v39_3_5_we0        |  out|    1|   ap_memory|       v39_3_5|         array|
|v39_3_5_d0         |  out|   32|   ap_memory|       v39_3_5|         array|
|v39_3_6_address0   |  out|    8|   ap_memory|       v39_3_6|         array|
|v39_3_6_ce0        |  out|    1|   ap_memory|       v39_3_6|         array|
|v39_3_6_we0        |  out|    1|   ap_memory|       v39_3_6|         array|
|v39_3_6_d0         |  out|   32|   ap_memory|       v39_3_6|         array|
|v39_3_7_address0   |  out|    8|   ap_memory|       v39_3_7|         array|
|v39_3_7_ce0        |  out|    1|   ap_memory|       v39_3_7|         array|
|v39_3_7_we0        |  out|    1|   ap_memory|       v39_3_7|         array|
|v39_3_7_d0         |  out|   32|   ap_memory|       v39_3_7|         array|
|v39_4_0_address0   |  out|    8|   ap_memory|       v39_4_0|         array|
|v39_4_0_ce0        |  out|    1|   ap_memory|       v39_4_0|         array|
|v39_4_0_we0        |  out|    1|   ap_memory|       v39_4_0|         array|
|v39_4_0_d0         |  out|   32|   ap_memory|       v39_4_0|         array|
|v39_4_1_address0   |  out|    8|   ap_memory|       v39_4_1|         array|
|v39_4_1_ce0        |  out|    1|   ap_memory|       v39_4_1|         array|
|v39_4_1_we0        |  out|    1|   ap_memory|       v39_4_1|         array|
|v39_4_1_d0         |  out|   32|   ap_memory|       v39_4_1|         array|
|v39_4_2_address0   |  out|    8|   ap_memory|       v39_4_2|         array|
|v39_4_2_ce0        |  out|    1|   ap_memory|       v39_4_2|         array|
|v39_4_2_we0        |  out|    1|   ap_memory|       v39_4_2|         array|
|v39_4_2_d0         |  out|   32|   ap_memory|       v39_4_2|         array|
|v39_4_3_address0   |  out|    8|   ap_memory|       v39_4_3|         array|
|v39_4_3_ce0        |  out|    1|   ap_memory|       v39_4_3|         array|
|v39_4_3_we0        |  out|    1|   ap_memory|       v39_4_3|         array|
|v39_4_3_d0         |  out|   32|   ap_memory|       v39_4_3|         array|
|v39_4_4_address0   |  out|    8|   ap_memory|       v39_4_4|         array|
|v39_4_4_ce0        |  out|    1|   ap_memory|       v39_4_4|         array|
|v39_4_4_we0        |  out|    1|   ap_memory|       v39_4_4|         array|
|v39_4_4_d0         |  out|   32|   ap_memory|       v39_4_4|         array|
|v39_4_5_address0   |  out|    8|   ap_memory|       v39_4_5|         array|
|v39_4_5_ce0        |  out|    1|   ap_memory|       v39_4_5|         array|
|v39_4_5_we0        |  out|    1|   ap_memory|       v39_4_5|         array|
|v39_4_5_d0         |  out|   32|   ap_memory|       v39_4_5|         array|
|v39_4_6_address0   |  out|    8|   ap_memory|       v39_4_6|         array|
|v39_4_6_ce0        |  out|    1|   ap_memory|       v39_4_6|         array|
|v39_4_6_we0        |  out|    1|   ap_memory|       v39_4_6|         array|
|v39_4_6_d0         |  out|   32|   ap_memory|       v39_4_6|         array|
|v39_4_7_address0   |  out|    8|   ap_memory|       v39_4_7|         array|
|v39_4_7_ce0        |  out|    1|   ap_memory|       v39_4_7|         array|
|v39_4_7_we0        |  out|    1|   ap_memory|       v39_4_7|         array|
|v39_4_7_d0         |  out|   32|   ap_memory|       v39_4_7|         array|
|v39_5_0_address0   |  out|    8|   ap_memory|       v39_5_0|         array|
|v39_5_0_ce0        |  out|    1|   ap_memory|       v39_5_0|         array|
|v39_5_0_we0        |  out|    1|   ap_memory|       v39_5_0|         array|
|v39_5_0_d0         |  out|   32|   ap_memory|       v39_5_0|         array|
|v39_5_1_address0   |  out|    8|   ap_memory|       v39_5_1|         array|
|v39_5_1_ce0        |  out|    1|   ap_memory|       v39_5_1|         array|
|v39_5_1_we0        |  out|    1|   ap_memory|       v39_5_1|         array|
|v39_5_1_d0         |  out|   32|   ap_memory|       v39_5_1|         array|
|v39_5_2_address0   |  out|    8|   ap_memory|       v39_5_2|         array|
|v39_5_2_ce0        |  out|    1|   ap_memory|       v39_5_2|         array|
|v39_5_2_we0        |  out|    1|   ap_memory|       v39_5_2|         array|
|v39_5_2_d0         |  out|   32|   ap_memory|       v39_5_2|         array|
|v39_5_3_address0   |  out|    8|   ap_memory|       v39_5_3|         array|
|v39_5_3_ce0        |  out|    1|   ap_memory|       v39_5_3|         array|
|v39_5_3_we0        |  out|    1|   ap_memory|       v39_5_3|         array|
|v39_5_3_d0         |  out|   32|   ap_memory|       v39_5_3|         array|
|v39_5_4_address0   |  out|    8|   ap_memory|       v39_5_4|         array|
|v39_5_4_ce0        |  out|    1|   ap_memory|       v39_5_4|         array|
|v39_5_4_we0        |  out|    1|   ap_memory|       v39_5_4|         array|
|v39_5_4_d0         |  out|   32|   ap_memory|       v39_5_4|         array|
|v39_5_5_address0   |  out|    8|   ap_memory|       v39_5_5|         array|
|v39_5_5_ce0        |  out|    1|   ap_memory|       v39_5_5|         array|
|v39_5_5_we0        |  out|    1|   ap_memory|       v39_5_5|         array|
|v39_5_5_d0         |  out|   32|   ap_memory|       v39_5_5|         array|
|v39_5_6_address0   |  out|    8|   ap_memory|       v39_5_6|         array|
|v39_5_6_ce0        |  out|    1|   ap_memory|       v39_5_6|         array|
|v39_5_6_we0        |  out|    1|   ap_memory|       v39_5_6|         array|
|v39_5_6_d0         |  out|   32|   ap_memory|       v39_5_6|         array|
|v39_5_7_address0   |  out|    8|   ap_memory|       v39_5_7|         array|
|v39_5_7_ce0        |  out|    1|   ap_memory|       v39_5_7|         array|
|v39_5_7_we0        |  out|    1|   ap_memory|       v39_5_7|         array|
|v39_5_7_d0         |  out|   32|   ap_memory|       v39_5_7|         array|
|v39_6_0_address0   |  out|    8|   ap_memory|       v39_6_0|         array|
|v39_6_0_ce0        |  out|    1|   ap_memory|       v39_6_0|         array|
|v39_6_0_we0        |  out|    1|   ap_memory|       v39_6_0|         array|
|v39_6_0_d0         |  out|   32|   ap_memory|       v39_6_0|         array|
|v39_6_1_address0   |  out|    8|   ap_memory|       v39_6_1|         array|
|v39_6_1_ce0        |  out|    1|   ap_memory|       v39_6_1|         array|
|v39_6_1_we0        |  out|    1|   ap_memory|       v39_6_1|         array|
|v39_6_1_d0         |  out|   32|   ap_memory|       v39_6_1|         array|
|v39_6_2_address0   |  out|    8|   ap_memory|       v39_6_2|         array|
|v39_6_2_ce0        |  out|    1|   ap_memory|       v39_6_2|         array|
|v39_6_2_we0        |  out|    1|   ap_memory|       v39_6_2|         array|
|v39_6_2_d0         |  out|   32|   ap_memory|       v39_6_2|         array|
|v39_6_3_address0   |  out|    8|   ap_memory|       v39_6_3|         array|
|v39_6_3_ce0        |  out|    1|   ap_memory|       v39_6_3|         array|
|v39_6_3_we0        |  out|    1|   ap_memory|       v39_6_3|         array|
|v39_6_3_d0         |  out|   32|   ap_memory|       v39_6_3|         array|
|v39_6_4_address0   |  out|    8|   ap_memory|       v39_6_4|         array|
|v39_6_4_ce0        |  out|    1|   ap_memory|       v39_6_4|         array|
|v39_6_4_we0        |  out|    1|   ap_memory|       v39_6_4|         array|
|v39_6_4_d0         |  out|   32|   ap_memory|       v39_6_4|         array|
|v39_6_5_address0   |  out|    8|   ap_memory|       v39_6_5|         array|
|v39_6_5_ce0        |  out|    1|   ap_memory|       v39_6_5|         array|
|v39_6_5_we0        |  out|    1|   ap_memory|       v39_6_5|         array|
|v39_6_5_d0         |  out|   32|   ap_memory|       v39_6_5|         array|
|v39_6_6_address0   |  out|    8|   ap_memory|       v39_6_6|         array|
|v39_6_6_ce0        |  out|    1|   ap_memory|       v39_6_6|         array|
|v39_6_6_we0        |  out|    1|   ap_memory|       v39_6_6|         array|
|v39_6_6_d0         |  out|   32|   ap_memory|       v39_6_6|         array|
|v39_6_7_address0   |  out|    8|   ap_memory|       v39_6_7|         array|
|v39_6_7_ce0        |  out|    1|   ap_memory|       v39_6_7|         array|
|v39_6_7_we0        |  out|    1|   ap_memory|       v39_6_7|         array|
|v39_6_7_d0         |  out|   32|   ap_memory|       v39_6_7|         array|
|v39_7_0_address0   |  out|    8|   ap_memory|       v39_7_0|         array|
|v39_7_0_ce0        |  out|    1|   ap_memory|       v39_7_0|         array|
|v39_7_0_we0        |  out|    1|   ap_memory|       v39_7_0|         array|
|v39_7_0_d0         |  out|   32|   ap_memory|       v39_7_0|         array|
|v39_7_1_address0   |  out|    8|   ap_memory|       v39_7_1|         array|
|v39_7_1_ce0        |  out|    1|   ap_memory|       v39_7_1|         array|
|v39_7_1_we0        |  out|    1|   ap_memory|       v39_7_1|         array|
|v39_7_1_d0         |  out|   32|   ap_memory|       v39_7_1|         array|
|v39_7_2_address0   |  out|    8|   ap_memory|       v39_7_2|         array|
|v39_7_2_ce0        |  out|    1|   ap_memory|       v39_7_2|         array|
|v39_7_2_we0        |  out|    1|   ap_memory|       v39_7_2|         array|
|v39_7_2_d0         |  out|   32|   ap_memory|       v39_7_2|         array|
|v39_7_3_address0   |  out|    8|   ap_memory|       v39_7_3|         array|
|v39_7_3_ce0        |  out|    1|   ap_memory|       v39_7_3|         array|
|v39_7_3_we0        |  out|    1|   ap_memory|       v39_7_3|         array|
|v39_7_3_d0         |  out|   32|   ap_memory|       v39_7_3|         array|
|v39_7_4_address0   |  out|    8|   ap_memory|       v39_7_4|         array|
|v39_7_4_ce0        |  out|    1|   ap_memory|       v39_7_4|         array|
|v39_7_4_we0        |  out|    1|   ap_memory|       v39_7_4|         array|
|v39_7_4_d0         |  out|   32|   ap_memory|       v39_7_4|         array|
|v39_7_5_address0   |  out|    8|   ap_memory|       v39_7_5|         array|
|v39_7_5_ce0        |  out|    1|   ap_memory|       v39_7_5|         array|
|v39_7_5_we0        |  out|    1|   ap_memory|       v39_7_5|         array|
|v39_7_5_d0         |  out|   32|   ap_memory|       v39_7_5|         array|
|v39_7_6_address0   |  out|    8|   ap_memory|       v39_7_6|         array|
|v39_7_6_ce0        |  out|    1|   ap_memory|       v39_7_6|         array|
|v39_7_6_we0        |  out|    1|   ap_memory|       v39_7_6|         array|
|v39_7_6_d0         |  out|   32|   ap_memory|       v39_7_6|         array|
|v39_7_7_address0   |  out|    8|   ap_memory|       v39_7_7|         array|
|v39_7_7_ce0        |  out|    1|   ap_memory|       v39_7_7|         array|
|v39_7_7_we0        |  out|    1|   ap_memory|       v39_7_7|         array|
|v39_7_7_d0         |  out|   32|   ap_memory|       v39_7_7|         array|
|v39_8_0_address0   |  out|    8|   ap_memory|       v39_8_0|         array|
|v39_8_0_ce0        |  out|    1|   ap_memory|       v39_8_0|         array|
|v39_8_0_we0        |  out|    1|   ap_memory|       v39_8_0|         array|
|v39_8_0_d0         |  out|   32|   ap_memory|       v39_8_0|         array|
|v39_8_1_address0   |  out|    8|   ap_memory|       v39_8_1|         array|
|v39_8_1_ce0        |  out|    1|   ap_memory|       v39_8_1|         array|
|v39_8_1_we0        |  out|    1|   ap_memory|       v39_8_1|         array|
|v39_8_1_d0         |  out|   32|   ap_memory|       v39_8_1|         array|
|v39_8_2_address0   |  out|    8|   ap_memory|       v39_8_2|         array|
|v39_8_2_ce0        |  out|    1|   ap_memory|       v39_8_2|         array|
|v39_8_2_we0        |  out|    1|   ap_memory|       v39_8_2|         array|
|v39_8_2_d0         |  out|   32|   ap_memory|       v39_8_2|         array|
|v39_8_3_address0   |  out|    8|   ap_memory|       v39_8_3|         array|
|v39_8_3_ce0        |  out|    1|   ap_memory|       v39_8_3|         array|
|v39_8_3_we0        |  out|    1|   ap_memory|       v39_8_3|         array|
|v39_8_3_d0         |  out|   32|   ap_memory|       v39_8_3|         array|
|v39_8_4_address0   |  out|    8|   ap_memory|       v39_8_4|         array|
|v39_8_4_ce0        |  out|    1|   ap_memory|       v39_8_4|         array|
|v39_8_4_we0        |  out|    1|   ap_memory|       v39_8_4|         array|
|v39_8_4_d0         |  out|   32|   ap_memory|       v39_8_4|         array|
|v39_8_5_address0   |  out|    8|   ap_memory|       v39_8_5|         array|
|v39_8_5_ce0        |  out|    1|   ap_memory|       v39_8_5|         array|
|v39_8_5_we0        |  out|    1|   ap_memory|       v39_8_5|         array|
|v39_8_5_d0         |  out|   32|   ap_memory|       v39_8_5|         array|
|v39_8_6_address0   |  out|    8|   ap_memory|       v39_8_6|         array|
|v39_8_6_ce0        |  out|    1|   ap_memory|       v39_8_6|         array|
|v39_8_6_we0        |  out|    1|   ap_memory|       v39_8_6|         array|
|v39_8_6_d0         |  out|   32|   ap_memory|       v39_8_6|         array|
|v39_8_7_address0   |  out|    8|   ap_memory|       v39_8_7|         array|
|v39_8_7_ce0        |  out|    1|   ap_memory|       v39_8_7|         array|
|v39_8_7_we0        |  out|    1|   ap_memory|       v39_8_7|         array|
|v39_8_7_d0         |  out|   32|   ap_memory|       v39_8_7|         array|
|v39_9_0_address0   |  out|    8|   ap_memory|       v39_9_0|         array|
|v39_9_0_ce0        |  out|    1|   ap_memory|       v39_9_0|         array|
|v39_9_0_we0        |  out|    1|   ap_memory|       v39_9_0|         array|
|v39_9_0_d0         |  out|   32|   ap_memory|       v39_9_0|         array|
|v39_9_1_address0   |  out|    8|   ap_memory|       v39_9_1|         array|
|v39_9_1_ce0        |  out|    1|   ap_memory|       v39_9_1|         array|
|v39_9_1_we0        |  out|    1|   ap_memory|       v39_9_1|         array|
|v39_9_1_d0         |  out|   32|   ap_memory|       v39_9_1|         array|
|v39_9_2_address0   |  out|    8|   ap_memory|       v39_9_2|         array|
|v39_9_2_ce0        |  out|    1|   ap_memory|       v39_9_2|         array|
|v39_9_2_we0        |  out|    1|   ap_memory|       v39_9_2|         array|
|v39_9_2_d0         |  out|   32|   ap_memory|       v39_9_2|         array|
|v39_9_3_address0   |  out|    8|   ap_memory|       v39_9_3|         array|
|v39_9_3_ce0        |  out|    1|   ap_memory|       v39_9_3|         array|
|v39_9_3_we0        |  out|    1|   ap_memory|       v39_9_3|         array|
|v39_9_3_d0         |  out|   32|   ap_memory|       v39_9_3|         array|
|v39_9_4_address0   |  out|    8|   ap_memory|       v39_9_4|         array|
|v39_9_4_ce0        |  out|    1|   ap_memory|       v39_9_4|         array|
|v39_9_4_we0        |  out|    1|   ap_memory|       v39_9_4|         array|
|v39_9_4_d0         |  out|   32|   ap_memory|       v39_9_4|         array|
|v39_9_5_address0   |  out|    8|   ap_memory|       v39_9_5|         array|
|v39_9_5_ce0        |  out|    1|   ap_memory|       v39_9_5|         array|
|v39_9_5_we0        |  out|    1|   ap_memory|       v39_9_5|         array|
|v39_9_5_d0         |  out|   32|   ap_memory|       v39_9_5|         array|
|v39_9_6_address0   |  out|    8|   ap_memory|       v39_9_6|         array|
|v39_9_6_ce0        |  out|    1|   ap_memory|       v39_9_6|         array|
|v39_9_6_we0        |  out|    1|   ap_memory|       v39_9_6|         array|
|v39_9_6_d0         |  out|   32|   ap_memory|       v39_9_6|         array|
|v39_9_7_address0   |  out|    8|   ap_memory|       v39_9_7|         array|
|v39_9_7_ce0        |  out|    1|   ap_memory|       v39_9_7|         array|
|v39_9_7_we0        |  out|    1|   ap_memory|       v39_9_7|         array|
|v39_9_7_d0         |  out|   32|   ap_memory|       v39_9_7|         array|
|v39_10_0_address0  |  out|    8|   ap_memory|      v39_10_0|         array|
|v39_10_0_ce0       |  out|    1|   ap_memory|      v39_10_0|         array|
|v39_10_0_we0       |  out|    1|   ap_memory|      v39_10_0|         array|
|v39_10_0_d0        |  out|   32|   ap_memory|      v39_10_0|         array|
|v39_10_1_address0  |  out|    8|   ap_memory|      v39_10_1|         array|
|v39_10_1_ce0       |  out|    1|   ap_memory|      v39_10_1|         array|
|v39_10_1_we0       |  out|    1|   ap_memory|      v39_10_1|         array|
|v39_10_1_d0        |  out|   32|   ap_memory|      v39_10_1|         array|
|v39_10_2_address0  |  out|    8|   ap_memory|      v39_10_2|         array|
|v39_10_2_ce0       |  out|    1|   ap_memory|      v39_10_2|         array|
|v39_10_2_we0       |  out|    1|   ap_memory|      v39_10_2|         array|
|v39_10_2_d0        |  out|   32|   ap_memory|      v39_10_2|         array|
|v39_10_3_address0  |  out|    8|   ap_memory|      v39_10_3|         array|
|v39_10_3_ce0       |  out|    1|   ap_memory|      v39_10_3|         array|
|v39_10_3_we0       |  out|    1|   ap_memory|      v39_10_3|         array|
|v39_10_3_d0        |  out|   32|   ap_memory|      v39_10_3|         array|
|v39_10_4_address0  |  out|    8|   ap_memory|      v39_10_4|         array|
|v39_10_4_ce0       |  out|    1|   ap_memory|      v39_10_4|         array|
|v39_10_4_we0       |  out|    1|   ap_memory|      v39_10_4|         array|
|v39_10_4_d0        |  out|   32|   ap_memory|      v39_10_4|         array|
|v39_10_5_address0  |  out|    8|   ap_memory|      v39_10_5|         array|
|v39_10_5_ce0       |  out|    1|   ap_memory|      v39_10_5|         array|
|v39_10_5_we0       |  out|    1|   ap_memory|      v39_10_5|         array|
|v39_10_5_d0        |  out|   32|   ap_memory|      v39_10_5|         array|
|v39_10_6_address0  |  out|    8|   ap_memory|      v39_10_6|         array|
|v39_10_6_ce0       |  out|    1|   ap_memory|      v39_10_6|         array|
|v39_10_6_we0       |  out|    1|   ap_memory|      v39_10_6|         array|
|v39_10_6_d0        |  out|   32|   ap_memory|      v39_10_6|         array|
|v39_10_7_address0  |  out|    8|   ap_memory|      v39_10_7|         array|
|v39_10_7_ce0       |  out|    1|   ap_memory|      v39_10_7|         array|
|v39_10_7_we0       |  out|    1|   ap_memory|      v39_10_7|         array|
|v39_10_7_d0        |  out|   32|   ap_memory|      v39_10_7|         array|
|v39_11_0_address0  |  out|    8|   ap_memory|      v39_11_0|         array|
|v39_11_0_ce0       |  out|    1|   ap_memory|      v39_11_0|         array|
|v39_11_0_we0       |  out|    1|   ap_memory|      v39_11_0|         array|
|v39_11_0_d0        |  out|   32|   ap_memory|      v39_11_0|         array|
|v39_11_1_address0  |  out|    8|   ap_memory|      v39_11_1|         array|
|v39_11_1_ce0       |  out|    1|   ap_memory|      v39_11_1|         array|
|v39_11_1_we0       |  out|    1|   ap_memory|      v39_11_1|         array|
|v39_11_1_d0        |  out|   32|   ap_memory|      v39_11_1|         array|
|v39_11_2_address0  |  out|    8|   ap_memory|      v39_11_2|         array|
|v39_11_2_ce0       |  out|    1|   ap_memory|      v39_11_2|         array|
|v39_11_2_we0       |  out|    1|   ap_memory|      v39_11_2|         array|
|v39_11_2_d0        |  out|   32|   ap_memory|      v39_11_2|         array|
|v39_11_3_address0  |  out|    8|   ap_memory|      v39_11_3|         array|
|v39_11_3_ce0       |  out|    1|   ap_memory|      v39_11_3|         array|
|v39_11_3_we0       |  out|    1|   ap_memory|      v39_11_3|         array|
|v39_11_3_d0        |  out|   32|   ap_memory|      v39_11_3|         array|
|v39_11_4_address0  |  out|    8|   ap_memory|      v39_11_4|         array|
|v39_11_4_ce0       |  out|    1|   ap_memory|      v39_11_4|         array|
|v39_11_4_we0       |  out|    1|   ap_memory|      v39_11_4|         array|
|v39_11_4_d0        |  out|   32|   ap_memory|      v39_11_4|         array|
|v39_11_5_address0  |  out|    8|   ap_memory|      v39_11_5|         array|
|v39_11_5_ce0       |  out|    1|   ap_memory|      v39_11_5|         array|
|v39_11_5_we0       |  out|    1|   ap_memory|      v39_11_5|         array|
|v39_11_5_d0        |  out|   32|   ap_memory|      v39_11_5|         array|
|v39_11_6_address0  |  out|    8|   ap_memory|      v39_11_6|         array|
|v39_11_6_ce0       |  out|    1|   ap_memory|      v39_11_6|         array|
|v39_11_6_we0       |  out|    1|   ap_memory|      v39_11_6|         array|
|v39_11_6_d0        |  out|   32|   ap_memory|      v39_11_6|         array|
|v39_11_7_address0  |  out|    8|   ap_memory|      v39_11_7|         array|
|v39_11_7_ce0       |  out|    1|   ap_memory|      v39_11_7|         array|
|v39_11_7_we0       |  out|    1|   ap_memory|      v39_11_7|         array|
|v39_11_7_d0        |  out|   32|   ap_memory|      v39_11_7|         array|
|v39_12_0_address0  |  out|    8|   ap_memory|      v39_12_0|         array|
|v39_12_0_ce0       |  out|    1|   ap_memory|      v39_12_0|         array|
|v39_12_0_we0       |  out|    1|   ap_memory|      v39_12_0|         array|
|v39_12_0_d0        |  out|   32|   ap_memory|      v39_12_0|         array|
|v39_12_1_address0  |  out|    8|   ap_memory|      v39_12_1|         array|
|v39_12_1_ce0       |  out|    1|   ap_memory|      v39_12_1|         array|
|v39_12_1_we0       |  out|    1|   ap_memory|      v39_12_1|         array|
|v39_12_1_d0        |  out|   32|   ap_memory|      v39_12_1|         array|
|v39_12_2_address0  |  out|    8|   ap_memory|      v39_12_2|         array|
|v39_12_2_ce0       |  out|    1|   ap_memory|      v39_12_2|         array|
|v39_12_2_we0       |  out|    1|   ap_memory|      v39_12_2|         array|
|v39_12_2_d0        |  out|   32|   ap_memory|      v39_12_2|         array|
|v39_12_3_address0  |  out|    8|   ap_memory|      v39_12_3|         array|
|v39_12_3_ce0       |  out|    1|   ap_memory|      v39_12_3|         array|
|v39_12_3_we0       |  out|    1|   ap_memory|      v39_12_3|         array|
|v39_12_3_d0        |  out|   32|   ap_memory|      v39_12_3|         array|
|v39_12_4_address0  |  out|    8|   ap_memory|      v39_12_4|         array|
|v39_12_4_ce0       |  out|    1|   ap_memory|      v39_12_4|         array|
|v39_12_4_we0       |  out|    1|   ap_memory|      v39_12_4|         array|
|v39_12_4_d0        |  out|   32|   ap_memory|      v39_12_4|         array|
|v39_12_5_address0  |  out|    8|   ap_memory|      v39_12_5|         array|
|v39_12_5_ce0       |  out|    1|   ap_memory|      v39_12_5|         array|
|v39_12_5_we0       |  out|    1|   ap_memory|      v39_12_5|         array|
|v39_12_5_d0        |  out|   32|   ap_memory|      v39_12_5|         array|
|v39_12_6_address0  |  out|    8|   ap_memory|      v39_12_6|         array|
|v39_12_6_ce0       |  out|    1|   ap_memory|      v39_12_6|         array|
|v39_12_6_we0       |  out|    1|   ap_memory|      v39_12_6|         array|
|v39_12_6_d0        |  out|   32|   ap_memory|      v39_12_6|         array|
|v39_12_7_address0  |  out|    8|   ap_memory|      v39_12_7|         array|
|v39_12_7_ce0       |  out|    1|   ap_memory|      v39_12_7|         array|
|v39_12_7_we0       |  out|    1|   ap_memory|      v39_12_7|         array|
|v39_12_7_d0        |  out|   32|   ap_memory|      v39_12_7|         array|
|v39_13_0_address0  |  out|    8|   ap_memory|      v39_13_0|         array|
|v39_13_0_ce0       |  out|    1|   ap_memory|      v39_13_0|         array|
|v39_13_0_we0       |  out|    1|   ap_memory|      v39_13_0|         array|
|v39_13_0_d0        |  out|   32|   ap_memory|      v39_13_0|         array|
|v39_13_1_address0  |  out|    8|   ap_memory|      v39_13_1|         array|
|v39_13_1_ce0       |  out|    1|   ap_memory|      v39_13_1|         array|
|v39_13_1_we0       |  out|    1|   ap_memory|      v39_13_1|         array|
|v39_13_1_d0        |  out|   32|   ap_memory|      v39_13_1|         array|
|v39_13_2_address0  |  out|    8|   ap_memory|      v39_13_2|         array|
|v39_13_2_ce0       |  out|    1|   ap_memory|      v39_13_2|         array|
|v39_13_2_we0       |  out|    1|   ap_memory|      v39_13_2|         array|
|v39_13_2_d0        |  out|   32|   ap_memory|      v39_13_2|         array|
|v39_13_3_address0  |  out|    8|   ap_memory|      v39_13_3|         array|
|v39_13_3_ce0       |  out|    1|   ap_memory|      v39_13_3|         array|
|v39_13_3_we0       |  out|    1|   ap_memory|      v39_13_3|         array|
|v39_13_3_d0        |  out|   32|   ap_memory|      v39_13_3|         array|
|v39_13_4_address0  |  out|    8|   ap_memory|      v39_13_4|         array|
|v39_13_4_ce0       |  out|    1|   ap_memory|      v39_13_4|         array|
|v39_13_4_we0       |  out|    1|   ap_memory|      v39_13_4|         array|
|v39_13_4_d0        |  out|   32|   ap_memory|      v39_13_4|         array|
|v39_13_5_address0  |  out|    8|   ap_memory|      v39_13_5|         array|
|v39_13_5_ce0       |  out|    1|   ap_memory|      v39_13_5|         array|
|v39_13_5_we0       |  out|    1|   ap_memory|      v39_13_5|         array|
|v39_13_5_d0        |  out|   32|   ap_memory|      v39_13_5|         array|
|v39_13_6_address0  |  out|    8|   ap_memory|      v39_13_6|         array|
|v39_13_6_ce0       |  out|    1|   ap_memory|      v39_13_6|         array|
|v39_13_6_we0       |  out|    1|   ap_memory|      v39_13_6|         array|
|v39_13_6_d0        |  out|   32|   ap_memory|      v39_13_6|         array|
|v39_13_7_address0  |  out|    8|   ap_memory|      v39_13_7|         array|
|v39_13_7_ce0       |  out|    1|   ap_memory|      v39_13_7|         array|
|v39_13_7_we0       |  out|    1|   ap_memory|      v39_13_7|         array|
|v39_13_7_d0        |  out|   32|   ap_memory|      v39_13_7|         array|
|v39_14_0_address0  |  out|    8|   ap_memory|      v39_14_0|         array|
|v39_14_0_ce0       |  out|    1|   ap_memory|      v39_14_0|         array|
|v39_14_0_we0       |  out|    1|   ap_memory|      v39_14_0|         array|
|v39_14_0_d0        |  out|   32|   ap_memory|      v39_14_0|         array|
|v39_14_1_address0  |  out|    8|   ap_memory|      v39_14_1|         array|
|v39_14_1_ce0       |  out|    1|   ap_memory|      v39_14_1|         array|
|v39_14_1_we0       |  out|    1|   ap_memory|      v39_14_1|         array|
|v39_14_1_d0        |  out|   32|   ap_memory|      v39_14_1|         array|
|v39_14_2_address0  |  out|    8|   ap_memory|      v39_14_2|         array|
|v39_14_2_ce0       |  out|    1|   ap_memory|      v39_14_2|         array|
|v39_14_2_we0       |  out|    1|   ap_memory|      v39_14_2|         array|
|v39_14_2_d0        |  out|   32|   ap_memory|      v39_14_2|         array|
|v39_14_3_address0  |  out|    8|   ap_memory|      v39_14_3|         array|
|v39_14_3_ce0       |  out|    1|   ap_memory|      v39_14_3|         array|
|v39_14_3_we0       |  out|    1|   ap_memory|      v39_14_3|         array|
|v39_14_3_d0        |  out|   32|   ap_memory|      v39_14_3|         array|
|v39_14_4_address0  |  out|    8|   ap_memory|      v39_14_4|         array|
|v39_14_4_ce0       |  out|    1|   ap_memory|      v39_14_4|         array|
|v39_14_4_we0       |  out|    1|   ap_memory|      v39_14_4|         array|
|v39_14_4_d0        |  out|   32|   ap_memory|      v39_14_4|         array|
|v39_14_5_address0  |  out|    8|   ap_memory|      v39_14_5|         array|
|v39_14_5_ce0       |  out|    1|   ap_memory|      v39_14_5|         array|
|v39_14_5_we0       |  out|    1|   ap_memory|      v39_14_5|         array|
|v39_14_5_d0        |  out|   32|   ap_memory|      v39_14_5|         array|
|v39_14_6_address0  |  out|    8|   ap_memory|      v39_14_6|         array|
|v39_14_6_ce0       |  out|    1|   ap_memory|      v39_14_6|         array|
|v39_14_6_we0       |  out|    1|   ap_memory|      v39_14_6|         array|
|v39_14_6_d0        |  out|   32|   ap_memory|      v39_14_6|         array|
|v39_14_7_address0  |  out|    8|   ap_memory|      v39_14_7|         array|
|v39_14_7_ce0       |  out|    1|   ap_memory|      v39_14_7|         array|
|v39_14_7_we0       |  out|    1|   ap_memory|      v39_14_7|         array|
|v39_14_7_d0        |  out|   32|   ap_memory|      v39_14_7|         array|
|v39_15_0_address0  |  out|    8|   ap_memory|      v39_15_0|         array|
|v39_15_0_ce0       |  out|    1|   ap_memory|      v39_15_0|         array|
|v39_15_0_we0       |  out|    1|   ap_memory|      v39_15_0|         array|
|v39_15_0_d0        |  out|   32|   ap_memory|      v39_15_0|         array|
|v39_15_1_address0  |  out|    8|   ap_memory|      v39_15_1|         array|
|v39_15_1_ce0       |  out|    1|   ap_memory|      v39_15_1|         array|
|v39_15_1_we0       |  out|    1|   ap_memory|      v39_15_1|         array|
|v39_15_1_d0        |  out|   32|   ap_memory|      v39_15_1|         array|
|v39_15_2_address0  |  out|    8|   ap_memory|      v39_15_2|         array|
|v39_15_2_ce0       |  out|    1|   ap_memory|      v39_15_2|         array|
|v39_15_2_we0       |  out|    1|   ap_memory|      v39_15_2|         array|
|v39_15_2_d0        |  out|   32|   ap_memory|      v39_15_2|         array|
|v39_15_3_address0  |  out|    8|   ap_memory|      v39_15_3|         array|
|v39_15_3_ce0       |  out|    1|   ap_memory|      v39_15_3|         array|
|v39_15_3_we0       |  out|    1|   ap_memory|      v39_15_3|         array|
|v39_15_3_d0        |  out|   32|   ap_memory|      v39_15_3|         array|
|v39_15_4_address0  |  out|    8|   ap_memory|      v39_15_4|         array|
|v39_15_4_ce0       |  out|    1|   ap_memory|      v39_15_4|         array|
|v39_15_4_we0       |  out|    1|   ap_memory|      v39_15_4|         array|
|v39_15_4_d0        |  out|   32|   ap_memory|      v39_15_4|         array|
|v39_15_5_address0  |  out|    8|   ap_memory|      v39_15_5|         array|
|v39_15_5_ce0       |  out|    1|   ap_memory|      v39_15_5|         array|
|v39_15_5_we0       |  out|    1|   ap_memory|      v39_15_5|         array|
|v39_15_5_d0        |  out|   32|   ap_memory|      v39_15_5|         array|
|v39_15_6_address0  |  out|    8|   ap_memory|      v39_15_6|         array|
|v39_15_6_ce0       |  out|    1|   ap_memory|      v39_15_6|         array|
|v39_15_6_we0       |  out|    1|   ap_memory|      v39_15_6|         array|
|v39_15_6_d0        |  out|   32|   ap_memory|      v39_15_6|         array|
|v39_15_7_address0  |  out|    8|   ap_memory|      v39_15_7|         array|
|v39_15_7_ce0       |  out|    1|   ap_memory|      v39_15_7|         array|
|v39_15_7_we0       |  out|    1|   ap_memory|      v39_15_7|         array|
|v39_15_7_d0        |  out|   32|   ap_memory|      v39_15_7|         array|
+-------------------+-----+-----+------------+--------------+--------------+

