

================================================================
== Vitis HLS Report for 'node6'
================================================================
* Date:           Wed Oct  2 17:40:42 2024

* Version:        2023.2 (Build 4023990 on Oct 11 2023)
* Project:        hls_MultiHeadSelfAttention1
* Solution:       solution1 (Vivado IP Flow Target)
* Product family: virtexuplusHBM
* Target device:  xcu280-fsvh2892-2L-e


================================================================
== Performance Estimates
================================================================
+ Timing: 
    * Summary: 
    +--------+---------+----------+------------+
    |  Clock |  Target | Estimated| Uncertainty|
    +--------+---------+----------+------------+
    |ap_clk  |  3.33 ns|  2.813 ns|     0.90 ns|
    +--------+---------+----------+------------+

+ Latency: 
    * Summary: 
    +---------+---------+----------+----------+---------+---------+---------+
    |  Latency (cycles) |  Latency (absolute) |      Interval     | Pipeline|
    |   min   |   max   |    min   |    max   |   min   |   max   |   Type  |
    +---------+---------+----------+----------+---------+---------+---------+
    |  2097164|  2097164|  6.984 ms|  6.984 ms|  2097164|  2097164|       no|
    +---------+---------+----------+----------+---------+---------+---------+

    + Detail: 
        * Instance: 
        N/A

        * Loop: 
        +-------------------------------+---------+---------+----------+-----------+-----------+--------+----------+
        |                               |  Latency (cycles) | Iteration|  Initiation Interval  |  Trip  |          |
        |           Loop Name           |   min   |   max   |  Latency |  achieved |   target  |  Count | Pipelined|
        +-------------------------------+---------+---------+----------+-----------+-----------+--------+----------+
        |- loop14_loop15_loop16_loop17  |  2097162|  2097162|        15|          4|          1|  524288|       yes|
        +-------------------------------+---------+---------+----------+-----------+-----------+--------+----------+



================================================================
== Utilization Estimates
================================================================
* Summary: 
+---------------------+---------+------+---------+---------+-----+
|         Name        | BRAM_18K|  DSP |    FF   |   LUT   | URAM|
+---------------------+---------+------+---------+---------+-----+
|DSP                  |        -|     -|        -|        -|    -|
|Expression           |        -|     -|        0|      513|    -|
|FIFO                 |        -|     -|        -|        -|    -|
|Instance             |        -|     3|      386|      416|    -|
|Memory               |       96|     -|        0|        0|    0|
|Multiplexer          |        -|     -|        -|      252|    -|
|Register             |        -|     -|      673|      128|    -|
+---------------------+---------+------+---------+---------+-----+
|Total                |       96|     3|     1059|     1309|    0|
+---------------------+---------+------+---------+---------+-----+
|Available SLR        |     1344|  3008|   869120|   434560|  320|
+---------------------+---------+------+---------+---------+-----+
|Utilization SLR (%)  |        7|    ~0|       ~0|       ~0|    0|
+---------------------+---------+------+---------+---------+-----+
|Available            |     4032|  9024|  2607360|  1303680|  960|
+---------------------+---------+------+---------+---------+-----+
|Utilization (%)      |        2|    ~0|       ~0|       ~0|    0|
+---------------------+---------+------+---------+---------+-----+

+ Detail: 
    * Instance: 
    +-----------------------------------+-------------------------------+---------+----+-----+-----+-----+
    |              Instance             |             Module            | BRAM_18K| DSP|  FF | LUT | URAM|
    +-----------------------------------+-------------------------------+---------+----+-----+-----+-----+
    |fadd_32ns_32ns_32_5_no_dsp_1_U79   |fadd_32ns_32ns_32_5_no_dsp_1   |        0|   0|  243|  338|    0|
    |fmul_32ns_32ns_32_4_max_dsp_1_U80  |fmul_32ns_32ns_32_4_max_dsp_1  |        0|   3|  143|   78|    0|
    +-----------------------------------+-------------------------------+---------+----+-----+-----+-----+
    |Total                              |                               |        0|   3|  386|  416|    0|
    +-----------------------------------+-------------------------------+---------+----+-----+-----+-----+

    * DSP: 
    N/A

    * Memory: 
    +-------+---------------------------+---------+---+----+-----+-------+-----+------+-------------+
    | Memory|           Module          | BRAM_18K| FF| LUT| URAM| Words | Bits| Banks| W*Bits*Banks|
    +-------+---------------------------+---------+---+----+-----+-------+-----+------+-------------+
    |v52_U  |node23_v232_RAM_AUTO_1R1W  |       16|  0|   0|    0|   8192|   32|     1|       262144|
    |v51_U  |node6_v51_RAM_AUTO_1R1W    |       16|  0|   0|    0|   8192|   32|     1|       262144|
    |v53_U  |node6_v53_RAM_AUTO_1R1W    |       64|  0|   0|    0|  32768|   32|     1|      1048576|
    +-------+---------------------------+---------+---+----+-----+-------+-----+------+-------------+
    |Total  |                           |       96|  0|   0|    0|  49152|   96|     3|      1572864|
    +-------+---------------------------+---------+---+----+-----+-------+-----+------+-------------+

    * FIFO: 
    N/A

    * Expression: 
    +----------------------------------+----------+----+---+----+------------+------------+
    |           Variable Name          | Operation| DSP| FF| LUT| Bitwidth P0| Bitwidth P1|
    +----------------------------------+----------+----+---+----+------------+------------+
    |add_ln147_1_fu_266_p2             |         +|   0|  0|  27|          20|           1|
    |add_ln147_fu_281_p2               |         +|   0|  0|  12|           4|           1|
    |add_ln148_1_fu_451_p2             |         +|   0|  0|  25|          18|           1|
    |add_ln148_fu_495_p2               |         +|   0|  0|  14|           7|           1|
    |add_ln149_1_fu_437_p2             |         +|   0|  0|  19|          12|           1|
    |add_ln149_fu_379_p2               |         +|   0|  0|  12|           5|           1|
    |add_ln150_fu_550_p2               |         +|   0|  0|  14|           7|           1|
    |add_ln155_fu_597_p2               |         +|   0|  0|  22|          15|          15|
    |add_ln159_1_fu_538_p2             |         +|   0|  0|  20|          13|          13|
    |add_ln159_fu_431_p2               |         +|   0|  0|  16|           9|           9|
    |empty_10_fu_512_p2                |         +|   0|  0|  16|           9|           9|
    |empty_11_fu_589_p2                |         +|   0|  0|  20|          13|          13|
    |and_ln147_1_fu_323_p2             |       and|   0|  0|   2|           1|           1|
    |and_ln147_fu_311_p2               |       and|   0|  0|   2|           1|           1|
    |and_ln148_fu_373_p2               |       and|   0|  0|   2|           1|           1|
    |ap_block_pp0_stage0_11001         |       and|   0|  0|   2|           1|           1|
    |ap_block_pp0_stage2_11001         |       and|   0|  0|   2|           1|           1|
    |ap_block_state3_pp0_stage2_iter0  |       and|   0|  0|   2|           1|           1|
    |ap_condition_280                  |       and|   0|  0|   2|           1|           1|
    |ap_condition_284                  |       and|   0|  0|   2|           1|           1|
    |ap_condition_658                  |       and|   0|  0|   2|           1|           1|
    |ap_condition_671                  |       and|   0|  0|   2|           1|           1|
    |ap_condition_675                  |       and|   0|  0|   2|           1|           1|
    |ap_predicate_op114_read_state3    |       and|   0|  0|   2|           1|           1|
    |cmp13_fu_526_p2                   |      icmp|   0|  0|  12|           5|           1|
    |cmp24_fu_520_p2                   |      icmp|   0|  0|  14|           7|           1|
    |icmp_ln147_fu_260_p2              |      icmp|   0|  0|  28|          20|          21|
    |icmp_ln148_fu_287_p2              |      icmp|   0|  0|  25|          18|          17|
    |icmp_ln149_fu_317_p2              |      icmp|   0|  0|  19|          12|          11|
    |icmp_ln150_1_fu_555_p2            |      icmp|   0|  0|  15|           7|           8|
    |icmp_ln150_fu_305_p2              |      icmp|   0|  0|  15|           7|           8|
    |icmp_ln163_fu_613_p2              |      icmp|   0|  0|  14|           7|           1|
    |icmp_ln170_fu_621_p2              |      icmp|   0|  0|  13|           6|           2|
    |or_ln147_fu_293_p2                |        or|   0|  0|   2|           1|           1|
    |or_ln148_1_fu_355_p2              |        or|   0|  0|   2|           1|           1|
    |or_ln148_2_fu_367_p2              |        or|   0|  0|   2|           1|           1|
    |or_ln148_fu_341_p2                |        or|   0|  0|   2|           1|           1|
    |or_ln149_1_fu_391_p2              |        or|   0|  0|   2|           1|           1|
    |or_ln149_2_fu_397_p2              |        or|   0|  0|   2|           1|           1|
    |or_ln149_fu_385_p2                |        or|   0|  0|   2|           1|           1|
    |grp_fu_208_p0                     |    select|   0|  0|  32|           1|           1|
    |select_ln147_1_fu_329_p3          |    select|   0|  0|   4|           1|           4|
    |select_ln147_fu_488_p3            |    select|   0|  0|   7|           1|           1|
    |select_ln148_1_fu_501_p3          |    select|   0|  0|   7|           1|           7|
    |select_ln148_2_fu_457_p3          |    select|   0|  0|  18|           1|           1|
    |select_ln148_fu_347_p3            |    select|   0|  0|   5|           1|           1|
    |select_ln149_1_fu_411_p3          |    select|   0|  0|   5|           1|           5|
    |select_ln149_2_fu_443_p3          |    select|   0|  0|  12|           1|           1|
    |select_ln149_fu_403_p3            |    select|   0|  0|   7|           1|           1|
    |ap_enable_pp0                     |       xor|   0|  0|   2|           1|           2|
    |xor_ln147_fu_299_p2               |       xor|   0|  0|   2|           1|           2|
    |xor_ln148_fu_361_p2               |       xor|   0|  0|   2|           1|           2|
    +----------------------------------+----------+----+---+----+------------+------------+
    |Total                             |          |   0|  0| 513|         252|         183|
    +----------------------------------+----------+----+---+----+------------+------------+

    * Multiplexer: 
    +----------------------------------------+----+-----------+-----+-----------+
    |                  Name                  | LUT| Input Size| Bits| Total Bits|
    +----------------------------------------+----+-----------+-----+-----------+
    |ap_NS_fsm                               |  26|          5|    1|          5|
    |ap_done_int                             |   9|          2|    1|          2|
    |ap_enable_reg_pp0_iter0                 |   9|          2|    1|          2|
    |ap_enable_reg_pp0_iter1                 |   9|          2|    1|          2|
    |ap_enable_reg_pp0_iter3                 |   9|          2|    1|          2|
    |ap_loop_exit_ready_pp0_iter1_reg        |   9|          2|    1|          2|
    |ap_loop_exit_ready_pp0_iter2_reg        |   9|          2|    1|          2|
    |ap_sig_allocacmp_indvar_flatten14_load  |   9|          2|   18|         36|
    |ap_sig_allocacmp_indvar_flatten37_load  |   9|          2|   20|         40|
    |ap_sig_allocacmp_indvar_flatten_load    |   9|          2|   12|         24|
    |ap_sig_allocacmp_p_load                 |  14|          3|   32|         96|
    |ap_sig_allocacmp_v54_load               |   9|          2|    4|          8|
    |ap_sig_allocacmp_v55_load               |   9|          2|    7|         14|
    |ap_sig_allocacmp_v56_load               |   9|          2|    5|         10|
    |ap_sig_allocacmp_v57_load               |   9|          2|    7|         14|
    |empty_fu_110                            |   9|          2|   32|         64|
    |indvar_flatten14_fu_98                  |   9|          2|   18|         36|
    |indvar_flatten37_fu_106                 |   9|          2|   20|         40|
    |indvar_flatten_fu_90                    |   9|          2|   12|         24|
    |v275_blk_n                              |   9|          2|    1|          2|
    |v53_address0                            |  14|          3|   15|         45|
    |v54_fu_102                              |   9|          2|    4|          8|
    |v55_fu_94                               |   9|          2|    7|         14|
    |v56_fu_86                               |   9|          2|    5|         10|
    |v57_fu_82                               |   9|          2|    7|         14|
    +----------------------------------------+----+-----------+-----+-----------+
    |Total                                   | 252|         55|  233|        516|
    +----------------------------------------+----+-----------+-----+-----------+

    * Register: 
    +----------------------------------+----+----+-----+-----------+
    |               Name               | FF | LUT| Bits| Const Bits|
    +----------------------------------+----+----+-----+-----------+
    |add_ln159_reg_746                 |   9|   0|    9|          0|
    |and_ln147_1_reg_717               |   1|   0|    1|          0|
    |ap_CS_fsm                         |   4|   0|    4|          0|
    |ap_done_reg                       |   1|   0|    1|          0|
    |ap_enable_reg_pp0_iter0_reg       |   1|   0|    1|          0|
    |ap_enable_reg_pp0_iter1           |   1|   0|    1|          0|
    |ap_enable_reg_pp0_iter2           |   1|   0|    1|          0|
    |ap_enable_reg_pp0_iter3           |   1|   0|    1|          0|
    |ap_loop_exit_ready_pp0_iter1_reg  |   1|   0|    1|          0|
    |ap_loop_exit_ready_pp0_iter2_reg  |   1|   0|    1|          0|
    |cmp13_reg_766                     |   1|   0|    1|          0|
    |cmp24_reg_762                     |   1|   0|    1|          0|
    |empty_10_reg_751                  |   9|   0|    9|          0|
    |empty_11_reg_784                  |  13|   0|   13|          0|
    |empty_fu_110                      |  32|   0|   32|          0|
    |icmp_ln147_reg_708                |   1|   0|    1|          0|
    |icmp_ln148_reg_712                |   1|   0|    1|          0|
    |icmp_ln150_1_reg_780              |   1|   0|    1|          0|
    |icmp_ln163_reg_794                |   1|   0|    1|          0|
    |icmp_ln163_reg_794_pp0_iter1_reg  |   1|   0|    1|          0|
    |icmp_ln170_reg_799                |   1|   0|    1|          0|
    |indvar_flatten14_fu_98            |  18|   0|   18|          0|
    |indvar_flatten37_fu_106           |  20|   0|   20|          0|
    |indvar_flatten_fu_90              |  12|   0|   12|          0|
    |or_ln149_reg_722                  |   1|   0|    1|          0|
    |select_ln149_1_cast_reg_757       |   5|   0|   13|          8|
    |select_ln149_1_reg_734            |   5|   0|    5|          0|
    |select_ln149_reg_726              |   7|   0|    7|          0|
    |tmp_reg_741                       |   3|   0|    9|          6|
    |v49_addr_reg_813                  |  13|   0|   13|          0|
    |v49_addr_reg_813_pp0_iter2_reg    |  13|   0|   13|          0|
    |v51_addr_reg_818                  |  13|   0|   13|          0|
    |v51_addr_reg_818_pp0_iter2_reg    |  13|   0|   13|          0|
    |v51_load_reg_824                  |  32|   0|   32|          0|
    |v52_addr_reg_775                  |  13|   0|   13|          0|
    |v53_addr_reg_789                  |  15|   0|   15|          0|
    |v54_fu_102                        |   4|   0|    4|          0|
    |v55_fu_94                         |   7|   0|    7|          0|
    |v56_fu_86                         |   5|   0|    5|          0|
    |v57_fu_82                         |   7|   0|    7|          0|
    |v59_reg_803                       |  32|   0|   32|          0|
    |v61_reg_808                       |  32|   0|   32|          0|
    |v63_reg_829                       |  32|   0|   32|          0|
    |v64_reg_839                       |  32|   0|   32|          0|
    |icmp_ln147_reg_708                |  64|  32|    1|          0|
    |icmp_ln150_1_reg_780              |  64|  32|    1|          0|
    |icmp_ln170_reg_799                |  64|  32|    1|          0|
    |or_ln149_reg_722                  |  64|  32|    1|          0|
    +----------------------------------+----+----+-----+-----------+
    |Total                             | 673| 128|  435|         14|
    +----------------------------------+----+----+-----+-----------+



================================================================
== Interface
================================================================
* Summary: 
+---------------------+-----+-----+------------+--------------+--------------+
|      RTL Ports      | Dir | Bits|  Protocol  | Source Object|    C Type    |
+---------------------+-----+-----+------------+--------------+--------------+
|ap_clk               |   in|    1|  ap_ctrl_hs|         node6|  return value|
|ap_rst               |   in|    1|  ap_ctrl_hs|         node6|  return value|
|ap_start             |   in|    1|  ap_ctrl_hs|         node6|  return value|
|ap_done              |  out|    1|  ap_ctrl_hs|         node6|  return value|
|ap_continue          |   in|    1|  ap_ctrl_hs|         node6|  return value|
|ap_idle              |  out|    1|  ap_ctrl_hs|         node6|  return value|
|ap_ready             |  out|    1|  ap_ctrl_hs|         node6|  return value|
|v47_address0         |  out|   13|   ap_memory|           v47|         array|
|v47_ce0              |  out|    1|   ap_memory|           v47|         array|
|v47_q0               |   in|   32|   ap_memory|           v47|         array|
|v275_dout            |   in|   32|     ap_fifo|          v275|       pointer|
|v275_num_data_valid  |   in|   16|     ap_fifo|          v275|       pointer|
|v275_fifo_cap        |   in|   16|     ap_fifo|          v275|       pointer|
|v275_empty_n         |   in|    1|     ap_fifo|          v275|       pointer|
|v275_read            |  out|    1|     ap_fifo|          v275|       pointer|
|v49_address0         |  out|   13|   ap_memory|           v49|         array|
|v49_ce0              |  out|    1|   ap_memory|           v49|         array|
|v49_we0              |  out|    1|   ap_memory|           v49|         array|
|v49_d0               |  out|   32|   ap_memory|           v49|         array|
+---------------------+-----+-----+------------+--------------+--------------+

