

================================================================
== Vitis HLS Report for 'forward'
================================================================
* Date:           Mon Oct  7 15:43:08 2024

* Version:        2023.2 (Build 4023990 on Oct 11 2023)
* Project:        hls_gesummv
* Solution:       solution1 (Vivado IP Flow Target)
* Product family: virtexuplusHBM
* Target device:  xcu280-fsvh2892-2L-e


================================================================
== Performance Estimates
================================================================
+ Timing: 
    * Summary: 
    +--------+---------+----------+------------+
    |  Clock |  Target | Estimated| Uncertainty|
    +--------+---------+----------+------------+
    |ap_clk  |  3.33 ns|  2.494 ns|     0.90 ns|
    +--------+---------+----------+------------+

+ Latency: 
    * Summary: 
    +---------+---------+-----------+-----------+------+------+----------+
    |  Latency (cycles) |   Latency (absolute)  |   Interval  | Pipeline |
    |   min   |   max   |    min    |    max    |  min |  max |   Type   |
    +---------+---------+-----------+-----------+------+------+----------+
    |     3177|     3177|  10.579 us|  10.579 us|  3164|  3164|  dataflow|
    +---------+---------+-----------+-----------+------+------+----------+

    + Detail: 
        * Instance: 
        +----------+-------+---------+---------+-----------+-----------+------+------+---------+
        |          |       |  Latency (cycles) |   Latency (absolute)  |   Interval  | Pipeline|
        | Instance | Module|   min   |   max   |    min    |    max    |  min |  max |   Type  |
        +----------+-------+---------+---------+-----------+-----------+------+------+---------+
        |node3_U0  |node3  |     3163|     3163|  10.533 us|  10.533 us|  3163|  3163|       no|
        |node2_U0  |node2  |     3163|     3163|  10.533 us|  10.533 us|  3163|  3163|       no|
        |node1_U0  |node1  |      139|      139|   0.463 us|   0.463 us|   139|   139|       no|
        |node0_U0  |node0  |      127|      127|   0.423 us|   0.423 us|   127|   127|       no|
        +----------+-------+---------+---------+-----------+-----------+------+------+---------+

        * Loop: 
        N/A



================================================================
== Utilization Estimates
================================================================
* Summary: 
+---------------------+---------+------+---------+---------+-----+
|         Name        | BRAM_18K|  DSP |    FF   |   LUT   | URAM|
+---------------------+---------+------+---------+---------+-----+
|DSP                  |        -|     -|        -|        -|    -|
|Expression           |        -|     -|        0|       12|    -|
|FIFO                 |        0|     -|      726|     1074|    -|
|Instance             |        0|   218|    26707|    13610|    0|
|Memory               |        -|     -|        -|        -|    -|
|Multiplexer          |        -|     -|        -|       18|    -|
|Register             |        -|     -|        2|        -|    -|
+---------------------+---------+------+---------+---------+-----+
|Total                |        0|   218|    27435|    14714|    0|
+---------------------+---------+------+---------+---------+-----+
|Available SLR        |     1344|  3008|   869120|   434560|  320|
+---------------------+---------+------+---------+---------+-----+
|Utilization SLR (%)  |        0|     7|        3|        3|    0|
+---------------------+---------+------+---------+---------+-----+
|Available            |     4032|  9024|  2607360|  1303680|  960|
+---------------------+---------+------+---------+---------+-----+
|Utilization (%)      |        0|     2|        1|        1|    0|
+---------------------+---------+------+---------+---------+-----+

+ Detail: 
    * Instance: 
    +----------+-------+---------+-----+-------+------+-----+
    | Instance | Module| BRAM_18K| DSP |   FF  |  LUT | URAM|
    +----------+-------+---------+-----+-------+------+-----+
    |node0_U0  |node0  |        0|    0|     17|    90|    0|
    |node1_U0  |node1  |        0|   16|   1563|   845|    0|
    |node2_U0  |node2  |        0|  101|  12563|  6333|    0|
    |node3_U0  |node3  |        0|  101|  12564|  6342|    0|
    +----------+-------+---------+-----+-------+------+-----+
    |Total     |       |        0|  218|  26707| 13610|    0|
    +----------+-------+---------+-----+-------+------+-----+

    * DSP: 
    N/A

    * Memory: 
    N/A

    * FIFO: 
    +---------+---------+-----+----+-----+------+-----+---------+
    |   Name  | BRAM_18K|  FF | LUT| URAM| Depth| Bits| Size:D*B|
    +---------+---------+-----+----+-----+------+-----+---------+
    |v52_1_U  |        0|  121|   0|    -|   125|   32|     4000|
    |v52_U    |        0|  121|   0|    -|   125|   32|     4000|
    |v53_1_U  |        0|  121|   0|    -|   125|   32|     4000|
    |v53_U    |        0|  121|   0|    -|   125|   32|     4000|
    |v54_1_U  |        0|  121|   0|    -|   125|   32|     4000|
    |v54_U    |        0|  121|   0|    -|   125|   32|     4000|
    +---------+---------+-----+----+-----+------+-----+---------+
    |Total    |        0|  726|   0|    0|   750|  192|    24000|
    +---------+---------+-----+----+-----+------+-----+---------+

    * Expression: 
    +---------------------------+----------+----+---+----+------------+------------+
    |       Variable Name       | Operation| DSP| FF| LUT| Bitwidth P0| Bitwidth P1|
    +---------------------------+----------+----+---+----+------------+------------+
    |ap_idle                    |       and|   0|  0|   2|           1|           1|
    |ap_sync_ready              |       and|   0|  0|   2|           1|           1|
    |node2_U0_ap_start          |       and|   0|  0|   2|           1|           1|
    |node3_U0_ap_start          |       and|   0|  0|   2|           1|           1|
    |ap_sync_node2_U0_ap_ready  |        or|   0|  0|   2|           1|           1|
    |ap_sync_node3_U0_ap_ready  |        or|   0|  0|   2|           1|           1|
    +---------------------------+----------+----+---+----+------------+------------+
    |Total                      |          |   0|  0|  12|           6|           6|
    +---------------------------+----------+----+---+----+------------+------------+

    * Multiplexer: 
    +-------------------------------+----+-----------+-----+-----------+
    |              Name             | LUT| Input Size| Bits| Total Bits|
    +-------------------------------+----+-----------+-----+-----------+
    |ap_sync_reg_node2_U0_ap_ready  |   9|          2|    1|          2|
    |ap_sync_reg_node3_U0_ap_ready  |   9|          2|    1|          2|
    +-------------------------------+----+-----------+-----+-----------+
    |Total                          |  18|          4|    2|          4|
    +-------------------------------+----+-----------+-----+-----------+

    * Register: 
    +-------------------------------+---+----+-----+-----------+
    |              Name             | FF| LUT| Bits| Const Bits|
    +-------------------------------+---+----+-----+-----------+
    |ap_sync_reg_node2_U0_ap_ready  |  1|   0|    1|          0|
    |ap_sync_reg_node3_U0_ap_ready  |  1|   0|    1|          0|
    +-------------------------------+---+----+-----+-----------+
    |Total                          |  2|   0|    2|          0|
    +-------------------------------+---+----+-----+-----------+



================================================================
== Interface
================================================================
* Summary: 
+------------------+-----+-----+------------+--------------+--------------+
|     RTL Ports    | Dir | Bits|  Protocol  | Source Object|    C Type    |
+------------------+-----+-----+------------+--------------+--------------+
|v48_0_0_address0  |  out|   12|   ap_memory|       v48_0_0|         array|
|v48_0_0_ce0       |  out|    1|   ap_memory|       v48_0_0|         array|
|v48_0_0_d0        |  out|   32|   ap_memory|       v48_0_0|         array|
|v48_0_0_q0        |   in|   32|   ap_memory|       v48_0_0|         array|
|v48_0_0_we0       |  out|    1|   ap_memory|       v48_0_0|         array|
|v48_0_0_address1  |  out|   12|   ap_memory|       v48_0_0|         array|
|v48_0_0_ce1       |  out|    1|   ap_memory|       v48_0_0|         array|
|v48_0_0_d1        |  out|   32|   ap_memory|       v48_0_0|         array|
|v48_0_0_q1        |   in|   32|   ap_memory|       v48_0_0|         array|
|v48_0_0_we1       |  out|    1|   ap_memory|       v48_0_0|         array|
|v48_0_1_address0  |  out|   12|   ap_memory|       v48_0_1|         array|
|v48_0_1_ce0       |  out|    1|   ap_memory|       v48_0_1|         array|
|v48_0_1_d0        |  out|   32|   ap_memory|       v48_0_1|         array|
|v48_0_1_q0        |   in|   32|   ap_memory|       v48_0_1|         array|
|v48_0_1_we0       |  out|    1|   ap_memory|       v48_0_1|         array|
|v48_0_1_address1  |  out|   12|   ap_memory|       v48_0_1|         array|
|v48_0_1_ce1       |  out|    1|   ap_memory|       v48_0_1|         array|
|v48_0_1_d1        |  out|   32|   ap_memory|       v48_0_1|         array|
|v48_0_1_q1        |   in|   32|   ap_memory|       v48_0_1|         array|
|v48_0_1_we1       |  out|    1|   ap_memory|       v48_0_1|         array|
|v48_0_2_address0  |  out|   12|   ap_memory|       v48_0_2|         array|
|v48_0_2_ce0       |  out|    1|   ap_memory|       v48_0_2|         array|
|v48_0_2_d0        |  out|   32|   ap_memory|       v48_0_2|         array|
|v48_0_2_q0        |   in|   32|   ap_memory|       v48_0_2|         array|
|v48_0_2_we0       |  out|    1|   ap_memory|       v48_0_2|         array|
|v48_0_2_address1  |  out|   12|   ap_memory|       v48_0_2|         array|
|v48_0_2_ce1       |  out|    1|   ap_memory|       v48_0_2|         array|
|v48_0_2_d1        |  out|   32|   ap_memory|       v48_0_2|         array|
|v48_0_2_q1        |   in|   32|   ap_memory|       v48_0_2|         array|
|v48_0_2_we1       |  out|    1|   ap_memory|       v48_0_2|         array|
|v48_0_3_address0  |  out|   12|   ap_memory|       v48_0_3|         array|
|v48_0_3_ce0       |  out|    1|   ap_memory|       v48_0_3|         array|
|v48_0_3_d0        |  out|   32|   ap_memory|       v48_0_3|         array|
|v48_0_3_q0        |   in|   32|   ap_memory|       v48_0_3|         array|
|v48_0_3_we0       |  out|    1|   ap_memory|       v48_0_3|         array|
|v48_0_3_address1  |  out|   12|   ap_memory|       v48_0_3|         array|
|v48_0_3_ce1       |  out|    1|   ap_memory|       v48_0_3|         array|
|v48_0_3_d1        |  out|   32|   ap_memory|       v48_0_3|         array|
|v48_0_3_q1        |   in|   32|   ap_memory|       v48_0_3|         array|
|v48_0_3_we1       |  out|    1|   ap_memory|       v48_0_3|         array|
|v48_0_4_address0  |  out|   12|   ap_memory|       v48_0_4|         array|
|v48_0_4_ce0       |  out|    1|   ap_memory|       v48_0_4|         array|
|v48_0_4_d0        |  out|   32|   ap_memory|       v48_0_4|         array|
|v48_0_4_q0        |   in|   32|   ap_memory|       v48_0_4|         array|
|v48_0_4_we0       |  out|    1|   ap_memory|       v48_0_4|         array|
|v48_0_4_address1  |  out|   12|   ap_memory|       v48_0_4|         array|
|v48_0_4_ce1       |  out|    1|   ap_memory|       v48_0_4|         array|
|v48_0_4_d1        |  out|   32|   ap_memory|       v48_0_4|         array|
|v48_0_4_q1        |   in|   32|   ap_memory|       v48_0_4|         array|
|v48_0_4_we1       |  out|    1|   ap_memory|       v48_0_4|         array|
|v48_0_5_address0  |  out|   12|   ap_memory|       v48_0_5|         array|
|v48_0_5_ce0       |  out|    1|   ap_memory|       v48_0_5|         array|
|v48_0_5_d0        |  out|   32|   ap_memory|       v48_0_5|         array|
|v48_0_5_q0        |   in|   32|   ap_memory|       v48_0_5|         array|
|v48_0_5_we0       |  out|    1|   ap_memory|       v48_0_5|         array|
|v48_0_5_address1  |  out|   12|   ap_memory|       v48_0_5|         array|
|v48_0_5_ce1       |  out|    1|   ap_memory|       v48_0_5|         array|
|v48_0_5_d1        |  out|   32|   ap_memory|       v48_0_5|         array|
|v48_0_5_q1        |   in|   32|   ap_memory|       v48_0_5|         array|
|v48_0_5_we1       |  out|    1|   ap_memory|       v48_0_5|         array|
|v48_0_6_address0  |  out|   12|   ap_memory|       v48_0_6|         array|
|v48_0_6_ce0       |  out|    1|   ap_memory|       v48_0_6|         array|
|v48_0_6_d0        |  out|   32|   ap_memory|       v48_0_6|         array|
|v48_0_6_q0        |   in|   32|   ap_memory|       v48_0_6|         array|
|v48_0_6_we0       |  out|    1|   ap_memory|       v48_0_6|         array|
|v48_0_6_address1  |  out|   12|   ap_memory|       v48_0_6|         array|
|v48_0_6_ce1       |  out|    1|   ap_memory|       v48_0_6|         array|
|v48_0_6_d1        |  out|   32|   ap_memory|       v48_0_6|         array|
|v48_0_6_q1        |   in|   32|   ap_memory|       v48_0_6|         array|
|v48_0_6_we1       |  out|    1|   ap_memory|       v48_0_6|         array|
|v48_0_7_address0  |  out|   12|   ap_memory|       v48_0_7|         array|
|v48_0_7_ce0       |  out|    1|   ap_memory|       v48_0_7|         array|
|v48_0_7_d0        |  out|   32|   ap_memory|       v48_0_7|         array|
|v48_0_7_q0        |   in|   32|   ap_memory|       v48_0_7|         array|
|v48_0_7_we0       |  out|    1|   ap_memory|       v48_0_7|         array|
|v48_0_7_address1  |  out|   12|   ap_memory|       v48_0_7|         array|
|v48_0_7_ce1       |  out|    1|   ap_memory|       v48_0_7|         array|
|v48_0_7_d1        |  out|   32|   ap_memory|       v48_0_7|         array|
|v48_0_7_q1        |   in|   32|   ap_memory|       v48_0_7|         array|
|v48_0_7_we1       |  out|    1|   ap_memory|       v48_0_7|         array|
|v48_0_8_address0  |  out|   12|   ap_memory|       v48_0_8|         array|
|v48_0_8_ce0       |  out|    1|   ap_memory|       v48_0_8|         array|
|v48_0_8_d0        |  out|   32|   ap_memory|       v48_0_8|         array|
|v48_0_8_q0        |   in|   32|   ap_memory|       v48_0_8|         array|
|v48_0_8_we0       |  out|    1|   ap_memory|       v48_0_8|         array|
|v48_0_8_address1  |  out|   12|   ap_memory|       v48_0_8|         array|
|v48_0_8_ce1       |  out|    1|   ap_memory|       v48_0_8|         array|
|v48_0_8_d1        |  out|   32|   ap_memory|       v48_0_8|         array|
|v48_0_8_q1        |   in|   32|   ap_memory|       v48_0_8|         array|
|v48_0_8_we1       |  out|    1|   ap_memory|       v48_0_8|         array|
|v48_0_9_address0  |  out|   12|   ap_memory|       v48_0_9|         array|
|v48_0_9_ce0       |  out|    1|   ap_memory|       v48_0_9|         array|
|v48_0_9_d0        |  out|   32|   ap_memory|       v48_0_9|         array|
|v48_0_9_q0        |   in|   32|   ap_memory|       v48_0_9|         array|
|v48_0_9_we0       |  out|    1|   ap_memory|       v48_0_9|         array|
|v48_0_9_address1  |  out|   12|   ap_memory|       v48_0_9|         array|
|v48_0_9_ce1       |  out|    1|   ap_memory|       v48_0_9|         array|
|v48_0_9_d1        |  out|   32|   ap_memory|       v48_0_9|         array|
|v48_0_9_q1        |   in|   32|   ap_memory|       v48_0_9|         array|
|v48_0_9_we1       |  out|    1|   ap_memory|       v48_0_9|         array|
|v48_1_0_address0  |  out|   12|   ap_memory|       v48_1_0|         array|
|v48_1_0_ce0       |  out|    1|   ap_memory|       v48_1_0|         array|
|v48_1_0_d0        |  out|   32|   ap_memory|       v48_1_0|         array|
|v48_1_0_q0        |   in|   32|   ap_memory|       v48_1_0|         array|
|v48_1_0_we0       |  out|    1|   ap_memory|       v48_1_0|         array|
|v48_1_0_address1  |  out|   12|   ap_memory|       v48_1_0|         array|
|v48_1_0_ce1       |  out|    1|   ap_memory|       v48_1_0|         array|
|v48_1_0_d1        |  out|   32|   ap_memory|       v48_1_0|         array|
|v48_1_0_q1        |   in|   32|   ap_memory|       v48_1_0|         array|
|v48_1_0_we1       |  out|    1|   ap_memory|       v48_1_0|         array|
|v48_1_1_address0  |  out|   12|   ap_memory|       v48_1_1|         array|
|v48_1_1_ce0       |  out|    1|   ap_memory|       v48_1_1|         array|
|v48_1_1_d0        |  out|   32|   ap_memory|       v48_1_1|         array|
|v48_1_1_q0        |   in|   32|   ap_memory|       v48_1_1|         array|
|v48_1_1_we0       |  out|    1|   ap_memory|       v48_1_1|         array|
|v48_1_1_address1  |  out|   12|   ap_memory|       v48_1_1|         array|
|v48_1_1_ce1       |  out|    1|   ap_memory|       v48_1_1|         array|
|v48_1_1_d1        |  out|   32|   ap_memory|       v48_1_1|         array|
|v48_1_1_q1        |   in|   32|   ap_memory|       v48_1_1|         array|
|v48_1_1_we1       |  out|    1|   ap_memory|       v48_1_1|         array|
|v48_1_2_address0  |  out|   12|   ap_memory|       v48_1_2|         array|
|v48_1_2_ce0       |  out|    1|   ap_memory|       v48_1_2|         array|
|v48_1_2_d0        |  out|   32|   ap_memory|       v48_1_2|         array|
|v48_1_2_q0        |   in|   32|   ap_memory|       v48_1_2|         array|
|v48_1_2_we0       |  out|    1|   ap_memory|       v48_1_2|         array|
|v48_1_2_address1  |  out|   12|   ap_memory|       v48_1_2|         array|
|v48_1_2_ce1       |  out|    1|   ap_memory|       v48_1_2|         array|
|v48_1_2_d1        |  out|   32|   ap_memory|       v48_1_2|         array|
|v48_1_2_q1        |   in|   32|   ap_memory|       v48_1_2|         array|
|v48_1_2_we1       |  out|    1|   ap_memory|       v48_1_2|         array|
|v48_1_3_address0  |  out|   12|   ap_memory|       v48_1_3|         array|
|v48_1_3_ce0       |  out|    1|   ap_memory|       v48_1_3|         array|
|v48_1_3_d0        |  out|   32|   ap_memory|       v48_1_3|         array|
|v48_1_3_q0        |   in|   32|   ap_memory|       v48_1_3|         array|
|v48_1_3_we0       |  out|    1|   ap_memory|       v48_1_3|         array|
|v48_1_3_address1  |  out|   12|   ap_memory|       v48_1_3|         array|
|v48_1_3_ce1       |  out|    1|   ap_memory|       v48_1_3|         array|
|v48_1_3_d1        |  out|   32|   ap_memory|       v48_1_3|         array|
|v48_1_3_q1        |   in|   32|   ap_memory|       v48_1_3|         array|
|v48_1_3_we1       |  out|    1|   ap_memory|       v48_1_3|         array|
|v48_1_4_address0  |  out|   12|   ap_memory|       v48_1_4|         array|
|v48_1_4_ce0       |  out|    1|   ap_memory|       v48_1_4|         array|
|v48_1_4_d0        |  out|   32|   ap_memory|       v48_1_4|         array|
|v48_1_4_q0        |   in|   32|   ap_memory|       v48_1_4|         array|
|v48_1_4_we0       |  out|    1|   ap_memory|       v48_1_4|         array|
|v48_1_4_address1  |  out|   12|   ap_memory|       v48_1_4|         array|
|v48_1_4_ce1       |  out|    1|   ap_memory|       v48_1_4|         array|
|v48_1_4_d1        |  out|   32|   ap_memory|       v48_1_4|         array|
|v48_1_4_q1        |   in|   32|   ap_memory|       v48_1_4|         array|
|v48_1_4_we1       |  out|    1|   ap_memory|       v48_1_4|         array|
|v48_1_5_address0  |  out|   12|   ap_memory|       v48_1_5|         array|
|v48_1_5_ce0       |  out|    1|   ap_memory|       v48_1_5|         array|
|v48_1_5_d0        |  out|   32|   ap_memory|       v48_1_5|         array|
|v48_1_5_q0        |   in|   32|   ap_memory|       v48_1_5|         array|
|v48_1_5_we0       |  out|    1|   ap_memory|       v48_1_5|         array|
|v48_1_5_address1  |  out|   12|   ap_memory|       v48_1_5|         array|
|v48_1_5_ce1       |  out|    1|   ap_memory|       v48_1_5|         array|
|v48_1_5_d1        |  out|   32|   ap_memory|       v48_1_5|         array|
|v48_1_5_q1        |   in|   32|   ap_memory|       v48_1_5|         array|
|v48_1_5_we1       |  out|    1|   ap_memory|       v48_1_5|         array|
|v48_1_6_address0  |  out|   12|   ap_memory|       v48_1_6|         array|
|v48_1_6_ce0       |  out|    1|   ap_memory|       v48_1_6|         array|
|v48_1_6_d0        |  out|   32|   ap_memory|       v48_1_6|         array|
|v48_1_6_q0        |   in|   32|   ap_memory|       v48_1_6|         array|
|v48_1_6_we0       |  out|    1|   ap_memory|       v48_1_6|         array|
|v48_1_6_address1  |  out|   12|   ap_memory|       v48_1_6|         array|
|v48_1_6_ce1       |  out|    1|   ap_memory|       v48_1_6|         array|
|v48_1_6_d1        |  out|   32|   ap_memory|       v48_1_6|         array|
|v48_1_6_q1        |   in|   32|   ap_memory|       v48_1_6|         array|
|v48_1_6_we1       |  out|    1|   ap_memory|       v48_1_6|         array|
|v48_1_7_address0  |  out|   12|   ap_memory|       v48_1_7|         array|
|v48_1_7_ce0       |  out|    1|   ap_memory|       v48_1_7|         array|
|v48_1_7_d0        |  out|   32|   ap_memory|       v48_1_7|         array|
|v48_1_7_q0        |   in|   32|   ap_memory|       v48_1_7|         array|
|v48_1_7_we0       |  out|    1|   ap_memory|       v48_1_7|         array|
|v48_1_7_address1  |  out|   12|   ap_memory|       v48_1_7|         array|
|v48_1_7_ce1       |  out|    1|   ap_memory|       v48_1_7|         array|
|v48_1_7_d1        |  out|   32|   ap_memory|       v48_1_7|         array|
|v48_1_7_q1        |   in|   32|   ap_memory|       v48_1_7|         array|
|v48_1_7_we1       |  out|    1|   ap_memory|       v48_1_7|         array|
|v48_1_8_address0  |  out|   12|   ap_memory|       v48_1_8|         array|
|v48_1_8_ce0       |  out|    1|   ap_memory|       v48_1_8|         array|
|v48_1_8_d0        |  out|   32|   ap_memory|       v48_1_8|         array|
|v48_1_8_q0        |   in|   32|   ap_memory|       v48_1_8|         array|
|v48_1_8_we0       |  out|    1|   ap_memory|       v48_1_8|         array|
|v48_1_8_address1  |  out|   12|   ap_memory|       v48_1_8|         array|
|v48_1_8_ce1       |  out|    1|   ap_memory|       v48_1_8|         array|
|v48_1_8_d1        |  out|   32|   ap_memory|       v48_1_8|         array|
|v48_1_8_q1        |   in|   32|   ap_memory|       v48_1_8|         array|
|v48_1_8_we1       |  out|    1|   ap_memory|       v48_1_8|         array|
|v48_1_9_address0  |  out|   12|   ap_memory|       v48_1_9|         array|
|v48_1_9_ce0       |  out|    1|   ap_memory|       v48_1_9|         array|
|v48_1_9_d0        |  out|   32|   ap_memory|       v48_1_9|         array|
|v48_1_9_q0        |   in|   32|   ap_memory|       v48_1_9|         array|
|v48_1_9_we0       |  out|    1|   ap_memory|       v48_1_9|         array|
|v48_1_9_address1  |  out|   12|   ap_memory|       v48_1_9|         array|
|v48_1_9_ce1       |  out|    1|   ap_memory|       v48_1_9|         array|
|v48_1_9_d1        |  out|   32|   ap_memory|       v48_1_9|         array|
|v48_1_9_q1        |   in|   32|   ap_memory|       v48_1_9|         array|
|v48_1_9_we1       |  out|    1|   ap_memory|       v48_1_9|         array|
|v49_0_0_address0  |  out|   12|   ap_memory|       v49_0_0|         array|
|v49_0_0_ce0       |  out|    1|   ap_memory|       v49_0_0|         array|
|v49_0_0_d0        |  out|   32|   ap_memory|       v49_0_0|         array|
|v49_0_0_q0        |   in|   32|   ap_memory|       v49_0_0|         array|
|v49_0_0_we0       |  out|    1|   ap_memory|       v49_0_0|         array|
|v49_0_0_address1  |  out|   12|   ap_memory|       v49_0_0|         array|
|v49_0_0_ce1       |  out|    1|   ap_memory|       v49_0_0|         array|
|v49_0_0_d1        |  out|   32|   ap_memory|       v49_0_0|         array|
|v49_0_0_q1        |   in|   32|   ap_memory|       v49_0_0|         array|
|v49_0_0_we1       |  out|    1|   ap_memory|       v49_0_0|         array|
|v49_0_1_address0  |  out|   12|   ap_memory|       v49_0_1|         array|
|v49_0_1_ce0       |  out|    1|   ap_memory|       v49_0_1|         array|
|v49_0_1_d0        |  out|   32|   ap_memory|       v49_0_1|         array|
|v49_0_1_q0        |   in|   32|   ap_memory|       v49_0_1|         array|
|v49_0_1_we0       |  out|    1|   ap_memory|       v49_0_1|         array|
|v49_0_1_address1  |  out|   12|   ap_memory|       v49_0_1|         array|
|v49_0_1_ce1       |  out|    1|   ap_memory|       v49_0_1|         array|
|v49_0_1_d1        |  out|   32|   ap_memory|       v49_0_1|         array|
|v49_0_1_q1        |   in|   32|   ap_memory|       v49_0_1|         array|
|v49_0_1_we1       |  out|    1|   ap_memory|       v49_0_1|         array|
|v49_0_2_address0  |  out|   12|   ap_memory|       v49_0_2|         array|
|v49_0_2_ce0       |  out|    1|   ap_memory|       v49_0_2|         array|
|v49_0_2_d0        |  out|   32|   ap_memory|       v49_0_2|         array|
|v49_0_2_q0        |   in|   32|   ap_memory|       v49_0_2|         array|
|v49_0_2_we0       |  out|    1|   ap_memory|       v49_0_2|         array|
|v49_0_2_address1  |  out|   12|   ap_memory|       v49_0_2|         array|
|v49_0_2_ce1       |  out|    1|   ap_memory|       v49_0_2|         array|
|v49_0_2_d1        |  out|   32|   ap_memory|       v49_0_2|         array|
|v49_0_2_q1        |   in|   32|   ap_memory|       v49_0_2|         array|
|v49_0_2_we1       |  out|    1|   ap_memory|       v49_0_2|         array|
|v49_0_3_address0  |  out|   12|   ap_memory|       v49_0_3|         array|
|v49_0_3_ce0       |  out|    1|   ap_memory|       v49_0_3|         array|
|v49_0_3_d0        |  out|   32|   ap_memory|       v49_0_3|         array|
|v49_0_3_q0        |   in|   32|   ap_memory|       v49_0_3|         array|
|v49_0_3_we0       |  out|    1|   ap_memory|       v49_0_3|         array|
|v49_0_3_address1  |  out|   12|   ap_memory|       v49_0_3|         array|
|v49_0_3_ce1       |  out|    1|   ap_memory|       v49_0_3|         array|
|v49_0_3_d1        |  out|   32|   ap_memory|       v49_0_3|         array|
|v49_0_3_q1        |   in|   32|   ap_memory|       v49_0_3|         array|
|v49_0_3_we1       |  out|    1|   ap_memory|       v49_0_3|         array|
|v49_0_4_address0  |  out|   12|   ap_memory|       v49_0_4|         array|
|v49_0_4_ce0       |  out|    1|   ap_memory|       v49_0_4|         array|
|v49_0_4_d0        |  out|   32|   ap_memory|       v49_0_4|         array|
|v49_0_4_q0        |   in|   32|   ap_memory|       v49_0_4|         array|
|v49_0_4_we0       |  out|    1|   ap_memory|       v49_0_4|         array|
|v49_0_4_address1  |  out|   12|   ap_memory|       v49_0_4|         array|
|v49_0_4_ce1       |  out|    1|   ap_memory|       v49_0_4|         array|
|v49_0_4_d1        |  out|   32|   ap_memory|       v49_0_4|         array|
|v49_0_4_q1        |   in|   32|   ap_memory|       v49_0_4|         array|
|v49_0_4_we1       |  out|    1|   ap_memory|       v49_0_4|         array|
|v49_0_5_address0  |  out|   12|   ap_memory|       v49_0_5|         array|
|v49_0_5_ce0       |  out|    1|   ap_memory|       v49_0_5|         array|
|v49_0_5_d0        |  out|   32|   ap_memory|       v49_0_5|         array|
|v49_0_5_q0        |   in|   32|   ap_memory|       v49_0_5|         array|
|v49_0_5_we0       |  out|    1|   ap_memory|       v49_0_5|         array|
|v49_0_5_address1  |  out|   12|   ap_memory|       v49_0_5|         array|
|v49_0_5_ce1       |  out|    1|   ap_memory|       v49_0_5|         array|
|v49_0_5_d1        |  out|   32|   ap_memory|       v49_0_5|         array|
|v49_0_5_q1        |   in|   32|   ap_memory|       v49_0_5|         array|
|v49_0_5_we1       |  out|    1|   ap_memory|       v49_0_5|         array|
|v49_0_6_address0  |  out|   12|   ap_memory|       v49_0_6|         array|
|v49_0_6_ce0       |  out|    1|   ap_memory|       v49_0_6|         array|
|v49_0_6_d0        |  out|   32|   ap_memory|       v49_0_6|         array|
|v49_0_6_q0        |   in|   32|   ap_memory|       v49_0_6|         array|
|v49_0_6_we0       |  out|    1|   ap_memory|       v49_0_6|         array|
|v49_0_6_address1  |  out|   12|   ap_memory|       v49_0_6|         array|
|v49_0_6_ce1       |  out|    1|   ap_memory|       v49_0_6|         array|
|v49_0_6_d1        |  out|   32|   ap_memory|       v49_0_6|         array|
|v49_0_6_q1        |   in|   32|   ap_memory|       v49_0_6|         array|
|v49_0_6_we1       |  out|    1|   ap_memory|       v49_0_6|         array|
|v49_0_7_address0  |  out|   12|   ap_memory|       v49_0_7|         array|
|v49_0_7_ce0       |  out|    1|   ap_memory|       v49_0_7|         array|
|v49_0_7_d0        |  out|   32|   ap_memory|       v49_0_7|         array|
|v49_0_7_q0        |   in|   32|   ap_memory|       v49_0_7|         array|
|v49_0_7_we0       |  out|    1|   ap_memory|       v49_0_7|         array|
|v49_0_7_address1  |  out|   12|   ap_memory|       v49_0_7|         array|
|v49_0_7_ce1       |  out|    1|   ap_memory|       v49_0_7|         array|
|v49_0_7_d1        |  out|   32|   ap_memory|       v49_0_7|         array|
|v49_0_7_q1        |   in|   32|   ap_memory|       v49_0_7|         array|
|v49_0_7_we1       |  out|    1|   ap_memory|       v49_0_7|         array|
|v49_0_8_address0  |  out|   12|   ap_memory|       v49_0_8|         array|
|v49_0_8_ce0       |  out|    1|   ap_memory|       v49_0_8|         array|
|v49_0_8_d0        |  out|   32|   ap_memory|       v49_0_8|         array|
|v49_0_8_q0        |   in|   32|   ap_memory|       v49_0_8|         array|
|v49_0_8_we0       |  out|    1|   ap_memory|       v49_0_8|         array|
|v49_0_8_address1  |  out|   12|   ap_memory|       v49_0_8|         array|
|v49_0_8_ce1       |  out|    1|   ap_memory|       v49_0_8|         array|
|v49_0_8_d1        |  out|   32|   ap_memory|       v49_0_8|         array|
|v49_0_8_q1        |   in|   32|   ap_memory|       v49_0_8|         array|
|v49_0_8_we1       |  out|    1|   ap_memory|       v49_0_8|         array|
|v49_0_9_address0  |  out|   12|   ap_memory|       v49_0_9|         array|
|v49_0_9_ce0       |  out|    1|   ap_memory|       v49_0_9|         array|
|v49_0_9_d0        |  out|   32|   ap_memory|       v49_0_9|         array|
|v49_0_9_q0        |   in|   32|   ap_memory|       v49_0_9|         array|
|v49_0_9_we0       |  out|    1|   ap_memory|       v49_0_9|         array|
|v49_0_9_address1  |  out|   12|   ap_memory|       v49_0_9|         array|
|v49_0_9_ce1       |  out|    1|   ap_memory|       v49_0_9|         array|
|v49_0_9_d1        |  out|   32|   ap_memory|       v49_0_9|         array|
|v49_0_9_q1        |   in|   32|   ap_memory|       v49_0_9|         array|
|v49_0_9_we1       |  out|    1|   ap_memory|       v49_0_9|         array|
|v49_1_0_address0  |  out|   12|   ap_memory|       v49_1_0|         array|
|v49_1_0_ce0       |  out|    1|   ap_memory|       v49_1_0|         array|
|v49_1_0_d0        |  out|   32|   ap_memory|       v49_1_0|         array|
|v49_1_0_q0        |   in|   32|   ap_memory|       v49_1_0|         array|
|v49_1_0_we0       |  out|    1|   ap_memory|       v49_1_0|         array|
|v49_1_0_address1  |  out|   12|   ap_memory|       v49_1_0|         array|
|v49_1_0_ce1       |  out|    1|   ap_memory|       v49_1_0|         array|
|v49_1_0_d1        |  out|   32|   ap_memory|       v49_1_0|         array|
|v49_1_0_q1        |   in|   32|   ap_memory|       v49_1_0|         array|
|v49_1_0_we1       |  out|    1|   ap_memory|       v49_1_0|         array|
|v49_1_1_address0  |  out|   12|   ap_memory|       v49_1_1|         array|
|v49_1_1_ce0       |  out|    1|   ap_memory|       v49_1_1|         array|
|v49_1_1_d0        |  out|   32|   ap_memory|       v49_1_1|         array|
|v49_1_1_q0        |   in|   32|   ap_memory|       v49_1_1|         array|
|v49_1_1_we0       |  out|    1|   ap_memory|       v49_1_1|         array|
|v49_1_1_address1  |  out|   12|   ap_memory|       v49_1_1|         array|
|v49_1_1_ce1       |  out|    1|   ap_memory|       v49_1_1|         array|
|v49_1_1_d1        |  out|   32|   ap_memory|       v49_1_1|         array|
|v49_1_1_q1        |   in|   32|   ap_memory|       v49_1_1|         array|
|v49_1_1_we1       |  out|    1|   ap_memory|       v49_1_1|         array|
|v49_1_2_address0  |  out|   12|   ap_memory|       v49_1_2|         array|
|v49_1_2_ce0       |  out|    1|   ap_memory|       v49_1_2|         array|
|v49_1_2_d0        |  out|   32|   ap_memory|       v49_1_2|         array|
|v49_1_2_q0        |   in|   32|   ap_memory|       v49_1_2|         array|
|v49_1_2_we0       |  out|    1|   ap_memory|       v49_1_2|         array|
|v49_1_2_address1  |  out|   12|   ap_memory|       v49_1_2|         array|
|v49_1_2_ce1       |  out|    1|   ap_memory|       v49_1_2|         array|
|v49_1_2_d1        |  out|   32|   ap_memory|       v49_1_2|         array|
|v49_1_2_q1        |   in|   32|   ap_memory|       v49_1_2|         array|
|v49_1_2_we1       |  out|    1|   ap_memory|       v49_1_2|         array|
|v49_1_3_address0  |  out|   12|   ap_memory|       v49_1_3|         array|
|v49_1_3_ce0       |  out|    1|   ap_memory|       v49_1_3|         array|
|v49_1_3_d0        |  out|   32|   ap_memory|       v49_1_3|         array|
|v49_1_3_q0        |   in|   32|   ap_memory|       v49_1_3|         array|
|v49_1_3_we0       |  out|    1|   ap_memory|       v49_1_3|         array|
|v49_1_3_address1  |  out|   12|   ap_memory|       v49_1_3|         array|
|v49_1_3_ce1       |  out|    1|   ap_memory|       v49_1_3|         array|
|v49_1_3_d1        |  out|   32|   ap_memory|       v49_1_3|         array|
|v49_1_3_q1        |   in|   32|   ap_memory|       v49_1_3|         array|
|v49_1_3_we1       |  out|    1|   ap_memory|       v49_1_3|         array|
|v49_1_4_address0  |  out|   12|   ap_memory|       v49_1_4|         array|
|v49_1_4_ce0       |  out|    1|   ap_memory|       v49_1_4|         array|
|v49_1_4_d0        |  out|   32|   ap_memory|       v49_1_4|         array|
|v49_1_4_q0        |   in|   32|   ap_memory|       v49_1_4|         array|
|v49_1_4_we0       |  out|    1|   ap_memory|       v49_1_4|         array|
|v49_1_4_address1  |  out|   12|   ap_memory|       v49_1_4|         array|
|v49_1_4_ce1       |  out|    1|   ap_memory|       v49_1_4|         array|
|v49_1_4_d1        |  out|   32|   ap_memory|       v49_1_4|         array|
|v49_1_4_q1        |   in|   32|   ap_memory|       v49_1_4|         array|
|v49_1_4_we1       |  out|    1|   ap_memory|       v49_1_4|         array|
|v49_1_5_address0  |  out|   12|   ap_memory|       v49_1_5|         array|
|v49_1_5_ce0       |  out|    1|   ap_memory|       v49_1_5|         array|
|v49_1_5_d0        |  out|   32|   ap_memory|       v49_1_5|         array|
|v49_1_5_q0        |   in|   32|   ap_memory|       v49_1_5|         array|
|v49_1_5_we0       |  out|    1|   ap_memory|       v49_1_5|         array|
|v49_1_5_address1  |  out|   12|   ap_memory|       v49_1_5|         array|
|v49_1_5_ce1       |  out|    1|   ap_memory|       v49_1_5|         array|
|v49_1_5_d1        |  out|   32|   ap_memory|       v49_1_5|         array|
|v49_1_5_q1        |   in|   32|   ap_memory|       v49_1_5|         array|
|v49_1_5_we1       |  out|    1|   ap_memory|       v49_1_5|         array|
|v49_1_6_address0  |  out|   12|   ap_memory|       v49_1_6|         array|
|v49_1_6_ce0       |  out|    1|   ap_memory|       v49_1_6|         array|
|v49_1_6_d0        |  out|   32|   ap_memory|       v49_1_6|         array|
|v49_1_6_q0        |   in|   32|   ap_memory|       v49_1_6|         array|
|v49_1_6_we0       |  out|    1|   ap_memory|       v49_1_6|         array|
|v49_1_6_address1  |  out|   12|   ap_memory|       v49_1_6|         array|
|v49_1_6_ce1       |  out|    1|   ap_memory|       v49_1_6|         array|
|v49_1_6_d1        |  out|   32|   ap_memory|       v49_1_6|         array|
|v49_1_6_q1        |   in|   32|   ap_memory|       v49_1_6|         array|
|v49_1_6_we1       |  out|    1|   ap_memory|       v49_1_6|         array|
|v49_1_7_address0  |  out|   12|   ap_memory|       v49_1_7|         array|
|v49_1_7_ce0       |  out|    1|   ap_memory|       v49_1_7|         array|
|v49_1_7_d0        |  out|   32|   ap_memory|       v49_1_7|         array|
|v49_1_7_q0        |   in|   32|   ap_memory|       v49_1_7|         array|
|v49_1_7_we0       |  out|    1|   ap_memory|       v49_1_7|         array|
|v49_1_7_address1  |  out|   12|   ap_memory|       v49_1_7|         array|
|v49_1_7_ce1       |  out|    1|   ap_memory|       v49_1_7|         array|
|v49_1_7_d1        |  out|   32|   ap_memory|       v49_1_7|         array|
|v49_1_7_q1        |   in|   32|   ap_memory|       v49_1_7|         array|
|v49_1_7_we1       |  out|    1|   ap_memory|       v49_1_7|         array|
|v49_1_8_address0  |  out|   12|   ap_memory|       v49_1_8|         array|
|v49_1_8_ce0       |  out|    1|   ap_memory|       v49_1_8|         array|
|v49_1_8_d0        |  out|   32|   ap_memory|       v49_1_8|         array|
|v49_1_8_q0        |   in|   32|   ap_memory|       v49_1_8|         array|
|v49_1_8_we0       |  out|    1|   ap_memory|       v49_1_8|         array|
|v49_1_8_address1  |  out|   12|   ap_memory|       v49_1_8|         array|
|v49_1_8_ce1       |  out|    1|   ap_memory|       v49_1_8|         array|
|v49_1_8_d1        |  out|   32|   ap_memory|       v49_1_8|         array|
|v49_1_8_q1        |   in|   32|   ap_memory|       v49_1_8|         array|
|v49_1_8_we1       |  out|    1|   ap_memory|       v49_1_8|         array|
|v49_1_9_address0  |  out|   12|   ap_memory|       v49_1_9|         array|
|v49_1_9_ce0       |  out|    1|   ap_memory|       v49_1_9|         array|
|v49_1_9_d0        |  out|   32|   ap_memory|       v49_1_9|         array|
|v49_1_9_q0        |   in|   32|   ap_memory|       v49_1_9|         array|
|v49_1_9_we0       |  out|    1|   ap_memory|       v49_1_9|         array|
|v49_1_9_address1  |  out|   12|   ap_memory|       v49_1_9|         array|
|v49_1_9_ce1       |  out|    1|   ap_memory|       v49_1_9|         array|
|v49_1_9_d1        |  out|   32|   ap_memory|       v49_1_9|         array|
|v49_1_9_q1        |   in|   32|   ap_memory|       v49_1_9|         array|
|v49_1_9_we1       |  out|    1|   ap_memory|       v49_1_9|         array|
|v50_0_address0    |  out|    5|   ap_memory|         v50_0|         array|
|v50_0_ce0         |  out|    1|   ap_memory|         v50_0|         array|
|v50_0_d0          |  out|   32|   ap_memory|         v50_0|         array|
|v50_0_q0          |   in|   32|   ap_memory|         v50_0|         array|
|v50_0_we0         |  out|    1|   ap_memory|         v50_0|         array|
|v50_0_address1    |  out|    5|   ap_memory|         v50_0|         array|
|v50_0_ce1         |  out|    1|   ap_memory|         v50_0|         array|
|v50_0_d1          |  out|   32|   ap_memory|         v50_0|         array|
|v50_0_q1          |   in|   32|   ap_memory|         v50_0|         array|
|v50_0_we1         |  out|    1|   ap_memory|         v50_0|         array|
|v50_1_address0    |  out|    5|   ap_memory|         v50_1|         array|
|v50_1_ce0         |  out|    1|   ap_memory|         v50_1|         array|
|v50_1_d0          |  out|   32|   ap_memory|         v50_1|         array|
|v50_1_q0          |   in|   32|   ap_memory|         v50_1|         array|
|v50_1_we0         |  out|    1|   ap_memory|         v50_1|         array|
|v50_1_address1    |  out|    5|   ap_memory|         v50_1|         array|
|v50_1_ce1         |  out|    1|   ap_memory|         v50_1|         array|
|v50_1_d1          |  out|   32|   ap_memory|         v50_1|         array|
|v50_1_q1          |   in|   32|   ap_memory|         v50_1|         array|
|v50_1_we1         |  out|    1|   ap_memory|         v50_1|         array|
|v50_2_address0    |  out|    5|   ap_memory|         v50_2|         array|
|v50_2_ce0         |  out|    1|   ap_memory|         v50_2|         array|
|v50_2_d0          |  out|   32|   ap_memory|         v50_2|         array|
|v50_2_q0          |   in|   32|   ap_memory|         v50_2|         array|
|v50_2_we0         |  out|    1|   ap_memory|         v50_2|         array|
|v50_2_address1    |  out|    5|   ap_memory|         v50_2|         array|
|v50_2_ce1         |  out|    1|   ap_memory|         v50_2|         array|
|v50_2_d1          |  out|   32|   ap_memory|         v50_2|         array|
|v50_2_q1          |   in|   32|   ap_memory|         v50_2|         array|
|v50_2_we1         |  out|    1|   ap_memory|         v50_2|         array|
|v50_3_address0    |  out|    5|   ap_memory|         v50_3|         array|
|v50_3_ce0         |  out|    1|   ap_memory|         v50_3|         array|
|v50_3_d0          |  out|   32|   ap_memory|         v50_3|         array|
|v50_3_q0          |   in|   32|   ap_memory|         v50_3|         array|
|v50_3_we0         |  out|    1|   ap_memory|         v50_3|         array|
|v50_3_address1    |  out|    5|   ap_memory|         v50_3|         array|
|v50_3_ce1         |  out|    1|   ap_memory|         v50_3|         array|
|v50_3_d1          |  out|   32|   ap_memory|         v50_3|         array|
|v50_3_q1          |   in|   32|   ap_memory|         v50_3|         array|
|v50_3_we1         |  out|    1|   ap_memory|         v50_3|         array|
|v50_4_address0    |  out|    5|   ap_memory|         v50_4|         array|
|v50_4_ce0         |  out|    1|   ap_memory|         v50_4|         array|
|v50_4_d0          |  out|   32|   ap_memory|         v50_4|         array|
|v50_4_q0          |   in|   32|   ap_memory|         v50_4|         array|
|v50_4_we0         |  out|    1|   ap_memory|         v50_4|         array|
|v50_4_address1    |  out|    5|   ap_memory|         v50_4|         array|
|v50_4_ce1         |  out|    1|   ap_memory|         v50_4|         array|
|v50_4_d1          |  out|   32|   ap_memory|         v50_4|         array|
|v50_4_q1          |   in|   32|   ap_memory|         v50_4|         array|
|v50_4_we1         |  out|    1|   ap_memory|         v50_4|         array|
|v50_5_address0    |  out|    5|   ap_memory|         v50_5|         array|
|v50_5_ce0         |  out|    1|   ap_memory|         v50_5|         array|
|v50_5_d0          |  out|   32|   ap_memory|         v50_5|         array|
|v50_5_q0          |   in|   32|   ap_memory|         v50_5|         array|
|v50_5_we0         |  out|    1|   ap_memory|         v50_5|         array|
|v50_5_address1    |  out|    5|   ap_memory|         v50_5|         array|
|v50_5_ce1         |  out|    1|   ap_memory|         v50_5|         array|
|v50_5_d1          |  out|   32|   ap_memory|         v50_5|         array|
|v50_5_q1          |   in|   32|   ap_memory|         v50_5|         array|
|v50_5_we1         |  out|    1|   ap_memory|         v50_5|         array|
|v50_6_address0    |  out|    5|   ap_memory|         v50_6|         array|
|v50_6_ce0         |  out|    1|   ap_memory|         v50_6|         array|
|v50_6_d0          |  out|   32|   ap_memory|         v50_6|         array|
|v50_6_q0          |   in|   32|   ap_memory|         v50_6|         array|
|v50_6_we0         |  out|    1|   ap_memory|         v50_6|         array|
|v50_6_address1    |  out|    5|   ap_memory|         v50_6|         array|
|v50_6_ce1         |  out|    1|   ap_memory|         v50_6|         array|
|v50_6_d1          |  out|   32|   ap_memory|         v50_6|         array|
|v50_6_q1          |   in|   32|   ap_memory|         v50_6|         array|
|v50_6_we1         |  out|    1|   ap_memory|         v50_6|         array|
|v50_7_address0    |  out|    5|   ap_memory|         v50_7|         array|
|v50_7_ce0         |  out|    1|   ap_memory|         v50_7|         array|
|v50_7_d0          |  out|   32|   ap_memory|         v50_7|         array|
|v50_7_q0          |   in|   32|   ap_memory|         v50_7|         array|
|v50_7_we0         |  out|    1|   ap_memory|         v50_7|         array|
|v50_7_address1    |  out|    5|   ap_memory|         v50_7|         array|
|v50_7_ce1         |  out|    1|   ap_memory|         v50_7|         array|
|v50_7_d1          |  out|   32|   ap_memory|         v50_7|         array|
|v50_7_q1          |   in|   32|   ap_memory|         v50_7|         array|
|v50_7_we1         |  out|    1|   ap_memory|         v50_7|         array|
|v50_8_address0    |  out|    5|   ap_memory|         v50_8|         array|
|v50_8_ce0         |  out|    1|   ap_memory|         v50_8|         array|
|v50_8_d0          |  out|   32|   ap_memory|         v50_8|         array|
|v50_8_q0          |   in|   32|   ap_memory|         v50_8|         array|
|v50_8_we0         |  out|    1|   ap_memory|         v50_8|         array|
|v50_8_address1    |  out|    5|   ap_memory|         v50_8|         array|
|v50_8_ce1         |  out|    1|   ap_memory|         v50_8|         array|
|v50_8_d1          |  out|   32|   ap_memory|         v50_8|         array|
|v50_8_q1          |   in|   32|   ap_memory|         v50_8|         array|
|v50_8_we1         |  out|    1|   ap_memory|         v50_8|         array|
|v50_9_address0    |  out|    5|   ap_memory|         v50_9|         array|
|v50_9_ce0         |  out|    1|   ap_memory|         v50_9|         array|
|v50_9_d0          |  out|   32|   ap_memory|         v50_9|         array|
|v50_9_q0          |   in|   32|   ap_memory|         v50_9|         array|
|v50_9_we0         |  out|    1|   ap_memory|         v50_9|         array|
|v50_9_address1    |  out|    5|   ap_memory|         v50_9|         array|
|v50_9_ce1         |  out|    1|   ap_memory|         v50_9|         array|
|v50_9_d1          |  out|   32|   ap_memory|         v50_9|         array|
|v50_9_q1          |   in|   32|   ap_memory|         v50_9|         array|
|v50_9_we1         |  out|    1|   ap_memory|         v50_9|         array|
|v51_0_address0    |  out|    7|   ap_memory|         v51_0|         array|
|v51_0_ce0         |  out|    1|   ap_memory|         v51_0|         array|
|v51_0_d0          |  out|   32|   ap_memory|         v51_0|         array|
|v51_0_q0          |   in|   32|   ap_memory|         v51_0|         array|
|v51_0_we0         |  out|    1|   ap_memory|         v51_0|         array|
|v51_0_address1    |  out|    7|   ap_memory|         v51_0|         array|
|v51_0_ce1         |  out|    1|   ap_memory|         v51_0|         array|
|v51_0_d1          |  out|   32|   ap_memory|         v51_0|         array|
|v51_0_q1          |   in|   32|   ap_memory|         v51_0|         array|
|v51_0_we1         |  out|    1|   ap_memory|         v51_0|         array|
|v51_1_address0    |  out|    7|   ap_memory|         v51_1|         array|
|v51_1_ce0         |  out|    1|   ap_memory|         v51_1|         array|
|v51_1_d0          |  out|   32|   ap_memory|         v51_1|         array|
|v51_1_q0          |   in|   32|   ap_memory|         v51_1|         array|
|v51_1_we0         |  out|    1|   ap_memory|         v51_1|         array|
|v51_1_address1    |  out|    7|   ap_memory|         v51_1|         array|
|v51_1_ce1         |  out|    1|   ap_memory|         v51_1|         array|
|v51_1_d1          |  out|   32|   ap_memory|         v51_1|         array|
|v51_1_q1          |   in|   32|   ap_memory|         v51_1|         array|
|v51_1_we1         |  out|    1|   ap_memory|         v51_1|         array|
|ap_clk            |   in|    1|  ap_ctrl_hs|       forward|  return value|
|ap_rst            |   in|    1|  ap_ctrl_hs|       forward|  return value|
|ap_start          |   in|    1|  ap_ctrl_hs|       forward|  return value|
|ap_done           |  out|    1|  ap_ctrl_hs|       forward|  return value|
|ap_ready          |  out|    1|  ap_ctrl_hs|       forward|  return value|
|ap_idle           |  out|    1|  ap_ctrl_hs|       forward|  return value|
+------------------+-----+-----+------------+--------------+--------------+

