

================================================================
== Vitis HLS Report for 'forward'
================================================================
* Date:           Wed Sep 25 12:54:19 2024

* Version:        2023.2 (Build 4023990 on Oct 11 2023)
* Project:        hls_ResMLP
* Solution:       solution1 (Vivado IP Flow Target)
* Product family: virtexuplusHBM
* Target device:  xcu280-fsvh2892-2L-e


================================================================
== Performance Estimates
================================================================
+ Timing: 
    * Summary: 
    +--------+---------+----------+------------+
    |  Clock |  Target | Estimated| Uncertainty|
    +--------+---------+----------+------------+
    |ap_clk  |  3.33 ns|  2.769 ns|     0.90 ns|
    +--------+---------+----------+------------+

+ Latency: 
    * Summary: 
    +----------+----------+-----------+-----------+----------+----------+----------+
    |   Latency (cycles)  |   Latency (absolute)  |       Interval      | Pipeline |
    |    min   |    max   |    min    |    max    |    min   |    max   |   Type   |
    +----------+----------+-----------+-----------+----------+----------+----------+
    |  16777321|  16777321|  55.868 ms|  55.868 ms|  16777228|  16777228|  dataflow|
    +----------+----------+-----------+-----------+----------+----------+----------+

    + Detail: 
        * Instance: 
        +-----------+--------+----------+----------+-----------+-----------+----------+----------+---------+
        |           |        |   Latency (cycles)  |   Latency (absolute)  |       Interval      | Pipeline|
        |  Instance | Module |    min   |    max   |    min    |    max    |    min   |    max   |   Type  |
        +-----------+--------+----------+----------+-----------+-----------+----------+----------+---------+
        |node13_U0  |node13  |    524292|    524292|   1.746 ms|   1.746 ms|    524292|    524292|       no|
        |node9_U0   |node9   |    262148|    262148|   0.873 ms|   0.873 ms|    262148|    262148|       no|
        |node6_U0   |node6   |    131076|    131076|   0.436 ms|   0.436 ms|    131076|    131076|       no|
        |node3_U0   |node3   |      2564|      2564|   8.538 us|   8.538 us|      2564|      2564|       no|
        |node12_U0  |node12  |  16777227|  16777227|  55.868 ms|  55.868 ms|  16777227|  16777227|       no|
        |node11_U0  |node11  |      4106|      4106|  13.673 us|  13.673 us|      4106|      4106|       no|
        |node10_U0  |node10  |      4101|      4101|  13.656 us|  13.656 us|      4101|      4101|       no|
        |node8_U0   |node8   |   8388621|   8388621|  27.934 ms|  27.934 ms|   8388621|   8388621|       no|
        |node7_U0   |node7   |      4115|      4115|  13.703 us|  13.703 us|      4115|      4115|       no|
        |node5_U0   |node5   |   4194317|   4194317|  13.967 ms|  13.967 ms|   4194317|   4194317|       no|
        |node4_U0   |node4   |      2058|      2058|   6.853 us|   6.853 us|      2058|      2058|       no|
        |node2_U0   |node2   |     81932|     81932|   0.273 ms|   0.273 ms|     81932|     81932|       no|
        |node1_U0   |node1   |        90|        90|   0.300 us|   0.300 us|        90|        90|       no|
        |node0_U0   |node0   |        82|        82|   0.273 us|   0.273 us|        82|        82|       no|
        +-----------+--------+----------+----------+-----------+-----------+----------+----------+---------+

        * Loop: 
        N/A



================================================================
== Utilization Estimates
================================================================
* Summary: 
+---------------------+---------+------+---------+---------+-----+
|         Name        | BRAM_18K|  DSP |    FF   |   LUT   | URAM|
+---------------------+---------+------+---------+---------+-----+
|DSP                  |        -|     -|        -|        -|    -|
|Expression           |        -|     -|        0|       40|    -|
|FIFO                 |       12|     -|     1382|     1294|    -|
|Instance             |     1800|    22|     7015|     7944|    5|
|Memory               |        -|     -|        -|        -|    -|
|Multiplexer          |        -|     -|        -|       81|    -|
|Register             |        -|     -|        9|        -|    -|
+---------------------+---------+------+---------+---------+-----+
|Total                |     1812|    22|     8406|     9359|    5|
+---------------------+---------+------+---------+---------+-----+
|Available SLR        |     1344|  3008|   869120|   434560|  320|
+---------------------+---------+------+---------+---------+-----+
|Utilization SLR (%)  |      134|    ~0|       ~0|        2|    1|
+---------------------+---------+------+---------+---------+-----+
|Available            |     4032|  9024|  2607360|  1303680|  960|
+---------------------+---------+------+---------+---------+-----+
|Utilization (%)      |       44|    ~0|       ~0|       ~0|   ~0|
+---------------------+---------+------+---------+---------+-----+

+ Detail: 
    * Instance: 
    +-----------+--------+---------+----+------+------+-----+
    |  Instance | Module | BRAM_18K| DSP|  FF  |  LUT | URAM|
    +-----------+--------+---------+----+------+------+-----+
    |node0_U0   |node0   |        0|   0|    19|   193|    0|
    |node1_U0   |node1   |        0|   2|   445|   341|    0|
    |node10_U0  |node10  |        0|   0|   118|   135|    0|
    |node11_U0  |node11  |        0|   2|   457|   382|    0|
    |node12_U0  |node12  |     1024|   3|   979|  1201|    1|
    |node13_U0  |node13  |        0|   0|    99|   243|    0|
    |node2_U0   |node2   |        4|   3|  1014|  1258|    1|
    |node3_U0   |node3   |        0|   0|    76|   202|    0|
    |node4_U0   |node4   |        0|   2|   455|   366|    0|
    |node5_U0   |node5   |      260|   3|  1086|  1244|    1|
    |node6_U0   |node6   |        0|   0|    93|   232|    0|
    |node7_U0   |node7   |        0|   4|   985|   646|    0|
    |node8_U0   |node8   |      512|   3|  1092|  1255|    2|
    |node9_U0   |node9   |        0|   0|    97|   246|    0|
    +-----------+--------+---------+----+------+------+-----+
    |Total      |        |     1800|  22|  7015|  7944|    5|
    +-----------+--------+---------+----+------+------+-----+

    * DSP: 
    N/A

    * Memory: 
    N/A

    * FIFO: 
    +--------+---------+-----+----+-----+--------+-----+----------+
    |  Name  | BRAM_18K|  FF | LUT| URAM|  Depth | Bits| Size:D*B |
    +--------+---------+-----+----+-----+--------+-----+----------+
    |v152_U  |        0|  121|   0|    -|      80|   32|      2560|
    |v153_U  |        0|  121|   0|    -|      80|   32|      2560|
    |v154_U  |        1|   95|   0|    -|    2560|   32|     81920|
    |v155_U  |        1|   95|   0|    -|    2048|   32|     65536|
    |v156_U  |        1|   95|   0|    -|    2048|   32|     65536|
    |v157_U  |        1|   95|   0|    -|  131072|   32|   4194304|
    |v158_U  |        1|   95|   0|    -|    4096|   32|    131072|
    |v159_U  |        1|   95|   0|    -|    4096|   32|    131072|
    |v160_U  |        1|   95|   0|    -|  262144|   32|   8388608|
    |v161_U  |        1|   95|   0|    -|    4096|   32|    131072|
    |v162_U  |        1|   95|   0|    -|    4096|   32|    131072|
    |v163_U  |        1|   95|   0|    -|    4096|   32|    131072|
    |v164_U  |        1|   95|   0|    -|    4096|   32|    131072|
    |v165_U  |        1|   95|   0|    -|  524288|   32|  16777216|
    +--------+---------+-----+----+-----+--------+-----+----------+
    |Total   |       12| 1382|   0|    0|  948896|  448|  30364672|
    +--------+---------+-----+----+-----+--------+-----+----------+

    * Expression: 
    +----------------------------+----------+----+---+----+------------+------------+
    |        Variable Name       | Operation| DSP| FF| LUT| Bitwidth P0| Bitwidth P1|
    +----------------------------+----------+----+---+----+------------+------------+
    |ap_idle                     |       and|   0|  0|   2|           1|           1|
    |ap_sync_ready               |       and|   0|  0|   2|           1|           1|
    |node11_U0_ap_start          |       and|   0|  0|   2|           1|           1|
    |node12_U0_ap_start          |       and|   0|  0|   2|           1|           1|
    |node13_U0_ap_start          |       and|   0|  0|   2|           1|           1|
    |node1_U0_ap_start           |       and|   0|  0|   2|           1|           1|
    |node3_U0_ap_start           |       and|   0|  0|   2|           1|           1|
    |node4_U0_ap_start           |       and|   0|  0|   2|           1|           1|
    |node6_U0_ap_start           |       and|   0|  0|   2|           1|           1|
    |node7_U0_ap_start           |       and|   0|  0|   2|           1|           1|
    |node9_U0_ap_start           |       and|   0|  0|   2|           1|           1|
    |ap_sync_node11_U0_ap_ready  |        or|   0|  0|   2|           1|           1|
    |ap_sync_node12_U0_ap_ready  |        or|   0|  0|   2|           1|           1|
    |ap_sync_node13_U0_ap_ready  |        or|   0|  0|   2|           1|           1|
    |ap_sync_node1_U0_ap_ready   |        or|   0|  0|   2|           1|           1|
    |ap_sync_node3_U0_ap_ready   |        or|   0|  0|   2|           1|           1|
    |ap_sync_node4_U0_ap_ready   |        or|   0|  0|   2|           1|           1|
    |ap_sync_node6_U0_ap_ready   |        or|   0|  0|   2|           1|           1|
    |ap_sync_node7_U0_ap_ready   |        or|   0|  0|   2|           1|           1|
    |ap_sync_node9_U0_ap_ready   |        or|   0|  0|   2|           1|           1|
    +----------------------------+----------+----+---+----+------------+------------+
    |Total                       |          |   0|  0|  40|          20|          20|
    +----------------------------+----------+----+---+----+------------+------------+

    * Multiplexer: 
    +--------------------------------+----+-----------+-----+-----------+
    |              Name              | LUT| Input Size| Bits| Total Bits|
    +--------------------------------+----+-----------+-----+-----------+
    |ap_sync_reg_node11_U0_ap_ready  |   9|          2|    1|          2|
    |ap_sync_reg_node12_U0_ap_ready  |   9|          2|    1|          2|
    |ap_sync_reg_node13_U0_ap_ready  |   9|          2|    1|          2|
    |ap_sync_reg_node1_U0_ap_ready   |   9|          2|    1|          2|
    |ap_sync_reg_node3_U0_ap_ready   |   9|          2|    1|          2|
    |ap_sync_reg_node4_U0_ap_ready   |   9|          2|    1|          2|
    |ap_sync_reg_node6_U0_ap_ready   |   9|          2|    1|          2|
    |ap_sync_reg_node7_U0_ap_ready   |   9|          2|    1|          2|
    |ap_sync_reg_node9_U0_ap_ready   |   9|          2|    1|          2|
    +--------------------------------+----+-----------+-----+-----------+
    |Total                           |  81|         18|    9|         18|
    +--------------------------------+----+-----------+-----+-----------+

    * Register: 
    +--------------------------------+---+----+-----+-----------+
    |              Name              | FF| LUT| Bits| Const Bits|
    +--------------------------------+---+----+-----+-----------+
    |ap_sync_reg_node11_U0_ap_ready  |  1|   0|    1|          0|
    |ap_sync_reg_node12_U0_ap_ready  |  1|   0|    1|          0|
    |ap_sync_reg_node13_U0_ap_ready  |  1|   0|    1|          0|
    |ap_sync_reg_node1_U0_ap_ready   |  1|   0|    1|          0|
    |ap_sync_reg_node3_U0_ap_ready   |  1|   0|    1|          0|
    |ap_sync_reg_node4_U0_ap_ready   |  1|   0|    1|          0|
    |ap_sync_reg_node6_U0_ap_ready   |  1|   0|    1|          0|
    |ap_sync_reg_node7_U0_ap_ready   |  1|   0|    1|          0|
    |ap_sync_reg_node9_U0_ap_ready   |  1|   0|    1|          0|
    +--------------------------------+---+----+-----+-----------+
    |Total                           |  9|   0|    9|          0|
    +--------------------------------+---+----+-----+-----------+



================================================================
== Interface
================================================================
* Summary: 
+---------------+-----+-----+------------+--------------+--------------+
|   RTL Ports   | Dir | Bits|  Protocol  | Source Object|    C Type    |
+---------------+-----+-----+------------+--------------+--------------+
|v142_address0  |  out|   13|   ap_memory|          v142|         array|
|v142_ce0       |  out|    1|   ap_memory|          v142|         array|
|v142_d0        |  out|   32|   ap_memory|          v142|         array|
|v142_q0        |   in|   32|   ap_memory|          v142|         array|
|v142_we0       |  out|    1|   ap_memory|          v142|         array|
|v142_address1  |  out|   13|   ap_memory|          v142|         array|
|v142_ce1       |  out|    1|   ap_memory|          v142|         array|
|v142_d1        |  out|   32|   ap_memory|          v142|         array|
|v142_q1        |   in|   32|   ap_memory|          v142|         array|
|v142_we1       |  out|    1|   ap_memory|          v142|         array|
|v143_address0  |  out|    9|   ap_memory|          v143|         array|
|v143_ce0       |  out|    1|   ap_memory|          v143|         array|
|v143_d0        |  out|   32|   ap_memory|          v143|         array|
|v143_q0        |   in|   32|   ap_memory|          v143|         array|
|v143_we0       |  out|    1|   ap_memory|          v143|         array|
|v143_address1  |  out|    9|   ap_memory|          v143|         array|
|v143_ce1       |  out|    1|   ap_memory|          v143|         array|
|v143_d1        |  out|   32|   ap_memory|          v143|         array|
|v143_q1        |   in|   32|   ap_memory|          v143|         array|
|v143_we1       |  out|    1|   ap_memory|          v143|         array|
|v144_address0  |  out|   19|   ap_memory|          v144|         array|
|v144_ce0       |  out|    1|   ap_memory|          v144|         array|
|v144_d0        |  out|   32|   ap_memory|          v144|         array|
|v144_q0        |   in|   32|   ap_memory|          v144|         array|
|v144_we0       |  out|    1|   ap_memory|          v144|         array|
|v144_address1  |  out|   19|   ap_memory|          v144|         array|
|v144_ce1       |  out|    1|   ap_memory|          v144|         array|
|v144_d1        |  out|   32|   ap_memory|          v144|         array|
|v144_q1        |   in|   32|   ap_memory|          v144|         array|
|v144_we1       |  out|    1|   ap_memory|          v144|         array|
|v145_address0  |  out|    9|   ap_memory|          v145|         array|
|v145_ce0       |  out|    1|   ap_memory|          v145|         array|
|v145_d0        |  out|   32|   ap_memory|          v145|         array|
|v145_q0        |   in|   32|   ap_memory|          v145|         array|
|v145_we0       |  out|    1|   ap_memory|          v145|         array|
|v145_address1  |  out|    9|   ap_memory|          v145|         array|
|v145_ce1       |  out|    1|   ap_memory|          v145|         array|
|v145_d1        |  out|   32|   ap_memory|          v145|         array|
|v145_q1        |   in|   32|   ap_memory|          v145|         array|
|v145_we1       |  out|    1|   ap_memory|          v145|         array|
|v146_address0  |  out|   18|   ap_memory|          v146|         array|
|v146_ce0       |  out|    1|   ap_memory|          v146|         array|
|v146_d0        |  out|   32|   ap_memory|          v146|         array|
|v146_q0        |   in|   32|   ap_memory|          v146|         array|
|v146_we0       |  out|    1|   ap_memory|          v146|         array|
|v146_address1  |  out|   18|   ap_memory|          v146|         array|
|v146_ce1       |  out|    1|   ap_memory|          v146|         array|
|v146_d1        |  out|   32|   ap_memory|          v146|         array|
|v146_q1        |   in|   32|   ap_memory|          v146|         array|
|v146_we1       |  out|    1|   ap_memory|          v146|         array|
|v147_address0  |  out|    8|   ap_memory|          v147|         array|
|v147_ce0       |  out|    1|   ap_memory|          v147|         array|
|v147_d0        |  out|   32|   ap_memory|          v147|         array|
|v147_q0        |   in|   32|   ap_memory|          v147|         array|
|v147_we0       |  out|    1|   ap_memory|          v147|         array|
|v147_address1  |  out|    8|   ap_memory|          v147|         array|
|v147_ce1       |  out|    1|   ap_memory|          v147|         array|
|v147_d1        |  out|   32|   ap_memory|          v147|         array|
|v147_q1        |   in|   32|   ap_memory|          v147|         array|
|v147_we1       |  out|    1|   ap_memory|          v147|         array|
|v148_address0  |  out|   17|   ap_memory|          v148|         array|
|v148_ce0       |  out|    1|   ap_memory|          v148|         array|
|v148_d0        |  out|   32|   ap_memory|          v148|         array|
|v148_q0        |   in|   32|   ap_memory|          v148|         array|
|v148_we0       |  out|    1|   ap_memory|          v148|         array|
|v148_address1  |  out|   17|   ap_memory|          v148|         array|
|v148_ce1       |  out|    1|   ap_memory|          v148|         array|
|v148_d1        |  out|   32|   ap_memory|          v148|         array|
|v148_q1        |   in|   32|   ap_memory|          v148|         array|
|v148_we1       |  out|    1|   ap_memory|          v148|         array|
|v149_address0  |  out|    4|   ap_memory|          v149|         array|
|v149_ce0       |  out|    1|   ap_memory|          v149|         array|
|v149_d0        |  out|   32|   ap_memory|          v149|         array|
|v149_q0        |   in|   32|   ap_memory|          v149|         array|
|v149_we0       |  out|    1|   ap_memory|          v149|         array|
|v149_address1  |  out|    4|   ap_memory|          v149|         array|
|v149_ce1       |  out|    1|   ap_memory|          v149|         array|
|v149_d1        |  out|   32|   ap_memory|          v149|         array|
|v149_q1        |   in|   32|   ap_memory|          v149|         array|
|v149_we1       |  out|    1|   ap_memory|          v149|         array|
|v150_address0  |  out|   12|   ap_memory|          v150|         array|
|v150_ce0       |  out|    1|   ap_memory|          v150|         array|
|v150_d0        |  out|   32|   ap_memory|          v150|         array|
|v150_q0        |   in|   32|   ap_memory|          v150|         array|
|v150_we0       |  out|    1|   ap_memory|          v150|         array|
|v150_address1  |  out|   12|   ap_memory|          v150|         array|
|v150_ce1       |  out|    1|   ap_memory|          v150|         array|
|v150_d1        |  out|   32|   ap_memory|          v150|         array|
|v150_q1        |   in|   32|   ap_memory|          v150|         array|
|v150_we1       |  out|    1|   ap_memory|          v150|         array|
|v151_address0  |  out|    7|   ap_memory|          v151|         array|
|v151_ce0       |  out|    1|   ap_memory|          v151|         array|
|v151_d0        |  out|   32|   ap_memory|          v151|         array|
|v151_q0        |   in|   32|   ap_memory|          v151|         array|
|v151_we0       |  out|    1|   ap_memory|          v151|         array|
|v151_address1  |  out|    7|   ap_memory|          v151|         array|
|v151_ce1       |  out|    1|   ap_memory|          v151|         array|
|v151_d1        |  out|   32|   ap_memory|          v151|         array|
|v151_q1        |   in|   32|   ap_memory|          v151|         array|
|v151_we1       |  out|    1|   ap_memory|          v151|         array|
|ap_clk         |   in|    1|  ap_ctrl_hs|       forward|  return value|
|ap_rst         |   in|    1|  ap_ctrl_hs|       forward|  return value|
|ap_start       |   in|    1|  ap_ctrl_hs|       forward|  return value|
|ap_done        |  out|    1|  ap_ctrl_hs|       forward|  return value|
|ap_ready       |  out|    1|  ap_ctrl_hs|       forward|  return value|
|ap_idle        |  out|    1|  ap_ctrl_hs|       forward|  return value|
+---------------+-----+-----+------------+--------------+--------------+

