

================================================================
== Vitis HLS Report for 'node8'
================================================================
* Date:           Wed Sep 25 12:54:19 2024

* Version:        2023.2 (Build 4023990 on Oct 11 2023)
* Project:        hls_ResMLP
* Solution:       solution1 (Vivado IP Flow Target)
* Product family: virtexuplusHBM
* Target device:  xcu280-fsvh2892-2L-e


================================================================
== Performance Estimates
================================================================
+ Timing: 
    * Summary: 
    +--------+---------+----------+------------+
    |  Clock |  Target | Estimated| Uncertainty|
    +--------+---------+----------+------------+
    |ap_clk  |  3.33 ns|  2.697 ns|     0.90 ns|
    +--------+---------+----------+------------+

+ Latency: 
    * Summary: 
    +---------+---------+-----------+-----------+---------+---------+---------+
    |  Latency (cycles) |   Latency (absolute)  |      Interval     | Pipeline|
    |   min   |   max   |    min    |    max    |   min   |   max   |   Type  |
    +---------+---------+-----------+-----------+---------+---------+---------+
    |  8388621|  8388621|  27.934 ms|  27.934 ms|  8388621|  8388621|       no|
    +---------+---------+-----------+-----------+---------+---------+---------+

    + Detail: 
        * Instance: 
        N/A

        * Loop: 
        +------------------------+---------+---------+----------+-----------+-----------+---------+----------+
        |                        |  Latency (cycles) | Iteration|  Initiation Interval  |   Trip  |          |
        |        Loop Name       |   min   |   max   |  Latency |  achieved |   target  |  Count  | Pipelined|
        +------------------------+---------+---------+----------+-----------+-----------+---------+----------+
        |- loop18_loop19_loop20  |  8388619|  8388619|        16|          4|          1|  2097152|       yes|
        +------------------------+---------+---------+----------+-----------+-----------+---------+----------+



================================================================
== Utilization Estimates
================================================================
* Summary: 
+---------------------+---------+------+---------+---------+-----+
|         Name        | BRAM_18K|  DSP |    FF   |   LUT   | URAM|
+---------------------+---------+------+---------+---------+-----+
|DSP                  |        -|     -|        -|        -|    -|
|Expression           |        -|     -|        0|      444|    -|
|FIFO                 |        -|     -|        -|        -|    -|
|Instance             |        -|     3|      386|      416|    -|
|Memory               |      512|     -|        0|        0|    2|
|Multiplexer          |        -|     -|        -|      235|    -|
|Register             |        -|     -|      706|      160|    -|
+---------------------+---------+------+---------+---------+-----+
|Total                |      512|     3|     1092|     1255|    2|
+---------------------+---------+------+---------+---------+-----+
|Available SLR        |     1344|  3008|   869120|   434560|  320|
+---------------------+---------+------+---------+---------+-----+
|Utilization SLR (%)  |       38|    ~0|       ~0|       ~0|   ~0|
+---------------------+---------+------+---------+---------+-----+
|Available            |     4032|  9024|  2607360|  1303680|  960|
+---------------------+---------+------+---------+---------+-----+
|Utilization (%)      |       12|    ~0|       ~0|       ~0|   ~0|
+---------------------+---------+------+---------+---------+-----+

+ Detail: 
    * Instance: 
    +-----------------------------------+-------------------------------+---------+----+-----+-----+-----+
    |              Instance             |             Module            | BRAM_18K| DSP|  FF | LUT | URAM|
    +-----------------------------------+-------------------------------+---------+----+-----+-----+-----+
    |fadd_32ns_32ns_32_5_no_dsp_1_U24   |fadd_32ns_32ns_32_5_no_dsp_1   |        0|   0|  243|  338|    0|
    |fmul_32ns_32ns_32_4_max_dsp_1_U25  |fmul_32ns_32ns_32_4_max_dsp_1  |        0|   3|  143|   78|    0|
    +-----------------------------------+-------------------------------+---------+----+-----+-----+-----+
    |Total                              |                               |        0|   3|  386|  416|    0|
    +-----------------------------------+-------------------------------+---------+----+-----+-----+-----+

    * DSP: 
    N/A

    * Memory: 
    +-------+-------------------------+---------+---+----+-----+--------+-----+------+-------------+
    | Memory|          Module         | BRAM_18K| FF| LUT| URAM|  Words | Bits| Banks| W*Bits*Banks|
    +-------+-------------------------+---------+---+----+-----+--------+-----+------+-------------+
    |v85_U  |node8_v85_RAM_AUTO_1R1W  |        0|  0|   0|    1|    4096|   32|     1|       131072|
    |v87_U  |node8_v85_RAM_AUTO_1R1W  |        0|  0|   0|    1|    4096|   32|     1|       131072|
    |v86_U  |node8_v86_RAM_AUTO_1R1W  |      512|  0|   0|    0|  262144|   32|     1|      8388608|
    +-------+-------------------------+---------+---+----+-----+--------+-----+------+-------------+
    |Total  |                         |      512|  0|   0|    2|  270336|   96|     3|      8650752|
    +-------+-------------------------+---------+---+----+-----+--------+-----+------+-------------+

    * FIFO: 
    N/A

    * Expression: 
    +-----------------------------------+----------+----+---+----+------------+------------+
    |           Variable Name           | Operation| DSP| FF| LUT| Bitwidth P0| Bitwidth P1|
    +-----------------------------------+----------+----+---+----+------------+------------+
    |add_ln213_1_fu_218_p2              |         +|   0|  0|  29|          22|           1|
    |add_ln213_fu_233_p2                |         +|   0|  0|  12|           4|           1|
    |add_ln214_1_fu_315_p2              |         +|   0|  0|  27|          20|           1|
    |add_ln214_fu_289_p2                |         +|   0|  0|  17|          10|           1|
    |add_ln215_fu_397_p2                |         +|   0|  0|  17|          10|           1|
    |add_ln220_fu_442_p2                |         +|   0|  0|  19|          12|          12|
    |add_ln225_fu_375_p2                |         +|   0|  0|  25|          18|          18|
    |empty_7_fu_428_p2                  |         +|   0|  0|  19|          12|          12|
    |and_ln213_fu_271_p2                |       and|   0|  0|   2|           1|           1|
    |ap_block_pp0_stage1_11001          |       and|   0|  0|   2|           1|           1|
    |ap_block_pp0_stage2_11001          |       and|   0|  0|   2|           1|           1|
    |ap_block_pp0_stage3_01001          |       and|   0|  0|   2|           1|           1|
    |ap_block_state16_pp0_stage3_iter3  |       and|   0|  0|   2|           1|           1|
    |ap_block_state2_pp0_stage1_iter0   |       and|   0|  0|   2|           1|           1|
    |ap_block_state3_pp0_stage2_iter0   |       and|   0|  0|   2|           1|           1|
    |ap_condition_302                   |       and|   0|  0|   2|           1|           1|
    |ap_condition_585                   |       and|   0|  0|   2|           1|           1|
    |ap_condition_595                   |       and|   0|  0|   2|           1|           1|
    |ap_condition_599                   |       and|   0|  0|   2|           1|           1|
    |ap_predicate_op77_read_state2      |       and|   0|  0|   2|           1|           1|
    |ap_predicate_op88_read_state3      |       and|   0|  0|   2|           1|           1|
    |cmp16_fu_309_p2                    |      icmp|   0|  0|  12|           4|           1|
    |cmp9_fu_362_p2                     |      icmp|   0|  0|  17|          10|           1|
    |icmp_ln213_fu_212_p2               |      icmp|   0|  0|  30|          22|          23|
    |icmp_ln214_fu_239_p2               |      icmp|   0|  0|  27|          20|          19|
    |icmp_ln215_1_fu_403_p2             |      icmp|   0|  0|  18|          10|          11|
    |icmp_ln215_fu_265_p2               |      icmp|   0|  0|  18|          10|          11|
    |icmp_ln228_fu_457_p2               |      icmp|   0|  0|  17|          10|           1|
    |icmp_ln235_fu_391_p2               |      icmp|   0|  0|  16|           9|           2|
    |ap_block_pp0_stage0_11001          |        or|   0|  0|   2|           1|           1|
    |or_ln213_fu_253_p2                 |        or|   0|  0|   2|           1|           1|
    |or_ln214_1_fu_344_p2               |        or|   0|  0|   2|           1|           1|
    |or_ln214_fu_295_p2                 |        or|   0|  0|   2|           1|           1|
    |grp_fu_173_p0                      |    select|   0|  0|  32|           1|           1|
    |select_ln213_1_fu_277_p3           |    select|   0|  0|   4|           1|           4|
    |select_ln213_fu_245_p3             |    select|   0|  0|  10|           1|           1|
    |select_ln214_1_fu_301_p3           |    select|   0|  0|  10|           1|          10|
    |select_ln214_2_fu_321_p3           |    select|   0|  0|  20|           1|           1|
    |select_ln214_fu_348_p3             |    select|   0|  0|  10|           1|           1|
    |ap_enable_pp0                      |       xor|   0|  0|   2|           1|           2|
    |xor_ln213_fu_259_p2                |       xor|   0|  0|   2|           1|           2|
    +-----------------------------------+----------+----+---+----+------------+------------+
    |Total                              |          |   0|  0| 444|         228|         155|
    +-----------------------------------+----------+----+---+----+------------+------------+

    * Multiplexer: 
    +----------------------------------------+----+-----------+-----+-----------+
    |                  Name                  | LUT| Input Size| Bits| Total Bits|
    +----------------------------------------+----+-----------+-----+-----------+
    |ap_NS_fsm                               |  26|          5|    1|          5|
    |ap_done_int                             |   9|          2|    1|          2|
    |ap_enable_reg_pp0_iter0                 |   9|          2|    1|          2|
    |ap_enable_reg_pp0_iter1                 |   9|          2|    1|          2|
    |ap_sig_allocacmp_indvar_flatten14_load  |   9|          2|   22|         44|
    |ap_sig_allocacmp_indvar_flatten_load    |   9|          2|   20|         40|
    |ap_sig_allocacmp_p_load                 |  14|          3|   32|         96|
    |ap_sig_allocacmp_v88_load               |   9|          2|    4|          8|
    |ap_sig_allocacmp_v89_load               |   9|          2|   10|         20|
    |ap_sig_allocacmp_v90_load               |   9|          2|   10|         20|
    |empty_fu_92                             |   9|          2|   32|         64|
    |indvar_flatten14_fu_88                  |   9|          2|   22|         44|
    |indvar_flatten_fu_80                    |   9|          2|   20|         40|
    |v159_blk_n                              |   9|          2|    1|          2|
    |v160_blk_n                              |   9|          2|    1|          2|
    |v161_blk_n                              |   9|          2|    1|          2|
    |v85_address0                            |  14|          3|   12|         36|
    |v86_address0                            |  14|          3|   18|         54|
    |v87_address0                            |  14|          3|   12|         36|
    |v88_fu_84                               |   9|          2|    4|          8|
    |v89_fu_76                               |   9|          2|   10|         20|
    |v90_fu_72                               |   9|          2|   10|         20|
    +----------------------------------------+----+-----------+-----+-----------+
    |Total                                   | 235|         51|  245|        567|
    +----------------------------------------+----+-----------+-----+-----------+

    * Register: 
    +----------------------------------+----+----+-----+-----------+
    |               Name               | FF | LUT| Bits| Const Bits|
    +----------------------------------+----+----+-----+-----------+
    |and_ln213_reg_542                 |   1|   0|    1|          0|
    |ap_CS_fsm                         |   4|   0|    4|          0|
    |ap_done_reg                       |   1|   0|    1|          0|
    |ap_enable_reg_pp0_iter0_reg       |   1|   0|    1|          0|
    |ap_enable_reg_pp0_iter1           |   1|   0|    1|          0|
    |ap_enable_reg_pp0_iter2           |   1|   0|    1|          0|
    |ap_enable_reg_pp0_iter3           |   1|   0|    1|          0|
    |ap_loop_exit_ready_pp0_iter1_reg  |   1|   0|    1|          0|
    |ap_loop_exit_ready_pp0_iter2_reg  |   1|   0|    1|          0|
    |cmp16_reg_564                     |   1|   0|    1|          0|
    |cmp9_reg_574                      |   1|   0|    1|          0|
    |empty_fu_92                       |  32|   0|   32|          0|
    |icmp_ln213_reg_528                |   1|   0|    1|          0|
    |icmp_ln214_reg_537                |   1|   0|    1|          0|
    |icmp_ln215_1_reg_587              |   1|   0|    1|          0|
    |icmp_ln228_reg_611                |   1|   0|    1|          0|
    |icmp_ln228_reg_611_pp0_iter1_reg  |   1|   0|    1|          0|
    |icmp_ln235_reg_583                |   1|   0|    1|          0|
    |indvar_flatten14_fu_88            |  22|   0|   22|          0|
    |indvar_flatten_fu_80              |  20|   0|   20|          0|
    |or_ln214_reg_552                  |   1|   0|    1|          0|
    |select_ln214_1_reg_556            |  10|   0|   10|          0|
    |select_ln214_reg_568              |  10|   0|   10|          0|
    |trunc_ln214_reg_547               |   3|   0|    3|          0|
    |v161_read_reg_591                 |  32|   0|   32|          0|
    |v85_addr_reg_596                  |  12|   0|   12|          0|
    |v85_load_reg_621                  |  32|   0|   32|          0|
    |v86_addr_reg_578                  |  18|   0|   18|          0|
    |v87_addr_reg_601                  |  12|   0|   12|          0|
    |v88_fu_84                         |   4|   0|    4|          0|
    |v89_fu_76                         |  10|   0|   10|          0|
    |v90_fu_72                         |  10|   0|   10|          0|
    |v90_load_reg_532                  |  10|   0|   10|          0|
    |v92_reg_616                       |  32|   0|   32|          0|
    |v94_reg_606                       |  32|   0|   32|          0|
    |v96_reg_626                       |  32|   0|   32|          0|
    |v97_reg_636                       |  32|   0|   32|          0|
    |icmp_ln213_reg_528                |  64|  32|    1|          0|
    |icmp_ln215_1_reg_587              |  64|  32|    1|          0|
    |icmp_ln235_reg_583                |  64|  32|    1|          0|
    |or_ln214_reg_552                  |  64|  32|    1|          0|
    |v85_addr_reg_596                  |  64|  32|   12|          0|
    +----------------------------------+----+----+-----+-----------+
    |Total                             | 706| 160|  402|          0|
    +----------------------------------+----+----+-----+-----------+



================================================================
== Interface
================================================================
* Summary: 
+---------------------+-----+-----+------------+--------------+--------------+
|      RTL Ports      | Dir | Bits|  Protocol  | Source Object|    C Type    |
+---------------------+-----+-----+------------+--------------+--------------+
|ap_clk               |   in|    1|  ap_ctrl_hs|         node8|  return value|
|ap_rst               |   in|    1|  ap_ctrl_hs|         node8|  return value|
|ap_start             |   in|    1|  ap_ctrl_hs|         node8|  return value|
|ap_done              |  out|    1|  ap_ctrl_hs|         node8|  return value|
|ap_continue          |   in|    1|  ap_ctrl_hs|         node8|  return value|
|ap_idle              |  out|    1|  ap_ctrl_hs|         node8|  return value|
|ap_ready             |  out|    1|  ap_ctrl_hs|         node8|  return value|
|v159_din             |  out|   32|     ap_fifo|          v159|       pointer|
|v159_num_data_valid  |   in|   13|     ap_fifo|          v159|       pointer|
|v159_fifo_cap        |   in|   13|     ap_fifo|          v159|       pointer|
|v159_full_n          |   in|    1|     ap_fifo|          v159|       pointer|
|v159_write           |  out|    1|     ap_fifo|          v159|       pointer|
|v160_dout            |   in|   32|     ap_fifo|          v160|       pointer|
|v160_num_data_valid  |   in|   19|     ap_fifo|          v160|       pointer|
|v160_fifo_cap        |   in|   19|     ap_fifo|          v160|       pointer|
|v160_empty_n         |   in|    1|     ap_fifo|          v160|       pointer|
|v160_read            |  out|    1|     ap_fifo|          v160|       pointer|
|v161_dout            |   in|   32|     ap_fifo|          v161|       pointer|
|v161_num_data_valid  |   in|   13|     ap_fifo|          v161|       pointer|
|v161_fifo_cap        |   in|   13|     ap_fifo|          v161|       pointer|
|v161_empty_n         |   in|    1|     ap_fifo|          v161|       pointer|
|v161_read            |  out|    1|     ap_fifo|          v161|       pointer|
+---------------------+-----+-----+------------+--------------+--------------+

