

================================================================
== Vitis HLS Report for 'node1'
================================================================
* Date:           Wed Sep 25 12:54:19 2024

* Version:        2023.2 (Build 4023990 on Oct 11 2023)
* Project:        hls_ResMLP
* Solution:       solution1 (Vivado IP Flow Target)
* Product family: virtexuplusHBM
* Target device:  xcu280-fsvh2892-2L-e


================================================================
== Performance Estimates
================================================================
+ Timing: 
    * Summary: 
    +--------+---------+----------+------------+
    |  Clock |  Target | Estimated| Uncertainty|
    +--------+---------+----------+------------+
    |ap_clk  |  3.33 ns|  2.541 ns|     0.90 ns|
    +--------+---------+----------+------------+

+ Latency: 
    * Summary: 
    +---------+---------+----------+----------+-----+-----+---------+
    |  Latency (cycles) |  Latency (absolute) |  Interval | Pipeline|
    |   min   |   max   |    min   |    max   | min | max |   Type  |
    +---------+---------+----------+----------+-----+-----+---------+
    |       90|       90|  0.300 us|  0.300 us|   90|   90|       no|
    +---------+---------+----------+----------+-----+-----+---------+

    + Detail: 
        * Instance: 
        N/A

        * Loop: 
        +---------------+---------+---------+----------+-----------+-----------+------+----------+
        |               |  Latency (cycles) | Iteration|  Initiation Interval  | Trip |          |
        |   Loop Name   |   min   |   max   |  Latency |  achieved |   target  | Count| Pipelined|
        +---------------+---------+---------+----------+-----------+-----------+------+----------+
        |- loop2_loop3  |       88|       88|        10|          1|          1|    80|       yes|
        +---------------+---------+---------+----------+-----------+-----------+------+----------+



================================================================
== Utilization Estimates
================================================================
* Summary: 
+---------------------+---------+------+---------+---------+-----+
|         Name        | BRAM_18K|  DSP |    FF   |   LUT   | URAM|
+---------------------+---------+------+---------+---------+-----+
|DSP                  |        -|     -|        -|        -|    -|
|Expression           |        -|     -|        0|       62|    -|
|FIFO                 |        -|     -|        -|        -|    -|
|Instance             |        -|     2|      318|      198|    -|
|Memory               |        -|     -|        -|        -|    -|
|Multiplexer          |        -|     -|        -|       81|    -|
|Register             |        -|     -|      127|        -|    -|
+---------------------+---------+------+---------+---------+-----+
|Total                |        0|     2|      445|      341|    0|
+---------------------+---------+------+---------+---------+-----+
|Available SLR        |     1344|  3008|   869120|   434560|  320|
+---------------------+---------+------+---------+---------+-----+
|Utilization SLR (%)  |        0|    ~0|       ~0|       ~0|    0|
+---------------------+---------+------+---------+---------+-----+
|Available            |     4032|  9024|  2607360|  1303680|  960|
+---------------------+---------+------+---------+---------+-----+
|Utilization (%)      |        0|    ~0|       ~0|       ~0|    0|
+---------------------+---------+------+---------+---------+-----+

+ Detail: 
    * Instance: 
    +------------------------------------+--------------------------------+---------+----+-----+-----+-----+
    |              Instance              |             Module             | BRAM_18K| DSP|  FF | LUT | URAM|
    +------------------------------------+--------------------------------+---------+----+-----+-----+-----+
    |fadd_32ns_32ns_32_7_full_dsp_1_U60  |fadd_32ns_32ns_32_7_full_dsp_1  |        0|   2|  318|  198|    0|
    +------------------------------------+--------------------------------+---------+----+-----+-----+-----+
    |Total                               |                                |        0|   2|  318|  198|    0|
    +------------------------------------+--------------------------------+---------+----+-----+-----+-----+

    * DSP: 
    N/A

    * Memory: 
    N/A

    * FIFO: 
    N/A

    * Expression: 
    +---------------------------+----------+----+---+----+------------+------------+
    |       Variable Name       | Operation| DSP| FF| LUT| Bitwidth P0| Bitwidth P1|
    +---------------------------+----------+----+---+----+------------+------------+
    |add_ln37_fu_105_p2         |         +|   0|  0|  14|           7|           1|
    |add_ln38_fu_133_p2         |         +|   0|  0|  12|           4|           1|
    |ap_condition_176           |       and|   0|  0|   2|           1|           1|
    |icmp_ln37_fu_99_p2         |      icmp|   0|  0|  14|           7|           7|
    |icmp_ln38_fu_114_p2        |      icmp|   0|  0|  12|           4|           4|
    |ap_block_pp0_stage0_01001  |        or|   0|  0|   2|           1|           1|
    |select_ln37_fu_120_p3      |    select|   0|  0|   4|           1|           1|
    |ap_enable_pp0              |       xor|   0|  0|   2|           1|           2|
    +---------------------------+----------+----+---+----+------------+------------+
    |Total                      |          |   0|  0|  62|          26|          18|
    +---------------------------+----------+----+---+----+------------+------------+

    * Multiplexer: 
    +--------------------------------------+----+-----------+-----+-----------+
    |                 Name                 | LUT| Input Size| Bits| Total Bits|
    +--------------------------------------+----+-----------+-----+-----------+
    |ap_done_int                           |   9|          2|    1|          2|
    |ap_enable_reg_pp0_iter1               |   9|          2|    1|          2|
    |ap_sig_allocacmp_indvar_flatten_load  |   9|          2|    7|         14|
    |ap_sig_allocacmp_v9_load              |   9|          2|    4|          8|
    |indvar_flatten_fu_52                  |   9|          2|    7|         14|
    |real_start                            |   9|          2|    1|          2|
    |v152_blk_n                            |   9|          2|    1|          2|
    |v153_blk_n                            |   9|          2|    1|          2|
    |v9_fu_48                              |   9|          2|    4|          8|
    +--------------------------------------+----+-----------+-----+-----------+
    |Total                                 |  81|         18|   27|         54|
    +--------------------------------------+----+-----------+-----+-----------+

    * Register: 
    +----------------------------------+----+----+-----+-----------+
    |               Name               | FF | LUT| Bits| Const Bits|
    +----------------------------------+----+----+-----+-----------+
    |ap_CS_fsm                         |   1|   0|    1|          0|
    |ap_done_reg                       |   1|   0|    1|          0|
    |ap_enable_reg_pp0_iter1           |   1|   0|    1|          0|
    |ap_enable_reg_pp0_iter2           |   1|   0|    1|          0|
    |ap_enable_reg_pp0_iter3           |   1|   0|    1|          0|
    |ap_enable_reg_pp0_iter4           |   1|   0|    1|          0|
    |ap_enable_reg_pp0_iter5           |   1|   0|    1|          0|
    |ap_enable_reg_pp0_iter6           |   1|   0|    1|          0|
    |ap_enable_reg_pp0_iter7           |   1|   0|    1|          0|
    |ap_enable_reg_pp0_iter8           |   1|   0|    1|          0|
    |ap_enable_reg_pp0_iter9           |   1|   0|    1|          0|
    |ap_loop_exit_ready_pp0_iter1_reg  |   1|   0|    1|          0|
    |ap_loop_exit_ready_pp0_iter2_reg  |   1|   0|    1|          0|
    |ap_loop_exit_ready_pp0_iter3_reg  |   1|   0|    1|          0|
    |ap_loop_exit_ready_pp0_iter4_reg  |   1|   0|    1|          0|
    |ap_loop_exit_ready_pp0_iter5_reg  |   1|   0|    1|          0|
    |ap_loop_exit_ready_pp0_iter6_reg  |   1|   0|    1|          0|
    |ap_loop_exit_ready_pp0_iter7_reg  |   1|   0|    1|          0|
    |ap_loop_exit_ready_pp0_iter8_reg  |   1|   0|    1|          0|
    |indvar_flatten_fu_52              |   7|   0|    7|          0|
    |start_once_reg                    |   1|   0|    1|          0|
    |v12_reg_204                       |  32|   0|   32|          0|
    |v149_load_reg_189                 |  32|   0|   32|          0|
    |v153_read_reg_184                 |  32|   0|   32|          0|
    |v9_fu_48                          |   4|   0|    4|          0|
    +----------------------------------+----+----+-----+-----------+
    |Total                             | 127|   0|  127|          0|
    +----------------------------------+----+----+-----+-----------+



================================================================
== Interface
================================================================
* Summary: 
+---------------------+-----+-----+------------+--------------+--------------+
|      RTL Ports      | Dir | Bits|  Protocol  | Source Object|    C Type    |
+---------------------+-----+-----+------------+--------------+--------------+
|ap_clk               |   in|    1|  ap_ctrl_hs|         node1|  return value|
|ap_rst               |   in|    1|  ap_ctrl_hs|         node1|  return value|
|ap_start             |   in|    1|  ap_ctrl_hs|         node1|  return value|
|start_full_n         |   in|    1|  ap_ctrl_hs|         node1|  return value|
|ap_done              |  out|    1|  ap_ctrl_hs|         node1|  return value|
|ap_continue          |   in|    1|  ap_ctrl_hs|         node1|  return value|
|ap_idle              |  out|    1|  ap_ctrl_hs|         node1|  return value|
|ap_ready             |  out|    1|  ap_ctrl_hs|         node1|  return value|
|start_out            |  out|    1|  ap_ctrl_hs|         node1|  return value|
|start_write          |  out|    1|  ap_ctrl_hs|         node1|  return value|
|v153_dout            |   in|   32|     ap_fifo|          v153|       pointer|
|v153_num_data_valid  |   in|    8|     ap_fifo|          v153|       pointer|
|v153_fifo_cap        |   in|    8|     ap_fifo|          v153|       pointer|
|v153_empty_n         |   in|    1|     ap_fifo|          v153|       pointer|
|v153_read            |  out|    1|     ap_fifo|          v153|       pointer|
|v152_din             |  out|   32|     ap_fifo|          v152|       pointer|
|v152_num_data_valid  |   in|    8|     ap_fifo|          v152|       pointer|
|v152_fifo_cap        |   in|    8|     ap_fifo|          v152|       pointer|
|v152_full_n          |   in|    1|     ap_fifo|          v152|       pointer|
|v152_write           |  out|    1|     ap_fifo|          v152|       pointer|
|v149_address0        |  out|    4|   ap_memory|          v149|         array|
|v149_ce0             |  out|    1|   ap_memory|          v149|         array|
|v149_q0              |   in|   32|   ap_memory|          v149|         array|
+---------------------+-----+-----+------------+--------------+--------------+

