

================================================================
== Vitis HLS Report for 'forward'
================================================================
* Date:           Wed Sep 25 12:53:45 2024

* Version:        2023.2 (Build 4023990 on Oct 11 2023)
* Project:        hls_Autoencoder
* Solution:       solution1 (Vivado IP Flow Target)
* Product family: virtexuplusHBM
* Target device:  xcu280-fsvh2892-2L-e


================================================================
== Performance Estimates
================================================================
+ Timing: 
    * Summary: 
    +--------+---------+----------+------------+
    |  Clock |  Target | Estimated| Uncertainty|
    +--------+---------+----------+------------+
    |ap_clk  |  3.33 ns|  2.697 ns|     0.90 ns|
    +--------+---------+----------+------------+

+ Latency: 
    * Summary: 
    +----------+----------+-----------+-----------+----------+----------+----------+
    |   Latency (cycles)  |   Latency (absolute)  |       Interval      | Pipeline |
    |    min   |    max   |    min    |    max    |    min   |    max   |   Type   |
    +----------+----------+-----------+-----------+----------+----------+----------+
    |  25690296|  25690296|  85.549 ms|  85.549 ms|  25690126|  25690126|  dataflow|
    +----------+----------+-----------+-----------+----------+----------+----------+

    + Detail: 
        * Instance: 
        +-----------+--------+----------+----------+-----------+-----------+----------+----------+---------+
        |           |        |   Latency (cycles)  |   Latency (absolute)  |       Interval      | Pipeline|
        |  Instance | Module |    min   |    max   |    min    |    max    |    min   |    max   |   Type  |
        +-----------+--------+----------+----------+-----------+-----------+----------+----------+---------+
        |node18_U0  |node18  |    200710|    200710|   0.668 ms|   0.668 ms|    200710|    200710|       no|
        |node15_U0  |node15  |     32772|     32772|   0.109 ms|   0.109 ms|     32772|     32772|       no|
        |node12_U0  |node12  |      8196|      8196|  27.293 us|  27.293 us|      8196|      8196|       no|
        |node9_U0   |node9   |      8196|      8196|  27.293 us|  27.293 us|      8196|      8196|       no|
        |node6_U0   |node6   |     32772|     32772|   0.109 ms|   0.109 ms|     32772|     32772|       no|
        |node3_U0   |node3   |    200708|    200708|   0.668 ms|   0.668 ms|    200708|    200708|       no|
        |node17_U0  |node17  |  25690123|  25690123|  85.548 ms|  85.548 ms|  25690123|  25690123|       no|
        |node16_U0  |node16  |      8204|      8204|  27.319 us|  27.319 us|      8204|      8204|       no|
        |node14_U0  |node14  |   4194316|   4194316|  13.967 ms|  13.967 ms|   4194316|   4194316|       no|
        |node13_U0  |node13  |      4108|      4108|  13.680 us|  13.680 us|      4108|      4108|       no|
        |node11_U0  |node11  |   1048589|   1048589|   3.492 ms|   3.492 ms|   1048589|   1048589|       no|
        |node10_U0  |node10  |      2058|      2058|   6.853 us|   6.853 us|      2058|      2058|       no|
        |node8_U0   |node8   |   1048588|   1048588|   3.492 ms|   3.492 ms|   1048588|   1048588|       no|
        |node7_U0   |node7   |      4108|      4108|  13.680 us|  13.680 us|      4108|      4108|       no|
        |node5_U0   |node5   |   4194317|   4194317|  13.967 ms|  13.967 ms|   4194317|   4194317|       no|
        |node4_U0   |node4   |      8204|      8204|  27.319 us|  27.319 us|      8204|      8204|       no|
        |node2_U0   |node2   |  25690125|  25690125|  85.548 ms|  85.548 ms|  25690125|  25690125|       no|
        |node1_U0   |node1   |     25134|     25134|  83.696 us|  83.696 us|     25134|     25134|       no|
        |node0_U0   |node0   |     25092|     25092|  83.556 us|  83.556 us|     25092|     25092|       no|
        +-----------+--------+----------+----------+-----------+-----------+----------+----------+---------+

        * Loop: 
        N/A



================================================================
== Utilization Estimates
================================================================
* Summary: 
+---------------------+---------+------+---------+---------+-----+
|         Name        | BRAM_18K|  DSP |    FF   |   LUT   | URAM|
+---------------------+---------+------+---------+---------+-----+
|DSP                  |        -|     -|        -|        -|    -|
|Expression           |        -|     -|        0|       56|    -|
|FIFO                 |       18|     -|     1710|     1404|    -|
|Instance             |     1065|    52|    11074|    12252|    4|
|Memory               |        -|     -|        -|        -|    -|
|Multiplexer          |        -|     -|        -|      117|    -|
|Register             |        -|     -|       13|        -|    -|
+---------------------+---------+------+---------+---------+-----+
|Total                |     1083|    52|    12797|    13829|    4|
+---------------------+---------+------+---------+---------+-----+
|Available SLR        |     1344|  3008|   869120|   434560|  320|
+---------------------+---------+------+---------+---------+-----+
|Utilization SLR (%)  |       80|     1|        1|        3|    1|
+---------------------+---------+------+---------+---------+-----+
|Available            |     4032|  9024|  2607360|  1303680|  960|
+---------------------+---------+------+---------+---------+-----+
|Utilization (%)      |       26|    ~0|       ~0|        1|   ~0|
+---------------------+---------+------+---------+---------+-----+

+ Detail: 
    * Instance: 
    +-----------+--------+---------+----+------+------+-----+
    |  Instance | Module | BRAM_18K| DSP|  FF  |  LUT | URAM|
    +-----------+--------+---------+----+------+------+-----+
    |node0_U0   |node0   |        0|   1|    90|   194|    0|
    |node1_U0   |node1   |        0|  19|  1579|  1467|    0|
    |node10_U0  |node10  |        0|   2|   453|   360|    0|
    |node11_U0  |node11  |       20|   3|  1070|  1208|    1|
    |node12_U0  |node12  |        0|   0|    81|   210|    0|
    |node13_U0  |node13  |        0|   2|   523|   399|    0|
    |node14_U0  |node14  |       80|   3|  1051|  1257|    1|
    |node15_U0  |node15  |        0|   0|    87|   221|    0|
    |node16_U0  |node16  |        0|   2|   525|   404|    0|
    |node17_U0  |node17  |      408|   4|   996|  1196|    0|
    |node18_U0  |node18  |        0|   1|   102|   206|    0|
    |node2_U0   |node2   |      457|   5|  1088|  1206|    0|
    |node3_U0   |node3   |        0|   0|    94|   231|    0|
    |node4_U0   |node4   |        0|   2|   525|   404|    0|
    |node5_U0   |node5   |       80|   3|  1082|  1230|    1|
    |node6_U0   |node6   |        0|   0|    87|   220|    0|
    |node7_U0   |node7   |        0|   2|   523|   399|    0|
    |node8_U0   |node8   |       20|   3|  1037|  1231|    1|
    |node9_U0   |node9   |        0|   0|    81|   209|    0|
    +-----------+--------+---------+----+------+------+-----+
    |Total      |        |     1065|  52| 11074| 12252|    4|
    +-----------+--------+---------+----+------+------+-----+

    * DSP: 
    N/A

    * Memory: 
    N/A

    * FIFO: 
    +--------+---------+----+----+-----+--------+-----+---------+
    |  Name  | BRAM_18K| FF | LUT| URAM|  Depth | Bits| Size:D*B|
    +--------+---------+----+----+-----+--------+-----+---------+
    |v220_U  |        1|  95|   0|    -|   25088|   32|   802816|
    |v221_U  |        1|  95|   0|    -|   25088|   32|   802816|
    |v222_U  |        1|  95|   0|    -|  200704|   32|  6422528|
    |v223_U  |        1|  95|   0|    -|    8192|   32|   262144|
    |v224_U  |        1|  95|   0|    -|    8192|   32|   262144|
    |v225_U  |        1|  95|   0|    -|   32768|   32|  1048576|
    |v226_U  |        1|  95|   0|    -|    4096|   32|   131072|
    |v227_U  |        1|  95|   0|    -|    4096|   32|   131072|
    |v228_U  |        1|  95|   0|    -|    8192|   32|   262144|
    |v229_U  |        1|  95|   0|    -|    2048|   32|    65536|
    |v230_U  |        1|  95|   0|    -|    2048|   32|    65536|
    |v231_U  |        1|  95|   0|    -|    8192|   32|   262144|
    |v232_U  |        1|  95|   0|    -|    4096|   32|   131072|
    |v233_U  |        1|  95|   0|    -|    4096|   32|   131072|
    |v234_U  |        1|  95|   0|    -|   32768|   32|  1048576|
    |v235_U  |        1|  95|   0|    -|    8192|   32|   262144|
    |v236_U  |        1|  95|   0|    -|    8192|   32|   262144|
    |v237_U  |        1|  95|   0|    -|  200704|   32|  6422528|
    +--------+---------+----+----+-----+--------+-----+---------+
    |Total   |       18|1710|   0|    0|  586752|  576| 18776064|
    +--------+---------+----+----+-----+--------+-----+---------+

    * Expression: 
    +----------------------------+----------+----+---+----+------------+------------+
    |        Variable Name       | Operation| DSP| FF| LUT| Bitwidth P0| Bitwidth P1|
    +----------------------------+----------+----+---+----+------------+------------+
    |ap_idle                     |       and|   0|  0|   2|           1|           1|
    |ap_sync_ready               |       and|   0|  0|   2|           1|           1|
    |node10_U0_ap_start          |       and|   0|  0|   2|           1|           1|
    |node12_U0_ap_start          |       and|   0|  0|   2|           1|           1|
    |node13_U0_ap_start          |       and|   0|  0|   2|           1|           1|
    |node15_U0_ap_start          |       and|   0|  0|   2|           1|           1|
    |node16_U0_ap_start          |       and|   0|  0|   2|           1|           1|
    |node17_U0_ap_start          |       and|   0|  0|   2|           1|           1|
    |node18_U0_ap_start          |       and|   0|  0|   2|           1|           1|
    |node1_U0_ap_start           |       and|   0|  0|   2|           1|           1|
    |node3_U0_ap_start           |       and|   0|  0|   2|           1|           1|
    |node4_U0_ap_start           |       and|   0|  0|   2|           1|           1|
    |node6_U0_ap_start           |       and|   0|  0|   2|           1|           1|
    |node7_U0_ap_start           |       and|   0|  0|   2|           1|           1|
    |node9_U0_ap_start           |       and|   0|  0|   2|           1|           1|
    |ap_sync_node10_U0_ap_ready  |        or|   0|  0|   2|           1|           1|
    |ap_sync_node12_U0_ap_ready  |        or|   0|  0|   2|           1|           1|
    |ap_sync_node13_U0_ap_ready  |        or|   0|  0|   2|           1|           1|
    |ap_sync_node15_U0_ap_ready  |        or|   0|  0|   2|           1|           1|
    |ap_sync_node16_U0_ap_ready  |        or|   0|  0|   2|           1|           1|
    |ap_sync_node17_U0_ap_ready  |        or|   0|  0|   2|           1|           1|
    |ap_sync_node18_U0_ap_ready  |        or|   0|  0|   2|           1|           1|
    |ap_sync_node1_U0_ap_ready   |        or|   0|  0|   2|           1|           1|
    |ap_sync_node3_U0_ap_ready   |        or|   0|  0|   2|           1|           1|
    |ap_sync_node4_U0_ap_ready   |        or|   0|  0|   2|           1|           1|
    |ap_sync_node6_U0_ap_ready   |        or|   0|  0|   2|           1|           1|
    |ap_sync_node7_U0_ap_ready   |        or|   0|  0|   2|           1|           1|
    |ap_sync_node9_U0_ap_ready   |        or|   0|  0|   2|           1|           1|
    +----------------------------+----------+----+---+----+------------+------------+
    |Total                       |          |   0|  0|  56|          28|          28|
    +----------------------------+----------+----+---+----+------------+------------+

    * Multiplexer: 
    +--------------------------------+----+-----------+-----+-----------+
    |              Name              | LUT| Input Size| Bits| Total Bits|
    +--------------------------------+----+-----------+-----+-----------+
    |ap_sync_reg_node10_U0_ap_ready  |   9|          2|    1|          2|
    |ap_sync_reg_node12_U0_ap_ready  |   9|          2|    1|          2|
    |ap_sync_reg_node13_U0_ap_ready  |   9|          2|    1|          2|
    |ap_sync_reg_node15_U0_ap_ready  |   9|          2|    1|          2|
    |ap_sync_reg_node16_U0_ap_ready  |   9|          2|    1|          2|
    |ap_sync_reg_node17_U0_ap_ready  |   9|          2|    1|          2|
    |ap_sync_reg_node18_U0_ap_ready  |   9|          2|    1|          2|
    |ap_sync_reg_node1_U0_ap_ready   |   9|          2|    1|          2|
    |ap_sync_reg_node3_U0_ap_ready   |   9|          2|    1|          2|
    |ap_sync_reg_node4_U0_ap_ready   |   9|          2|    1|          2|
    |ap_sync_reg_node6_U0_ap_ready   |   9|          2|    1|          2|
    |ap_sync_reg_node7_U0_ap_ready   |   9|          2|    1|          2|
    |ap_sync_reg_node9_U0_ap_ready   |   9|          2|    1|          2|
    +--------------------------------+----+-----------+-----+-----------+
    |Total                           | 117|         26|   13|         26|
    +--------------------------------+----+-----------+-----+-----------+

    * Register: 
    +--------------------------------+---+----+-----+-----------+
    |              Name              | FF| LUT| Bits| Const Bits|
    +--------------------------------+---+----+-----+-----------+
    |ap_sync_reg_node10_U0_ap_ready  |  1|   0|    1|          0|
    |ap_sync_reg_node12_U0_ap_ready  |  1|   0|    1|          0|
    |ap_sync_reg_node13_U0_ap_ready  |  1|   0|    1|          0|
    |ap_sync_reg_node15_U0_ap_ready  |  1|   0|    1|          0|
    |ap_sync_reg_node16_U0_ap_ready  |  1|   0|    1|          0|
    |ap_sync_reg_node17_U0_ap_ready  |  1|   0|    1|          0|
    |ap_sync_reg_node18_U0_ap_ready  |  1|   0|    1|          0|
    |ap_sync_reg_node1_U0_ap_ready   |  1|   0|    1|          0|
    |ap_sync_reg_node3_U0_ap_ready   |  1|   0|    1|          0|
    |ap_sync_reg_node4_U0_ap_ready   |  1|   0|    1|          0|
    |ap_sync_reg_node6_U0_ap_ready   |  1|   0|    1|          0|
    |ap_sync_reg_node7_U0_ap_ready   |  1|   0|    1|          0|
    |ap_sync_reg_node9_U0_ap_ready   |  1|   0|    1|          0|
    +--------------------------------+---+----+-----+-----------+
    |Total                           | 13|   0|   13|          0|
    +--------------------------------+---+----+-----+-----------+



================================================================
== Interface
================================================================
* Summary: 
+---------------+-----+-----+------------+--------------+--------------+
|   RTL Ports   | Dir | Bits|  Protocol  | Source Object|    C Type    |
+---------------+-----+-----+------------+--------------+--------------+
|v206_address0  |  out|   15|   ap_memory|          v206|         array|
|v206_ce0       |  out|    1|   ap_memory|          v206|         array|
|v206_d0        |  out|   32|   ap_memory|          v206|         array|
|v206_q0        |   in|   32|   ap_memory|          v206|         array|
|v206_we0       |  out|    1|   ap_memory|          v206|         array|
|v206_address1  |  out|   15|   ap_memory|          v206|         array|
|v206_ce1       |  out|    1|   ap_memory|          v206|         array|
|v206_d1        |  out|   32|   ap_memory|          v206|         array|
|v206_q1        |   in|   32|   ap_memory|          v206|         array|
|v206_we1       |  out|    1|   ap_memory|          v206|         array|
|v207_address0  |  out|    8|   ap_memory|          v207|         array|
|v207_ce0       |  out|    1|   ap_memory|          v207|         array|
|v207_d0        |  out|   32|   ap_memory|          v207|         array|
|v207_q0        |   in|   32|   ap_memory|          v207|         array|
|v207_we0       |  out|    1|   ap_memory|          v207|         array|
|v207_address1  |  out|    8|   ap_memory|          v207|         array|
|v207_ce1       |  out|    1|   ap_memory|          v207|         array|
|v207_d1        |  out|   32|   ap_memory|          v207|         array|
|v207_q1        |   in|   32|   ap_memory|          v207|         array|
|v207_we1       |  out|    1|   ap_memory|          v207|         array|
|v208_address0  |  out|   18|   ap_memory|          v208|         array|
|v208_ce0       |  out|    1|   ap_memory|          v208|         array|
|v208_d0        |  out|   32|   ap_memory|          v208|         array|
|v208_q0        |   in|   32|   ap_memory|          v208|         array|
|v208_we0       |  out|    1|   ap_memory|          v208|         array|
|v208_address1  |  out|   18|   ap_memory|          v208|         array|
|v208_ce1       |  out|    1|   ap_memory|          v208|         array|
|v208_d1        |  out|   32|   ap_memory|          v208|         array|
|v208_q1        |   in|   32|   ap_memory|          v208|         array|
|v208_we1       |  out|    1|   ap_memory|          v208|         array|
|v209_address0  |  out|    7|   ap_memory|          v209|         array|
|v209_ce0       |  out|    1|   ap_memory|          v209|         array|
|v209_d0        |  out|   32|   ap_memory|          v209|         array|
|v209_q0        |   in|   32|   ap_memory|          v209|         array|
|v209_we0       |  out|    1|   ap_memory|          v209|         array|
|v209_address1  |  out|    7|   ap_memory|          v209|         array|
|v209_ce1       |  out|    1|   ap_memory|          v209|         array|
|v209_d1        |  out|   32|   ap_memory|          v209|         array|
|v209_q1        |   in|   32|   ap_memory|          v209|         array|
|v209_we1       |  out|    1|   ap_memory|          v209|         array|
|v210_address0  |  out|   15|   ap_memory|          v210|         array|
|v210_ce0       |  out|    1|   ap_memory|          v210|         array|
|v210_d0        |  out|   32|   ap_memory|          v210|         array|
|v210_q0        |   in|   32|   ap_memory|          v210|         array|
|v210_we0       |  out|    1|   ap_memory|          v210|         array|
|v210_address1  |  out|   15|   ap_memory|          v210|         array|
|v210_ce1       |  out|    1|   ap_memory|          v210|         array|
|v210_d1        |  out|   32|   ap_memory|          v210|         array|
|v210_q1        |   in|   32|   ap_memory|          v210|         array|
|v210_we1       |  out|    1|   ap_memory|          v210|         array|
|v211_address0  |  out|    6|   ap_memory|          v211|         array|
|v211_ce0       |  out|    1|   ap_memory|          v211|         array|
|v211_d0        |  out|   32|   ap_memory|          v211|         array|
|v211_q0        |   in|   32|   ap_memory|          v211|         array|
|v211_we0       |  out|    1|   ap_memory|          v211|         array|
|v211_address1  |  out|    6|   ap_memory|          v211|         array|
|v211_ce1       |  out|    1|   ap_memory|          v211|         array|
|v211_d1        |  out|   32|   ap_memory|          v211|         array|
|v211_q1        |   in|   32|   ap_memory|          v211|         array|
|v211_we1       |  out|    1|   ap_memory|          v211|         array|
|v212_address0  |  out|   13|   ap_memory|          v212|         array|
|v212_ce0       |  out|    1|   ap_memory|          v212|         array|
|v212_d0        |  out|   32|   ap_memory|          v212|         array|
|v212_q0        |   in|   32|   ap_memory|          v212|         array|
|v212_we0       |  out|    1|   ap_memory|          v212|         array|
|v212_address1  |  out|   13|   ap_memory|          v212|         array|
|v212_ce1       |  out|    1|   ap_memory|          v212|         array|
|v212_d1        |  out|   32|   ap_memory|          v212|         array|
|v212_q1        |   in|   32|   ap_memory|          v212|         array|
|v212_we1       |  out|    1|   ap_memory|          v212|         array|
|v213_address0  |  out|    7|   ap_memory|          v213|         array|
|v213_ce0       |  out|    1|   ap_memory|          v213|         array|
|v213_d0        |  out|   32|   ap_memory|          v213|         array|
|v213_q0        |   in|   32|   ap_memory|          v213|         array|
|v213_we0       |  out|    1|   ap_memory|          v213|         array|
|v213_address1  |  out|    7|   ap_memory|          v213|         array|
|v213_ce1       |  out|    1|   ap_memory|          v213|         array|
|v213_d1        |  out|   32|   ap_memory|          v213|         array|
|v213_q1        |   in|   32|   ap_memory|          v213|         array|
|v213_we1       |  out|    1|   ap_memory|          v213|         array|
|v214_address0  |  out|   13|   ap_memory|          v214|         array|
|v214_ce0       |  out|    1|   ap_memory|          v214|         array|
|v214_d0        |  out|   32|   ap_memory|          v214|         array|
|v214_q0        |   in|   32|   ap_memory|          v214|         array|
|v214_we0       |  out|    1|   ap_memory|          v214|         array|
|v214_address1  |  out|   13|   ap_memory|          v214|         array|
|v214_ce1       |  out|    1|   ap_memory|          v214|         array|
|v214_d1        |  out|   32|   ap_memory|          v214|         array|
|v214_q1        |   in|   32|   ap_memory|          v214|         array|
|v214_we1       |  out|    1|   ap_memory|          v214|         array|
|v215_address0  |  out|    8|   ap_memory|          v215|         array|
|v215_ce0       |  out|    1|   ap_memory|          v215|         array|
|v215_d0        |  out|   32|   ap_memory|          v215|         array|
|v215_q0        |   in|   32|   ap_memory|          v215|         array|
|v215_we0       |  out|    1|   ap_memory|          v215|         array|
|v215_address1  |  out|    8|   ap_memory|          v215|         array|
|v215_ce1       |  out|    1|   ap_memory|          v215|         array|
|v215_d1        |  out|   32|   ap_memory|          v215|         array|
|v215_q1        |   in|   32|   ap_memory|          v215|         array|
|v215_we1       |  out|    1|   ap_memory|          v215|         array|
|v216_address0  |  out|   15|   ap_memory|          v216|         array|
|v216_ce0       |  out|    1|   ap_memory|          v216|         array|
|v216_d0        |  out|   32|   ap_memory|          v216|         array|
|v216_q0        |   in|   32|   ap_memory|          v216|         array|
|v216_we0       |  out|    1|   ap_memory|          v216|         array|
|v216_address1  |  out|   15|   ap_memory|          v216|         array|
|v216_ce1       |  out|    1|   ap_memory|          v216|         array|
|v216_d1        |  out|   32|   ap_memory|          v216|         array|
|v216_q1        |   in|   32|   ap_memory|          v216|         array|
|v216_we1       |  out|    1|   ap_memory|          v216|         array|
|v217_address0  |  out|   10|   ap_memory|          v217|         array|
|v217_ce0       |  out|    1|   ap_memory|          v217|         array|
|v217_d0        |  out|   32|   ap_memory|          v217|         array|
|v217_q0        |   in|   32|   ap_memory|          v217|         array|
|v217_we0       |  out|    1|   ap_memory|          v217|         array|
|v217_address1  |  out|   10|   ap_memory|          v217|         array|
|v217_ce1       |  out|    1|   ap_memory|          v217|         array|
|v217_d1        |  out|   32|   ap_memory|          v217|         array|
|v217_q1        |   in|   32|   ap_memory|          v217|         array|
|v217_we1       |  out|    1|   ap_memory|          v217|         array|
|v218_address0  |  out|   18|   ap_memory|          v218|         array|
|v218_ce0       |  out|    1|   ap_memory|          v218|         array|
|v218_d0        |  out|   32|   ap_memory|          v218|         array|
|v218_q0        |   in|   32|   ap_memory|          v218|         array|
|v218_we0       |  out|    1|   ap_memory|          v218|         array|
|v218_address1  |  out|   18|   ap_memory|          v218|         array|
|v218_ce1       |  out|    1|   ap_memory|          v218|         array|
|v218_d1        |  out|   32|   ap_memory|          v218|         array|
|v218_q1        |   in|   32|   ap_memory|          v218|         array|
|v218_we1       |  out|    1|   ap_memory|          v218|         array|
|v219_address0  |  out|   15|   ap_memory|          v219|         array|
|v219_ce0       |  out|    1|   ap_memory|          v219|         array|
|v219_d0        |  out|   32|   ap_memory|          v219|         array|
|v219_q0        |   in|   32|   ap_memory|          v219|         array|
|v219_we0       |  out|    1|   ap_memory|          v219|         array|
|v219_address1  |  out|   15|   ap_memory|          v219|         array|
|v219_ce1       |  out|    1|   ap_memory|          v219|         array|
|v219_d1        |  out|   32|   ap_memory|          v219|         array|
|v219_q1        |   in|   32|   ap_memory|          v219|         array|
|v219_we1       |  out|    1|   ap_memory|          v219|         array|
|ap_clk         |   in|    1|  ap_ctrl_hs|       forward|  return value|
|ap_rst         |   in|    1|  ap_ctrl_hs|       forward|  return value|
|ap_start       |   in|    1|  ap_ctrl_hs|       forward|  return value|
|ap_done        |  out|    1|  ap_ctrl_hs|       forward|  return value|
|ap_ready       |  out|    1|  ap_ctrl_hs|       forward|  return value|
|ap_idle        |  out|    1|  ap_ctrl_hs|       forward|  return value|
+---------------+-----+-----+------------+--------------+--------------+

