

================================================================
== Vitis HLS Report for 'node11'
================================================================
* Date:           Wed Sep 25 12:53:44 2024

* Version:        2023.2 (Build 4023990 on Oct 11 2023)
* Project:        hls_Autoencoder
* Solution:       solution1 (Vivado IP Flow Target)
* Product family: virtexuplusHBM
* Target device:  xcu280-fsvh2892-2L-e


================================================================
== Performance Estimates
================================================================
+ Timing: 
    * Summary: 
    +--------+---------+----------+------------+
    |  Clock |  Target | Estimated| Uncertainty|
    +--------+---------+----------+------------+
    |ap_clk  |  3.33 ns|  2.697 ns|     0.90 ns|
    +--------+---------+----------+------------+

+ Latency: 
    * Summary: 
    +---------+---------+----------+----------+---------+---------+---------+
    |  Latency (cycles) |  Latency (absolute) |      Interval     | Pipeline|
    |   min   |   max   |    min   |    max   |   min   |   max   |   Type  |
    +---------+---------+----------+----------+---------+---------+---------+
    |  1048589|  1048589|  3.492 ms|  3.492 ms|  1048589|  1048589|       no|
    +---------+---------+----------+----------+---------+---------+---------+

    + Detail: 
        * Instance: 
        N/A

        * Loop: 
        +------------------------+---------+---------+----------+-----------+-----------+--------+----------+
        |                        |  Latency (cycles) | Iteration|  Initiation Interval  |  Trip  |          |
        |        Loop Name       |   min   |   max   |  Latency |  achieved |   target  |  Count | Pipelined|
        +------------------------+---------+---------+----------+-----------+-----------+--------+----------+
        |- loop25_loop26_loop27  |  1048587|  1048587|        16|          4|          1|  262144|       yes|
        +------------------------+---------+---------+----------+-----------+-----------+--------+----------+



================================================================
== Utilization Estimates
================================================================
* Summary: 
+---------------------+---------+------+---------+---------+-----+
|         Name        | BRAM_18K|  DSP |    FF   |   LUT   | URAM|
+---------------------+---------+------+---------+---------+-----+
|DSP                  |        -|     -|        -|        -|    -|
|Expression           |        -|     -|        0|      397|    -|
|FIFO                 |        -|     -|        -|        -|    -|
|Instance             |        -|     3|      386|      416|    -|
|Memory               |       20|     -|        0|        0|    1|
|Multiplexer          |        -|     -|        -|      235|    -|
|Register             |        -|     -|      684|      160|    -|
+---------------------+---------+------+---------+---------+-----+
|Total                |       20|     3|     1070|     1208|    1|
+---------------------+---------+------+---------+---------+-----+
|Available SLR        |     1344|  3008|   869120|   434560|  320|
+---------------------+---------+------+---------+---------+-----+
|Utilization SLR (%)  |        1|    ~0|       ~0|       ~0|   ~0|
+---------------------+---------+------+---------+---------+-----+
|Available            |     4032|  9024|  2607360|  1303680|  960|
+---------------------+---------+------+---------+---------+-----+
|Utilization (%)      |       ~0|    ~0|       ~0|       ~0|   ~0|
+---------------------+---------+------+---------+---------+-----+

+ Detail: 
    * Instance: 
    +-----------------------------------+-------------------------------+---------+----+-----+-----+-----+
    |              Instance             |             Module            | BRAM_18K| DSP|  FF | LUT | URAM|
    +-----------------------------------+-------------------------------+---------+----+-----+-----+-----+
    |fadd_32ns_32ns_32_5_no_dsp_1_U40   |fadd_32ns_32ns_32_5_no_dsp_1   |        0|   0|  243|  338|    0|
    |fmul_32ns_32ns_32_4_max_dsp_1_U41  |fmul_32ns_32ns_32_4_max_dsp_1  |        0|   3|  143|   78|    0|
    +-----------------------------------+-------------------------------+---------+----+-----+-----+-----+
    |Total                              |                               |        0|   3|  386|  416|    0|
    +-----------------------------------+-------------------------------+---------+----+-----+-----+-----+

    * DSP: 
    N/A

    * Memory: 
    +--------+---------------------------+---------+---+----+-----+------+-----+------+-------------+
    | Memory |           Module          | BRAM_18K| FF| LUT| URAM| Words| Bits| Banks| W*Bits*Banks|
    +--------+---------------------------+---------+---+----+-----+------+-----+------+-------------+
    |v121_U  |node11_v121_RAM_AUTO_1R1W  |        4|  0|   0|    0|  2048|   32|     1|        65536|
    |v123_U  |node14_v155_RAM_AUTO_1R1W  |        0|  0|   0|    1|  4096|   32|     1|       131072|
    |v122_U  |node14_v157_RAM_AUTO_1R1W  |       16|  0|   0|    0|  8192|   32|     1|       262144|
    +--------+---------------------------+---------+---+----+-----+------+-----+------+-------------+
    |Total   |                           |       20|  0|   0|    1| 14336|   96|     3|       458752|
    +--------+---------------------------+---------+---+----+-----+------+-----+------+-------------+

    * FIFO: 
    N/A

    * Expression: 
    +-----------------------------------+----------+----+---+----+------------+------------+
    |           Variable Name           | Operation| DSP| FF| LUT| Bitwidth P0| Bitwidth P1|
    +-----------------------------------+----------+----+---+----+------------+------------+
    |add_ln292_1_fu_222_p2              |         +|   0|  0|  26|          19|           1|
    |add_ln292_fu_237_p2                |         +|   0|  0|  13|           6|           1|
    |add_ln293_1_fu_319_p2              |         +|   0|  0|  22|          15|           1|
    |add_ln293_fu_293_p2                |         +|   0|  0|  14|           7|           1|
    |add_ln294_fu_401_p2                |         +|   0|  0|  15|           8|           1|
    |add_ln299_fu_453_p2                |         +|   0|  0|  19|          12|          12|
    |add_ln304_fu_379_p2                |         +|   0|  0|  20|          13|          13|
    |empty_12_fu_439_p2                 |         +|   0|  0|  18|          11|          11|
    |and_ln292_fu_275_p2                |       and|   0|  0|   2|           1|           1|
    |ap_block_pp0_stage1_11001          |       and|   0|  0|   2|           1|           1|
    |ap_block_pp0_stage2_11001          |       and|   0|  0|   2|           1|           1|
    |ap_block_pp0_stage3_01001          |       and|   0|  0|   2|           1|           1|
    |ap_block_state16_pp0_stage3_iter3  |       and|   0|  0|   2|           1|           1|
    |ap_block_state2_pp0_stage1_iter0   |       and|   0|  0|   2|           1|           1|
    |ap_block_state3_pp0_stage2_iter0   |       and|   0|  0|   2|           1|           1|
    |ap_condition_303                   |       and|   0|  0|   2|           1|           1|
    |ap_condition_591                   |       and|   0|  0|   2|           1|           1|
    |ap_condition_601                   |       and|   0|  0|   2|           1|           1|
    |ap_condition_605                   |       and|   0|  0|   2|           1|           1|
    |ap_predicate_op77_read_state2      |       and|   0|  0|   2|           1|           1|
    |ap_predicate_op88_read_state3      |       and|   0|  0|   2|           1|           1|
    |cmp16_fu_313_p2                    |      icmp|   0|  0|  13|           6|           1|
    |cmp9_fu_366_p2                     |      icmp|   0|  0|  14|           7|           1|
    |icmp_ln292_fu_216_p2               |      icmp|   0|  0|  27|          19|          20|
    |icmp_ln293_fu_243_p2               |      icmp|   0|  0|  22|          15|          14|
    |icmp_ln294_1_fu_407_p2             |      icmp|   0|  0|  16|           8|           9|
    |icmp_ln294_fu_269_p2               |      icmp|   0|  0|  16|           8|           9|
    |icmp_ln307_fu_468_p2               |      icmp|   0|  0|  15|           8|           1|
    |icmp_ln314_fu_395_p2               |      icmp|   0|  0|  14|           7|           2|
    |ap_block_pp0_stage0_11001          |        or|   0|  0|   2|           1|           1|
    |or_ln292_fu_257_p2                 |        or|   0|  0|   2|           1|           1|
    |or_ln293_1_fu_348_p2               |        or|   0|  0|   2|           1|           1|
    |or_ln293_fu_299_p2                 |        or|   0|  0|   2|           1|           1|
    |grp_fu_177_p0                      |    select|   0|  0|  32|           1|           1|
    |select_ln292_1_fu_281_p3           |    select|   0|  0|   6|           1|           6|
    |select_ln292_fu_249_p3             |    select|   0|  0|   7|           1|           1|
    |select_ln293_1_fu_305_p3           |    select|   0|  0|   7|           1|           7|
    |select_ln293_2_fu_325_p3           |    select|   0|  0|  15|           1|           1|
    |select_ln293_fu_352_p3             |    select|   0|  0|   8|           1|           1|
    |ap_enable_pp0                      |       xor|   0|  0|   2|           1|           2|
    |xor_ln292_fu_263_p2                |       xor|   0|  0|   2|           1|           2|
    +-----------------------------------+----------+----+---+----+------------+------------+
    |Total                              |          |   0|  0| 397|         194|         136|
    +-----------------------------------+----------+----+---+----+------------+------------+

    * Multiplexer: 
    +----------------------------------------+----+-----------+-----+-----------+
    |                  Name                  | LUT| Input Size| Bits| Total Bits|
    +----------------------------------------+----+-----------+-----+-----------+
    |ap_NS_fsm                               |  26|          5|    1|          5|
    |ap_done_int                             |   9|          2|    1|          2|
    |ap_enable_reg_pp0_iter0                 |   9|          2|    1|          2|
    |ap_enable_reg_pp0_iter1                 |   9|          2|    1|          2|
    |ap_sig_allocacmp_indvar_flatten14_load  |   9|          2|   19|         38|
    |ap_sig_allocacmp_indvar_flatten_load    |   9|          2|   15|         30|
    |ap_sig_allocacmp_p_load                 |  14|          3|   32|         96|
    |ap_sig_allocacmp_v124_load              |   9|          2|    6|         12|
    |ap_sig_allocacmp_v125_load              |   9|          2|    7|         14|
    |ap_sig_allocacmp_v126_load              |   9|          2|    8|         16|
    |empty_fu_96                             |   9|          2|   32|         64|
    |indvar_flatten14_fu_92                  |   9|          2|   19|         38|
    |indvar_flatten_fu_84                    |   9|          2|   15|         30|
    |v121_address0                           |  14|          3|   11|         33|
    |v122_address0                           |  14|          3|   13|         39|
    |v123_address0                           |  14|          3|   12|         36|
    |v124_fu_88                              |   9|          2|    6|         12|
    |v125_fu_80                              |   9|          2|    7|         14|
    |v126_fu_76                              |   9|          2|    8|         16|
    |v230_blk_n                              |   9|          2|    1|          2|
    |v231_blk_n                              |   9|          2|    1|          2|
    |v232_blk_n                              |   9|          2|    1|          2|
    +----------------------------------------+----+-----------+-----+-----------+
    |Total                                   | 235|         51|  217|        505|
    +----------------------------------------+----+-----------+-----+-----------+

    * Register: 
    +----------------------------------+----+----+-----+-----------+
    |               Name               | FF | LUT| Bits| Const Bits|
    +----------------------------------+----+----+-----+-----------+
    |and_ln292_reg_553                 |   1|   0|    1|          0|
    |ap_CS_fsm                         |   4|   0|    4|          0|
    |ap_done_reg                       |   1|   0|    1|          0|
    |ap_enable_reg_pp0_iter0_reg       |   1|   0|    1|          0|
    |ap_enable_reg_pp0_iter1           |   1|   0|    1|          0|
    |ap_enable_reg_pp0_iter2           |   1|   0|    1|          0|
    |ap_enable_reg_pp0_iter3           |   1|   0|    1|          0|
    |ap_loop_exit_ready_pp0_iter1_reg  |   1|   0|    1|          0|
    |ap_loop_exit_ready_pp0_iter2_reg  |   1|   0|    1|          0|
    |cmp16_reg_576                     |   1|   0|    1|          0|
    |cmp9_reg_586                      |   1|   0|    1|          0|
    |empty_fu_96                       |  32|   0|   32|          0|
    |icmp_ln292_reg_539                |   1|   0|    1|          0|
    |icmp_ln293_reg_548                |   1|   0|    1|          0|
    |icmp_ln294_1_reg_599              |   1|   0|    1|          0|
    |icmp_ln307_reg_623                |   1|   0|    1|          0|
    |icmp_ln307_reg_623_pp0_iter1_reg  |   1|   0|    1|          0|
    |icmp_ln314_reg_595                |   1|   0|    1|          0|
    |indvar_flatten14_fu_92            |  19|   0|   19|          0|
    |indvar_flatten_fu_84              |  15|   0|   15|          0|
    |or_ln293_reg_564                  |   1|   0|    1|          0|
    |select_ln293_1_reg_568            |   7|   0|    7|          0|
    |select_ln293_reg_580              |   8|   0|    8|          0|
    |trunc_ln293_reg_558               |   5|   0|    5|          0|
    |v121_addr_reg_608                 |  11|   0|   11|          0|
    |v121_load_reg_633                 |  32|   0|   32|          0|
    |v122_addr_reg_590                 |  13|   0|   13|          0|
    |v123_addr_reg_613                 |  12|   0|   12|          0|
    |v124_fu_88                        |   6|   0|    6|          0|
    |v125_fu_80                        |   7|   0|    7|          0|
    |v126_fu_76                        |   8|   0|    8|          0|
    |v126_load_reg_543                 |   8|   0|    8|          0|
    |v128_reg_628                      |  32|   0|   32|          0|
    |v130_reg_618                      |  32|   0|   32|          0|
    |v132_reg_638                      |  32|   0|   32|          0|
    |v133_reg_648                      |  32|   0|   32|          0|
    |v232_read_reg_603                 |  32|   0|   32|          0|
    |icmp_ln292_reg_539                |  64|  32|    1|          0|
    |icmp_ln294_1_reg_599              |  64|  32|    1|          0|
    |icmp_ln314_reg_595                |  64|  32|    1|          0|
    |or_ln293_reg_564                  |  64|  32|    1|          0|
    |v121_addr_reg_608                 |  64|  32|   11|          0|
    +----------------------------------+----+----+-----+-----------+
    |Total                             | 684| 160|  379|          0|
    +----------------------------------+----+----+-----+-----------+



================================================================
== Interface
================================================================
* Summary: 
+---------------------+-----+-----+------------+--------------+--------------+
|      RTL Ports      | Dir | Bits|  Protocol  | Source Object|    C Type    |
+---------------------+-----+-----+------------+--------------+--------------+
|ap_clk               |   in|    1|  ap_ctrl_hs|        node11|  return value|
|ap_rst               |   in|    1|  ap_ctrl_hs|        node11|  return value|
|ap_start             |   in|    1|  ap_ctrl_hs|        node11|  return value|
|ap_done              |  out|    1|  ap_ctrl_hs|        node11|  return value|
|ap_continue          |   in|    1|  ap_ctrl_hs|        node11|  return value|
|ap_idle              |  out|    1|  ap_ctrl_hs|        node11|  return value|
|ap_ready             |  out|    1|  ap_ctrl_hs|        node11|  return value|
|v230_din             |  out|   32|     ap_fifo|          v230|       pointer|
|v230_num_data_valid  |   in|   12|     ap_fifo|          v230|       pointer|
|v230_fifo_cap        |   in|   12|     ap_fifo|          v230|       pointer|
|v230_full_n          |   in|    1|     ap_fifo|          v230|       pointer|
|v230_write           |  out|    1|     ap_fifo|          v230|       pointer|
|v232_dout            |   in|   32|     ap_fifo|          v232|       pointer|
|v232_num_data_valid  |   in|   13|     ap_fifo|          v232|       pointer|
|v232_fifo_cap        |   in|   13|     ap_fifo|          v232|       pointer|
|v232_empty_n         |   in|    1|     ap_fifo|          v232|       pointer|
|v232_read            |  out|    1|     ap_fifo|          v232|       pointer|
|v231_dout            |   in|   32|     ap_fifo|          v231|       pointer|
|v231_num_data_valid  |   in|   14|     ap_fifo|          v231|       pointer|
|v231_fifo_cap        |   in|   14|     ap_fifo|          v231|       pointer|
|v231_empty_n         |   in|    1|     ap_fifo|          v231|       pointer|
|v231_read            |  out|    1|     ap_fifo|          v231|       pointer|
+---------------------+-----+-----+------------+--------------+--------------+

