

================================================================
== Vitis HLS Report for 'node2'
================================================================
* Date:           Wed Sep 25 12:53:44 2024

* Version:        2023.2 (Build 4023990 on Oct 11 2023)
* Project:        hls_Autoencoder
* Solution:       solution1 (Vivado IP Flow Target)
* Product family: virtexuplusHBM
* Target device:  xcu280-fsvh2892-2L-e


================================================================
== Performance Estimates
================================================================
+ Timing: 
    * Summary: 
    +--------+---------+----------+------------+
    |  Clock |  Target | Estimated| Uncertainty|
    +--------+---------+----------+------------+
    |ap_clk  |  3.33 ns|  2.697 ns|     0.90 ns|
    +--------+---------+----------+------------+

+ Latency: 
    * Summary: 
    +----------+----------+-----------+-----------+----------+----------+---------+
    |   Latency (cycles)  |   Latency (absolute)  |       Interval      | Pipeline|
    |    min   |    max   |    min    |    max    |    min   |    max   |   Type  |
    +----------+----------+-----------+-----------+----------+----------+---------+
    |  25690125|  25690125|  85.548 ms|  85.548 ms|  25690125|  25690125|       no|
    +----------+----------+-----------+-----------+----------+----------+---------+

    + Detail: 
        * Instance: 
        N/A

        * Loop: 
        +---------------------+----------+----------+----------+-----------+-----------+---------+----------+
        |                     |   Latency (cycles)  | Iteration|  Initiation Interval  |   Trip  |          |
        |      Loop Name      |    min   |    max   |  Latency |  achieved |   target  |  Count  | Pipelined|
        +---------------------+----------+----------+----------+-----------+-----------+---------+----------+
        |- loop4_loop5_loop6  |  25690123|  25690123|        16|          4|          1|  6422528|       yes|
        +---------------------+----------+----------+----------+-----------+-----------+---------+----------+



================================================================
== Utilization Estimates
================================================================
* Summary: 
+---------------------+---------+------+---------+---------+-----+
|         Name        | BRAM_18K|  DSP |    FF   |   LUT   | URAM|
+---------------------+---------+------+---------+---------+-----+
|DSP                  |        -|     2|        -|        -|    -|
|Expression           |        -|     -|        0|      395|    -|
|FIFO                 |        -|     -|        -|        -|    -|
|Instance             |        -|     3|      386|      416|    -|
|Memory               |      457|     -|        0|        0|    0|
|Multiplexer          |        -|     -|        -|      235|    -|
|Register             |        -|     -|      702|      160|    -|
+---------------------+---------+------+---------+---------+-----+
|Total                |      457|     5|     1088|     1206|    0|
+---------------------+---------+------+---------+---------+-----+
|Available SLR        |     1344|  3008|   869120|   434560|  320|
+---------------------+---------+------+---------+---------+-----+
|Utilization SLR (%)  |       34|    ~0|       ~0|       ~0|    0|
+---------------------+---------+------+---------+---------+-----+
|Available            |     4032|  9024|  2607360|  1303680|  960|
+---------------------+---------+------+---------+---------+-----+
|Utilization (%)      |       11|    ~0|       ~0|       ~0|    0|
+---------------------+---------+------+---------+---------+-----+

+ Detail: 
    * Instance: 
    +-----------------------------------+-------------------------------+---------+----+-----+-----+-----+
    |              Instance             |             Module            | BRAM_18K| DSP|  FF | LUT | URAM|
    +-----------------------------------+-------------------------------+---------+----+-----+-----+-----+
    |fadd_32ns_32ns_32_5_no_dsp_1_U76   |fadd_32ns_32ns_32_5_no_dsp_1   |        0|   0|  243|  338|    0|
    |fmul_32ns_32ns_32_4_max_dsp_1_U77  |fmul_32ns_32ns_32_4_max_dsp_1  |        0|   3|  143|   78|    0|
    +-----------------------------------+-------------------------------+---------+----+-----+-----+-----+
    |Total                              |                               |        0|   3|  386|  416|    0|
    +-----------------------------------+-------------------------------+---------+----+-----+-----+-----+

    * DSP: 
    +-------------------------------------+---------------------------------+--------------+
    |               Instance              |              Module             |  Expression  |
    +-------------------------------------+---------------------------------+--------------+
    |mac_muladd_6ns_10ns_10ns_15_4_1_U79  |mac_muladd_6ns_10ns_10ns_15_4_1  |  i0 * i1 + i2|
    |mac_muladd_9ns_10ns_10ns_18_4_1_U78  |mac_muladd_9ns_10ns_10ns_18_4_1  |  i0 * i1 + i2|
    +-------------------------------------+---------------------------------+--------------+

    * Memory: 
    +-------+---------------------------+---------+---+----+-----+--------+-----+------+-------------+
    | Memory|           Module          | BRAM_18K| FF| LUT| URAM|  Words | Bits| Banks| W*Bits*Banks|
    +-------+---------------------------+---------+---+----+-----+--------+-----+------+-------------+
    |v24_U  |node14_v157_RAM_AUTO_1R1W  |       16|  0|   0|    0|    8192|   32|     1|       262144|
    |v23_U  |node17_v190_RAM_AUTO_1R1W  |      392|  0|   0|    0|  200704|   32|     1|      6422528|
    |v22_U  |node2_v22_RAM_AUTO_1R1W    |       49|  0|   0|    0|   25088|   32|     1|       802816|
    +-------+---------------------------+---------+---+----+-----+--------+-----+------+-------------+
    |Total  |                           |      457|  0|   0|    0|  233984|   96|     3|      7487488|
    +-------+---------------------------+---------+---+----+-----+--------+-----+------+-------------+

    * FIFO: 
    N/A

    * Expression: 
    +-----------------------------------+----------+----+---+----+------------+------------+
    |           Variable Name           | Operation| DSP| FF| LUT| Bitwidth P0| Bitwidth P1|
    +-----------------------------------+----------+----+---+----+------------+------------+
    |add_ln64_1_fu_224_p2               |         +|   0|  0|  30|          23|           1|
    |add_ln64_fu_317_p2                 |         +|   0|  0|  13|           6|           1|
    |add_ln65_1_fu_287_p2               |         +|   0|  0|  26|          19|           1|
    |add_ln65_fu_341_p2                 |         +|   0|  0|  17|          10|           1|
    |add_ln66_fu_370_p2                 |         +|   0|  0|  16|           9|           1|
    |add_ln71_fu_409_p2                 |         +|   0|  0|  20|          13|          13|
    |and_ln64_fu_257_p2                 |       and|   0|  0|   2|           1|           1|
    |ap_block_pp0_stage2_11001          |       and|   0|  0|   2|           1|           1|
    |ap_block_pp0_stage3_01001          |       and|   0|  0|   2|           1|           1|
    |ap_block_state16_pp0_stage3_iter3  |       and|   0|  0|   2|           1|           1|
    |ap_condition_295                   |       and|   0|  0|   2|           1|           1|
    |ap_condition_299                   |       and|   0|  0|   2|           1|           1|
    |ap_condition_618                   |       and|   0|  0|   2|           1|           1|
    |ap_condition_630                   |       and|   0|  0|   2|           1|           1|
    |ap_condition_634                   |       and|   0|  0|   2|           1|           1|
    |ap_predicate_op90_read_state3      |       and|   0|  0|   2|           1|           1|
    |ap_predicate_op94_read_state3      |       and|   0|  0|   2|           1|           1|
    |cmp16_fu_358_p2                    |      icmp|   0|  0|  13|           6|           1|
    |cmp9_fu_364_p2                     |      icmp|   0|  0|  17|          10|           1|
    |icmp_ln64_fu_218_p2                |      icmp|   0|  0|  30|          23|          22|
    |icmp_ln65_fu_233_p2                |      icmp|   0|  0|  26|          19|          18|
    |icmp_ln66_1_fu_375_p2              |      icmp|   0|  0|  17|           9|          10|
    |icmp_ln66_fu_251_p2                |      icmp|   0|  0|  17|           9|          10|
    |icmp_ln79_fu_425_p2                |      icmp|   0|  0|  16|           9|           1|
    |icmp_ln86_fu_433_p2                |      icmp|   0|  0|  15|           8|           2|
    |ap_block_pp0_stage0_11001          |        or|   0|  0|   2|           1|           1|
    |ap_block_state3_pp0_stage2_iter0   |        or|   0|  0|   2|           1|           1|
    |or_ln64_fu_239_p2                  |        or|   0|  0|   2|           1|           1|
    |or_ln65_1_fu_269_p2                |        or|   0|  0|   2|           1|           1|
    |or_ln65_fu_263_p2                  |        or|   0|  0|   2|           1|           1|
    |grp_fu_179_p0                      |    select|   0|  0|  32|           1|           1|
    |select_ln64_1_fu_330_p3            |    select|   0|  0|   6|           1|           6|
    |select_ln64_fu_323_p3              |    select|   0|  0|  10|           1|           1|
    |select_ln65_1_fu_347_p3            |    select|   0|  0|  10|           1|          10|
    |select_ln65_2_fu_293_p3            |    select|   0|  0|  19|           1|           1|
    |select_ln65_fu_275_p3              |    select|   0|  0|   9|           1|           1|
    |ap_enable_pp0                      |       xor|   0|  0|   2|           1|           2|
    |xor_ln64_fu_245_p2                 |       xor|   0|  0|   2|           1|           2|
    +-----------------------------------+----------+----+---+----+------------+------------+
    |Total                              |          |   0|  0| 395|         197|         123|
    +-----------------------------------+----------+----+---+----+------------+------------+

    * Multiplexer: 
    +----------------------------------------+----+-----------+-----+-----------+
    |                  Name                  | LUT| Input Size| Bits| Total Bits|
    +----------------------------------------+----+-----------+-----+-----------+
    |ap_NS_fsm                               |  26|          5|    1|          5|
    |ap_done_int                             |   9|          2|    1|          2|
    |ap_enable_reg_pp0_iter0                 |   9|          2|    1|          2|
    |ap_enable_reg_pp0_iter1                 |   9|          2|    1|          2|
    |ap_sig_allocacmp_indvar_flatten14_load  |   9|          2|   23|         46|
    |ap_sig_allocacmp_indvar_flatten_load    |   9|          2|   19|         38|
    |ap_sig_allocacmp_p_load                 |  14|          3|   32|         96|
    |ap_sig_allocacmp_v25_load               |   9|          2|    6|         12|
    |ap_sig_allocacmp_v26_load               |   9|          2|   10|         20|
    |ap_sig_allocacmp_v27_load               |   9|          2|    9|         18|
    |empty_fu_98                             |   9|          2|   32|         64|
    |indvar_flatten14_fu_94                  |   9|          2|   23|         46|
    |indvar_flatten_fu_86                    |   9|          2|   19|         38|
    |v221_blk_n                              |   9|          2|    1|          2|
    |v222_blk_n                              |   9|          2|    1|          2|
    |v223_blk_n                              |   9|          2|    1|          2|
    |v22_address0                            |  14|          3|   15|         45|
    |v23_address0                            |  14|          3|   18|         54|
    |v24_address0                            |  14|          3|   13|         39|
    |v25_fu_90                               |   9|          2|    6|         12|
    |v26_fu_82                               |   9|          2|   10|         20|
    |v27_fu_78                               |   9|          2|    9|         18|
    +----------------------------------------+----+-----------+-----+-----------+
    |Total                                   | 235|         51|  251|        583|
    +----------------------------------------+----+-----------+-----+-----------+

    * Register: 
    +----------------------------------+----+----+-----+-----------+
    |               Name               | FF | LUT| Bits| Const Bits|
    +----------------------------------+----+----+-----+-----------+
    |and_ln64_reg_548                  |   1|   0|    1|          0|
    |ap_CS_fsm                         |   4|   0|    4|          0|
    |ap_done_reg                       |   1|   0|    1|          0|
    |ap_enable_reg_pp0_iter0_reg       |   1|   0|    1|          0|
    |ap_enable_reg_pp0_iter1           |   1|   0|    1|          0|
    |ap_enable_reg_pp0_iter2           |   1|   0|    1|          0|
    |ap_enable_reg_pp0_iter3           |   1|   0|    1|          0|
    |ap_loop_exit_ready_pp0_iter1_reg  |   1|   0|    1|          0|
    |ap_loop_exit_ready_pp0_iter2_reg  |   1|   0|    1|          0|
    |cmp16_reg_586                     |   1|   0|    1|          0|
    |cmp9_reg_590                      |   1|   0|    1|          0|
    |empty_fu_98                       |  32|   0|   32|          0|
    |icmp_ln64_reg_538                 |   1|   0|    1|          0|
    |icmp_ln65_reg_542                 |   1|   0|    1|          0|
    |icmp_ln66_1_reg_594               |   1|   0|    1|          0|
    |icmp_ln79_reg_613                 |   1|   0|    1|          0|
    |icmp_ln79_reg_613_pp0_iter1_reg   |   1|   0|    1|          0|
    |icmp_ln86_reg_618                 |   1|   0|    1|          0|
    |indvar_flatten14_fu_94            |  23|   0|   23|          0|
    |indvar_flatten_fu_86              |  19|   0|   19|          0|
    |or_ln65_reg_553                   |   1|   0|    1|          0|
    |select_ln65_1_reg_575             |  10|   0|   10|          0|
    |select_ln65_reg_557               |   9|   0|    9|          0|
    |trunc_ln65_reg_570                |   5|   0|    5|          0|
    |v222_read_reg_608                 |  32|   0|   32|          0|
    |v22_addr_reg_632                  |  15|   0|   15|          0|
    |v22_load_reg_642                  |  32|   0|   32|          0|
    |v23_addr_reg_627                  |  18|   0|   18|          0|
    |v24_addr_reg_603                  |  13|   0|   13|          0|
    |v25_fu_90                         |   6|   0|    6|          0|
    |v26_fu_82                         |  10|   0|   10|          0|
    |v27_fu_78                         |   9|   0|    9|          0|
    |v29_reg_637                       |  32|   0|   32|          0|
    |v31_reg_657                       |  32|   0|   32|          0|
    |v33_reg_647                       |  32|   0|   32|          0|
    |v34_reg_662                       |  32|   0|   32|          0|
    |icmp_ln64_reg_538                 |  64|  32|    1|          0|
    |icmp_ln66_1_reg_594               |  64|  32|    1|          0|
    |icmp_ln86_reg_618                 |  64|  32|    1|          0|
    |or_ln65_reg_553                   |  64|  32|    1|          0|
    |v22_addr_reg_632                  |  64|  32|   15|          0|
    +----------------------------------+----+----+-----+-----------+
    |Total                             | 702| 160|  401|          0|
    +----------------------------------+----+----+-----+-----------+



================================================================
== Interface
================================================================
* Summary: 
+---------------------+-----+-----+------------+--------------+--------------+
|      RTL Ports      | Dir | Bits|  Protocol  | Source Object|    C Type    |
+---------------------+-----+-----+------------+--------------+--------------+
|ap_clk               |   in|    1|  ap_ctrl_hs|         node2|  return value|
|ap_rst               |   in|    1|  ap_ctrl_hs|         node2|  return value|
|ap_start             |   in|    1|  ap_ctrl_hs|         node2|  return value|
|ap_done              |  out|    1|  ap_ctrl_hs|         node2|  return value|
|ap_continue          |   in|    1|  ap_ctrl_hs|         node2|  return value|
|ap_idle              |  out|    1|  ap_ctrl_hs|         node2|  return value|
|ap_ready             |  out|    1|  ap_ctrl_hs|         node2|  return value|
|v221_din             |  out|   32|     ap_fifo|          v221|       pointer|
|v221_num_data_valid  |   in|   16|     ap_fifo|          v221|       pointer|
|v221_fifo_cap        |   in|   16|     ap_fifo|          v221|       pointer|
|v221_full_n          |   in|    1|     ap_fifo|          v221|       pointer|
|v221_write           |  out|    1|     ap_fifo|          v221|       pointer|
|v223_dout            |   in|   32|     ap_fifo|          v223|       pointer|
|v223_num_data_valid  |   in|   14|     ap_fifo|          v223|       pointer|
|v223_fifo_cap        |   in|   14|     ap_fifo|          v223|       pointer|
|v223_empty_n         |   in|    1|     ap_fifo|          v223|       pointer|
|v223_read            |  out|    1|     ap_fifo|          v223|       pointer|
|v222_dout            |   in|   32|     ap_fifo|          v222|       pointer|
|v222_num_data_valid  |   in|   19|     ap_fifo|          v222|       pointer|
|v222_fifo_cap        |   in|   19|     ap_fifo|          v222|       pointer|
|v222_empty_n         |   in|    1|     ap_fifo|          v222|       pointer|
|v222_read            |  out|    1|     ap_fifo|          v222|       pointer|
+---------------------+-----+-----+------------+--------------+--------------+

