================================================================
== Design Size Report
================================================================

* Total Instructions per Compilation Phase
+---------------+-----------------------------+--------------+----------------------------------------------------------------------------------------+
| Phase         | Step                        | Instructions | Description                                                                            |
+---------------+-----------------------------+--------------+----------------------------------------------------------------------------------------+
| Compile/Link  |                             | 534          | After all functions are compiled and linked into a single design                       |
|               |                             |              |                                                                                        |
| Unroll/Inline |                             |              | After user unroll and inline pragmas are applied                                       |
|               | (1) unroll                  | 304          | user unroll pragmas are applied                                                        |
|               | (2) simplification          | 279          | simplification of applied user unroll pragmas                                          |
|               | (3) inline                  | 260          | user inline pragmas are applied                                                        |
|               | (4) simplification          | 257          | simplification of applied user inline pragmas                                          |
|               |                             |              |                                                                                        |
| Array/Struct  |                             |              | After user array partition and struct aggregate/disaggregate pragmas are applied       |
|               | (1) array partition         | 239          | user array partition pragmas are applied                                               |
|               | (2) simplification          | 239          | simplification of applied user array partition & struct aggregate/disaggregate pragmas |
|               | (3) aggregate/disaggregate  | 239          | user struct aggregate/disaggregate pragmas are applied                                 |
|               | (4) array reshape           | 239          | apply array reshape pragmas                                                            |
|               | (5) access patterns         | 242          | array access pattern optmizations                                                      |
|               |                             |              |                                                                                        |
| Performance   |                             |              | After transformations are applied to meet performance pragma targets                   |
|               | (1) loop simplification     | 239          | loop and instruction simplification                                                    |
|               | (2) parallelization         | 239          | loops are unrolled or pipelined to meet performance targets                            |
|               | (3) array partition         | 239          | arrays are partitioned to meet performance targets                                     |
|               | (4) simplification          | 239          | simplification of design after performance transformations                             |
|               |                             |              |                                                                                        |
| HW Transforms |                             |              | After hardware transfomations                                                          |
|               | (1) lowering                | 265          | initial conversion to HW specific instructions                                         |
|               | (2) optimizations           | 353          | high level synthesis optimizations                                                     |
+---------------+-----------------------------+--------------+----------------------------------------------------------------------------------------+

* Instructions per Function for each Compilation Phase
+-----------+-------------------------------------+--------------+---------------+--------------+-------------+---------------+
| Function  | Location                            | Compile/Link | Unroll/Inline | Array/Struct | Performance | HW Transforms |
+-----------+-------------------------------------+--------------+---------------+--------------+-------------+---------------+
| + forward | DepthwiseSeparableConvBlock.cpp:167 | 534          | 257           | 242          | 239         | 353           |
|    node4  | DepthwiseSeparableConvBlock.cpp:137 | 117          |  57           |  57          |  57         |  81           |
|    node3  | DepthwiseSeparableConvBlock.cpp:96  | 143          |  75           |  75          |  75         |  98           |
|    node2  | DepthwiseSeparableConvBlock.cpp:59  | 102          |  48           |  51          |  48         |  68           |
|    node1  | DepthwiseSeparableConvBlock.cpp:33  |  67          |  22           |  22          |  22         |  38           |
|    node0  | DepthwiseSeparableConvBlock.cpp:17  |  49          |  19           |  19          |  19         |  31           |
+-----------+-------------------------------------+--------------+---------------+--------------+-------------+---------------+

* Design Size Message Settings
+---------------------------------------------+--------+------------------------------------------------------------------+
| Message Setting                             | Value  | Description                                                      |
+---------------------------------------------+--------+------------------------------------------------------------------+
| config_compile -design_size_maximum_warning | 100000 | Show a warning when total design instructions exceeds this value |
+---------------------------------------------+--------+------------------------------------------------------------------+


