

================================================================
== Vitis HLS Report for 'node9'
================================================================
* Date:           Tue Sep 24 20:57:34 2024

* Version:        2023.2 (Build 4023990 on Oct 11 2023)
* Project:        hls_Autoencoder
* Solution:       solution1 (Vivado IP Flow Target)
* Product family: virtexuplusHBM
* Target device:  xcu280-fsvh2892-2L-e


================================================================
== Performance Estimates
================================================================
+ Timing: 
    * Summary: 
    +--------+---------+----------+------------+
    |  Clock |  Target | Estimated| Uncertainty|
    +--------+---------+----------+------------+
    |ap_clk  |  3.33 ns|  2.480 ns|     0.90 ns|
    +--------+---------+----------+------------+

+ Latency: 
    * Summary: 
    +---------+---------+----------+----------+------+------+---------+
    |  Latency (cycles) |  Latency (absolute) |   Interval  | Pipeline|
    |   min   |   max   |    min   |    max   |  min |  max |   Type  |
    +---------+---------+----------+----------+------+------+---------+
    |     1027|     1027|  3.420 us|  3.420 us|  1027|  1027|       no|
    +---------+---------+----------+----------+------+------+---------+

    + Detail: 
        * Instance: 
        N/A

        * Loop: 
        +-----------------+---------+---------+----------+-----------+-----------+------+----------+
        |                 |  Latency (cycles) | Iteration|  Initiation Interval  | Trip |          |
        |    Loop Name    |   min   |   max   |  Latency |  achieved |   target  | Count| Pipelined|
        +-----------------+---------+---------+----------+-----------+-----------+------+----------+
        |- loop42_loop43  |     1025|     1025|         3|          1|          1|  1024|       yes|
        +-----------------+---------+---------+----------+-----------+-----------+------+----------+



================================================================
== Utilization Estimates
================================================================
* Summary: 
+---------------------+---------+------+---------+---------+-----+
|         Name        | BRAM_18K|  DSP |    FF   |   LUT   | URAM|
+---------------------+---------+------+---------+---------+-----+
|DSP                  |        -|     -|        -|        -|    -|
|Expression           |        -|     -|        0|      114|    -|
|FIFO                 |        -|     -|        -|        -|    -|
|Instance             |        -|     -|        -|        -|    -|
|Memory               |        -|     -|        -|        -|    -|
|Multiplexer          |        -|     -|        -|      144|    -|
|Register             |        -|     -|       38|        -|    -|
+---------------------+---------+------+---------+---------+-----+
|Total                |        0|     0|       38|      258|    0|
+---------------------+---------+------+---------+---------+-----+
|Available SLR        |     1344|  3008|   869120|   434560|  320|
+---------------------+---------+------+---------+---------+-----+
|Utilization SLR (%)  |        0|     0|       ~0|       ~0|    0|
+---------------------+---------+------+---------+---------+-----+
|Available            |     4032|  9024|  2607360|  1303680|  960|
+---------------------+---------+------+---------+---------+-----+
|Utilization (%)      |        0|     0|       ~0|       ~0|    0|
+---------------------+---------+------+---------+---------+-----+

+ Detail: 
    * Instance: 
    N/A

    * DSP: 
    N/A

    * Memory: 
    N/A

    * FIFO: 
    N/A

    * Expression: 
    +----------------------------------+----------+----+---+----+------------+------------+
    |           Variable Name          | Operation| DSP| FF| LUT| Bitwidth P0| Bitwidth P1|
    +----------------------------------+----------+----+---+----+------------+------------+
    |add_ln325_1_fu_280_p2             |         +|   0|  0|  18|          11|           1|
    |add_ln325_fu_292_p2               |         +|   0|  0|  13|           6|           1|
    |add_ln326_fu_342_p2               |         +|   0|  0|  13|           6|           1|
    |add_ln330_fu_336_p2               |         +|   0|  0|  17|          10|          10|
    |ap_condition_217                  |       and|   0|  0|   2|           1|           1|
    |icmp_ln325_fu_274_p2              |      icmp|   0|  0|  19|          11|          12|
    |icmp_ln326_fu_298_p2              |      icmp|   0|  0|  14|           6|           7|
    |ap_block_pp0_stage0_01001         |        or|   0|  0|   2|           1|           1|
    |ap_block_state3_pp0_stage0_iter2  |        or|   0|  0|   2|           1|           1|
    |select_ln325_1_fu_316_p3          |    select|   0|  0|   6|           1|           6|
    |select_ln325_fu_304_p3            |    select|   0|  0|   6|           1|           1|
    |ap_enable_pp0                     |       xor|   0|  0|   2|           1|           2|
    +----------------------------------+----------+----+---+----+------------+------------+
    |Total                             |          |   0|  0| 114|          56|          44|
    +----------------------------------+----------+----+---+----+------------+------------+

    * Multiplexer: 
    +--------------------------------------+----+-----------+-----+-----------+
    |                 Name                 | LUT| Input Size| Bits| Total Bits|
    +--------------------------------------+----+-----------+-----+-----------+
    |ap_done_int                           |   9|          2|    1|          2|
    |ap_enable_reg_pp0_iter1               |   9|          2|    1|          2|
    |ap_sig_allocacmp_indvar_flatten_load  |   9|          2|   11|         22|
    |ap_sig_allocacmp_v127_load            |   9|          2|    6|         12|
    |ap_sig_allocacmp_v128_load            |   9|          2|    6|         12|
    |indvar_flatten_fu_84                  |   9|          2|   11|         22|
    |v127_fu_80                            |   9|          2|    6|         12|
    |v128_fu_76                            |   9|          2|    6|         12|
    |v272_0_0_blk_n                        |   9|          2|    1|          2|
    |v272_0_1_blk_n                        |   9|          2|    1|          2|
    |v272_0_2_blk_n                        |   9|          2|    1|          2|
    |v272_0_3_blk_n                        |   9|          2|    1|          2|
    |v272_1_0_blk_n                        |   9|          2|    1|          2|
    |v272_1_1_blk_n                        |   9|          2|    1|          2|
    |v272_1_2_blk_n                        |   9|          2|    1|          2|
    |v272_1_3_blk_n                        |   9|          2|    1|          2|
    +--------------------------------------+----+-----------+-----+-----------+
    |Total                                 | 144|         32|   56|        112|
    +--------------------------------------+----+-----------+-----+-----------+

    * Register: 
    +----------------------------------+----+----+-----+-----------+
    |               Name               | FF | LUT| Bits| Const Bits|
    +----------------------------------+----+----+-----+-----------+
    |add_ln330_reg_399                 |  10|   0|   10|          0|
    |ap_CS_fsm                         |   1|   0|    1|          0|
    |ap_done_reg                       |   1|   0|    1|          0|
    |ap_enable_reg_pp0_iter1           |   1|   0|    1|          0|
    |ap_enable_reg_pp0_iter2           |   1|   0|    1|          0|
    |ap_loop_exit_ready_pp0_iter1_reg  |   1|   0|    1|          0|
    |indvar_flatten_fu_84              |  11|   0|   11|          0|
    |v127_fu_80                        |   6|   0|    6|          0|
    |v128_fu_76                        |   6|   0|    6|          0|
    +----------------------------------+----+----+-----+-----------+
    |Total                             |  38|   0|   38|          0|
    +----------------------------------+----+----+-----+-----------+



================================================================
== Interface
================================================================
* Summary: 
+-------------------------+-----+-----+------------+--------------+--------------+
|        RTL Ports        | Dir | Bits|  Protocol  | Source Object|    C Type    |
+-------------------------+-----+-----+------------+--------------+--------------+
|ap_clk                   |   in|    1|  ap_ctrl_hs|         node9|  return value|
|ap_rst                   |   in|    1|  ap_ctrl_hs|         node9|  return value|
|ap_start                 |   in|    1|  ap_ctrl_hs|         node9|  return value|
|ap_done                  |  out|    1|  ap_ctrl_hs|         node9|  return value|
|ap_continue              |   in|    1|  ap_ctrl_hs|         node9|  return value|
|ap_idle                  |  out|    1|  ap_ctrl_hs|         node9|  return value|
|ap_ready                 |  out|    1|  ap_ctrl_hs|         node9|  return value|
|v272_0_0_din             |  out|   32|     ap_fifo|      v272_0_0|       pointer|
|v272_0_0_num_data_valid  |   in|   11|     ap_fifo|      v272_0_0|       pointer|
|v272_0_0_fifo_cap        |   in|   11|     ap_fifo|      v272_0_0|       pointer|
|v272_0_0_full_n          |   in|    1|     ap_fifo|      v272_0_0|       pointer|
|v272_0_0_write           |  out|    1|     ap_fifo|      v272_0_0|       pointer|
|v272_0_1_din             |  out|   32|     ap_fifo|      v272_0_1|       pointer|
|v272_0_1_num_data_valid  |   in|   11|     ap_fifo|      v272_0_1|       pointer|
|v272_0_1_fifo_cap        |   in|   11|     ap_fifo|      v272_0_1|       pointer|
|v272_0_1_full_n          |   in|    1|     ap_fifo|      v272_0_1|       pointer|
|v272_0_1_write           |  out|    1|     ap_fifo|      v272_0_1|       pointer|
|v272_0_2_din             |  out|   32|     ap_fifo|      v272_0_2|       pointer|
|v272_0_2_num_data_valid  |   in|   11|     ap_fifo|      v272_0_2|       pointer|
|v272_0_2_fifo_cap        |   in|   11|     ap_fifo|      v272_0_2|       pointer|
|v272_0_2_full_n          |   in|    1|     ap_fifo|      v272_0_2|       pointer|
|v272_0_2_write           |  out|    1|     ap_fifo|      v272_0_2|       pointer|
|v272_0_3_din             |  out|   32|     ap_fifo|      v272_0_3|       pointer|
|v272_0_3_num_data_valid  |   in|   11|     ap_fifo|      v272_0_3|       pointer|
|v272_0_3_fifo_cap        |   in|   11|     ap_fifo|      v272_0_3|       pointer|
|v272_0_3_full_n          |   in|    1|     ap_fifo|      v272_0_3|       pointer|
|v272_0_3_write           |  out|    1|     ap_fifo|      v272_0_3|       pointer|
|v272_1_0_din             |  out|   32|     ap_fifo|      v272_1_0|       pointer|
|v272_1_0_num_data_valid  |   in|   11|     ap_fifo|      v272_1_0|       pointer|
|v272_1_0_fifo_cap        |   in|   11|     ap_fifo|      v272_1_0|       pointer|
|v272_1_0_full_n          |   in|    1|     ap_fifo|      v272_1_0|       pointer|
|v272_1_0_write           |  out|    1|     ap_fifo|      v272_1_0|       pointer|
|v272_1_1_din             |  out|   32|     ap_fifo|      v272_1_1|       pointer|
|v272_1_1_num_data_valid  |   in|   11|     ap_fifo|      v272_1_1|       pointer|
|v272_1_1_fifo_cap        |   in|   11|     ap_fifo|      v272_1_1|       pointer|
|v272_1_1_full_n          |   in|    1|     ap_fifo|      v272_1_1|       pointer|
|v272_1_1_write           |  out|    1|     ap_fifo|      v272_1_1|       pointer|
|v272_1_2_din             |  out|   32|     ap_fifo|      v272_1_2|       pointer|
|v272_1_2_num_data_valid  |   in|   11|     ap_fifo|      v272_1_2|       pointer|
|v272_1_2_fifo_cap        |   in|   11|     ap_fifo|      v272_1_2|       pointer|
|v272_1_2_full_n          |   in|    1|     ap_fifo|      v272_1_2|       pointer|
|v272_1_2_write           |  out|    1|     ap_fifo|      v272_1_2|       pointer|
|v272_1_3_din             |  out|   32|     ap_fifo|      v272_1_3|       pointer|
|v272_1_3_num_data_valid  |   in|   11|     ap_fifo|      v272_1_3|       pointer|
|v272_1_3_fifo_cap        |   in|   11|     ap_fifo|      v272_1_3|       pointer|
|v272_1_3_full_n          |   in|    1|     ap_fifo|      v272_1_3|       pointer|
|v272_1_3_write           |  out|    1|     ap_fifo|      v272_1_3|       pointer|
|v258_0_0_address0        |  out|   10|   ap_memory|      v258_0_0|         array|
|v258_0_0_ce0             |  out|    1|   ap_memory|      v258_0_0|         array|
|v258_0_0_q0              |   in|   32|   ap_memory|      v258_0_0|         array|
|v258_0_1_address0        |  out|   10|   ap_memory|      v258_0_1|         array|
|v258_0_1_ce0             |  out|    1|   ap_memory|      v258_0_1|         array|
|v258_0_1_q0              |   in|   32|   ap_memory|      v258_0_1|         array|
|v258_1_0_address0        |  out|   10|   ap_memory|      v258_1_0|         array|
|v258_1_0_ce0             |  out|    1|   ap_memory|      v258_1_0|         array|
|v258_1_0_q0              |   in|   32|   ap_memory|      v258_1_0|         array|
|v258_1_1_address0        |  out|   10|   ap_memory|      v258_1_1|         array|
|v258_1_1_ce0             |  out|    1|   ap_memory|      v258_1_1|         array|
|v258_1_1_q0              |   in|   32|   ap_memory|      v258_1_1|         array|
|v258_2_0_address0        |  out|   10|   ap_memory|      v258_2_0|         array|
|v258_2_0_ce0             |  out|    1|   ap_memory|      v258_2_0|         array|
|v258_2_0_q0              |   in|   32|   ap_memory|      v258_2_0|         array|
|v258_2_1_address0        |  out|   10|   ap_memory|      v258_2_1|         array|
|v258_2_1_ce0             |  out|    1|   ap_memory|      v258_2_1|         array|
|v258_2_1_q0              |   in|   32|   ap_memory|      v258_2_1|         array|
|v258_3_0_address0        |  out|   10|   ap_memory|      v258_3_0|         array|
|v258_3_0_ce0             |  out|    1|   ap_memory|      v258_3_0|         array|
|v258_3_0_q0              |   in|   32|   ap_memory|      v258_3_0|         array|
|v258_3_1_address0        |  out|   10|   ap_memory|      v258_3_1|         array|
|v258_3_1_ce0             |  out|    1|   ap_memory|      v258_3_1|         array|
|v258_3_1_q0              |   in|   32|   ap_memory|      v258_3_1|         array|
+-------------------------+-----+-----+------------+--------------+--------------+

