

================================================================
== Vitis HLS Report for 'node1'
================================================================
* Date:           Tue Sep 24 20:57:38 2024

* Version:        2023.2 (Build 4023990 on Oct 11 2023)
* Project:        hls_Autoencoder
* Solution:       solution1 (Vivado IP Flow Target)
* Product family: virtexuplusHBM
* Target device:  xcu280-fsvh2892-2L-e


================================================================
== Performance Estimates
================================================================
+ Timing: 
    * Summary: 
    +--------+---------+----------+------------+
    |  Clock |  Target | Estimated| Uncertainty|
    +--------+---------+----------+------------+
    |ap_clk  |  3.33 ns|  2.466 ns|     0.90 ns|
    +--------+---------+----------+------------+

+ Latency: 
    * Summary: 
    +---------+---------+----------+----------+-----+-----+---------+
    |  Latency (cycles) |  Latency (absolute) |  Interval | Pipeline|
    |   min   |   max   |    min   |    max   | min | max |   Type  |
    +---------+---------+----------+----------+-----+-----+---------+
    |      942|      942|  3.137 us|  3.137 us|  942|  942|       no|
    +---------+---------+----------+----------+-----+-----+---------+

    + Detail: 
        * Instance: 
        N/A

        * Loop: 
        +---------------+---------+---------+----------+-----------+-----------+------+----------+
        |               |  Latency (cycles) | Iteration|  Initiation Interval  | Trip |          |
        |   Loop Name   |   min   |   max   |  Latency |  achieved |   target  | Count| Pipelined|
        +---------------+---------+---------+----------+-----------+-----------+------+----------+
        |- loop4_loop5  |      940|      940|        46|          1|          1|   896|       yes|
        +---------------+---------+---------+----------+-----------+-----------+------+----------+



================================================================
== Utilization Estimates
================================================================
* Summary: 
+---------------------+---------+------+---------+---------+-----+
|         Name        | BRAM_18K|  DSP |    FF   |   LUT   | URAM|
+---------------------+---------+------+---------+---------+-----+
|DSP                  |        -|     -|        -|        -|    -|
|Expression           |        -|     -|        0|      997|    -|
|FIFO                 |        -|     -|        -|        -|    -|
|Instance             |        -|   532|    34664|    35252|    -|
|Memory               |        -|     -|        -|        -|    -|
|Multiplexer          |        -|     -|        -|      567|    -|
|Register             |        -|     -|     6379|        -|    -|
+---------------------+---------+------+---------+---------+-----+
|Total                |        0|   532|    41043|    36816|    0|
+---------------------+---------+------+---------+---------+-----+
|Available SLR        |     1344|  3008|   869120|   434560|  320|
+---------------------+---------+------+---------+---------+-----+
|Utilization SLR (%)  |        0|    17|        4|        8|    0|
+---------------------+---------+------+---------+---------+-----+
|Available            |     4032|  9024|  2607360|  1303680|  960|
+---------------------+---------+------+---------+---------+-----+
|Utilization (%)      |        0|     5|        1|        2|    0|
+---------------------+---------+------+---------+---------+-----+

+ Detail: 
    * Instance: 
    +-----------------------------------------+-----------------------------------+---------+----+-----+-----+-----+
    |                 Instance                |               Module              | BRAM_18K| DSP|  FF | LUT | URAM|
    +-----------------------------------------+-----------------------------------+---------+----+-----+-----+-----+
    |fadd_32ns_32ns_32_7_full_dsp_1_U2807     |fadd_32ns_32ns_32_7_full_dsp_1     |        0|   2|  318|  198|    0|
    |fadd_32ns_32ns_32_7_full_dsp_1_U2808     |fadd_32ns_32ns_32_7_full_dsp_1     |        0|   2|  318|  198|    0|
    |fadd_32ns_32ns_32_7_full_dsp_1_U2809     |fadd_32ns_32ns_32_7_full_dsp_1     |        0|   2|  318|  198|    0|
    |fadd_32ns_32ns_32_7_full_dsp_1_U2810     |fadd_32ns_32ns_32_7_full_dsp_1     |        0|   2|  318|  198|    0|
    |fadd_32ns_32ns_32_7_full_dsp_1_U2811     |fadd_32ns_32ns_32_7_full_dsp_1     |        0|   2|  318|  198|    0|
    |fadd_32ns_32ns_32_7_full_dsp_1_U2812     |fadd_32ns_32ns_32_7_full_dsp_1     |        0|   2|  318|  198|    0|
    |fadd_32ns_32ns_32_7_full_dsp_1_U2813     |fadd_32ns_32ns_32_7_full_dsp_1     |        0|   2|  318|  198|    0|
    |fadd_32ns_32ns_32_7_full_dsp_1_U2814     |fadd_32ns_32ns_32_7_full_dsp_1     |        0|   2|  318|  198|    0|
    |fadd_32ns_32ns_32_7_full_dsp_1_U2815     |fadd_32ns_32ns_32_7_full_dsp_1     |        0|   2|  318|  198|    0|
    |fadd_32ns_32ns_32_7_full_dsp_1_U2816     |fadd_32ns_32ns_32_7_full_dsp_1     |        0|   2|  318|  198|    0|
    |fadd_32ns_32ns_32_7_full_dsp_1_U2817     |fadd_32ns_32ns_32_7_full_dsp_1     |        0|   2|  318|  198|    0|
    |fadd_32ns_32ns_32_7_full_dsp_1_U2818     |fadd_32ns_32ns_32_7_full_dsp_1     |        0|   2|  318|  198|    0|
    |fadd_32ns_32ns_32_7_full_dsp_1_U2819     |fadd_32ns_32ns_32_7_full_dsp_1     |        0|   2|  318|  198|    0|
    |fadd_32ns_32ns_32_7_full_dsp_1_U2820     |fadd_32ns_32ns_32_7_full_dsp_1     |        0|   2|  318|  198|    0|
    |fadd_32ns_32ns_32_7_full_dsp_1_U2821     |fadd_32ns_32ns_32_7_full_dsp_1     |        0|   2|  318|  198|    0|
    |fadd_32ns_32ns_32_7_full_dsp_1_U2822     |fadd_32ns_32ns_32_7_full_dsp_1     |        0|   2|  318|  198|    0|
    |fadd_32ns_32ns_32_7_full_dsp_1_U2823     |fadd_32ns_32ns_32_7_full_dsp_1     |        0|   2|  318|  198|    0|
    |fadd_32ns_32ns_32_7_full_dsp_1_U2824     |fadd_32ns_32ns_32_7_full_dsp_1     |        0|   2|  318|  198|    0|
    |fadd_32ns_32ns_32_7_full_dsp_1_U2825     |fadd_32ns_32ns_32_7_full_dsp_1     |        0|   2|  318|  198|    0|
    |fadd_32ns_32ns_32_7_full_dsp_1_U2826     |fadd_32ns_32ns_32_7_full_dsp_1     |        0|   2|  318|  198|    0|
    |fadd_32ns_32ns_32_7_full_dsp_1_U2827     |fadd_32ns_32ns_32_7_full_dsp_1     |        0|   2|  318|  198|    0|
    |fadd_32ns_32ns_32_7_full_dsp_1_U2828     |fadd_32ns_32ns_32_7_full_dsp_1     |        0|   2|  318|  198|    0|
    |fadd_32ns_32ns_32_7_full_dsp_1_U2829     |fadd_32ns_32ns_32_7_full_dsp_1     |        0|   2|  318|  198|    0|
    |fadd_32ns_32ns_32_7_full_dsp_1_U2830     |fadd_32ns_32ns_32_7_full_dsp_1     |        0|   2|  318|  198|    0|
    |fadd_32ns_32ns_32_7_full_dsp_1_U2831     |fadd_32ns_32ns_32_7_full_dsp_1     |        0|   2|  318|  198|    0|
    |fadd_32ns_32ns_32_7_full_dsp_1_U2832     |fadd_32ns_32ns_32_7_full_dsp_1     |        0|   2|  318|  198|    0|
    |fadd_32ns_32ns_32_7_full_dsp_1_U2833     |fadd_32ns_32ns_32_7_full_dsp_1     |        0|   2|  318|  198|    0|
    |fadd_32ns_32ns_32_7_full_dsp_1_U2834     |fadd_32ns_32ns_32_7_full_dsp_1     |        0|   2|  318|  198|    0|
    |fadd_32ns_32ns_32_7_full_dsp_1_U2835     |fadd_32ns_32ns_32_7_full_dsp_1     |        0|   2|  318|  198|    0|
    |fadd_32ns_32ns_32_7_full_dsp_1_U2836     |fadd_32ns_32ns_32_7_full_dsp_1     |        0|   2|  318|  198|    0|
    |fadd_32ns_32ns_32_7_full_dsp_1_U2837     |fadd_32ns_32ns_32_7_full_dsp_1     |        0|   2|  318|  198|    0|
    |fadd_32ns_32ns_32_7_full_dsp_1_U2838     |fadd_32ns_32ns_32_7_full_dsp_1     |        0|   2|  318|  198|    0|
    |fadd_32ns_32ns_32_7_full_dsp_1_U2839     |fadd_32ns_32ns_32_7_full_dsp_1     |        0|   2|  318|  198|    0|
    |fadd_32ns_32ns_32_7_full_dsp_1_U2840     |fadd_32ns_32ns_32_7_full_dsp_1     |        0|   2|  318|  198|    0|
    |fadd_32ns_32ns_32_7_full_dsp_1_U2841     |fadd_32ns_32ns_32_7_full_dsp_1     |        0|   2|  318|  198|    0|
    |fadd_32ns_32ns_32_7_full_dsp_1_U2842     |fadd_32ns_32ns_32_7_full_dsp_1     |        0|   2|  318|  198|    0|
    |fadd_32ns_32ns_32_7_full_dsp_1_U2843     |fadd_32ns_32ns_32_7_full_dsp_1     |        0|   2|  318|  198|    0|
    |fadd_32ns_32ns_32_7_full_dsp_1_U2844     |fadd_32ns_32ns_32_7_full_dsp_1     |        0|   2|  318|  198|    0|
    |fadd_32ns_32ns_32_7_full_dsp_1_U2845     |fadd_32ns_32ns_32_7_full_dsp_1     |        0|   2|  318|  198|    0|
    |fadd_32ns_32ns_32_7_full_dsp_1_U2846     |fadd_32ns_32ns_32_7_full_dsp_1     |        0|   2|  318|  198|    0|
    |fadd_32ns_32ns_32_7_full_dsp_1_U2847     |fadd_32ns_32ns_32_7_full_dsp_1     |        0|   2|  318|  198|    0|
    |fadd_32ns_32ns_32_7_full_dsp_1_U2848     |fadd_32ns_32ns_32_7_full_dsp_1     |        0|   2|  318|  198|    0|
    |fadd_32ns_32ns_32_7_full_dsp_1_U2849     |fadd_32ns_32ns_32_7_full_dsp_1     |        0|   2|  318|  198|    0|
    |fadd_32ns_32ns_32_7_full_dsp_1_U2850     |fadd_32ns_32ns_32_7_full_dsp_1     |        0|   2|  318|  198|    0|
    |fadd_32ns_32ns_32_7_full_dsp_1_U2851     |fadd_32ns_32ns_32_7_full_dsp_1     |        0|   2|  318|  198|    0|
    |fadd_32ns_32ns_32_7_full_dsp_1_U2852     |fadd_32ns_32ns_32_7_full_dsp_1     |        0|   2|  318|  198|    0|
    |fadd_32ns_32ns_32_7_full_dsp_1_U2853     |fadd_32ns_32ns_32_7_full_dsp_1     |        0|   2|  318|  198|    0|
    |fadd_32ns_32ns_32_7_full_dsp_1_U2854     |fadd_32ns_32ns_32_7_full_dsp_1     |        0|   2|  318|  198|    0|
    |fadd_32ns_32ns_32_7_full_dsp_1_U2855     |fadd_32ns_32ns_32_7_full_dsp_1     |        0|   2|  318|  198|    0|
    |fadd_32ns_32ns_32_7_full_dsp_1_U2856     |fadd_32ns_32ns_32_7_full_dsp_1     |        0|   2|  318|  198|    0|
    |fadd_32ns_32ns_32_7_full_dsp_1_U2857     |fadd_32ns_32ns_32_7_full_dsp_1     |        0|   2|  318|  198|    0|
    |fadd_32ns_32ns_32_7_full_dsp_1_U2858     |fadd_32ns_32ns_32_7_full_dsp_1     |        0|   2|  318|  198|    0|
    |fadd_32ns_32ns_32_7_full_dsp_1_U2859     |fadd_32ns_32ns_32_7_full_dsp_1     |        0|   2|  318|  198|    0|
    |fadd_32ns_32ns_32_7_full_dsp_1_U2860     |fadd_32ns_32ns_32_7_full_dsp_1     |        0|   2|  318|  198|    0|
    |fadd_32ns_32ns_32_7_full_dsp_1_U2861     |fadd_32ns_32ns_32_7_full_dsp_1     |        0|   2|  318|  198|    0|
    |fadd_32ns_32ns_32_7_full_dsp_1_U2862     |fadd_32ns_32ns_32_7_full_dsp_1     |        0|   2|  318|  198|    0|
    |fexp_32ns_32ns_32_14_full_dsp_1_U2891    |fexp_32ns_32ns_32_14_full_dsp_1    |        0|   7|  316|  748|    0|
    |fexp_32ns_32ns_32_14_full_dsp_1_U2892    |fexp_32ns_32ns_32_14_full_dsp_1    |        0|   7|  316|  748|    0|
    |fexp_32ns_32ns_32_14_full_dsp_1_U2893    |fexp_32ns_32ns_32_14_full_dsp_1    |        0|   7|  316|  748|    0|
    |fexp_32ns_32ns_32_14_full_dsp_1_U2894    |fexp_32ns_32ns_32_14_full_dsp_1    |        0|   7|  316|  748|    0|
    |fexp_32ns_32ns_32_14_full_dsp_1_U2895    |fexp_32ns_32ns_32_14_full_dsp_1    |        0|   7|  316|  748|    0|
    |fexp_32ns_32ns_32_14_full_dsp_1_U2896    |fexp_32ns_32ns_32_14_full_dsp_1    |        0|   7|  316|  748|    0|
    |fexp_32ns_32ns_32_14_full_dsp_1_U2897    |fexp_32ns_32ns_32_14_full_dsp_1    |        0|   7|  316|  748|    0|
    |fexp_32ns_32ns_32_14_full_dsp_1_U2898    |fexp_32ns_32ns_32_14_full_dsp_1    |        0|   7|  316|  748|    0|
    |fexp_32ns_32ns_32_14_full_dsp_1_U2899    |fexp_32ns_32ns_32_14_full_dsp_1    |        0|   7|  316|  748|    0|
    |fexp_32ns_32ns_32_14_full_dsp_1_U2900    |fexp_32ns_32ns_32_14_full_dsp_1    |        0|   7|  316|  748|    0|
    |fexp_32ns_32ns_32_14_full_dsp_1_U2901    |fexp_32ns_32ns_32_14_full_dsp_1    |        0|   7|  316|  748|    0|
    |fexp_32ns_32ns_32_14_full_dsp_1_U2902    |fexp_32ns_32ns_32_14_full_dsp_1    |        0|   7|  316|  748|    0|
    |fexp_32ns_32ns_32_14_full_dsp_1_U2903    |fexp_32ns_32ns_32_14_full_dsp_1    |        0|   7|  316|  748|    0|
    |fexp_32ns_32ns_32_14_full_dsp_1_U2904    |fexp_32ns_32ns_32_14_full_dsp_1    |        0|   7|  316|  748|    0|
    |fexp_32ns_32ns_32_14_full_dsp_1_U2905    |fexp_32ns_32ns_32_14_full_dsp_1    |        0|   7|  316|  748|    0|
    |fexp_32ns_32ns_32_14_full_dsp_1_U2906    |fexp_32ns_32ns_32_14_full_dsp_1    |        0|   7|  316|  748|    0|
    |fexp_32ns_32ns_32_14_full_dsp_1_U2907    |fexp_32ns_32ns_32_14_full_dsp_1    |        0|   7|  316|  748|    0|
    |fexp_32ns_32ns_32_14_full_dsp_1_U2908    |fexp_32ns_32ns_32_14_full_dsp_1    |        0|   7|  316|  748|    0|
    |fexp_32ns_32ns_32_14_full_dsp_1_U2909    |fexp_32ns_32ns_32_14_full_dsp_1    |        0|   7|  316|  748|    0|
    |fexp_32ns_32ns_32_14_full_dsp_1_U2910    |fexp_32ns_32ns_32_14_full_dsp_1    |        0|   7|  316|  748|    0|
    |fexp_32ns_32ns_32_14_full_dsp_1_U2911    |fexp_32ns_32ns_32_14_full_dsp_1    |        0|   7|  316|  748|    0|
    |fexp_32ns_32ns_32_14_full_dsp_1_U2912    |fexp_32ns_32ns_32_14_full_dsp_1    |        0|   7|  316|  748|    0|
    |fexp_32ns_32ns_32_14_full_dsp_1_U2913    |fexp_32ns_32ns_32_14_full_dsp_1    |        0|   7|  316|  748|    0|
    |fexp_32ns_32ns_32_14_full_dsp_1_U2914    |fexp_32ns_32ns_32_14_full_dsp_1    |        0|   7|  316|  748|    0|
    |fexp_32ns_32ns_32_14_full_dsp_1_U2915    |fexp_32ns_32ns_32_14_full_dsp_1    |        0|   7|  316|  748|    0|
    |fexp_32ns_32ns_32_14_full_dsp_1_U2916    |fexp_32ns_32ns_32_14_full_dsp_1    |        0|   7|  316|  748|    0|
    |fexp_32ns_32ns_32_14_full_dsp_1_U2917    |fexp_32ns_32ns_32_14_full_dsp_1    |        0|   7|  316|  748|    0|
    |fexp_32ns_32ns_32_14_full_dsp_1_U2918    |fexp_32ns_32ns_32_14_full_dsp_1    |        0|   7|  316|  748|    0|
    |frecip_32ns_32ns_32_14_full_dsp_1_U2863  |frecip_32ns_32ns_32_14_full_dsp_1  |        0|   8|  286|  115|    0|
    |frecip_32ns_32ns_32_14_full_dsp_1_U2864  |frecip_32ns_32ns_32_14_full_dsp_1  |        0|   8|  286|  115|    0|
    |frecip_32ns_32ns_32_14_full_dsp_1_U2865  |frecip_32ns_32ns_32_14_full_dsp_1  |        0|   8|  286|  115|    0|
    |frecip_32ns_32ns_32_14_full_dsp_1_U2866  |frecip_32ns_32ns_32_14_full_dsp_1  |        0|   8|  286|  115|    0|
    |frecip_32ns_32ns_32_14_full_dsp_1_U2867  |frecip_32ns_32ns_32_14_full_dsp_1  |        0|   8|  286|  115|    0|
    |frecip_32ns_32ns_32_14_full_dsp_1_U2868  |frecip_32ns_32ns_32_14_full_dsp_1  |        0|   8|  286|  115|    0|
    |frecip_32ns_32ns_32_14_full_dsp_1_U2869  |frecip_32ns_32ns_32_14_full_dsp_1  |        0|   8|  286|  115|    0|
    |frecip_32ns_32ns_32_14_full_dsp_1_U2870  |frecip_32ns_32ns_32_14_full_dsp_1  |        0|   8|  286|  115|    0|
    |frecip_32ns_32ns_32_14_full_dsp_1_U2871  |frecip_32ns_32ns_32_14_full_dsp_1  |        0|   8|  286|  115|    0|
    |frecip_32ns_32ns_32_14_full_dsp_1_U2872  |frecip_32ns_32ns_32_14_full_dsp_1  |        0|   8|  286|  115|    0|
    |frecip_32ns_32ns_32_14_full_dsp_1_U2873  |frecip_32ns_32ns_32_14_full_dsp_1  |        0|   8|  286|  115|    0|
    |frecip_32ns_32ns_32_14_full_dsp_1_U2874  |frecip_32ns_32ns_32_14_full_dsp_1  |        0|   8|  286|  115|    0|
    |frecip_32ns_32ns_32_14_full_dsp_1_U2875  |frecip_32ns_32ns_32_14_full_dsp_1  |        0|   8|  286|  115|    0|
    |frecip_32ns_32ns_32_14_full_dsp_1_U2876  |frecip_32ns_32ns_32_14_full_dsp_1  |        0|   8|  286|  115|    0|
    |frecip_32ns_32ns_32_14_full_dsp_1_U2877  |frecip_32ns_32ns_32_14_full_dsp_1  |        0|   8|  286|  115|    0|
    |frecip_32ns_32ns_32_14_full_dsp_1_U2878  |frecip_32ns_32ns_32_14_full_dsp_1  |        0|   8|  286|  115|    0|
    |frecip_32ns_32ns_32_14_full_dsp_1_U2879  |frecip_32ns_32ns_32_14_full_dsp_1  |        0|   8|  286|  115|    0|
    |frecip_32ns_32ns_32_14_full_dsp_1_U2880  |frecip_32ns_32ns_32_14_full_dsp_1  |        0|   8|  286|  115|    0|
    |frecip_32ns_32ns_32_14_full_dsp_1_U2881  |frecip_32ns_32ns_32_14_full_dsp_1  |        0|   8|  286|  115|    0|
    |frecip_32ns_32ns_32_14_full_dsp_1_U2882  |frecip_32ns_32ns_32_14_full_dsp_1  |        0|   8|  286|  115|    0|
    |frecip_32ns_32ns_32_14_full_dsp_1_U2883  |frecip_32ns_32ns_32_14_full_dsp_1  |        0|   8|  286|  115|    0|
    |frecip_32ns_32ns_32_14_full_dsp_1_U2884  |frecip_32ns_32ns_32_14_full_dsp_1  |        0|   8|  286|  115|    0|
    |frecip_32ns_32ns_32_14_full_dsp_1_U2885  |frecip_32ns_32ns_32_14_full_dsp_1  |        0|   8|  286|  115|    0|
    |frecip_32ns_32ns_32_14_full_dsp_1_U2886  |frecip_32ns_32ns_32_14_full_dsp_1  |        0|   8|  286|  115|    0|
    |frecip_32ns_32ns_32_14_full_dsp_1_U2887  |frecip_32ns_32ns_32_14_full_dsp_1  |        0|   8|  286|  115|    0|
    |frecip_32ns_32ns_32_14_full_dsp_1_U2888  |frecip_32ns_32ns_32_14_full_dsp_1  |        0|   8|  286|  115|    0|
    |frecip_32ns_32ns_32_14_full_dsp_1_U2889  |frecip_32ns_32ns_32_14_full_dsp_1  |        0|   8|  286|  115|    0|
    |frecip_32ns_32ns_32_14_full_dsp_1_U2890  |frecip_32ns_32ns_32_14_full_dsp_1  |        0|   8|  286|  115|    0|
    +-----------------------------------------+-----------------------------------+---------+----+-----+-----+-----+
    |Total                                    |                                   |        0| 532|34664|35252|    0|
    +-----------------------------------------+-----------------------------------+---------+----+-----+-----+-----+

    * DSP: 
    N/A

    * Memory: 
    N/A

    * FIFO: 
    N/A

    * Expression: 
    +------------------------------------+----------+----+---+----+------------+------------+
    |            Variable Name           | Operation| DSP| FF| LUT| Bitwidth P0| Bitwidth P1|
    +------------------------------------+----------+----+---+----+------------+------------+
    |add_ln45_fu_1505_p2                 |         +|   0|  0|  17|          10|           1|
    |add_ln46_fu_1560_p2                 |         +|   0|  0|  12|           5|           1|
    |ap_condition_2821                   |       and|   0|  0|   2|           1|           1|
    |icmp_ln45_fu_1499_p2                |      icmp|   0|  0|  17|          10|           9|
    |icmp_ln46_fu_1514_p2                |      icmp|   0|  0|  12|           5|           4|
    |ap_block_pp0_stage0_01001           |        or|   0|  0|   2|           1|           1|
    |ap_block_state2_pp0_stage0_iter1    |        or|   0|  0|   2|           1|           1|
    |ap_block_state46_pp0_stage0_iter45  |        or|   0|  0|   2|           1|           1|
    |select_ln45_fu_1520_p3              |    select|   0|  0|   5|           1|           1|
    |ap_enable_pp0                       |       xor|   0|  0|   2|           1|           2|
    |xor_ln53_10_fu_1893_p2              |       xor|   0|  0|  33|          32|          33|
    |xor_ln53_11_fu_1902_p2              |       xor|   0|  0|  33|          32|          33|
    |xor_ln53_12_fu_1911_p2              |       xor|   0|  0|  33|          32|          33|
    |xor_ln53_13_fu_1920_p2              |       xor|   0|  0|  33|          32|          33|
    |xor_ln53_14_fu_1929_p2              |       xor|   0|  0|  33|          32|          33|
    |xor_ln53_15_fu_1938_p2              |       xor|   0|  0|  33|          32|          33|
    |xor_ln53_16_fu_1947_p2              |       xor|   0|  0|  33|          32|          33|
    |xor_ln53_17_fu_1956_p2              |       xor|   0|  0|  33|          32|          33|
    |xor_ln53_18_fu_1965_p2              |       xor|   0|  0|  33|          32|          33|
    |xor_ln53_19_fu_1974_p2              |       xor|   0|  0|  33|          32|          33|
    |xor_ln53_1_fu_1812_p2               |       xor|   0|  0|  33|          32|          33|
    |xor_ln53_20_fu_1983_p2              |       xor|   0|  0|  33|          32|          33|
    |xor_ln53_21_fu_1992_p2              |       xor|   0|  0|  33|          32|          33|
    |xor_ln53_22_fu_2001_p2              |       xor|   0|  0|  33|          32|          33|
    |xor_ln53_23_fu_2010_p2              |       xor|   0|  0|  33|          32|          33|
    |xor_ln53_24_fu_2019_p2              |       xor|   0|  0|  33|          32|          33|
    |xor_ln53_25_fu_2028_p2              |       xor|   0|  0|  33|          32|          33|
    |xor_ln53_26_fu_2037_p2              |       xor|   0|  0|  33|          32|          33|
    |xor_ln53_27_fu_2046_p2              |       xor|   0|  0|  33|          32|          33|
    |xor_ln53_2_fu_1821_p2               |       xor|   0|  0|  33|          32|          33|
    |xor_ln53_3_fu_1830_p2               |       xor|   0|  0|  33|          32|          33|
    |xor_ln53_4_fu_1839_p2               |       xor|   0|  0|  33|          32|          33|
    |xor_ln53_5_fu_1848_p2               |       xor|   0|  0|  33|          32|          33|
    |xor_ln53_6_fu_1857_p2               |       xor|   0|  0|  33|          32|          33|
    |xor_ln53_7_fu_1866_p2               |       xor|   0|  0|  33|          32|          33|
    |xor_ln53_8_fu_1875_p2               |       xor|   0|  0|  33|          32|          33|
    |xor_ln53_9_fu_1884_p2               |       xor|   0|  0|  33|          32|          33|
    |xor_ln53_fu_1803_p2                 |       xor|   0|  0|  33|          32|          33|
    +------------------------------------+----------+----+---+----+------------+------------+
    |Total                               |          |   0|  0| 997|         932|         946|
    +------------------------------------+----------+----+---+----+------------+------------+

    * Multiplexer: 
    +--------------------------------------+----+-----------+-----+-----------+
    |                 Name                 | LUT| Input Size| Bits| Total Bits|
    +--------------------------------------+----+-----------+-----+-----------+
    |ap_done_int                           |   9|          2|    1|          2|
    |ap_enable_reg_pp0_iter1               |   9|          2|    1|          2|
    |ap_sig_allocacmp_indvar_flatten_load  |   9|          2|   10|         20|
    |ap_sig_allocacmp_v12_load             |   9|          2|    5|         10|
    |indvar_flatten_fu_222                 |   9|          2|   10|         20|
    |real_start                            |   9|          2|    1|          2|
    |v12_fu_218                            |   9|          2|    5|         10|
    |v264_0_blk_n                          |   9|          2|    1|          2|
    |v264_10_blk_n                         |   9|          2|    1|          2|
    |v264_11_blk_n                         |   9|          2|    1|          2|
    |v264_12_blk_n                         |   9|          2|    1|          2|
    |v264_13_blk_n                         |   9|          2|    1|          2|
    |v264_14_blk_n                         |   9|          2|    1|          2|
    |v264_15_blk_n                         |   9|          2|    1|          2|
    |v264_16_blk_n                         |   9|          2|    1|          2|
    |v264_17_blk_n                         |   9|          2|    1|          2|
    |v264_18_blk_n                         |   9|          2|    1|          2|
    |v264_19_blk_n                         |   9|          2|    1|          2|
    |v264_1_blk_n                          |   9|          2|    1|          2|
    |v264_20_blk_n                         |   9|          2|    1|          2|
    |v264_21_blk_n                         |   9|          2|    1|          2|
    |v264_22_blk_n                         |   9|          2|    1|          2|
    |v264_23_blk_n                         |   9|          2|    1|          2|
    |v264_24_blk_n                         |   9|          2|    1|          2|
    |v264_25_blk_n                         |   9|          2|    1|          2|
    |v264_26_blk_n                         |   9|          2|    1|          2|
    |v264_27_blk_n                         |   9|          2|    1|          2|
    |v264_2_blk_n                          |   9|          2|    1|          2|
    |v264_3_blk_n                          |   9|          2|    1|          2|
    |v264_4_blk_n                          |   9|          2|    1|          2|
    |v264_5_blk_n                          |   9|          2|    1|          2|
    |v264_6_blk_n                          |   9|          2|    1|          2|
    |v264_7_blk_n                          |   9|          2|    1|          2|
    |v264_8_blk_n                          |   9|          2|    1|          2|
    |v264_9_blk_n                          |   9|          2|    1|          2|
    |v265_0_blk_n                          |   9|          2|    1|          2|
    |v265_10_blk_n                         |   9|          2|    1|          2|
    |v265_11_blk_n                         |   9|          2|    1|          2|
    |v265_12_blk_n                         |   9|          2|    1|          2|
    |v265_13_blk_n                         |   9|          2|    1|          2|
    |v265_14_blk_n                         |   9|          2|    1|          2|
    |v265_15_blk_n                         |   9|          2|    1|          2|
    |v265_16_blk_n                         |   9|          2|    1|          2|
    |v265_17_blk_n                         |   9|          2|    1|          2|
    |v265_18_blk_n                         |   9|          2|    1|          2|
    |v265_19_blk_n                         |   9|          2|    1|          2|
    |v265_1_blk_n                          |   9|          2|    1|          2|
    |v265_20_blk_n                         |   9|          2|    1|          2|
    |v265_21_blk_n                         |   9|          2|    1|          2|
    |v265_22_blk_n                         |   9|          2|    1|          2|
    |v265_23_blk_n                         |   9|          2|    1|          2|
    |v265_24_blk_n                         |   9|          2|    1|          2|
    |v265_25_blk_n                         |   9|          2|    1|          2|
    |v265_26_blk_n                         |   9|          2|    1|          2|
    |v265_27_blk_n                         |   9|          2|    1|          2|
    |v265_2_blk_n                          |   9|          2|    1|          2|
    |v265_3_blk_n                          |   9|          2|    1|          2|
    |v265_4_blk_n                          |   9|          2|    1|          2|
    |v265_5_blk_n                          |   9|          2|    1|          2|
    |v265_6_blk_n                          |   9|          2|    1|          2|
    |v265_7_blk_n                          |   9|          2|    1|          2|
    |v265_8_blk_n                          |   9|          2|    1|          2|
    |v265_9_blk_n                          |   9|          2|    1|          2|
    +--------------------------------------+----+-----------+-----+-----------+
    |Total                                 | 567|        126|   89|        178|
    +--------------------------------------+----+-----------+-----+-----------+

    * Register: 
    +-----------------------------------+----+----+-----+-----------+
    |                Name               | FF | LUT| Bits| Const Bits|
    +-----------------------------------+----+----+-----+-----------+
    |ap_CS_fsm                          |   1|   0|    1|          0|
    |ap_done_reg                        |   1|   0|    1|          0|
    |ap_enable_reg_pp0_iter1            |   1|   0|    1|          0|
    |ap_enable_reg_pp0_iter10           |   1|   0|    1|          0|
    |ap_enable_reg_pp0_iter11           |   1|   0|    1|          0|
    |ap_enable_reg_pp0_iter12           |   1|   0|    1|          0|
    |ap_enable_reg_pp0_iter13           |   1|   0|    1|          0|
    |ap_enable_reg_pp0_iter14           |   1|   0|    1|          0|
    |ap_enable_reg_pp0_iter15           |   1|   0|    1|          0|
    |ap_enable_reg_pp0_iter16           |   1|   0|    1|          0|
    |ap_enable_reg_pp0_iter17           |   1|   0|    1|          0|
    |ap_enable_reg_pp0_iter18           |   1|   0|    1|          0|
    |ap_enable_reg_pp0_iter19           |   1|   0|    1|          0|
    |ap_enable_reg_pp0_iter2            |   1|   0|    1|          0|
    |ap_enable_reg_pp0_iter20           |   1|   0|    1|          0|
    |ap_enable_reg_pp0_iter21           |   1|   0|    1|          0|
    |ap_enable_reg_pp0_iter22           |   1|   0|    1|          0|
    |ap_enable_reg_pp0_iter23           |   1|   0|    1|          0|
    |ap_enable_reg_pp0_iter24           |   1|   0|    1|          0|
    |ap_enable_reg_pp0_iter25           |   1|   0|    1|          0|
    |ap_enable_reg_pp0_iter26           |   1|   0|    1|          0|
    |ap_enable_reg_pp0_iter27           |   1|   0|    1|          0|
    |ap_enable_reg_pp0_iter28           |   1|   0|    1|          0|
    |ap_enable_reg_pp0_iter29           |   1|   0|    1|          0|
    |ap_enable_reg_pp0_iter3            |   1|   0|    1|          0|
    |ap_enable_reg_pp0_iter30           |   1|   0|    1|          0|
    |ap_enable_reg_pp0_iter31           |   1|   0|    1|          0|
    |ap_enable_reg_pp0_iter32           |   1|   0|    1|          0|
    |ap_enable_reg_pp0_iter33           |   1|   0|    1|          0|
    |ap_enable_reg_pp0_iter34           |   1|   0|    1|          0|
    |ap_enable_reg_pp0_iter35           |   1|   0|    1|          0|
    |ap_enable_reg_pp0_iter36           |   1|   0|    1|          0|
    |ap_enable_reg_pp0_iter37           |   1|   0|    1|          0|
    |ap_enable_reg_pp0_iter38           |   1|   0|    1|          0|
    |ap_enable_reg_pp0_iter39           |   1|   0|    1|          0|
    |ap_enable_reg_pp0_iter4            |   1|   0|    1|          0|
    |ap_enable_reg_pp0_iter40           |   1|   0|    1|          0|
    |ap_enable_reg_pp0_iter41           |   1|   0|    1|          0|
    |ap_enable_reg_pp0_iter42           |   1|   0|    1|          0|
    |ap_enable_reg_pp0_iter43           |   1|   0|    1|          0|
    |ap_enable_reg_pp0_iter44           |   1|   0|    1|          0|
    |ap_enable_reg_pp0_iter45           |   1|   0|    1|          0|
    |ap_enable_reg_pp0_iter5            |   1|   0|    1|          0|
    |ap_enable_reg_pp0_iter6            |   1|   0|    1|          0|
    |ap_enable_reg_pp0_iter7            |   1|   0|    1|          0|
    |ap_enable_reg_pp0_iter8            |   1|   0|    1|          0|
    |ap_enable_reg_pp0_iter9            |   1|   0|    1|          0|
    |ap_loop_exit_ready_pp0_iter10_reg  |   1|   0|    1|          0|
    |ap_loop_exit_ready_pp0_iter11_reg  |   1|   0|    1|          0|
    |ap_loop_exit_ready_pp0_iter12_reg  |   1|   0|    1|          0|
    |ap_loop_exit_ready_pp0_iter13_reg  |   1|   0|    1|          0|
    |ap_loop_exit_ready_pp0_iter14_reg  |   1|   0|    1|          0|
    |ap_loop_exit_ready_pp0_iter15_reg  |   1|   0|    1|          0|
    |ap_loop_exit_ready_pp0_iter16_reg  |   1|   0|    1|          0|
    |ap_loop_exit_ready_pp0_iter17_reg  |   1|   0|    1|          0|
    |ap_loop_exit_ready_pp0_iter18_reg  |   1|   0|    1|          0|
    |ap_loop_exit_ready_pp0_iter19_reg  |   1|   0|    1|          0|
    |ap_loop_exit_ready_pp0_iter1_reg   |   1|   0|    1|          0|
    |ap_loop_exit_ready_pp0_iter20_reg  |   1|   0|    1|          0|
    |ap_loop_exit_ready_pp0_iter21_reg  |   1|   0|    1|          0|
    |ap_loop_exit_ready_pp0_iter22_reg  |   1|   0|    1|          0|
    |ap_loop_exit_ready_pp0_iter23_reg  |   1|   0|    1|          0|
    |ap_loop_exit_ready_pp0_iter24_reg  |   1|   0|    1|          0|
    |ap_loop_exit_ready_pp0_iter25_reg  |   1|   0|    1|          0|
    |ap_loop_exit_ready_pp0_iter26_reg  |   1|   0|    1|          0|
    |ap_loop_exit_ready_pp0_iter27_reg  |   1|   0|    1|          0|
    |ap_loop_exit_ready_pp0_iter28_reg  |   1|   0|    1|          0|
    |ap_loop_exit_ready_pp0_iter29_reg  |   1|   0|    1|          0|
    |ap_loop_exit_ready_pp0_iter2_reg   |   1|   0|    1|          0|
    |ap_loop_exit_ready_pp0_iter30_reg  |   1|   0|    1|          0|
    |ap_loop_exit_ready_pp0_iter31_reg  |   1|   0|    1|          0|
    |ap_loop_exit_ready_pp0_iter32_reg  |   1|   0|    1|          0|
    |ap_loop_exit_ready_pp0_iter33_reg  |   1|   0|    1|          0|
    |ap_loop_exit_ready_pp0_iter34_reg  |   1|   0|    1|          0|
    |ap_loop_exit_ready_pp0_iter35_reg  |   1|   0|    1|          0|
    |ap_loop_exit_ready_pp0_iter36_reg  |   1|   0|    1|          0|
    |ap_loop_exit_ready_pp0_iter37_reg  |   1|   0|    1|          0|
    |ap_loop_exit_ready_pp0_iter38_reg  |   1|   0|    1|          0|
    |ap_loop_exit_ready_pp0_iter39_reg  |   1|   0|    1|          0|
    |ap_loop_exit_ready_pp0_iter3_reg   |   1|   0|    1|          0|
    |ap_loop_exit_ready_pp0_iter40_reg  |   1|   0|    1|          0|
    |ap_loop_exit_ready_pp0_iter41_reg  |   1|   0|    1|          0|
    |ap_loop_exit_ready_pp0_iter42_reg  |   1|   0|    1|          0|
    |ap_loop_exit_ready_pp0_iter43_reg  |   1|   0|    1|          0|
    |ap_loop_exit_ready_pp0_iter44_reg  |   1|   0|    1|          0|
    |ap_loop_exit_ready_pp0_iter4_reg   |   1|   0|    1|          0|
    |ap_loop_exit_ready_pp0_iter5_reg   |   1|   0|    1|          0|
    |ap_loop_exit_ready_pp0_iter6_reg   |   1|   0|    1|          0|
    |ap_loop_exit_ready_pp0_iter7_reg   |   1|   0|    1|          0|
    |ap_loop_exit_ready_pp0_iter8_reg   |   1|   0|    1|          0|
    |ap_loop_exit_ready_pp0_iter9_reg   |   1|   0|    1|          0|
    |indvar_flatten_fu_222              |  10|   0|   10|          0|
    |start_once_reg                     |   1|   0|    1|          0|
    |v12_fu_218                         |   5|   0|    5|          0|
    |v17_10_reg_3044                    |  32|   0|   32|          0|
    |v17_11_reg_3049                    |  32|   0|   32|          0|
    |v17_12_reg_3054                    |  32|   0|   32|          0|
    |v17_13_reg_3059                    |  32|   0|   32|          0|
    |v17_14_reg_3064                    |  32|   0|   32|          0|
    |v17_15_reg_3069                    |  32|   0|   32|          0|
    |v17_16_reg_3074                    |  32|   0|   32|          0|
    |v17_17_reg_3079                    |  32|   0|   32|          0|
    |v17_18_reg_3084                    |  32|   0|   32|          0|
    |v17_19_reg_3089                    |  32|   0|   32|          0|
    |v17_1_reg_2999                     |  32|   0|   32|          0|
    |v17_20_reg_3094                    |  32|   0|   32|          0|
    |v17_21_reg_3099                    |  32|   0|   32|          0|
    |v17_22_reg_3104                    |  32|   0|   32|          0|
    |v17_23_reg_3109                    |  32|   0|   32|          0|
    |v17_24_reg_3114                    |  32|   0|   32|          0|
    |v17_25_reg_3119                    |  32|   0|   32|          0|
    |v17_26_reg_3124                    |  32|   0|   32|          0|
    |v17_27_reg_3129                    |  32|   0|   32|          0|
    |v17_2_reg_3004                     |  32|   0|   32|          0|
    |v17_3_reg_3009                     |  32|   0|   32|          0|
    |v17_4_reg_3014                     |  32|   0|   32|          0|
    |v17_5_reg_3019                     |  32|   0|   32|          0|
    |v17_6_reg_3024                     |  32|   0|   32|          0|
    |v17_7_reg_3029                     |  32|   0|   32|          0|
    |v17_8_reg_3034                     |  32|   0|   32|          0|
    |v17_9_reg_3039                     |  32|   0|   32|          0|
    |v17_reg_2994                       |  32|   0|   32|          0|
    |v19_10_reg_3464                    |  32|   0|   32|          0|
    |v19_11_reg_3469                    |  32|   0|   32|          0|
    |v19_12_reg_3474                    |  32|   0|   32|          0|
    |v19_13_reg_3479                    |  32|   0|   32|          0|
    |v19_14_reg_3484                    |  32|   0|   32|          0|
    |v19_15_reg_3489                    |  32|   0|   32|          0|
    |v19_16_reg_3494                    |  32|   0|   32|          0|
    |v19_17_reg_3499                    |  32|   0|   32|          0|
    |v19_18_reg_3504                    |  32|   0|   32|          0|
    |v19_19_reg_3509                    |  32|   0|   32|          0|
    |v19_1_reg_3419                     |  32|   0|   32|          0|
    |v19_20_reg_3514                    |  32|   0|   32|          0|
    |v19_21_reg_3519                    |  32|   0|   32|          0|
    |v19_22_reg_3524                    |  32|   0|   32|          0|
    |v19_23_reg_3529                    |  32|   0|   32|          0|
    |v19_24_reg_3534                    |  32|   0|   32|          0|
    |v19_25_reg_3539                    |  32|   0|   32|          0|
    |v19_26_reg_3544                    |  32|   0|   32|          0|
    |v19_27_reg_3549                    |  32|   0|   32|          0|
    |v19_2_reg_3424                     |  32|   0|   32|          0|
    |v19_3_reg_3429                     |  32|   0|   32|          0|
    |v19_4_reg_3434                     |  32|   0|   32|          0|
    |v19_5_reg_3439                     |  32|   0|   32|          0|
    |v19_6_reg_3444                     |  32|   0|   32|          0|
    |v19_7_reg_3449                     |  32|   0|   32|          0|
    |v19_8_reg_3454                     |  32|   0|   32|          0|
    |v19_9_reg_3459                     |  32|   0|   32|          0|
    |v19_reg_3414                       |  32|   0|   32|          0|
    |v20_10_reg_3604                    |  32|   0|   32|          0|
    |v20_11_reg_3609                    |  32|   0|   32|          0|
    |v20_12_reg_3614                    |  32|   0|   32|          0|
    |v20_13_reg_3619                    |  32|   0|   32|          0|
    |v20_14_reg_3624                    |  32|   0|   32|          0|
    |v20_15_reg_3629                    |  32|   0|   32|          0|
    |v20_16_reg_3634                    |  32|   0|   32|          0|
    |v20_17_reg_3639                    |  32|   0|   32|          0|
    |v20_18_reg_3644                    |  32|   0|   32|          0|
    |v20_19_reg_3649                    |  32|   0|   32|          0|
    |v20_1_reg_3559                     |  32|   0|   32|          0|
    |v20_20_reg_3654                    |  32|   0|   32|          0|
    |v20_21_reg_3659                    |  32|   0|   32|          0|
    |v20_22_reg_3664                    |  32|   0|   32|          0|
    |v20_23_reg_3669                    |  32|   0|   32|          0|
    |v20_24_reg_3674                    |  32|   0|   32|          0|
    |v20_25_reg_3679                    |  32|   0|   32|          0|
    |v20_26_reg_3684                    |  32|   0|   32|          0|
    |v20_27_reg_3689                    |  32|   0|   32|          0|
    |v20_2_reg_3564                     |  32|   0|   32|          0|
    |v20_3_reg_3569                     |  32|   0|   32|          0|
    |v20_4_reg_3574                     |  32|   0|   32|          0|
    |v20_5_reg_3579                     |  32|   0|   32|          0|
    |v20_6_reg_3584                     |  32|   0|   32|          0|
    |v20_7_reg_3589                     |  32|   0|   32|          0|
    |v20_8_reg_3594                     |  32|   0|   32|          0|
    |v20_9_reg_3599                     |  32|   0|   32|          0|
    |v20_reg_3554                       |  32|   0|   32|          0|
    |v21_10_reg_3744                    |  32|   0|   32|          0|
    |v21_11_reg_3749                    |  32|   0|   32|          0|
    |v21_12_reg_3754                    |  32|   0|   32|          0|
    |v21_13_reg_3759                    |  32|   0|   32|          0|
    |v21_14_reg_3764                    |  32|   0|   32|          0|
    |v21_15_reg_3769                    |  32|   0|   32|          0|
    |v21_16_reg_3774                    |  32|   0|   32|          0|
    |v21_17_reg_3779                    |  32|   0|   32|          0|
    |v21_18_reg_3784                    |  32|   0|   32|          0|
    |v21_19_reg_3789                    |  32|   0|   32|          0|
    |v21_1_reg_3699                     |  32|   0|   32|          0|
    |v21_20_reg_3794                    |  32|   0|   32|          0|
    |v21_21_reg_3799                    |  32|   0|   32|          0|
    |v21_22_reg_3804                    |  32|   0|   32|          0|
    |v21_23_reg_3809                    |  32|   0|   32|          0|
    |v21_24_reg_3814                    |  32|   0|   32|          0|
    |v21_25_reg_3819                    |  32|   0|   32|          0|
    |v21_26_reg_3824                    |  32|   0|   32|          0|
    |v21_27_reg_3829                    |  32|   0|   32|          0|
    |v21_2_reg_3704                     |  32|   0|   32|          0|
    |v21_3_reg_3709                     |  32|   0|   32|          0|
    |v21_4_reg_3714                     |  32|   0|   32|          0|
    |v21_5_reg_3719                     |  32|   0|   32|          0|
    |v21_6_reg_3724                     |  32|   0|   32|          0|
    |v21_7_reg_3729                     |  32|   0|   32|          0|
    |v21_8_reg_3734                     |  32|   0|   32|          0|
    |v21_9_reg_3739                     |  32|   0|   32|          0|
    |v21_reg_3694                       |  32|   0|   32|          0|
    |v261_0_load_reg_2439               |  32|   0|   32|          0|
    |v261_10_load_reg_2539              |  32|   0|   32|          0|
    |v261_11_load_reg_2549              |  32|   0|   32|          0|
    |v261_12_load_reg_2559              |  32|   0|   32|          0|
    |v261_13_load_reg_2569              |  32|   0|   32|          0|
    |v261_14_load_reg_2579              |  32|   0|   32|          0|
    |v261_15_load_reg_2589              |  32|   0|   32|          0|
    |v261_16_load_reg_2599              |  32|   0|   32|          0|
    |v261_17_load_reg_2609              |  32|   0|   32|          0|
    |v261_18_load_reg_2619              |  32|   0|   32|          0|
    |v261_19_load_reg_2629              |  32|   0|   32|          0|
    |v261_1_load_reg_2449               |  32|   0|   32|          0|
    |v261_20_load_reg_2639              |  32|   0|   32|          0|
    |v261_21_load_reg_2649              |  32|   0|   32|          0|
    |v261_22_load_reg_2659              |  32|   0|   32|          0|
    |v261_23_load_reg_2669              |  32|   0|   32|          0|
    |v261_24_load_reg_2679              |  32|   0|   32|          0|
    |v261_25_load_reg_2689              |  32|   0|   32|          0|
    |v261_26_load_reg_2699              |  32|   0|   32|          0|
    |v261_27_load_reg_2709              |  32|   0|   32|          0|
    |v261_2_load_reg_2459               |  32|   0|   32|          0|
    |v261_3_load_reg_2469               |  32|   0|   32|          0|
    |v261_4_load_reg_2479               |  32|   0|   32|          0|
    |v261_5_load_reg_2489               |  32|   0|   32|          0|
    |v261_6_load_reg_2499               |  32|   0|   32|          0|
    |v261_7_load_reg_2509               |  32|   0|   32|          0|
    |v261_8_load_reg_2519               |  32|   0|   32|          0|
    |v261_9_load_reg_2529               |  32|   0|   32|          0|
    |v265_0_read_reg_2434               |  32|   0|   32|          0|
    |v265_10_read_reg_2534              |  32|   0|   32|          0|
    |v265_11_read_reg_2544              |  32|   0|   32|          0|
    |v265_12_read_reg_2554              |  32|   0|   32|          0|
    |v265_13_read_reg_2564              |  32|   0|   32|          0|
    |v265_14_read_reg_2574              |  32|   0|   32|          0|
    |v265_15_read_reg_2584              |  32|   0|   32|          0|
    |v265_16_read_reg_2594              |  32|   0|   32|          0|
    |v265_17_read_reg_2604              |  32|   0|   32|          0|
    |v265_18_read_reg_2614              |  32|   0|   32|          0|
    |v265_19_read_reg_2624              |  32|   0|   32|          0|
    |v265_1_read_reg_2444               |  32|   0|   32|          0|
    |v265_20_read_reg_2634              |  32|   0|   32|          0|
    |v265_21_read_reg_2644              |  32|   0|   32|          0|
    |v265_22_read_reg_2654              |  32|   0|   32|          0|
    |v265_23_read_reg_2664              |  32|   0|   32|          0|
    |v265_24_read_reg_2674              |  32|   0|   32|          0|
    |v265_25_read_reg_2684              |  32|   0|   32|          0|
    |v265_26_read_reg_2694              |  32|   0|   32|          0|
    |v265_27_read_reg_2704              |  32|   0|   32|          0|
    |v265_2_read_reg_2454               |  32|   0|   32|          0|
    |v265_3_read_reg_2464               |  32|   0|   32|          0|
    |v265_4_read_reg_2474               |  32|   0|   32|          0|
    |v265_5_read_reg_2484               |  32|   0|   32|          0|
    |v265_6_read_reg_2494               |  32|   0|   32|          0|
    |v265_7_read_reg_2504               |  32|   0|   32|          0|
    |v265_8_read_reg_2514               |  32|   0|   32|          0|
    |v265_9_read_reg_2524               |  32|   0|   32|          0|
    |xor_ln53_10_reg_3184               |  32|   0|   32|          0|
    |xor_ln53_11_reg_3189               |  32|   0|   32|          0|
    |xor_ln53_12_reg_3194               |  32|   0|   32|          0|
    |xor_ln53_13_reg_3199               |  32|   0|   32|          0|
    |xor_ln53_14_reg_3204               |  32|   0|   32|          0|
    |xor_ln53_15_reg_3209               |  32|   0|   32|          0|
    |xor_ln53_16_reg_3214               |  32|   0|   32|          0|
    |xor_ln53_17_reg_3219               |  32|   0|   32|          0|
    |xor_ln53_18_reg_3224               |  32|   0|   32|          0|
    |xor_ln53_19_reg_3229               |  32|   0|   32|          0|
    |xor_ln53_1_reg_3139                |  32|   0|   32|          0|
    |xor_ln53_20_reg_3234               |  32|   0|   32|          0|
    |xor_ln53_21_reg_3239               |  32|   0|   32|          0|
    |xor_ln53_22_reg_3244               |  32|   0|   32|          0|
    |xor_ln53_23_reg_3249               |  32|   0|   32|          0|
    |xor_ln53_24_reg_3254               |  32|   0|   32|          0|
    |xor_ln53_25_reg_3259               |  32|   0|   32|          0|
    |xor_ln53_26_reg_3264               |  32|   0|   32|          0|
    |xor_ln53_27_reg_3269               |  32|   0|   32|          0|
    |xor_ln53_2_reg_3144                |  32|   0|   32|          0|
    |xor_ln53_3_reg_3149                |  32|   0|   32|          0|
    |xor_ln53_4_reg_3154                |  32|   0|   32|          0|
    |xor_ln53_5_reg_3159                |  32|   0|   32|          0|
    |xor_ln53_6_reg_3164                |  32|   0|   32|          0|
    |xor_ln53_7_reg_3169                |  32|   0|   32|          0|
    |xor_ln53_8_reg_3174                |  32|   0|   32|          0|
    |xor_ln53_9_reg_3179                |  32|   0|   32|          0|
    |xor_ln53_reg_3134                  |  32|   0|   32|          0|
    +-----------------------------------+----+----+-----+-----------+
    |Total                              |6379|   0| 6379|          0|
    +-----------------------------------+----+----+-----+-----------+



================================================================
== Interface
================================================================
* Summary: 
+------------------------+-----+-----+------------+--------------+--------------+
|        RTL Ports       | Dir | Bits|  Protocol  | Source Object|    C Type    |
+------------------------+-----+-----+------------+--------------+--------------+
|ap_clk                  |   in|    1|  ap_ctrl_hs|         node1|  return value|
|ap_rst                  |   in|    1|  ap_ctrl_hs|         node1|  return value|
|ap_start                |   in|    1|  ap_ctrl_hs|         node1|  return value|
|start_full_n            |   in|    1|  ap_ctrl_hs|         node1|  return value|
|ap_done                 |  out|    1|  ap_ctrl_hs|         node1|  return value|
|ap_continue             |   in|    1|  ap_ctrl_hs|         node1|  return value|
|ap_idle                 |  out|    1|  ap_ctrl_hs|         node1|  return value|
|ap_ready                |  out|    1|  ap_ctrl_hs|         node1|  return value|
|start_out               |  out|    1|  ap_ctrl_hs|         node1|  return value|
|start_write             |  out|    1|  ap_ctrl_hs|         node1|  return value|
|v265_0_dout             |   in|   32|     ap_fifo|        v265_0|       pointer|
|v265_0_num_data_valid   |   in|   11|     ap_fifo|        v265_0|       pointer|
|v265_0_fifo_cap         |   in|   11|     ap_fifo|        v265_0|       pointer|
|v265_0_empty_n          |   in|    1|     ap_fifo|        v265_0|       pointer|
|v265_0_read             |  out|    1|     ap_fifo|        v265_0|       pointer|
|v265_1_dout             |   in|   32|     ap_fifo|        v265_1|       pointer|
|v265_1_num_data_valid   |   in|   11|     ap_fifo|        v265_1|       pointer|
|v265_1_fifo_cap         |   in|   11|     ap_fifo|        v265_1|       pointer|
|v265_1_empty_n          |   in|    1|     ap_fifo|        v265_1|       pointer|
|v265_1_read             |  out|    1|     ap_fifo|        v265_1|       pointer|
|v265_2_dout             |   in|   32|     ap_fifo|        v265_2|       pointer|
|v265_2_num_data_valid   |   in|   11|     ap_fifo|        v265_2|       pointer|
|v265_2_fifo_cap         |   in|   11|     ap_fifo|        v265_2|       pointer|
|v265_2_empty_n          |   in|    1|     ap_fifo|        v265_2|       pointer|
|v265_2_read             |  out|    1|     ap_fifo|        v265_2|       pointer|
|v265_3_dout             |   in|   32|     ap_fifo|        v265_3|       pointer|
|v265_3_num_data_valid   |   in|   11|     ap_fifo|        v265_3|       pointer|
|v265_3_fifo_cap         |   in|   11|     ap_fifo|        v265_3|       pointer|
|v265_3_empty_n          |   in|    1|     ap_fifo|        v265_3|       pointer|
|v265_3_read             |  out|    1|     ap_fifo|        v265_3|       pointer|
|v265_4_dout             |   in|   32|     ap_fifo|        v265_4|       pointer|
|v265_4_num_data_valid   |   in|   11|     ap_fifo|        v265_4|       pointer|
|v265_4_fifo_cap         |   in|   11|     ap_fifo|        v265_4|       pointer|
|v265_4_empty_n          |   in|    1|     ap_fifo|        v265_4|       pointer|
|v265_4_read             |  out|    1|     ap_fifo|        v265_4|       pointer|
|v265_5_dout             |   in|   32|     ap_fifo|        v265_5|       pointer|
|v265_5_num_data_valid   |   in|   11|     ap_fifo|        v265_5|       pointer|
|v265_5_fifo_cap         |   in|   11|     ap_fifo|        v265_5|       pointer|
|v265_5_empty_n          |   in|    1|     ap_fifo|        v265_5|       pointer|
|v265_5_read             |  out|    1|     ap_fifo|        v265_5|       pointer|
|v265_6_dout             |   in|   32|     ap_fifo|        v265_6|       pointer|
|v265_6_num_data_valid   |   in|   11|     ap_fifo|        v265_6|       pointer|
|v265_6_fifo_cap         |   in|   11|     ap_fifo|        v265_6|       pointer|
|v265_6_empty_n          |   in|    1|     ap_fifo|        v265_6|       pointer|
|v265_6_read             |  out|    1|     ap_fifo|        v265_6|       pointer|
|v265_7_dout             |   in|   32|     ap_fifo|        v265_7|       pointer|
|v265_7_num_data_valid   |   in|   11|     ap_fifo|        v265_7|       pointer|
|v265_7_fifo_cap         |   in|   11|     ap_fifo|        v265_7|       pointer|
|v265_7_empty_n          |   in|    1|     ap_fifo|        v265_7|       pointer|
|v265_7_read             |  out|    1|     ap_fifo|        v265_7|       pointer|
|v265_8_dout             |   in|   32|     ap_fifo|        v265_8|       pointer|
|v265_8_num_data_valid   |   in|   11|     ap_fifo|        v265_8|       pointer|
|v265_8_fifo_cap         |   in|   11|     ap_fifo|        v265_8|       pointer|
|v265_8_empty_n          |   in|    1|     ap_fifo|        v265_8|       pointer|
|v265_8_read             |  out|    1|     ap_fifo|        v265_8|       pointer|
|v265_9_dout             |   in|   32|     ap_fifo|        v265_9|       pointer|
|v265_9_num_data_valid   |   in|   11|     ap_fifo|        v265_9|       pointer|
|v265_9_fifo_cap         |   in|   11|     ap_fifo|        v265_9|       pointer|
|v265_9_empty_n          |   in|    1|     ap_fifo|        v265_9|       pointer|
|v265_9_read             |  out|    1|     ap_fifo|        v265_9|       pointer|
|v265_10_dout            |   in|   32|     ap_fifo|       v265_10|       pointer|
|v265_10_num_data_valid  |   in|   11|     ap_fifo|       v265_10|       pointer|
|v265_10_fifo_cap        |   in|   11|     ap_fifo|       v265_10|       pointer|
|v265_10_empty_n         |   in|    1|     ap_fifo|       v265_10|       pointer|
|v265_10_read            |  out|    1|     ap_fifo|       v265_10|       pointer|
|v265_11_dout            |   in|   32|     ap_fifo|       v265_11|       pointer|
|v265_11_num_data_valid  |   in|   11|     ap_fifo|       v265_11|       pointer|
|v265_11_fifo_cap        |   in|   11|     ap_fifo|       v265_11|       pointer|
|v265_11_empty_n         |   in|    1|     ap_fifo|       v265_11|       pointer|
|v265_11_read            |  out|    1|     ap_fifo|       v265_11|       pointer|
|v265_12_dout            |   in|   32|     ap_fifo|       v265_12|       pointer|
|v265_12_num_data_valid  |   in|   11|     ap_fifo|       v265_12|       pointer|
|v265_12_fifo_cap        |   in|   11|     ap_fifo|       v265_12|       pointer|
|v265_12_empty_n         |   in|    1|     ap_fifo|       v265_12|       pointer|
|v265_12_read            |  out|    1|     ap_fifo|       v265_12|       pointer|
|v265_13_dout            |   in|   32|     ap_fifo|       v265_13|       pointer|
|v265_13_num_data_valid  |   in|   11|     ap_fifo|       v265_13|       pointer|
|v265_13_fifo_cap        |   in|   11|     ap_fifo|       v265_13|       pointer|
|v265_13_empty_n         |   in|    1|     ap_fifo|       v265_13|       pointer|
|v265_13_read            |  out|    1|     ap_fifo|       v265_13|       pointer|
|v265_14_dout            |   in|   32|     ap_fifo|       v265_14|       pointer|
|v265_14_num_data_valid  |   in|   11|     ap_fifo|       v265_14|       pointer|
|v265_14_fifo_cap        |   in|   11|     ap_fifo|       v265_14|       pointer|
|v265_14_empty_n         |   in|    1|     ap_fifo|       v265_14|       pointer|
|v265_14_read            |  out|    1|     ap_fifo|       v265_14|       pointer|
|v265_15_dout            |   in|   32|     ap_fifo|       v265_15|       pointer|
|v265_15_num_data_valid  |   in|   11|     ap_fifo|       v265_15|       pointer|
|v265_15_fifo_cap        |   in|   11|     ap_fifo|       v265_15|       pointer|
|v265_15_empty_n         |   in|    1|     ap_fifo|       v265_15|       pointer|
|v265_15_read            |  out|    1|     ap_fifo|       v265_15|       pointer|
|v265_16_dout            |   in|   32|     ap_fifo|       v265_16|       pointer|
|v265_16_num_data_valid  |   in|   11|     ap_fifo|       v265_16|       pointer|
|v265_16_fifo_cap        |   in|   11|     ap_fifo|       v265_16|       pointer|
|v265_16_empty_n         |   in|    1|     ap_fifo|       v265_16|       pointer|
|v265_16_read            |  out|    1|     ap_fifo|       v265_16|       pointer|
|v265_17_dout            |   in|   32|     ap_fifo|       v265_17|       pointer|
|v265_17_num_data_valid  |   in|   11|     ap_fifo|       v265_17|       pointer|
|v265_17_fifo_cap        |   in|   11|     ap_fifo|       v265_17|       pointer|
|v265_17_empty_n         |   in|    1|     ap_fifo|       v265_17|       pointer|
|v265_17_read            |  out|    1|     ap_fifo|       v265_17|       pointer|
|v265_18_dout            |   in|   32|     ap_fifo|       v265_18|       pointer|
|v265_18_num_data_valid  |   in|   11|     ap_fifo|       v265_18|       pointer|
|v265_18_fifo_cap        |   in|   11|     ap_fifo|       v265_18|       pointer|
|v265_18_empty_n         |   in|    1|     ap_fifo|       v265_18|       pointer|
|v265_18_read            |  out|    1|     ap_fifo|       v265_18|       pointer|
|v265_19_dout            |   in|   32|     ap_fifo|       v265_19|       pointer|
|v265_19_num_data_valid  |   in|   11|     ap_fifo|       v265_19|       pointer|
|v265_19_fifo_cap        |   in|   11|     ap_fifo|       v265_19|       pointer|
|v265_19_empty_n         |   in|    1|     ap_fifo|       v265_19|       pointer|
|v265_19_read            |  out|    1|     ap_fifo|       v265_19|       pointer|
|v265_20_dout            |   in|   32|     ap_fifo|       v265_20|       pointer|
|v265_20_num_data_valid  |   in|   11|     ap_fifo|       v265_20|       pointer|
|v265_20_fifo_cap        |   in|   11|     ap_fifo|       v265_20|       pointer|
|v265_20_empty_n         |   in|    1|     ap_fifo|       v265_20|       pointer|
|v265_20_read            |  out|    1|     ap_fifo|       v265_20|       pointer|
|v265_21_dout            |   in|   32|     ap_fifo|       v265_21|       pointer|
|v265_21_num_data_valid  |   in|   11|     ap_fifo|       v265_21|       pointer|
|v265_21_fifo_cap        |   in|   11|     ap_fifo|       v265_21|       pointer|
|v265_21_empty_n         |   in|    1|     ap_fifo|       v265_21|       pointer|
|v265_21_read            |  out|    1|     ap_fifo|       v265_21|       pointer|
|v265_22_dout            |   in|   32|     ap_fifo|       v265_22|       pointer|
|v265_22_num_data_valid  |   in|   11|     ap_fifo|       v265_22|       pointer|
|v265_22_fifo_cap        |   in|   11|     ap_fifo|       v265_22|       pointer|
|v265_22_empty_n         |   in|    1|     ap_fifo|       v265_22|       pointer|
|v265_22_read            |  out|    1|     ap_fifo|       v265_22|       pointer|
|v265_23_dout            |   in|   32|     ap_fifo|       v265_23|       pointer|
|v265_23_num_data_valid  |   in|   11|     ap_fifo|       v265_23|       pointer|
|v265_23_fifo_cap        |   in|   11|     ap_fifo|       v265_23|       pointer|
|v265_23_empty_n         |   in|    1|     ap_fifo|       v265_23|       pointer|
|v265_23_read            |  out|    1|     ap_fifo|       v265_23|       pointer|
|v265_24_dout            |   in|   32|     ap_fifo|       v265_24|       pointer|
|v265_24_num_data_valid  |   in|   11|     ap_fifo|       v265_24|       pointer|
|v265_24_fifo_cap        |   in|   11|     ap_fifo|       v265_24|       pointer|
|v265_24_empty_n         |   in|    1|     ap_fifo|       v265_24|       pointer|
|v265_24_read            |  out|    1|     ap_fifo|       v265_24|       pointer|
|v265_25_dout            |   in|   32|     ap_fifo|       v265_25|       pointer|
|v265_25_num_data_valid  |   in|   11|     ap_fifo|       v265_25|       pointer|
|v265_25_fifo_cap        |   in|   11|     ap_fifo|       v265_25|       pointer|
|v265_25_empty_n         |   in|    1|     ap_fifo|       v265_25|       pointer|
|v265_25_read            |  out|    1|     ap_fifo|       v265_25|       pointer|
|v265_26_dout            |   in|   32|     ap_fifo|       v265_26|       pointer|
|v265_26_num_data_valid  |   in|   11|     ap_fifo|       v265_26|       pointer|
|v265_26_fifo_cap        |   in|   11|     ap_fifo|       v265_26|       pointer|
|v265_26_empty_n         |   in|    1|     ap_fifo|       v265_26|       pointer|
|v265_26_read            |  out|    1|     ap_fifo|       v265_26|       pointer|
|v265_27_dout            |   in|   32|     ap_fifo|       v265_27|       pointer|
|v265_27_num_data_valid  |   in|   11|     ap_fifo|       v265_27|       pointer|
|v265_27_fifo_cap        |   in|   11|     ap_fifo|       v265_27|       pointer|
|v265_27_empty_n         |   in|    1|     ap_fifo|       v265_27|       pointer|
|v265_27_read            |  out|    1|     ap_fifo|       v265_27|       pointer|
|v264_0_din              |  out|   32|     ap_fifo|        v264_0|       pointer|
|v264_0_num_data_valid   |   in|   11|     ap_fifo|        v264_0|       pointer|
|v264_0_fifo_cap         |   in|   11|     ap_fifo|        v264_0|       pointer|
|v264_0_full_n           |   in|    1|     ap_fifo|        v264_0|       pointer|
|v264_0_write            |  out|    1|     ap_fifo|        v264_0|       pointer|
|v264_1_din              |  out|   32|     ap_fifo|        v264_1|       pointer|
|v264_1_num_data_valid   |   in|   11|     ap_fifo|        v264_1|       pointer|
|v264_1_fifo_cap         |   in|   11|     ap_fifo|        v264_1|       pointer|
|v264_1_full_n           |   in|    1|     ap_fifo|        v264_1|       pointer|
|v264_1_write            |  out|    1|     ap_fifo|        v264_1|       pointer|
|v264_2_din              |  out|   32|     ap_fifo|        v264_2|       pointer|
|v264_2_num_data_valid   |   in|   11|     ap_fifo|        v264_2|       pointer|
|v264_2_fifo_cap         |   in|   11|     ap_fifo|        v264_2|       pointer|
|v264_2_full_n           |   in|    1|     ap_fifo|        v264_2|       pointer|
|v264_2_write            |  out|    1|     ap_fifo|        v264_2|       pointer|
|v264_3_din              |  out|   32|     ap_fifo|        v264_3|       pointer|
|v264_3_num_data_valid   |   in|   11|     ap_fifo|        v264_3|       pointer|
|v264_3_fifo_cap         |   in|   11|     ap_fifo|        v264_3|       pointer|
|v264_3_full_n           |   in|    1|     ap_fifo|        v264_3|       pointer|
|v264_3_write            |  out|    1|     ap_fifo|        v264_3|       pointer|
|v264_4_din              |  out|   32|     ap_fifo|        v264_4|       pointer|
|v264_4_num_data_valid   |   in|   11|     ap_fifo|        v264_4|       pointer|
|v264_4_fifo_cap         |   in|   11|     ap_fifo|        v264_4|       pointer|
|v264_4_full_n           |   in|    1|     ap_fifo|        v264_4|       pointer|
|v264_4_write            |  out|    1|     ap_fifo|        v264_4|       pointer|
|v264_5_din              |  out|   32|     ap_fifo|        v264_5|       pointer|
|v264_5_num_data_valid   |   in|   11|     ap_fifo|        v264_5|       pointer|
|v264_5_fifo_cap         |   in|   11|     ap_fifo|        v264_5|       pointer|
|v264_5_full_n           |   in|    1|     ap_fifo|        v264_5|       pointer|
|v264_5_write            |  out|    1|     ap_fifo|        v264_5|       pointer|
|v264_6_din              |  out|   32|     ap_fifo|        v264_6|       pointer|
|v264_6_num_data_valid   |   in|   11|     ap_fifo|        v264_6|       pointer|
|v264_6_fifo_cap         |   in|   11|     ap_fifo|        v264_6|       pointer|
|v264_6_full_n           |   in|    1|     ap_fifo|        v264_6|       pointer|
|v264_6_write            |  out|    1|     ap_fifo|        v264_6|       pointer|
|v264_7_din              |  out|   32|     ap_fifo|        v264_7|       pointer|
|v264_7_num_data_valid   |   in|   11|     ap_fifo|        v264_7|       pointer|
|v264_7_fifo_cap         |   in|   11|     ap_fifo|        v264_7|       pointer|
|v264_7_full_n           |   in|    1|     ap_fifo|        v264_7|       pointer|
|v264_7_write            |  out|    1|     ap_fifo|        v264_7|       pointer|
|v264_8_din              |  out|   32|     ap_fifo|        v264_8|       pointer|
|v264_8_num_data_valid   |   in|   11|     ap_fifo|        v264_8|       pointer|
|v264_8_fifo_cap         |   in|   11|     ap_fifo|        v264_8|       pointer|
|v264_8_full_n           |   in|    1|     ap_fifo|        v264_8|       pointer|
|v264_8_write            |  out|    1|     ap_fifo|        v264_8|       pointer|
|v264_9_din              |  out|   32|     ap_fifo|        v264_9|       pointer|
|v264_9_num_data_valid   |   in|   11|     ap_fifo|        v264_9|       pointer|
|v264_9_fifo_cap         |   in|   11|     ap_fifo|        v264_9|       pointer|
|v264_9_full_n           |   in|    1|     ap_fifo|        v264_9|       pointer|
|v264_9_write            |  out|    1|     ap_fifo|        v264_9|       pointer|
|v264_10_din             |  out|   32|     ap_fifo|       v264_10|       pointer|
|v264_10_num_data_valid  |   in|   11|     ap_fifo|       v264_10|       pointer|
|v264_10_fifo_cap        |   in|   11|     ap_fifo|       v264_10|       pointer|
|v264_10_full_n          |   in|    1|     ap_fifo|       v264_10|       pointer|
|v264_10_write           |  out|    1|     ap_fifo|       v264_10|       pointer|
|v264_11_din             |  out|   32|     ap_fifo|       v264_11|       pointer|
|v264_11_num_data_valid  |   in|   11|     ap_fifo|       v264_11|       pointer|
|v264_11_fifo_cap        |   in|   11|     ap_fifo|       v264_11|       pointer|
|v264_11_full_n          |   in|    1|     ap_fifo|       v264_11|       pointer|
|v264_11_write           |  out|    1|     ap_fifo|       v264_11|       pointer|
|v264_12_din             |  out|   32|     ap_fifo|       v264_12|       pointer|
|v264_12_num_data_valid  |   in|   11|     ap_fifo|       v264_12|       pointer|
|v264_12_fifo_cap        |   in|   11|     ap_fifo|       v264_12|       pointer|
|v264_12_full_n          |   in|    1|     ap_fifo|       v264_12|       pointer|
|v264_12_write           |  out|    1|     ap_fifo|       v264_12|       pointer|
|v264_13_din             |  out|   32|     ap_fifo|       v264_13|       pointer|
|v264_13_num_data_valid  |   in|   11|     ap_fifo|       v264_13|       pointer|
|v264_13_fifo_cap        |   in|   11|     ap_fifo|       v264_13|       pointer|
|v264_13_full_n          |   in|    1|     ap_fifo|       v264_13|       pointer|
|v264_13_write           |  out|    1|     ap_fifo|       v264_13|       pointer|
|v264_14_din             |  out|   32|     ap_fifo|       v264_14|       pointer|
|v264_14_num_data_valid  |   in|   11|     ap_fifo|       v264_14|       pointer|
|v264_14_fifo_cap        |   in|   11|     ap_fifo|       v264_14|       pointer|
|v264_14_full_n          |   in|    1|     ap_fifo|       v264_14|       pointer|
|v264_14_write           |  out|    1|     ap_fifo|       v264_14|       pointer|
|v264_15_din             |  out|   32|     ap_fifo|       v264_15|       pointer|
|v264_15_num_data_valid  |   in|   11|     ap_fifo|       v264_15|       pointer|
|v264_15_fifo_cap        |   in|   11|     ap_fifo|       v264_15|       pointer|
|v264_15_full_n          |   in|    1|     ap_fifo|       v264_15|       pointer|
|v264_15_write           |  out|    1|     ap_fifo|       v264_15|       pointer|
|v264_16_din             |  out|   32|     ap_fifo|       v264_16|       pointer|
|v264_16_num_data_valid  |   in|   11|     ap_fifo|       v264_16|       pointer|
|v264_16_fifo_cap        |   in|   11|     ap_fifo|       v264_16|       pointer|
|v264_16_full_n          |   in|    1|     ap_fifo|       v264_16|       pointer|
|v264_16_write           |  out|    1|     ap_fifo|       v264_16|       pointer|
|v264_17_din             |  out|   32|     ap_fifo|       v264_17|       pointer|
|v264_17_num_data_valid  |   in|   11|     ap_fifo|       v264_17|       pointer|
|v264_17_fifo_cap        |   in|   11|     ap_fifo|       v264_17|       pointer|
|v264_17_full_n          |   in|    1|     ap_fifo|       v264_17|       pointer|
|v264_17_write           |  out|    1|     ap_fifo|       v264_17|       pointer|
|v264_18_din             |  out|   32|     ap_fifo|       v264_18|       pointer|
|v264_18_num_data_valid  |   in|   11|     ap_fifo|       v264_18|       pointer|
|v264_18_fifo_cap        |   in|   11|     ap_fifo|       v264_18|       pointer|
|v264_18_full_n          |   in|    1|     ap_fifo|       v264_18|       pointer|
|v264_18_write           |  out|    1|     ap_fifo|       v264_18|       pointer|
|v264_19_din             |  out|   32|     ap_fifo|       v264_19|       pointer|
|v264_19_num_data_valid  |   in|   11|     ap_fifo|       v264_19|       pointer|
|v264_19_fifo_cap        |   in|   11|     ap_fifo|       v264_19|       pointer|
|v264_19_full_n          |   in|    1|     ap_fifo|       v264_19|       pointer|
|v264_19_write           |  out|    1|     ap_fifo|       v264_19|       pointer|
|v264_20_din             |  out|   32|     ap_fifo|       v264_20|       pointer|
|v264_20_num_data_valid  |   in|   11|     ap_fifo|       v264_20|       pointer|
|v264_20_fifo_cap        |   in|   11|     ap_fifo|       v264_20|       pointer|
|v264_20_full_n          |   in|    1|     ap_fifo|       v264_20|       pointer|
|v264_20_write           |  out|    1|     ap_fifo|       v264_20|       pointer|
|v264_21_din             |  out|   32|     ap_fifo|       v264_21|       pointer|
|v264_21_num_data_valid  |   in|   11|     ap_fifo|       v264_21|       pointer|
|v264_21_fifo_cap        |   in|   11|     ap_fifo|       v264_21|       pointer|
|v264_21_full_n          |   in|    1|     ap_fifo|       v264_21|       pointer|
|v264_21_write           |  out|    1|     ap_fifo|       v264_21|       pointer|
|v264_22_din             |  out|   32|     ap_fifo|       v264_22|       pointer|
|v264_22_num_data_valid  |   in|   11|     ap_fifo|       v264_22|       pointer|
|v264_22_fifo_cap        |   in|   11|     ap_fifo|       v264_22|       pointer|
|v264_22_full_n          |   in|    1|     ap_fifo|       v264_22|       pointer|
|v264_22_write           |  out|    1|     ap_fifo|       v264_22|       pointer|
|v264_23_din             |  out|   32|     ap_fifo|       v264_23|       pointer|
|v264_23_num_data_valid  |   in|   11|     ap_fifo|       v264_23|       pointer|
|v264_23_fifo_cap        |   in|   11|     ap_fifo|       v264_23|       pointer|
|v264_23_full_n          |   in|    1|     ap_fifo|       v264_23|       pointer|
|v264_23_write           |  out|    1|     ap_fifo|       v264_23|       pointer|
|v264_24_din             |  out|   32|     ap_fifo|       v264_24|       pointer|
|v264_24_num_data_valid  |   in|   11|     ap_fifo|       v264_24|       pointer|
|v264_24_fifo_cap        |   in|   11|     ap_fifo|       v264_24|       pointer|
|v264_24_full_n          |   in|    1|     ap_fifo|       v264_24|       pointer|
|v264_24_write           |  out|    1|     ap_fifo|       v264_24|       pointer|
|v264_25_din             |  out|   32|     ap_fifo|       v264_25|       pointer|
|v264_25_num_data_valid  |   in|   11|     ap_fifo|       v264_25|       pointer|
|v264_25_fifo_cap        |   in|   11|     ap_fifo|       v264_25|       pointer|
|v264_25_full_n          |   in|    1|     ap_fifo|       v264_25|       pointer|
|v264_25_write           |  out|    1|     ap_fifo|       v264_25|       pointer|
|v264_26_din             |  out|   32|     ap_fifo|       v264_26|       pointer|
|v264_26_num_data_valid  |   in|   11|     ap_fifo|       v264_26|       pointer|
|v264_26_fifo_cap        |   in|   11|     ap_fifo|       v264_26|       pointer|
|v264_26_full_n          |   in|    1|     ap_fifo|       v264_26|       pointer|
|v264_26_write           |  out|    1|     ap_fifo|       v264_26|       pointer|
|v264_27_din             |  out|   32|     ap_fifo|       v264_27|       pointer|
|v264_27_num_data_valid  |   in|   11|     ap_fifo|       v264_27|       pointer|
|v264_27_fifo_cap        |   in|   11|     ap_fifo|       v264_27|       pointer|
|v264_27_full_n          |   in|    1|     ap_fifo|       v264_27|       pointer|
|v264_27_write           |  out|    1|     ap_fifo|       v264_27|       pointer|
|v261_0_address0         |  out|    5|   ap_memory|        v261_0|         array|
|v261_0_ce0              |  out|    1|   ap_memory|        v261_0|         array|
|v261_0_q0               |   in|   32|   ap_memory|        v261_0|         array|
|v261_1_address0         |  out|    5|   ap_memory|        v261_1|         array|
|v261_1_ce0              |  out|    1|   ap_memory|        v261_1|         array|
|v261_1_q0               |   in|   32|   ap_memory|        v261_1|         array|
|v261_2_address0         |  out|    5|   ap_memory|        v261_2|         array|
|v261_2_ce0              |  out|    1|   ap_memory|        v261_2|         array|
|v261_2_q0               |   in|   32|   ap_memory|        v261_2|         array|
|v261_3_address0         |  out|    5|   ap_memory|        v261_3|         array|
|v261_3_ce0              |  out|    1|   ap_memory|        v261_3|         array|
|v261_3_q0               |   in|   32|   ap_memory|        v261_3|         array|
|v261_4_address0         |  out|    5|   ap_memory|        v261_4|         array|
|v261_4_ce0              |  out|    1|   ap_memory|        v261_4|         array|
|v261_4_q0               |   in|   32|   ap_memory|        v261_4|         array|
|v261_5_address0         |  out|    5|   ap_memory|        v261_5|         array|
|v261_5_ce0              |  out|    1|   ap_memory|        v261_5|         array|
|v261_5_q0               |   in|   32|   ap_memory|        v261_5|         array|
|v261_6_address0         |  out|    5|   ap_memory|        v261_6|         array|
|v261_6_ce0              |  out|    1|   ap_memory|        v261_6|         array|
|v261_6_q0               |   in|   32|   ap_memory|        v261_6|         array|
|v261_7_address0         |  out|    5|   ap_memory|        v261_7|         array|
|v261_7_ce0              |  out|    1|   ap_memory|        v261_7|         array|
|v261_7_q0               |   in|   32|   ap_memory|        v261_7|         array|
|v261_8_address0         |  out|    5|   ap_memory|        v261_8|         array|
|v261_8_ce0              |  out|    1|   ap_memory|        v261_8|         array|
|v261_8_q0               |   in|   32|   ap_memory|        v261_8|         array|
|v261_9_address0         |  out|    5|   ap_memory|        v261_9|         array|
|v261_9_ce0              |  out|    1|   ap_memory|        v261_9|         array|
|v261_9_q0               |   in|   32|   ap_memory|        v261_9|         array|
|v261_10_address0        |  out|    5|   ap_memory|       v261_10|         array|
|v261_10_ce0             |  out|    1|   ap_memory|       v261_10|         array|
|v261_10_q0              |   in|   32|   ap_memory|       v261_10|         array|
|v261_11_address0        |  out|    5|   ap_memory|       v261_11|         array|
|v261_11_ce0             |  out|    1|   ap_memory|       v261_11|         array|
|v261_11_q0              |   in|   32|   ap_memory|       v261_11|         array|
|v261_12_address0        |  out|    5|   ap_memory|       v261_12|         array|
|v261_12_ce0             |  out|    1|   ap_memory|       v261_12|         array|
|v261_12_q0              |   in|   32|   ap_memory|       v261_12|         array|
|v261_13_address0        |  out|    5|   ap_memory|       v261_13|         array|
|v261_13_ce0             |  out|    1|   ap_memory|       v261_13|         array|
|v261_13_q0              |   in|   32|   ap_memory|       v261_13|         array|
|v261_14_address0        |  out|    5|   ap_memory|       v261_14|         array|
|v261_14_ce0             |  out|    1|   ap_memory|       v261_14|         array|
|v261_14_q0              |   in|   32|   ap_memory|       v261_14|         array|
|v261_15_address0        |  out|    5|   ap_memory|       v261_15|         array|
|v261_15_ce0             |  out|    1|   ap_memory|       v261_15|         array|
|v261_15_q0              |   in|   32|   ap_memory|       v261_15|         array|
|v261_16_address0        |  out|    5|   ap_memory|       v261_16|         array|
|v261_16_ce0             |  out|    1|   ap_memory|       v261_16|         array|
|v261_16_q0              |   in|   32|   ap_memory|       v261_16|         array|
|v261_17_address0        |  out|    5|   ap_memory|       v261_17|         array|
|v261_17_ce0             |  out|    1|   ap_memory|       v261_17|         array|
|v261_17_q0              |   in|   32|   ap_memory|       v261_17|         array|
|v261_18_address0        |  out|    5|   ap_memory|       v261_18|         array|
|v261_18_ce0             |  out|    1|   ap_memory|       v261_18|         array|
|v261_18_q0              |   in|   32|   ap_memory|       v261_18|         array|
|v261_19_address0        |  out|    5|   ap_memory|       v261_19|         array|
|v261_19_ce0             |  out|    1|   ap_memory|       v261_19|         array|
|v261_19_q0              |   in|   32|   ap_memory|       v261_19|         array|
|v261_20_address0        |  out|    5|   ap_memory|       v261_20|         array|
|v261_20_ce0             |  out|    1|   ap_memory|       v261_20|         array|
|v261_20_q0              |   in|   32|   ap_memory|       v261_20|         array|
|v261_21_address0        |  out|    5|   ap_memory|       v261_21|         array|
|v261_21_ce0             |  out|    1|   ap_memory|       v261_21|         array|
|v261_21_q0              |   in|   32|   ap_memory|       v261_21|         array|
|v261_22_address0        |  out|    5|   ap_memory|       v261_22|         array|
|v261_22_ce0             |  out|    1|   ap_memory|       v261_22|         array|
|v261_22_q0              |   in|   32|   ap_memory|       v261_22|         array|
|v261_23_address0        |  out|    5|   ap_memory|       v261_23|         array|
|v261_23_ce0             |  out|    1|   ap_memory|       v261_23|         array|
|v261_23_q0              |   in|   32|   ap_memory|       v261_23|         array|
|v261_24_address0        |  out|    5|   ap_memory|       v261_24|         array|
|v261_24_ce0             |  out|    1|   ap_memory|       v261_24|         array|
|v261_24_q0              |   in|   32|   ap_memory|       v261_24|         array|
|v261_25_address0        |  out|    5|   ap_memory|       v261_25|         array|
|v261_25_ce0             |  out|    1|   ap_memory|       v261_25|         array|
|v261_25_q0              |   in|   32|   ap_memory|       v261_25|         array|
|v261_26_address0        |  out|    5|   ap_memory|       v261_26|         array|
|v261_26_ce0             |  out|    1|   ap_memory|       v261_26|         array|
|v261_26_q0              |   in|   32|   ap_memory|       v261_26|         array|
|v261_27_address0        |  out|    5|   ap_memory|       v261_27|         array|
|v261_27_ce0             |  out|    1|   ap_memory|       v261_27|         array|
|v261_27_q0              |   in|   32|   ap_memory|       v261_27|         array|
+------------------------+-----+-----+------------+--------------+--------------+

