

================================================================
== Vitis HLS Report for 'node4'
================================================================
* Date:           Tue Oct  1 18:07:56 2024

* Version:        2023.2 (Build 4023990 on Oct 11 2023)
* Project:        hls_k7mmseq_balanced
* Solution:       solution1 (Vivado IP Flow Target)
* Product family: virtexuplusHBM
* Target device:  xcu280-fsvh2892-2L-e


================================================================
== Performance Estimates
================================================================
+ Timing: 
    * Summary: 
    +--------+---------+----------+------------+
    |  Clock |  Target | Estimated| Uncertainty|
    +--------+---------+----------+------------+
    |ap_clk  |  3.33 ns|  3.506 ns|     0.90 ns|
    +--------+---------+----------+------------+

+ Latency: 
    * Summary: 
    +---------+---------+-----------+-----------+------+------+---------+
    |  Latency (cycles) |   Latency (absolute)  |   Interval  | Pipeline|
    |   min   |   max   |    min    |    max    |  min |  max |   Type  |
    +---------+---------+-----------+-----------+------+------+---------+
    |     4118|     4118|  14.438 us|  14.438 us|  4118|  4118|       no|
    +---------+---------+-----------+-----------+------+------+---------+

    + Detail: 
        * Instance: 
        N/A

        * Loop: 
        +------------------------+---------+---------+----------+-----------+-----------+------+----------+
        |                        |  Latency (cycles) | Iteration|  Initiation Interval  | Trip |          |
        |        Loop Name       |   min   |   max   |  Latency |  achieved |   target  | Count| Pipelined|
        +------------------------+---------+---------+----------+-----------+-----------+------+----------+
        |- loop22_loop23_loop24  |     4116|     4116|        22|          1|          1|  4096|       yes|
        +------------------------+---------+---------+----------+-----------+-----------+------+----------+



================================================================
== Utilization Estimates
================================================================
* Summary: 
+---------------------+---------+------+---------+---------+-----+
|         Name        | BRAM_18K|  DSP |    FF   |   LUT   | URAM|
+---------------------+---------+------+---------+---------+-----+
|DSP                  |        -|     -|        -|        -|    -|
|Expression           |        -|     -|        0|      752|    -|
|FIFO                 |        -|     -|        -|        -|    -|
|Instance             |        -|   224|    25904|    24384|    -|
|Memory               |       16|     -|        0|        0|    0|
|Multiplexer          |        -|     -|        -|      396|    -|
|Register             |        -|     -|     7257|     1056|    -|
+---------------------+---------+------+---------+---------+-----+
|Total                |       16|   224|    33161|    26588|    0|
+---------------------+---------+------+---------+---------+-----+
|Available SLR        |     1344|  3008|   869120|   434560|  320|
+---------------------+---------+------+---------+---------+-----+
|Utilization SLR (%)  |        1|     7|        3|        6|    0|
+---------------------+---------+------+---------+---------+-----+
|Available            |     4032|  9024|  2607360|  1303680|  960|
+---------------------+---------+------+---------+---------+-----+
|Utilization (%)      |       ~0|     2|        1|        2|    0|
+---------------------+---------+------+---------+---------+-----+

+ Detail: 
    * Instance: 
    +-------------------------------------+--------------------------------+---------+----+-----+-----+-----+
    |               Instance              |             Module             | BRAM_18K| DSP|  FF | LUT | URAM|
    +-------------------------------------+--------------------------------+---------+----+-----+-----+-----+
    |fadd_32ns_32ns_32_5_no_dsp_1_U533    |fadd_32ns_32ns_32_5_no_dsp_1    |        0|   0|  243|  338|    0|
    |fadd_32ns_32ns_32_5_no_dsp_1_U534    |fadd_32ns_32ns_32_5_no_dsp_1    |        0|   0|  243|  338|    0|
    |fadd_32ns_32ns_32_5_no_dsp_1_U535    |fadd_32ns_32ns_32_5_no_dsp_1    |        0|   0|  243|  338|    0|
    |fadd_32ns_32ns_32_5_no_dsp_1_U536    |fadd_32ns_32ns_32_5_no_dsp_1    |        0|   0|  243|  338|    0|
    |fadd_32ns_32ns_32_5_no_dsp_1_U537    |fadd_32ns_32ns_32_5_no_dsp_1    |        0|   0|  243|  338|    0|
    |fadd_32ns_32ns_32_5_no_dsp_1_U538    |fadd_32ns_32ns_32_5_no_dsp_1    |        0|   0|  243|  338|    0|
    |fadd_32ns_32ns_32_5_no_dsp_1_U539    |fadd_32ns_32ns_32_5_no_dsp_1    |        0|   0|  243|  338|    0|
    |fadd_32ns_32ns_32_5_no_dsp_1_U540    |fadd_32ns_32ns_32_5_no_dsp_1    |        0|   0|  243|  338|    0|
    |fadd_32ns_32ns_32_5_no_dsp_1_U541    |fadd_32ns_32ns_32_5_no_dsp_1    |        0|   0|  243|  338|    0|
    |fadd_32ns_32ns_32_5_no_dsp_1_U542    |fadd_32ns_32ns_32_5_no_dsp_1    |        0|   0|  243|  338|    0|
    |fadd_32ns_32ns_32_5_no_dsp_1_U543    |fadd_32ns_32ns_32_5_no_dsp_1    |        0|   0|  243|  338|    0|
    |fadd_32ns_32ns_32_5_no_dsp_1_U544    |fadd_32ns_32ns_32_5_no_dsp_1    |        0|   0|  243|  338|    0|
    |fadd_32ns_32ns_32_5_no_dsp_1_U545    |fadd_32ns_32ns_32_5_no_dsp_1    |        0|   0|  243|  338|    0|
    |fadd_32ns_32ns_32_5_no_dsp_1_U546    |fadd_32ns_32ns_32_5_no_dsp_1    |        0|   0|  243|  338|    0|
    |fadd_32ns_32ns_32_5_no_dsp_1_U547    |fadd_32ns_32ns_32_5_no_dsp_1    |        0|   0|  243|  338|    0|
    |fadd_32ns_32ns_32_5_no_dsp_1_U548    |fadd_32ns_32ns_32_5_no_dsp_1    |        0|   0|  243|  338|    0|
    |fadd_32ns_32ns_32_5_no_dsp_1_U565    |fadd_32ns_32ns_32_5_no_dsp_1    |        0|   0|  243|  338|    0|
    |fadd_32ns_32ns_32_5_no_dsp_1_U566    |fadd_32ns_32ns_32_5_no_dsp_1    |        0|   0|  243|  338|    0|
    |fadd_32ns_32ns_32_5_no_dsp_1_U567    |fadd_32ns_32ns_32_5_no_dsp_1    |        0|   0|  243|  338|    0|
    |fadd_32ns_32ns_32_5_no_dsp_1_U568    |fadd_32ns_32ns_32_5_no_dsp_1    |        0|   0|  243|  338|    0|
    |fadd_32ns_32ns_32_5_no_dsp_1_U569    |fadd_32ns_32ns_32_5_no_dsp_1    |        0|   0|  243|  338|    0|
    |fadd_32ns_32ns_32_5_no_dsp_1_U570    |fadd_32ns_32ns_32_5_no_dsp_1    |        0|   0|  243|  338|    0|
    |fadd_32ns_32ns_32_5_no_dsp_1_U571    |fadd_32ns_32ns_32_5_no_dsp_1    |        0|   0|  243|  338|    0|
    |fadd_32ns_32ns_32_5_no_dsp_1_U572    |fadd_32ns_32ns_32_5_no_dsp_1    |        0|   0|  243|  338|    0|
    |fadd_32ns_32ns_32_5_no_dsp_1_U573    |fadd_32ns_32ns_32_5_no_dsp_1    |        0|   0|  243|  338|    0|
    |fadd_32ns_32ns_32_5_no_dsp_1_U574    |fadd_32ns_32ns_32_5_no_dsp_1    |        0|   0|  243|  338|    0|
    |fadd_32ns_32ns_32_5_no_dsp_1_U575    |fadd_32ns_32ns_32_5_no_dsp_1    |        0|   0|  243|  338|    0|
    |fadd_32ns_32ns_32_5_no_dsp_1_U576    |fadd_32ns_32ns_32_5_no_dsp_1    |        0|   0|  243|  338|    0|
    |fadd_32ns_32ns_32_5_no_dsp_1_U577    |fadd_32ns_32ns_32_5_no_dsp_1    |        0|   0|  243|  338|    0|
    |fadd_32ns_32ns_32_5_no_dsp_1_U578    |fadd_32ns_32ns_32_5_no_dsp_1    |        0|   0|  243|  338|    0|
    |fadd_32ns_32ns_32_5_no_dsp_1_U579    |fadd_32ns_32ns_32_5_no_dsp_1    |        0|   0|  243|  338|    0|
    |fadd_32ns_32ns_32_5_no_dsp_1_U580    |fadd_32ns_32ns_32_5_no_dsp_1    |        0|   0|  243|  338|    0|
    |fadd_32ns_32ns_32_5_no_dsp_1_U581    |fadd_32ns_32ns_32_5_no_dsp_1    |        0|   0|  243|  338|    0|
    |fadd_32ns_32ns_32_5_no_dsp_1_U582    |fadd_32ns_32ns_32_5_no_dsp_1    |        0|   0|  243|  338|    0|
    |fadd_32ns_32ns_32_5_no_dsp_1_U583    |fadd_32ns_32ns_32_5_no_dsp_1    |        0|   0|  243|  338|    0|
    |fadd_32ns_32ns_32_5_no_dsp_1_U584    |fadd_32ns_32ns_32_5_no_dsp_1    |        0|   0|  243|  338|    0|
    |fadd_32ns_32ns_32_5_no_dsp_1_U585    |fadd_32ns_32ns_32_5_no_dsp_1    |        0|   0|  243|  338|    0|
    |fadd_32ns_32ns_32_5_no_dsp_1_U586    |fadd_32ns_32ns_32_5_no_dsp_1    |        0|   0|  243|  338|    0|
    |fadd_32ns_32ns_32_5_no_dsp_1_U587    |fadd_32ns_32ns_32_5_no_dsp_1    |        0|   0|  243|  338|    0|
    |fadd_32ns_32ns_32_5_no_dsp_1_U588    |fadd_32ns_32ns_32_5_no_dsp_1    |        0|   0|  243|  338|    0|
    |fadd_32ns_32ns_32_5_no_dsp_1_U589    |fadd_32ns_32ns_32_5_no_dsp_1    |        0|   0|  243|  338|    0|
    |fadd_32ns_32ns_32_5_no_dsp_1_U590    |fadd_32ns_32ns_32_5_no_dsp_1    |        0|   0|  243|  338|    0|
    |fadd_32ns_32ns_32_5_no_dsp_1_U591    |fadd_32ns_32ns_32_5_no_dsp_1    |        0|   0|  243|  338|    0|
    |fadd_32ns_32ns_32_5_no_dsp_1_U592    |fadd_32ns_32ns_32_5_no_dsp_1    |        0|   0|  243|  338|    0|
    |fadd_32ns_32ns_32_5_no_dsp_1_U593    |fadd_32ns_32ns_32_5_no_dsp_1    |        0|   0|  243|  338|    0|
    |fadd_32ns_32ns_32_5_no_dsp_1_U594    |fadd_32ns_32ns_32_5_no_dsp_1    |        0|   0|  243|  338|    0|
    |fadd_32ns_32ns_32_5_no_dsp_1_U595    |fadd_32ns_32ns_32_5_no_dsp_1    |        0|   0|  243|  338|    0|
    |fadd_32ns_32ns_32_5_no_dsp_1_U596    |fadd_32ns_32ns_32_5_no_dsp_1    |        0|   0|  243|  338|    0|
    |fadd_32ns_32ns_32_7_full_dsp_1_U549  |fadd_32ns_32ns_32_7_full_dsp_1  |        0|   2|  318|  198|    0|
    |fadd_32ns_32ns_32_7_full_dsp_1_U550  |fadd_32ns_32ns_32_7_full_dsp_1  |        0|   2|  318|  198|    0|
    |fadd_32ns_32ns_32_7_full_dsp_1_U551  |fadd_32ns_32ns_32_7_full_dsp_1  |        0|   2|  318|  198|    0|
    |fadd_32ns_32ns_32_7_full_dsp_1_U552  |fadd_32ns_32ns_32_7_full_dsp_1  |        0|   2|  318|  198|    0|
    |fadd_32ns_32ns_32_7_full_dsp_1_U553  |fadd_32ns_32ns_32_7_full_dsp_1  |        0|   2|  318|  198|    0|
    |fadd_32ns_32ns_32_7_full_dsp_1_U554  |fadd_32ns_32ns_32_7_full_dsp_1  |        0|   2|  318|  198|    0|
    |fadd_32ns_32ns_32_7_full_dsp_1_U555  |fadd_32ns_32ns_32_7_full_dsp_1  |        0|   2|  318|  198|    0|
    |fadd_32ns_32ns_32_7_full_dsp_1_U556  |fadd_32ns_32ns_32_7_full_dsp_1  |        0|   2|  318|  198|    0|
    |fadd_32ns_32ns_32_7_full_dsp_1_U557  |fadd_32ns_32ns_32_7_full_dsp_1  |        0|   2|  318|  198|    0|
    |fadd_32ns_32ns_32_7_full_dsp_1_U558  |fadd_32ns_32ns_32_7_full_dsp_1  |        0|   2|  318|  198|    0|
    |fadd_32ns_32ns_32_7_full_dsp_1_U559  |fadd_32ns_32ns_32_7_full_dsp_1  |        0|   2|  318|  198|    0|
    |fadd_32ns_32ns_32_7_full_dsp_1_U560  |fadd_32ns_32ns_32_7_full_dsp_1  |        0|   2|  318|  198|    0|
    |fadd_32ns_32ns_32_7_full_dsp_1_U561  |fadd_32ns_32ns_32_7_full_dsp_1  |        0|   2|  318|  198|    0|
    |fadd_32ns_32ns_32_7_full_dsp_1_U562  |fadd_32ns_32ns_32_7_full_dsp_1  |        0|   2|  318|  198|    0|
    |fadd_32ns_32ns_32_7_full_dsp_1_U563  |fadd_32ns_32ns_32_7_full_dsp_1  |        0|   2|  318|  198|    0|
    |fadd_32ns_32ns_32_7_full_dsp_1_U564  |fadd_32ns_32ns_32_7_full_dsp_1  |        0|   2|  318|  198|    0|
    |fmul_32ns_32ns_32_4_max_dsp_1_U597   |fmul_32ns_32ns_32_4_max_dsp_1   |        0|   3|  143|   78|    0|
    |fmul_32ns_32ns_32_4_max_dsp_1_U598   |fmul_32ns_32ns_32_4_max_dsp_1   |        0|   3|  143|   78|    0|
    |fmul_32ns_32ns_32_4_max_dsp_1_U599   |fmul_32ns_32ns_32_4_max_dsp_1   |        0|   3|  143|   78|    0|
    |fmul_32ns_32ns_32_4_max_dsp_1_U600   |fmul_32ns_32ns_32_4_max_dsp_1   |        0|   3|  143|   78|    0|
    |fmul_32ns_32ns_32_4_max_dsp_1_U601   |fmul_32ns_32ns_32_4_max_dsp_1   |        0|   3|  143|   78|    0|
    |fmul_32ns_32ns_32_4_max_dsp_1_U602   |fmul_32ns_32ns_32_4_max_dsp_1   |        0|   3|  143|   78|    0|
    |fmul_32ns_32ns_32_4_max_dsp_1_U603   |fmul_32ns_32ns_32_4_max_dsp_1   |        0|   3|  143|   78|    0|
    |fmul_32ns_32ns_32_4_max_dsp_1_U604   |fmul_32ns_32ns_32_4_max_dsp_1   |        0|   3|  143|   78|    0|
    |fmul_32ns_32ns_32_4_max_dsp_1_U605   |fmul_32ns_32ns_32_4_max_dsp_1   |        0|   3|  143|   78|    0|
    |fmul_32ns_32ns_32_4_max_dsp_1_U606   |fmul_32ns_32ns_32_4_max_dsp_1   |        0|   3|  143|   78|    0|
    |fmul_32ns_32ns_32_4_max_dsp_1_U607   |fmul_32ns_32ns_32_4_max_dsp_1   |        0|   3|  143|   78|    0|
    |fmul_32ns_32ns_32_4_max_dsp_1_U608   |fmul_32ns_32ns_32_4_max_dsp_1   |        0|   3|  143|   78|    0|
    |fmul_32ns_32ns_32_4_max_dsp_1_U609   |fmul_32ns_32ns_32_4_max_dsp_1   |        0|   3|  143|   78|    0|
    |fmul_32ns_32ns_32_4_max_dsp_1_U610   |fmul_32ns_32ns_32_4_max_dsp_1   |        0|   3|  143|   78|    0|
    |fmul_32ns_32ns_32_4_max_dsp_1_U611   |fmul_32ns_32ns_32_4_max_dsp_1   |        0|   3|  143|   78|    0|
    |fmul_32ns_32ns_32_4_max_dsp_1_U612   |fmul_32ns_32ns_32_4_max_dsp_1   |        0|   3|  143|   78|    0|
    |fmul_32ns_32ns_32_4_max_dsp_1_U613   |fmul_32ns_32ns_32_4_max_dsp_1   |        0|   3|  143|   78|    0|
    |fmul_32ns_32ns_32_4_max_dsp_1_U614   |fmul_32ns_32ns_32_4_max_dsp_1   |        0|   3|  143|   78|    0|
    |fmul_32ns_32ns_32_4_max_dsp_1_U615   |fmul_32ns_32ns_32_4_max_dsp_1   |        0|   3|  143|   78|    0|
    |fmul_32ns_32ns_32_4_max_dsp_1_U616   |fmul_32ns_32ns_32_4_max_dsp_1   |        0|   3|  143|   78|    0|
    |fmul_32ns_32ns_32_4_max_dsp_1_U617   |fmul_32ns_32ns_32_4_max_dsp_1   |        0|   3|  143|   78|    0|
    |fmul_32ns_32ns_32_4_max_dsp_1_U618   |fmul_32ns_32ns_32_4_max_dsp_1   |        0|   3|  143|   78|    0|
    |fmul_32ns_32ns_32_4_max_dsp_1_U619   |fmul_32ns_32ns_32_4_max_dsp_1   |        0|   3|  143|   78|    0|
    |fmul_32ns_32ns_32_4_max_dsp_1_U620   |fmul_32ns_32ns_32_4_max_dsp_1   |        0|   3|  143|   78|    0|
    |fmul_32ns_32ns_32_4_max_dsp_1_U621   |fmul_32ns_32ns_32_4_max_dsp_1   |        0|   3|  143|   78|    0|
    |fmul_32ns_32ns_32_4_max_dsp_1_U622   |fmul_32ns_32ns_32_4_max_dsp_1   |        0|   3|  143|   78|    0|
    |fmul_32ns_32ns_32_4_max_dsp_1_U623   |fmul_32ns_32ns_32_4_max_dsp_1   |        0|   3|  143|   78|    0|
    |fmul_32ns_32ns_32_4_max_dsp_1_U624   |fmul_32ns_32ns_32_4_max_dsp_1   |        0|   3|  143|   78|    0|
    |fmul_32ns_32ns_32_4_max_dsp_1_U625   |fmul_32ns_32ns_32_4_max_dsp_1   |        0|   3|  143|   78|    0|
    |fmul_32ns_32ns_32_4_max_dsp_1_U626   |fmul_32ns_32ns_32_4_max_dsp_1   |        0|   3|  143|   78|    0|
    |fmul_32ns_32ns_32_4_max_dsp_1_U627   |fmul_32ns_32ns_32_4_max_dsp_1   |        0|   3|  143|   78|    0|
    |fmul_32ns_32ns_32_4_max_dsp_1_U628   |fmul_32ns_32ns_32_4_max_dsp_1   |        0|   3|  143|   78|    0|
    |fmul_32ns_32ns_32_4_max_dsp_1_U629   |fmul_32ns_32ns_32_4_max_dsp_1   |        0|   3|  143|   78|    0|
    |fmul_32ns_32ns_32_4_max_dsp_1_U630   |fmul_32ns_32ns_32_4_max_dsp_1   |        0|   3|  143|   78|    0|
    |fmul_32ns_32ns_32_4_max_dsp_1_U631   |fmul_32ns_32ns_32_4_max_dsp_1   |        0|   3|  143|   78|    0|
    |fmul_32ns_32ns_32_4_max_dsp_1_U632   |fmul_32ns_32ns_32_4_max_dsp_1   |        0|   3|  143|   78|    0|
    |fmul_32ns_32ns_32_4_max_dsp_1_U633   |fmul_32ns_32ns_32_4_max_dsp_1   |        0|   3|  143|   78|    0|
    |fmul_32ns_32ns_32_4_max_dsp_1_U634   |fmul_32ns_32ns_32_4_max_dsp_1   |        0|   3|  143|   78|    0|
    |fmul_32ns_32ns_32_4_max_dsp_1_U635   |fmul_32ns_32ns_32_4_max_dsp_1   |        0|   3|  143|   78|    0|
    |fmul_32ns_32ns_32_4_max_dsp_1_U636   |fmul_32ns_32ns_32_4_max_dsp_1   |        0|   3|  143|   78|    0|
    |fmul_32ns_32ns_32_4_max_dsp_1_U637   |fmul_32ns_32ns_32_4_max_dsp_1   |        0|   3|  143|   78|    0|
    |fmul_32ns_32ns_32_4_max_dsp_1_U638   |fmul_32ns_32ns_32_4_max_dsp_1   |        0|   3|  143|   78|    0|
    |fmul_32ns_32ns_32_4_max_dsp_1_U639   |fmul_32ns_32ns_32_4_max_dsp_1   |        0|   3|  143|   78|    0|
    |fmul_32ns_32ns_32_4_max_dsp_1_U640   |fmul_32ns_32ns_32_4_max_dsp_1   |        0|   3|  143|   78|    0|
    |fmul_32ns_32ns_32_4_max_dsp_1_U641   |fmul_32ns_32ns_32_4_max_dsp_1   |        0|   3|  143|   78|    0|
    |fmul_32ns_32ns_32_4_max_dsp_1_U642   |fmul_32ns_32ns_32_4_max_dsp_1   |        0|   3|  143|   78|    0|
    |fmul_32ns_32ns_32_4_max_dsp_1_U643   |fmul_32ns_32ns_32_4_max_dsp_1   |        0|   3|  143|   78|    0|
    |fmul_32ns_32ns_32_4_max_dsp_1_U644   |fmul_32ns_32ns_32_4_max_dsp_1   |        0|   3|  143|   78|    0|
    |fmul_32ns_32ns_32_4_max_dsp_1_U645   |fmul_32ns_32ns_32_4_max_dsp_1   |        0|   3|  143|   78|    0|
    |fmul_32ns_32ns_32_4_max_dsp_1_U646   |fmul_32ns_32ns_32_4_max_dsp_1   |        0|   3|  143|   78|    0|
    |fmul_32ns_32ns_32_4_max_dsp_1_U647   |fmul_32ns_32ns_32_4_max_dsp_1   |        0|   3|  143|   78|    0|
    |fmul_32ns_32ns_32_4_max_dsp_1_U648   |fmul_32ns_32ns_32_4_max_dsp_1   |        0|   3|  143|   78|    0|
    |fmul_32ns_32ns_32_4_max_dsp_1_U649   |fmul_32ns_32ns_32_4_max_dsp_1   |        0|   3|  143|   78|    0|
    |fmul_32ns_32ns_32_4_max_dsp_1_U650   |fmul_32ns_32ns_32_4_max_dsp_1   |        0|   3|  143|   78|    0|
    |fmul_32ns_32ns_32_4_max_dsp_1_U651   |fmul_32ns_32ns_32_4_max_dsp_1   |        0|   3|  143|   78|    0|
    |fmul_32ns_32ns_32_4_max_dsp_1_U652   |fmul_32ns_32ns_32_4_max_dsp_1   |        0|   3|  143|   78|    0|
    |fmul_32ns_32ns_32_4_max_dsp_1_U653   |fmul_32ns_32ns_32_4_max_dsp_1   |        0|   3|  143|   78|    0|
    |fmul_32ns_32ns_32_4_max_dsp_1_U654   |fmul_32ns_32ns_32_4_max_dsp_1   |        0|   3|  143|   78|    0|
    |fmul_32ns_32ns_32_4_max_dsp_1_U655   |fmul_32ns_32ns_32_4_max_dsp_1   |        0|   3|  143|   78|    0|
    |fmul_32ns_32ns_32_4_max_dsp_1_U656   |fmul_32ns_32ns_32_4_max_dsp_1   |        0|   3|  143|   78|    0|
    |fmul_32ns_32ns_32_4_max_dsp_1_U657   |fmul_32ns_32ns_32_4_max_dsp_1   |        0|   3|  143|   78|    0|
    |fmul_32ns_32ns_32_4_max_dsp_1_U658   |fmul_32ns_32ns_32_4_max_dsp_1   |        0|   3|  143|   78|    0|
    |fmul_32ns_32ns_32_4_max_dsp_1_U659   |fmul_32ns_32ns_32_4_max_dsp_1   |        0|   3|  143|   78|    0|
    |fmul_32ns_32ns_32_4_max_dsp_1_U660   |fmul_32ns_32ns_32_4_max_dsp_1   |        0|   3|  143|   78|    0|
    +-------------------------------------+--------------------------------+---------+----+-----+-----+-----+
    |Total                                |                                |        0| 224|25904|24384|    0|
    +-------------------------------------+--------------------------------+---------+----+-----+-----+-----+

    * DSP: 
    N/A

    * Memory: 
    +----------+--------------------------+---------+---+----+-----+------+-----+------+-------------+
    |  Memory  |          Module          | BRAM_18K| FF| LUT| URAM| Words| Bits| Banks| W*Bits*Banks|
    +----------+--------------------------+---------+---+----+-----+------+-----+------+-------------+
    |v68_U     |node7_v125_RAM_AUTO_1R1W  |        1|  0|   0|    0|   256|   32|     1|         8192|
    |v68_1_U   |node7_v125_RAM_AUTO_1R1W  |        1|  0|   0|    0|   256|   32|     1|         8192|
    |v68_2_U   |node7_v125_RAM_AUTO_1R1W  |        1|  0|   0|    0|   256|   32|     1|         8192|
    |v68_3_U   |node7_v125_RAM_AUTO_1R1W  |        1|  0|   0|    0|   256|   32|     1|         8192|
    |v68_4_U   |node7_v125_RAM_AUTO_1R1W  |        1|  0|   0|    0|   256|   32|     1|         8192|
    |v68_5_U   |node7_v125_RAM_AUTO_1R1W  |        1|  0|   0|    0|   256|   32|     1|         8192|
    |v68_6_U   |node7_v125_RAM_AUTO_1R1W  |        1|  0|   0|    0|   256|   32|     1|         8192|
    |v68_7_U   |node7_v125_RAM_AUTO_1R1W  |        1|  0|   0|    0|   256|   32|     1|         8192|
    |v68_8_U   |node7_v125_RAM_AUTO_1R1W  |        1|  0|   0|    0|   256|   32|     1|         8192|
    |v68_9_U   |node7_v125_RAM_AUTO_1R1W  |        1|  0|   0|    0|   256|   32|     1|         8192|
    |v68_10_U  |node7_v125_RAM_AUTO_1R1W  |        1|  0|   0|    0|   256|   32|     1|         8192|
    |v68_11_U  |node7_v125_RAM_AUTO_1R1W  |        1|  0|   0|    0|   256|   32|     1|         8192|
    |v68_12_U  |node7_v125_RAM_AUTO_1R1W  |        1|  0|   0|    0|   256|   32|     1|         8192|
    |v68_13_U  |node7_v125_RAM_AUTO_1R1W  |        1|  0|   0|    0|   256|   32|     1|         8192|
    |v68_14_U  |node7_v125_RAM_AUTO_1R1W  |        1|  0|   0|    0|   256|   32|     1|         8192|
    |v68_15_U  |node7_v125_RAM_AUTO_1R1W  |        1|  0|   0|    0|   256|   32|     1|         8192|
    +----------+--------------------------+---------+---+----+-----+------+-----+------+-------------+
    |Total     |                          |       16|  0|   0|    0|  4096|  512|    16|       131072|
    +----------+--------------------------+---------+---+----+-----+------+-----+------+-------------+

    * FIFO: 
    N/A

    * Expression: 
    +------------------------------------+----------+----+---+----+------------+------------+
    |            Variable Name           | Operation| DSP| FF| LUT| Bitwidth P0| Bitwidth P1|
    +------------------------------------+----------+----+---+----+------------+------------+
    |add_ln209_1_fu_1537_p2              |         +|   0|  0|  20|          13|           1|
    |add_ln209_fu_1656_p2                |         +|   0|  0|  12|           5|           1|
    |add_ln210_1_fu_1619_p2              |         +|   0|  0|  17|          10|           1|
    |add_ln210_fu_1581_p2                |         +|   0|  0|  12|           5|           1|
    |add_ln211_fu_1613_p2                |         +|   0|  0|  12|           5|           1|
    |add_ln222_fu_1701_p2                |         +|   0|  0|  15|           8|           8|
    |add_ln226_fu_1715_p2                |         +|   0|  0|  15|           8|           8|
    |and_ln209_fu_1575_p2                |       and|   0|  0|   2|           1|           1|
    |ap_condition_2379                   |       and|   0|  0|   2|           1|           1|
    |ap_condition_2403                   |       and|   0|  0|   2|           1|           1|
    |cmp50_fu_1688_p2                    |      icmp|   0|  0|  12|           5|           1|
    |cmp81_3_fu_1693_p2                  |      icmp|   0|  0|  12|           4|           2|
    |icmp_ln209_fu_1531_p2               |      icmp|   0|  0|  21|          13|          14|
    |icmp_ln210_fu_1549_p2               |      icmp|   0|  0|  17|          10|           9|
    |icmp_ln211_fu_1569_p2               |      icmp|   0|  0|  13|           5|           6|
    |icmp_ln217_fu_1721_p2               |      icmp|   0|  0|  12|           5|           1|
    |ap_block_pp0_stage0_01001           |        or|   0|  0|   2|           1|           1|
    |ap_block_state22_pp0_stage0_iter21  |        or|   0|  0|   2|           1|           1|
    |ap_block_state3_pp0_stage0_iter2    |        or|   0|  0|   2|           1|           1|
    |ap_block_state8_pp0_stage0_iter7    |        or|   0|  0|   2|           1|           1|
    |or_ln210_fu_1587_p2                 |        or|   0|  0|   2|           1|           1|
    |grp_fu_1000_p0                      |    select|   0|  0|  32|           1|           1|
    |grp_fu_1004_p0                      |    select|   0|  0|  32|           1|           1|
    |grp_fu_1008_p0                      |    select|   0|  0|  32|           1|           1|
    |grp_fu_1012_p0                      |    select|   0|  0|  32|           1|           1|
    |grp_fu_1016_p0                      |    select|   0|  0|  32|           1|           1|
    |grp_fu_1020_p0                      |    select|   0|  0|  32|           1|           1|
    |grp_fu_1024_p0                      |    select|   0|  0|  32|           1|           1|
    |grp_fu_1028_p0                      |    select|   0|  0|  32|           1|           1|
    |grp_fu_1032_p0                      |    select|   0|  0|  32|           1|           1|
    |grp_fu_972_p0                       |    select|   0|  0|  32|           1|           1|
    |grp_fu_976_p0                       |    select|   0|  0|  32|           1|           1|
    |grp_fu_980_p0                       |    select|   0|  0|  32|           1|           1|
    |grp_fu_984_p0                       |    select|   0|  0|  32|           1|           1|
    |grp_fu_988_p0                       |    select|   0|  0|  32|           1|           1|
    |grp_fu_992_p0                       |    select|   0|  0|  32|           1|           1|
    |grp_fu_996_p0                       |    select|   0|  0|  32|           1|           1|
    |select_ln209_1_fu_1662_p3           |    select|   0|  0|   5|           1|           5|
    |select_ln209_fu_1555_p3             |    select|   0|  0|   5|           1|           1|
    |select_ln210_1_fu_1601_p3           |    select|   0|  0|   5|           1|           5|
    |select_ln210_2_fu_1625_p3           |    select|   0|  0|  10|           1|           1|
    |select_ln210_fu_1593_p3             |    select|   0|  0|   5|           1|           1|
    |ap_enable_pp0                       |       xor|   0|  0|   2|           1|           2|
    |xor_ln209_fu_1563_p2                |       xor|   0|  0|   2|           1|           2|
    +------------------------------------+----------+----+---+----+------------+------------+
    |Total                               |          |   0|  0| 752|         127|          95|
    +------------------------------------+----------+----+---+----+------------+------------+

    * Multiplexer: 
    +----------------------------------------+----+-----------+-----+-----------+
    |                  Name                  | LUT| Input Size| Bits| Total Bits|
    +----------------------------------------+----+-----------+-----+-----------+
    |ap_done_int                             |   9|          2|    1|          2|
    |ap_enable_reg_pp0_iter1                 |   9|          2|    1|          2|
    |ap_sig_allocacmp_indvar_flatten28_load  |   9|          2|   13|         26|
    |ap_sig_allocacmp_indvar_flatten_load    |   9|          2|   10|         20|
    |ap_sig_allocacmp_v70_load               |   9|          2|    5|         10|
    |ap_sig_allocacmp_v71_load               |   9|          2|    5|         10|
    |ap_sig_allocacmp_v72_load               |   9|          2|    5|         10|
    |indvar_flatten28_fu_172                 |   9|          2|   13|         26|
    |indvar_flatten_fu_164                   |   9|          2|   10|         20|
    |v150_0_0_blk_n                          |   9|          2|    1|          2|
    |v150_0_1_blk_n                          |   9|          2|    1|          2|
    |v150_0_2_blk_n                          |   9|          2|    1|          2|
    |v150_0_3_blk_n                          |   9|          2|    1|          2|
    |v150_1_0_blk_n                          |   9|          2|    1|          2|
    |v150_1_1_blk_n                          |   9|          2|    1|          2|
    |v150_1_2_blk_n                          |   9|          2|    1|          2|
    |v150_1_3_blk_n                          |   9|          2|    1|          2|
    |v150_2_0_blk_n                          |   9|          2|    1|          2|
    |v150_2_1_blk_n                          |   9|          2|    1|          2|
    |v150_2_2_blk_n                          |   9|          2|    1|          2|
    |v150_2_3_blk_n                          |   9|          2|    1|          2|
    |v150_3_0_blk_n                          |   9|          2|    1|          2|
    |v150_3_1_blk_n                          |   9|          2|    1|          2|
    |v150_3_2_blk_n                          |   9|          2|    1|          2|
    |v150_3_3_blk_n                          |   9|          2|    1|          2|
    |v151_0_0_blk_n                          |   9|          2|    1|          2|
    |v151_0_1_blk_n                          |   9|          2|    1|          2|
    |v151_0_2_blk_n                          |   9|          2|    1|          2|
    |v151_0_3_blk_n                          |   9|          2|    1|          2|
    |v151_1_0_blk_n                          |   9|          2|    1|          2|
    |v151_1_1_blk_n                          |   9|          2|    1|          2|
    |v151_1_2_blk_n                          |   9|          2|    1|          2|
    |v151_1_3_blk_n                          |   9|          2|    1|          2|
    |v151_2_0_blk_n                          |   9|          2|    1|          2|
    |v151_2_1_blk_n                          |   9|          2|    1|          2|
    |v151_2_2_blk_n                          |   9|          2|    1|          2|
    |v151_2_3_blk_n                          |   9|          2|    1|          2|
    |v151_3_0_blk_n                          |   9|          2|    1|          2|
    |v151_3_1_blk_n                          |   9|          2|    1|          2|
    |v151_3_2_blk_n                          |   9|          2|    1|          2|
    |v151_3_3_blk_n                          |   9|          2|    1|          2|
    |v70_fu_168                              |   9|          2|    5|         10|
    |v71_fu_160                              |   9|          2|    5|         10|
    |v72_fu_156                              |   9|          2|    5|         10|
    +----------------------------------------+----+-----------+-----+-----------+
    |Total                                   | 396|         88|  110|        220|
    +----------------------------------------+----+-----------+-----+-----------+

    * Register: 
    +--------------------------------------------------+----+----+-----+-----------+
    |                       Name                       | FF | LUT| Bits| Const Bits|
    +--------------------------------------------------+----+----+-----+-----------+
    |add_ln226_reg_2511                                |   8|   0|    8|          0|
    |ap_CS_fsm                                         |   1|   0|    1|          0|
    |ap_condition_exit_pp0_iter0_stage0_pp0_iter1_reg  |   1|   0|    1|          0|
    |ap_condition_exit_pp0_iter0_stage0_pp0_iter2_reg  |   1|   0|    1|          0|
    |ap_condition_exit_pp0_iter0_stage0_pp0_iter3_reg  |   1|   0|    1|          0|
    |ap_condition_exit_pp0_iter0_stage0_pp0_iter4_reg  |   1|   0|    1|          0|
    |ap_condition_exit_pp0_iter0_stage0_pp0_iter5_reg  |   1|   0|    1|          0|
    |ap_done_reg                                       |   1|   0|    1|          0|
    |ap_enable_reg_pp0_iter1                           |   1|   0|    1|          0|
    |ap_enable_reg_pp0_iter10                          |   1|   0|    1|          0|
    |ap_enable_reg_pp0_iter11                          |   1|   0|    1|          0|
    |ap_enable_reg_pp0_iter12                          |   1|   0|    1|          0|
    |ap_enable_reg_pp0_iter13                          |   1|   0|    1|          0|
    |ap_enable_reg_pp0_iter14                          |   1|   0|    1|          0|
    |ap_enable_reg_pp0_iter15                          |   1|   0|    1|          0|
    |ap_enable_reg_pp0_iter16                          |   1|   0|    1|          0|
    |ap_enable_reg_pp0_iter17                          |   1|   0|    1|          0|
    |ap_enable_reg_pp0_iter18                          |   1|   0|    1|          0|
    |ap_enable_reg_pp0_iter19                          |   1|   0|    1|          0|
    |ap_enable_reg_pp0_iter2                           |   1|   0|    1|          0|
    |ap_enable_reg_pp0_iter20                          |   1|   0|    1|          0|
    |ap_enable_reg_pp0_iter21                          |   1|   0|    1|          0|
    |ap_enable_reg_pp0_iter3                           |   1|   0|    1|          0|
    |ap_enable_reg_pp0_iter4                           |   1|   0|    1|          0|
    |ap_enable_reg_pp0_iter5                           |   1|   0|    1|          0|
    |ap_enable_reg_pp0_iter6                           |   1|   0|    1|          0|
    |ap_enable_reg_pp0_iter7                           |   1|   0|    1|          0|
    |ap_enable_reg_pp0_iter8                           |   1|   0|    1|          0|
    |ap_enable_reg_pp0_iter9                           |   1|   0|    1|          0|
    |ap_loop_exit_ready_pp0_iter10_reg                 |   1|   0|    1|          0|
    |ap_loop_exit_ready_pp0_iter11_reg                 |   1|   0|    1|          0|
    |ap_loop_exit_ready_pp0_iter12_reg                 |   1|   0|    1|          0|
    |ap_loop_exit_ready_pp0_iter13_reg                 |   1|   0|    1|          0|
    |ap_loop_exit_ready_pp0_iter14_reg                 |   1|   0|    1|          0|
    |ap_loop_exit_ready_pp0_iter15_reg                 |   1|   0|    1|          0|
    |ap_loop_exit_ready_pp0_iter16_reg                 |   1|   0|    1|          0|
    |ap_loop_exit_ready_pp0_iter17_reg                 |   1|   0|    1|          0|
    |ap_loop_exit_ready_pp0_iter18_reg                 |   1|   0|    1|          0|
    |ap_loop_exit_ready_pp0_iter19_reg                 |   1|   0|    1|          0|
    |ap_loop_exit_ready_pp0_iter1_reg                  |   1|   0|    1|          0|
    |ap_loop_exit_ready_pp0_iter20_reg                 |   1|   0|    1|          0|
    |ap_loop_exit_ready_pp0_iter2_reg                  |   1|   0|    1|          0|
    |ap_loop_exit_ready_pp0_iter3_reg                  |   1|   0|    1|          0|
    |ap_loop_exit_ready_pp0_iter4_reg                  |   1|   0|    1|          0|
    |ap_loop_exit_ready_pp0_iter5_reg                  |   1|   0|    1|          0|
    |ap_loop_exit_ready_pp0_iter6_reg                  |   1|   0|    1|          0|
    |ap_loop_exit_ready_pp0_iter7_reg                  |   1|   0|    1|          0|
    |ap_loop_exit_ready_pp0_iter8_reg                  |   1|   0|    1|          0|
    |ap_loop_exit_ready_pp0_iter9_reg                  |   1|   0|    1|          0|
    |ap_loop_init_pp0_iter1_reg                        |   1|   0|    1|          0|
    |cmp50_reg_2451                                    |   1|   0|    1|          0|
    |cmp81_3_reg_2471                                  |   1|   0|    1|          0|
    |icmp_ln210_reg_2429                               |   1|   0|    1|          0|
    |icmp_ln217_reg_2516                               |   1|   0|    1|          0|
    |indvar_flatten28_fu_172                           |  13|   0|   13|          0|
    |indvar_flatten_fu_164                             |  10|   0|   10|          0|
    |mux_case_013518_fu_208                            |  32|   0|   32|          0|
    |mux_case_018026_fu_224                            |  32|   0|   32|          0|
    |mux_case_02_fu_176                                |  32|   0|   32|          0|
    |mux_case_09010_fu_192                             |  32|   0|   32|          0|
    |mux_case_110912_fu_196                            |  32|   0|   32|          0|
    |mux_case_115420_fu_212                            |  32|   0|   32|          0|
    |mux_case_122828_fu_228                            |  32|   0|   32|          0|
    |mux_case_1644_fu_180                              |  32|   0|   32|          0|
    |mux_case_211114_fu_200                            |  32|   0|   32|          0|
    |mux_case_215622_fu_216                            |  32|   0|   32|          0|
    |mux_case_223230_fu_232                            |  32|   0|   32|          0|
    |mux_case_2666_fu_184                              |  32|   0|   32|          0|
    |mux_case_311316_fu_204                            |  32|   0|   32|          0|
    |mux_case_315824_fu_220                            |  32|   0|   32|          0|
    |mux_case_323632_fu_236                            |  32|   0|   32|          0|
    |mux_case_3688_fu_188                              |  32|   0|   32|          0|
    |select_ln210_1_reg_2440                           |   5|   0|    5|          0|
    |select_ln210_reg_2434                             |   5|   0|    5|          0|
    |tmp10_reg_3472                                    |  32|   0|   32|          0|
    |tmp11_reg_3622                                    |  32|   0|   32|          0|
    |tmp12_reg_3627                                    |  32|   0|   32|          0|
    |tmp13_reg_3477                                    |  32|   0|   32|          0|
    |tmp14_reg_3632                                    |  32|   0|   32|          0|
    |tmp15_reg_3637                                    |  32|   0|   32|          0|
    |tmp16_reg_3482                                    |  32|   0|   32|          0|
    |tmp17_reg_3642                                    |  32|   0|   32|          0|
    |tmp18_reg_3647                                    |  32|   0|   32|          0|
    |tmp19_reg_3487                                    |  32|   0|   32|          0|
    |tmp28_reg_3572                                    |  32|   0|   32|          0|
    |tmp29_reg_3577                                    |  32|   0|   32|          0|
    |tmp30_reg_3432                                    |  32|   0|   32|          0|
    |tmp31_reg_3582                                    |  32|   0|   32|          0|
    |tmp32_reg_3587                                    |  32|   0|   32|          0|
    |tmp33_reg_3437                                    |  32|   0|   32|          0|
    |tmp34_reg_3592                                    |  32|   0|   32|          0|
    |tmp35_reg_3597                                    |  32|   0|   32|          0|
    |tmp36_reg_3442                                    |  32|   0|   32|          0|
    |tmp37_reg_3602                                    |  32|   0|   32|          0|
    |tmp38_reg_3607                                    |  32|   0|   32|          0|
    |tmp39_reg_3447                                    |  32|   0|   32|          0|
    |tmp48_reg_3532                                    |  32|   0|   32|          0|
    |tmp49_reg_3537                                    |  32|   0|   32|          0|
    |tmp50_reg_3392                                    |  32|   0|   32|          0|
    |tmp51_reg_3542                                    |  32|   0|   32|          0|
    |tmp52_reg_3547                                    |  32|   0|   32|          0|
    |tmp53_reg_3397                                    |  32|   0|   32|          0|
    |tmp54_reg_3552                                    |  32|   0|   32|          0|
    |tmp55_reg_3557                                    |  32|   0|   32|          0|
    |tmp56_reg_3402                                    |  32|   0|   32|          0|
    |tmp57_reg_3562                                    |  32|   0|   32|          0|
    |tmp58_reg_3567                                    |  32|   0|   32|          0|
    |tmp59_reg_3407                                    |  32|   0|   32|          0|
    |tmp68_reg_3492                                    |  32|   0|   32|          0|
    |tmp69_reg_3497                                    |  32|   0|   32|          0|
    |tmp70_reg_3352                                    |  32|   0|   32|          0|
    |tmp71_reg_3502                                    |  32|   0|   32|          0|
    |tmp72_reg_3507                                    |  32|   0|   32|          0|
    |tmp73_reg_3357                                    |  32|   0|   32|          0|
    |tmp74_reg_3512                                    |  32|   0|   32|          0|
    |tmp75_reg_3517                                    |  32|   0|   32|          0|
    |tmp76_reg_3362                                    |  32|   0|   32|          0|
    |tmp77_reg_3522                                    |  32|   0|   32|          0|
    |tmp78_reg_3527                                    |  32|   0|   32|          0|
    |tmp8_reg_3612                                     |  32|   0|   32|          0|
    |tmp9_reg_3617                                     |  32|   0|   32|          0|
    |tmp_reg_3367                                      |  32|   0|   32|          0|
    |trunc_ln226_reg_2445                              |   4|   0|    4|          0|
    |v142_0_0_addr_reg_2668                            |   8|   0|    8|          0|
    |v142_0_0_load_reg_3008                            |  32|   0|   32|          0|
    |v142_0_1_addr_reg_2673                            |   8|   0|    8|          0|
    |v142_0_1_load_reg_3013                            |  32|   0|   32|          0|
    |v142_0_2_addr_reg_2678                            |   8|   0|    8|          0|
    |v142_0_2_load_reg_3018                            |  32|   0|   32|          0|
    |v142_0_3_addr_reg_2683                            |   8|   0|    8|          0|
    |v142_0_3_load_reg_3023                            |  32|   0|   32|          0|
    |v142_1_0_load_reg_2728                            |  32|   0|   32|          0|
    |v142_1_1_load_reg_2733                            |  32|   0|   32|          0|
    |v142_1_2_load_reg_2738                            |  32|   0|   32|          0|
    |v142_1_3_load_reg_2743                            |  32|   0|   32|          0|
    |v142_2_0_load_reg_2748                            |  32|   0|   32|          0|
    |v142_2_1_load_reg_2753                            |  32|   0|   32|          0|
    |v142_2_2_load_reg_2758                            |  32|   0|   32|          0|
    |v142_2_3_load_reg_2763                            |  32|   0|   32|          0|
    |v142_3_0_load_reg_2520                            |  32|   0|   32|          0|
    |v142_3_1_load_reg_2525                            |  32|   0|   32|          0|
    |v142_3_2_load_reg_2530                            |  32|   0|   32|          0|
    |v142_3_3_load_reg_2535                            |  32|   0|   32|          0|
    |v68_10_addr_reg_2828                              |   8|   0|    8|          0|
    |v68_11_addr_reg_2834                              |   8|   0|    8|          0|
    |v68_12_addr_reg_2840                              |   8|   0|    8|          0|
    |v68_13_addr_reg_2846                              |   8|   0|    8|          0|
    |v68_14_addr_reg_2852                              |   8|   0|    8|          0|
    |v68_15_addr_reg_2858                              |   8|   0|    8|          0|
    |v68_1_addr_reg_2774                               |   8|   0|    8|          0|
    |v68_2_addr_reg_2780                               |   8|   0|    8|          0|
    |v68_3_addr_reg_2786                               |   8|   0|    8|          0|
    |v68_4_addr_reg_2792                               |   8|   0|    8|          0|
    |v68_5_addr_reg_2798                               |   8|   0|    8|          0|
    |v68_6_addr_reg_2804                               |   8|   0|    8|          0|
    |v68_7_addr_reg_2810                               |   8|   0|    8|          0|
    |v68_8_addr_reg_2816                               |   8|   0|    8|          0|
    |v68_9_addr_reg_2822                               |   8|   0|    8|          0|
    |v68_addr_reg_2768                                 |   8|   0|    8|          0|
    |v70_fu_168                                        |   5|   0|    5|          0|
    |v71_fu_160                                        |   5|   0|    5|          0|
    |v72_fu_156                                        |   5|   0|    5|          0|
    |v77_16_reg_2644                                   |  32|   0|   32|          0|
    |v77_17_reg_2652                                   |  32|   0|   32|          0|
    |v77_18_reg_2620                                   |  32|   0|   32|          0|
    |v77_19_reg_2628                                   |  32|   0|   32|          0|
    |v77_20_reg_2596                                   |  32|   0|   32|          0|
    |v77_21_reg_2604                                   |  32|   0|   32|          0|
    |v77_22_reg_2540                                   |  32|   0|   32|          0|
    |v77_23_reg_2548                                   |  32|   0|   32|          0|
    |v80_10_reg_3207                                   |  32|   0|   32|          0|
    |v80_11_reg_3212                                   |  32|   0|   32|          0|
    |v80_12_reg_2928                                   |  32|   0|   32|          0|
    |v80_13_reg_2933                                   |  32|   0|   32|          0|
    |v80_14_reg_2938                                   |  32|   0|   32|          0|
    |v80_15_reg_2943                                   |  32|   0|   32|          0|
    |v80_16_reg_3372                                   |  32|   0|   32|          0|
    |v80_17_reg_3377                                   |  32|   0|   32|          0|
    |v80_18_reg_3382                                   |  32|   0|   32|          0|
    |v80_19_reg_3387                                   |  32|   0|   32|          0|
    |v80_1_reg_3337                                    |  32|   0|   32|          0|
    |v80_20_reg_3217                                   |  32|   0|   32|          0|
    |v80_21_reg_3222                                   |  32|   0|   32|          0|
    |v80_22_reg_3227                                   |  32|   0|   32|          0|
    |v80_23_reg_3232                                   |  32|   0|   32|          0|
    |v80_24_reg_3237                                   |  32|   0|   32|          0|
    |v80_25_reg_3242                                   |  32|   0|   32|          0|
    |v80_26_reg_3247                                   |  32|   0|   32|          0|
    |v80_27_reg_3252                                   |  32|   0|   32|          0|
    |v80_28_reg_2948                                   |  32|   0|   32|          0|
    |v80_29_reg_2953                                   |  32|   0|   32|          0|
    |v80_2_reg_3342                                    |  32|   0|   32|          0|
    |v80_30_reg_2958                                   |  32|   0|   32|          0|
    |v80_31_reg_2963                                   |  32|   0|   32|          0|
    |v80_32_reg_3412                                   |  32|   0|   32|          0|
    |v80_33_reg_3417                                   |  32|   0|   32|          0|
    |v80_34_reg_3422                                   |  32|   0|   32|          0|
    |v80_35_reg_3427                                   |  32|   0|   32|          0|
    |v80_36_reg_3257                                   |  32|   0|   32|          0|
    |v80_37_reg_3262                                   |  32|   0|   32|          0|
    |v80_38_reg_3267                                   |  32|   0|   32|          0|
    |v80_39_reg_3272                                   |  32|   0|   32|          0|
    |v80_3_reg_3347                                    |  32|   0|   32|          0|
    |v80_40_reg_3277                                   |  32|   0|   32|          0|
    |v80_41_reg_3282                                   |  32|   0|   32|          0|
    |v80_42_reg_3287                                   |  32|   0|   32|          0|
    |v80_43_reg_3292                                   |  32|   0|   32|          0|
    |v80_44_reg_2968                                   |  32|   0|   32|          0|
    |v80_45_reg_2973                                   |  32|   0|   32|          0|
    |v80_46_reg_2978                                   |  32|   0|   32|          0|
    |v80_47_reg_2983                                   |  32|   0|   32|          0|
    |v80_48_reg_3452                                   |  32|   0|   32|          0|
    |v80_49_reg_3457                                   |  32|   0|   32|          0|
    |v80_4_reg_3172                                    |  32|   0|   32|          0|
    |v80_50_reg_3462                                   |  32|   0|   32|          0|
    |v80_51_reg_3467                                   |  32|   0|   32|          0|
    |v80_52_reg_3297                                   |  32|   0|   32|          0|
    |v80_53_reg_3302                                   |  32|   0|   32|          0|
    |v80_54_reg_3307                                   |  32|   0|   32|          0|
    |v80_55_reg_3312                                   |  32|   0|   32|          0|
    |v80_56_reg_3317                                   |  32|   0|   32|          0|
    |v80_57_reg_3322                                   |  32|   0|   32|          0|
    |v80_58_reg_3327                                   |  32|   0|   32|          0|
    |v80_59_reg_2988                                   |  32|   0|   32|          0|
    |v80_5_reg_3177                                    |  32|   0|   32|          0|
    |v80_60_reg_2993                                   |  32|   0|   32|          0|
    |v80_61_reg_2998                                   |  32|   0|   32|          0|
    |v80_62_reg_3003                                   |  32|   0|   32|          0|
    |v80_64_reg_3202                                   |  32|   0|   32|          0|
    |v80_6_reg_3182                                    |  32|   0|   32|          0|
    |v80_7_reg_3187                                    |  32|   0|   32|          0|
    |v80_8_reg_3192                                    |  32|   0|   32|          0|
    |v80_9_reg_3197                                    |  32|   0|   32|          0|
    |v80_reg_3332                                      |  32|   0|   32|          0|
    |zext_ln222_1_reg_2475                             |   8|   0|   64|         56|
    |add_ln226_reg_2511                                |  64|  32|    8|          0|
    |cmp50_reg_2451                                    |  64|  32|    1|          0|
    |cmp81_3_reg_2471                                  |  64|  32|    1|          0|
    |icmp_ln217_reg_2516                               |  64|  32|    1|          0|
    |v142_0_0_addr_reg_2668                            |  64|  32|    8|          0|
    |v142_0_1_addr_reg_2673                            |  64|  32|    8|          0|
    |v142_0_2_addr_reg_2678                            |  64|  32|    8|          0|
    |v142_0_3_addr_reg_2683                            |  64|  32|    8|          0|
    |v68_10_addr_reg_2828                              |  64|  32|    8|          0|
    |v68_11_addr_reg_2834                              |  64|  32|    8|          0|
    |v68_12_addr_reg_2840                              |  64|  32|    8|          0|
    |v68_13_addr_reg_2846                              |  64|  32|    8|          0|
    |v68_14_addr_reg_2852                              |  64|  32|    8|          0|
    |v68_15_addr_reg_2858                              |  64|  32|    8|          0|
    |v68_1_addr_reg_2774                               |  64|  32|    8|          0|
    |v68_2_addr_reg_2780                               |  64|  32|    8|          0|
    |v68_3_addr_reg_2786                               |  64|  32|    8|          0|
    |v68_4_addr_reg_2792                               |  64|  32|    8|          0|
    |v68_5_addr_reg_2798                               |  64|  32|    8|          0|
    |v68_6_addr_reg_2804                               |  64|  32|    8|          0|
    |v68_7_addr_reg_2810                               |  64|  32|    8|          0|
    |v68_8_addr_reg_2816                               |  64|  32|    8|          0|
    |v68_9_addr_reg_2822                               |  64|  32|    8|          0|
    |v68_addr_reg_2768                                 |  64|  32|    8|          0|
    |v77_16_reg_2644                                   |  64|  32|   32|          0|
    |v77_17_reg_2652                                   |  64|  32|   32|          0|
    |v77_18_reg_2620                                   |  64|  32|   32|          0|
    |v77_19_reg_2628                                   |  64|  32|   32|          0|
    |v77_20_reg_2596                                   |  64|  32|   32|          0|
    |v77_21_reg_2604                                   |  64|  32|   32|          0|
    |v77_22_reg_2540                                   |  64|  32|   32|          0|
    |v77_23_reg_2548                                   |  64|  32|   32|          0|
    |zext_ln222_1_reg_2475                             |  64|  32|   64|         56|
    +--------------------------------------------------+----+----+-----+-----------+
    |Total                                             |7257|1056| 5692|        112|
    +--------------------------------------------------+----+----+-----+-----------+



================================================================
== Interface
================================================================
* Summary: 
+-------------------------+-----+-----+------------+--------------+--------------+
|        RTL Ports        | Dir | Bits|  Protocol  | Source Object|    C Type    |
+-------------------------+-----+-----+------------+--------------+--------------+
|ap_clk                   |   in|    1|  ap_ctrl_hs|         node4|  return value|
|ap_rst                   |   in|    1|  ap_ctrl_hs|         node4|  return value|
|ap_start                 |   in|    1|  ap_ctrl_hs|         node4|  return value|
|ap_done                  |  out|    1|  ap_ctrl_hs|         node4|  return value|
|ap_continue              |   in|    1|  ap_ctrl_hs|         node4|  return value|
|ap_idle                  |  out|    1|  ap_ctrl_hs|         node4|  return value|
|ap_ready                 |  out|    1|  ap_ctrl_hs|         node4|  return value|
|v151_0_1_dout            |   in|   32|     ap_fifo|      v151_0_1|       pointer|
|v151_0_1_num_data_valid  |   in|    9|     ap_fifo|      v151_0_1|       pointer|
|v151_0_1_fifo_cap        |   in|    9|     ap_fifo|      v151_0_1|       pointer|
|v151_0_1_empty_n         |   in|    1|     ap_fifo|      v151_0_1|       pointer|
|v151_0_1_read            |  out|    1|     ap_fifo|      v151_0_1|       pointer|
|v151_0_2_dout            |   in|   32|     ap_fifo|      v151_0_2|       pointer|
|v151_0_2_num_data_valid  |   in|    9|     ap_fifo|      v151_0_2|       pointer|
|v151_0_2_fifo_cap        |   in|    9|     ap_fifo|      v151_0_2|       pointer|
|v151_0_2_empty_n         |   in|    1|     ap_fifo|      v151_0_2|       pointer|
|v151_0_2_read            |  out|    1|     ap_fifo|      v151_0_2|       pointer|
|v151_0_3_dout            |   in|   32|     ap_fifo|      v151_0_3|       pointer|
|v151_0_3_num_data_valid  |   in|    9|     ap_fifo|      v151_0_3|       pointer|
|v151_0_3_fifo_cap        |   in|    9|     ap_fifo|      v151_0_3|       pointer|
|v151_0_3_empty_n         |   in|    1|     ap_fifo|      v151_0_3|       pointer|
|v151_0_3_read            |  out|    1|     ap_fifo|      v151_0_3|       pointer|
|v151_1_1_dout            |   in|   32|     ap_fifo|      v151_1_1|       pointer|
|v151_1_1_num_data_valid  |   in|    9|     ap_fifo|      v151_1_1|       pointer|
|v151_1_1_fifo_cap        |   in|    9|     ap_fifo|      v151_1_1|       pointer|
|v151_1_1_empty_n         |   in|    1|     ap_fifo|      v151_1_1|       pointer|
|v151_1_1_read            |  out|    1|     ap_fifo|      v151_1_1|       pointer|
|v151_1_2_dout            |   in|   32|     ap_fifo|      v151_1_2|       pointer|
|v151_1_2_num_data_valid  |   in|    9|     ap_fifo|      v151_1_2|       pointer|
|v151_1_2_fifo_cap        |   in|    9|     ap_fifo|      v151_1_2|       pointer|
|v151_1_2_empty_n         |   in|    1|     ap_fifo|      v151_1_2|       pointer|
|v151_1_2_read            |  out|    1|     ap_fifo|      v151_1_2|       pointer|
|v151_1_3_dout            |   in|   32|     ap_fifo|      v151_1_3|       pointer|
|v151_1_3_num_data_valid  |   in|    9|     ap_fifo|      v151_1_3|       pointer|
|v151_1_3_fifo_cap        |   in|    9|     ap_fifo|      v151_1_3|       pointer|
|v151_1_3_empty_n         |   in|    1|     ap_fifo|      v151_1_3|       pointer|
|v151_1_3_read            |  out|    1|     ap_fifo|      v151_1_3|       pointer|
|v151_2_1_dout            |   in|   32|     ap_fifo|      v151_2_1|       pointer|
|v151_2_1_num_data_valid  |   in|    9|     ap_fifo|      v151_2_1|       pointer|
|v151_2_1_fifo_cap        |   in|    9|     ap_fifo|      v151_2_1|       pointer|
|v151_2_1_empty_n         |   in|    1|     ap_fifo|      v151_2_1|       pointer|
|v151_2_1_read            |  out|    1|     ap_fifo|      v151_2_1|       pointer|
|v151_2_2_dout            |   in|   32|     ap_fifo|      v151_2_2|       pointer|
|v151_2_2_num_data_valid  |   in|    9|     ap_fifo|      v151_2_2|       pointer|
|v151_2_2_fifo_cap        |   in|    9|     ap_fifo|      v151_2_2|       pointer|
|v151_2_2_empty_n         |   in|    1|     ap_fifo|      v151_2_2|       pointer|
|v151_2_2_read            |  out|    1|     ap_fifo|      v151_2_2|       pointer|
|v151_2_3_dout            |   in|   32|     ap_fifo|      v151_2_3|       pointer|
|v151_2_3_num_data_valid  |   in|    9|     ap_fifo|      v151_2_3|       pointer|
|v151_2_3_fifo_cap        |   in|    9|     ap_fifo|      v151_2_3|       pointer|
|v151_2_3_empty_n         |   in|    1|     ap_fifo|      v151_2_3|       pointer|
|v151_2_3_read            |  out|    1|     ap_fifo|      v151_2_3|       pointer|
|v151_3_1_dout            |   in|   32|     ap_fifo|      v151_3_1|       pointer|
|v151_3_1_num_data_valid  |   in|    9|     ap_fifo|      v151_3_1|       pointer|
|v151_3_1_fifo_cap        |   in|    9|     ap_fifo|      v151_3_1|       pointer|
|v151_3_1_empty_n         |   in|    1|     ap_fifo|      v151_3_1|       pointer|
|v151_3_1_read            |  out|    1|     ap_fifo|      v151_3_1|       pointer|
|v151_3_2_dout            |   in|   32|     ap_fifo|      v151_3_2|       pointer|
|v151_3_2_num_data_valid  |   in|    9|     ap_fifo|      v151_3_2|       pointer|
|v151_3_2_fifo_cap        |   in|    9|     ap_fifo|      v151_3_2|       pointer|
|v151_3_2_empty_n         |   in|    1|     ap_fifo|      v151_3_2|       pointer|
|v151_3_2_read            |  out|    1|     ap_fifo|      v151_3_2|       pointer|
|v151_3_3_dout            |   in|   32|     ap_fifo|      v151_3_3|       pointer|
|v151_3_3_num_data_valid  |   in|    9|     ap_fifo|      v151_3_3|       pointer|
|v151_3_3_fifo_cap        |   in|    9|     ap_fifo|      v151_3_3|       pointer|
|v151_3_3_empty_n         |   in|    1|     ap_fifo|      v151_3_3|       pointer|
|v151_3_3_read            |  out|    1|     ap_fifo|      v151_3_3|       pointer|
|v151_0_0_dout            |   in|   32|     ap_fifo|      v151_0_0|       pointer|
|v151_0_0_num_data_valid  |   in|    9|     ap_fifo|      v151_0_0|       pointer|
|v151_0_0_fifo_cap        |   in|    9|     ap_fifo|      v151_0_0|       pointer|
|v151_0_0_empty_n         |   in|    1|     ap_fifo|      v151_0_0|       pointer|
|v151_0_0_read            |  out|    1|     ap_fifo|      v151_0_0|       pointer|
|v151_1_0_dout            |   in|   32|     ap_fifo|      v151_1_0|       pointer|
|v151_1_0_num_data_valid  |   in|    9|     ap_fifo|      v151_1_0|       pointer|
|v151_1_0_fifo_cap        |   in|    9|     ap_fifo|      v151_1_0|       pointer|
|v151_1_0_empty_n         |   in|    1|     ap_fifo|      v151_1_0|       pointer|
|v151_1_0_read            |  out|    1|     ap_fifo|      v151_1_0|       pointer|
|v151_2_0_dout            |   in|   32|     ap_fifo|      v151_2_0|       pointer|
|v151_2_0_num_data_valid  |   in|    9|     ap_fifo|      v151_2_0|       pointer|
|v151_2_0_fifo_cap        |   in|    9|     ap_fifo|      v151_2_0|       pointer|
|v151_2_0_empty_n         |   in|    1|     ap_fifo|      v151_2_0|       pointer|
|v151_2_0_read            |  out|    1|     ap_fifo|      v151_2_0|       pointer|
|v151_3_0_dout            |   in|   32|     ap_fifo|      v151_3_0|       pointer|
|v151_3_0_num_data_valid  |   in|    9|     ap_fifo|      v151_3_0|       pointer|
|v151_3_0_fifo_cap        |   in|    9|     ap_fifo|      v151_3_0|       pointer|
|v151_3_0_empty_n         |   in|    1|     ap_fifo|      v151_3_0|       pointer|
|v151_3_0_read            |  out|    1|     ap_fifo|      v151_3_0|       pointer|
|v150_0_0_din             |  out|   32|     ap_fifo|      v150_0_0|       pointer|
|v150_0_0_num_data_valid  |   in|    9|     ap_fifo|      v150_0_0|       pointer|
|v150_0_0_fifo_cap        |   in|    9|     ap_fifo|      v150_0_0|       pointer|
|v150_0_0_full_n          |   in|    1|     ap_fifo|      v150_0_0|       pointer|
|v150_0_0_write           |  out|    1|     ap_fifo|      v150_0_0|       pointer|
|v150_0_1_din             |  out|   32|     ap_fifo|      v150_0_1|       pointer|
|v150_0_1_num_data_valid  |   in|    9|     ap_fifo|      v150_0_1|       pointer|
|v150_0_1_fifo_cap        |   in|    9|     ap_fifo|      v150_0_1|       pointer|
|v150_0_1_full_n          |   in|    1|     ap_fifo|      v150_0_1|       pointer|
|v150_0_1_write           |  out|    1|     ap_fifo|      v150_0_1|       pointer|
|v150_0_2_din             |  out|   32|     ap_fifo|      v150_0_2|       pointer|
|v150_0_2_num_data_valid  |   in|    9|     ap_fifo|      v150_0_2|       pointer|
|v150_0_2_fifo_cap        |   in|    9|     ap_fifo|      v150_0_2|       pointer|
|v150_0_2_full_n          |   in|    1|     ap_fifo|      v150_0_2|       pointer|
|v150_0_2_write           |  out|    1|     ap_fifo|      v150_0_2|       pointer|
|v150_0_3_din             |  out|   32|     ap_fifo|      v150_0_3|       pointer|
|v150_0_3_num_data_valid  |   in|    9|     ap_fifo|      v150_0_3|       pointer|
|v150_0_3_fifo_cap        |   in|    9|     ap_fifo|      v150_0_3|       pointer|
|v150_0_3_full_n          |   in|    1|     ap_fifo|      v150_0_3|       pointer|
|v150_0_3_write           |  out|    1|     ap_fifo|      v150_0_3|       pointer|
|v150_1_0_din             |  out|   32|     ap_fifo|      v150_1_0|       pointer|
|v150_1_0_num_data_valid  |   in|    9|     ap_fifo|      v150_1_0|       pointer|
|v150_1_0_fifo_cap        |   in|    9|     ap_fifo|      v150_1_0|       pointer|
|v150_1_0_full_n          |   in|    1|     ap_fifo|      v150_1_0|       pointer|
|v150_1_0_write           |  out|    1|     ap_fifo|      v150_1_0|       pointer|
|v150_1_1_din             |  out|   32|     ap_fifo|      v150_1_1|       pointer|
|v150_1_1_num_data_valid  |   in|    9|     ap_fifo|      v150_1_1|       pointer|
|v150_1_1_fifo_cap        |   in|    9|     ap_fifo|      v150_1_1|       pointer|
|v150_1_1_full_n          |   in|    1|     ap_fifo|      v150_1_1|       pointer|
|v150_1_1_write           |  out|    1|     ap_fifo|      v150_1_1|       pointer|
|v150_1_2_din             |  out|   32|     ap_fifo|      v150_1_2|       pointer|
|v150_1_2_num_data_valid  |   in|    9|     ap_fifo|      v150_1_2|       pointer|
|v150_1_2_fifo_cap        |   in|    9|     ap_fifo|      v150_1_2|       pointer|
|v150_1_2_full_n          |   in|    1|     ap_fifo|      v150_1_2|       pointer|
|v150_1_2_write           |  out|    1|     ap_fifo|      v150_1_2|       pointer|
|v150_1_3_din             |  out|   32|     ap_fifo|      v150_1_3|       pointer|
|v150_1_3_num_data_valid  |   in|    9|     ap_fifo|      v150_1_3|       pointer|
|v150_1_3_fifo_cap        |   in|    9|     ap_fifo|      v150_1_3|       pointer|
|v150_1_3_full_n          |   in|    1|     ap_fifo|      v150_1_3|       pointer|
|v150_1_3_write           |  out|    1|     ap_fifo|      v150_1_3|       pointer|
|v150_2_0_din             |  out|   32|     ap_fifo|      v150_2_0|       pointer|
|v150_2_0_num_data_valid  |   in|    9|     ap_fifo|      v150_2_0|       pointer|
|v150_2_0_fifo_cap        |   in|    9|     ap_fifo|      v150_2_0|       pointer|
|v150_2_0_full_n          |   in|    1|     ap_fifo|      v150_2_0|       pointer|
|v150_2_0_write           |  out|    1|     ap_fifo|      v150_2_0|       pointer|
|v150_2_1_din             |  out|   32|     ap_fifo|      v150_2_1|       pointer|
|v150_2_1_num_data_valid  |   in|    9|     ap_fifo|      v150_2_1|       pointer|
|v150_2_1_fifo_cap        |   in|    9|     ap_fifo|      v150_2_1|       pointer|
|v150_2_1_full_n          |   in|    1|     ap_fifo|      v150_2_1|       pointer|
|v150_2_1_write           |  out|    1|     ap_fifo|      v150_2_1|       pointer|
|v150_2_2_din             |  out|   32|     ap_fifo|      v150_2_2|       pointer|
|v150_2_2_num_data_valid  |   in|    9|     ap_fifo|      v150_2_2|       pointer|
|v150_2_2_fifo_cap        |   in|    9|     ap_fifo|      v150_2_2|       pointer|
|v150_2_2_full_n          |   in|    1|     ap_fifo|      v150_2_2|       pointer|
|v150_2_2_write           |  out|    1|     ap_fifo|      v150_2_2|       pointer|
|v150_2_3_din             |  out|   32|     ap_fifo|      v150_2_3|       pointer|
|v150_2_3_num_data_valid  |   in|    9|     ap_fifo|      v150_2_3|       pointer|
|v150_2_3_fifo_cap        |   in|    9|     ap_fifo|      v150_2_3|       pointer|
|v150_2_3_full_n          |   in|    1|     ap_fifo|      v150_2_3|       pointer|
|v150_2_3_write           |  out|    1|     ap_fifo|      v150_2_3|       pointer|
|v150_3_0_din             |  out|   32|     ap_fifo|      v150_3_0|       pointer|
|v150_3_0_num_data_valid  |   in|    9|     ap_fifo|      v150_3_0|       pointer|
|v150_3_0_fifo_cap        |   in|    9|     ap_fifo|      v150_3_0|       pointer|
|v150_3_0_full_n          |   in|    1|     ap_fifo|      v150_3_0|       pointer|
|v150_3_0_write           |  out|    1|     ap_fifo|      v150_3_0|       pointer|
|v150_3_1_din             |  out|   32|     ap_fifo|      v150_3_1|       pointer|
|v150_3_1_num_data_valid  |   in|    9|     ap_fifo|      v150_3_1|       pointer|
|v150_3_1_fifo_cap        |   in|    9|     ap_fifo|      v150_3_1|       pointer|
|v150_3_1_full_n          |   in|    1|     ap_fifo|      v150_3_1|       pointer|
|v150_3_1_write           |  out|    1|     ap_fifo|      v150_3_1|       pointer|
|v150_3_2_din             |  out|   32|     ap_fifo|      v150_3_2|       pointer|
|v150_3_2_num_data_valid  |   in|    9|     ap_fifo|      v150_3_2|       pointer|
|v150_3_2_fifo_cap        |   in|    9|     ap_fifo|      v150_3_2|       pointer|
|v150_3_2_full_n          |   in|    1|     ap_fifo|      v150_3_2|       pointer|
|v150_3_2_write           |  out|    1|     ap_fifo|      v150_3_2|       pointer|
|v150_3_3_din             |  out|   32|     ap_fifo|      v150_3_3|       pointer|
|v150_3_3_num_data_valid  |   in|    9|     ap_fifo|      v150_3_3|       pointer|
|v150_3_3_fifo_cap        |   in|    9|     ap_fifo|      v150_3_3|       pointer|
|v150_3_3_full_n          |   in|    1|     ap_fifo|      v150_3_3|       pointer|
|v150_3_3_write           |  out|    1|     ap_fifo|      v150_3_3|       pointer|
|v142_0_0_address0        |  out|    8|   ap_memory|      v142_0_0|         array|
|v142_0_0_ce0             |  out|    1|   ap_memory|      v142_0_0|         array|
|v142_0_0_q0              |   in|   32|   ap_memory|      v142_0_0|         array|
|v142_0_1_address0        |  out|    8|   ap_memory|      v142_0_1|         array|
|v142_0_1_ce0             |  out|    1|   ap_memory|      v142_0_1|         array|
|v142_0_1_q0              |   in|   32|   ap_memory|      v142_0_1|         array|
|v142_0_2_address0        |  out|    8|   ap_memory|      v142_0_2|         array|
|v142_0_2_ce0             |  out|    1|   ap_memory|      v142_0_2|         array|
|v142_0_2_q0              |   in|   32|   ap_memory|      v142_0_2|         array|
|v142_0_3_address0        |  out|    8|   ap_memory|      v142_0_3|         array|
|v142_0_3_ce0             |  out|    1|   ap_memory|      v142_0_3|         array|
|v142_0_3_q0              |   in|   32|   ap_memory|      v142_0_3|         array|
|v142_1_0_address0        |  out|    8|   ap_memory|      v142_1_0|         array|
|v142_1_0_ce0             |  out|    1|   ap_memory|      v142_1_0|         array|
|v142_1_0_q0              |   in|   32|   ap_memory|      v142_1_0|         array|
|v142_1_1_address0        |  out|    8|   ap_memory|      v142_1_1|         array|
|v142_1_1_ce0             |  out|    1|   ap_memory|      v142_1_1|         array|
|v142_1_1_q0              |   in|   32|   ap_memory|      v142_1_1|         array|
|v142_1_2_address0        |  out|    8|   ap_memory|      v142_1_2|         array|
|v142_1_2_ce0             |  out|    1|   ap_memory|      v142_1_2|         array|
|v142_1_2_q0              |   in|   32|   ap_memory|      v142_1_2|         array|
|v142_1_3_address0        |  out|    8|   ap_memory|      v142_1_3|         array|
|v142_1_3_ce0             |  out|    1|   ap_memory|      v142_1_3|         array|
|v142_1_3_q0              |   in|   32|   ap_memory|      v142_1_3|         array|
|v142_2_0_address0        |  out|    8|   ap_memory|      v142_2_0|         array|
|v142_2_0_ce0             |  out|    1|   ap_memory|      v142_2_0|         array|
|v142_2_0_q0              |   in|   32|   ap_memory|      v142_2_0|         array|
|v142_2_1_address0        |  out|    8|   ap_memory|      v142_2_1|         array|
|v142_2_1_ce0             |  out|    1|   ap_memory|      v142_2_1|         array|
|v142_2_1_q0              |   in|   32|   ap_memory|      v142_2_1|         array|
|v142_2_2_address0        |  out|    8|   ap_memory|      v142_2_2|         array|
|v142_2_2_ce0             |  out|    1|   ap_memory|      v142_2_2|         array|
|v142_2_2_q0              |   in|   32|   ap_memory|      v142_2_2|         array|
|v142_2_3_address0        |  out|    8|   ap_memory|      v142_2_3|         array|
|v142_2_3_ce0             |  out|    1|   ap_memory|      v142_2_3|         array|
|v142_2_3_q0              |   in|   32|   ap_memory|      v142_2_3|         array|
|v142_3_0_address0        |  out|    8|   ap_memory|      v142_3_0|         array|
|v142_3_0_ce0             |  out|    1|   ap_memory|      v142_3_0|         array|
|v142_3_0_q0              |   in|   32|   ap_memory|      v142_3_0|         array|
|v142_3_1_address0        |  out|    8|   ap_memory|      v142_3_1|         array|
|v142_3_1_ce0             |  out|    1|   ap_memory|      v142_3_1|         array|
|v142_3_1_q0              |   in|   32|   ap_memory|      v142_3_1|         array|
|v142_3_2_address0        |  out|    8|   ap_memory|      v142_3_2|         array|
|v142_3_2_ce0             |  out|    1|   ap_memory|      v142_3_2|         array|
|v142_3_2_q0              |   in|   32|   ap_memory|      v142_3_2|         array|
|v142_3_3_address0        |  out|    8|   ap_memory|      v142_3_3|         array|
|v142_3_3_ce0             |  out|    1|   ap_memory|      v142_3_3|         array|
|v142_3_3_q0              |   in|   32|   ap_memory|      v142_3_3|         array|
+-------------------------+-----+-----+------------+--------------+--------------+

