

================================================================
== Vitis HLS Report for 'generic_fmax_float_s'
================================================================
* Date:           Wed Oct  2 14:55:11 2024

* Version:        2023.2 (Build 4023990 on Oct 11 2023)
* Project:        hls_MultiHeadSelfAttention1
* Solution:       solution1 (Vivado IP Flow Target)
* Product family: virtexuplusHBM
* Target device:  xcu280-fsvh2892-2L-e


================================================================
== Performance Estimates
================================================================
+ Timing: 
    * Summary: 
    +--------+---------+----------+------------+
    |  Clock |  Target | Estimated| Uncertainty|
    +--------+---------+----------+------------+
    |ap_clk  |  3.33 ns|  2.066 ns|     0.90 ns|
    +--------+---------+----------+------------+

+ Latency: 
    * Summary: 
    +---------+---------+----------+----------+-----+-----+---------+
    |  Latency (cycles) |  Latency (absolute) |  Interval | Pipeline|
    |   min   |   max   |    min   |    max   | min | max |   Type  |
    +---------+---------+----------+----------+-----+-----+---------+
    |        0|        0|      0 ns|      0 ns|    1|    1|      yes|
    +---------+---------+----------+----------+-----+-----+---------+

    + Detail: 
        * Instance: 
        N/A

        * Loop: 
        N/A



================================================================
== Utilization Estimates
================================================================
* Summary: 
+---------------------+---------+------+---------+---------+-----+
|         Name        | BRAM_18K|  DSP |    FF   |   LUT   | URAM|
+---------------------+---------+------+---------+---------+-----+
|DSP                  |        -|     -|        -|        -|    -|
|Expression           |        -|     -|        0|      373|    -|
|FIFO                 |        -|     -|        -|        -|    -|
|Instance             |        -|     -|        -|        -|    -|
|Memory               |        -|     -|        -|        -|    -|
|Multiplexer          |        -|     -|        -|        -|    -|
|Register             |        -|     -|        -|        -|    -|
+---------------------+---------+------+---------+---------+-----+
|Total                |        0|     0|        0|      373|    0|
+---------------------+---------+------+---------+---------+-----+
|Available SLR        |     1344|  3008|   869120|   434560|  320|
+---------------------+---------+------+---------+---------+-----+
|Utilization SLR (%)  |        0|     0|        0|       ~0|    0|
+---------------------+---------+------+---------+---------+-----+
|Available            |     4032|  9024|  2607360|  1303680|  960|
+---------------------+---------+------+---------+---------+-----+
|Utilization (%)      |        0|     0|        0|       ~0|    0|
+---------------------+---------+------+---------+---------+-----+

+ Detail: 
    * Instance: 
    N/A

    * DSP: 
    N/A

    * Memory: 
    N/A

    * FIFO: 
    N/A

    * Expression: 
    +-------------------------+----------+----+---+----+------------+------------+
    |      Variable Name      | Operation| DSP| FF| LUT| Bitwidth P0| Bitwidth P1|
    +-------------------------+----------+----+---+----+------------+------------+
    |and_ln18_1_fu_232_p2     |       and|   0|  0|   2|           1|           1|
    |and_ln18_2_fu_238_p2     |       and|   0|  0|   2|           1|           1|
    |and_ln18_3_fu_244_p2     |       and|   0|  0|   2|           1|           1|
    |and_ln18_4_fu_258_p2     |       and|   0|  0|   2|           1|           1|
    |and_ln18_5_fu_270_p2     |       and|   0|  0|   2|           1|           1|
    |and_ln18_6_fu_276_p2     |       and|   0|  0|   2|           1|           1|
    |and_ln18_7_fu_308_p2     |       and|   0|  0|   2|           1|           1|
    |and_ln18_8_fu_314_p2     |       and|   0|  0|   2|           1|           1|
    |and_ln18_fu_142_p2       |       and|   0|  0|   2|           1|           1|
    |and_ln25_1_fu_214_p2     |       and|   0|  0|   2|           1|           1|
    |and_ln25_fu_118_p2       |       and|   0|  0|   2|           1|           1|
    |icmp_ln18_1_fu_130_p2    |      icmp|   0|  0|  15|           8|           2|
    |icmp_ln18_2_fu_136_p2    |      icmp|   0|  0|  30|          23|           1|
    |icmp_ln18_3_fu_148_p2    |      icmp|   0|  0|  30|          23|           1|
    |icmp_ln18_fu_124_p2      |      icmp|   0|  0|  15|           8|           2|
    |icmp_ln25_1_fu_112_p2    |      icmp|   0|  0|  30|          23|           1|
    |icmp_ln25_fu_100_p2      |      icmp|   0|  0|  15|           8|           1|
    |ymaggreater_fu_154_p2    |      icmp|   0|  0|  39|          32|          32|
    |or_ln18_1_fu_302_p2      |        or|   0|  0|   2|           1|           1|
    |or_ln18_fu_282_p2        |        or|   0|  0|   2|           1|           1|
    |or_ln25_1_fu_106_p2      |        or|   0|  0|  23|          23|          23|
    |or_ln25_fu_94_p2         |        or|   0|  0|   8|           8|           8|
    |ap_return                |    select|   0|  0|  32|           1|          32|
    |res_2_fu_250_p3          |    select|   0|  0|  32|           1|          32|
    |res_3_fu_288_p3          |    select|   0|  0|  32|           1|          32|
    |res_fu_182_p3            |    select|   0|  0|  32|           1|          32|
    |select_ln39_fu_166_p3    |    select|   0|  0|   2|           1|           1|
    |ymaggreater_1_fu_174_p3  |    select|   0|  0|   2|           1|           1|
    |xor_ln18_1_fu_264_p2     |       xor|   0|  0|   2|           2|           1|
    |xor_ln18_2_fu_296_p2     |       xor|   0|  0|   2|           1|           2|
    |xor_ln18_fu_226_p2       |       xor|   0|  0|   2|           1|           2|
    |xor_ln25_fu_220_p2       |       xor|   0|  0|   2|           2|           1|
    |xor_ln39_fu_160_p2       |       xor|   0|  0|   2|           1|           2|
    +-------------------------+----------+----+---+----+------------+------------+
    |Total                    |          |   0|  0| 373|         182|         222|
    +-------------------------+----------+----+---+----+------------+------------+

    * Multiplexer: 
    N/A

    * Register: 
    N/A



================================================================
== Interface
================================================================
* Summary: 
+-----------+-----+-----+------------+---------------------+--------------+
| RTL Ports | Dir | Bits|  Protocol  |    Source Object    |    C Type    |
+-----------+-----+-----+------------+---------------------+--------------+
|ap_ready   |  out|    1|  ap_ctrl_hs|  generic_fmax<float>|  return value|
|ap_return  |  out|   32|  ap_ctrl_hs|  generic_fmax<float>|  return value|
|x          |   in|   32|     ap_none|                    x|        scalar|
|y          |   in|   32|     ap_none|                    y|        scalar|
+-----------+-----+-----+------------+---------------------+--------------+

