

================================================================
== Vitis HLS Report for 'node3'
================================================================
* Date:           Wed Oct  2 14:55:14 2024

* Version:        2023.2 (Build 4023990 on Oct 11 2023)
* Project:        hls_MultiHeadSelfAttention1
* Solution:       solution1 (Vivado IP Flow Target)
* Product family: virtexuplusHBM
* Target device:  xcu280-fsvh2892-2L-e


================================================================
== Performance Estimates
================================================================
+ Timing: 
    * Summary: 
    +--------+---------+----------+------------+
    |  Clock |  Target | Estimated| Uncertainty|
    +--------+---------+----------+------------+
    |ap_clk  |  3.33 ns|  2.494 ns|     0.90 ns|
    +--------+---------+----------+------------+

+ Latency: 
    * Summary: 
    +---------+---------+----------+----------+-----+-----+---------+
    |  Latency (cycles) |  Latency (absolute) |  Interval | Pipeline|
    |   min   |   max   |    min   |    max   | min | max |   Type  |
    +---------+---------+----------+----------+-----+-----+---------+
    |      259|      259|  0.862 us|  0.862 us|  259|  259|       no|
    +---------+---------+----------+----------+-----+-----+---------+

    + Detail: 
        * Instance: 
        N/A

        * Loop: 
        +-----------------+---------+---------+----------+-----------+-----------+------+----------+
        |                 |  Latency (cycles) | Iteration|  Initiation Interval  | Trip |          |
        |    Loop Name    |   min   |   max   |  Latency |  achieved |   target  | Count| Pipelined|
        +-----------------+---------+---------+----------+-----------+-----------+------+----------+
        |- loop14_loop15  |      257|      257|         3|          1|          1|   256|       yes|
        +-----------------+---------+---------+----------+-----------+-----------+------+----------+



================================================================
== Utilization Estimates
================================================================
* Summary: 
+---------------------+---------+------+---------+---------+-----+
|         Name        | BRAM_18K|  DSP |    FF   |   LUT   | URAM|
+---------------------+---------+------+---------+---------+-----+
|DSP                  |        -|     -|        -|        -|    -|
|Expression           |        -|     -|        0|      105|    -|
|FIFO                 |        -|     -|        -|        -|    -|
|Instance             |        -|     -|        -|        -|    -|
|Memory               |        -|     -|        -|        -|    -|
|Multiplexer          |        -|     -|        -|      657|    -|
|Register             |        -|     -|       33|        -|    -|
+---------------------+---------+------+---------+---------+-----+
|Total                |        0|     0|       33|      762|    0|
+---------------------+---------+------+---------+---------+-----+
|Available SLR        |     1344|  3008|   869120|   434560|  320|
+---------------------+---------+------+---------+---------+-----+
|Utilization SLR (%)  |        0|     0|       ~0|       ~0|    0|
+---------------------+---------+------+---------+---------+-----+
|Available            |     4032|  9024|  2607360|  1303680|  960|
+---------------------+---------+------+---------+---------+-----+
|Utilization (%)      |        0|     0|       ~0|       ~0|    0|
+---------------------+---------+------+---------+---------+-----+

+ Detail: 
    * Instance: 
    N/A

    * DSP: 
    N/A

    * Memory: 
    N/A

    * FIFO: 
    N/A

    * Expression: 
    +----------------------------------+----------+----+---+----+------------+------------+
    |           Variable Name          | Operation| DSP| FF| LUT| Bitwidth P0| Bitwidth P1|
    +----------------------------------+----------+----+---+----+------------+------------+
    |add_ln126_1_fu_1684_p2            |         +|   0|  0|  16|           9|           1|
    |add_ln126_fu_1696_p2              |         +|   0|  0|  10|           3|           1|
    |add_ln127_fu_1746_p2              |         +|   0|  0|  14|           7|           1|
    |add_ln132_fu_1740_p2              |         +|   0|  0|  15|           8|           8|
    |ap_condition_1183                 |       and|   0|  0|   2|           1|           1|
    |icmp_ln126_fu_1678_p2             |      icmp|   0|  0|  17|           9|          10|
    |icmp_ln127_fu_1702_p2             |      icmp|   0|  0|  15|           7|           8|
    |ap_block_pp0_stage0_01001         |        or|   0|  0|   2|           1|           1|
    |ap_block_state3_pp0_stage0_iter2  |        or|   0|  0|   2|           1|           1|
    |select_ln126_1_fu_1716_p3         |    select|   0|  0|   3|           1|           3|
    |select_ln126_fu_1708_p3           |    select|   0|  0|   7|           1|           1|
    |ap_enable_pp0                     |       xor|   0|  0|   2|           1|           2|
    +----------------------------------+----------+----+---+----+------------+------------+
    |Total                             |          |   0|  0| 105|          49|          38|
    +----------------------------------+----------+----+---+----+------------+------------+

    * Multiplexer: 
    +--------------------------------------+----+-----------+-----+-----------+
    |                 Name                 | LUT| Input Size| Bits| Total Bits|
    +--------------------------------------+----+-----------+-----+-----------+
    |ap_done_int                           |   9|          2|    1|          2|
    |ap_enable_reg_pp0_iter1               |   9|          2|    1|          2|
    |ap_sig_allocacmp_indvar_flatten_load  |   9|          2|    9|         18|
    |ap_sig_allocacmp_v40_load             |   9|          2|    3|          6|
    |ap_sig_allocacmp_v41_load             |   9|          2|    7|         14|
    |indvar_flatten_fu_312                 |   9|          2|    9|         18|
    |real_start                            |   9|          2|    1|          2|
    |v339_0_0_blk_n                        |   9|          2|    1|          2|
    |v339_0_10_blk_n                       |   9|          2|    1|          2|
    |v339_0_11_blk_n                       |   9|          2|    1|          2|
    |v339_0_12_blk_n                       |   9|          2|    1|          2|
    |v339_0_13_blk_n                       |   9|          2|    1|          2|
    |v339_0_14_blk_n                       |   9|          2|    1|          2|
    |v339_0_15_blk_n                       |   9|          2|    1|          2|
    |v339_0_16_blk_n                       |   9|          2|    1|          2|
    |v339_0_17_blk_n                       |   9|          2|    1|          2|
    |v339_0_18_blk_n                       |   9|          2|    1|          2|
    |v339_0_19_blk_n                       |   9|          2|    1|          2|
    |v339_0_1_blk_n                        |   9|          2|    1|          2|
    |v339_0_20_blk_n                       |   9|          2|    1|          2|
    |v339_0_21_blk_n                       |   9|          2|    1|          2|
    |v339_0_22_blk_n                       |   9|          2|    1|          2|
    |v339_0_23_blk_n                       |   9|          2|    1|          2|
    |v339_0_24_blk_n                       |   9|          2|    1|          2|
    |v339_0_25_blk_n                       |   9|          2|    1|          2|
    |v339_0_26_blk_n                       |   9|          2|    1|          2|
    |v339_0_27_blk_n                       |   9|          2|    1|          2|
    |v339_0_28_blk_n                       |   9|          2|    1|          2|
    |v339_0_29_blk_n                       |   9|          2|    1|          2|
    |v339_0_2_blk_n                        |   9|          2|    1|          2|
    |v339_0_30_blk_n                       |   9|          2|    1|          2|
    |v339_0_31_blk_n                       |   9|          2|    1|          2|
    |v339_0_3_blk_n                        |   9|          2|    1|          2|
    |v339_0_4_blk_n                        |   9|          2|    1|          2|
    |v339_0_5_blk_n                        |   9|          2|    1|          2|
    |v339_0_6_blk_n                        |   9|          2|    1|          2|
    |v339_0_7_blk_n                        |   9|          2|    1|          2|
    |v339_0_8_blk_n                        |   9|          2|    1|          2|
    |v339_0_9_blk_n                        |   9|          2|    1|          2|
    |v339_1_0_blk_n                        |   9|          2|    1|          2|
    |v339_1_10_blk_n                       |   9|          2|    1|          2|
    |v339_1_11_blk_n                       |   9|          2|    1|          2|
    |v339_1_12_blk_n                       |   9|          2|    1|          2|
    |v339_1_13_blk_n                       |   9|          2|    1|          2|
    |v339_1_14_blk_n                       |   9|          2|    1|          2|
    |v339_1_15_blk_n                       |   9|          2|    1|          2|
    |v339_1_16_blk_n                       |   9|          2|    1|          2|
    |v339_1_17_blk_n                       |   9|          2|    1|          2|
    |v339_1_18_blk_n                       |   9|          2|    1|          2|
    |v339_1_19_blk_n                       |   9|          2|    1|          2|
    |v339_1_1_blk_n                        |   9|          2|    1|          2|
    |v339_1_20_blk_n                       |   9|          2|    1|          2|
    |v339_1_21_blk_n                       |   9|          2|    1|          2|
    |v339_1_22_blk_n                       |   9|          2|    1|          2|
    |v339_1_23_blk_n                       |   9|          2|    1|          2|
    |v339_1_24_blk_n                       |   9|          2|    1|          2|
    |v339_1_25_blk_n                       |   9|          2|    1|          2|
    |v339_1_26_blk_n                       |   9|          2|    1|          2|
    |v339_1_27_blk_n                       |   9|          2|    1|          2|
    |v339_1_28_blk_n                       |   9|          2|    1|          2|
    |v339_1_29_blk_n                       |   9|          2|    1|          2|
    |v339_1_2_blk_n                        |   9|          2|    1|          2|
    |v339_1_30_blk_n                       |   9|          2|    1|          2|
    |v339_1_31_blk_n                       |   9|          2|    1|          2|
    |v339_1_3_blk_n                        |   9|          2|    1|          2|
    |v339_1_4_blk_n                        |   9|          2|    1|          2|
    |v339_1_5_blk_n                        |   9|          2|    1|          2|
    |v339_1_6_blk_n                        |   9|          2|    1|          2|
    |v339_1_7_blk_n                        |   9|          2|    1|          2|
    |v339_1_8_blk_n                        |   9|          2|    1|          2|
    |v339_1_9_blk_n                        |   9|          2|    1|          2|
    |v40_fu_308                            |   9|          2|    3|          6|
    |v41_fu_304                            |   9|          2|    7|         14|
    +--------------------------------------+----+-----------+-----+-----------+
    |Total                                 | 657|        146|  105|        210|
    +--------------------------------------+----+-----------+-----+-----------+

    * Register: 
    +----------------------------------+---+----+-----+-----------+
    |               Name               | FF| LUT| Bits| Const Bits|
    +----------------------------------+---+----+-----+-----------+
    |add_ln132_reg_1859                |  8|   0|    8|          0|
    |ap_CS_fsm                         |  1|   0|    1|          0|
    |ap_done_reg                       |  1|   0|    1|          0|
    |ap_enable_reg_pp0_iter1           |  1|   0|    1|          0|
    |ap_enable_reg_pp0_iter2           |  1|   0|    1|          0|
    |ap_loop_exit_ready_pp0_iter1_reg  |  1|   0|    1|          0|
    |indvar_flatten_fu_312             |  9|   0|    9|          0|
    |start_once_reg                    |  1|   0|    1|          0|
    |v40_fu_308                        |  3|   0|    3|          0|
    |v41_fu_304                        |  7|   0|    7|          0|
    +----------------------------------+---+----+-----+-----------+
    |Total                             | 33|   0|   33|          0|
    +----------------------------------+---+----+-----+-----------+



================================================================
== Interface
================================================================
* Summary: 
+--------------------------+-----+-----+------------+--------------+--------------+
|         RTL Ports        | Dir | Bits|  Protocol  | Source Object|    C Type    |
+--------------------------+-----+-----+------------+--------------+--------------+
|ap_clk                    |   in|    1|  ap_ctrl_hs|         node3|  return value|
|ap_rst                    |   in|    1|  ap_ctrl_hs|         node3|  return value|
|ap_start                  |   in|    1|  ap_ctrl_hs|         node3|  return value|
|start_full_n              |   in|    1|  ap_ctrl_hs|         node3|  return value|
|ap_done                   |  out|    1|  ap_ctrl_hs|         node3|  return value|
|ap_continue               |   in|    1|  ap_ctrl_hs|         node3|  return value|
|ap_idle                   |  out|    1|  ap_ctrl_hs|         node3|  return value|
|ap_ready                  |  out|    1|  ap_ctrl_hs|         node3|  return value|
|start_out                 |  out|    1|  ap_ctrl_hs|         node3|  return value|
|start_write               |  out|    1|  ap_ctrl_hs|         node3|  return value|
|v339_0_0_din              |  out|   32|     ap_fifo|      v339_0_0|       pointer|
|v339_0_0_num_data_valid   |   in|    9|     ap_fifo|      v339_0_0|       pointer|
|v339_0_0_fifo_cap         |   in|    9|     ap_fifo|      v339_0_0|       pointer|
|v339_0_0_full_n           |   in|    1|     ap_fifo|      v339_0_0|       pointer|
|v339_0_0_write            |  out|    1|     ap_fifo|      v339_0_0|       pointer|
|v339_1_0_din              |  out|   32|     ap_fifo|      v339_1_0|       pointer|
|v339_1_0_num_data_valid   |   in|    9|     ap_fifo|      v339_1_0|       pointer|
|v339_1_0_fifo_cap         |   in|    9|     ap_fifo|      v339_1_0|       pointer|
|v339_1_0_full_n           |   in|    1|     ap_fifo|      v339_1_0|       pointer|
|v339_1_0_write            |  out|    1|     ap_fifo|      v339_1_0|       pointer|
|v339_0_1_din              |  out|   32|     ap_fifo|      v339_0_1|       pointer|
|v339_0_1_num_data_valid   |   in|    9|     ap_fifo|      v339_0_1|       pointer|
|v339_0_1_fifo_cap         |   in|    9|     ap_fifo|      v339_0_1|       pointer|
|v339_0_1_full_n           |   in|    1|     ap_fifo|      v339_0_1|       pointer|
|v339_0_1_write            |  out|    1|     ap_fifo|      v339_0_1|       pointer|
|v339_1_1_din              |  out|   32|     ap_fifo|      v339_1_1|       pointer|
|v339_1_1_num_data_valid   |   in|    9|     ap_fifo|      v339_1_1|       pointer|
|v339_1_1_fifo_cap         |   in|    9|     ap_fifo|      v339_1_1|       pointer|
|v339_1_1_full_n           |   in|    1|     ap_fifo|      v339_1_1|       pointer|
|v339_1_1_write            |  out|    1|     ap_fifo|      v339_1_1|       pointer|
|v339_0_2_din              |  out|   32|     ap_fifo|      v339_0_2|       pointer|
|v339_0_2_num_data_valid   |   in|    9|     ap_fifo|      v339_0_2|       pointer|
|v339_0_2_fifo_cap         |   in|    9|     ap_fifo|      v339_0_2|       pointer|
|v339_0_2_full_n           |   in|    1|     ap_fifo|      v339_0_2|       pointer|
|v339_0_2_write            |  out|    1|     ap_fifo|      v339_0_2|       pointer|
|v339_1_2_din              |  out|   32|     ap_fifo|      v339_1_2|       pointer|
|v339_1_2_num_data_valid   |   in|    9|     ap_fifo|      v339_1_2|       pointer|
|v339_1_2_fifo_cap         |   in|    9|     ap_fifo|      v339_1_2|       pointer|
|v339_1_2_full_n           |   in|    1|     ap_fifo|      v339_1_2|       pointer|
|v339_1_2_write            |  out|    1|     ap_fifo|      v339_1_2|       pointer|
|v339_0_3_din              |  out|   32|     ap_fifo|      v339_0_3|       pointer|
|v339_0_3_num_data_valid   |   in|    9|     ap_fifo|      v339_0_3|       pointer|
|v339_0_3_fifo_cap         |   in|    9|     ap_fifo|      v339_0_3|       pointer|
|v339_0_3_full_n           |   in|    1|     ap_fifo|      v339_0_3|       pointer|
|v339_0_3_write            |  out|    1|     ap_fifo|      v339_0_3|       pointer|
|v339_1_3_din              |  out|   32|     ap_fifo|      v339_1_3|       pointer|
|v339_1_3_num_data_valid   |   in|    9|     ap_fifo|      v339_1_3|       pointer|
|v339_1_3_fifo_cap         |   in|    9|     ap_fifo|      v339_1_3|       pointer|
|v339_1_3_full_n           |   in|    1|     ap_fifo|      v339_1_3|       pointer|
|v339_1_3_write            |  out|    1|     ap_fifo|      v339_1_3|       pointer|
|v339_0_4_din              |  out|   32|     ap_fifo|      v339_0_4|       pointer|
|v339_0_4_num_data_valid   |   in|    9|     ap_fifo|      v339_0_4|       pointer|
|v339_0_4_fifo_cap         |   in|    9|     ap_fifo|      v339_0_4|       pointer|
|v339_0_4_full_n           |   in|    1|     ap_fifo|      v339_0_4|       pointer|
|v339_0_4_write            |  out|    1|     ap_fifo|      v339_0_4|       pointer|
|v339_1_4_din              |  out|   32|     ap_fifo|      v339_1_4|       pointer|
|v339_1_4_num_data_valid   |   in|    9|     ap_fifo|      v339_1_4|       pointer|
|v339_1_4_fifo_cap         |   in|    9|     ap_fifo|      v339_1_4|       pointer|
|v339_1_4_full_n           |   in|    1|     ap_fifo|      v339_1_4|       pointer|
|v339_1_4_write            |  out|    1|     ap_fifo|      v339_1_4|       pointer|
|v339_0_5_din              |  out|   32|     ap_fifo|      v339_0_5|       pointer|
|v339_0_5_num_data_valid   |   in|    9|     ap_fifo|      v339_0_5|       pointer|
|v339_0_5_fifo_cap         |   in|    9|     ap_fifo|      v339_0_5|       pointer|
|v339_0_5_full_n           |   in|    1|     ap_fifo|      v339_0_5|       pointer|
|v339_0_5_write            |  out|    1|     ap_fifo|      v339_0_5|       pointer|
|v339_1_5_din              |  out|   32|     ap_fifo|      v339_1_5|       pointer|
|v339_1_5_num_data_valid   |   in|    9|     ap_fifo|      v339_1_5|       pointer|
|v339_1_5_fifo_cap         |   in|    9|     ap_fifo|      v339_1_5|       pointer|
|v339_1_5_full_n           |   in|    1|     ap_fifo|      v339_1_5|       pointer|
|v339_1_5_write            |  out|    1|     ap_fifo|      v339_1_5|       pointer|
|v339_0_6_din              |  out|   32|     ap_fifo|      v339_0_6|       pointer|
|v339_0_6_num_data_valid   |   in|    9|     ap_fifo|      v339_0_6|       pointer|
|v339_0_6_fifo_cap         |   in|    9|     ap_fifo|      v339_0_6|       pointer|
|v339_0_6_full_n           |   in|    1|     ap_fifo|      v339_0_6|       pointer|
|v339_0_6_write            |  out|    1|     ap_fifo|      v339_0_6|       pointer|
|v339_1_6_din              |  out|   32|     ap_fifo|      v339_1_6|       pointer|
|v339_1_6_num_data_valid   |   in|    9|     ap_fifo|      v339_1_6|       pointer|
|v339_1_6_fifo_cap         |   in|    9|     ap_fifo|      v339_1_6|       pointer|
|v339_1_6_full_n           |   in|    1|     ap_fifo|      v339_1_6|       pointer|
|v339_1_6_write            |  out|    1|     ap_fifo|      v339_1_6|       pointer|
|v339_0_7_din              |  out|   32|     ap_fifo|      v339_0_7|       pointer|
|v339_0_7_num_data_valid   |   in|    9|     ap_fifo|      v339_0_7|       pointer|
|v339_0_7_fifo_cap         |   in|    9|     ap_fifo|      v339_0_7|       pointer|
|v339_0_7_full_n           |   in|    1|     ap_fifo|      v339_0_7|       pointer|
|v339_0_7_write            |  out|    1|     ap_fifo|      v339_0_7|       pointer|
|v339_1_7_din              |  out|   32|     ap_fifo|      v339_1_7|       pointer|
|v339_1_7_num_data_valid   |   in|    9|     ap_fifo|      v339_1_7|       pointer|
|v339_1_7_fifo_cap         |   in|    9|     ap_fifo|      v339_1_7|       pointer|
|v339_1_7_full_n           |   in|    1|     ap_fifo|      v339_1_7|       pointer|
|v339_1_7_write            |  out|    1|     ap_fifo|      v339_1_7|       pointer|
|v339_0_8_din              |  out|   32|     ap_fifo|      v339_0_8|       pointer|
|v339_0_8_num_data_valid   |   in|    9|     ap_fifo|      v339_0_8|       pointer|
|v339_0_8_fifo_cap         |   in|    9|     ap_fifo|      v339_0_8|       pointer|
|v339_0_8_full_n           |   in|    1|     ap_fifo|      v339_0_8|       pointer|
|v339_0_8_write            |  out|    1|     ap_fifo|      v339_0_8|       pointer|
|v339_1_8_din              |  out|   32|     ap_fifo|      v339_1_8|       pointer|
|v339_1_8_num_data_valid   |   in|    9|     ap_fifo|      v339_1_8|       pointer|
|v339_1_8_fifo_cap         |   in|    9|     ap_fifo|      v339_1_8|       pointer|
|v339_1_8_full_n           |   in|    1|     ap_fifo|      v339_1_8|       pointer|
|v339_1_8_write            |  out|    1|     ap_fifo|      v339_1_8|       pointer|
|v339_0_9_din              |  out|   32|     ap_fifo|      v339_0_9|       pointer|
|v339_0_9_num_data_valid   |   in|    9|     ap_fifo|      v339_0_9|       pointer|
|v339_0_9_fifo_cap         |   in|    9|     ap_fifo|      v339_0_9|       pointer|
|v339_0_9_full_n           |   in|    1|     ap_fifo|      v339_0_9|       pointer|
|v339_0_9_write            |  out|    1|     ap_fifo|      v339_0_9|       pointer|
|v339_1_9_din              |  out|   32|     ap_fifo|      v339_1_9|       pointer|
|v339_1_9_num_data_valid   |   in|    9|     ap_fifo|      v339_1_9|       pointer|
|v339_1_9_fifo_cap         |   in|    9|     ap_fifo|      v339_1_9|       pointer|
|v339_1_9_full_n           |   in|    1|     ap_fifo|      v339_1_9|       pointer|
|v339_1_9_write            |  out|    1|     ap_fifo|      v339_1_9|       pointer|
|v339_0_10_din             |  out|   32|     ap_fifo|     v339_0_10|       pointer|
|v339_0_10_num_data_valid  |   in|    9|     ap_fifo|     v339_0_10|       pointer|
|v339_0_10_fifo_cap        |   in|    9|     ap_fifo|     v339_0_10|       pointer|
|v339_0_10_full_n          |   in|    1|     ap_fifo|     v339_0_10|       pointer|
|v339_0_10_write           |  out|    1|     ap_fifo|     v339_0_10|       pointer|
|v339_1_10_din             |  out|   32|     ap_fifo|     v339_1_10|       pointer|
|v339_1_10_num_data_valid  |   in|    9|     ap_fifo|     v339_1_10|       pointer|
|v339_1_10_fifo_cap        |   in|    9|     ap_fifo|     v339_1_10|       pointer|
|v339_1_10_full_n          |   in|    1|     ap_fifo|     v339_1_10|       pointer|
|v339_1_10_write           |  out|    1|     ap_fifo|     v339_1_10|       pointer|
|v339_0_11_din             |  out|   32|     ap_fifo|     v339_0_11|       pointer|
|v339_0_11_num_data_valid  |   in|    9|     ap_fifo|     v339_0_11|       pointer|
|v339_0_11_fifo_cap        |   in|    9|     ap_fifo|     v339_0_11|       pointer|
|v339_0_11_full_n          |   in|    1|     ap_fifo|     v339_0_11|       pointer|
|v339_0_11_write           |  out|    1|     ap_fifo|     v339_0_11|       pointer|
|v339_1_11_din             |  out|   32|     ap_fifo|     v339_1_11|       pointer|
|v339_1_11_num_data_valid  |   in|    9|     ap_fifo|     v339_1_11|       pointer|
|v339_1_11_fifo_cap        |   in|    9|     ap_fifo|     v339_1_11|       pointer|
|v339_1_11_full_n          |   in|    1|     ap_fifo|     v339_1_11|       pointer|
|v339_1_11_write           |  out|    1|     ap_fifo|     v339_1_11|       pointer|
|v339_0_12_din             |  out|   32|     ap_fifo|     v339_0_12|       pointer|
|v339_0_12_num_data_valid  |   in|    9|     ap_fifo|     v339_0_12|       pointer|
|v339_0_12_fifo_cap        |   in|    9|     ap_fifo|     v339_0_12|       pointer|
|v339_0_12_full_n          |   in|    1|     ap_fifo|     v339_0_12|       pointer|
|v339_0_12_write           |  out|    1|     ap_fifo|     v339_0_12|       pointer|
|v339_1_12_din             |  out|   32|     ap_fifo|     v339_1_12|       pointer|
|v339_1_12_num_data_valid  |   in|    9|     ap_fifo|     v339_1_12|       pointer|
|v339_1_12_fifo_cap        |   in|    9|     ap_fifo|     v339_1_12|       pointer|
|v339_1_12_full_n          |   in|    1|     ap_fifo|     v339_1_12|       pointer|
|v339_1_12_write           |  out|    1|     ap_fifo|     v339_1_12|       pointer|
|v339_0_13_din             |  out|   32|     ap_fifo|     v339_0_13|       pointer|
|v339_0_13_num_data_valid  |   in|    9|     ap_fifo|     v339_0_13|       pointer|
|v339_0_13_fifo_cap        |   in|    9|     ap_fifo|     v339_0_13|       pointer|
|v339_0_13_full_n          |   in|    1|     ap_fifo|     v339_0_13|       pointer|
|v339_0_13_write           |  out|    1|     ap_fifo|     v339_0_13|       pointer|
|v339_1_13_din             |  out|   32|     ap_fifo|     v339_1_13|       pointer|
|v339_1_13_num_data_valid  |   in|    9|     ap_fifo|     v339_1_13|       pointer|
|v339_1_13_fifo_cap        |   in|    9|     ap_fifo|     v339_1_13|       pointer|
|v339_1_13_full_n          |   in|    1|     ap_fifo|     v339_1_13|       pointer|
|v339_1_13_write           |  out|    1|     ap_fifo|     v339_1_13|       pointer|
|v339_0_14_din             |  out|   32|     ap_fifo|     v339_0_14|       pointer|
|v339_0_14_num_data_valid  |   in|    9|     ap_fifo|     v339_0_14|       pointer|
|v339_0_14_fifo_cap        |   in|    9|     ap_fifo|     v339_0_14|       pointer|
|v339_0_14_full_n          |   in|    1|     ap_fifo|     v339_0_14|       pointer|
|v339_0_14_write           |  out|    1|     ap_fifo|     v339_0_14|       pointer|
|v339_1_14_din             |  out|   32|     ap_fifo|     v339_1_14|       pointer|
|v339_1_14_num_data_valid  |   in|    9|     ap_fifo|     v339_1_14|       pointer|
|v339_1_14_fifo_cap        |   in|    9|     ap_fifo|     v339_1_14|       pointer|
|v339_1_14_full_n          |   in|    1|     ap_fifo|     v339_1_14|       pointer|
|v339_1_14_write           |  out|    1|     ap_fifo|     v339_1_14|       pointer|
|v339_0_15_din             |  out|   32|     ap_fifo|     v339_0_15|       pointer|
|v339_0_15_num_data_valid  |   in|    9|     ap_fifo|     v339_0_15|       pointer|
|v339_0_15_fifo_cap        |   in|    9|     ap_fifo|     v339_0_15|       pointer|
|v339_0_15_full_n          |   in|    1|     ap_fifo|     v339_0_15|       pointer|
|v339_0_15_write           |  out|    1|     ap_fifo|     v339_0_15|       pointer|
|v339_1_15_din             |  out|   32|     ap_fifo|     v339_1_15|       pointer|
|v339_1_15_num_data_valid  |   in|    9|     ap_fifo|     v339_1_15|       pointer|
|v339_1_15_fifo_cap        |   in|    9|     ap_fifo|     v339_1_15|       pointer|
|v339_1_15_full_n          |   in|    1|     ap_fifo|     v339_1_15|       pointer|
|v339_1_15_write           |  out|    1|     ap_fifo|     v339_1_15|       pointer|
|v339_0_16_din             |  out|   32|     ap_fifo|     v339_0_16|       pointer|
|v339_0_16_num_data_valid  |   in|    9|     ap_fifo|     v339_0_16|       pointer|
|v339_0_16_fifo_cap        |   in|    9|     ap_fifo|     v339_0_16|       pointer|
|v339_0_16_full_n          |   in|    1|     ap_fifo|     v339_0_16|       pointer|
|v339_0_16_write           |  out|    1|     ap_fifo|     v339_0_16|       pointer|
|v339_1_16_din             |  out|   32|     ap_fifo|     v339_1_16|       pointer|
|v339_1_16_num_data_valid  |   in|    9|     ap_fifo|     v339_1_16|       pointer|
|v339_1_16_fifo_cap        |   in|    9|     ap_fifo|     v339_1_16|       pointer|
|v339_1_16_full_n          |   in|    1|     ap_fifo|     v339_1_16|       pointer|
|v339_1_16_write           |  out|    1|     ap_fifo|     v339_1_16|       pointer|
|v339_0_17_din             |  out|   32|     ap_fifo|     v339_0_17|       pointer|
|v339_0_17_num_data_valid  |   in|    9|     ap_fifo|     v339_0_17|       pointer|
|v339_0_17_fifo_cap        |   in|    9|     ap_fifo|     v339_0_17|       pointer|
|v339_0_17_full_n          |   in|    1|     ap_fifo|     v339_0_17|       pointer|
|v339_0_17_write           |  out|    1|     ap_fifo|     v339_0_17|       pointer|
|v339_1_17_din             |  out|   32|     ap_fifo|     v339_1_17|       pointer|
|v339_1_17_num_data_valid  |   in|    9|     ap_fifo|     v339_1_17|       pointer|
|v339_1_17_fifo_cap        |   in|    9|     ap_fifo|     v339_1_17|       pointer|
|v339_1_17_full_n          |   in|    1|     ap_fifo|     v339_1_17|       pointer|
|v339_1_17_write           |  out|    1|     ap_fifo|     v339_1_17|       pointer|
|v339_0_18_din             |  out|   32|     ap_fifo|     v339_0_18|       pointer|
|v339_0_18_num_data_valid  |   in|    9|     ap_fifo|     v339_0_18|       pointer|
|v339_0_18_fifo_cap        |   in|    9|     ap_fifo|     v339_0_18|       pointer|
|v339_0_18_full_n          |   in|    1|     ap_fifo|     v339_0_18|       pointer|
|v339_0_18_write           |  out|    1|     ap_fifo|     v339_0_18|       pointer|
|v339_1_18_din             |  out|   32|     ap_fifo|     v339_1_18|       pointer|
|v339_1_18_num_data_valid  |   in|    9|     ap_fifo|     v339_1_18|       pointer|
|v339_1_18_fifo_cap        |   in|    9|     ap_fifo|     v339_1_18|       pointer|
|v339_1_18_full_n          |   in|    1|     ap_fifo|     v339_1_18|       pointer|
|v339_1_18_write           |  out|    1|     ap_fifo|     v339_1_18|       pointer|
|v339_0_19_din             |  out|   32|     ap_fifo|     v339_0_19|       pointer|
|v339_0_19_num_data_valid  |   in|    9|     ap_fifo|     v339_0_19|       pointer|
|v339_0_19_fifo_cap        |   in|    9|     ap_fifo|     v339_0_19|       pointer|
|v339_0_19_full_n          |   in|    1|     ap_fifo|     v339_0_19|       pointer|
|v339_0_19_write           |  out|    1|     ap_fifo|     v339_0_19|       pointer|
|v339_1_19_din             |  out|   32|     ap_fifo|     v339_1_19|       pointer|
|v339_1_19_num_data_valid  |   in|    9|     ap_fifo|     v339_1_19|       pointer|
|v339_1_19_fifo_cap        |   in|    9|     ap_fifo|     v339_1_19|       pointer|
|v339_1_19_full_n          |   in|    1|     ap_fifo|     v339_1_19|       pointer|
|v339_1_19_write           |  out|    1|     ap_fifo|     v339_1_19|       pointer|
|v339_0_20_din             |  out|   32|     ap_fifo|     v339_0_20|       pointer|
|v339_0_20_num_data_valid  |   in|    9|     ap_fifo|     v339_0_20|       pointer|
|v339_0_20_fifo_cap        |   in|    9|     ap_fifo|     v339_0_20|       pointer|
|v339_0_20_full_n          |   in|    1|     ap_fifo|     v339_0_20|       pointer|
|v339_0_20_write           |  out|    1|     ap_fifo|     v339_0_20|       pointer|
|v339_1_20_din             |  out|   32|     ap_fifo|     v339_1_20|       pointer|
|v339_1_20_num_data_valid  |   in|    9|     ap_fifo|     v339_1_20|       pointer|
|v339_1_20_fifo_cap        |   in|    9|     ap_fifo|     v339_1_20|       pointer|
|v339_1_20_full_n          |   in|    1|     ap_fifo|     v339_1_20|       pointer|
|v339_1_20_write           |  out|    1|     ap_fifo|     v339_1_20|       pointer|
|v339_0_21_din             |  out|   32|     ap_fifo|     v339_0_21|       pointer|
|v339_0_21_num_data_valid  |   in|    9|     ap_fifo|     v339_0_21|       pointer|
|v339_0_21_fifo_cap        |   in|    9|     ap_fifo|     v339_0_21|       pointer|
|v339_0_21_full_n          |   in|    1|     ap_fifo|     v339_0_21|       pointer|
|v339_0_21_write           |  out|    1|     ap_fifo|     v339_0_21|       pointer|
|v339_1_21_din             |  out|   32|     ap_fifo|     v339_1_21|       pointer|
|v339_1_21_num_data_valid  |   in|    9|     ap_fifo|     v339_1_21|       pointer|
|v339_1_21_fifo_cap        |   in|    9|     ap_fifo|     v339_1_21|       pointer|
|v339_1_21_full_n          |   in|    1|     ap_fifo|     v339_1_21|       pointer|
|v339_1_21_write           |  out|    1|     ap_fifo|     v339_1_21|       pointer|
|v339_0_22_din             |  out|   32|     ap_fifo|     v339_0_22|       pointer|
|v339_0_22_num_data_valid  |   in|    9|     ap_fifo|     v339_0_22|       pointer|
|v339_0_22_fifo_cap        |   in|    9|     ap_fifo|     v339_0_22|       pointer|
|v339_0_22_full_n          |   in|    1|     ap_fifo|     v339_0_22|       pointer|
|v339_0_22_write           |  out|    1|     ap_fifo|     v339_0_22|       pointer|
|v339_1_22_din             |  out|   32|     ap_fifo|     v339_1_22|       pointer|
|v339_1_22_num_data_valid  |   in|    9|     ap_fifo|     v339_1_22|       pointer|
|v339_1_22_fifo_cap        |   in|    9|     ap_fifo|     v339_1_22|       pointer|
|v339_1_22_full_n          |   in|    1|     ap_fifo|     v339_1_22|       pointer|
|v339_1_22_write           |  out|    1|     ap_fifo|     v339_1_22|       pointer|
|v339_0_23_din             |  out|   32|     ap_fifo|     v339_0_23|       pointer|
|v339_0_23_num_data_valid  |   in|    9|     ap_fifo|     v339_0_23|       pointer|
|v339_0_23_fifo_cap        |   in|    9|     ap_fifo|     v339_0_23|       pointer|
|v339_0_23_full_n          |   in|    1|     ap_fifo|     v339_0_23|       pointer|
|v339_0_23_write           |  out|    1|     ap_fifo|     v339_0_23|       pointer|
|v339_1_23_din             |  out|   32|     ap_fifo|     v339_1_23|       pointer|
|v339_1_23_num_data_valid  |   in|    9|     ap_fifo|     v339_1_23|       pointer|
|v339_1_23_fifo_cap        |   in|    9|     ap_fifo|     v339_1_23|       pointer|
|v339_1_23_full_n          |   in|    1|     ap_fifo|     v339_1_23|       pointer|
|v339_1_23_write           |  out|    1|     ap_fifo|     v339_1_23|       pointer|
|v339_0_24_din             |  out|   32|     ap_fifo|     v339_0_24|       pointer|
|v339_0_24_num_data_valid  |   in|    9|     ap_fifo|     v339_0_24|       pointer|
|v339_0_24_fifo_cap        |   in|    9|     ap_fifo|     v339_0_24|       pointer|
|v339_0_24_full_n          |   in|    1|     ap_fifo|     v339_0_24|       pointer|
|v339_0_24_write           |  out|    1|     ap_fifo|     v339_0_24|       pointer|
|v339_1_24_din             |  out|   32|     ap_fifo|     v339_1_24|       pointer|
|v339_1_24_num_data_valid  |   in|    9|     ap_fifo|     v339_1_24|       pointer|
|v339_1_24_fifo_cap        |   in|    9|     ap_fifo|     v339_1_24|       pointer|
|v339_1_24_full_n          |   in|    1|     ap_fifo|     v339_1_24|       pointer|
|v339_1_24_write           |  out|    1|     ap_fifo|     v339_1_24|       pointer|
|v339_0_25_din             |  out|   32|     ap_fifo|     v339_0_25|       pointer|
|v339_0_25_num_data_valid  |   in|    9|     ap_fifo|     v339_0_25|       pointer|
|v339_0_25_fifo_cap        |   in|    9|     ap_fifo|     v339_0_25|       pointer|
|v339_0_25_full_n          |   in|    1|     ap_fifo|     v339_0_25|       pointer|
|v339_0_25_write           |  out|    1|     ap_fifo|     v339_0_25|       pointer|
|v339_1_25_din             |  out|   32|     ap_fifo|     v339_1_25|       pointer|
|v339_1_25_num_data_valid  |   in|    9|     ap_fifo|     v339_1_25|       pointer|
|v339_1_25_fifo_cap        |   in|    9|     ap_fifo|     v339_1_25|       pointer|
|v339_1_25_full_n          |   in|    1|     ap_fifo|     v339_1_25|       pointer|
|v339_1_25_write           |  out|    1|     ap_fifo|     v339_1_25|       pointer|
|v339_0_26_din             |  out|   32|     ap_fifo|     v339_0_26|       pointer|
|v339_0_26_num_data_valid  |   in|    9|     ap_fifo|     v339_0_26|       pointer|
|v339_0_26_fifo_cap        |   in|    9|     ap_fifo|     v339_0_26|       pointer|
|v339_0_26_full_n          |   in|    1|     ap_fifo|     v339_0_26|       pointer|
|v339_0_26_write           |  out|    1|     ap_fifo|     v339_0_26|       pointer|
|v339_1_26_din             |  out|   32|     ap_fifo|     v339_1_26|       pointer|
|v339_1_26_num_data_valid  |   in|    9|     ap_fifo|     v339_1_26|       pointer|
|v339_1_26_fifo_cap        |   in|    9|     ap_fifo|     v339_1_26|       pointer|
|v339_1_26_full_n          |   in|    1|     ap_fifo|     v339_1_26|       pointer|
|v339_1_26_write           |  out|    1|     ap_fifo|     v339_1_26|       pointer|
|v339_0_27_din             |  out|   32|     ap_fifo|     v339_0_27|       pointer|
|v339_0_27_num_data_valid  |   in|    9|     ap_fifo|     v339_0_27|       pointer|
|v339_0_27_fifo_cap        |   in|    9|     ap_fifo|     v339_0_27|       pointer|
|v339_0_27_full_n          |   in|    1|     ap_fifo|     v339_0_27|       pointer|
|v339_0_27_write           |  out|    1|     ap_fifo|     v339_0_27|       pointer|
|v339_1_27_din             |  out|   32|     ap_fifo|     v339_1_27|       pointer|
|v339_1_27_num_data_valid  |   in|    9|     ap_fifo|     v339_1_27|       pointer|
|v339_1_27_fifo_cap        |   in|    9|     ap_fifo|     v339_1_27|       pointer|
|v339_1_27_full_n          |   in|    1|     ap_fifo|     v339_1_27|       pointer|
|v339_1_27_write           |  out|    1|     ap_fifo|     v339_1_27|       pointer|
|v339_0_28_din             |  out|   32|     ap_fifo|     v339_0_28|       pointer|
|v339_0_28_num_data_valid  |   in|    9|     ap_fifo|     v339_0_28|       pointer|
|v339_0_28_fifo_cap        |   in|    9|     ap_fifo|     v339_0_28|       pointer|
|v339_0_28_full_n          |   in|    1|     ap_fifo|     v339_0_28|       pointer|
|v339_0_28_write           |  out|    1|     ap_fifo|     v339_0_28|       pointer|
|v339_1_28_din             |  out|   32|     ap_fifo|     v339_1_28|       pointer|
|v339_1_28_num_data_valid  |   in|    9|     ap_fifo|     v339_1_28|       pointer|
|v339_1_28_fifo_cap        |   in|    9|     ap_fifo|     v339_1_28|       pointer|
|v339_1_28_full_n          |   in|    1|     ap_fifo|     v339_1_28|       pointer|
|v339_1_28_write           |  out|    1|     ap_fifo|     v339_1_28|       pointer|
|v339_0_29_din             |  out|   32|     ap_fifo|     v339_0_29|       pointer|
|v339_0_29_num_data_valid  |   in|    9|     ap_fifo|     v339_0_29|       pointer|
|v339_0_29_fifo_cap        |   in|    9|     ap_fifo|     v339_0_29|       pointer|
|v339_0_29_full_n          |   in|    1|     ap_fifo|     v339_0_29|       pointer|
|v339_0_29_write           |  out|    1|     ap_fifo|     v339_0_29|       pointer|
|v339_1_29_din             |  out|   32|     ap_fifo|     v339_1_29|       pointer|
|v339_1_29_num_data_valid  |   in|    9|     ap_fifo|     v339_1_29|       pointer|
|v339_1_29_fifo_cap        |   in|    9|     ap_fifo|     v339_1_29|       pointer|
|v339_1_29_full_n          |   in|    1|     ap_fifo|     v339_1_29|       pointer|
|v339_1_29_write           |  out|    1|     ap_fifo|     v339_1_29|       pointer|
|v339_0_30_din             |  out|   32|     ap_fifo|     v339_0_30|       pointer|
|v339_0_30_num_data_valid  |   in|    9|     ap_fifo|     v339_0_30|       pointer|
|v339_0_30_fifo_cap        |   in|    9|     ap_fifo|     v339_0_30|       pointer|
|v339_0_30_full_n          |   in|    1|     ap_fifo|     v339_0_30|       pointer|
|v339_0_30_write           |  out|    1|     ap_fifo|     v339_0_30|       pointer|
|v339_1_30_din             |  out|   32|     ap_fifo|     v339_1_30|       pointer|
|v339_1_30_num_data_valid  |   in|    9|     ap_fifo|     v339_1_30|       pointer|
|v339_1_30_fifo_cap        |   in|    9|     ap_fifo|     v339_1_30|       pointer|
|v339_1_30_full_n          |   in|    1|     ap_fifo|     v339_1_30|       pointer|
|v339_1_30_write           |  out|    1|     ap_fifo|     v339_1_30|       pointer|
|v339_0_31_din             |  out|   32|     ap_fifo|     v339_0_31|       pointer|
|v339_0_31_num_data_valid  |   in|    9|     ap_fifo|     v339_0_31|       pointer|
|v339_0_31_fifo_cap        |   in|    9|     ap_fifo|     v339_0_31|       pointer|
|v339_0_31_full_n          |   in|    1|     ap_fifo|     v339_0_31|       pointer|
|v339_0_31_write           |  out|    1|     ap_fifo|     v339_0_31|       pointer|
|v339_1_31_din             |  out|   32|     ap_fifo|     v339_1_31|       pointer|
|v339_1_31_num_data_valid  |   in|    9|     ap_fifo|     v339_1_31|       pointer|
|v339_1_31_fifo_cap        |   in|    9|     ap_fifo|     v339_1_31|       pointer|
|v339_1_31_full_n          |   in|    1|     ap_fifo|     v339_1_31|       pointer|
|v339_1_31_write           |  out|    1|     ap_fifo|     v339_1_31|       pointer|
|v335_0_0_address0         |  out|    8|   ap_memory|      v335_0_0|         array|
|v335_0_0_ce0              |  out|    1|   ap_memory|      v335_0_0|         array|
|v335_0_0_q0               |   in|   32|   ap_memory|      v335_0_0|         array|
|v335_0_1_address0         |  out|    8|   ap_memory|      v335_0_1|         array|
|v335_0_1_ce0              |  out|    1|   ap_memory|      v335_0_1|         array|
|v335_0_1_q0               |   in|   32|   ap_memory|      v335_0_1|         array|
|v335_1_0_address0         |  out|    8|   ap_memory|      v335_1_0|         array|
|v335_1_0_ce0              |  out|    1|   ap_memory|      v335_1_0|         array|
|v335_1_0_q0               |   in|   32|   ap_memory|      v335_1_0|         array|
|v335_1_1_address0         |  out|    8|   ap_memory|      v335_1_1|         array|
|v335_1_1_ce0              |  out|    1|   ap_memory|      v335_1_1|         array|
|v335_1_1_q0               |   in|   32|   ap_memory|      v335_1_1|         array|
|v335_2_0_address0         |  out|    8|   ap_memory|      v335_2_0|         array|
|v335_2_0_ce0              |  out|    1|   ap_memory|      v335_2_0|         array|
|v335_2_0_q0               |   in|   32|   ap_memory|      v335_2_0|         array|
|v335_2_1_address0         |  out|    8|   ap_memory|      v335_2_1|         array|
|v335_2_1_ce0              |  out|    1|   ap_memory|      v335_2_1|         array|
|v335_2_1_q0               |   in|   32|   ap_memory|      v335_2_1|         array|
|v335_3_0_address0         |  out|    8|   ap_memory|      v335_3_0|         array|
|v335_3_0_ce0              |  out|    1|   ap_memory|      v335_3_0|         array|
|v335_3_0_q0               |   in|   32|   ap_memory|      v335_3_0|         array|
|v335_3_1_address0         |  out|    8|   ap_memory|      v335_3_1|         array|
|v335_3_1_ce0              |  out|    1|   ap_memory|      v335_3_1|         array|
|v335_3_1_q0               |   in|   32|   ap_memory|      v335_3_1|         array|
|v335_4_0_address0         |  out|    8|   ap_memory|      v335_4_0|         array|
|v335_4_0_ce0              |  out|    1|   ap_memory|      v335_4_0|         array|
|v335_4_0_q0               |   in|   32|   ap_memory|      v335_4_0|         array|
|v335_4_1_address0         |  out|    8|   ap_memory|      v335_4_1|         array|
|v335_4_1_ce0              |  out|    1|   ap_memory|      v335_4_1|         array|
|v335_4_1_q0               |   in|   32|   ap_memory|      v335_4_1|         array|
|v335_5_0_address0         |  out|    8|   ap_memory|      v335_5_0|         array|
|v335_5_0_ce0              |  out|    1|   ap_memory|      v335_5_0|         array|
|v335_5_0_q0               |   in|   32|   ap_memory|      v335_5_0|         array|
|v335_5_1_address0         |  out|    8|   ap_memory|      v335_5_1|         array|
|v335_5_1_ce0              |  out|    1|   ap_memory|      v335_5_1|         array|
|v335_5_1_q0               |   in|   32|   ap_memory|      v335_5_1|         array|
|v335_6_0_address0         |  out|    8|   ap_memory|      v335_6_0|         array|
|v335_6_0_ce0              |  out|    1|   ap_memory|      v335_6_0|         array|
|v335_6_0_q0               |   in|   32|   ap_memory|      v335_6_0|         array|
|v335_6_1_address0         |  out|    8|   ap_memory|      v335_6_1|         array|
|v335_6_1_ce0              |  out|    1|   ap_memory|      v335_6_1|         array|
|v335_6_1_q0               |   in|   32|   ap_memory|      v335_6_1|         array|
|v335_7_0_address0         |  out|    8|   ap_memory|      v335_7_0|         array|
|v335_7_0_ce0              |  out|    1|   ap_memory|      v335_7_0|         array|
|v335_7_0_q0               |   in|   32|   ap_memory|      v335_7_0|         array|
|v335_7_1_address0         |  out|    8|   ap_memory|      v335_7_1|         array|
|v335_7_1_ce0              |  out|    1|   ap_memory|      v335_7_1|         array|
|v335_7_1_q0               |   in|   32|   ap_memory|      v335_7_1|         array|
|v335_8_0_address0         |  out|    8|   ap_memory|      v335_8_0|         array|
|v335_8_0_ce0              |  out|    1|   ap_memory|      v335_8_0|         array|
|v335_8_0_q0               |   in|   32|   ap_memory|      v335_8_0|         array|
|v335_8_1_address0         |  out|    8|   ap_memory|      v335_8_1|         array|
|v335_8_1_ce0              |  out|    1|   ap_memory|      v335_8_1|         array|
|v335_8_1_q0               |   in|   32|   ap_memory|      v335_8_1|         array|
|v335_9_0_address0         |  out|    8|   ap_memory|      v335_9_0|         array|
|v335_9_0_ce0              |  out|    1|   ap_memory|      v335_9_0|         array|
|v335_9_0_q0               |   in|   32|   ap_memory|      v335_9_0|         array|
|v335_9_1_address0         |  out|    8|   ap_memory|      v335_9_1|         array|
|v335_9_1_ce0              |  out|    1|   ap_memory|      v335_9_1|         array|
|v335_9_1_q0               |   in|   32|   ap_memory|      v335_9_1|         array|
|v335_10_0_address0        |  out|    8|   ap_memory|     v335_10_0|         array|
|v335_10_0_ce0             |  out|    1|   ap_memory|     v335_10_0|         array|
|v335_10_0_q0              |   in|   32|   ap_memory|     v335_10_0|         array|
|v335_10_1_address0        |  out|    8|   ap_memory|     v335_10_1|         array|
|v335_10_1_ce0             |  out|    1|   ap_memory|     v335_10_1|         array|
|v335_10_1_q0              |   in|   32|   ap_memory|     v335_10_1|         array|
|v335_11_0_address0        |  out|    8|   ap_memory|     v335_11_0|         array|
|v335_11_0_ce0             |  out|    1|   ap_memory|     v335_11_0|         array|
|v335_11_0_q0              |   in|   32|   ap_memory|     v335_11_0|         array|
|v335_11_1_address0        |  out|    8|   ap_memory|     v335_11_1|         array|
|v335_11_1_ce0             |  out|    1|   ap_memory|     v335_11_1|         array|
|v335_11_1_q0              |   in|   32|   ap_memory|     v335_11_1|         array|
|v335_12_0_address0        |  out|    8|   ap_memory|     v335_12_0|         array|
|v335_12_0_ce0             |  out|    1|   ap_memory|     v335_12_0|         array|
|v335_12_0_q0              |   in|   32|   ap_memory|     v335_12_0|         array|
|v335_12_1_address0        |  out|    8|   ap_memory|     v335_12_1|         array|
|v335_12_1_ce0             |  out|    1|   ap_memory|     v335_12_1|         array|
|v335_12_1_q0              |   in|   32|   ap_memory|     v335_12_1|         array|
|v335_13_0_address0        |  out|    8|   ap_memory|     v335_13_0|         array|
|v335_13_0_ce0             |  out|    1|   ap_memory|     v335_13_0|         array|
|v335_13_0_q0              |   in|   32|   ap_memory|     v335_13_0|         array|
|v335_13_1_address0        |  out|    8|   ap_memory|     v335_13_1|         array|
|v335_13_1_ce0             |  out|    1|   ap_memory|     v335_13_1|         array|
|v335_13_1_q0              |   in|   32|   ap_memory|     v335_13_1|         array|
|v335_14_0_address0        |  out|    8|   ap_memory|     v335_14_0|         array|
|v335_14_0_ce0             |  out|    1|   ap_memory|     v335_14_0|         array|
|v335_14_0_q0              |   in|   32|   ap_memory|     v335_14_0|         array|
|v335_14_1_address0        |  out|    8|   ap_memory|     v335_14_1|         array|
|v335_14_1_ce0             |  out|    1|   ap_memory|     v335_14_1|         array|
|v335_14_1_q0              |   in|   32|   ap_memory|     v335_14_1|         array|
|v335_15_0_address0        |  out|    8|   ap_memory|     v335_15_0|         array|
|v335_15_0_ce0             |  out|    1|   ap_memory|     v335_15_0|         array|
|v335_15_0_q0              |   in|   32|   ap_memory|     v335_15_0|         array|
|v335_15_1_address0        |  out|    8|   ap_memory|     v335_15_1|         array|
|v335_15_1_ce0             |  out|    1|   ap_memory|     v335_15_1|         array|
|v335_15_1_q0              |   in|   32|   ap_memory|     v335_15_1|         array|
|v335_16_0_address0        |  out|    8|   ap_memory|     v335_16_0|         array|
|v335_16_0_ce0             |  out|    1|   ap_memory|     v335_16_0|         array|
|v335_16_0_q0              |   in|   32|   ap_memory|     v335_16_0|         array|
|v335_16_1_address0        |  out|    8|   ap_memory|     v335_16_1|         array|
|v335_16_1_ce0             |  out|    1|   ap_memory|     v335_16_1|         array|
|v335_16_1_q0              |   in|   32|   ap_memory|     v335_16_1|         array|
|v335_17_0_address0        |  out|    8|   ap_memory|     v335_17_0|         array|
|v335_17_0_ce0             |  out|    1|   ap_memory|     v335_17_0|         array|
|v335_17_0_q0              |   in|   32|   ap_memory|     v335_17_0|         array|
|v335_17_1_address0        |  out|    8|   ap_memory|     v335_17_1|         array|
|v335_17_1_ce0             |  out|    1|   ap_memory|     v335_17_1|         array|
|v335_17_1_q0              |   in|   32|   ap_memory|     v335_17_1|         array|
|v335_18_0_address0        |  out|    8|   ap_memory|     v335_18_0|         array|
|v335_18_0_ce0             |  out|    1|   ap_memory|     v335_18_0|         array|
|v335_18_0_q0              |   in|   32|   ap_memory|     v335_18_0|         array|
|v335_18_1_address0        |  out|    8|   ap_memory|     v335_18_1|         array|
|v335_18_1_ce0             |  out|    1|   ap_memory|     v335_18_1|         array|
|v335_18_1_q0              |   in|   32|   ap_memory|     v335_18_1|         array|
|v335_19_0_address0        |  out|    8|   ap_memory|     v335_19_0|         array|
|v335_19_0_ce0             |  out|    1|   ap_memory|     v335_19_0|         array|
|v335_19_0_q0              |   in|   32|   ap_memory|     v335_19_0|         array|
|v335_19_1_address0        |  out|    8|   ap_memory|     v335_19_1|         array|
|v335_19_1_ce0             |  out|    1|   ap_memory|     v335_19_1|         array|
|v335_19_1_q0              |   in|   32|   ap_memory|     v335_19_1|         array|
|v335_20_0_address0        |  out|    8|   ap_memory|     v335_20_0|         array|
|v335_20_0_ce0             |  out|    1|   ap_memory|     v335_20_0|         array|
|v335_20_0_q0              |   in|   32|   ap_memory|     v335_20_0|         array|
|v335_20_1_address0        |  out|    8|   ap_memory|     v335_20_1|         array|
|v335_20_1_ce0             |  out|    1|   ap_memory|     v335_20_1|         array|
|v335_20_1_q0              |   in|   32|   ap_memory|     v335_20_1|         array|
|v335_21_0_address0        |  out|    8|   ap_memory|     v335_21_0|         array|
|v335_21_0_ce0             |  out|    1|   ap_memory|     v335_21_0|         array|
|v335_21_0_q0              |   in|   32|   ap_memory|     v335_21_0|         array|
|v335_21_1_address0        |  out|    8|   ap_memory|     v335_21_1|         array|
|v335_21_1_ce0             |  out|    1|   ap_memory|     v335_21_1|         array|
|v335_21_1_q0              |   in|   32|   ap_memory|     v335_21_1|         array|
|v335_22_0_address0        |  out|    8|   ap_memory|     v335_22_0|         array|
|v335_22_0_ce0             |  out|    1|   ap_memory|     v335_22_0|         array|
|v335_22_0_q0              |   in|   32|   ap_memory|     v335_22_0|         array|
|v335_22_1_address0        |  out|    8|   ap_memory|     v335_22_1|         array|
|v335_22_1_ce0             |  out|    1|   ap_memory|     v335_22_1|         array|
|v335_22_1_q0              |   in|   32|   ap_memory|     v335_22_1|         array|
|v335_23_0_address0        |  out|    8|   ap_memory|     v335_23_0|         array|
|v335_23_0_ce0             |  out|    1|   ap_memory|     v335_23_0|         array|
|v335_23_0_q0              |   in|   32|   ap_memory|     v335_23_0|         array|
|v335_23_1_address0        |  out|    8|   ap_memory|     v335_23_1|         array|
|v335_23_1_ce0             |  out|    1|   ap_memory|     v335_23_1|         array|
|v335_23_1_q0              |   in|   32|   ap_memory|     v335_23_1|         array|
|v335_24_0_address0        |  out|    8|   ap_memory|     v335_24_0|         array|
|v335_24_0_ce0             |  out|    1|   ap_memory|     v335_24_0|         array|
|v335_24_0_q0              |   in|   32|   ap_memory|     v335_24_0|         array|
|v335_24_1_address0        |  out|    8|   ap_memory|     v335_24_1|         array|
|v335_24_1_ce0             |  out|    1|   ap_memory|     v335_24_1|         array|
|v335_24_1_q0              |   in|   32|   ap_memory|     v335_24_1|         array|
|v335_25_0_address0        |  out|    8|   ap_memory|     v335_25_0|         array|
|v335_25_0_ce0             |  out|    1|   ap_memory|     v335_25_0|         array|
|v335_25_0_q0              |   in|   32|   ap_memory|     v335_25_0|         array|
|v335_25_1_address0        |  out|    8|   ap_memory|     v335_25_1|         array|
|v335_25_1_ce0             |  out|    1|   ap_memory|     v335_25_1|         array|
|v335_25_1_q0              |   in|   32|   ap_memory|     v335_25_1|         array|
|v335_26_0_address0        |  out|    8|   ap_memory|     v335_26_0|         array|
|v335_26_0_ce0             |  out|    1|   ap_memory|     v335_26_0|         array|
|v335_26_0_q0              |   in|   32|   ap_memory|     v335_26_0|         array|
|v335_26_1_address0        |  out|    8|   ap_memory|     v335_26_1|         array|
|v335_26_1_ce0             |  out|    1|   ap_memory|     v335_26_1|         array|
|v335_26_1_q0              |   in|   32|   ap_memory|     v335_26_1|         array|
|v335_27_0_address0        |  out|    8|   ap_memory|     v335_27_0|         array|
|v335_27_0_ce0             |  out|    1|   ap_memory|     v335_27_0|         array|
|v335_27_0_q0              |   in|   32|   ap_memory|     v335_27_0|         array|
|v335_27_1_address0        |  out|    8|   ap_memory|     v335_27_1|         array|
|v335_27_1_ce0             |  out|    1|   ap_memory|     v335_27_1|         array|
|v335_27_1_q0              |   in|   32|   ap_memory|     v335_27_1|         array|
|v335_28_0_address0        |  out|    8|   ap_memory|     v335_28_0|         array|
|v335_28_0_ce0             |  out|    1|   ap_memory|     v335_28_0|         array|
|v335_28_0_q0              |   in|   32|   ap_memory|     v335_28_0|         array|
|v335_28_1_address0        |  out|    8|   ap_memory|     v335_28_1|         array|
|v335_28_1_ce0             |  out|    1|   ap_memory|     v335_28_1|         array|
|v335_28_1_q0              |   in|   32|   ap_memory|     v335_28_1|         array|
|v335_29_0_address0        |  out|    8|   ap_memory|     v335_29_0|         array|
|v335_29_0_ce0             |  out|    1|   ap_memory|     v335_29_0|         array|
|v335_29_0_q0              |   in|   32|   ap_memory|     v335_29_0|         array|
|v335_29_1_address0        |  out|    8|   ap_memory|     v335_29_1|         array|
|v335_29_1_ce0             |  out|    1|   ap_memory|     v335_29_1|         array|
|v335_29_1_q0              |   in|   32|   ap_memory|     v335_29_1|         array|
|v335_30_0_address0        |  out|    8|   ap_memory|     v335_30_0|         array|
|v335_30_0_ce0             |  out|    1|   ap_memory|     v335_30_0|         array|
|v335_30_0_q0              |   in|   32|   ap_memory|     v335_30_0|         array|
|v335_30_1_address0        |  out|    8|   ap_memory|     v335_30_1|         array|
|v335_30_1_ce0             |  out|    1|   ap_memory|     v335_30_1|         array|
|v335_30_1_q0              |   in|   32|   ap_memory|     v335_30_1|         array|
|v335_31_0_address0        |  out|    8|   ap_memory|     v335_31_0|         array|
|v335_31_0_ce0             |  out|    1|   ap_memory|     v335_31_0|         array|
|v335_31_0_q0              |   in|   32|   ap_memory|     v335_31_0|         array|
|v335_31_1_address0        |  out|    8|   ap_memory|     v335_31_1|         array|
|v335_31_1_ce0             |  out|    1|   ap_memory|     v335_31_1|         array|
|v335_31_1_q0              |   in|   32|   ap_memory|     v335_31_1|         array|
+--------------------------+-----+-----+------------+--------------+--------------+

