

================================================================
== Vitis HLS Report for 'node12'
================================================================
* Date:           Wed Oct  2 14:55:11 2024

* Version:        2023.2 (Build 4023990 on Oct 11 2023)
* Project:        hls_MultiHeadSelfAttention1
* Solution:       solution1 (Vivado IP Flow Target)
* Product family: virtexuplusHBM
* Target device:  xcu280-fsvh2892-2L-e


================================================================
== Performance Estimates
================================================================
+ Timing: 
    * Summary: 
    +--------+---------+----------+------------+
    |  Clock |  Target | Estimated| Uncertainty|
    +--------+---------+----------+------------+
    |ap_clk  |  3.33 ns|  2.322 ns|     0.90 ns|
    +--------+---------+----------+------------+

+ Latency: 
    * Summary: 
    +---------+---------+----------+----------+------+------+---------+
    |  Latency (cycles) |  Latency (absolute) |   Interval  | Pipeline|
    |   min   |   max   |    min   |    max   |  min |  max |   Type  |
    +---------+---------+----------+----------+------+------+---------+
    |     1031|     1031|  3.433 us|  3.433 us|  1031|  1031|       no|
    +---------+---------+----------+----------+------+------+---------+

    + Detail: 
        * Instance: 
        N/A

        * Loop: 
        +------------------------+---------+---------+----------+-----------+-----------+------+----------+
        |                        |  Latency (cycles) | Iteration|  Initiation Interval  | Trip |          |
        |        Loop Name       |   min   |   max   |  Latency |  achieved |   target  | Count| Pipelined|
        +------------------------+---------+---------+----------+-----------+-----------+------+----------+
        |- loop66_loop67_loop68  |     1029|     1029|         7|          1|          1|  1024|       yes|
        +------------------------+---------+---------+----------+-----------+-----------+------+----------+



================================================================
== Utilization Estimates
================================================================
* Summary: 
+---------------------+---------+------+---------+---------+-----+
|         Name        | BRAM_18K|  DSP |    FF   |   LUT   | URAM|
+---------------------+---------+------+---------+---------+-----+
|DSP                  |        -|     -|        -|        -|    -|
|Expression           |        -|     -|        0|       47|    -|
|FIFO                 |        -|     -|        -|        -|    -|
|Instance             |        -|    96|     4576|     2496|    -|
|Memory               |        -|     -|        -|        -|    -|
|Multiplexer          |        -|     -|        -|      909|    -|
|Register             |        -|     -|     2073|        -|    -|
+---------------------+---------+------+---------+---------+-----+
|Total                |        0|    96|     6649|     3452|    0|
+---------------------+---------+------+---------+---------+-----+
|Available SLR        |     1344|  3008|   869120|   434560|  320|
+---------------------+---------+------+---------+---------+-----+
|Utilization SLR (%)  |        0|     3|       ~0|       ~0|    0|
+---------------------+---------+------+---------+---------+-----+
|Available            |     4032|  9024|  2607360|  1303680|  960|
+---------------------+---------+------+---------+---------+-----+
|Utilization (%)      |        0|     1|       ~0|       ~0|    0|
+---------------------+---------+------+---------+---------+-----+

+ Detail: 
    * Instance: 
    +-------------------------------------+-------------------------------+---------+----+-----+----+-----+
    |               Instance              |             Module            | BRAM_18K| DSP|  FF | LUT| URAM|
    +-------------------------------------+-------------------------------+---------+----+-----+----+-----+
    |fmul_32ns_32ns_32_4_max_dsp_1_U1099  |fmul_32ns_32ns_32_4_max_dsp_1  |        0|   3|  143|  78|    0|
    |fmul_32ns_32ns_32_4_max_dsp_1_U1100  |fmul_32ns_32ns_32_4_max_dsp_1  |        0|   3|  143|  78|    0|
    |fmul_32ns_32ns_32_4_max_dsp_1_U1101  |fmul_32ns_32ns_32_4_max_dsp_1  |        0|   3|  143|  78|    0|
    |fmul_32ns_32ns_32_4_max_dsp_1_U1102  |fmul_32ns_32ns_32_4_max_dsp_1  |        0|   3|  143|  78|    0|
    |fmul_32ns_32ns_32_4_max_dsp_1_U1103  |fmul_32ns_32ns_32_4_max_dsp_1  |        0|   3|  143|  78|    0|
    |fmul_32ns_32ns_32_4_max_dsp_1_U1104  |fmul_32ns_32ns_32_4_max_dsp_1  |        0|   3|  143|  78|    0|
    |fmul_32ns_32ns_32_4_max_dsp_1_U1105  |fmul_32ns_32ns_32_4_max_dsp_1  |        0|   3|  143|  78|    0|
    |fmul_32ns_32ns_32_4_max_dsp_1_U1106  |fmul_32ns_32ns_32_4_max_dsp_1  |        0|   3|  143|  78|    0|
    |fmul_32ns_32ns_32_4_max_dsp_1_U1107  |fmul_32ns_32ns_32_4_max_dsp_1  |        0|   3|  143|  78|    0|
    |fmul_32ns_32ns_32_4_max_dsp_1_U1108  |fmul_32ns_32ns_32_4_max_dsp_1  |        0|   3|  143|  78|    0|
    |fmul_32ns_32ns_32_4_max_dsp_1_U1109  |fmul_32ns_32ns_32_4_max_dsp_1  |        0|   3|  143|  78|    0|
    |fmul_32ns_32ns_32_4_max_dsp_1_U1110  |fmul_32ns_32ns_32_4_max_dsp_1  |        0|   3|  143|  78|    0|
    |fmul_32ns_32ns_32_4_max_dsp_1_U1111  |fmul_32ns_32ns_32_4_max_dsp_1  |        0|   3|  143|  78|    0|
    |fmul_32ns_32ns_32_4_max_dsp_1_U1112  |fmul_32ns_32ns_32_4_max_dsp_1  |        0|   3|  143|  78|    0|
    |fmul_32ns_32ns_32_4_max_dsp_1_U1113  |fmul_32ns_32ns_32_4_max_dsp_1  |        0|   3|  143|  78|    0|
    |fmul_32ns_32ns_32_4_max_dsp_1_U1114  |fmul_32ns_32ns_32_4_max_dsp_1  |        0|   3|  143|  78|    0|
    |fmul_32ns_32ns_32_4_max_dsp_1_U1115  |fmul_32ns_32ns_32_4_max_dsp_1  |        0|   3|  143|  78|    0|
    |fmul_32ns_32ns_32_4_max_dsp_1_U1116  |fmul_32ns_32ns_32_4_max_dsp_1  |        0|   3|  143|  78|    0|
    |fmul_32ns_32ns_32_4_max_dsp_1_U1117  |fmul_32ns_32ns_32_4_max_dsp_1  |        0|   3|  143|  78|    0|
    |fmul_32ns_32ns_32_4_max_dsp_1_U1118  |fmul_32ns_32ns_32_4_max_dsp_1  |        0|   3|  143|  78|    0|
    |fmul_32ns_32ns_32_4_max_dsp_1_U1119  |fmul_32ns_32ns_32_4_max_dsp_1  |        0|   3|  143|  78|    0|
    |fmul_32ns_32ns_32_4_max_dsp_1_U1120  |fmul_32ns_32ns_32_4_max_dsp_1  |        0|   3|  143|  78|    0|
    |fmul_32ns_32ns_32_4_max_dsp_1_U1121  |fmul_32ns_32ns_32_4_max_dsp_1  |        0|   3|  143|  78|    0|
    |fmul_32ns_32ns_32_4_max_dsp_1_U1122  |fmul_32ns_32ns_32_4_max_dsp_1  |        0|   3|  143|  78|    0|
    |fmul_32ns_32ns_32_4_max_dsp_1_U1123  |fmul_32ns_32ns_32_4_max_dsp_1  |        0|   3|  143|  78|    0|
    |fmul_32ns_32ns_32_4_max_dsp_1_U1124  |fmul_32ns_32ns_32_4_max_dsp_1  |        0|   3|  143|  78|    0|
    |fmul_32ns_32ns_32_4_max_dsp_1_U1125  |fmul_32ns_32ns_32_4_max_dsp_1  |        0|   3|  143|  78|    0|
    |fmul_32ns_32ns_32_4_max_dsp_1_U1126  |fmul_32ns_32ns_32_4_max_dsp_1  |        0|   3|  143|  78|    0|
    |fmul_32ns_32ns_32_4_max_dsp_1_U1127  |fmul_32ns_32ns_32_4_max_dsp_1  |        0|   3|  143|  78|    0|
    |fmul_32ns_32ns_32_4_max_dsp_1_U1128  |fmul_32ns_32ns_32_4_max_dsp_1  |        0|   3|  143|  78|    0|
    |fmul_32ns_32ns_32_4_max_dsp_1_U1129  |fmul_32ns_32ns_32_4_max_dsp_1  |        0|   3|  143|  78|    0|
    |fmul_32ns_32ns_32_4_max_dsp_1_U1130  |fmul_32ns_32ns_32_4_max_dsp_1  |        0|   3|  143|  78|    0|
    +-------------------------------------+-------------------------------+---------+----+-----+----+-----+
    |Total                                |                               |        0|  96| 4576|2496|    0|
    +-------------------------------------+-------------------------------+---------+----+-----+----+-----+

    * DSP: 
    N/A

    * Memory: 
    N/A

    * FIFO: 
    N/A

    * Expression: 
    +----------------------------------+----------+----+---+----+------------+------------+
    |           Variable Name          | Operation| DSP| FF| LUT| Bitwidth P0| Bitwidth P1|
    +----------------------------------+----------+----+---+----+------------+------------+
    |add_ln447_fu_1044_p2              |         +|   0|  0|  18|          11|           1|
    |ap_condition_1264                 |       and|   0|  0|   2|           1|           1|
    |icmp_ln447_fu_1038_p2             |      icmp|   0|  0|  19|          11|          12|
    |ap_block_pp0_stage0_01001         |        or|   0|  0|   2|           1|           1|
    |ap_block_state2_pp0_stage0_iter1  |        or|   0|  0|   2|           1|           1|
    |ap_block_state7_pp0_stage0_iter6  |        or|   0|  0|   2|           1|           1|
    |ap_enable_pp0                     |       xor|   0|  0|   2|           1|           2|
    +----------------------------------+----------+----+---+----+------------+------------+
    |Total                             |          |   0|  0|  47|          27|          19|
    +----------------------------------+----------+----+---+----+------------+------------+

    * Multiplexer: 
    +----------------------------------------+----+-----------+-----+-----------+
    |                  Name                  | LUT| Input Size| Bits| Total Bits|
    +----------------------------------------+----+-----------+-----+-----------+
    |ap_done_int                             |   9|          2|    1|          2|
    |ap_enable_reg_pp0_iter1                 |   9|          2|    1|          2|
    |ap_sig_allocacmp_indvar_flatten10_load  |   9|          2|   11|         22|
    |indvar_flatten10_fu_226                 |   9|          2|   11|         22|
    |real_start                              |   9|          2|    1|          2|
    |v349_0_0_0_blk_n                        |   9|          2|    1|          2|
    |v349_0_0_1_blk_n                        |   9|          2|    1|          2|
    |v349_0_0_2_blk_n                        |   9|          2|    1|          2|
    |v349_0_0_3_blk_n                        |   9|          2|    1|          2|
    |v349_0_1_0_blk_n                        |   9|          2|    1|          2|
    |v349_0_1_1_blk_n                        |   9|          2|    1|          2|
    |v349_0_1_2_blk_n                        |   9|          2|    1|          2|
    |v349_0_1_3_blk_n                        |   9|          2|    1|          2|
    |v349_0_2_0_blk_n                        |   9|          2|    1|          2|
    |v349_0_2_1_blk_n                        |   9|          2|    1|          2|
    |v349_0_2_2_blk_n                        |   9|          2|    1|          2|
    |v349_0_2_3_blk_n                        |   9|          2|    1|          2|
    |v349_0_3_0_blk_n                        |   9|          2|    1|          2|
    |v349_0_3_1_blk_n                        |   9|          2|    1|          2|
    |v349_0_3_2_blk_n                        |   9|          2|    1|          2|
    |v349_0_3_3_blk_n                        |   9|          2|    1|          2|
    |v349_1_0_0_blk_n                        |   9|          2|    1|          2|
    |v349_1_0_1_blk_n                        |   9|          2|    1|          2|
    |v349_1_0_2_blk_n                        |   9|          2|    1|          2|
    |v349_1_0_3_blk_n                        |   9|          2|    1|          2|
    |v349_1_1_0_blk_n                        |   9|          2|    1|          2|
    |v349_1_1_1_blk_n                        |   9|          2|    1|          2|
    |v349_1_1_2_blk_n                        |   9|          2|    1|          2|
    |v349_1_1_3_blk_n                        |   9|          2|    1|          2|
    |v349_1_2_0_blk_n                        |   9|          2|    1|          2|
    |v349_1_2_1_blk_n                        |   9|          2|    1|          2|
    |v349_1_2_2_blk_n                        |   9|          2|    1|          2|
    |v349_1_2_3_blk_n                        |   9|          2|    1|          2|
    |v349_1_3_0_blk_n                        |   9|          2|    1|          2|
    |v349_1_3_1_blk_n                        |   9|          2|    1|          2|
    |v349_1_3_2_blk_n                        |   9|          2|    1|          2|
    |v349_1_3_3_blk_n                        |   9|          2|    1|          2|
    |v350_0_0_0_blk_n                        |   9|          2|    1|          2|
    |v350_0_0_1_blk_n                        |   9|          2|    1|          2|
    |v350_0_0_2_blk_n                        |   9|          2|    1|          2|
    |v350_0_0_3_blk_n                        |   9|          2|    1|          2|
    |v350_0_1_0_blk_n                        |   9|          2|    1|          2|
    |v350_0_1_1_blk_n                        |   9|          2|    1|          2|
    |v350_0_1_2_blk_n                        |   9|          2|    1|          2|
    |v350_0_1_3_blk_n                        |   9|          2|    1|          2|
    |v350_0_2_0_blk_n                        |   9|          2|    1|          2|
    |v350_0_2_1_blk_n                        |   9|          2|    1|          2|
    |v350_0_2_2_blk_n                        |   9|          2|    1|          2|
    |v350_0_2_3_blk_n                        |   9|          2|    1|          2|
    |v350_0_3_0_blk_n                        |   9|          2|    1|          2|
    |v350_0_3_1_blk_n                        |   9|          2|    1|          2|
    |v350_0_3_2_blk_n                        |   9|          2|    1|          2|
    |v350_0_3_3_blk_n                        |   9|          2|    1|          2|
    |v350_1_0_0_blk_n                        |   9|          2|    1|          2|
    |v350_1_0_1_blk_n                        |   9|          2|    1|          2|
    |v350_1_0_2_blk_n                        |   9|          2|    1|          2|
    |v350_1_0_3_blk_n                        |   9|          2|    1|          2|
    |v350_1_1_0_blk_n                        |   9|          2|    1|          2|
    |v350_1_1_1_blk_n                        |   9|          2|    1|          2|
    |v350_1_1_2_blk_n                        |   9|          2|    1|          2|
    |v350_1_1_3_blk_n                        |   9|          2|    1|          2|
    |v350_1_2_0_blk_n                        |   9|          2|    1|          2|
    |v350_1_2_1_blk_n                        |   9|          2|    1|          2|
    |v350_1_2_2_blk_n                        |   9|          2|    1|          2|
    |v350_1_2_3_blk_n                        |   9|          2|    1|          2|
    |v350_1_3_0_blk_n                        |   9|          2|    1|          2|
    |v350_1_3_1_blk_n                        |   9|          2|    1|          2|
    |v350_1_3_2_blk_n                        |   9|          2|    1|          2|
    |v350_1_3_3_blk_n                        |   9|          2|    1|          2|
    |v351_0_0_0_blk_n                        |   9|          2|    1|          2|
    |v351_0_0_1_blk_n                        |   9|          2|    1|          2|
    |v351_0_0_2_blk_n                        |   9|          2|    1|          2|
    |v351_0_0_3_blk_n                        |   9|          2|    1|          2|
    |v351_0_1_0_blk_n                        |   9|          2|    1|          2|
    |v351_0_1_1_blk_n                        |   9|          2|    1|          2|
    |v351_0_1_2_blk_n                        |   9|          2|    1|          2|
    |v351_0_1_3_blk_n                        |   9|          2|    1|          2|
    |v351_0_2_0_blk_n                        |   9|          2|    1|          2|
    |v351_0_2_1_blk_n                        |   9|          2|    1|          2|
    |v351_0_2_2_blk_n                        |   9|          2|    1|          2|
    |v351_0_2_3_blk_n                        |   9|          2|    1|          2|
    |v351_0_3_0_blk_n                        |   9|          2|    1|          2|
    |v351_0_3_1_blk_n                        |   9|          2|    1|          2|
    |v351_0_3_2_blk_n                        |   9|          2|    1|          2|
    |v351_0_3_3_blk_n                        |   9|          2|    1|          2|
    |v351_1_0_0_blk_n                        |   9|          2|    1|          2|
    |v351_1_0_1_blk_n                        |   9|          2|    1|          2|
    |v351_1_0_2_blk_n                        |   9|          2|    1|          2|
    |v351_1_0_3_blk_n                        |   9|          2|    1|          2|
    |v351_1_1_0_blk_n                        |   9|          2|    1|          2|
    |v351_1_1_1_blk_n                        |   9|          2|    1|          2|
    |v351_1_1_2_blk_n                        |   9|          2|    1|          2|
    |v351_1_1_3_blk_n                        |   9|          2|    1|          2|
    |v351_1_2_0_blk_n                        |   9|          2|    1|          2|
    |v351_1_2_1_blk_n                        |   9|          2|    1|          2|
    |v351_1_2_2_blk_n                        |   9|          2|    1|          2|
    |v351_1_2_3_blk_n                        |   9|          2|    1|          2|
    |v351_1_3_0_blk_n                        |   9|          2|    1|          2|
    |v351_1_3_1_blk_n                        |   9|          2|    1|          2|
    |v351_1_3_2_blk_n                        |   9|          2|    1|          2|
    |v351_1_3_3_blk_n                        |   9|          2|    1|          2|
    +----------------------------------------+----+-----------+-----+-----------+
    |Total                                   | 909|        202|  121|        242|
    +----------------------------------------+----+-----------+-----+-----------+

    * Register: 
    +----------------------------------+----+----+-----+-----------+
    |               Name               | FF | LUT| Bits| Const Bits|
    +----------------------------------+----+----+-----+-----------+
    |ap_CS_fsm                         |   1|   0|    1|          0|
    |ap_done_reg                       |   1|   0|    1|          0|
    |ap_enable_reg_pp0_iter1           |   1|   0|    1|          0|
    |ap_enable_reg_pp0_iter2           |   1|   0|    1|          0|
    |ap_enable_reg_pp0_iter3           |   1|   0|    1|          0|
    |ap_enable_reg_pp0_iter4           |   1|   0|    1|          0|
    |ap_enable_reg_pp0_iter5           |   1|   0|    1|          0|
    |ap_enable_reg_pp0_iter6           |   1|   0|    1|          0|
    |ap_loop_exit_ready_pp0_iter1_reg  |   1|   0|    1|          0|
    |ap_loop_exit_ready_pp0_iter2_reg  |   1|   0|    1|          0|
    |ap_loop_exit_ready_pp0_iter3_reg  |   1|   0|    1|          0|
    |ap_loop_exit_ready_pp0_iter4_reg  |   1|   0|    1|          0|
    |ap_loop_exit_ready_pp0_iter5_reg  |   1|   0|    1|          0|
    |indvar_flatten10_fu_226           |  11|   0|   11|          0|
    |start_once_reg                    |   1|   0|    1|          0|
    |v162_10_reg_1724                  |  32|   0|   32|          0|
    |v162_11_reg_1729                  |  32|   0|   32|          0|
    |v162_12_reg_1734                  |  32|   0|   32|          0|
    |v162_13_reg_1739                  |  32|   0|   32|          0|
    |v162_14_reg_1744                  |  32|   0|   32|          0|
    |v162_15_reg_1749                  |  32|   0|   32|          0|
    |v162_16_reg_1754                  |  32|   0|   32|          0|
    |v162_17_reg_1759                  |  32|   0|   32|          0|
    |v162_18_reg_1764                  |  32|   0|   32|          0|
    |v162_19_reg_1769                  |  32|   0|   32|          0|
    |v162_1_reg_1679                   |  32|   0|   32|          0|
    |v162_20_reg_1774                  |  32|   0|   32|          0|
    |v162_21_reg_1779                  |  32|   0|   32|          0|
    |v162_22_reg_1784                  |  32|   0|   32|          0|
    |v162_23_reg_1789                  |  32|   0|   32|          0|
    |v162_24_reg_1794                  |  32|   0|   32|          0|
    |v162_25_reg_1799                  |  32|   0|   32|          0|
    |v162_26_reg_1804                  |  32|   0|   32|          0|
    |v162_27_reg_1809                  |  32|   0|   32|          0|
    |v162_28_reg_1814                  |  32|   0|   32|          0|
    |v162_29_reg_1819                  |  32|   0|   32|          0|
    |v162_2_reg_1684                   |  32|   0|   32|          0|
    |v162_30_reg_1824                  |  32|   0|   32|          0|
    |v162_31_reg_1829                  |  32|   0|   32|          0|
    |v162_3_reg_1689                   |  32|   0|   32|          0|
    |v162_4_reg_1694                   |  32|   0|   32|          0|
    |v162_5_reg_1699                   |  32|   0|   32|          0|
    |v162_6_reg_1704                   |  32|   0|   32|          0|
    |v162_7_reg_1709                   |  32|   0|   32|          0|
    |v162_8_reg_1714                   |  32|   0|   32|          0|
    |v162_9_reg_1719                   |  32|   0|   32|          0|
    |v162_reg_1674                     |  32|   0|   32|          0|
    |v351_0_0_0_read_reg_1354          |  32|   0|   32|          0|
    |v351_0_0_1_read_reg_1374          |  32|   0|   32|          0|
    |v351_0_0_2_read_reg_1394          |  32|   0|   32|          0|
    |v351_0_0_3_read_reg_1414          |  32|   0|   32|          0|
    |v351_0_1_0_read_reg_1359          |  32|   0|   32|          0|
    |v351_0_1_1_read_reg_1379          |  32|   0|   32|          0|
    |v351_0_1_2_read_reg_1399          |  32|   0|   32|          0|
    |v351_0_1_3_read_reg_1419          |  32|   0|   32|          0|
    |v351_0_2_0_read_reg_1364          |  32|   0|   32|          0|
    |v351_0_2_1_read_reg_1384          |  32|   0|   32|          0|
    |v351_0_2_2_read_reg_1404          |  32|   0|   32|          0|
    |v351_0_2_3_read_reg_1424          |  32|   0|   32|          0|
    |v351_0_3_0_read_reg_1369          |  32|   0|   32|          0|
    |v351_0_3_1_read_reg_1389          |  32|   0|   32|          0|
    |v351_0_3_2_read_reg_1409          |  32|   0|   32|          0|
    |v351_0_3_3_read_reg_1429          |  32|   0|   32|          0|
    |v351_1_0_0_read_reg_1434          |  32|   0|   32|          0|
    |v351_1_0_1_read_reg_1454          |  32|   0|   32|          0|
    |v351_1_0_2_read_reg_1474          |  32|   0|   32|          0|
    |v351_1_0_3_read_reg_1494          |  32|   0|   32|          0|
    |v351_1_1_0_read_reg_1439          |  32|   0|   32|          0|
    |v351_1_1_1_read_reg_1459          |  32|   0|   32|          0|
    |v351_1_1_2_read_reg_1479          |  32|   0|   32|          0|
    |v351_1_1_3_read_reg_1499          |  32|   0|   32|          0|
    |v351_1_2_0_read_reg_1444          |  32|   0|   32|          0|
    |v351_1_2_1_read_reg_1464          |  32|   0|   32|          0|
    |v351_1_2_2_read_reg_1484          |  32|   0|   32|          0|
    |v351_1_2_3_read_reg_1504          |  32|   0|   32|          0|
    |v351_1_3_0_read_reg_1449          |  32|   0|   32|          0|
    |v351_1_3_1_read_reg_1469          |  32|   0|   32|          0|
    |v351_1_3_2_read_reg_1489          |  32|   0|   32|          0|
    |v351_1_3_3_read_reg_1509          |  32|   0|   32|          0|
    +----------------------------------+----+----+-----+-----------+
    |Total                             |2073|   0| 2073|          0|
    +----------------------------------+----+----+-----+-----------+



================================================================
== Interface
================================================================
* Summary: 
+---------------------------+-----+-----+------------+--------------+--------------+
|         RTL Ports         | Dir | Bits|  Protocol  | Source Object|    C Type    |
+---------------------------+-----+-----+------------+--------------+--------------+
|ap_clk                     |   in|    1|  ap_ctrl_hs|        node12|  return value|
|ap_rst                     |   in|    1|  ap_ctrl_hs|        node12|  return value|
|ap_start                   |   in|    1|  ap_ctrl_hs|        node12|  return value|
|start_full_n               |   in|    1|  ap_ctrl_hs|        node12|  return value|
|ap_done                    |  out|    1|  ap_ctrl_hs|        node12|  return value|
|ap_continue                |   in|    1|  ap_ctrl_hs|        node12|  return value|
|ap_idle                    |  out|    1|  ap_ctrl_hs|        node12|  return value|
|ap_ready                   |  out|    1|  ap_ctrl_hs|        node12|  return value|
|start_out                  |  out|    1|  ap_ctrl_hs|        node12|  return value|
|start_write                |  out|    1|  ap_ctrl_hs|        node12|  return value|
|v351_0_0_0_dout            |   in|   32|     ap_fifo|    v351_0_0_0|       pointer|
|v351_0_0_0_num_data_valid  |   in|   11|     ap_fifo|    v351_0_0_0|       pointer|
|v351_0_0_0_fifo_cap        |   in|   11|     ap_fifo|    v351_0_0_0|       pointer|
|v351_0_0_0_empty_n         |   in|    1|     ap_fifo|    v351_0_0_0|       pointer|
|v351_0_0_0_read            |  out|    1|     ap_fifo|    v351_0_0_0|       pointer|
|v351_0_1_0_dout            |   in|   32|     ap_fifo|    v351_0_1_0|       pointer|
|v351_0_1_0_num_data_valid  |   in|   11|     ap_fifo|    v351_0_1_0|       pointer|
|v351_0_1_0_fifo_cap        |   in|   11|     ap_fifo|    v351_0_1_0|       pointer|
|v351_0_1_0_empty_n         |   in|    1|     ap_fifo|    v351_0_1_0|       pointer|
|v351_0_1_0_read            |  out|    1|     ap_fifo|    v351_0_1_0|       pointer|
|v351_0_2_0_dout            |   in|   32|     ap_fifo|    v351_0_2_0|       pointer|
|v351_0_2_0_num_data_valid  |   in|   11|     ap_fifo|    v351_0_2_0|       pointer|
|v351_0_2_0_fifo_cap        |   in|   11|     ap_fifo|    v351_0_2_0|       pointer|
|v351_0_2_0_empty_n         |   in|    1|     ap_fifo|    v351_0_2_0|       pointer|
|v351_0_2_0_read            |  out|    1|     ap_fifo|    v351_0_2_0|       pointer|
|v351_0_3_0_dout            |   in|   32|     ap_fifo|    v351_0_3_0|       pointer|
|v351_0_3_0_num_data_valid  |   in|   11|     ap_fifo|    v351_0_3_0|       pointer|
|v351_0_3_0_fifo_cap        |   in|   11|     ap_fifo|    v351_0_3_0|       pointer|
|v351_0_3_0_empty_n         |   in|    1|     ap_fifo|    v351_0_3_0|       pointer|
|v351_0_3_0_read            |  out|    1|     ap_fifo|    v351_0_3_0|       pointer|
|v351_0_0_1_dout            |   in|   32|     ap_fifo|    v351_0_0_1|       pointer|
|v351_0_0_1_num_data_valid  |   in|   11|     ap_fifo|    v351_0_0_1|       pointer|
|v351_0_0_1_fifo_cap        |   in|   11|     ap_fifo|    v351_0_0_1|       pointer|
|v351_0_0_1_empty_n         |   in|    1|     ap_fifo|    v351_0_0_1|       pointer|
|v351_0_0_1_read            |  out|    1|     ap_fifo|    v351_0_0_1|       pointer|
|v351_0_1_1_dout            |   in|   32|     ap_fifo|    v351_0_1_1|       pointer|
|v351_0_1_1_num_data_valid  |   in|   11|     ap_fifo|    v351_0_1_1|       pointer|
|v351_0_1_1_fifo_cap        |   in|   11|     ap_fifo|    v351_0_1_1|       pointer|
|v351_0_1_1_empty_n         |   in|    1|     ap_fifo|    v351_0_1_1|       pointer|
|v351_0_1_1_read            |  out|    1|     ap_fifo|    v351_0_1_1|       pointer|
|v351_0_2_1_dout            |   in|   32|     ap_fifo|    v351_0_2_1|       pointer|
|v351_0_2_1_num_data_valid  |   in|   11|     ap_fifo|    v351_0_2_1|       pointer|
|v351_0_2_1_fifo_cap        |   in|   11|     ap_fifo|    v351_0_2_1|       pointer|
|v351_0_2_1_empty_n         |   in|    1|     ap_fifo|    v351_0_2_1|       pointer|
|v351_0_2_1_read            |  out|    1|     ap_fifo|    v351_0_2_1|       pointer|
|v351_0_3_1_dout            |   in|   32|     ap_fifo|    v351_0_3_1|       pointer|
|v351_0_3_1_num_data_valid  |   in|   11|     ap_fifo|    v351_0_3_1|       pointer|
|v351_0_3_1_fifo_cap        |   in|   11|     ap_fifo|    v351_0_3_1|       pointer|
|v351_0_3_1_empty_n         |   in|    1|     ap_fifo|    v351_0_3_1|       pointer|
|v351_0_3_1_read            |  out|    1|     ap_fifo|    v351_0_3_1|       pointer|
|v351_0_0_2_dout            |   in|   32|     ap_fifo|    v351_0_0_2|       pointer|
|v351_0_0_2_num_data_valid  |   in|   11|     ap_fifo|    v351_0_0_2|       pointer|
|v351_0_0_2_fifo_cap        |   in|   11|     ap_fifo|    v351_0_0_2|       pointer|
|v351_0_0_2_empty_n         |   in|    1|     ap_fifo|    v351_0_0_2|       pointer|
|v351_0_0_2_read            |  out|    1|     ap_fifo|    v351_0_0_2|       pointer|
|v351_0_1_2_dout            |   in|   32|     ap_fifo|    v351_0_1_2|       pointer|
|v351_0_1_2_num_data_valid  |   in|   11|     ap_fifo|    v351_0_1_2|       pointer|
|v351_0_1_2_fifo_cap        |   in|   11|     ap_fifo|    v351_0_1_2|       pointer|
|v351_0_1_2_empty_n         |   in|    1|     ap_fifo|    v351_0_1_2|       pointer|
|v351_0_1_2_read            |  out|    1|     ap_fifo|    v351_0_1_2|       pointer|
|v351_0_2_2_dout            |   in|   32|     ap_fifo|    v351_0_2_2|       pointer|
|v351_0_2_2_num_data_valid  |   in|   11|     ap_fifo|    v351_0_2_2|       pointer|
|v351_0_2_2_fifo_cap        |   in|   11|     ap_fifo|    v351_0_2_2|       pointer|
|v351_0_2_2_empty_n         |   in|    1|     ap_fifo|    v351_0_2_2|       pointer|
|v351_0_2_2_read            |  out|    1|     ap_fifo|    v351_0_2_2|       pointer|
|v351_0_3_2_dout            |   in|   32|     ap_fifo|    v351_0_3_2|       pointer|
|v351_0_3_2_num_data_valid  |   in|   11|     ap_fifo|    v351_0_3_2|       pointer|
|v351_0_3_2_fifo_cap        |   in|   11|     ap_fifo|    v351_0_3_2|       pointer|
|v351_0_3_2_empty_n         |   in|    1|     ap_fifo|    v351_0_3_2|       pointer|
|v351_0_3_2_read            |  out|    1|     ap_fifo|    v351_0_3_2|       pointer|
|v351_0_0_3_dout            |   in|   32|     ap_fifo|    v351_0_0_3|       pointer|
|v351_0_0_3_num_data_valid  |   in|   11|     ap_fifo|    v351_0_0_3|       pointer|
|v351_0_0_3_fifo_cap        |   in|   11|     ap_fifo|    v351_0_0_3|       pointer|
|v351_0_0_3_empty_n         |   in|    1|     ap_fifo|    v351_0_0_3|       pointer|
|v351_0_0_3_read            |  out|    1|     ap_fifo|    v351_0_0_3|       pointer|
|v351_0_1_3_dout            |   in|   32|     ap_fifo|    v351_0_1_3|       pointer|
|v351_0_1_3_num_data_valid  |   in|   11|     ap_fifo|    v351_0_1_3|       pointer|
|v351_0_1_3_fifo_cap        |   in|   11|     ap_fifo|    v351_0_1_3|       pointer|
|v351_0_1_3_empty_n         |   in|    1|     ap_fifo|    v351_0_1_3|       pointer|
|v351_0_1_3_read            |  out|    1|     ap_fifo|    v351_0_1_3|       pointer|
|v351_0_2_3_dout            |   in|   32|     ap_fifo|    v351_0_2_3|       pointer|
|v351_0_2_3_num_data_valid  |   in|   11|     ap_fifo|    v351_0_2_3|       pointer|
|v351_0_2_3_fifo_cap        |   in|   11|     ap_fifo|    v351_0_2_3|       pointer|
|v351_0_2_3_empty_n         |   in|    1|     ap_fifo|    v351_0_2_3|       pointer|
|v351_0_2_3_read            |  out|    1|     ap_fifo|    v351_0_2_3|       pointer|
|v351_0_3_3_dout            |   in|   32|     ap_fifo|    v351_0_3_3|       pointer|
|v351_0_3_3_num_data_valid  |   in|   11|     ap_fifo|    v351_0_3_3|       pointer|
|v351_0_3_3_fifo_cap        |   in|   11|     ap_fifo|    v351_0_3_3|       pointer|
|v351_0_3_3_empty_n         |   in|    1|     ap_fifo|    v351_0_3_3|       pointer|
|v351_0_3_3_read            |  out|    1|     ap_fifo|    v351_0_3_3|       pointer|
|v351_1_0_0_dout            |   in|   32|     ap_fifo|    v351_1_0_0|       pointer|
|v351_1_0_0_num_data_valid  |   in|   11|     ap_fifo|    v351_1_0_0|       pointer|
|v351_1_0_0_fifo_cap        |   in|   11|     ap_fifo|    v351_1_0_0|       pointer|
|v351_1_0_0_empty_n         |   in|    1|     ap_fifo|    v351_1_0_0|       pointer|
|v351_1_0_0_read            |  out|    1|     ap_fifo|    v351_1_0_0|       pointer|
|v351_1_1_0_dout            |   in|   32|     ap_fifo|    v351_1_1_0|       pointer|
|v351_1_1_0_num_data_valid  |   in|   11|     ap_fifo|    v351_1_1_0|       pointer|
|v351_1_1_0_fifo_cap        |   in|   11|     ap_fifo|    v351_1_1_0|       pointer|
|v351_1_1_0_empty_n         |   in|    1|     ap_fifo|    v351_1_1_0|       pointer|
|v351_1_1_0_read            |  out|    1|     ap_fifo|    v351_1_1_0|       pointer|
|v351_1_2_0_dout            |   in|   32|     ap_fifo|    v351_1_2_0|       pointer|
|v351_1_2_0_num_data_valid  |   in|   11|     ap_fifo|    v351_1_2_0|       pointer|
|v351_1_2_0_fifo_cap        |   in|   11|     ap_fifo|    v351_1_2_0|       pointer|
|v351_1_2_0_empty_n         |   in|    1|     ap_fifo|    v351_1_2_0|       pointer|
|v351_1_2_0_read            |  out|    1|     ap_fifo|    v351_1_2_0|       pointer|
|v351_1_3_0_dout            |   in|   32|     ap_fifo|    v351_1_3_0|       pointer|
|v351_1_3_0_num_data_valid  |   in|   11|     ap_fifo|    v351_1_3_0|       pointer|
|v351_1_3_0_fifo_cap        |   in|   11|     ap_fifo|    v351_1_3_0|       pointer|
|v351_1_3_0_empty_n         |   in|    1|     ap_fifo|    v351_1_3_0|       pointer|
|v351_1_3_0_read            |  out|    1|     ap_fifo|    v351_1_3_0|       pointer|
|v351_1_0_1_dout            |   in|   32|     ap_fifo|    v351_1_0_1|       pointer|
|v351_1_0_1_num_data_valid  |   in|   11|     ap_fifo|    v351_1_0_1|       pointer|
|v351_1_0_1_fifo_cap        |   in|   11|     ap_fifo|    v351_1_0_1|       pointer|
|v351_1_0_1_empty_n         |   in|    1|     ap_fifo|    v351_1_0_1|       pointer|
|v351_1_0_1_read            |  out|    1|     ap_fifo|    v351_1_0_1|       pointer|
|v351_1_1_1_dout            |   in|   32|     ap_fifo|    v351_1_1_1|       pointer|
|v351_1_1_1_num_data_valid  |   in|   11|     ap_fifo|    v351_1_1_1|       pointer|
|v351_1_1_1_fifo_cap        |   in|   11|     ap_fifo|    v351_1_1_1|       pointer|
|v351_1_1_1_empty_n         |   in|    1|     ap_fifo|    v351_1_1_1|       pointer|
|v351_1_1_1_read            |  out|    1|     ap_fifo|    v351_1_1_1|       pointer|
|v351_1_2_1_dout            |   in|   32|     ap_fifo|    v351_1_2_1|       pointer|
|v351_1_2_1_num_data_valid  |   in|   11|     ap_fifo|    v351_1_2_1|       pointer|
|v351_1_2_1_fifo_cap        |   in|   11|     ap_fifo|    v351_1_2_1|       pointer|
|v351_1_2_1_empty_n         |   in|    1|     ap_fifo|    v351_1_2_1|       pointer|
|v351_1_2_1_read            |  out|    1|     ap_fifo|    v351_1_2_1|       pointer|
|v351_1_3_1_dout            |   in|   32|     ap_fifo|    v351_1_3_1|       pointer|
|v351_1_3_1_num_data_valid  |   in|   11|     ap_fifo|    v351_1_3_1|       pointer|
|v351_1_3_1_fifo_cap        |   in|   11|     ap_fifo|    v351_1_3_1|       pointer|
|v351_1_3_1_empty_n         |   in|    1|     ap_fifo|    v351_1_3_1|       pointer|
|v351_1_3_1_read            |  out|    1|     ap_fifo|    v351_1_3_1|       pointer|
|v351_1_0_2_dout            |   in|   32|     ap_fifo|    v351_1_0_2|       pointer|
|v351_1_0_2_num_data_valid  |   in|   11|     ap_fifo|    v351_1_0_2|       pointer|
|v351_1_0_2_fifo_cap        |   in|   11|     ap_fifo|    v351_1_0_2|       pointer|
|v351_1_0_2_empty_n         |   in|    1|     ap_fifo|    v351_1_0_2|       pointer|
|v351_1_0_2_read            |  out|    1|     ap_fifo|    v351_1_0_2|       pointer|
|v351_1_1_2_dout            |   in|   32|     ap_fifo|    v351_1_1_2|       pointer|
|v351_1_1_2_num_data_valid  |   in|   11|     ap_fifo|    v351_1_1_2|       pointer|
|v351_1_1_2_fifo_cap        |   in|   11|     ap_fifo|    v351_1_1_2|       pointer|
|v351_1_1_2_empty_n         |   in|    1|     ap_fifo|    v351_1_1_2|       pointer|
|v351_1_1_2_read            |  out|    1|     ap_fifo|    v351_1_1_2|       pointer|
|v351_1_2_2_dout            |   in|   32|     ap_fifo|    v351_1_2_2|       pointer|
|v351_1_2_2_num_data_valid  |   in|   11|     ap_fifo|    v351_1_2_2|       pointer|
|v351_1_2_2_fifo_cap        |   in|   11|     ap_fifo|    v351_1_2_2|       pointer|
|v351_1_2_2_empty_n         |   in|    1|     ap_fifo|    v351_1_2_2|       pointer|
|v351_1_2_2_read            |  out|    1|     ap_fifo|    v351_1_2_2|       pointer|
|v351_1_3_2_dout            |   in|   32|     ap_fifo|    v351_1_3_2|       pointer|
|v351_1_3_2_num_data_valid  |   in|   11|     ap_fifo|    v351_1_3_2|       pointer|
|v351_1_3_2_fifo_cap        |   in|   11|     ap_fifo|    v351_1_3_2|       pointer|
|v351_1_3_2_empty_n         |   in|    1|     ap_fifo|    v351_1_3_2|       pointer|
|v351_1_3_2_read            |  out|    1|     ap_fifo|    v351_1_3_2|       pointer|
|v351_1_0_3_dout            |   in|   32|     ap_fifo|    v351_1_0_3|       pointer|
|v351_1_0_3_num_data_valid  |   in|   11|     ap_fifo|    v351_1_0_3|       pointer|
|v351_1_0_3_fifo_cap        |   in|   11|     ap_fifo|    v351_1_0_3|       pointer|
|v351_1_0_3_empty_n         |   in|    1|     ap_fifo|    v351_1_0_3|       pointer|
|v351_1_0_3_read            |  out|    1|     ap_fifo|    v351_1_0_3|       pointer|
|v351_1_1_3_dout            |   in|   32|     ap_fifo|    v351_1_1_3|       pointer|
|v351_1_1_3_num_data_valid  |   in|   11|     ap_fifo|    v351_1_1_3|       pointer|
|v351_1_1_3_fifo_cap        |   in|   11|     ap_fifo|    v351_1_1_3|       pointer|
|v351_1_1_3_empty_n         |   in|    1|     ap_fifo|    v351_1_1_3|       pointer|
|v351_1_1_3_read            |  out|    1|     ap_fifo|    v351_1_1_3|       pointer|
|v351_1_2_3_dout            |   in|   32|     ap_fifo|    v351_1_2_3|       pointer|
|v351_1_2_3_num_data_valid  |   in|   11|     ap_fifo|    v351_1_2_3|       pointer|
|v351_1_2_3_fifo_cap        |   in|   11|     ap_fifo|    v351_1_2_3|       pointer|
|v351_1_2_3_empty_n         |   in|    1|     ap_fifo|    v351_1_2_3|       pointer|
|v351_1_2_3_read            |  out|    1|     ap_fifo|    v351_1_2_3|       pointer|
|v351_1_3_3_dout            |   in|   32|     ap_fifo|    v351_1_3_3|       pointer|
|v351_1_3_3_num_data_valid  |   in|   11|     ap_fifo|    v351_1_3_3|       pointer|
|v351_1_3_3_fifo_cap        |   in|   11|     ap_fifo|    v351_1_3_3|       pointer|
|v351_1_3_3_empty_n         |   in|    1|     ap_fifo|    v351_1_3_3|       pointer|
|v351_1_3_3_read            |  out|    1|     ap_fifo|    v351_1_3_3|       pointer|
|v350_0_0_0_din             |  out|   32|     ap_fifo|    v350_0_0_0|       pointer|
|v350_0_0_0_num_data_valid  |   in|   11|     ap_fifo|    v350_0_0_0|       pointer|
|v350_0_0_0_fifo_cap        |   in|   11|     ap_fifo|    v350_0_0_0|       pointer|
|v350_0_0_0_full_n          |   in|    1|     ap_fifo|    v350_0_0_0|       pointer|
|v350_0_0_0_write           |  out|    1|     ap_fifo|    v350_0_0_0|       pointer|
|v349_0_0_0_din             |  out|   32|     ap_fifo|    v349_0_0_0|       pointer|
|v349_0_0_0_num_data_valid  |   in|   11|     ap_fifo|    v349_0_0_0|       pointer|
|v349_0_0_0_fifo_cap        |   in|   11|     ap_fifo|    v349_0_0_0|       pointer|
|v349_0_0_0_full_n          |   in|    1|     ap_fifo|    v349_0_0_0|       pointer|
|v349_0_0_0_write           |  out|    1|     ap_fifo|    v349_0_0_0|       pointer|
|v350_0_1_0_din             |  out|   32|     ap_fifo|    v350_0_1_0|       pointer|
|v350_0_1_0_num_data_valid  |   in|   11|     ap_fifo|    v350_0_1_0|       pointer|
|v350_0_1_0_fifo_cap        |   in|   11|     ap_fifo|    v350_0_1_0|       pointer|
|v350_0_1_0_full_n          |   in|    1|     ap_fifo|    v350_0_1_0|       pointer|
|v350_0_1_0_write           |  out|    1|     ap_fifo|    v350_0_1_0|       pointer|
|v349_0_1_0_din             |  out|   32|     ap_fifo|    v349_0_1_0|       pointer|
|v349_0_1_0_num_data_valid  |   in|   11|     ap_fifo|    v349_0_1_0|       pointer|
|v349_0_1_0_fifo_cap        |   in|   11|     ap_fifo|    v349_0_1_0|       pointer|
|v349_0_1_0_full_n          |   in|    1|     ap_fifo|    v349_0_1_0|       pointer|
|v349_0_1_0_write           |  out|    1|     ap_fifo|    v349_0_1_0|       pointer|
|v350_0_2_0_din             |  out|   32|     ap_fifo|    v350_0_2_0|       pointer|
|v350_0_2_0_num_data_valid  |   in|   11|     ap_fifo|    v350_0_2_0|       pointer|
|v350_0_2_0_fifo_cap        |   in|   11|     ap_fifo|    v350_0_2_0|       pointer|
|v350_0_2_0_full_n          |   in|    1|     ap_fifo|    v350_0_2_0|       pointer|
|v350_0_2_0_write           |  out|    1|     ap_fifo|    v350_0_2_0|       pointer|
|v349_0_2_0_din             |  out|   32|     ap_fifo|    v349_0_2_0|       pointer|
|v349_0_2_0_num_data_valid  |   in|   11|     ap_fifo|    v349_0_2_0|       pointer|
|v349_0_2_0_fifo_cap        |   in|   11|     ap_fifo|    v349_0_2_0|       pointer|
|v349_0_2_0_full_n          |   in|    1|     ap_fifo|    v349_0_2_0|       pointer|
|v349_0_2_0_write           |  out|    1|     ap_fifo|    v349_0_2_0|       pointer|
|v350_0_3_0_din             |  out|   32|     ap_fifo|    v350_0_3_0|       pointer|
|v350_0_3_0_num_data_valid  |   in|   11|     ap_fifo|    v350_0_3_0|       pointer|
|v350_0_3_0_fifo_cap        |   in|   11|     ap_fifo|    v350_0_3_0|       pointer|
|v350_0_3_0_full_n          |   in|    1|     ap_fifo|    v350_0_3_0|       pointer|
|v350_0_3_0_write           |  out|    1|     ap_fifo|    v350_0_3_0|       pointer|
|v349_0_3_0_din             |  out|   32|     ap_fifo|    v349_0_3_0|       pointer|
|v349_0_3_0_num_data_valid  |   in|   11|     ap_fifo|    v349_0_3_0|       pointer|
|v349_0_3_0_fifo_cap        |   in|   11|     ap_fifo|    v349_0_3_0|       pointer|
|v349_0_3_0_full_n          |   in|    1|     ap_fifo|    v349_0_3_0|       pointer|
|v349_0_3_0_write           |  out|    1|     ap_fifo|    v349_0_3_0|       pointer|
|v350_0_0_1_din             |  out|   32|     ap_fifo|    v350_0_0_1|       pointer|
|v350_0_0_1_num_data_valid  |   in|   11|     ap_fifo|    v350_0_0_1|       pointer|
|v350_0_0_1_fifo_cap        |   in|   11|     ap_fifo|    v350_0_0_1|       pointer|
|v350_0_0_1_full_n          |   in|    1|     ap_fifo|    v350_0_0_1|       pointer|
|v350_0_0_1_write           |  out|    1|     ap_fifo|    v350_0_0_1|       pointer|
|v349_0_0_1_din             |  out|   32|     ap_fifo|    v349_0_0_1|       pointer|
|v349_0_0_1_num_data_valid  |   in|   11|     ap_fifo|    v349_0_0_1|       pointer|
|v349_0_0_1_fifo_cap        |   in|   11|     ap_fifo|    v349_0_0_1|       pointer|
|v349_0_0_1_full_n          |   in|    1|     ap_fifo|    v349_0_0_1|       pointer|
|v349_0_0_1_write           |  out|    1|     ap_fifo|    v349_0_0_1|       pointer|
|v350_0_1_1_din             |  out|   32|     ap_fifo|    v350_0_1_1|       pointer|
|v350_0_1_1_num_data_valid  |   in|   11|     ap_fifo|    v350_0_1_1|       pointer|
|v350_0_1_1_fifo_cap        |   in|   11|     ap_fifo|    v350_0_1_1|       pointer|
|v350_0_1_1_full_n          |   in|    1|     ap_fifo|    v350_0_1_1|       pointer|
|v350_0_1_1_write           |  out|    1|     ap_fifo|    v350_0_1_1|       pointer|
|v349_0_1_1_din             |  out|   32|     ap_fifo|    v349_0_1_1|       pointer|
|v349_0_1_1_num_data_valid  |   in|   11|     ap_fifo|    v349_0_1_1|       pointer|
|v349_0_1_1_fifo_cap        |   in|   11|     ap_fifo|    v349_0_1_1|       pointer|
|v349_0_1_1_full_n          |   in|    1|     ap_fifo|    v349_0_1_1|       pointer|
|v349_0_1_1_write           |  out|    1|     ap_fifo|    v349_0_1_1|       pointer|
|v350_0_2_1_din             |  out|   32|     ap_fifo|    v350_0_2_1|       pointer|
|v350_0_2_1_num_data_valid  |   in|   11|     ap_fifo|    v350_0_2_1|       pointer|
|v350_0_2_1_fifo_cap        |   in|   11|     ap_fifo|    v350_0_2_1|       pointer|
|v350_0_2_1_full_n          |   in|    1|     ap_fifo|    v350_0_2_1|       pointer|
|v350_0_2_1_write           |  out|    1|     ap_fifo|    v350_0_2_1|       pointer|
|v349_0_2_1_din             |  out|   32|     ap_fifo|    v349_0_2_1|       pointer|
|v349_0_2_1_num_data_valid  |   in|   11|     ap_fifo|    v349_0_2_1|       pointer|
|v349_0_2_1_fifo_cap        |   in|   11|     ap_fifo|    v349_0_2_1|       pointer|
|v349_0_2_1_full_n          |   in|    1|     ap_fifo|    v349_0_2_1|       pointer|
|v349_0_2_1_write           |  out|    1|     ap_fifo|    v349_0_2_1|       pointer|
|v350_0_3_1_din             |  out|   32|     ap_fifo|    v350_0_3_1|       pointer|
|v350_0_3_1_num_data_valid  |   in|   11|     ap_fifo|    v350_0_3_1|       pointer|
|v350_0_3_1_fifo_cap        |   in|   11|     ap_fifo|    v350_0_3_1|       pointer|
|v350_0_3_1_full_n          |   in|    1|     ap_fifo|    v350_0_3_1|       pointer|
|v350_0_3_1_write           |  out|    1|     ap_fifo|    v350_0_3_1|       pointer|
|v349_0_3_1_din             |  out|   32|     ap_fifo|    v349_0_3_1|       pointer|
|v349_0_3_1_num_data_valid  |   in|   11|     ap_fifo|    v349_0_3_1|       pointer|
|v349_0_3_1_fifo_cap        |   in|   11|     ap_fifo|    v349_0_3_1|       pointer|
|v349_0_3_1_full_n          |   in|    1|     ap_fifo|    v349_0_3_1|       pointer|
|v349_0_3_1_write           |  out|    1|     ap_fifo|    v349_0_3_1|       pointer|
|v350_0_0_2_din             |  out|   32|     ap_fifo|    v350_0_0_2|       pointer|
|v350_0_0_2_num_data_valid  |   in|   11|     ap_fifo|    v350_0_0_2|       pointer|
|v350_0_0_2_fifo_cap        |   in|   11|     ap_fifo|    v350_0_0_2|       pointer|
|v350_0_0_2_full_n          |   in|    1|     ap_fifo|    v350_0_0_2|       pointer|
|v350_0_0_2_write           |  out|    1|     ap_fifo|    v350_0_0_2|       pointer|
|v349_0_0_2_din             |  out|   32|     ap_fifo|    v349_0_0_2|       pointer|
|v349_0_0_2_num_data_valid  |   in|   11|     ap_fifo|    v349_0_0_2|       pointer|
|v349_0_0_2_fifo_cap        |   in|   11|     ap_fifo|    v349_0_0_2|       pointer|
|v349_0_0_2_full_n          |   in|    1|     ap_fifo|    v349_0_0_2|       pointer|
|v349_0_0_2_write           |  out|    1|     ap_fifo|    v349_0_0_2|       pointer|
|v350_0_1_2_din             |  out|   32|     ap_fifo|    v350_0_1_2|       pointer|
|v350_0_1_2_num_data_valid  |   in|   11|     ap_fifo|    v350_0_1_2|       pointer|
|v350_0_1_2_fifo_cap        |   in|   11|     ap_fifo|    v350_0_1_2|       pointer|
|v350_0_1_2_full_n          |   in|    1|     ap_fifo|    v350_0_1_2|       pointer|
|v350_0_1_2_write           |  out|    1|     ap_fifo|    v350_0_1_2|       pointer|
|v349_0_1_2_din             |  out|   32|     ap_fifo|    v349_0_1_2|       pointer|
|v349_0_1_2_num_data_valid  |   in|   11|     ap_fifo|    v349_0_1_2|       pointer|
|v349_0_1_2_fifo_cap        |   in|   11|     ap_fifo|    v349_0_1_2|       pointer|
|v349_0_1_2_full_n          |   in|    1|     ap_fifo|    v349_0_1_2|       pointer|
|v349_0_1_2_write           |  out|    1|     ap_fifo|    v349_0_1_2|       pointer|
|v350_0_2_2_din             |  out|   32|     ap_fifo|    v350_0_2_2|       pointer|
|v350_0_2_2_num_data_valid  |   in|   11|     ap_fifo|    v350_0_2_2|       pointer|
|v350_0_2_2_fifo_cap        |   in|   11|     ap_fifo|    v350_0_2_2|       pointer|
|v350_0_2_2_full_n          |   in|    1|     ap_fifo|    v350_0_2_2|       pointer|
|v350_0_2_2_write           |  out|    1|     ap_fifo|    v350_0_2_2|       pointer|
|v349_0_2_2_din             |  out|   32|     ap_fifo|    v349_0_2_2|       pointer|
|v349_0_2_2_num_data_valid  |   in|   11|     ap_fifo|    v349_0_2_2|       pointer|
|v349_0_2_2_fifo_cap        |   in|   11|     ap_fifo|    v349_0_2_2|       pointer|
|v349_0_2_2_full_n          |   in|    1|     ap_fifo|    v349_0_2_2|       pointer|
|v349_0_2_2_write           |  out|    1|     ap_fifo|    v349_0_2_2|       pointer|
|v350_0_3_2_din             |  out|   32|     ap_fifo|    v350_0_3_2|       pointer|
|v350_0_3_2_num_data_valid  |   in|   11|     ap_fifo|    v350_0_3_2|       pointer|
|v350_0_3_2_fifo_cap        |   in|   11|     ap_fifo|    v350_0_3_2|       pointer|
|v350_0_3_2_full_n          |   in|    1|     ap_fifo|    v350_0_3_2|       pointer|
|v350_0_3_2_write           |  out|    1|     ap_fifo|    v350_0_3_2|       pointer|
|v349_0_3_2_din             |  out|   32|     ap_fifo|    v349_0_3_2|       pointer|
|v349_0_3_2_num_data_valid  |   in|   11|     ap_fifo|    v349_0_3_2|       pointer|
|v349_0_3_2_fifo_cap        |   in|   11|     ap_fifo|    v349_0_3_2|       pointer|
|v349_0_3_2_full_n          |   in|    1|     ap_fifo|    v349_0_3_2|       pointer|
|v349_0_3_2_write           |  out|    1|     ap_fifo|    v349_0_3_2|       pointer|
|v350_0_0_3_din             |  out|   32|     ap_fifo|    v350_0_0_3|       pointer|
|v350_0_0_3_num_data_valid  |   in|   11|     ap_fifo|    v350_0_0_3|       pointer|
|v350_0_0_3_fifo_cap        |   in|   11|     ap_fifo|    v350_0_0_3|       pointer|
|v350_0_0_3_full_n          |   in|    1|     ap_fifo|    v350_0_0_3|       pointer|
|v350_0_0_3_write           |  out|    1|     ap_fifo|    v350_0_0_3|       pointer|
|v349_0_0_3_din             |  out|   32|     ap_fifo|    v349_0_0_3|       pointer|
|v349_0_0_3_num_data_valid  |   in|   11|     ap_fifo|    v349_0_0_3|       pointer|
|v349_0_0_3_fifo_cap        |   in|   11|     ap_fifo|    v349_0_0_3|       pointer|
|v349_0_0_3_full_n          |   in|    1|     ap_fifo|    v349_0_0_3|       pointer|
|v349_0_0_3_write           |  out|    1|     ap_fifo|    v349_0_0_3|       pointer|
|v350_0_1_3_din             |  out|   32|     ap_fifo|    v350_0_1_3|       pointer|
|v350_0_1_3_num_data_valid  |   in|   11|     ap_fifo|    v350_0_1_3|       pointer|
|v350_0_1_3_fifo_cap        |   in|   11|     ap_fifo|    v350_0_1_3|       pointer|
|v350_0_1_3_full_n          |   in|    1|     ap_fifo|    v350_0_1_3|       pointer|
|v350_0_1_3_write           |  out|    1|     ap_fifo|    v350_0_1_3|       pointer|
|v349_0_1_3_din             |  out|   32|     ap_fifo|    v349_0_1_3|       pointer|
|v349_0_1_3_num_data_valid  |   in|   11|     ap_fifo|    v349_0_1_3|       pointer|
|v349_0_1_3_fifo_cap        |   in|   11|     ap_fifo|    v349_0_1_3|       pointer|
|v349_0_1_3_full_n          |   in|    1|     ap_fifo|    v349_0_1_3|       pointer|
|v349_0_1_3_write           |  out|    1|     ap_fifo|    v349_0_1_3|       pointer|
|v350_0_2_3_din             |  out|   32|     ap_fifo|    v350_0_2_3|       pointer|
|v350_0_2_3_num_data_valid  |   in|   11|     ap_fifo|    v350_0_2_3|       pointer|
|v350_0_2_3_fifo_cap        |   in|   11|     ap_fifo|    v350_0_2_3|       pointer|
|v350_0_2_3_full_n          |   in|    1|     ap_fifo|    v350_0_2_3|       pointer|
|v350_0_2_3_write           |  out|    1|     ap_fifo|    v350_0_2_3|       pointer|
|v349_0_2_3_din             |  out|   32|     ap_fifo|    v349_0_2_3|       pointer|
|v349_0_2_3_num_data_valid  |   in|   11|     ap_fifo|    v349_0_2_3|       pointer|
|v349_0_2_3_fifo_cap        |   in|   11|     ap_fifo|    v349_0_2_3|       pointer|
|v349_0_2_3_full_n          |   in|    1|     ap_fifo|    v349_0_2_3|       pointer|
|v349_0_2_3_write           |  out|    1|     ap_fifo|    v349_0_2_3|       pointer|
|v350_0_3_3_din             |  out|   32|     ap_fifo|    v350_0_3_3|       pointer|
|v350_0_3_3_num_data_valid  |   in|   11|     ap_fifo|    v350_0_3_3|       pointer|
|v350_0_3_3_fifo_cap        |   in|   11|     ap_fifo|    v350_0_3_3|       pointer|
|v350_0_3_3_full_n          |   in|    1|     ap_fifo|    v350_0_3_3|       pointer|
|v350_0_3_3_write           |  out|    1|     ap_fifo|    v350_0_3_3|       pointer|
|v349_0_3_3_din             |  out|   32|     ap_fifo|    v349_0_3_3|       pointer|
|v349_0_3_3_num_data_valid  |   in|   11|     ap_fifo|    v349_0_3_3|       pointer|
|v349_0_3_3_fifo_cap        |   in|   11|     ap_fifo|    v349_0_3_3|       pointer|
|v349_0_3_3_full_n          |   in|    1|     ap_fifo|    v349_0_3_3|       pointer|
|v349_0_3_3_write           |  out|    1|     ap_fifo|    v349_0_3_3|       pointer|
|v350_1_0_0_din             |  out|   32|     ap_fifo|    v350_1_0_0|       pointer|
|v350_1_0_0_num_data_valid  |   in|   11|     ap_fifo|    v350_1_0_0|       pointer|
|v350_1_0_0_fifo_cap        |   in|   11|     ap_fifo|    v350_1_0_0|       pointer|
|v350_1_0_0_full_n          |   in|    1|     ap_fifo|    v350_1_0_0|       pointer|
|v350_1_0_0_write           |  out|    1|     ap_fifo|    v350_1_0_0|       pointer|
|v349_1_0_0_din             |  out|   32|     ap_fifo|    v349_1_0_0|       pointer|
|v349_1_0_0_num_data_valid  |   in|   11|     ap_fifo|    v349_1_0_0|       pointer|
|v349_1_0_0_fifo_cap        |   in|   11|     ap_fifo|    v349_1_0_0|       pointer|
|v349_1_0_0_full_n          |   in|    1|     ap_fifo|    v349_1_0_0|       pointer|
|v349_1_0_0_write           |  out|    1|     ap_fifo|    v349_1_0_0|       pointer|
|v350_1_1_0_din             |  out|   32|     ap_fifo|    v350_1_1_0|       pointer|
|v350_1_1_0_num_data_valid  |   in|   11|     ap_fifo|    v350_1_1_0|       pointer|
|v350_1_1_0_fifo_cap        |   in|   11|     ap_fifo|    v350_1_1_0|       pointer|
|v350_1_1_0_full_n          |   in|    1|     ap_fifo|    v350_1_1_0|       pointer|
|v350_1_1_0_write           |  out|    1|     ap_fifo|    v350_1_1_0|       pointer|
|v349_1_1_0_din             |  out|   32|     ap_fifo|    v349_1_1_0|       pointer|
|v349_1_1_0_num_data_valid  |   in|   11|     ap_fifo|    v349_1_1_0|       pointer|
|v349_1_1_0_fifo_cap        |   in|   11|     ap_fifo|    v349_1_1_0|       pointer|
|v349_1_1_0_full_n          |   in|    1|     ap_fifo|    v349_1_1_0|       pointer|
|v349_1_1_0_write           |  out|    1|     ap_fifo|    v349_1_1_0|       pointer|
|v350_1_2_0_din             |  out|   32|     ap_fifo|    v350_1_2_0|       pointer|
|v350_1_2_0_num_data_valid  |   in|   11|     ap_fifo|    v350_1_2_0|       pointer|
|v350_1_2_0_fifo_cap        |   in|   11|     ap_fifo|    v350_1_2_0|       pointer|
|v350_1_2_0_full_n          |   in|    1|     ap_fifo|    v350_1_2_0|       pointer|
|v350_1_2_0_write           |  out|    1|     ap_fifo|    v350_1_2_0|       pointer|
|v349_1_2_0_din             |  out|   32|     ap_fifo|    v349_1_2_0|       pointer|
|v349_1_2_0_num_data_valid  |   in|   11|     ap_fifo|    v349_1_2_0|       pointer|
|v349_1_2_0_fifo_cap        |   in|   11|     ap_fifo|    v349_1_2_0|       pointer|
|v349_1_2_0_full_n          |   in|    1|     ap_fifo|    v349_1_2_0|       pointer|
|v349_1_2_0_write           |  out|    1|     ap_fifo|    v349_1_2_0|       pointer|
|v350_1_3_0_din             |  out|   32|     ap_fifo|    v350_1_3_0|       pointer|
|v350_1_3_0_num_data_valid  |   in|   11|     ap_fifo|    v350_1_3_0|       pointer|
|v350_1_3_0_fifo_cap        |   in|   11|     ap_fifo|    v350_1_3_0|       pointer|
|v350_1_3_0_full_n          |   in|    1|     ap_fifo|    v350_1_3_0|       pointer|
|v350_1_3_0_write           |  out|    1|     ap_fifo|    v350_1_3_0|       pointer|
|v349_1_3_0_din             |  out|   32|     ap_fifo|    v349_1_3_0|       pointer|
|v349_1_3_0_num_data_valid  |   in|   11|     ap_fifo|    v349_1_3_0|       pointer|
|v349_1_3_0_fifo_cap        |   in|   11|     ap_fifo|    v349_1_3_0|       pointer|
|v349_1_3_0_full_n          |   in|    1|     ap_fifo|    v349_1_3_0|       pointer|
|v349_1_3_0_write           |  out|    1|     ap_fifo|    v349_1_3_0|       pointer|
|v350_1_0_1_din             |  out|   32|     ap_fifo|    v350_1_0_1|       pointer|
|v350_1_0_1_num_data_valid  |   in|   11|     ap_fifo|    v350_1_0_1|       pointer|
|v350_1_0_1_fifo_cap        |   in|   11|     ap_fifo|    v350_1_0_1|       pointer|
|v350_1_0_1_full_n          |   in|    1|     ap_fifo|    v350_1_0_1|       pointer|
|v350_1_0_1_write           |  out|    1|     ap_fifo|    v350_1_0_1|       pointer|
|v349_1_0_1_din             |  out|   32|     ap_fifo|    v349_1_0_1|       pointer|
|v349_1_0_1_num_data_valid  |   in|   11|     ap_fifo|    v349_1_0_1|       pointer|
|v349_1_0_1_fifo_cap        |   in|   11|     ap_fifo|    v349_1_0_1|       pointer|
|v349_1_0_1_full_n          |   in|    1|     ap_fifo|    v349_1_0_1|       pointer|
|v349_1_0_1_write           |  out|    1|     ap_fifo|    v349_1_0_1|       pointer|
|v350_1_1_1_din             |  out|   32|     ap_fifo|    v350_1_1_1|       pointer|
|v350_1_1_1_num_data_valid  |   in|   11|     ap_fifo|    v350_1_1_1|       pointer|
|v350_1_1_1_fifo_cap        |   in|   11|     ap_fifo|    v350_1_1_1|       pointer|
|v350_1_1_1_full_n          |   in|    1|     ap_fifo|    v350_1_1_1|       pointer|
|v350_1_1_1_write           |  out|    1|     ap_fifo|    v350_1_1_1|       pointer|
|v349_1_1_1_din             |  out|   32|     ap_fifo|    v349_1_1_1|       pointer|
|v349_1_1_1_num_data_valid  |   in|   11|     ap_fifo|    v349_1_1_1|       pointer|
|v349_1_1_1_fifo_cap        |   in|   11|     ap_fifo|    v349_1_1_1|       pointer|
|v349_1_1_1_full_n          |   in|    1|     ap_fifo|    v349_1_1_1|       pointer|
|v349_1_1_1_write           |  out|    1|     ap_fifo|    v349_1_1_1|       pointer|
|v350_1_2_1_din             |  out|   32|     ap_fifo|    v350_1_2_1|       pointer|
|v350_1_2_1_num_data_valid  |   in|   11|     ap_fifo|    v350_1_2_1|       pointer|
|v350_1_2_1_fifo_cap        |   in|   11|     ap_fifo|    v350_1_2_1|       pointer|
|v350_1_2_1_full_n          |   in|    1|     ap_fifo|    v350_1_2_1|       pointer|
|v350_1_2_1_write           |  out|    1|     ap_fifo|    v350_1_2_1|       pointer|
|v349_1_2_1_din             |  out|   32|     ap_fifo|    v349_1_2_1|       pointer|
|v349_1_2_1_num_data_valid  |   in|   11|     ap_fifo|    v349_1_2_1|       pointer|
|v349_1_2_1_fifo_cap        |   in|   11|     ap_fifo|    v349_1_2_1|       pointer|
|v349_1_2_1_full_n          |   in|    1|     ap_fifo|    v349_1_2_1|       pointer|
|v349_1_2_1_write           |  out|    1|     ap_fifo|    v349_1_2_1|       pointer|
|v350_1_3_1_din             |  out|   32|     ap_fifo|    v350_1_3_1|       pointer|
|v350_1_3_1_num_data_valid  |   in|   11|     ap_fifo|    v350_1_3_1|       pointer|
|v350_1_3_1_fifo_cap        |   in|   11|     ap_fifo|    v350_1_3_1|       pointer|
|v350_1_3_1_full_n          |   in|    1|     ap_fifo|    v350_1_3_1|       pointer|
|v350_1_3_1_write           |  out|    1|     ap_fifo|    v350_1_3_1|       pointer|
|v349_1_3_1_din             |  out|   32|     ap_fifo|    v349_1_3_1|       pointer|
|v349_1_3_1_num_data_valid  |   in|   11|     ap_fifo|    v349_1_3_1|       pointer|
|v349_1_3_1_fifo_cap        |   in|   11|     ap_fifo|    v349_1_3_1|       pointer|
|v349_1_3_1_full_n          |   in|    1|     ap_fifo|    v349_1_3_1|       pointer|
|v349_1_3_1_write           |  out|    1|     ap_fifo|    v349_1_3_1|       pointer|
|v350_1_0_2_din             |  out|   32|     ap_fifo|    v350_1_0_2|       pointer|
|v350_1_0_2_num_data_valid  |   in|   11|     ap_fifo|    v350_1_0_2|       pointer|
|v350_1_0_2_fifo_cap        |   in|   11|     ap_fifo|    v350_1_0_2|       pointer|
|v350_1_0_2_full_n          |   in|    1|     ap_fifo|    v350_1_0_2|       pointer|
|v350_1_0_2_write           |  out|    1|     ap_fifo|    v350_1_0_2|       pointer|
|v349_1_0_2_din             |  out|   32|     ap_fifo|    v349_1_0_2|       pointer|
|v349_1_0_2_num_data_valid  |   in|   11|     ap_fifo|    v349_1_0_2|       pointer|
|v349_1_0_2_fifo_cap        |   in|   11|     ap_fifo|    v349_1_0_2|       pointer|
|v349_1_0_2_full_n          |   in|    1|     ap_fifo|    v349_1_0_2|       pointer|
|v349_1_0_2_write           |  out|    1|     ap_fifo|    v349_1_0_2|       pointer|
|v350_1_1_2_din             |  out|   32|     ap_fifo|    v350_1_1_2|       pointer|
|v350_1_1_2_num_data_valid  |   in|   11|     ap_fifo|    v350_1_1_2|       pointer|
|v350_1_1_2_fifo_cap        |   in|   11|     ap_fifo|    v350_1_1_2|       pointer|
|v350_1_1_2_full_n          |   in|    1|     ap_fifo|    v350_1_1_2|       pointer|
|v350_1_1_2_write           |  out|    1|     ap_fifo|    v350_1_1_2|       pointer|
|v349_1_1_2_din             |  out|   32|     ap_fifo|    v349_1_1_2|       pointer|
|v349_1_1_2_num_data_valid  |   in|   11|     ap_fifo|    v349_1_1_2|       pointer|
|v349_1_1_2_fifo_cap        |   in|   11|     ap_fifo|    v349_1_1_2|       pointer|
|v349_1_1_2_full_n          |   in|    1|     ap_fifo|    v349_1_1_2|       pointer|
|v349_1_1_2_write           |  out|    1|     ap_fifo|    v349_1_1_2|       pointer|
|v350_1_2_2_din             |  out|   32|     ap_fifo|    v350_1_2_2|       pointer|
|v350_1_2_2_num_data_valid  |   in|   11|     ap_fifo|    v350_1_2_2|       pointer|
|v350_1_2_2_fifo_cap        |   in|   11|     ap_fifo|    v350_1_2_2|       pointer|
|v350_1_2_2_full_n          |   in|    1|     ap_fifo|    v350_1_2_2|       pointer|
|v350_1_2_2_write           |  out|    1|     ap_fifo|    v350_1_2_2|       pointer|
|v349_1_2_2_din             |  out|   32|     ap_fifo|    v349_1_2_2|       pointer|
|v349_1_2_2_num_data_valid  |   in|   11|     ap_fifo|    v349_1_2_2|       pointer|
|v349_1_2_2_fifo_cap        |   in|   11|     ap_fifo|    v349_1_2_2|       pointer|
|v349_1_2_2_full_n          |   in|    1|     ap_fifo|    v349_1_2_2|       pointer|
|v349_1_2_2_write           |  out|    1|     ap_fifo|    v349_1_2_2|       pointer|
|v350_1_3_2_din             |  out|   32|     ap_fifo|    v350_1_3_2|       pointer|
|v350_1_3_2_num_data_valid  |   in|   11|     ap_fifo|    v350_1_3_2|       pointer|
|v350_1_3_2_fifo_cap        |   in|   11|     ap_fifo|    v350_1_3_2|       pointer|
|v350_1_3_2_full_n          |   in|    1|     ap_fifo|    v350_1_3_2|       pointer|
|v350_1_3_2_write           |  out|    1|     ap_fifo|    v350_1_3_2|       pointer|
|v349_1_3_2_din             |  out|   32|     ap_fifo|    v349_1_3_2|       pointer|
|v349_1_3_2_num_data_valid  |   in|   11|     ap_fifo|    v349_1_3_2|       pointer|
|v349_1_3_2_fifo_cap        |   in|   11|     ap_fifo|    v349_1_3_2|       pointer|
|v349_1_3_2_full_n          |   in|    1|     ap_fifo|    v349_1_3_2|       pointer|
|v349_1_3_2_write           |  out|    1|     ap_fifo|    v349_1_3_2|       pointer|
|v350_1_0_3_din             |  out|   32|     ap_fifo|    v350_1_0_3|       pointer|
|v350_1_0_3_num_data_valid  |   in|   11|     ap_fifo|    v350_1_0_3|       pointer|
|v350_1_0_3_fifo_cap        |   in|   11|     ap_fifo|    v350_1_0_3|       pointer|
|v350_1_0_3_full_n          |   in|    1|     ap_fifo|    v350_1_0_3|       pointer|
|v350_1_0_3_write           |  out|    1|     ap_fifo|    v350_1_0_3|       pointer|
|v349_1_0_3_din             |  out|   32|     ap_fifo|    v349_1_0_3|       pointer|
|v349_1_0_3_num_data_valid  |   in|   11|     ap_fifo|    v349_1_0_3|       pointer|
|v349_1_0_3_fifo_cap        |   in|   11|     ap_fifo|    v349_1_0_3|       pointer|
|v349_1_0_3_full_n          |   in|    1|     ap_fifo|    v349_1_0_3|       pointer|
|v349_1_0_3_write           |  out|    1|     ap_fifo|    v349_1_0_3|       pointer|
|v350_1_1_3_din             |  out|   32|     ap_fifo|    v350_1_1_3|       pointer|
|v350_1_1_3_num_data_valid  |   in|   11|     ap_fifo|    v350_1_1_3|       pointer|
|v350_1_1_3_fifo_cap        |   in|   11|     ap_fifo|    v350_1_1_3|       pointer|
|v350_1_1_3_full_n          |   in|    1|     ap_fifo|    v350_1_1_3|       pointer|
|v350_1_1_3_write           |  out|    1|     ap_fifo|    v350_1_1_3|       pointer|
|v349_1_1_3_din             |  out|   32|     ap_fifo|    v349_1_1_3|       pointer|
|v349_1_1_3_num_data_valid  |   in|   11|     ap_fifo|    v349_1_1_3|       pointer|
|v349_1_1_3_fifo_cap        |   in|   11|     ap_fifo|    v349_1_1_3|       pointer|
|v349_1_1_3_full_n          |   in|    1|     ap_fifo|    v349_1_1_3|       pointer|
|v349_1_1_3_write           |  out|    1|     ap_fifo|    v349_1_1_3|       pointer|
|v350_1_2_3_din             |  out|   32|     ap_fifo|    v350_1_2_3|       pointer|
|v350_1_2_3_num_data_valid  |   in|   11|     ap_fifo|    v350_1_2_3|       pointer|
|v350_1_2_3_fifo_cap        |   in|   11|     ap_fifo|    v350_1_2_3|       pointer|
|v350_1_2_3_full_n          |   in|    1|     ap_fifo|    v350_1_2_3|       pointer|
|v350_1_2_3_write           |  out|    1|     ap_fifo|    v350_1_2_3|       pointer|
|v349_1_2_3_din             |  out|   32|     ap_fifo|    v349_1_2_3|       pointer|
|v349_1_2_3_num_data_valid  |   in|   11|     ap_fifo|    v349_1_2_3|       pointer|
|v349_1_2_3_fifo_cap        |   in|   11|     ap_fifo|    v349_1_2_3|       pointer|
|v349_1_2_3_full_n          |   in|    1|     ap_fifo|    v349_1_2_3|       pointer|
|v349_1_2_3_write           |  out|    1|     ap_fifo|    v349_1_2_3|       pointer|
|v350_1_3_3_din             |  out|   32|     ap_fifo|    v350_1_3_3|       pointer|
|v350_1_3_3_num_data_valid  |   in|   11|     ap_fifo|    v350_1_3_3|       pointer|
|v350_1_3_3_fifo_cap        |   in|   11|     ap_fifo|    v350_1_3_3|       pointer|
|v350_1_3_3_full_n          |   in|    1|     ap_fifo|    v350_1_3_3|       pointer|
|v350_1_3_3_write           |  out|    1|     ap_fifo|    v350_1_3_3|       pointer|
|v349_1_3_3_din             |  out|   32|     ap_fifo|    v349_1_3_3|       pointer|
|v349_1_3_3_num_data_valid  |   in|   11|     ap_fifo|    v349_1_3_3|       pointer|
|v349_1_3_3_fifo_cap        |   in|   11|     ap_fifo|    v349_1_3_3|       pointer|
|v349_1_3_3_full_n          |   in|    1|     ap_fifo|    v349_1_3_3|       pointer|
|v349_1_3_3_write           |  out|    1|     ap_fifo|    v349_1_3_3|       pointer|
+---------------------------+-----+-----+------------+--------------+--------------+

