

================================================================
== Vitis HLS Report for 'node10'
================================================================
* Date:           Wed Oct  2 17:42:32 2024

* Version:        2023.2 (Build 4023990 on Oct 11 2023)
* Project:        hls_MultiHeadSelfAttention1
* Solution:       solution1 (Vivado IP Flow Target)
* Product family: virtexuplusHBM
* Target device:  xcu280-fsvh2892-2L-e


================================================================
== Performance Estimates
================================================================
+ Timing: 
    * Summary: 
    +--------+---------+----------+------------+
    |  Clock |  Target | Estimated| Uncertainty|
    +--------+---------+----------+------------+
    |ap_clk  |  3.33 ns|  2.480 ns|     0.90 ns|
    +--------+---------+----------+------------+

+ Latency: 
    * Summary: 
    +---------+---------+----------+----------+------+------+---------+
    |  Latency (cycles) |  Latency (absolute) |   Interval  | Pipeline|
    |   min   |   max   |    min   |    max   |  min |  max |   Type  |
    +---------+---------+----------+----------+------+------+---------+
    |     1049|     1049|  3.493 us|  3.493 us|  1049|  1049|       no|
    +---------+---------+----------+----------+------+------+---------+

    + Detail: 
        * Instance: 
        N/A

        * Loop: 
        +-----------------+---------+---------+----------+-----------+-----------+------+----------+
        |                 |  Latency (cycles) | Iteration|  Initiation Interval  | Trip |          |
        |    Loop Name    |   min   |   max   |  Latency |  achieved |   target  | Count| Pipelined|
        +-----------------+---------+---------+----------+-----------+-----------+------+----------+
        |- loop55_loop56  |     1047|     1047|        25|          1|          1|  1024|       yes|
        +-----------------+---------+---------+----------+-----------+-----------+------+----------+



================================================================
== Utilization Estimates
================================================================
* Summary: 
+---------------------+---------+------+---------+---------+-----+
|         Name        | BRAM_18K|  DSP |    FF   |   LUT   | URAM|
+---------------------+---------+------+---------+---------+-----+
|DSP                  |        -|     -|        -|        -|    -|
|Expression           |        -|     -|        0|      118|    -|
|FIFO                 |        -|     -|        -|        -|    -|
|Instance             |        -|   288|    20288|    30272|    -|
|Memory               |        0|     -|      448|      462|    0|
|Multiplexer          |        -|     -|        -|     1341|    -|
|Register             |        -|     -|     4749|       64|    -|
+---------------------+---------+------+---------+---------+-----+
|Total                |        0|   288|    25485|    32257|    0|
+---------------------+---------+------+---------+---------+-----+
|Available SLR        |     1344|  3008|   869120|   434560|  320|
+---------------------+---------+------+---------+---------+-----+
|Utilization SLR (%)  |        0|     9|        2|        7|    0|
+---------------------+---------+------+---------+---------+-----+
|Available            |     4032|  9024|  2607360|  1303680|  960|
+---------------------+---------+------+---------+---------+-----+
|Utilization (%)      |        0|     3|       ~0|        2|    0|
+---------------------+---------+------+---------+---------+-----+

+ Detail: 
    * Instance: 
    +---------------------------------------+---------------------------------+---------+----+-----+-----+-----+
    |                Instance               |              Module             | BRAM_18K| DSP|  FF | LUT | URAM|
    +---------------------------------------+---------------------------------+---------+----+-----+-----+-----+
    |fexp_32ns_32ns_32_14_full_dsp_1_U1091  |fexp_32ns_32ns_32_14_full_dsp_1  |        0|   7|  316|  748|    0|
    |fexp_32ns_32ns_32_14_full_dsp_1_U1092  |fexp_32ns_32ns_32_14_full_dsp_1  |        0|   7|  316|  748|    0|
    |fexp_32ns_32ns_32_14_full_dsp_1_U1093  |fexp_32ns_32ns_32_14_full_dsp_1  |        0|   7|  316|  748|    0|
    |fexp_32ns_32ns_32_14_full_dsp_1_U1094  |fexp_32ns_32ns_32_14_full_dsp_1  |        0|   7|  316|  748|    0|
    |fexp_32ns_32ns_32_14_full_dsp_1_U1095  |fexp_32ns_32ns_32_14_full_dsp_1  |        0|   7|  316|  748|    0|
    |fexp_32ns_32ns_32_14_full_dsp_1_U1096  |fexp_32ns_32ns_32_14_full_dsp_1  |        0|   7|  316|  748|    0|
    |fexp_32ns_32ns_32_14_full_dsp_1_U1097  |fexp_32ns_32ns_32_14_full_dsp_1  |        0|   7|  316|  748|    0|
    |fexp_32ns_32ns_32_14_full_dsp_1_U1098  |fexp_32ns_32ns_32_14_full_dsp_1  |        0|   7|  316|  748|    0|
    |fexp_32ns_32ns_32_14_full_dsp_1_U1099  |fexp_32ns_32ns_32_14_full_dsp_1  |        0|   7|  316|  748|    0|
    |fexp_32ns_32ns_32_14_full_dsp_1_U1100  |fexp_32ns_32ns_32_14_full_dsp_1  |        0|   7|  316|  748|    0|
    |fexp_32ns_32ns_32_14_full_dsp_1_U1101  |fexp_32ns_32ns_32_14_full_dsp_1  |        0|   7|  316|  748|    0|
    |fexp_32ns_32ns_32_14_full_dsp_1_U1102  |fexp_32ns_32ns_32_14_full_dsp_1  |        0|   7|  316|  748|    0|
    |fexp_32ns_32ns_32_14_full_dsp_1_U1103  |fexp_32ns_32ns_32_14_full_dsp_1  |        0|   7|  316|  748|    0|
    |fexp_32ns_32ns_32_14_full_dsp_1_U1104  |fexp_32ns_32ns_32_14_full_dsp_1  |        0|   7|  316|  748|    0|
    |fexp_32ns_32ns_32_14_full_dsp_1_U1105  |fexp_32ns_32ns_32_14_full_dsp_1  |        0|   7|  316|  748|    0|
    |fexp_32ns_32ns_32_14_full_dsp_1_U1106  |fexp_32ns_32ns_32_14_full_dsp_1  |        0|   7|  316|  748|    0|
    |fexp_32ns_32ns_32_14_full_dsp_1_U1107  |fexp_32ns_32ns_32_14_full_dsp_1  |        0|   7|  316|  748|    0|
    |fexp_32ns_32ns_32_14_full_dsp_1_U1108  |fexp_32ns_32ns_32_14_full_dsp_1  |        0|   7|  316|  748|    0|
    |fexp_32ns_32ns_32_14_full_dsp_1_U1109  |fexp_32ns_32ns_32_14_full_dsp_1  |        0|   7|  316|  748|    0|
    |fexp_32ns_32ns_32_14_full_dsp_1_U1110  |fexp_32ns_32ns_32_14_full_dsp_1  |        0|   7|  316|  748|    0|
    |fexp_32ns_32ns_32_14_full_dsp_1_U1111  |fexp_32ns_32ns_32_14_full_dsp_1  |        0|   7|  316|  748|    0|
    |fexp_32ns_32ns_32_14_full_dsp_1_U1112  |fexp_32ns_32ns_32_14_full_dsp_1  |        0|   7|  316|  748|    0|
    |fexp_32ns_32ns_32_14_full_dsp_1_U1113  |fexp_32ns_32ns_32_14_full_dsp_1  |        0|   7|  316|  748|    0|
    |fexp_32ns_32ns_32_14_full_dsp_1_U1114  |fexp_32ns_32ns_32_14_full_dsp_1  |        0|   7|  316|  748|    0|
    |fexp_32ns_32ns_32_14_full_dsp_1_U1115  |fexp_32ns_32ns_32_14_full_dsp_1  |        0|   7|  316|  748|    0|
    |fexp_32ns_32ns_32_14_full_dsp_1_U1116  |fexp_32ns_32ns_32_14_full_dsp_1  |        0|   7|  316|  748|    0|
    |fexp_32ns_32ns_32_14_full_dsp_1_U1117  |fexp_32ns_32ns_32_14_full_dsp_1  |        0|   7|  316|  748|    0|
    |fexp_32ns_32ns_32_14_full_dsp_1_U1118  |fexp_32ns_32ns_32_14_full_dsp_1  |        0|   7|  316|  748|    0|
    |fexp_32ns_32ns_32_14_full_dsp_1_U1119  |fexp_32ns_32ns_32_14_full_dsp_1  |        0|   7|  316|  748|    0|
    |fexp_32ns_32ns_32_14_full_dsp_1_U1120  |fexp_32ns_32ns_32_14_full_dsp_1  |        0|   7|  316|  748|    0|
    |fexp_32ns_32ns_32_14_full_dsp_1_U1121  |fexp_32ns_32ns_32_14_full_dsp_1  |        0|   7|  316|  748|    0|
    |fexp_32ns_32ns_32_14_full_dsp_1_U1122  |fexp_32ns_32ns_32_14_full_dsp_1  |        0|   7|  316|  748|    0|
    |fsub_32ns_32ns_32_7_full_dsp_1_U1059   |fsub_32ns_32ns_32_7_full_dsp_1   |        0|   2|  318|  198|    0|
    |fsub_32ns_32ns_32_7_full_dsp_1_U1060   |fsub_32ns_32ns_32_7_full_dsp_1   |        0|   2|  318|  198|    0|
    |fsub_32ns_32ns_32_7_full_dsp_1_U1061   |fsub_32ns_32ns_32_7_full_dsp_1   |        0|   2|  318|  198|    0|
    |fsub_32ns_32ns_32_7_full_dsp_1_U1062   |fsub_32ns_32ns_32_7_full_dsp_1   |        0|   2|  318|  198|    0|
    |fsub_32ns_32ns_32_7_full_dsp_1_U1063   |fsub_32ns_32ns_32_7_full_dsp_1   |        0|   2|  318|  198|    0|
    |fsub_32ns_32ns_32_7_full_dsp_1_U1064   |fsub_32ns_32ns_32_7_full_dsp_1   |        0|   2|  318|  198|    0|
    |fsub_32ns_32ns_32_7_full_dsp_1_U1065   |fsub_32ns_32ns_32_7_full_dsp_1   |        0|   2|  318|  198|    0|
    |fsub_32ns_32ns_32_7_full_dsp_1_U1066   |fsub_32ns_32ns_32_7_full_dsp_1   |        0|   2|  318|  198|    0|
    |fsub_32ns_32ns_32_7_full_dsp_1_U1067   |fsub_32ns_32ns_32_7_full_dsp_1   |        0|   2|  318|  198|    0|
    |fsub_32ns_32ns_32_7_full_dsp_1_U1068   |fsub_32ns_32ns_32_7_full_dsp_1   |        0|   2|  318|  198|    0|
    |fsub_32ns_32ns_32_7_full_dsp_1_U1069   |fsub_32ns_32ns_32_7_full_dsp_1   |        0|   2|  318|  198|    0|
    |fsub_32ns_32ns_32_7_full_dsp_1_U1070   |fsub_32ns_32ns_32_7_full_dsp_1   |        0|   2|  318|  198|    0|
    |fsub_32ns_32ns_32_7_full_dsp_1_U1071   |fsub_32ns_32ns_32_7_full_dsp_1   |        0|   2|  318|  198|    0|
    |fsub_32ns_32ns_32_7_full_dsp_1_U1072   |fsub_32ns_32ns_32_7_full_dsp_1   |        0|   2|  318|  198|    0|
    |fsub_32ns_32ns_32_7_full_dsp_1_U1073   |fsub_32ns_32ns_32_7_full_dsp_1   |        0|   2|  318|  198|    0|
    |fsub_32ns_32ns_32_7_full_dsp_1_U1074   |fsub_32ns_32ns_32_7_full_dsp_1   |        0|   2|  318|  198|    0|
    |fsub_32ns_32ns_32_7_full_dsp_1_U1075   |fsub_32ns_32ns_32_7_full_dsp_1   |        0|   2|  318|  198|    0|
    |fsub_32ns_32ns_32_7_full_dsp_1_U1076   |fsub_32ns_32ns_32_7_full_dsp_1   |        0|   2|  318|  198|    0|
    |fsub_32ns_32ns_32_7_full_dsp_1_U1077   |fsub_32ns_32ns_32_7_full_dsp_1   |        0|   2|  318|  198|    0|
    |fsub_32ns_32ns_32_7_full_dsp_1_U1078   |fsub_32ns_32ns_32_7_full_dsp_1   |        0|   2|  318|  198|    0|
    |fsub_32ns_32ns_32_7_full_dsp_1_U1079   |fsub_32ns_32ns_32_7_full_dsp_1   |        0|   2|  318|  198|    0|
    |fsub_32ns_32ns_32_7_full_dsp_1_U1080   |fsub_32ns_32ns_32_7_full_dsp_1   |        0|   2|  318|  198|    0|
    |fsub_32ns_32ns_32_7_full_dsp_1_U1081   |fsub_32ns_32ns_32_7_full_dsp_1   |        0|   2|  318|  198|    0|
    |fsub_32ns_32ns_32_7_full_dsp_1_U1082   |fsub_32ns_32ns_32_7_full_dsp_1   |        0|   2|  318|  198|    0|
    |fsub_32ns_32ns_32_7_full_dsp_1_U1083   |fsub_32ns_32ns_32_7_full_dsp_1   |        0|   2|  318|  198|    0|
    |fsub_32ns_32ns_32_7_full_dsp_1_U1084   |fsub_32ns_32ns_32_7_full_dsp_1   |        0|   2|  318|  198|    0|
    |fsub_32ns_32ns_32_7_full_dsp_1_U1085   |fsub_32ns_32ns_32_7_full_dsp_1   |        0|   2|  318|  198|    0|
    |fsub_32ns_32ns_32_7_full_dsp_1_U1086   |fsub_32ns_32ns_32_7_full_dsp_1   |        0|   2|  318|  198|    0|
    |fsub_32ns_32ns_32_7_full_dsp_1_U1087   |fsub_32ns_32ns_32_7_full_dsp_1   |        0|   2|  318|  198|    0|
    |fsub_32ns_32ns_32_7_full_dsp_1_U1088   |fsub_32ns_32ns_32_7_full_dsp_1   |        0|   2|  318|  198|    0|
    |fsub_32ns_32ns_32_7_full_dsp_1_U1089   |fsub_32ns_32ns_32_7_full_dsp_1   |        0|   2|  318|  198|    0|
    |fsub_32ns_32ns_32_7_full_dsp_1_U1090   |fsub_32ns_32ns_32_7_full_dsp_1   |        0|   2|  318|  198|    0|
    +---------------------------------------+---------------------------------+---------+----+-----+-----+-----+
    |Total                                  |                                 |        0| 288|20288|30272|    0|
    +---------------------------------------+---------------------------------+---------+----+-----+-----+-----+

    * DSP: 
    N/A

    * Memory: 
    +-----------+---------------------------+---------+----+----+-----+------+-----+------+-------------+
    |   Memory  |           Module          | BRAM_18K| FF | LUT| URAM| Words| Bits| Banks| W*Bits*Banks|
    +-----------+---------------------------+---------+----+----+-----+------+-----+------+-------------+
    |v125_U     |node10_v125_RAM_AUTO_1R1W  |        0|  32|  33|    0|    32|   32|     1|         1024|
    |v125_1_U   |node10_v125_RAM_AUTO_1R1W  |        0|  32|  33|    0|    32|   32|     1|         1024|
    |v125_2_U   |node10_v125_RAM_AUTO_1R1W  |        0|  32|  33|    0|    32|   32|     1|         1024|
    |v125_3_U   |node10_v125_RAM_AUTO_1R1W  |        0|  32|  33|    0|    32|   32|     1|         1024|
    |v125_4_U   |node10_v125_RAM_AUTO_1R1W  |        0|  32|  33|    0|    32|   32|     1|         1024|
    |v125_5_U   |node10_v125_RAM_AUTO_1R1W  |        0|  32|  33|    0|    32|   32|     1|         1024|
    |v125_6_U   |node10_v125_RAM_AUTO_1R1W  |        0|  32|  33|    0|    32|   32|     1|         1024|
    |v125_7_U   |node10_v125_RAM_AUTO_1R1W  |        0|  32|  33|    0|    32|   32|     1|         1024|
    |v125_8_U   |node10_v125_RAM_AUTO_1R1W  |        0|  32|  33|    0|    32|   32|     1|         1024|
    |v125_9_U   |node10_v125_RAM_AUTO_1R1W  |        0|  32|  33|    0|    32|   32|     1|         1024|
    |v125_10_U  |node10_v125_RAM_AUTO_1R1W  |        0|  32|  33|    0|    32|   32|     1|         1024|
    |v125_11_U  |node10_v125_RAM_AUTO_1R1W  |        0|  32|  33|    0|    32|   32|     1|         1024|
    |v125_12_U  |node10_v125_RAM_AUTO_1R1W  |        0|  32|  33|    0|    32|   32|     1|         1024|
    |v125_13_U  |node10_v125_RAM_AUTO_1R1W  |        0|  32|  33|    0|    32|   32|     1|         1024|
    +-----------+---------------------------+---------+----+----+-----+------+-----+------+-------------+
    |Total      |                           |        0| 448| 462|    0|   448|  448|    14|        14336|
    +-----------+---------------------------+---------+----+----+-----+------+-----+------+-------------+

    * FIFO: 
    N/A

    * Expression: 
    +------------------------------------+----------+----+---+----+------------+------------+
    |            Variable Name           | Operation| DSP| FF| LUT| Bitwidth P0| Bitwidth P1|
    +------------------------------------+----------+----+---+----+------------+------------+
    |add_ln384_1_fu_1728_p2              |         +|   0|  0|  18|          11|           1|
    |add_ln384_fu_1776_p2                |         +|   0|  0|  13|           6|           1|
    |v128_1_fu_1757_p2                   |         +|   0|  0|  13|           6|           1|
    |ap_condition_2508                   |       and|   0|  0|   2|           1|           1|
    |ap_condition_2510                   |       and|   0|  0|   2|           1|           1|
    |ap_predicate_op207_read_state2      |       and|   0|  0|   2|           1|           1|
    |icmp_ln384_fu_1722_p2               |      icmp|   0|  0|  19|          11|          12|
    |icmp_ln385_fu_1737_p2               |      icmp|   0|  0|  14|           6|           7|
    |icmp_ln392_fu_1751_p2               |      icmp|   0|  0|  13|           6|           1|
    |ap_block_pp0_stage0_01001           |        or|   0|  0|   2|           1|           1|
    |ap_block_state25_pp0_stage0_iter24  |        or|   0|  0|   2|           1|           1|
    |ap_block_state2_pp0_stage0_iter1    |        or|   0|  0|   2|           1|           1|
    |ap_block_state3_pp0_stage0_iter2    |        or|   0|  0|   2|           1|           1|
    |select_ln384_1_fu_1782_p3           |    select|   0|  0|   6|           1|           6|
    |select_ln384_fu_1743_p3             |    select|   0|  0|   6|           1|           1|
    |ap_enable_pp0                       |       xor|   0|  0|   2|           1|           2|
    +------------------------------------+----------+----+---+----+------------+------------+
    |Total                               |          |   0|  0| 118|          56|          39|
    +------------------------------------+----------+----+---+----+------------+------------+

    * Multiplexer: 
    +-----------------------------------------+----+-----------+-----+-----------+
    |                   Name                  | LUT| Input Size| Bits| Total Bits|
    +-----------------------------------------+----+-----------+-----+-----------+
    |ap_done_int                              |   9|          2|    1|          2|
    |ap_enable_reg_pp0_iter1                  |   9|          2|    1|          2|
    |ap_phi_reg_pp0_iter2_empty_159_reg_1248  |   9|          2|   32|         64|
    |ap_phi_reg_pp0_iter2_empty_160_reg_1258  |   9|          2|   32|         64|
    |ap_phi_reg_pp0_iter2_empty_161_reg_1268  |   9|          2|   32|         64|
    |ap_phi_reg_pp0_iter2_empty_162_reg_1278  |   9|          2|   32|         64|
    |ap_phi_reg_pp0_iter2_empty_163_reg_1288  |   9|          2|   32|         64|
    |ap_phi_reg_pp0_iter2_empty_164_reg_1298  |   9|          2|   32|         64|
    |ap_phi_reg_pp0_iter2_empty_165_reg_1308  |   9|          2|   32|         64|
    |ap_phi_reg_pp0_iter2_empty_166_reg_1318  |   9|          2|   32|         64|
    |ap_phi_reg_pp0_iter2_empty_167_reg_1328  |   9|          2|   32|         64|
    |ap_phi_reg_pp0_iter2_empty_168_reg_1338  |   9|          2|   32|         64|
    |ap_phi_reg_pp0_iter2_empty_169_reg_1348  |   9|          2|   32|         64|
    |ap_phi_reg_pp0_iter2_empty_170_reg_1358  |   9|          2|   32|         64|
    |ap_phi_reg_pp0_iter2_empty_171_reg_1368  |   9|          2|   32|         64|
    |ap_phi_reg_pp0_iter2_empty_172_reg_1378  |   9|          2|   32|         64|
    |ap_phi_reg_pp0_iter3_empty_159_reg_1248  |   9|          2|   32|         64|
    |ap_phi_reg_pp0_iter3_empty_160_reg_1258  |   9|          2|   32|         64|
    |ap_phi_reg_pp0_iter3_empty_161_reg_1268  |   9|          2|   32|         64|
    |ap_phi_reg_pp0_iter3_empty_162_reg_1278  |   9|          2|   32|         64|
    |ap_phi_reg_pp0_iter3_empty_163_reg_1288  |   9|          2|   32|         64|
    |ap_phi_reg_pp0_iter3_empty_164_reg_1298  |   9|          2|   32|         64|
    |ap_phi_reg_pp0_iter3_empty_165_reg_1308  |   9|          2|   32|         64|
    |ap_phi_reg_pp0_iter3_empty_166_reg_1318  |   9|          2|   32|         64|
    |ap_phi_reg_pp0_iter3_empty_167_reg_1328  |   9|          2|   32|         64|
    |ap_phi_reg_pp0_iter3_empty_168_reg_1338  |   9|          2|   32|         64|
    |ap_phi_reg_pp0_iter3_empty_169_reg_1348  |   9|          2|   32|         64|
    |ap_phi_reg_pp0_iter3_empty_170_reg_1358  |   9|          2|   32|         64|
    |ap_phi_reg_pp0_iter3_empty_171_reg_1368  |   9|          2|   32|         64|
    |ap_phi_reg_pp0_iter3_empty_172_reg_1378  |   9|          2|   32|         64|
    |ap_sig_allocacmp_indvar_flatten_load     |   9|          2|   11|         22|
    |ap_sig_allocacmp_v127_load               |   9|          2|    6|         12|
    |ap_sig_allocacmp_v128_load               |   9|          2|    6|         12|
    |indvar_flatten_fu_276                    |   9|          2|   11|         22|
    |real_start                               |   9|          2|    1|          2|
    |v127_fu_272                              |   9|          2|    6|         12|
    |v128_fu_268                              |   9|          2|    6|         12|
    |v346_0_0_0_blk_n                         |   9|          2|    1|          2|
    |v346_0_0_1_blk_n                         |   9|          2|    1|          2|
    |v346_0_1_0_blk_n                         |   9|          2|    1|          2|
    |v346_0_1_1_blk_n                         |   9|          2|    1|          2|
    |v346_1_0_0_blk_n                         |   9|          2|    1|          2|
    |v346_1_0_1_blk_n                         |   9|          2|    1|          2|
    |v346_1_1_0_blk_n                         |   9|          2|    1|          2|
    |v346_1_1_1_blk_n                         |   9|          2|    1|          2|
    |v346_2_0_0_blk_n                         |   9|          2|    1|          2|
    |v346_2_0_1_blk_n                         |   9|          2|    1|          2|
    |v346_2_1_0_blk_n                         |   9|          2|    1|          2|
    |v346_2_1_1_blk_n                         |   9|          2|    1|          2|
    |v346_3_0_0_blk_n                         |   9|          2|    1|          2|
    |v346_3_0_1_blk_n                         |   9|          2|    1|          2|
    |v346_3_1_0_blk_n                         |   9|          2|    1|          2|
    |v346_3_1_1_blk_n                         |   9|          2|    1|          2|
    |v346_4_0_0_blk_n                         |   9|          2|    1|          2|
    |v346_4_0_1_blk_n                         |   9|          2|    1|          2|
    |v346_4_1_0_blk_n                         |   9|          2|    1|          2|
    |v346_4_1_1_blk_n                         |   9|          2|    1|          2|
    |v346_5_0_0_blk_n                         |   9|          2|    1|          2|
    |v346_5_0_1_blk_n                         |   9|          2|    1|          2|
    |v346_5_1_0_blk_n                         |   9|          2|    1|          2|
    |v346_5_1_1_blk_n                         |   9|          2|    1|          2|
    |v346_6_0_0_blk_n                         |   9|          2|    1|          2|
    |v346_6_0_1_blk_n                         |   9|          2|    1|          2|
    |v346_6_1_0_blk_n                         |   9|          2|    1|          2|
    |v346_6_1_1_blk_n                         |   9|          2|    1|          2|
    |v346_7_0_0_blk_n                         |   9|          2|    1|          2|
    |v346_7_0_1_blk_n                         |   9|          2|    1|          2|
    |v346_7_1_0_blk_n                         |   9|          2|    1|          2|
    |v346_7_1_1_blk_n                         |   9|          2|    1|          2|
    |v347_0_0_0_blk_n                         |   9|          2|    1|          2|
    |v347_0_0_1_blk_n                         |   9|          2|    1|          2|
    |v347_0_1_0_blk_n                         |   9|          2|    1|          2|
    |v347_0_1_1_blk_n                         |   9|          2|    1|          2|
    |v347_1_0_0_blk_n                         |   9|          2|    1|          2|
    |v347_1_0_1_blk_n                         |   9|          2|    1|          2|
    |v347_1_1_0_blk_n                         |   9|          2|    1|          2|
    |v347_1_1_1_blk_n                         |   9|          2|    1|          2|
    |v347_2_0_0_blk_n                         |   9|          2|    1|          2|
    |v347_2_0_1_blk_n                         |   9|          2|    1|          2|
    |v347_2_1_0_blk_n                         |   9|          2|    1|          2|
    |v347_2_1_1_blk_n                         |   9|          2|    1|          2|
    |v347_3_0_0_blk_n                         |   9|          2|    1|          2|
    |v347_3_0_1_blk_n                         |   9|          2|    1|          2|
    |v347_3_1_0_blk_n                         |   9|          2|    1|          2|
    |v347_3_1_1_blk_n                         |   9|          2|    1|          2|
    |v347_4_0_0_blk_n                         |   9|          2|    1|          2|
    |v347_4_0_1_blk_n                         |   9|          2|    1|          2|
    |v347_4_1_0_blk_n                         |   9|          2|    1|          2|
    |v347_4_1_1_blk_n                         |   9|          2|    1|          2|
    |v347_5_0_0_blk_n                         |   9|          2|    1|          2|
    |v347_5_0_1_blk_n                         |   9|          2|    1|          2|
    |v347_5_1_0_blk_n                         |   9|          2|    1|          2|
    |v347_5_1_1_blk_n                         |   9|          2|    1|          2|
    |v347_6_0_0_blk_n                         |   9|          2|    1|          2|
    |v347_6_0_1_blk_n                         |   9|          2|    1|          2|
    |v347_6_1_0_blk_n                         |   9|          2|    1|          2|
    |v347_6_1_1_blk_n                         |   9|          2|    1|          2|
    |v347_7_0_0_blk_n                         |   9|          2|    1|          2|
    |v347_7_0_1_blk_n                         |   9|          2|    1|          2|
    |v347_7_1_0_blk_n                         |   9|          2|    1|          2|
    |v347_7_1_1_blk_n                         |   9|          2|    1|          2|
    |v348_0_0_blk_n                           |   9|          2|    1|          2|
    |v348_0_1_blk_n                           |   9|          2|    1|          2|
    |v348_1_0_blk_n                           |   9|          2|    1|          2|
    |v348_1_1_blk_n                           |   9|          2|    1|          2|
    |v348_2_0_blk_n                           |   9|          2|    1|          2|
    |v348_2_1_blk_n                           |   9|          2|    1|          2|
    |v348_3_0_blk_n                           |   9|          2|    1|          2|
    |v348_3_1_blk_n                           |   9|          2|    1|          2|
    |v348_4_0_blk_n                           |   9|          2|    1|          2|
    |v348_4_1_blk_n                           |   9|          2|    1|          2|
    |v348_5_0_blk_n                           |   9|          2|    1|          2|
    |v348_5_1_blk_n                           |   9|          2|    1|          2|
    |v348_6_0_blk_n                           |   9|          2|    1|          2|
    |v348_6_1_blk_n                           |   9|          2|    1|          2|
    |v348_7_0_blk_n                           |   9|          2|    1|          2|
    |v348_7_1_blk_n                           |   9|          2|    1|          2|
    |v349_0_0_0_blk_n                         |   9|          2|    1|          2|
    |v349_0_0_1_blk_n                         |   9|          2|    1|          2|
    |v349_0_1_0_blk_n                         |   9|          2|    1|          2|
    |v349_0_1_1_blk_n                         |   9|          2|    1|          2|
    |v349_1_0_0_blk_n                         |   9|          2|    1|          2|
    |v349_1_0_1_blk_n                         |   9|          2|    1|          2|
    |v349_1_1_0_blk_n                         |   9|          2|    1|          2|
    |v349_1_1_1_blk_n                         |   9|          2|    1|          2|
    |v349_2_0_0_blk_n                         |   9|          2|    1|          2|
    |v349_2_0_1_blk_n                         |   9|          2|    1|          2|
    |v349_2_1_0_blk_n                         |   9|          2|    1|          2|
    |v349_2_1_1_blk_n                         |   9|          2|    1|          2|
    |v349_3_0_0_blk_n                         |   9|          2|    1|          2|
    |v349_3_0_1_blk_n                         |   9|          2|    1|          2|
    |v349_3_1_0_blk_n                         |   9|          2|    1|          2|
    |v349_3_1_1_blk_n                         |   9|          2|    1|          2|
    |v349_4_0_0_blk_n                         |   9|          2|    1|          2|
    |v349_4_0_1_blk_n                         |   9|          2|    1|          2|
    |v349_4_1_0_blk_n                         |   9|          2|    1|          2|
    |v349_4_1_1_blk_n                         |   9|          2|    1|          2|
    |v349_5_0_0_blk_n                         |   9|          2|    1|          2|
    |v349_5_0_1_blk_n                         |   9|          2|    1|          2|
    |v349_5_1_0_blk_n                         |   9|          2|    1|          2|
    |v349_5_1_1_blk_n                         |   9|          2|    1|          2|
    |v349_6_0_0_blk_n                         |   9|          2|    1|          2|
    |v349_6_0_1_blk_n                         |   9|          2|    1|          2|
    |v349_6_1_0_blk_n                         |   9|          2|    1|          2|
    |v349_6_1_1_blk_n                         |   9|          2|    1|          2|
    |v349_7_0_0_blk_n                         |   9|          2|    1|          2|
    |v349_7_0_1_blk_n                         |   9|          2|    1|          2|
    |v349_7_1_0_blk_n                         |   9|          2|    1|          2|
    |v349_7_1_1_blk_n                         |   9|          2|    1|          2|
    +-----------------------------------------+----+-----------+-----+-----------+
    |Total                                    |1341|        298| 1057|       2114|
    +-----------------------------------------+----+-----------+-----+-----------+

    * Register: 
    +-----------------------------------------+----+----+-----+-----------+
    |                   Name                  | FF | LUT| Bits| Const Bits|
    +-----------------------------------------+----+----+-----+-----------+
    |ap_CS_fsm                                |   1|   0|    1|          0|
    |ap_done_reg                              |   1|   0|    1|          0|
    |ap_enable_reg_pp0_iter1                  |   1|   0|    1|          0|
    |ap_enable_reg_pp0_iter10                 |   1|   0|    1|          0|
    |ap_enable_reg_pp0_iter11                 |   1|   0|    1|          0|
    |ap_enable_reg_pp0_iter12                 |   1|   0|    1|          0|
    |ap_enable_reg_pp0_iter13                 |   1|   0|    1|          0|
    |ap_enable_reg_pp0_iter14                 |   1|   0|    1|          0|
    |ap_enable_reg_pp0_iter15                 |   1|   0|    1|          0|
    |ap_enable_reg_pp0_iter16                 |   1|   0|    1|          0|
    |ap_enable_reg_pp0_iter17                 |   1|   0|    1|          0|
    |ap_enable_reg_pp0_iter18                 |   1|   0|    1|          0|
    |ap_enable_reg_pp0_iter19                 |   1|   0|    1|          0|
    |ap_enable_reg_pp0_iter2                  |   1|   0|    1|          0|
    |ap_enable_reg_pp0_iter20                 |   1|   0|    1|          0|
    |ap_enable_reg_pp0_iter21                 |   1|   0|    1|          0|
    |ap_enable_reg_pp0_iter22                 |   1|   0|    1|          0|
    |ap_enable_reg_pp0_iter23                 |   1|   0|    1|          0|
    |ap_enable_reg_pp0_iter24                 |   1|   0|    1|          0|
    |ap_enable_reg_pp0_iter3                  |   1|   0|    1|          0|
    |ap_enable_reg_pp0_iter4                  |   1|   0|    1|          0|
    |ap_enable_reg_pp0_iter5                  |   1|   0|    1|          0|
    |ap_enable_reg_pp0_iter6                  |   1|   0|    1|          0|
    |ap_enable_reg_pp0_iter7                  |   1|   0|    1|          0|
    |ap_enable_reg_pp0_iter8                  |   1|   0|    1|          0|
    |ap_enable_reg_pp0_iter9                  |   1|   0|    1|          0|
    |ap_loop_exit_ready_pp0_iter10_reg        |   1|   0|    1|          0|
    |ap_loop_exit_ready_pp0_iter11_reg        |   1|   0|    1|          0|
    |ap_loop_exit_ready_pp0_iter12_reg        |   1|   0|    1|          0|
    |ap_loop_exit_ready_pp0_iter13_reg        |   1|   0|    1|          0|
    |ap_loop_exit_ready_pp0_iter14_reg        |   1|   0|    1|          0|
    |ap_loop_exit_ready_pp0_iter15_reg        |   1|   0|    1|          0|
    |ap_loop_exit_ready_pp0_iter16_reg        |   1|   0|    1|          0|
    |ap_loop_exit_ready_pp0_iter17_reg        |   1|   0|    1|          0|
    |ap_loop_exit_ready_pp0_iter18_reg        |   1|   0|    1|          0|
    |ap_loop_exit_ready_pp0_iter19_reg        |   1|   0|    1|          0|
    |ap_loop_exit_ready_pp0_iter1_reg         |   1|   0|    1|          0|
    |ap_loop_exit_ready_pp0_iter20_reg        |   1|   0|    1|          0|
    |ap_loop_exit_ready_pp0_iter21_reg        |   1|   0|    1|          0|
    |ap_loop_exit_ready_pp0_iter22_reg        |   1|   0|    1|          0|
    |ap_loop_exit_ready_pp0_iter23_reg        |   1|   0|    1|          0|
    |ap_loop_exit_ready_pp0_iter2_reg         |   1|   0|    1|          0|
    |ap_loop_exit_ready_pp0_iter3_reg         |   1|   0|    1|          0|
    |ap_loop_exit_ready_pp0_iter4_reg         |   1|   0|    1|          0|
    |ap_loop_exit_ready_pp0_iter5_reg         |   1|   0|    1|          0|
    |ap_loop_exit_ready_pp0_iter6_reg         |   1|   0|    1|          0|
    |ap_loop_exit_ready_pp0_iter7_reg         |   1|   0|    1|          0|
    |ap_loop_exit_ready_pp0_iter8_reg         |   1|   0|    1|          0|
    |ap_loop_exit_ready_pp0_iter9_reg         |   1|   0|    1|          0|
    |ap_loop_init_pp0_iter1_reg               |   1|   0|    1|          0|
    |ap_phi_reg_pp0_iter1_empty_159_reg_1248  |  32|   0|   32|          0|
    |ap_phi_reg_pp0_iter1_empty_160_reg_1258  |  32|   0|   32|          0|
    |ap_phi_reg_pp0_iter1_empty_161_reg_1268  |  32|   0|   32|          0|
    |ap_phi_reg_pp0_iter1_empty_162_reg_1278  |  32|   0|   32|          0|
    |ap_phi_reg_pp0_iter1_empty_163_reg_1288  |  32|   0|   32|          0|
    |ap_phi_reg_pp0_iter1_empty_164_reg_1298  |  32|   0|   32|          0|
    |ap_phi_reg_pp0_iter1_empty_165_reg_1308  |  32|   0|   32|          0|
    |ap_phi_reg_pp0_iter1_empty_166_reg_1318  |  32|   0|   32|          0|
    |ap_phi_reg_pp0_iter1_empty_167_reg_1328  |  32|   0|   32|          0|
    |ap_phi_reg_pp0_iter1_empty_168_reg_1338  |  32|   0|   32|          0|
    |ap_phi_reg_pp0_iter1_empty_169_reg_1348  |  32|   0|   32|          0|
    |ap_phi_reg_pp0_iter1_empty_170_reg_1358  |  32|   0|   32|          0|
    |ap_phi_reg_pp0_iter1_empty_171_reg_1368  |  32|   0|   32|          0|
    |ap_phi_reg_pp0_iter1_empty_172_reg_1378  |  32|   0|   32|          0|
    |ap_phi_reg_pp0_iter2_empty_159_reg_1248  |  32|   0|   32|          0|
    |ap_phi_reg_pp0_iter2_empty_160_reg_1258  |  32|   0|   32|          0|
    |ap_phi_reg_pp0_iter2_empty_161_reg_1268  |  32|   0|   32|          0|
    |ap_phi_reg_pp0_iter2_empty_162_reg_1278  |  32|   0|   32|          0|
    |ap_phi_reg_pp0_iter2_empty_163_reg_1288  |  32|   0|   32|          0|
    |ap_phi_reg_pp0_iter2_empty_164_reg_1298  |  32|   0|   32|          0|
    |ap_phi_reg_pp0_iter2_empty_165_reg_1308  |  32|   0|   32|          0|
    |ap_phi_reg_pp0_iter2_empty_166_reg_1318  |  32|   0|   32|          0|
    |ap_phi_reg_pp0_iter2_empty_167_reg_1328  |  32|   0|   32|          0|
    |ap_phi_reg_pp0_iter2_empty_168_reg_1338  |  32|   0|   32|          0|
    |ap_phi_reg_pp0_iter2_empty_169_reg_1348  |  32|   0|   32|          0|
    |ap_phi_reg_pp0_iter2_empty_170_reg_1358  |  32|   0|   32|          0|
    |ap_phi_reg_pp0_iter2_empty_171_reg_1368  |  32|   0|   32|          0|
    |ap_phi_reg_pp0_iter2_empty_172_reg_1378  |  32|   0|   32|          0|
    |ap_phi_reg_pp0_iter3_empty_159_reg_1248  |  32|   0|   32|          0|
    |ap_phi_reg_pp0_iter3_empty_160_reg_1258  |  32|   0|   32|          0|
    |ap_phi_reg_pp0_iter3_empty_161_reg_1268  |  32|   0|   32|          0|
    |ap_phi_reg_pp0_iter3_empty_162_reg_1278  |  32|   0|   32|          0|
    |ap_phi_reg_pp0_iter3_empty_163_reg_1288  |  32|   0|   32|          0|
    |ap_phi_reg_pp0_iter3_empty_164_reg_1298  |  32|   0|   32|          0|
    |ap_phi_reg_pp0_iter3_empty_165_reg_1308  |  32|   0|   32|          0|
    |ap_phi_reg_pp0_iter3_empty_166_reg_1318  |  32|   0|   32|          0|
    |ap_phi_reg_pp0_iter3_empty_167_reg_1328  |  32|   0|   32|          0|
    |ap_phi_reg_pp0_iter3_empty_168_reg_1338  |  32|   0|   32|          0|
    |ap_phi_reg_pp0_iter3_empty_169_reg_1348  |  32|   0|   32|          0|
    |ap_phi_reg_pp0_iter3_empty_170_reg_1358  |  32|   0|   32|          0|
    |ap_phi_reg_pp0_iter3_empty_171_reg_1368  |  32|   0|   32|          0|
    |ap_phi_reg_pp0_iter3_empty_172_reg_1378  |  32|   0|   32|          0|
    |empty_158_fu_284                         |  32|   0|   32|          0|
    |empty_fu_280                             |  32|   0|   32|          0|
    |icmp_ln384_reg_2227                      |   1|   0|    1|          0|
    |icmp_ln385_reg_2231                      |   1|   0|    1|          0|
    |icmp_ln392_reg_2236                      |   1|   0|    1|          0|
    |indvar_flatten_fu_276                    |  11|   0|   11|          0|
    |start_once_reg                           |   1|   0|    1|          0|
    |v127_fu_272                              |   6|   0|    6|          0|
    |v128_fu_268                              |   6|   0|    6|          0|
    |v132_10_reg_2430                         |  32|   0|   32|          0|
    |v132_11_reg_2435                         |  32|   0|   32|          0|
    |v132_12_reg_2440                         |  32|   0|   32|          0|
    |v132_13_reg_2445                         |  32|   0|   32|          0|
    |v132_14_reg_2450                         |  32|   0|   32|          0|
    |v132_15_reg_2455                         |  32|   0|   32|          0|
    |v132_16_reg_2460                         |  32|   0|   32|          0|
    |v132_17_reg_2465                         |  32|   0|   32|          0|
    |v132_18_reg_2470                         |  32|   0|   32|          0|
    |v132_19_reg_2475                         |  32|   0|   32|          0|
    |v132_1_reg_2385                          |  32|   0|   32|          0|
    |v132_20_reg_2480                         |  32|   0|   32|          0|
    |v132_21_reg_2485                         |  32|   0|   32|          0|
    |v132_22_reg_2490                         |  32|   0|   32|          0|
    |v132_23_reg_2495                         |  32|   0|   32|          0|
    |v132_24_reg_2500                         |  32|   0|   32|          0|
    |v132_25_reg_2505                         |  32|   0|   32|          0|
    |v132_26_reg_2510                         |  32|   0|   32|          0|
    |v132_27_reg_2515                         |  32|   0|   32|          0|
    |v132_28_reg_2520                         |  32|   0|   32|          0|
    |v132_29_reg_2525                         |  32|   0|   32|          0|
    |v132_2_reg_2390                          |  32|   0|   32|          0|
    |v132_30_reg_2530                         |  32|   0|   32|          0|
    |v132_3_reg_2395                          |  32|   0|   32|          0|
    |v132_4_reg_2400                          |  32|   0|   32|          0|
    |v132_5_reg_2405                          |  32|   0|   32|          0|
    |v132_6_reg_2410                          |  32|   0|   32|          0|
    |v132_7_reg_2415                          |  32|   0|   32|          0|
    |v132_8_reg_2420                          |  32|   0|   32|          0|
    |v132_9_reg_2425                          |  32|   0|   32|          0|
    |v132_reg_2380                            |  32|   0|   32|          0|
    |v134_14_reg_2605                         |  32|   0|   32|          0|
    |v134_21_reg_2611                         |  32|   0|   32|          0|
    |v135_10_reg_2682                         |  32|   0|   32|          0|
    |v135_11_reg_2687                         |  32|   0|   32|          0|
    |v135_12_reg_2692                         |  32|   0|   32|          0|
    |v135_13_reg_2697                         |  32|   0|   32|          0|
    |v135_14_reg_2702                         |  32|   0|   32|          0|
    |v135_15_reg_2707                         |  32|   0|   32|          0|
    |v135_16_reg_2712                         |  32|   0|   32|          0|
    |v135_17_reg_2717                         |  32|   0|   32|          0|
    |v135_18_reg_2722                         |  32|   0|   32|          0|
    |v135_19_reg_2727                         |  32|   0|   32|          0|
    |v135_1_reg_2632                          |  32|   0|   32|          0|
    |v135_20_reg_2732                         |  32|   0|   32|          0|
    |v135_21_reg_2737                         |  32|   0|   32|          0|
    |v135_22_reg_2742                         |  32|   0|   32|          0|
    |v135_23_reg_2747                         |  32|   0|   32|          0|
    |v135_24_reg_2752                         |  32|   0|   32|          0|
    |v135_25_reg_2757                         |  32|   0|   32|          0|
    |v135_26_reg_2762                         |  32|   0|   32|          0|
    |v135_27_reg_2767                         |  32|   0|   32|          0|
    |v135_28_reg_2772                         |  32|   0|   32|          0|
    |v135_29_reg_2777                         |  32|   0|   32|          0|
    |v135_2_reg_2637                          |  32|   0|   32|          0|
    |v135_30_reg_2677                         |  32|   0|   32|          0|
    |v135_32_reg_2627                         |  32|   0|   32|          0|
    |v135_3_reg_2642                          |  32|   0|   32|          0|
    |v135_4_reg_2647                          |  32|   0|   32|          0|
    |v135_5_reg_2652                          |  32|   0|   32|          0|
    |v135_6_reg_2657                          |  32|   0|   32|          0|
    |v135_7_reg_2662                          |  32|   0|   32|          0|
    |v135_8_reg_2667                          |  32|   0|   32|          0|
    |v135_9_reg_2672                          |  32|   0|   32|          0|
    |v135_reg_2782                            |  32|   0|   32|          0|
    |v136_10_reg_2842                         |  32|   0|   32|          0|
    |v136_11_reg_2847                         |  32|   0|   32|          0|
    |v136_12_reg_2852                         |  32|   0|   32|          0|
    |v136_13_reg_2857                         |  32|   0|   32|          0|
    |v136_14_reg_2862                         |  32|   0|   32|          0|
    |v136_15_reg_2867                         |  32|   0|   32|          0|
    |v136_16_reg_2872                         |  32|   0|   32|          0|
    |v136_17_reg_2877                         |  32|   0|   32|          0|
    |v136_18_reg_2882                         |  32|   0|   32|          0|
    |v136_19_reg_2887                         |  32|   0|   32|          0|
    |v136_1_reg_2792                          |  32|   0|   32|          0|
    |v136_20_reg_2892                         |  32|   0|   32|          0|
    |v136_21_reg_2897                         |  32|   0|   32|          0|
    |v136_22_reg_2902                         |  32|   0|   32|          0|
    |v136_23_reg_2907                         |  32|   0|   32|          0|
    |v136_24_reg_2912                         |  32|   0|   32|          0|
    |v136_25_reg_2917                         |  32|   0|   32|          0|
    |v136_26_reg_2922                         |  32|   0|   32|          0|
    |v136_27_reg_2927                         |  32|   0|   32|          0|
    |v136_28_reg_2932                         |  32|   0|   32|          0|
    |v136_29_reg_2837                         |  32|   0|   32|          0|
    |v136_2_reg_2797                          |  32|   0|   32|          0|
    |v136_30_reg_2942                         |  32|   0|   32|          0|
    |v136_32_reg_2787                         |  32|   0|   32|          0|
    |v136_3_reg_2802                          |  32|   0|   32|          0|
    |v136_4_reg_2807                          |  32|   0|   32|          0|
    |v136_5_reg_2812                          |  32|   0|   32|          0|
    |v136_6_reg_2817                          |  32|   0|   32|          0|
    |v136_7_reg_2822                          |  32|   0|   32|          0|
    |v136_8_reg_2827                          |  32|   0|   32|          0|
    |v136_9_reg_2832                          |  32|   0|   32|          0|
    |v136_reg_2937                            |  32|   0|   32|          0|
    |v349_7_1_1_read_reg_2617                 |  32|   0|   32|          0|
    |icmp_ln384_reg_2227                      |  64|  32|    1|          0|
    |icmp_ln392_reg_2236                      |  64|  32|    1|          0|
    +-----------------------------------------+----+----+-----+-----------+
    |Total                                    |4749|  64| 4623|          0|
    +-----------------------------------------+----+----+-----+-----------+



================================================================
== Interface
================================================================
* Summary: 
+---------------------------+-----+-----+------------+--------------+--------------+
|         RTL Ports         | Dir | Bits|  Protocol  | Source Object|    C Type    |
+---------------------------+-----+-----+------------+--------------+--------------+
|ap_clk                     |   in|    1|  ap_ctrl_hs|        node10|  return value|
|ap_rst                     |   in|    1|  ap_ctrl_hs|        node10|  return value|
|ap_start                   |   in|    1|  ap_ctrl_hs|        node10|  return value|
|start_full_n               |   in|    1|  ap_ctrl_hs|        node10|  return value|
|ap_done                    |  out|    1|  ap_ctrl_hs|        node10|  return value|
|ap_continue                |   in|    1|  ap_ctrl_hs|        node10|  return value|
|ap_idle                    |  out|    1|  ap_ctrl_hs|        node10|  return value|
|ap_ready                   |  out|    1|  ap_ctrl_hs|        node10|  return value|
|start_out                  |  out|    1|  ap_ctrl_hs|        node10|  return value|
|start_write                |  out|    1|  ap_ctrl_hs|        node10|  return value|
|v348_0_0_dout              |   in|   32|     ap_fifo|      v348_0_0|       pointer|
|v348_0_0_num_data_valid    |   in|    6|     ap_fifo|      v348_0_0|       pointer|
|v348_0_0_fifo_cap          |   in|    6|     ap_fifo|      v348_0_0|       pointer|
|v348_0_0_empty_n           |   in|    1|     ap_fifo|      v348_0_0|       pointer|
|v348_0_0_read              |  out|    1|     ap_fifo|      v348_0_0|       pointer|
|v348_0_1_dout              |   in|   32|     ap_fifo|      v348_0_1|       pointer|
|v348_0_1_num_data_valid    |   in|    6|     ap_fifo|      v348_0_1|       pointer|
|v348_0_1_fifo_cap          |   in|    6|     ap_fifo|      v348_0_1|       pointer|
|v348_0_1_empty_n           |   in|    1|     ap_fifo|      v348_0_1|       pointer|
|v348_0_1_read              |  out|    1|     ap_fifo|      v348_0_1|       pointer|
|v348_1_0_dout              |   in|   32|     ap_fifo|      v348_1_0|       pointer|
|v348_1_0_num_data_valid    |   in|    6|     ap_fifo|      v348_1_0|       pointer|
|v348_1_0_fifo_cap          |   in|    6|     ap_fifo|      v348_1_0|       pointer|
|v348_1_0_empty_n           |   in|    1|     ap_fifo|      v348_1_0|       pointer|
|v348_1_0_read              |  out|    1|     ap_fifo|      v348_1_0|       pointer|
|v348_1_1_dout              |   in|   32|     ap_fifo|      v348_1_1|       pointer|
|v348_1_1_num_data_valid    |   in|    6|     ap_fifo|      v348_1_1|       pointer|
|v348_1_1_fifo_cap          |   in|    6|     ap_fifo|      v348_1_1|       pointer|
|v348_1_1_empty_n           |   in|    1|     ap_fifo|      v348_1_1|       pointer|
|v348_1_1_read              |  out|    1|     ap_fifo|      v348_1_1|       pointer|
|v348_2_0_dout              |   in|   32|     ap_fifo|      v348_2_0|       pointer|
|v348_2_0_num_data_valid    |   in|    6|     ap_fifo|      v348_2_0|       pointer|
|v348_2_0_fifo_cap          |   in|    6|     ap_fifo|      v348_2_0|       pointer|
|v348_2_0_empty_n           |   in|    1|     ap_fifo|      v348_2_0|       pointer|
|v348_2_0_read              |  out|    1|     ap_fifo|      v348_2_0|       pointer|
|v348_2_1_dout              |   in|   32|     ap_fifo|      v348_2_1|       pointer|
|v348_2_1_num_data_valid    |   in|    6|     ap_fifo|      v348_2_1|       pointer|
|v348_2_1_fifo_cap          |   in|    6|     ap_fifo|      v348_2_1|       pointer|
|v348_2_1_empty_n           |   in|    1|     ap_fifo|      v348_2_1|       pointer|
|v348_2_1_read              |  out|    1|     ap_fifo|      v348_2_1|       pointer|
|v348_3_0_dout              |   in|   32|     ap_fifo|      v348_3_0|       pointer|
|v348_3_0_num_data_valid    |   in|    6|     ap_fifo|      v348_3_0|       pointer|
|v348_3_0_fifo_cap          |   in|    6|     ap_fifo|      v348_3_0|       pointer|
|v348_3_0_empty_n           |   in|    1|     ap_fifo|      v348_3_0|       pointer|
|v348_3_0_read              |  out|    1|     ap_fifo|      v348_3_0|       pointer|
|v348_3_1_dout              |   in|   32|     ap_fifo|      v348_3_1|       pointer|
|v348_3_1_num_data_valid    |   in|    6|     ap_fifo|      v348_3_1|       pointer|
|v348_3_1_fifo_cap          |   in|    6|     ap_fifo|      v348_3_1|       pointer|
|v348_3_1_empty_n           |   in|    1|     ap_fifo|      v348_3_1|       pointer|
|v348_3_1_read              |  out|    1|     ap_fifo|      v348_3_1|       pointer|
|v348_4_0_dout              |   in|   32|     ap_fifo|      v348_4_0|       pointer|
|v348_4_0_num_data_valid    |   in|    6|     ap_fifo|      v348_4_0|       pointer|
|v348_4_0_fifo_cap          |   in|    6|     ap_fifo|      v348_4_0|       pointer|
|v348_4_0_empty_n           |   in|    1|     ap_fifo|      v348_4_0|       pointer|
|v348_4_0_read              |  out|    1|     ap_fifo|      v348_4_0|       pointer|
|v348_4_1_dout              |   in|   32|     ap_fifo|      v348_4_1|       pointer|
|v348_4_1_num_data_valid    |   in|    6|     ap_fifo|      v348_4_1|       pointer|
|v348_4_1_fifo_cap          |   in|    6|     ap_fifo|      v348_4_1|       pointer|
|v348_4_1_empty_n           |   in|    1|     ap_fifo|      v348_4_1|       pointer|
|v348_4_1_read              |  out|    1|     ap_fifo|      v348_4_1|       pointer|
|v348_5_0_dout              |   in|   32|     ap_fifo|      v348_5_0|       pointer|
|v348_5_0_num_data_valid    |   in|    6|     ap_fifo|      v348_5_0|       pointer|
|v348_5_0_fifo_cap          |   in|    6|     ap_fifo|      v348_5_0|       pointer|
|v348_5_0_empty_n           |   in|    1|     ap_fifo|      v348_5_0|       pointer|
|v348_5_0_read              |  out|    1|     ap_fifo|      v348_5_0|       pointer|
|v348_5_1_dout              |   in|   32|     ap_fifo|      v348_5_1|       pointer|
|v348_5_1_num_data_valid    |   in|    6|     ap_fifo|      v348_5_1|       pointer|
|v348_5_1_fifo_cap          |   in|    6|     ap_fifo|      v348_5_1|       pointer|
|v348_5_1_empty_n           |   in|    1|     ap_fifo|      v348_5_1|       pointer|
|v348_5_1_read              |  out|    1|     ap_fifo|      v348_5_1|       pointer|
|v348_6_0_dout              |   in|   32|     ap_fifo|      v348_6_0|       pointer|
|v348_6_0_num_data_valid    |   in|    6|     ap_fifo|      v348_6_0|       pointer|
|v348_6_0_fifo_cap          |   in|    6|     ap_fifo|      v348_6_0|       pointer|
|v348_6_0_empty_n           |   in|    1|     ap_fifo|      v348_6_0|       pointer|
|v348_6_0_read              |  out|    1|     ap_fifo|      v348_6_0|       pointer|
|v348_6_1_dout              |   in|   32|     ap_fifo|      v348_6_1|       pointer|
|v348_6_1_num_data_valid    |   in|    6|     ap_fifo|      v348_6_1|       pointer|
|v348_6_1_fifo_cap          |   in|    6|     ap_fifo|      v348_6_1|       pointer|
|v348_6_1_empty_n           |   in|    1|     ap_fifo|      v348_6_1|       pointer|
|v348_6_1_read              |  out|    1|     ap_fifo|      v348_6_1|       pointer|
|v348_7_0_dout              |   in|   32|     ap_fifo|      v348_7_0|       pointer|
|v348_7_0_num_data_valid    |   in|    6|     ap_fifo|      v348_7_0|       pointer|
|v348_7_0_fifo_cap          |   in|    6|     ap_fifo|      v348_7_0|       pointer|
|v348_7_0_empty_n           |   in|    1|     ap_fifo|      v348_7_0|       pointer|
|v348_7_0_read              |  out|    1|     ap_fifo|      v348_7_0|       pointer|
|v348_7_1_dout              |   in|   32|     ap_fifo|      v348_7_1|       pointer|
|v348_7_1_num_data_valid    |   in|    6|     ap_fifo|      v348_7_1|       pointer|
|v348_7_1_fifo_cap          |   in|    6|     ap_fifo|      v348_7_1|       pointer|
|v348_7_1_empty_n           |   in|    1|     ap_fifo|      v348_7_1|       pointer|
|v348_7_1_read              |  out|    1|     ap_fifo|      v348_7_1|       pointer|
|v349_0_0_0_dout            |   in|   32|     ap_fifo|    v349_0_0_0|       pointer|
|v349_0_0_0_num_data_valid  |   in|   11|     ap_fifo|    v349_0_0_0|       pointer|
|v349_0_0_0_fifo_cap        |   in|   11|     ap_fifo|    v349_0_0_0|       pointer|
|v349_0_0_0_empty_n         |   in|    1|     ap_fifo|    v349_0_0_0|       pointer|
|v349_0_0_0_read            |  out|    1|     ap_fifo|    v349_0_0_0|       pointer|
|v349_0_0_1_dout            |   in|   32|     ap_fifo|    v349_0_0_1|       pointer|
|v349_0_0_1_num_data_valid  |   in|   11|     ap_fifo|    v349_0_0_1|       pointer|
|v349_0_0_1_fifo_cap        |   in|   11|     ap_fifo|    v349_0_0_1|       pointer|
|v349_0_0_1_empty_n         |   in|    1|     ap_fifo|    v349_0_0_1|       pointer|
|v349_0_0_1_read            |  out|    1|     ap_fifo|    v349_0_0_1|       pointer|
|v349_0_1_0_dout            |   in|   32|     ap_fifo|    v349_0_1_0|       pointer|
|v349_0_1_0_num_data_valid  |   in|   11|     ap_fifo|    v349_0_1_0|       pointer|
|v349_0_1_0_fifo_cap        |   in|   11|     ap_fifo|    v349_0_1_0|       pointer|
|v349_0_1_0_empty_n         |   in|    1|     ap_fifo|    v349_0_1_0|       pointer|
|v349_0_1_0_read            |  out|    1|     ap_fifo|    v349_0_1_0|       pointer|
|v349_0_1_1_dout            |   in|   32|     ap_fifo|    v349_0_1_1|       pointer|
|v349_0_1_1_num_data_valid  |   in|   11|     ap_fifo|    v349_0_1_1|       pointer|
|v349_0_1_1_fifo_cap        |   in|   11|     ap_fifo|    v349_0_1_1|       pointer|
|v349_0_1_1_empty_n         |   in|    1|     ap_fifo|    v349_0_1_1|       pointer|
|v349_0_1_1_read            |  out|    1|     ap_fifo|    v349_0_1_1|       pointer|
|v349_1_0_0_dout            |   in|   32|     ap_fifo|    v349_1_0_0|       pointer|
|v349_1_0_0_num_data_valid  |   in|   11|     ap_fifo|    v349_1_0_0|       pointer|
|v349_1_0_0_fifo_cap        |   in|   11|     ap_fifo|    v349_1_0_0|       pointer|
|v349_1_0_0_empty_n         |   in|    1|     ap_fifo|    v349_1_0_0|       pointer|
|v349_1_0_0_read            |  out|    1|     ap_fifo|    v349_1_0_0|       pointer|
|v349_1_0_1_dout            |   in|   32|     ap_fifo|    v349_1_0_1|       pointer|
|v349_1_0_1_num_data_valid  |   in|   11|     ap_fifo|    v349_1_0_1|       pointer|
|v349_1_0_1_fifo_cap        |   in|   11|     ap_fifo|    v349_1_0_1|       pointer|
|v349_1_0_1_empty_n         |   in|    1|     ap_fifo|    v349_1_0_1|       pointer|
|v349_1_0_1_read            |  out|    1|     ap_fifo|    v349_1_0_1|       pointer|
|v349_1_1_0_dout            |   in|   32|     ap_fifo|    v349_1_1_0|       pointer|
|v349_1_1_0_num_data_valid  |   in|   11|     ap_fifo|    v349_1_1_0|       pointer|
|v349_1_1_0_fifo_cap        |   in|   11|     ap_fifo|    v349_1_1_0|       pointer|
|v349_1_1_0_empty_n         |   in|    1|     ap_fifo|    v349_1_1_0|       pointer|
|v349_1_1_0_read            |  out|    1|     ap_fifo|    v349_1_1_0|       pointer|
|v349_1_1_1_dout            |   in|   32|     ap_fifo|    v349_1_1_1|       pointer|
|v349_1_1_1_num_data_valid  |   in|   11|     ap_fifo|    v349_1_1_1|       pointer|
|v349_1_1_1_fifo_cap        |   in|   11|     ap_fifo|    v349_1_1_1|       pointer|
|v349_1_1_1_empty_n         |   in|    1|     ap_fifo|    v349_1_1_1|       pointer|
|v349_1_1_1_read            |  out|    1|     ap_fifo|    v349_1_1_1|       pointer|
|v349_2_0_0_dout            |   in|   32|     ap_fifo|    v349_2_0_0|       pointer|
|v349_2_0_0_num_data_valid  |   in|   11|     ap_fifo|    v349_2_0_0|       pointer|
|v349_2_0_0_fifo_cap        |   in|   11|     ap_fifo|    v349_2_0_0|       pointer|
|v349_2_0_0_empty_n         |   in|    1|     ap_fifo|    v349_2_0_0|       pointer|
|v349_2_0_0_read            |  out|    1|     ap_fifo|    v349_2_0_0|       pointer|
|v349_2_0_1_dout            |   in|   32|     ap_fifo|    v349_2_0_1|       pointer|
|v349_2_0_1_num_data_valid  |   in|   11|     ap_fifo|    v349_2_0_1|       pointer|
|v349_2_0_1_fifo_cap        |   in|   11|     ap_fifo|    v349_2_0_1|       pointer|
|v349_2_0_1_empty_n         |   in|    1|     ap_fifo|    v349_2_0_1|       pointer|
|v349_2_0_1_read            |  out|    1|     ap_fifo|    v349_2_0_1|       pointer|
|v349_2_1_0_dout            |   in|   32|     ap_fifo|    v349_2_1_0|       pointer|
|v349_2_1_0_num_data_valid  |   in|   11|     ap_fifo|    v349_2_1_0|       pointer|
|v349_2_1_0_fifo_cap        |   in|   11|     ap_fifo|    v349_2_1_0|       pointer|
|v349_2_1_0_empty_n         |   in|    1|     ap_fifo|    v349_2_1_0|       pointer|
|v349_2_1_0_read            |  out|    1|     ap_fifo|    v349_2_1_0|       pointer|
|v349_2_1_1_dout            |   in|   32|     ap_fifo|    v349_2_1_1|       pointer|
|v349_2_1_1_num_data_valid  |   in|   11|     ap_fifo|    v349_2_1_1|       pointer|
|v349_2_1_1_fifo_cap        |   in|   11|     ap_fifo|    v349_2_1_1|       pointer|
|v349_2_1_1_empty_n         |   in|    1|     ap_fifo|    v349_2_1_1|       pointer|
|v349_2_1_1_read            |  out|    1|     ap_fifo|    v349_2_1_1|       pointer|
|v349_3_0_0_dout            |   in|   32|     ap_fifo|    v349_3_0_0|       pointer|
|v349_3_0_0_num_data_valid  |   in|   11|     ap_fifo|    v349_3_0_0|       pointer|
|v349_3_0_0_fifo_cap        |   in|   11|     ap_fifo|    v349_3_0_0|       pointer|
|v349_3_0_0_empty_n         |   in|    1|     ap_fifo|    v349_3_0_0|       pointer|
|v349_3_0_0_read            |  out|    1|     ap_fifo|    v349_3_0_0|       pointer|
|v349_3_0_1_dout            |   in|   32|     ap_fifo|    v349_3_0_1|       pointer|
|v349_3_0_1_num_data_valid  |   in|   11|     ap_fifo|    v349_3_0_1|       pointer|
|v349_3_0_1_fifo_cap        |   in|   11|     ap_fifo|    v349_3_0_1|       pointer|
|v349_3_0_1_empty_n         |   in|    1|     ap_fifo|    v349_3_0_1|       pointer|
|v349_3_0_1_read            |  out|    1|     ap_fifo|    v349_3_0_1|       pointer|
|v349_3_1_0_dout            |   in|   32|     ap_fifo|    v349_3_1_0|       pointer|
|v349_3_1_0_num_data_valid  |   in|   11|     ap_fifo|    v349_3_1_0|       pointer|
|v349_3_1_0_fifo_cap        |   in|   11|     ap_fifo|    v349_3_1_0|       pointer|
|v349_3_1_0_empty_n         |   in|    1|     ap_fifo|    v349_3_1_0|       pointer|
|v349_3_1_0_read            |  out|    1|     ap_fifo|    v349_3_1_0|       pointer|
|v349_3_1_1_dout            |   in|   32|     ap_fifo|    v349_3_1_1|       pointer|
|v349_3_1_1_num_data_valid  |   in|   11|     ap_fifo|    v349_3_1_1|       pointer|
|v349_3_1_1_fifo_cap        |   in|   11|     ap_fifo|    v349_3_1_1|       pointer|
|v349_3_1_1_empty_n         |   in|    1|     ap_fifo|    v349_3_1_1|       pointer|
|v349_3_1_1_read            |  out|    1|     ap_fifo|    v349_3_1_1|       pointer|
|v349_4_0_0_dout            |   in|   32|     ap_fifo|    v349_4_0_0|       pointer|
|v349_4_0_0_num_data_valid  |   in|   11|     ap_fifo|    v349_4_0_0|       pointer|
|v349_4_0_0_fifo_cap        |   in|   11|     ap_fifo|    v349_4_0_0|       pointer|
|v349_4_0_0_empty_n         |   in|    1|     ap_fifo|    v349_4_0_0|       pointer|
|v349_4_0_0_read            |  out|    1|     ap_fifo|    v349_4_0_0|       pointer|
|v349_4_0_1_dout            |   in|   32|     ap_fifo|    v349_4_0_1|       pointer|
|v349_4_0_1_num_data_valid  |   in|   11|     ap_fifo|    v349_4_0_1|       pointer|
|v349_4_0_1_fifo_cap        |   in|   11|     ap_fifo|    v349_4_0_1|       pointer|
|v349_4_0_1_empty_n         |   in|    1|     ap_fifo|    v349_4_0_1|       pointer|
|v349_4_0_1_read            |  out|    1|     ap_fifo|    v349_4_0_1|       pointer|
|v349_4_1_0_dout            |   in|   32|     ap_fifo|    v349_4_1_0|       pointer|
|v349_4_1_0_num_data_valid  |   in|   11|     ap_fifo|    v349_4_1_0|       pointer|
|v349_4_1_0_fifo_cap        |   in|   11|     ap_fifo|    v349_4_1_0|       pointer|
|v349_4_1_0_empty_n         |   in|    1|     ap_fifo|    v349_4_1_0|       pointer|
|v349_4_1_0_read            |  out|    1|     ap_fifo|    v349_4_1_0|       pointer|
|v349_4_1_1_dout            |   in|   32|     ap_fifo|    v349_4_1_1|       pointer|
|v349_4_1_1_num_data_valid  |   in|   11|     ap_fifo|    v349_4_1_1|       pointer|
|v349_4_1_1_fifo_cap        |   in|   11|     ap_fifo|    v349_4_1_1|       pointer|
|v349_4_1_1_empty_n         |   in|    1|     ap_fifo|    v349_4_1_1|       pointer|
|v349_4_1_1_read            |  out|    1|     ap_fifo|    v349_4_1_1|       pointer|
|v349_5_0_0_dout            |   in|   32|     ap_fifo|    v349_5_0_0|       pointer|
|v349_5_0_0_num_data_valid  |   in|   11|     ap_fifo|    v349_5_0_0|       pointer|
|v349_5_0_0_fifo_cap        |   in|   11|     ap_fifo|    v349_5_0_0|       pointer|
|v349_5_0_0_empty_n         |   in|    1|     ap_fifo|    v349_5_0_0|       pointer|
|v349_5_0_0_read            |  out|    1|     ap_fifo|    v349_5_0_0|       pointer|
|v349_5_0_1_dout            |   in|   32|     ap_fifo|    v349_5_0_1|       pointer|
|v349_5_0_1_num_data_valid  |   in|   11|     ap_fifo|    v349_5_0_1|       pointer|
|v349_5_0_1_fifo_cap        |   in|   11|     ap_fifo|    v349_5_0_1|       pointer|
|v349_5_0_1_empty_n         |   in|    1|     ap_fifo|    v349_5_0_1|       pointer|
|v349_5_0_1_read            |  out|    1|     ap_fifo|    v349_5_0_1|       pointer|
|v349_5_1_0_dout            |   in|   32|     ap_fifo|    v349_5_1_0|       pointer|
|v349_5_1_0_num_data_valid  |   in|   11|     ap_fifo|    v349_5_1_0|       pointer|
|v349_5_1_0_fifo_cap        |   in|   11|     ap_fifo|    v349_5_1_0|       pointer|
|v349_5_1_0_empty_n         |   in|    1|     ap_fifo|    v349_5_1_0|       pointer|
|v349_5_1_0_read            |  out|    1|     ap_fifo|    v349_5_1_0|       pointer|
|v349_5_1_1_dout            |   in|   32|     ap_fifo|    v349_5_1_1|       pointer|
|v349_5_1_1_num_data_valid  |   in|   11|     ap_fifo|    v349_5_1_1|       pointer|
|v349_5_1_1_fifo_cap        |   in|   11|     ap_fifo|    v349_5_1_1|       pointer|
|v349_5_1_1_empty_n         |   in|    1|     ap_fifo|    v349_5_1_1|       pointer|
|v349_5_1_1_read            |  out|    1|     ap_fifo|    v349_5_1_1|       pointer|
|v349_6_0_0_dout            |   in|   32|     ap_fifo|    v349_6_0_0|       pointer|
|v349_6_0_0_num_data_valid  |   in|   11|     ap_fifo|    v349_6_0_0|       pointer|
|v349_6_0_0_fifo_cap        |   in|   11|     ap_fifo|    v349_6_0_0|       pointer|
|v349_6_0_0_empty_n         |   in|    1|     ap_fifo|    v349_6_0_0|       pointer|
|v349_6_0_0_read            |  out|    1|     ap_fifo|    v349_6_0_0|       pointer|
|v349_6_0_1_dout            |   in|   32|     ap_fifo|    v349_6_0_1|       pointer|
|v349_6_0_1_num_data_valid  |   in|   11|     ap_fifo|    v349_6_0_1|       pointer|
|v349_6_0_1_fifo_cap        |   in|   11|     ap_fifo|    v349_6_0_1|       pointer|
|v349_6_0_1_empty_n         |   in|    1|     ap_fifo|    v349_6_0_1|       pointer|
|v349_6_0_1_read            |  out|    1|     ap_fifo|    v349_6_0_1|       pointer|
|v349_6_1_0_dout            |   in|   32|     ap_fifo|    v349_6_1_0|       pointer|
|v349_6_1_0_num_data_valid  |   in|   11|     ap_fifo|    v349_6_1_0|       pointer|
|v349_6_1_0_fifo_cap        |   in|   11|     ap_fifo|    v349_6_1_0|       pointer|
|v349_6_1_0_empty_n         |   in|    1|     ap_fifo|    v349_6_1_0|       pointer|
|v349_6_1_0_read            |  out|    1|     ap_fifo|    v349_6_1_0|       pointer|
|v349_6_1_1_dout            |   in|   32|     ap_fifo|    v349_6_1_1|       pointer|
|v349_6_1_1_num_data_valid  |   in|   11|     ap_fifo|    v349_6_1_1|       pointer|
|v349_6_1_1_fifo_cap        |   in|   11|     ap_fifo|    v349_6_1_1|       pointer|
|v349_6_1_1_empty_n         |   in|    1|     ap_fifo|    v349_6_1_1|       pointer|
|v349_6_1_1_read            |  out|    1|     ap_fifo|    v349_6_1_1|       pointer|
|v349_7_0_0_dout            |   in|   32|     ap_fifo|    v349_7_0_0|       pointer|
|v349_7_0_0_num_data_valid  |   in|   11|     ap_fifo|    v349_7_0_0|       pointer|
|v349_7_0_0_fifo_cap        |   in|   11|     ap_fifo|    v349_7_0_0|       pointer|
|v349_7_0_0_empty_n         |   in|    1|     ap_fifo|    v349_7_0_0|       pointer|
|v349_7_0_0_read            |  out|    1|     ap_fifo|    v349_7_0_0|       pointer|
|v349_7_0_1_dout            |   in|   32|     ap_fifo|    v349_7_0_1|       pointer|
|v349_7_0_1_num_data_valid  |   in|   11|     ap_fifo|    v349_7_0_1|       pointer|
|v349_7_0_1_fifo_cap        |   in|   11|     ap_fifo|    v349_7_0_1|       pointer|
|v349_7_0_1_empty_n         |   in|    1|     ap_fifo|    v349_7_0_1|       pointer|
|v349_7_0_1_read            |  out|    1|     ap_fifo|    v349_7_0_1|       pointer|
|v349_7_1_0_dout            |   in|   32|     ap_fifo|    v349_7_1_0|       pointer|
|v349_7_1_0_num_data_valid  |   in|   11|     ap_fifo|    v349_7_1_0|       pointer|
|v349_7_1_0_fifo_cap        |   in|   11|     ap_fifo|    v349_7_1_0|       pointer|
|v349_7_1_0_empty_n         |   in|    1|     ap_fifo|    v349_7_1_0|       pointer|
|v349_7_1_0_read            |  out|    1|     ap_fifo|    v349_7_1_0|       pointer|
|v349_7_1_1_dout            |   in|   32|     ap_fifo|    v349_7_1_1|       pointer|
|v349_7_1_1_num_data_valid  |   in|   11|     ap_fifo|    v349_7_1_1|       pointer|
|v349_7_1_1_fifo_cap        |   in|   11|     ap_fifo|    v349_7_1_1|       pointer|
|v349_7_1_1_empty_n         |   in|    1|     ap_fifo|    v349_7_1_1|       pointer|
|v349_7_1_1_read            |  out|    1|     ap_fifo|    v349_7_1_1|       pointer|
|v347_0_0_0_din             |  out|   32|     ap_fifo|    v347_0_0_0|       pointer|
|v347_0_0_0_num_data_valid  |   in|   11|     ap_fifo|    v347_0_0_0|       pointer|
|v347_0_0_0_fifo_cap        |   in|   11|     ap_fifo|    v347_0_0_0|       pointer|
|v347_0_0_0_full_n          |   in|    1|     ap_fifo|    v347_0_0_0|       pointer|
|v347_0_0_0_write           |  out|    1|     ap_fifo|    v347_0_0_0|       pointer|
|v346_0_0_0_din             |  out|   32|     ap_fifo|    v346_0_0_0|       pointer|
|v346_0_0_0_num_data_valid  |   in|   11|     ap_fifo|    v346_0_0_0|       pointer|
|v346_0_0_0_fifo_cap        |   in|   11|     ap_fifo|    v346_0_0_0|       pointer|
|v346_0_0_0_full_n          |   in|    1|     ap_fifo|    v346_0_0_0|       pointer|
|v346_0_0_0_write           |  out|    1|     ap_fifo|    v346_0_0_0|       pointer|
|v347_0_0_1_din             |  out|   32|     ap_fifo|    v347_0_0_1|       pointer|
|v347_0_0_1_num_data_valid  |   in|   11|     ap_fifo|    v347_0_0_1|       pointer|
|v347_0_0_1_fifo_cap        |   in|   11|     ap_fifo|    v347_0_0_1|       pointer|
|v347_0_0_1_full_n          |   in|    1|     ap_fifo|    v347_0_0_1|       pointer|
|v347_0_0_1_write           |  out|    1|     ap_fifo|    v347_0_0_1|       pointer|
|v346_0_0_1_din             |  out|   32|     ap_fifo|    v346_0_0_1|       pointer|
|v346_0_0_1_num_data_valid  |   in|   11|     ap_fifo|    v346_0_0_1|       pointer|
|v346_0_0_1_fifo_cap        |   in|   11|     ap_fifo|    v346_0_0_1|       pointer|
|v346_0_0_1_full_n          |   in|    1|     ap_fifo|    v346_0_0_1|       pointer|
|v346_0_0_1_write           |  out|    1|     ap_fifo|    v346_0_0_1|       pointer|
|v347_0_1_0_din             |  out|   32|     ap_fifo|    v347_0_1_0|       pointer|
|v347_0_1_0_num_data_valid  |   in|   11|     ap_fifo|    v347_0_1_0|       pointer|
|v347_0_1_0_fifo_cap        |   in|   11|     ap_fifo|    v347_0_1_0|       pointer|
|v347_0_1_0_full_n          |   in|    1|     ap_fifo|    v347_0_1_0|       pointer|
|v347_0_1_0_write           |  out|    1|     ap_fifo|    v347_0_1_0|       pointer|
|v346_0_1_0_din             |  out|   32|     ap_fifo|    v346_0_1_0|       pointer|
|v346_0_1_0_num_data_valid  |   in|   11|     ap_fifo|    v346_0_1_0|       pointer|
|v346_0_1_0_fifo_cap        |   in|   11|     ap_fifo|    v346_0_1_0|       pointer|
|v346_0_1_0_full_n          |   in|    1|     ap_fifo|    v346_0_1_0|       pointer|
|v346_0_1_0_write           |  out|    1|     ap_fifo|    v346_0_1_0|       pointer|
|v347_0_1_1_din             |  out|   32|     ap_fifo|    v347_0_1_1|       pointer|
|v347_0_1_1_num_data_valid  |   in|   11|     ap_fifo|    v347_0_1_1|       pointer|
|v347_0_1_1_fifo_cap        |   in|   11|     ap_fifo|    v347_0_1_1|       pointer|
|v347_0_1_1_full_n          |   in|    1|     ap_fifo|    v347_0_1_1|       pointer|
|v347_0_1_1_write           |  out|    1|     ap_fifo|    v347_0_1_1|       pointer|
|v346_0_1_1_din             |  out|   32|     ap_fifo|    v346_0_1_1|       pointer|
|v346_0_1_1_num_data_valid  |   in|   11|     ap_fifo|    v346_0_1_1|       pointer|
|v346_0_1_1_fifo_cap        |   in|   11|     ap_fifo|    v346_0_1_1|       pointer|
|v346_0_1_1_full_n          |   in|    1|     ap_fifo|    v346_0_1_1|       pointer|
|v346_0_1_1_write           |  out|    1|     ap_fifo|    v346_0_1_1|       pointer|
|v347_1_0_0_din             |  out|   32|     ap_fifo|    v347_1_0_0|       pointer|
|v347_1_0_0_num_data_valid  |   in|   11|     ap_fifo|    v347_1_0_0|       pointer|
|v347_1_0_0_fifo_cap        |   in|   11|     ap_fifo|    v347_1_0_0|       pointer|
|v347_1_0_0_full_n          |   in|    1|     ap_fifo|    v347_1_0_0|       pointer|
|v347_1_0_0_write           |  out|    1|     ap_fifo|    v347_1_0_0|       pointer|
|v346_1_0_0_din             |  out|   32|     ap_fifo|    v346_1_0_0|       pointer|
|v346_1_0_0_num_data_valid  |   in|   11|     ap_fifo|    v346_1_0_0|       pointer|
|v346_1_0_0_fifo_cap        |   in|   11|     ap_fifo|    v346_1_0_0|       pointer|
|v346_1_0_0_full_n          |   in|    1|     ap_fifo|    v346_1_0_0|       pointer|
|v346_1_0_0_write           |  out|    1|     ap_fifo|    v346_1_0_0|       pointer|
|v347_1_0_1_din             |  out|   32|     ap_fifo|    v347_1_0_1|       pointer|
|v347_1_0_1_num_data_valid  |   in|   11|     ap_fifo|    v347_1_0_1|       pointer|
|v347_1_0_1_fifo_cap        |   in|   11|     ap_fifo|    v347_1_0_1|       pointer|
|v347_1_0_1_full_n          |   in|    1|     ap_fifo|    v347_1_0_1|       pointer|
|v347_1_0_1_write           |  out|    1|     ap_fifo|    v347_1_0_1|       pointer|
|v346_1_0_1_din             |  out|   32|     ap_fifo|    v346_1_0_1|       pointer|
|v346_1_0_1_num_data_valid  |   in|   11|     ap_fifo|    v346_1_0_1|       pointer|
|v346_1_0_1_fifo_cap        |   in|   11|     ap_fifo|    v346_1_0_1|       pointer|
|v346_1_0_1_full_n          |   in|    1|     ap_fifo|    v346_1_0_1|       pointer|
|v346_1_0_1_write           |  out|    1|     ap_fifo|    v346_1_0_1|       pointer|
|v347_1_1_0_din             |  out|   32|     ap_fifo|    v347_1_1_0|       pointer|
|v347_1_1_0_num_data_valid  |   in|   11|     ap_fifo|    v347_1_1_0|       pointer|
|v347_1_1_0_fifo_cap        |   in|   11|     ap_fifo|    v347_1_1_0|       pointer|
|v347_1_1_0_full_n          |   in|    1|     ap_fifo|    v347_1_1_0|       pointer|
|v347_1_1_0_write           |  out|    1|     ap_fifo|    v347_1_1_0|       pointer|
|v346_1_1_0_din             |  out|   32|     ap_fifo|    v346_1_1_0|       pointer|
|v346_1_1_0_num_data_valid  |   in|   11|     ap_fifo|    v346_1_1_0|       pointer|
|v346_1_1_0_fifo_cap        |   in|   11|     ap_fifo|    v346_1_1_0|       pointer|
|v346_1_1_0_full_n          |   in|    1|     ap_fifo|    v346_1_1_0|       pointer|
|v346_1_1_0_write           |  out|    1|     ap_fifo|    v346_1_1_0|       pointer|
|v347_1_1_1_din             |  out|   32|     ap_fifo|    v347_1_1_1|       pointer|
|v347_1_1_1_num_data_valid  |   in|   11|     ap_fifo|    v347_1_1_1|       pointer|
|v347_1_1_1_fifo_cap        |   in|   11|     ap_fifo|    v347_1_1_1|       pointer|
|v347_1_1_1_full_n          |   in|    1|     ap_fifo|    v347_1_1_1|       pointer|
|v347_1_1_1_write           |  out|    1|     ap_fifo|    v347_1_1_1|       pointer|
|v346_1_1_1_din             |  out|   32|     ap_fifo|    v346_1_1_1|       pointer|
|v346_1_1_1_num_data_valid  |   in|   11|     ap_fifo|    v346_1_1_1|       pointer|
|v346_1_1_1_fifo_cap        |   in|   11|     ap_fifo|    v346_1_1_1|       pointer|
|v346_1_1_1_full_n          |   in|    1|     ap_fifo|    v346_1_1_1|       pointer|
|v346_1_1_1_write           |  out|    1|     ap_fifo|    v346_1_1_1|       pointer|
|v347_2_0_0_din             |  out|   32|     ap_fifo|    v347_2_0_0|       pointer|
|v347_2_0_0_num_data_valid  |   in|   11|     ap_fifo|    v347_2_0_0|       pointer|
|v347_2_0_0_fifo_cap        |   in|   11|     ap_fifo|    v347_2_0_0|       pointer|
|v347_2_0_0_full_n          |   in|    1|     ap_fifo|    v347_2_0_0|       pointer|
|v347_2_0_0_write           |  out|    1|     ap_fifo|    v347_2_0_0|       pointer|
|v346_2_0_0_din             |  out|   32|     ap_fifo|    v346_2_0_0|       pointer|
|v346_2_0_0_num_data_valid  |   in|   11|     ap_fifo|    v346_2_0_0|       pointer|
|v346_2_0_0_fifo_cap        |   in|   11|     ap_fifo|    v346_2_0_0|       pointer|
|v346_2_0_0_full_n          |   in|    1|     ap_fifo|    v346_2_0_0|       pointer|
|v346_2_0_0_write           |  out|    1|     ap_fifo|    v346_2_0_0|       pointer|
|v347_2_0_1_din             |  out|   32|     ap_fifo|    v347_2_0_1|       pointer|
|v347_2_0_1_num_data_valid  |   in|   11|     ap_fifo|    v347_2_0_1|       pointer|
|v347_2_0_1_fifo_cap        |   in|   11|     ap_fifo|    v347_2_0_1|       pointer|
|v347_2_0_1_full_n          |   in|    1|     ap_fifo|    v347_2_0_1|       pointer|
|v347_2_0_1_write           |  out|    1|     ap_fifo|    v347_2_0_1|       pointer|
|v346_2_0_1_din             |  out|   32|     ap_fifo|    v346_2_0_1|       pointer|
|v346_2_0_1_num_data_valid  |   in|   11|     ap_fifo|    v346_2_0_1|       pointer|
|v346_2_0_1_fifo_cap        |   in|   11|     ap_fifo|    v346_2_0_1|       pointer|
|v346_2_0_1_full_n          |   in|    1|     ap_fifo|    v346_2_0_1|       pointer|
|v346_2_0_1_write           |  out|    1|     ap_fifo|    v346_2_0_1|       pointer|
|v347_2_1_0_din             |  out|   32|     ap_fifo|    v347_2_1_0|       pointer|
|v347_2_1_0_num_data_valid  |   in|   11|     ap_fifo|    v347_2_1_0|       pointer|
|v347_2_1_0_fifo_cap        |   in|   11|     ap_fifo|    v347_2_1_0|       pointer|
|v347_2_1_0_full_n          |   in|    1|     ap_fifo|    v347_2_1_0|       pointer|
|v347_2_1_0_write           |  out|    1|     ap_fifo|    v347_2_1_0|       pointer|
|v346_2_1_0_din             |  out|   32|     ap_fifo|    v346_2_1_0|       pointer|
|v346_2_1_0_num_data_valid  |   in|   11|     ap_fifo|    v346_2_1_0|       pointer|
|v346_2_1_0_fifo_cap        |   in|   11|     ap_fifo|    v346_2_1_0|       pointer|
|v346_2_1_0_full_n          |   in|    1|     ap_fifo|    v346_2_1_0|       pointer|
|v346_2_1_0_write           |  out|    1|     ap_fifo|    v346_2_1_0|       pointer|
|v347_2_1_1_din             |  out|   32|     ap_fifo|    v347_2_1_1|       pointer|
|v347_2_1_1_num_data_valid  |   in|   11|     ap_fifo|    v347_2_1_1|       pointer|
|v347_2_1_1_fifo_cap        |   in|   11|     ap_fifo|    v347_2_1_1|       pointer|
|v347_2_1_1_full_n          |   in|    1|     ap_fifo|    v347_2_1_1|       pointer|
|v347_2_1_1_write           |  out|    1|     ap_fifo|    v347_2_1_1|       pointer|
|v346_2_1_1_din             |  out|   32|     ap_fifo|    v346_2_1_1|       pointer|
|v346_2_1_1_num_data_valid  |   in|   11|     ap_fifo|    v346_2_1_1|       pointer|
|v346_2_1_1_fifo_cap        |   in|   11|     ap_fifo|    v346_2_1_1|       pointer|
|v346_2_1_1_full_n          |   in|    1|     ap_fifo|    v346_2_1_1|       pointer|
|v346_2_1_1_write           |  out|    1|     ap_fifo|    v346_2_1_1|       pointer|
|v347_3_0_0_din             |  out|   32|     ap_fifo|    v347_3_0_0|       pointer|
|v347_3_0_0_num_data_valid  |   in|   11|     ap_fifo|    v347_3_0_0|       pointer|
|v347_3_0_0_fifo_cap        |   in|   11|     ap_fifo|    v347_3_0_0|       pointer|
|v347_3_0_0_full_n          |   in|    1|     ap_fifo|    v347_3_0_0|       pointer|
|v347_3_0_0_write           |  out|    1|     ap_fifo|    v347_3_0_0|       pointer|
|v346_3_0_0_din             |  out|   32|     ap_fifo|    v346_3_0_0|       pointer|
|v346_3_0_0_num_data_valid  |   in|   11|     ap_fifo|    v346_3_0_0|       pointer|
|v346_3_0_0_fifo_cap        |   in|   11|     ap_fifo|    v346_3_0_0|       pointer|
|v346_3_0_0_full_n          |   in|    1|     ap_fifo|    v346_3_0_0|       pointer|
|v346_3_0_0_write           |  out|    1|     ap_fifo|    v346_3_0_0|       pointer|
|v347_3_0_1_din             |  out|   32|     ap_fifo|    v347_3_0_1|       pointer|
|v347_3_0_1_num_data_valid  |   in|   11|     ap_fifo|    v347_3_0_1|       pointer|
|v347_3_0_1_fifo_cap        |   in|   11|     ap_fifo|    v347_3_0_1|       pointer|
|v347_3_0_1_full_n          |   in|    1|     ap_fifo|    v347_3_0_1|       pointer|
|v347_3_0_1_write           |  out|    1|     ap_fifo|    v347_3_0_1|       pointer|
|v346_3_0_1_din             |  out|   32|     ap_fifo|    v346_3_0_1|       pointer|
|v346_3_0_1_num_data_valid  |   in|   11|     ap_fifo|    v346_3_0_1|       pointer|
|v346_3_0_1_fifo_cap        |   in|   11|     ap_fifo|    v346_3_0_1|       pointer|
|v346_3_0_1_full_n          |   in|    1|     ap_fifo|    v346_3_0_1|       pointer|
|v346_3_0_1_write           |  out|    1|     ap_fifo|    v346_3_0_1|       pointer|
|v347_3_1_0_din             |  out|   32|     ap_fifo|    v347_3_1_0|       pointer|
|v347_3_1_0_num_data_valid  |   in|   11|     ap_fifo|    v347_3_1_0|       pointer|
|v347_3_1_0_fifo_cap        |   in|   11|     ap_fifo|    v347_3_1_0|       pointer|
|v347_3_1_0_full_n          |   in|    1|     ap_fifo|    v347_3_1_0|       pointer|
|v347_3_1_0_write           |  out|    1|     ap_fifo|    v347_3_1_0|       pointer|
|v346_3_1_0_din             |  out|   32|     ap_fifo|    v346_3_1_0|       pointer|
|v346_3_1_0_num_data_valid  |   in|   11|     ap_fifo|    v346_3_1_0|       pointer|
|v346_3_1_0_fifo_cap        |   in|   11|     ap_fifo|    v346_3_1_0|       pointer|
|v346_3_1_0_full_n          |   in|    1|     ap_fifo|    v346_3_1_0|       pointer|
|v346_3_1_0_write           |  out|    1|     ap_fifo|    v346_3_1_0|       pointer|
|v347_3_1_1_din             |  out|   32|     ap_fifo|    v347_3_1_1|       pointer|
|v347_3_1_1_num_data_valid  |   in|   11|     ap_fifo|    v347_3_1_1|       pointer|
|v347_3_1_1_fifo_cap        |   in|   11|     ap_fifo|    v347_3_1_1|       pointer|
|v347_3_1_1_full_n          |   in|    1|     ap_fifo|    v347_3_1_1|       pointer|
|v347_3_1_1_write           |  out|    1|     ap_fifo|    v347_3_1_1|       pointer|
|v346_3_1_1_din             |  out|   32|     ap_fifo|    v346_3_1_1|       pointer|
|v346_3_1_1_num_data_valid  |   in|   11|     ap_fifo|    v346_3_1_1|       pointer|
|v346_3_1_1_fifo_cap        |   in|   11|     ap_fifo|    v346_3_1_1|       pointer|
|v346_3_1_1_full_n          |   in|    1|     ap_fifo|    v346_3_1_1|       pointer|
|v346_3_1_1_write           |  out|    1|     ap_fifo|    v346_3_1_1|       pointer|
|v347_4_0_0_din             |  out|   32|     ap_fifo|    v347_4_0_0|       pointer|
|v347_4_0_0_num_data_valid  |   in|   11|     ap_fifo|    v347_4_0_0|       pointer|
|v347_4_0_0_fifo_cap        |   in|   11|     ap_fifo|    v347_4_0_0|       pointer|
|v347_4_0_0_full_n          |   in|    1|     ap_fifo|    v347_4_0_0|       pointer|
|v347_4_0_0_write           |  out|    1|     ap_fifo|    v347_4_0_0|       pointer|
|v346_4_0_0_din             |  out|   32|     ap_fifo|    v346_4_0_0|       pointer|
|v346_4_0_0_num_data_valid  |   in|   11|     ap_fifo|    v346_4_0_0|       pointer|
|v346_4_0_0_fifo_cap        |   in|   11|     ap_fifo|    v346_4_0_0|       pointer|
|v346_4_0_0_full_n          |   in|    1|     ap_fifo|    v346_4_0_0|       pointer|
|v346_4_0_0_write           |  out|    1|     ap_fifo|    v346_4_0_0|       pointer|
|v347_4_0_1_din             |  out|   32|     ap_fifo|    v347_4_0_1|       pointer|
|v347_4_0_1_num_data_valid  |   in|   11|     ap_fifo|    v347_4_0_1|       pointer|
|v347_4_0_1_fifo_cap        |   in|   11|     ap_fifo|    v347_4_0_1|       pointer|
|v347_4_0_1_full_n          |   in|    1|     ap_fifo|    v347_4_0_1|       pointer|
|v347_4_0_1_write           |  out|    1|     ap_fifo|    v347_4_0_1|       pointer|
|v346_4_0_1_din             |  out|   32|     ap_fifo|    v346_4_0_1|       pointer|
|v346_4_0_1_num_data_valid  |   in|   11|     ap_fifo|    v346_4_0_1|       pointer|
|v346_4_0_1_fifo_cap        |   in|   11|     ap_fifo|    v346_4_0_1|       pointer|
|v346_4_0_1_full_n          |   in|    1|     ap_fifo|    v346_4_0_1|       pointer|
|v346_4_0_1_write           |  out|    1|     ap_fifo|    v346_4_0_1|       pointer|
|v347_4_1_0_din             |  out|   32|     ap_fifo|    v347_4_1_0|       pointer|
|v347_4_1_0_num_data_valid  |   in|   11|     ap_fifo|    v347_4_1_0|       pointer|
|v347_4_1_0_fifo_cap        |   in|   11|     ap_fifo|    v347_4_1_0|       pointer|
|v347_4_1_0_full_n          |   in|    1|     ap_fifo|    v347_4_1_0|       pointer|
|v347_4_1_0_write           |  out|    1|     ap_fifo|    v347_4_1_0|       pointer|
|v346_4_1_0_din             |  out|   32|     ap_fifo|    v346_4_1_0|       pointer|
|v346_4_1_0_num_data_valid  |   in|   11|     ap_fifo|    v346_4_1_0|       pointer|
|v346_4_1_0_fifo_cap        |   in|   11|     ap_fifo|    v346_4_1_0|       pointer|
|v346_4_1_0_full_n          |   in|    1|     ap_fifo|    v346_4_1_0|       pointer|
|v346_4_1_0_write           |  out|    1|     ap_fifo|    v346_4_1_0|       pointer|
|v347_4_1_1_din             |  out|   32|     ap_fifo|    v347_4_1_1|       pointer|
|v347_4_1_1_num_data_valid  |   in|   11|     ap_fifo|    v347_4_1_1|       pointer|
|v347_4_1_1_fifo_cap        |   in|   11|     ap_fifo|    v347_4_1_1|       pointer|
|v347_4_1_1_full_n          |   in|    1|     ap_fifo|    v347_4_1_1|       pointer|
|v347_4_1_1_write           |  out|    1|     ap_fifo|    v347_4_1_1|       pointer|
|v346_4_1_1_din             |  out|   32|     ap_fifo|    v346_4_1_1|       pointer|
|v346_4_1_1_num_data_valid  |   in|   11|     ap_fifo|    v346_4_1_1|       pointer|
|v346_4_1_1_fifo_cap        |   in|   11|     ap_fifo|    v346_4_1_1|       pointer|
|v346_4_1_1_full_n          |   in|    1|     ap_fifo|    v346_4_1_1|       pointer|
|v346_4_1_1_write           |  out|    1|     ap_fifo|    v346_4_1_1|       pointer|
|v347_5_0_0_din             |  out|   32|     ap_fifo|    v347_5_0_0|       pointer|
|v347_5_0_0_num_data_valid  |   in|   11|     ap_fifo|    v347_5_0_0|       pointer|
|v347_5_0_0_fifo_cap        |   in|   11|     ap_fifo|    v347_5_0_0|       pointer|
|v347_5_0_0_full_n          |   in|    1|     ap_fifo|    v347_5_0_0|       pointer|
|v347_5_0_0_write           |  out|    1|     ap_fifo|    v347_5_0_0|       pointer|
|v346_5_0_0_din             |  out|   32|     ap_fifo|    v346_5_0_0|       pointer|
|v346_5_0_0_num_data_valid  |   in|   11|     ap_fifo|    v346_5_0_0|       pointer|
|v346_5_0_0_fifo_cap        |   in|   11|     ap_fifo|    v346_5_0_0|       pointer|
|v346_5_0_0_full_n          |   in|    1|     ap_fifo|    v346_5_0_0|       pointer|
|v346_5_0_0_write           |  out|    1|     ap_fifo|    v346_5_0_0|       pointer|
|v347_5_0_1_din             |  out|   32|     ap_fifo|    v347_5_0_1|       pointer|
|v347_5_0_1_num_data_valid  |   in|   11|     ap_fifo|    v347_5_0_1|       pointer|
|v347_5_0_1_fifo_cap        |   in|   11|     ap_fifo|    v347_5_0_1|       pointer|
|v347_5_0_1_full_n          |   in|    1|     ap_fifo|    v347_5_0_1|       pointer|
|v347_5_0_1_write           |  out|    1|     ap_fifo|    v347_5_0_1|       pointer|
|v346_5_0_1_din             |  out|   32|     ap_fifo|    v346_5_0_1|       pointer|
|v346_5_0_1_num_data_valid  |   in|   11|     ap_fifo|    v346_5_0_1|       pointer|
|v346_5_0_1_fifo_cap        |   in|   11|     ap_fifo|    v346_5_0_1|       pointer|
|v346_5_0_1_full_n          |   in|    1|     ap_fifo|    v346_5_0_1|       pointer|
|v346_5_0_1_write           |  out|    1|     ap_fifo|    v346_5_0_1|       pointer|
|v347_5_1_0_din             |  out|   32|     ap_fifo|    v347_5_1_0|       pointer|
|v347_5_1_0_num_data_valid  |   in|   11|     ap_fifo|    v347_5_1_0|       pointer|
|v347_5_1_0_fifo_cap        |   in|   11|     ap_fifo|    v347_5_1_0|       pointer|
|v347_5_1_0_full_n          |   in|    1|     ap_fifo|    v347_5_1_0|       pointer|
|v347_5_1_0_write           |  out|    1|     ap_fifo|    v347_5_1_0|       pointer|
|v346_5_1_0_din             |  out|   32|     ap_fifo|    v346_5_1_0|       pointer|
|v346_5_1_0_num_data_valid  |   in|   11|     ap_fifo|    v346_5_1_0|       pointer|
|v346_5_1_0_fifo_cap        |   in|   11|     ap_fifo|    v346_5_1_0|       pointer|
|v346_5_1_0_full_n          |   in|    1|     ap_fifo|    v346_5_1_0|       pointer|
|v346_5_1_0_write           |  out|    1|     ap_fifo|    v346_5_1_0|       pointer|
|v347_5_1_1_din             |  out|   32|     ap_fifo|    v347_5_1_1|       pointer|
|v347_5_1_1_num_data_valid  |   in|   11|     ap_fifo|    v347_5_1_1|       pointer|
|v347_5_1_1_fifo_cap        |   in|   11|     ap_fifo|    v347_5_1_1|       pointer|
|v347_5_1_1_full_n          |   in|    1|     ap_fifo|    v347_5_1_1|       pointer|
|v347_5_1_1_write           |  out|    1|     ap_fifo|    v347_5_1_1|       pointer|
|v346_5_1_1_din             |  out|   32|     ap_fifo|    v346_5_1_1|       pointer|
|v346_5_1_1_num_data_valid  |   in|   11|     ap_fifo|    v346_5_1_1|       pointer|
|v346_5_1_1_fifo_cap        |   in|   11|     ap_fifo|    v346_5_1_1|       pointer|
|v346_5_1_1_full_n          |   in|    1|     ap_fifo|    v346_5_1_1|       pointer|
|v346_5_1_1_write           |  out|    1|     ap_fifo|    v346_5_1_1|       pointer|
|v347_6_0_0_din             |  out|   32|     ap_fifo|    v347_6_0_0|       pointer|
|v347_6_0_0_num_data_valid  |   in|   11|     ap_fifo|    v347_6_0_0|       pointer|
|v347_6_0_0_fifo_cap        |   in|   11|     ap_fifo|    v347_6_0_0|       pointer|
|v347_6_0_0_full_n          |   in|    1|     ap_fifo|    v347_6_0_0|       pointer|
|v347_6_0_0_write           |  out|    1|     ap_fifo|    v347_6_0_0|       pointer|
|v346_6_0_0_din             |  out|   32|     ap_fifo|    v346_6_0_0|       pointer|
|v346_6_0_0_num_data_valid  |   in|   11|     ap_fifo|    v346_6_0_0|       pointer|
|v346_6_0_0_fifo_cap        |   in|   11|     ap_fifo|    v346_6_0_0|       pointer|
|v346_6_0_0_full_n          |   in|    1|     ap_fifo|    v346_6_0_0|       pointer|
|v346_6_0_0_write           |  out|    1|     ap_fifo|    v346_6_0_0|       pointer|
|v347_6_0_1_din             |  out|   32|     ap_fifo|    v347_6_0_1|       pointer|
|v347_6_0_1_num_data_valid  |   in|   11|     ap_fifo|    v347_6_0_1|       pointer|
|v347_6_0_1_fifo_cap        |   in|   11|     ap_fifo|    v347_6_0_1|       pointer|
|v347_6_0_1_full_n          |   in|    1|     ap_fifo|    v347_6_0_1|       pointer|
|v347_6_0_1_write           |  out|    1|     ap_fifo|    v347_6_0_1|       pointer|
|v346_6_0_1_din             |  out|   32|     ap_fifo|    v346_6_0_1|       pointer|
|v346_6_0_1_num_data_valid  |   in|   11|     ap_fifo|    v346_6_0_1|       pointer|
|v346_6_0_1_fifo_cap        |   in|   11|     ap_fifo|    v346_6_0_1|       pointer|
|v346_6_0_1_full_n          |   in|    1|     ap_fifo|    v346_6_0_1|       pointer|
|v346_6_0_1_write           |  out|    1|     ap_fifo|    v346_6_0_1|       pointer|
|v347_6_1_0_din             |  out|   32|     ap_fifo|    v347_6_1_0|       pointer|
|v347_6_1_0_num_data_valid  |   in|   11|     ap_fifo|    v347_6_1_0|       pointer|
|v347_6_1_0_fifo_cap        |   in|   11|     ap_fifo|    v347_6_1_0|       pointer|
|v347_6_1_0_full_n          |   in|    1|     ap_fifo|    v347_6_1_0|       pointer|
|v347_6_1_0_write           |  out|    1|     ap_fifo|    v347_6_1_0|       pointer|
|v346_6_1_0_din             |  out|   32|     ap_fifo|    v346_6_1_0|       pointer|
|v346_6_1_0_num_data_valid  |   in|   11|     ap_fifo|    v346_6_1_0|       pointer|
|v346_6_1_0_fifo_cap        |   in|   11|     ap_fifo|    v346_6_1_0|       pointer|
|v346_6_1_0_full_n          |   in|    1|     ap_fifo|    v346_6_1_0|       pointer|
|v346_6_1_0_write           |  out|    1|     ap_fifo|    v346_6_1_0|       pointer|
|v347_6_1_1_din             |  out|   32|     ap_fifo|    v347_6_1_1|       pointer|
|v347_6_1_1_num_data_valid  |   in|   11|     ap_fifo|    v347_6_1_1|       pointer|
|v347_6_1_1_fifo_cap        |   in|   11|     ap_fifo|    v347_6_1_1|       pointer|
|v347_6_1_1_full_n          |   in|    1|     ap_fifo|    v347_6_1_1|       pointer|
|v347_6_1_1_write           |  out|    1|     ap_fifo|    v347_6_1_1|       pointer|
|v346_6_1_1_din             |  out|   32|     ap_fifo|    v346_6_1_1|       pointer|
|v346_6_1_1_num_data_valid  |   in|   11|     ap_fifo|    v346_6_1_1|       pointer|
|v346_6_1_1_fifo_cap        |   in|   11|     ap_fifo|    v346_6_1_1|       pointer|
|v346_6_1_1_full_n          |   in|    1|     ap_fifo|    v346_6_1_1|       pointer|
|v346_6_1_1_write           |  out|    1|     ap_fifo|    v346_6_1_1|       pointer|
|v347_7_0_0_din             |  out|   32|     ap_fifo|    v347_7_0_0|       pointer|
|v347_7_0_0_num_data_valid  |   in|   11|     ap_fifo|    v347_7_0_0|       pointer|
|v347_7_0_0_fifo_cap        |   in|   11|     ap_fifo|    v347_7_0_0|       pointer|
|v347_7_0_0_full_n          |   in|    1|     ap_fifo|    v347_7_0_0|       pointer|
|v347_7_0_0_write           |  out|    1|     ap_fifo|    v347_7_0_0|       pointer|
|v346_7_0_0_din             |  out|   32|     ap_fifo|    v346_7_0_0|       pointer|
|v346_7_0_0_num_data_valid  |   in|   11|     ap_fifo|    v346_7_0_0|       pointer|
|v346_7_0_0_fifo_cap        |   in|   11|     ap_fifo|    v346_7_0_0|       pointer|
|v346_7_0_0_full_n          |   in|    1|     ap_fifo|    v346_7_0_0|       pointer|
|v346_7_0_0_write           |  out|    1|     ap_fifo|    v346_7_0_0|       pointer|
|v347_7_0_1_din             |  out|   32|     ap_fifo|    v347_7_0_1|       pointer|
|v347_7_0_1_num_data_valid  |   in|   11|     ap_fifo|    v347_7_0_1|       pointer|
|v347_7_0_1_fifo_cap        |   in|   11|     ap_fifo|    v347_7_0_1|       pointer|
|v347_7_0_1_full_n          |   in|    1|     ap_fifo|    v347_7_0_1|       pointer|
|v347_7_0_1_write           |  out|    1|     ap_fifo|    v347_7_0_1|       pointer|
|v346_7_0_1_din             |  out|   32|     ap_fifo|    v346_7_0_1|       pointer|
|v346_7_0_1_num_data_valid  |   in|   11|     ap_fifo|    v346_7_0_1|       pointer|
|v346_7_0_1_fifo_cap        |   in|   11|     ap_fifo|    v346_7_0_1|       pointer|
|v346_7_0_1_full_n          |   in|    1|     ap_fifo|    v346_7_0_1|       pointer|
|v346_7_0_1_write           |  out|    1|     ap_fifo|    v346_7_0_1|       pointer|
|v347_7_1_0_din             |  out|   32|     ap_fifo|    v347_7_1_0|       pointer|
|v347_7_1_0_num_data_valid  |   in|   11|     ap_fifo|    v347_7_1_0|       pointer|
|v347_7_1_0_fifo_cap        |   in|   11|     ap_fifo|    v347_7_1_0|       pointer|
|v347_7_1_0_full_n          |   in|    1|     ap_fifo|    v347_7_1_0|       pointer|
|v347_7_1_0_write           |  out|    1|     ap_fifo|    v347_7_1_0|       pointer|
|v346_7_1_0_din             |  out|   32|     ap_fifo|    v346_7_1_0|       pointer|
|v346_7_1_0_num_data_valid  |   in|   11|     ap_fifo|    v346_7_1_0|       pointer|
|v346_7_1_0_fifo_cap        |   in|   11|     ap_fifo|    v346_7_1_0|       pointer|
|v346_7_1_0_full_n          |   in|    1|     ap_fifo|    v346_7_1_0|       pointer|
|v346_7_1_0_write           |  out|    1|     ap_fifo|    v346_7_1_0|       pointer|
|v347_7_1_1_din             |  out|   32|     ap_fifo|    v347_7_1_1|       pointer|
|v347_7_1_1_num_data_valid  |   in|   11|     ap_fifo|    v347_7_1_1|       pointer|
|v347_7_1_1_fifo_cap        |   in|   11|     ap_fifo|    v347_7_1_1|       pointer|
|v347_7_1_1_full_n          |   in|    1|     ap_fifo|    v347_7_1_1|       pointer|
|v347_7_1_1_write           |  out|    1|     ap_fifo|    v347_7_1_1|       pointer|
|v346_7_1_1_din             |  out|   32|     ap_fifo|    v346_7_1_1|       pointer|
|v346_7_1_1_num_data_valid  |   in|   11|     ap_fifo|    v346_7_1_1|       pointer|
|v346_7_1_1_fifo_cap        |   in|   11|     ap_fifo|    v346_7_1_1|       pointer|
|v346_7_1_1_full_n          |   in|    1|     ap_fifo|    v346_7_1_1|       pointer|
|v346_7_1_1_write           |  out|    1|     ap_fifo|    v346_7_1_1|       pointer|
+---------------------------+-----+-----+------------+--------------+--------------+

