

================================================================
== Vitis HLS Report for 'node5'
================================================================
* Date:           Wed Oct  2 17:42:34 2024

* Version:        2023.2 (Build 4023990 on Oct 11 2023)
* Project:        hls_MultiHeadSelfAttention1
* Solution:       solution1 (Vivado IP Flow Target)
* Product family: virtexuplusHBM
* Target device:  xcu280-fsvh2892-2L-e


================================================================
== Performance Estimates
================================================================
+ Timing: 
    * Summary: 
    +--------+---------+----------+------------+
    |  Clock |  Target | Estimated| Uncertainty|
    +--------+---------+----------+------------+
    |ap_clk  |  3.33 ns|  2.663 ns|     0.90 ns|
    +--------+---------+----------+------------+

+ Latency: 
    * Summary: 
    +---------+---------+----------+----------+-----+-----+---------+
    |  Latency (cycles) |  Latency (absolute) |  Interval | Pipeline|
    |   min   |   max   |    min   |    max   | min | max |   Type  |
    +---------+---------+----------+----------+-----+-----+---------+
    |      516|      516|  1.718 us|  1.718 us|  516|  516|       no|
    +---------+---------+----------+----------+-----+-----+---------+

    + Detail: 
        * Instance: 
        N/A

        * Loop: 
        +------------------------+---------+---------+----------+-----------+-----------+------+----------+
        |                        |  Latency (cycles) | Iteration|  Initiation Interval  | Trip |          |
        |        Loop Name       |   min   |   max   |  Latency |  achieved |   target  | Count| Pipelined|
        +------------------------+---------+---------+----------+-----------+-----------+------+----------+
        |- loop22_loop23_loop24  |      514|      514|         5|          2|          1|   256|       yes|
        +------------------------+---------+---------+----------+-----------+-----------+------+----------+



================================================================
== Utilization Estimates
================================================================
* Summary: 
+---------------------+---------+------+---------+---------+-----+
|         Name        | BRAM_18K|  DSP |    FF   |   LUT   | URAM|
+---------------------+---------+------+---------+---------+-----+
|DSP                  |        -|     -|        -|        -|    -|
|Expression           |        -|     -|        0|      222|    -|
|FIFO                 |        -|     -|        -|        -|    -|
|Instance             |        -|     -|        0|      640|    -|
|Memory               |        -|     -|        -|        -|    -|
|Multiplexer          |        -|     -|        -|     1054|    -|
|Register             |        -|     -|     1098|        -|    -|
+---------------------+---------+------+---------+---------+-----+
|Total                |        0|     0|     1098|     1916|    0|
+---------------------+---------+------+---------+---------+-----+
|Available SLR        |     1344|  3008|   869120|   434560|  320|
+---------------------+---------+------+---------+---------+-----+
|Utilization SLR (%)  |        0|     0|       ~0|       ~0|    0|
+---------------------+---------+------+---------+---------+-----+
|Available            |     4032|  9024|  2607360|  1303680|  960|
+---------------------+---------+------+---------+---------+-----+
|Utilization (%)      |        0|     0|       ~0|       ~0|    0|
+---------------------+---------+------+---------+---------+-----+

+ Detail: 
    * Instance: 
    +----------------------------+----------------------+---------+----+---+----+-----+
    |          Instance          |        Module        | BRAM_18K| DSP| FF| LUT| URAM|
    +----------------------------+----------------------+---------+----+---+----+-----+
    |sparsemux_9_2_32_1_1_U1597  |sparsemux_9_2_32_1_1  |        0|   0|  0|  20|    0|
    |sparsemux_9_2_32_1_1_U1598  |sparsemux_9_2_32_1_1  |        0|   0|  0|  20|    0|
    |sparsemux_9_2_32_1_1_U1599  |sparsemux_9_2_32_1_1  |        0|   0|  0|  20|    0|
    |sparsemux_9_2_32_1_1_U1600  |sparsemux_9_2_32_1_1  |        0|   0|  0|  20|    0|
    |sparsemux_9_2_32_1_1_U1601  |sparsemux_9_2_32_1_1  |        0|   0|  0|  20|    0|
    |sparsemux_9_2_32_1_1_U1602  |sparsemux_9_2_32_1_1  |        0|   0|  0|  20|    0|
    |sparsemux_9_2_32_1_1_U1603  |sparsemux_9_2_32_1_1  |        0|   0|  0|  20|    0|
    |sparsemux_9_2_32_1_1_U1604  |sparsemux_9_2_32_1_1  |        0|   0|  0|  20|    0|
    |sparsemux_9_2_32_1_1_U1605  |sparsemux_9_2_32_1_1  |        0|   0|  0|  20|    0|
    |sparsemux_9_2_32_1_1_U1606  |sparsemux_9_2_32_1_1  |        0|   0|  0|  20|    0|
    |sparsemux_9_2_32_1_1_U1607  |sparsemux_9_2_32_1_1  |        0|   0|  0|  20|    0|
    |sparsemux_9_2_32_1_1_U1608  |sparsemux_9_2_32_1_1  |        0|   0|  0|  20|    0|
    |sparsemux_9_2_32_1_1_U1609  |sparsemux_9_2_32_1_1  |        0|   0|  0|  20|    0|
    |sparsemux_9_2_32_1_1_U1610  |sparsemux_9_2_32_1_1  |        0|   0|  0|  20|    0|
    |sparsemux_9_2_32_1_1_U1611  |sparsemux_9_2_32_1_1  |        0|   0|  0|  20|    0|
    |sparsemux_9_2_32_1_1_U1612  |sparsemux_9_2_32_1_1  |        0|   0|  0|  20|    0|
    |sparsemux_9_2_32_1_1_U1613  |sparsemux_9_2_32_1_1  |        0|   0|  0|  20|    0|
    |sparsemux_9_2_32_1_1_U1614  |sparsemux_9_2_32_1_1  |        0|   0|  0|  20|    0|
    |sparsemux_9_2_32_1_1_U1615  |sparsemux_9_2_32_1_1  |        0|   0|  0|  20|    0|
    |sparsemux_9_2_32_1_1_U1616  |sparsemux_9_2_32_1_1  |        0|   0|  0|  20|    0|
    |sparsemux_9_2_32_1_1_U1617  |sparsemux_9_2_32_1_1  |        0|   0|  0|  20|    0|
    |sparsemux_9_2_32_1_1_U1618  |sparsemux_9_2_32_1_1  |        0|   0|  0|  20|    0|
    |sparsemux_9_2_32_1_1_U1619  |sparsemux_9_2_32_1_1  |        0|   0|  0|  20|    0|
    |sparsemux_9_2_32_1_1_U1620  |sparsemux_9_2_32_1_1  |        0|   0|  0|  20|    0|
    |sparsemux_9_2_32_1_1_U1621  |sparsemux_9_2_32_1_1  |        0|   0|  0|  20|    0|
    |sparsemux_9_2_32_1_1_U1622  |sparsemux_9_2_32_1_1  |        0|   0|  0|  20|    0|
    |sparsemux_9_2_32_1_1_U1623  |sparsemux_9_2_32_1_1  |        0|   0|  0|  20|    0|
    |sparsemux_9_2_32_1_1_U1624  |sparsemux_9_2_32_1_1  |        0|   0|  0|  20|    0|
    |sparsemux_9_2_32_1_1_U1625  |sparsemux_9_2_32_1_1  |        0|   0|  0|  20|    0|
    |sparsemux_9_2_32_1_1_U1626  |sparsemux_9_2_32_1_1  |        0|   0|  0|  20|    0|
    |sparsemux_9_2_32_1_1_U1627  |sparsemux_9_2_32_1_1  |        0|   0|  0|  20|    0|
    |sparsemux_9_2_32_1_1_U1628  |sparsemux_9_2_32_1_1  |        0|   0|  0|  20|    0|
    +----------------------------+----------------------+---------+----+---+----+-----+
    |Total                       |                      |        0|   0|  0| 640|    0|
    +----------------------------+----------------------+---------+----+---+----+-----+

    * DSP: 
    N/A

    * Memory: 
    N/A

    * FIFO: 
    N/A

    * Expression: 
    +---------------------------+----------+----+---+----+------------+------------+
    |       Variable Name       | Operation| DSP| FF| LUT| Bitwidth P0| Bitwidth P1|
    +---------------------------+----------+----+---+----+------------+------------+
    |add_ln182_1_fu_1984_p2     |         +|   0|  0|  16|           9|           1|
    |add_ln182_fu_2215_p2       |         +|   0|  0|  10|           3|           1|
    |add_ln183_1_fu_2069_p2     |         +|   0|  0|  15|           8|           1|
    |add_ln183_fu_2031_p2       |         +|   0|  0|  12|           4|           1|
    |add_ln184_fu_2063_p2       |         +|   0|  0|  12|           4|           1|
    |add_ln190_1_fu_2320_p2     |         +|   0|  0|  15|           8|           8|
    |add_ln190_fu_2166_p2       |         +|   0|  0|  15|           8|           8|
    |add_ln191_1_fu_2361_p2     |         +|   0|  0|  15|           8|           8|
    |add_ln191_fu_2236_p2       |         +|   0|  0|  12|           5|           5|
    |and_ln182_fu_2025_p2       |       and|   0|  0|   2|           1|           1|
    |ap_block_pp0_stage0_11001  |       and|   0|  0|   2|           1|           1|
    |ap_condition_1020          |       and|   0|  0|   2|           1|           1|
    |ap_condition_1583          |       and|   0|  0|   2|           1|           1|
    |ap_condition_1587          |       and|   0|  0|   2|           1|           1|
    |ap_condition_987           |       and|   0|  0|   2|           1|           1|
    |icmp_ln182_fu_1978_p2      |      icmp|   0|  0|  17|           9|          10|
    |icmp_ln183_fu_1999_p2      |      icmp|   0|  0|  15|           8|           7|
    |icmp_ln184_fu_2019_p2      |      icmp|   0|  0|  12|           4|           5|
    |empty_71_fu_2249_p2        |        or|   0|  0|   5|           5|           2|
    |empty_72_fu_2254_p2        |        or|   0|  0|   5|           5|           2|
    |empty_fu_2105_p2           |        or|   0|  0|   5|           5|           1|
    |or_ln183_fu_2037_p2        |        or|   0|  0|   2|           1|           1|
    |select_ln182_1_fu_2221_p3  |    select|   0|  0|   3|           1|           3|
    |select_ln182_fu_2005_p3    |    select|   0|  0|   4|           1|           1|
    |select_ln183_1_fu_2051_p3  |    select|   0|  0|   4|           1|           4|
    |select_ln183_2_fu_2075_p3  |    select|   0|  0|   8|           1|           1|
    |select_ln183_fu_2043_p3    |    select|   0|  0|   4|           1|           1|
    |ap_enable_pp0              |       xor|   0|  0|   2|           1|           2|
    |xor_ln182_fu_2013_p2       |       xor|   0|  0|   2|           1|           2|
    +---------------------------+----------+----+---+----+------------+------------+
    |Total                      |          |   0|  0| 222|         107|          82|
    +---------------------------+----------+----+---+----+------------+------------+

    * Multiplexer: 
    +----------------------------------------+----+-----------+-----+-----------+
    |                  Name                  | LUT| Input Size| Bits| Total Bits|
    +----------------------------------------+----+-----------+-----+-----------+
    |ap_NS_fsm                               |  14|          3|    1|          3|
    |ap_done_int                             |   9|          2|    1|          2|
    |ap_enable_reg_pp0_iter0                 |   9|          2|    1|          2|
    |ap_enable_reg_pp0_iter1                 |   9|          2|    1|          2|
    |ap_enable_reg_pp0_iter2                 |   9|          2|    1|          2|
    |ap_loop_exit_ready_pp0_iter1_reg        |   9|          2|    1|          2|
    |ap_loop_init_pp0_iter1_reg              |   9|          2|    1|          2|
    |ap_sig_allocacmp_indvar_flatten12_load  |   9|          2|    9|         18|
    |ap_sig_allocacmp_indvar_flatten_load    |   9|          2|    8|         16|
    |ap_sig_allocacmp_v54_load               |   9|          2|    3|          6|
    |ap_sig_allocacmp_v55_load               |   9|          2|    4|          8|
    |ap_sig_allocacmp_v56_load               |   9|          2|    4|          8|
    |indvar_flatten12_fu_218                 |   9|          2|    9|         18|
    |indvar_flatten_fu_210                   |   9|          2|    8|         16|
    |v52_0_0_0_address0                      |  14|          3|    8|         24|
    |v52_0_0_0_address1                      |  14|          3|    8|         24|
    |v52_0_0_1_address0                      |  14|          3|    8|         24|
    |v52_0_0_1_address1                      |  14|          3|    8|         24|
    |v52_0_1_0_address0                      |  14|          3|    8|         24|
    |v52_0_1_0_address1                      |  14|          3|    8|         24|
    |v52_0_1_1_address0                      |  14|          3|    8|         24|
    |v52_0_1_1_address1                      |  14|          3|    8|         24|
    |v52_1_0_0_address0                      |  14|          3|    8|         24|
    |v52_1_0_0_address1                      |  14|          3|    8|         24|
    |v52_1_0_1_address0                      |  14|          3|    8|         24|
    |v52_1_0_1_address1                      |  14|          3|    8|         24|
    |v52_1_1_0_address0                      |  14|          3|    8|         24|
    |v52_1_1_0_address1                      |  14|          3|    8|         24|
    |v52_1_1_1_address0                      |  14|          3|    8|         24|
    |v52_1_1_1_address1                      |  14|          3|    8|         24|
    |v52_2_0_0_address0                      |  14|          3|    8|         24|
    |v52_2_0_0_address1                      |  14|          3|    8|         24|
    |v52_2_0_1_address0                      |  14|          3|    8|         24|
    |v52_2_0_1_address1                      |  14|          3|    8|         24|
    |v52_2_1_0_address0                      |  14|          3|    8|         24|
    |v52_2_1_0_address1                      |  14|          3|    8|         24|
    |v52_2_1_1_address0                      |  14|          3|    8|         24|
    |v52_2_1_1_address1                      |  14|          3|    8|         24|
    |v52_3_0_0_address0                      |  14|          3|    8|         24|
    |v52_3_0_0_address1                      |  14|          3|    8|         24|
    |v52_3_0_1_address0                      |  14|          3|    8|         24|
    |v52_3_0_1_address1                      |  14|          3|    8|         24|
    |v52_3_1_0_address0                      |  14|          3|    8|         24|
    |v52_3_1_0_address1                      |  14|          3|    8|         24|
    |v52_3_1_1_address0                      |  14|          3|    8|         24|
    |v52_3_1_1_address1                      |  14|          3|    8|         24|
    |v52_4_0_0_address0                      |  14|          3|    8|         24|
    |v52_4_0_0_address1                      |  14|          3|    8|         24|
    |v52_4_0_1_address0                      |  14|          3|    8|         24|
    |v52_4_0_1_address1                      |  14|          3|    8|         24|
    |v52_4_1_0_address0                      |  14|          3|    8|         24|
    |v52_4_1_0_address1                      |  14|          3|    8|         24|
    |v52_4_1_1_address0                      |  14|          3|    8|         24|
    |v52_4_1_1_address1                      |  14|          3|    8|         24|
    |v52_5_0_0_address0                      |  14|          3|    8|         24|
    |v52_5_0_0_address1                      |  14|          3|    8|         24|
    |v52_5_0_1_address0                      |  14|          3|    8|         24|
    |v52_5_0_1_address1                      |  14|          3|    8|         24|
    |v52_5_1_0_address0                      |  14|          3|    8|         24|
    |v52_5_1_0_address1                      |  14|          3|    8|         24|
    |v52_5_1_1_address0                      |  14|          3|    8|         24|
    |v52_5_1_1_address1                      |  14|          3|    8|         24|
    |v52_6_0_0_address0                      |  14|          3|    8|         24|
    |v52_6_0_0_address1                      |  14|          3|    8|         24|
    |v52_6_0_1_address0                      |  14|          3|    8|         24|
    |v52_6_0_1_address1                      |  14|          3|    8|         24|
    |v52_6_1_0_address0                      |  14|          3|    8|         24|
    |v52_6_1_0_address1                      |  14|          3|    8|         24|
    |v52_6_1_1_address0                      |  14|          3|    8|         24|
    |v52_6_1_1_address1                      |  14|          3|    8|         24|
    |v52_7_0_0_address0                      |  14|          3|    8|         24|
    |v52_7_0_0_address1                      |  14|          3|    8|         24|
    |v52_7_0_1_address0                      |  14|          3|    8|         24|
    |v52_7_0_1_address1                      |  14|          3|    8|         24|
    |v52_7_1_0_address0                      |  14|          3|    8|         24|
    |v52_7_1_0_address1                      |  14|          3|    8|         24|
    |v52_7_1_1_address0                      |  14|          3|    8|         24|
    |v52_7_1_1_address1                      |  14|          3|    8|         24|
    |v54_fu_214                              |   9|          2|    3|          6|
    |v55_fu_206                              |   9|          2|    4|          8|
    |v56_fu_202                              |   9|          2|    4|          8|
    +----------------------------------------+----+-----------+-----+-----------+
    |Total                                   |1054|        227|  575|       1663|
    +----------------------------------------+----+-----------+-----+-----------+

    * Register: 
    +----------------------------------+----+----+-----+-----------+
    |               Name               | FF | LUT| Bits| Const Bits|
    +----------------------------------+----+----+-----+-----------+
    |add_ln191_1_reg_3877              |   8|   0|    8|          0|
    |ap_CS_fsm                         |   2|   0|    2|          0|
    |ap_done_reg                       |   1|   0|    1|          0|
    |ap_enable_reg_pp0_iter0_reg       |   1|   0|    1|          0|
    |ap_enable_reg_pp0_iter1           |   1|   0|    1|          0|
    |ap_enable_reg_pp0_iter2           |   1|   0|    1|          0|
    |ap_loop_exit_ready_pp0_iter1_reg  |   1|   0|    1|          0|
    |ap_loop_init_pp0_iter1_reg        |   1|   0|    1|          0|
    |icmp_ln182_reg_3177               |   1|   0|    1|          0|
    |icmp_ln183_reg_3181               |   1|   0|    1|          0|
    |indvar_flatten12_fu_218           |   9|   0|    9|          0|
    |indvar_flatten_fu_210             |   8|   0|    8|          0|
    |select_ln183_1_reg_3193           |   4|   0|    4|          0|
    |select_ln183_reg_3186             |   4|   0|    4|          0|
    |tmp_reg_3204                      |   3|   0|    5|          2|
    |trunc_ln182_1_reg_3537            |   2|   0|    2|          0|
    |trunc_ln182_reg_3198              |   3|   0|    3|          0|
    |v54_fu_214                        |   3|   0|    3|          0|
    |v55_fu_206                        |   4|   0|    4|          0|
    |v56_fu_202                        |   4|   0|    4|          0|
    |v60_10_reg_3997                   |  32|   0|   32|          0|
    |v60_11_reg_4002                   |  32|   0|   32|          0|
    |v60_12_reg_4007                   |  32|   0|   32|          0|
    |v60_13_reg_4012                   |  32|   0|   32|          0|
    |v60_14_reg_4017                   |  32|   0|   32|          0|
    |v60_15_reg_3922                   |  32|   0|   32|          0|
    |v60_16_reg_3927                   |  32|   0|   32|          0|
    |v60_17_reg_3932                   |  32|   0|   32|          0|
    |v60_18_reg_3937                   |  32|   0|   32|          0|
    |v60_19_reg_3942                   |  32|   0|   32|          0|
    |v60_1_reg_3887                    |  32|   0|   32|          0|
    |v60_20_reg_3947                   |  32|   0|   32|          0|
    |v60_21_reg_3952                   |  32|   0|   32|          0|
    |v60_22_reg_3957                   |  32|   0|   32|          0|
    |v60_23_reg_4022                   |  32|   0|   32|          0|
    |v60_24_reg_4027                   |  32|   0|   32|          0|
    |v60_25_reg_4032                   |  32|   0|   32|          0|
    |v60_26_reg_4037                   |  32|   0|   32|          0|
    |v60_27_reg_4042                   |  32|   0|   32|          0|
    |v60_28_reg_4047                   |  32|   0|   32|          0|
    |v60_29_reg_4052                   |  32|   0|   32|          0|
    |v60_2_reg_3892                    |  32|   0|   32|          0|
    |v60_30_reg_4057                   |  32|   0|   32|          0|
    |v60_32_reg_3992                   |  32|   0|   32|          0|
    |v60_3_reg_3897                    |  32|   0|   32|          0|
    |v60_4_reg_3902                    |  32|   0|   32|          0|
    |v60_5_reg_3907                    |  32|   0|   32|          0|
    |v60_6_reg_3912                    |  32|   0|   32|          0|
    |v60_7_reg_3917                    |  32|   0|   32|          0|
    |v60_8_reg_3982                    |  32|   0|   32|          0|
    |v60_9_reg_3987                    |  32|   0|   32|          0|
    |v60_reg_3882                      |  32|   0|   32|          0|
    |zext_ln190_reg_3211               |   4|   0|    8|          4|
    |zext_ln191_reg_3962               |   8|   0|   64|         56|
    +----------------------------------+----+----+-----+-----------+
    |Total                             |1098|   0| 1160|         62|
    +----------------------------------+----+----+-----+-----------+



================================================================
== Interface
================================================================
* Summary: 
+--------------------+-----+-----+------------+--------------+--------------+
|      RTL Ports     | Dir | Bits|  Protocol  | Source Object|    C Type    |
+--------------------+-----+-----+------------+--------------+--------------+
|ap_clk              |   in|    1|  ap_ctrl_hs|         node5|  return value|
|ap_rst              |   in|    1|  ap_ctrl_hs|         node5|  return value|
|ap_start            |   in|    1|  ap_ctrl_hs|         node5|  return value|
|ap_done             |  out|    1|  ap_ctrl_hs|         node5|  return value|
|ap_continue         |   in|    1|  ap_ctrl_hs|         node5|  return value|
|ap_idle             |  out|    1|  ap_ctrl_hs|         node5|  return value|
|ap_ready            |  out|    1|  ap_ctrl_hs|         node5|  return value|
|v52_0_0_0_address0  |  out|    8|   ap_memory|     v52_0_0_0|         array|
|v52_0_0_0_ce0       |  out|    1|   ap_memory|     v52_0_0_0|         array|
|v52_0_0_0_q0        |   in|   32|   ap_memory|     v52_0_0_0|         array|
|v52_0_0_0_address1  |  out|    8|   ap_memory|     v52_0_0_0|         array|
|v52_0_0_0_ce1       |  out|    1|   ap_memory|     v52_0_0_0|         array|
|v52_0_0_0_q1        |   in|   32|   ap_memory|     v52_0_0_0|         array|
|v52_0_0_1_address0  |  out|    8|   ap_memory|     v52_0_0_1|         array|
|v52_0_0_1_ce0       |  out|    1|   ap_memory|     v52_0_0_1|         array|
|v52_0_0_1_q0        |   in|   32|   ap_memory|     v52_0_0_1|         array|
|v52_0_0_1_address1  |  out|    8|   ap_memory|     v52_0_0_1|         array|
|v52_0_0_1_ce1       |  out|    1|   ap_memory|     v52_0_0_1|         array|
|v52_0_0_1_q1        |   in|   32|   ap_memory|     v52_0_0_1|         array|
|v52_0_1_0_address0  |  out|    8|   ap_memory|     v52_0_1_0|         array|
|v52_0_1_0_ce0       |  out|    1|   ap_memory|     v52_0_1_0|         array|
|v52_0_1_0_q0        |   in|   32|   ap_memory|     v52_0_1_0|         array|
|v52_0_1_0_address1  |  out|    8|   ap_memory|     v52_0_1_0|         array|
|v52_0_1_0_ce1       |  out|    1|   ap_memory|     v52_0_1_0|         array|
|v52_0_1_0_q1        |   in|   32|   ap_memory|     v52_0_1_0|         array|
|v52_0_1_1_address0  |  out|    8|   ap_memory|     v52_0_1_1|         array|
|v52_0_1_1_ce0       |  out|    1|   ap_memory|     v52_0_1_1|         array|
|v52_0_1_1_q0        |   in|   32|   ap_memory|     v52_0_1_1|         array|
|v52_0_1_1_address1  |  out|    8|   ap_memory|     v52_0_1_1|         array|
|v52_0_1_1_ce1       |  out|    1|   ap_memory|     v52_0_1_1|         array|
|v52_0_1_1_q1        |   in|   32|   ap_memory|     v52_0_1_1|         array|
|v52_1_0_0_address0  |  out|    8|   ap_memory|     v52_1_0_0|         array|
|v52_1_0_0_ce0       |  out|    1|   ap_memory|     v52_1_0_0|         array|
|v52_1_0_0_q0        |   in|   32|   ap_memory|     v52_1_0_0|         array|
|v52_1_0_0_address1  |  out|    8|   ap_memory|     v52_1_0_0|         array|
|v52_1_0_0_ce1       |  out|    1|   ap_memory|     v52_1_0_0|         array|
|v52_1_0_0_q1        |   in|   32|   ap_memory|     v52_1_0_0|         array|
|v52_1_0_1_address0  |  out|    8|   ap_memory|     v52_1_0_1|         array|
|v52_1_0_1_ce0       |  out|    1|   ap_memory|     v52_1_0_1|         array|
|v52_1_0_1_q0        |   in|   32|   ap_memory|     v52_1_0_1|         array|
|v52_1_0_1_address1  |  out|    8|   ap_memory|     v52_1_0_1|         array|
|v52_1_0_1_ce1       |  out|    1|   ap_memory|     v52_1_0_1|         array|
|v52_1_0_1_q1        |   in|   32|   ap_memory|     v52_1_0_1|         array|
|v52_1_1_0_address0  |  out|    8|   ap_memory|     v52_1_1_0|         array|
|v52_1_1_0_ce0       |  out|    1|   ap_memory|     v52_1_1_0|         array|
|v52_1_1_0_q0        |   in|   32|   ap_memory|     v52_1_1_0|         array|
|v52_1_1_0_address1  |  out|    8|   ap_memory|     v52_1_1_0|         array|
|v52_1_1_0_ce1       |  out|    1|   ap_memory|     v52_1_1_0|         array|
|v52_1_1_0_q1        |   in|   32|   ap_memory|     v52_1_1_0|         array|
|v52_1_1_1_address0  |  out|    8|   ap_memory|     v52_1_1_1|         array|
|v52_1_1_1_ce0       |  out|    1|   ap_memory|     v52_1_1_1|         array|
|v52_1_1_1_q0        |   in|   32|   ap_memory|     v52_1_1_1|         array|
|v52_1_1_1_address1  |  out|    8|   ap_memory|     v52_1_1_1|         array|
|v52_1_1_1_ce1       |  out|    1|   ap_memory|     v52_1_1_1|         array|
|v52_1_1_1_q1        |   in|   32|   ap_memory|     v52_1_1_1|         array|
|v52_2_0_0_address0  |  out|    8|   ap_memory|     v52_2_0_0|         array|
|v52_2_0_0_ce0       |  out|    1|   ap_memory|     v52_2_0_0|         array|
|v52_2_0_0_q0        |   in|   32|   ap_memory|     v52_2_0_0|         array|
|v52_2_0_0_address1  |  out|    8|   ap_memory|     v52_2_0_0|         array|
|v52_2_0_0_ce1       |  out|    1|   ap_memory|     v52_2_0_0|         array|
|v52_2_0_0_q1        |   in|   32|   ap_memory|     v52_2_0_0|         array|
|v52_2_0_1_address0  |  out|    8|   ap_memory|     v52_2_0_1|         array|
|v52_2_0_1_ce0       |  out|    1|   ap_memory|     v52_2_0_1|         array|
|v52_2_0_1_q0        |   in|   32|   ap_memory|     v52_2_0_1|         array|
|v52_2_0_1_address1  |  out|    8|   ap_memory|     v52_2_0_1|         array|
|v52_2_0_1_ce1       |  out|    1|   ap_memory|     v52_2_0_1|         array|
|v52_2_0_1_q1        |   in|   32|   ap_memory|     v52_2_0_1|         array|
|v52_2_1_0_address0  |  out|    8|   ap_memory|     v52_2_1_0|         array|
|v52_2_1_0_ce0       |  out|    1|   ap_memory|     v52_2_1_0|         array|
|v52_2_1_0_q0        |   in|   32|   ap_memory|     v52_2_1_0|         array|
|v52_2_1_0_address1  |  out|    8|   ap_memory|     v52_2_1_0|         array|
|v52_2_1_0_ce1       |  out|    1|   ap_memory|     v52_2_1_0|         array|
|v52_2_1_0_q1        |   in|   32|   ap_memory|     v52_2_1_0|         array|
|v52_2_1_1_address0  |  out|    8|   ap_memory|     v52_2_1_1|         array|
|v52_2_1_1_ce0       |  out|    1|   ap_memory|     v52_2_1_1|         array|
|v52_2_1_1_q0        |   in|   32|   ap_memory|     v52_2_1_1|         array|
|v52_2_1_1_address1  |  out|    8|   ap_memory|     v52_2_1_1|         array|
|v52_2_1_1_ce1       |  out|    1|   ap_memory|     v52_2_1_1|         array|
|v52_2_1_1_q1        |   in|   32|   ap_memory|     v52_2_1_1|         array|
|v52_3_0_0_address0  |  out|    8|   ap_memory|     v52_3_0_0|         array|
|v52_3_0_0_ce0       |  out|    1|   ap_memory|     v52_3_0_0|         array|
|v52_3_0_0_q0        |   in|   32|   ap_memory|     v52_3_0_0|         array|
|v52_3_0_0_address1  |  out|    8|   ap_memory|     v52_3_0_0|         array|
|v52_3_0_0_ce1       |  out|    1|   ap_memory|     v52_3_0_0|         array|
|v52_3_0_0_q1        |   in|   32|   ap_memory|     v52_3_0_0|         array|
|v52_3_0_1_address0  |  out|    8|   ap_memory|     v52_3_0_1|         array|
|v52_3_0_1_ce0       |  out|    1|   ap_memory|     v52_3_0_1|         array|
|v52_3_0_1_q0        |   in|   32|   ap_memory|     v52_3_0_1|         array|
|v52_3_0_1_address1  |  out|    8|   ap_memory|     v52_3_0_1|         array|
|v52_3_0_1_ce1       |  out|    1|   ap_memory|     v52_3_0_1|         array|
|v52_3_0_1_q1        |   in|   32|   ap_memory|     v52_3_0_1|         array|
|v52_3_1_0_address0  |  out|    8|   ap_memory|     v52_3_1_0|         array|
|v52_3_1_0_ce0       |  out|    1|   ap_memory|     v52_3_1_0|         array|
|v52_3_1_0_q0        |   in|   32|   ap_memory|     v52_3_1_0|         array|
|v52_3_1_0_address1  |  out|    8|   ap_memory|     v52_3_1_0|         array|
|v52_3_1_0_ce1       |  out|    1|   ap_memory|     v52_3_1_0|         array|
|v52_3_1_0_q1        |   in|   32|   ap_memory|     v52_3_1_0|         array|
|v52_3_1_1_address0  |  out|    8|   ap_memory|     v52_3_1_1|         array|
|v52_3_1_1_ce0       |  out|    1|   ap_memory|     v52_3_1_1|         array|
|v52_3_1_1_q0        |   in|   32|   ap_memory|     v52_3_1_1|         array|
|v52_3_1_1_address1  |  out|    8|   ap_memory|     v52_3_1_1|         array|
|v52_3_1_1_ce1       |  out|    1|   ap_memory|     v52_3_1_1|         array|
|v52_3_1_1_q1        |   in|   32|   ap_memory|     v52_3_1_1|         array|
|v52_4_0_0_address0  |  out|    8|   ap_memory|     v52_4_0_0|         array|
|v52_4_0_0_ce0       |  out|    1|   ap_memory|     v52_4_0_0|         array|
|v52_4_0_0_q0        |   in|   32|   ap_memory|     v52_4_0_0|         array|
|v52_4_0_0_address1  |  out|    8|   ap_memory|     v52_4_0_0|         array|
|v52_4_0_0_ce1       |  out|    1|   ap_memory|     v52_4_0_0|         array|
|v52_4_0_0_q1        |   in|   32|   ap_memory|     v52_4_0_0|         array|
|v52_4_0_1_address0  |  out|    8|   ap_memory|     v52_4_0_1|         array|
|v52_4_0_1_ce0       |  out|    1|   ap_memory|     v52_4_0_1|         array|
|v52_4_0_1_q0        |   in|   32|   ap_memory|     v52_4_0_1|         array|
|v52_4_0_1_address1  |  out|    8|   ap_memory|     v52_4_0_1|         array|
|v52_4_0_1_ce1       |  out|    1|   ap_memory|     v52_4_0_1|         array|
|v52_4_0_1_q1        |   in|   32|   ap_memory|     v52_4_0_1|         array|
|v52_4_1_0_address0  |  out|    8|   ap_memory|     v52_4_1_0|         array|
|v52_4_1_0_ce0       |  out|    1|   ap_memory|     v52_4_1_0|         array|
|v52_4_1_0_q0        |   in|   32|   ap_memory|     v52_4_1_0|         array|
|v52_4_1_0_address1  |  out|    8|   ap_memory|     v52_4_1_0|         array|
|v52_4_1_0_ce1       |  out|    1|   ap_memory|     v52_4_1_0|         array|
|v52_4_1_0_q1        |   in|   32|   ap_memory|     v52_4_1_0|         array|
|v52_4_1_1_address0  |  out|    8|   ap_memory|     v52_4_1_1|         array|
|v52_4_1_1_ce0       |  out|    1|   ap_memory|     v52_4_1_1|         array|
|v52_4_1_1_q0        |   in|   32|   ap_memory|     v52_4_1_1|         array|
|v52_4_1_1_address1  |  out|    8|   ap_memory|     v52_4_1_1|         array|
|v52_4_1_1_ce1       |  out|    1|   ap_memory|     v52_4_1_1|         array|
|v52_4_1_1_q1        |   in|   32|   ap_memory|     v52_4_1_1|         array|
|v52_5_0_0_address0  |  out|    8|   ap_memory|     v52_5_0_0|         array|
|v52_5_0_0_ce0       |  out|    1|   ap_memory|     v52_5_0_0|         array|
|v52_5_0_0_q0        |   in|   32|   ap_memory|     v52_5_0_0|         array|
|v52_5_0_0_address1  |  out|    8|   ap_memory|     v52_5_0_0|         array|
|v52_5_0_0_ce1       |  out|    1|   ap_memory|     v52_5_0_0|         array|
|v52_5_0_0_q1        |   in|   32|   ap_memory|     v52_5_0_0|         array|
|v52_5_0_1_address0  |  out|    8|   ap_memory|     v52_5_0_1|         array|
|v52_5_0_1_ce0       |  out|    1|   ap_memory|     v52_5_0_1|         array|
|v52_5_0_1_q0        |   in|   32|   ap_memory|     v52_5_0_1|         array|
|v52_5_0_1_address1  |  out|    8|   ap_memory|     v52_5_0_1|         array|
|v52_5_0_1_ce1       |  out|    1|   ap_memory|     v52_5_0_1|         array|
|v52_5_0_1_q1        |   in|   32|   ap_memory|     v52_5_0_1|         array|
|v52_5_1_0_address0  |  out|    8|   ap_memory|     v52_5_1_0|         array|
|v52_5_1_0_ce0       |  out|    1|   ap_memory|     v52_5_1_0|         array|
|v52_5_1_0_q0        |   in|   32|   ap_memory|     v52_5_1_0|         array|
|v52_5_1_0_address1  |  out|    8|   ap_memory|     v52_5_1_0|         array|
|v52_5_1_0_ce1       |  out|    1|   ap_memory|     v52_5_1_0|         array|
|v52_5_1_0_q1        |   in|   32|   ap_memory|     v52_5_1_0|         array|
|v52_5_1_1_address0  |  out|    8|   ap_memory|     v52_5_1_1|         array|
|v52_5_1_1_ce0       |  out|    1|   ap_memory|     v52_5_1_1|         array|
|v52_5_1_1_q0        |   in|   32|   ap_memory|     v52_5_1_1|         array|
|v52_5_1_1_address1  |  out|    8|   ap_memory|     v52_5_1_1|         array|
|v52_5_1_1_ce1       |  out|    1|   ap_memory|     v52_5_1_1|         array|
|v52_5_1_1_q1        |   in|   32|   ap_memory|     v52_5_1_1|         array|
|v52_6_0_0_address0  |  out|    8|   ap_memory|     v52_6_0_0|         array|
|v52_6_0_0_ce0       |  out|    1|   ap_memory|     v52_6_0_0|         array|
|v52_6_0_0_q0        |   in|   32|   ap_memory|     v52_6_0_0|         array|
|v52_6_0_0_address1  |  out|    8|   ap_memory|     v52_6_0_0|         array|
|v52_6_0_0_ce1       |  out|    1|   ap_memory|     v52_6_0_0|         array|
|v52_6_0_0_q1        |   in|   32|   ap_memory|     v52_6_0_0|         array|
|v52_6_0_1_address0  |  out|    8|   ap_memory|     v52_6_0_1|         array|
|v52_6_0_1_ce0       |  out|    1|   ap_memory|     v52_6_0_1|         array|
|v52_6_0_1_q0        |   in|   32|   ap_memory|     v52_6_0_1|         array|
|v52_6_0_1_address1  |  out|    8|   ap_memory|     v52_6_0_1|         array|
|v52_6_0_1_ce1       |  out|    1|   ap_memory|     v52_6_0_1|         array|
|v52_6_0_1_q1        |   in|   32|   ap_memory|     v52_6_0_1|         array|
|v52_6_1_0_address0  |  out|    8|   ap_memory|     v52_6_1_0|         array|
|v52_6_1_0_ce0       |  out|    1|   ap_memory|     v52_6_1_0|         array|
|v52_6_1_0_q0        |   in|   32|   ap_memory|     v52_6_1_0|         array|
|v52_6_1_0_address1  |  out|    8|   ap_memory|     v52_6_1_0|         array|
|v52_6_1_0_ce1       |  out|    1|   ap_memory|     v52_6_1_0|         array|
|v52_6_1_0_q1        |   in|   32|   ap_memory|     v52_6_1_0|         array|
|v52_6_1_1_address0  |  out|    8|   ap_memory|     v52_6_1_1|         array|
|v52_6_1_1_ce0       |  out|    1|   ap_memory|     v52_6_1_1|         array|
|v52_6_1_1_q0        |   in|   32|   ap_memory|     v52_6_1_1|         array|
|v52_6_1_1_address1  |  out|    8|   ap_memory|     v52_6_1_1|         array|
|v52_6_1_1_ce1       |  out|    1|   ap_memory|     v52_6_1_1|         array|
|v52_6_1_1_q1        |   in|   32|   ap_memory|     v52_6_1_1|         array|
|v52_7_0_0_address0  |  out|    8|   ap_memory|     v52_7_0_0|         array|
|v52_7_0_0_ce0       |  out|    1|   ap_memory|     v52_7_0_0|         array|
|v52_7_0_0_q0        |   in|   32|   ap_memory|     v52_7_0_0|         array|
|v52_7_0_0_address1  |  out|    8|   ap_memory|     v52_7_0_0|         array|
|v52_7_0_0_ce1       |  out|    1|   ap_memory|     v52_7_0_0|         array|
|v52_7_0_0_q1        |   in|   32|   ap_memory|     v52_7_0_0|         array|
|v52_7_0_1_address0  |  out|    8|   ap_memory|     v52_7_0_1|         array|
|v52_7_0_1_ce0       |  out|    1|   ap_memory|     v52_7_0_1|         array|
|v52_7_0_1_q0        |   in|   32|   ap_memory|     v52_7_0_1|         array|
|v52_7_0_1_address1  |  out|    8|   ap_memory|     v52_7_0_1|         array|
|v52_7_0_1_ce1       |  out|    1|   ap_memory|     v52_7_0_1|         array|
|v52_7_0_1_q1        |   in|   32|   ap_memory|     v52_7_0_1|         array|
|v52_7_1_0_address0  |  out|    8|   ap_memory|     v52_7_1_0|         array|
|v52_7_1_0_ce0       |  out|    1|   ap_memory|     v52_7_1_0|         array|
|v52_7_1_0_q0        |   in|   32|   ap_memory|     v52_7_1_0|         array|
|v52_7_1_0_address1  |  out|    8|   ap_memory|     v52_7_1_0|         array|
|v52_7_1_0_ce1       |  out|    1|   ap_memory|     v52_7_1_0|         array|
|v52_7_1_0_q1        |   in|   32|   ap_memory|     v52_7_1_0|         array|
|v52_7_1_1_address0  |  out|    8|   ap_memory|     v52_7_1_1|         array|
|v52_7_1_1_ce0       |  out|    1|   ap_memory|     v52_7_1_1|         array|
|v52_7_1_1_q0        |   in|   32|   ap_memory|     v52_7_1_1|         array|
|v52_7_1_1_address1  |  out|    8|   ap_memory|     v52_7_1_1|         array|
|v52_7_1_1_ce1       |  out|    1|   ap_memory|     v52_7_1_1|         array|
|v52_7_1_1_q1        |   in|   32|   ap_memory|     v52_7_1_1|         array|
|v53_0_0_0_address0  |  out|    8|   ap_memory|     v53_0_0_0|         array|
|v53_0_0_0_ce0       |  out|    1|   ap_memory|     v53_0_0_0|         array|
|v53_0_0_0_we0       |  out|    1|   ap_memory|     v53_0_0_0|         array|
|v53_0_0_0_d0        |  out|   32|   ap_memory|     v53_0_0_0|         array|
|v53_0_0_1_address0  |  out|    8|   ap_memory|     v53_0_0_1|         array|
|v53_0_0_1_ce0       |  out|    1|   ap_memory|     v53_0_0_1|         array|
|v53_0_0_1_we0       |  out|    1|   ap_memory|     v53_0_0_1|         array|
|v53_0_0_1_d0        |  out|   32|   ap_memory|     v53_0_0_1|         array|
|v53_0_1_0_address0  |  out|    8|   ap_memory|     v53_0_1_0|         array|
|v53_0_1_0_ce0       |  out|    1|   ap_memory|     v53_0_1_0|         array|
|v53_0_1_0_we0       |  out|    1|   ap_memory|     v53_0_1_0|         array|
|v53_0_1_0_d0        |  out|   32|   ap_memory|     v53_0_1_0|         array|
|v53_0_1_1_address0  |  out|    8|   ap_memory|     v53_0_1_1|         array|
|v53_0_1_1_ce0       |  out|    1|   ap_memory|     v53_0_1_1|         array|
|v53_0_1_1_we0       |  out|    1|   ap_memory|     v53_0_1_1|         array|
|v53_0_1_1_d0        |  out|   32|   ap_memory|     v53_0_1_1|         array|
|v53_1_0_0_address0  |  out|    8|   ap_memory|     v53_1_0_0|         array|
|v53_1_0_0_ce0       |  out|    1|   ap_memory|     v53_1_0_0|         array|
|v53_1_0_0_we0       |  out|    1|   ap_memory|     v53_1_0_0|         array|
|v53_1_0_0_d0        |  out|   32|   ap_memory|     v53_1_0_0|         array|
|v53_1_0_1_address0  |  out|    8|   ap_memory|     v53_1_0_1|         array|
|v53_1_0_1_ce0       |  out|    1|   ap_memory|     v53_1_0_1|         array|
|v53_1_0_1_we0       |  out|    1|   ap_memory|     v53_1_0_1|         array|
|v53_1_0_1_d0        |  out|   32|   ap_memory|     v53_1_0_1|         array|
|v53_1_1_0_address0  |  out|    8|   ap_memory|     v53_1_1_0|         array|
|v53_1_1_0_ce0       |  out|    1|   ap_memory|     v53_1_1_0|         array|
|v53_1_1_0_we0       |  out|    1|   ap_memory|     v53_1_1_0|         array|
|v53_1_1_0_d0        |  out|   32|   ap_memory|     v53_1_1_0|         array|
|v53_1_1_1_address0  |  out|    8|   ap_memory|     v53_1_1_1|         array|
|v53_1_1_1_ce0       |  out|    1|   ap_memory|     v53_1_1_1|         array|
|v53_1_1_1_we0       |  out|    1|   ap_memory|     v53_1_1_1|         array|
|v53_1_1_1_d0        |  out|   32|   ap_memory|     v53_1_1_1|         array|
|v53_2_0_0_address0  |  out|    8|   ap_memory|     v53_2_0_0|         array|
|v53_2_0_0_ce0       |  out|    1|   ap_memory|     v53_2_0_0|         array|
|v53_2_0_0_we0       |  out|    1|   ap_memory|     v53_2_0_0|         array|
|v53_2_0_0_d0        |  out|   32|   ap_memory|     v53_2_0_0|         array|
|v53_2_0_1_address0  |  out|    8|   ap_memory|     v53_2_0_1|         array|
|v53_2_0_1_ce0       |  out|    1|   ap_memory|     v53_2_0_1|         array|
|v53_2_0_1_we0       |  out|    1|   ap_memory|     v53_2_0_1|         array|
|v53_2_0_1_d0        |  out|   32|   ap_memory|     v53_2_0_1|         array|
|v53_2_1_0_address0  |  out|    8|   ap_memory|     v53_2_1_0|         array|
|v53_2_1_0_ce0       |  out|    1|   ap_memory|     v53_2_1_0|         array|
|v53_2_1_0_we0       |  out|    1|   ap_memory|     v53_2_1_0|         array|
|v53_2_1_0_d0        |  out|   32|   ap_memory|     v53_2_1_0|         array|
|v53_2_1_1_address0  |  out|    8|   ap_memory|     v53_2_1_1|         array|
|v53_2_1_1_ce0       |  out|    1|   ap_memory|     v53_2_1_1|         array|
|v53_2_1_1_we0       |  out|    1|   ap_memory|     v53_2_1_1|         array|
|v53_2_1_1_d0        |  out|   32|   ap_memory|     v53_2_1_1|         array|
|v53_3_0_0_address0  |  out|    8|   ap_memory|     v53_3_0_0|         array|
|v53_3_0_0_ce0       |  out|    1|   ap_memory|     v53_3_0_0|         array|
|v53_3_0_0_we0       |  out|    1|   ap_memory|     v53_3_0_0|         array|
|v53_3_0_0_d0        |  out|   32|   ap_memory|     v53_3_0_0|         array|
|v53_3_0_1_address0  |  out|    8|   ap_memory|     v53_3_0_1|         array|
|v53_3_0_1_ce0       |  out|    1|   ap_memory|     v53_3_0_1|         array|
|v53_3_0_1_we0       |  out|    1|   ap_memory|     v53_3_0_1|         array|
|v53_3_0_1_d0        |  out|   32|   ap_memory|     v53_3_0_1|         array|
|v53_3_1_0_address0  |  out|    8|   ap_memory|     v53_3_1_0|         array|
|v53_3_1_0_ce0       |  out|    1|   ap_memory|     v53_3_1_0|         array|
|v53_3_1_0_we0       |  out|    1|   ap_memory|     v53_3_1_0|         array|
|v53_3_1_0_d0        |  out|   32|   ap_memory|     v53_3_1_0|         array|
|v53_3_1_1_address0  |  out|    8|   ap_memory|     v53_3_1_1|         array|
|v53_3_1_1_ce0       |  out|    1|   ap_memory|     v53_3_1_1|         array|
|v53_3_1_1_we0       |  out|    1|   ap_memory|     v53_3_1_1|         array|
|v53_3_1_1_d0        |  out|   32|   ap_memory|     v53_3_1_1|         array|
|v53_4_0_0_address0  |  out|    8|   ap_memory|     v53_4_0_0|         array|
|v53_4_0_0_ce0       |  out|    1|   ap_memory|     v53_4_0_0|         array|
|v53_4_0_0_we0       |  out|    1|   ap_memory|     v53_4_0_0|         array|
|v53_4_0_0_d0        |  out|   32|   ap_memory|     v53_4_0_0|         array|
|v53_4_0_1_address0  |  out|    8|   ap_memory|     v53_4_0_1|         array|
|v53_4_0_1_ce0       |  out|    1|   ap_memory|     v53_4_0_1|         array|
|v53_4_0_1_we0       |  out|    1|   ap_memory|     v53_4_0_1|         array|
|v53_4_0_1_d0        |  out|   32|   ap_memory|     v53_4_0_1|         array|
|v53_4_1_0_address0  |  out|    8|   ap_memory|     v53_4_1_0|         array|
|v53_4_1_0_ce0       |  out|    1|   ap_memory|     v53_4_1_0|         array|
|v53_4_1_0_we0       |  out|    1|   ap_memory|     v53_4_1_0|         array|
|v53_4_1_0_d0        |  out|   32|   ap_memory|     v53_4_1_0|         array|
|v53_4_1_1_address0  |  out|    8|   ap_memory|     v53_4_1_1|         array|
|v53_4_1_1_ce0       |  out|    1|   ap_memory|     v53_4_1_1|         array|
|v53_4_1_1_we0       |  out|    1|   ap_memory|     v53_4_1_1|         array|
|v53_4_1_1_d0        |  out|   32|   ap_memory|     v53_4_1_1|         array|
|v53_5_0_0_address0  |  out|    8|   ap_memory|     v53_5_0_0|         array|
|v53_5_0_0_ce0       |  out|    1|   ap_memory|     v53_5_0_0|         array|
|v53_5_0_0_we0       |  out|    1|   ap_memory|     v53_5_0_0|         array|
|v53_5_0_0_d0        |  out|   32|   ap_memory|     v53_5_0_0|         array|
|v53_5_0_1_address0  |  out|    8|   ap_memory|     v53_5_0_1|         array|
|v53_5_0_1_ce0       |  out|    1|   ap_memory|     v53_5_0_1|         array|
|v53_5_0_1_we0       |  out|    1|   ap_memory|     v53_5_0_1|         array|
|v53_5_0_1_d0        |  out|   32|   ap_memory|     v53_5_0_1|         array|
|v53_5_1_0_address0  |  out|    8|   ap_memory|     v53_5_1_0|         array|
|v53_5_1_0_ce0       |  out|    1|   ap_memory|     v53_5_1_0|         array|
|v53_5_1_0_we0       |  out|    1|   ap_memory|     v53_5_1_0|         array|
|v53_5_1_0_d0        |  out|   32|   ap_memory|     v53_5_1_0|         array|
|v53_5_1_1_address0  |  out|    8|   ap_memory|     v53_5_1_1|         array|
|v53_5_1_1_ce0       |  out|    1|   ap_memory|     v53_5_1_1|         array|
|v53_5_1_1_we0       |  out|    1|   ap_memory|     v53_5_1_1|         array|
|v53_5_1_1_d0        |  out|   32|   ap_memory|     v53_5_1_1|         array|
|v53_6_0_0_address0  |  out|    8|   ap_memory|     v53_6_0_0|         array|
|v53_6_0_0_ce0       |  out|    1|   ap_memory|     v53_6_0_0|         array|
|v53_6_0_0_we0       |  out|    1|   ap_memory|     v53_6_0_0|         array|
|v53_6_0_0_d0        |  out|   32|   ap_memory|     v53_6_0_0|         array|
|v53_6_0_1_address0  |  out|    8|   ap_memory|     v53_6_0_1|         array|
|v53_6_0_1_ce0       |  out|    1|   ap_memory|     v53_6_0_1|         array|
|v53_6_0_1_we0       |  out|    1|   ap_memory|     v53_6_0_1|         array|
|v53_6_0_1_d0        |  out|   32|   ap_memory|     v53_6_0_1|         array|
|v53_6_1_0_address0  |  out|    8|   ap_memory|     v53_6_1_0|         array|
|v53_6_1_0_ce0       |  out|    1|   ap_memory|     v53_6_1_0|         array|
|v53_6_1_0_we0       |  out|    1|   ap_memory|     v53_6_1_0|         array|
|v53_6_1_0_d0        |  out|   32|   ap_memory|     v53_6_1_0|         array|
|v53_6_1_1_address0  |  out|    8|   ap_memory|     v53_6_1_1|         array|
|v53_6_1_1_ce0       |  out|    1|   ap_memory|     v53_6_1_1|         array|
|v53_6_1_1_we0       |  out|    1|   ap_memory|     v53_6_1_1|         array|
|v53_6_1_1_d0        |  out|   32|   ap_memory|     v53_6_1_1|         array|
|v53_7_0_0_address0  |  out|    8|   ap_memory|     v53_7_0_0|         array|
|v53_7_0_0_ce0       |  out|    1|   ap_memory|     v53_7_0_0|         array|
|v53_7_0_0_we0       |  out|    1|   ap_memory|     v53_7_0_0|         array|
|v53_7_0_0_d0        |  out|   32|   ap_memory|     v53_7_0_0|         array|
|v53_7_0_1_address0  |  out|    8|   ap_memory|     v53_7_0_1|         array|
|v53_7_0_1_ce0       |  out|    1|   ap_memory|     v53_7_0_1|         array|
|v53_7_0_1_we0       |  out|    1|   ap_memory|     v53_7_0_1|         array|
|v53_7_0_1_d0        |  out|   32|   ap_memory|     v53_7_0_1|         array|
|v53_7_1_0_address0  |  out|    8|   ap_memory|     v53_7_1_0|         array|
|v53_7_1_0_ce0       |  out|    1|   ap_memory|     v53_7_1_0|         array|
|v53_7_1_0_we0       |  out|    1|   ap_memory|     v53_7_1_0|         array|
|v53_7_1_0_d0        |  out|   32|   ap_memory|     v53_7_1_0|         array|
|v53_7_1_1_address0  |  out|    8|   ap_memory|     v53_7_1_1|         array|
|v53_7_1_1_ce0       |  out|    1|   ap_memory|     v53_7_1_1|         array|
|v53_7_1_1_we0       |  out|    1|   ap_memory|     v53_7_1_1|         array|
|v53_7_1_1_d0        |  out|   32|   ap_memory|     v53_7_1_1|         array|
+--------------------+-----+-----+------------+--------------+--------------+

