

================================================================
== Vitis HLS Report for 'node7'
================================================================
* Date:           Tue Oct  1 18:25:20 2024

* Version:        2023.2 (Build 4023990 on Oct 11 2023)
* Project:        hls_k7mmseq_balanced
* Solution:       solution1 (Vivado IP Flow Target)
* Product family: virtexuplusHBM
* Target device:  xcu280-fsvh2892-2L-e


================================================================
== Performance Estimates
================================================================
+ Timing: 
    * Summary: 
    +--------+---------+----------+------------+
    |  Clock |  Target | Estimated| Uncertainty|
    +--------+---------+----------+------------+
    |ap_clk  |  3.33 ns|  2.697 ns|     0.90 ns|
    +--------+---------+----------+------------+

+ Latency: 
    * Summary: 
    +---------+---------+----------+----------+---------+---------+---------+
    |  Latency (cycles) |  Latency (absolute) |      Interval     | Pipeline|
    |   min   |   max   |    min   |    max   |   min   |   max   |   Type  |
    +---------+---------+----------+----------+---------+---------+---------+
    |  1048586|  1048586|  3.492 ms|  3.492 ms|  1048586|  1048586|       no|
    +---------+---------+----------+----------+---------+---------+---------+

    + Detail: 
        * Instance: 
        N/A

        * Loop: 
        +------------------------+---------+---------+----------+-----------+-----------+--------+----------+
        |                        |  Latency (cycles) | Iteration|  Initiation Interval  |  Trip  |          |
        |        Loop Name       |   min   |   max   |  Latency |  achieved |   target  |  Count | Pipelined|
        +------------------------+---------+---------+----------+-----------+-----------+--------+----------+
        |- loop20_loop21_loop22  |  1048584|  1048584|        13|          4|          1|  262144|       yes|
        +------------------------+---------+---------+----------+-----------+-----------+--------+----------+



================================================================
== Utilization Estimates
================================================================
* Summary: 
+---------------------+---------+------+---------+---------+-----+
|         Name        | BRAM_18K|  DSP |    FF   |   LUT   | URAM|
+---------------------+---------+------+---------+---------+-----+
|DSP                  |        -|     -|        -|        -|    -|
|Expression           |        -|     -|        0|      349|    -|
|FIFO                 |        -|     -|        -|        -|    -|
|Instance             |        -|     3|      386|      416|    -|
|Memory               |        0|     -|        0|        0|    1|
|Multiplexer          |        -|     -|        -|      216|    -|
|Register             |        -|     -|      558|      128|    -|
+---------------------+---------+------+---------+---------+-----+
|Total                |        0|     3|      944|     1109|    1|
+---------------------+---------+------+---------+---------+-----+
|Available SLR        |     1344|  3008|   869120|   434560|  320|
+---------------------+---------+------+---------+---------+-----+
|Utilization SLR (%)  |        0|    ~0|       ~0|       ~0|   ~0|
+---------------------+---------+------+---------+---------+-----+
|Available            |     4032|  9024|  2607360|  1303680|  960|
+---------------------+---------+------+---------+---------+-----+
|Utilization (%)      |        0|    ~0|       ~0|       ~0|   ~0|
+---------------------+---------+------+---------+---------+-----+

+ Detail: 
    * Instance: 
    +----------------------------------+-------------------------------+---------+----+-----+-----+-----+
    |             Instance             |             Module            | BRAM_18K| DSP|  FF | LUT | URAM|
    +----------------------------------+-------------------------------+---------+----+-----+-----+-----+
    |fadd_32ns_32ns_32_5_no_dsp_1_U1   |fadd_32ns_32ns_32_5_no_dsp_1   |        0|   0|  243|  338|    0|
    |fmul_32ns_32ns_32_4_max_dsp_1_U2  |fmul_32ns_32ns_32_4_max_dsp_1  |        0|   3|  143|   78|    0|
    +----------------------------------+-------------------------------+---------+----+-----+-----+-----+
    |Total                             |                               |        0|   3|  386|  416|    0|
    +----------------------------------+-------------------------------+---------+----+-----+-----+-----+

    * DSP: 
    N/A

    * Memory: 
    +--------+--------------------------+---------+---+----+-----+------+-----+------+-------------+
    | Memory |          Module          | BRAM_18K| FF| LUT| URAM| Words| Bits| Banks| W*Bits*Banks|
    +--------+--------------------------+---------+---+----+-----+------+-----+------+-------------+
    |v105_U  |node7_v105_RAM_AUTO_1R1W  |        0|  0|   0|    1|  4096|   32|     1|       131072|
    +--------+--------------------------+---------+---+----+-----+------+-----+------+-------------+
    |Total   |                          |        0|  0|   0|    1|  4096|   32|     1|       131072|
    +--------+--------------------------+---------+---+----+-----+------+-----+------+-------------+

    * FIFO: 
    N/A

    * Expression: 
    +-----------------------------------+----------+----+---+----+------------+------------+
    |           Variable Name           | Operation| DSP| FF| LUT| Bitwidth P0| Bitwidth P1|
    +-----------------------------------+----------+----+---+----+------------+------------+
    |add_ln255_1_fu_194_p2              |         +|   0|  0|  26|          19|           1|
    |add_ln255_fu_209_p2                |         +|   0|  0|  14|           7|           1|
    |add_ln256_1_fu_303_p2              |         +|   0|  0|  21|          14|           1|
    |add_ln256_fu_265_p2                |         +|   0|  0|  14|           7|           1|
    |add_ln257_fu_395_p2                |         +|   0|  0|  14|           7|           1|
    |add_ln260_fu_356_p2                |         +|   0|  0|  19|          12|          12|
    |add_ln261_fu_374_p2                |         +|   0|  0|  19|          12|          12|
    |empty_7_fu_342_p2                  |         +|   0|  0|  19|          12|          12|
    |and_ln255_fu_247_p2                |       and|   0|  0|   2|           1|           1|
    |ap_block_state13_pp0_stage0_iter3  |       and|   0|  0|   2|           1|           1|
    |ap_condition_232                   |       and|   0|  0|   2|           1|           1|
    |ap_condition_505                   |       and|   0|  0|   2|           1|           1|
    |ap_condition_514                   |       and|   0|  0|   2|           1|           1|
    |ap_condition_518                   |       and|   0|  0|   2|           1|           1|
    |icmp_ln255_fu_188_p2               |      icmp|   0|  0|  27|          19|          20|
    |icmp_ln256_fu_215_p2               |      icmp|   0|  0|  21|          14|          13|
    |icmp_ln257_1_fu_400_p2             |      icmp|   0|  0|  15|           7|           8|
    |icmp_ln257_fu_241_p2               |      icmp|   0|  0|  15|           7|           8|
    |icmp_ln262_fu_385_p2               |      icmp|   0|  0|  14|           7|           1|
    |icmp_ln269_fu_390_p2               |      icmp|   0|  0|  13|           6|           2|
    |ap_block_pp0_stage0_01001          |        or|   0|  0|   2|           1|           1|
    |or_ln255_fu_229_p2                 |        or|   0|  0|   2|           1|           1|
    |or_ln256_1_fu_277_p2               |        or|   0|  0|   2|           1|           1|
    |or_ln256_fu_271_p2                 |        or|   0|  0|   2|           1|           1|
    |grp_fu_149_p0                      |    select|   0|  0|  32|           1|           1|
    |select_ln255_1_fu_253_p3           |    select|   0|  0|   7|           1|           7|
    |select_ln255_fu_221_p3             |    select|   0|  0|   7|           1|           1|
    |select_ln256_1_fu_295_p3           |    select|   0|  0|   7|           1|           7|
    |select_ln256_2_fu_309_p3           |    select|   0|  0|  14|           1|           1|
    |select_ln256_fu_283_p3             |    select|   0|  0|   7|           1|           1|
    |ap_enable_pp0                      |       xor|   0|  0|   2|           1|           2|
    |xor_ln255_fu_235_p2                |       xor|   0|  0|   2|           1|           2|
    +-----------------------------------+----------+----+---+----+------------+------------+
    |Total                              |          |   0|  0| 349|         168|         125|
    +-----------------------------------+----------+----+---+----+------------+------------+

    * Multiplexer: 
    +----------------------------------------+----+-----------+-----+-----------+
    |                  Name                  | LUT| Input Size| Bits| Total Bits|
    +----------------------------------------+----+-----------+-----+-----------+
    |ap_NS_fsm                               |  26|          5|    1|          5|
    |ap_done_int                             |   9|          2|    1|          2|
    |ap_enable_reg_pp0_iter0                 |   9|          2|    1|          2|
    |ap_enable_reg_pp0_iter1                 |   9|          2|    1|          2|
    |ap_enable_reg_pp0_iter3                 |   9|          2|    1|          2|
    |ap_loop_exit_ready_pp0_iter1_reg        |   9|          2|    1|          2|
    |ap_loop_exit_ready_pp0_iter2_reg        |   9|          2|    1|          2|
    |ap_sig_allocacmp_indvar_flatten14_load  |   9|          2|   19|         38|
    |ap_sig_allocacmp_indvar_flatten_load    |   9|          2|   14|         28|
    |ap_sig_allocacmp_p_load                 |  14|          3|   32|         96|
    |ap_sig_allocacmp_v106_load              |   9|          2|    7|         14|
    |ap_sig_allocacmp_v107_load              |   9|          2|    7|         14|
    |ap_sig_allocacmp_v108_load              |   9|          2|    7|         14|
    |empty_fu_86                             |   9|          2|   32|         64|
    |indvar_flatten14_fu_82                  |   9|          2|   19|         38|
    |indvar_flatten_fu_74                    |   9|          2|   14|         28|
    |v105_address0                           |  14|          3|   12|         36|
    |v106_fu_78                              |   9|          2|    7|         14|
    |v107_fu_70                              |   9|          2|    7|         14|
    |v108_fu_66                              |   9|          2|    7|         14|
    |v130_blk_n                              |   9|          2|    1|          2|
    +----------------------------------------+----+-----------+-----+-----------+
    |Total                                   | 216|         47|  192|        431|
    +----------------------------------------+----+-----------+-----+-----------+

    * Register: 
    +----------------------------------+----+----+-----+-----------+
    |               Name               | FF | LUT| Bits| Const Bits|
    +----------------------------------+----+----+-----+-----------+
    |ap_CS_fsm                         |   4|   0|    4|          0|
    |ap_done_reg                       |   1|   0|    1|          0|
    |ap_enable_reg_pp0_iter0_reg       |   1|   0|    1|          0|
    |ap_enable_reg_pp0_iter1           |   1|   0|    1|          0|
    |ap_enable_reg_pp0_iter2           |   1|   0|    1|          0|
    |ap_enable_reg_pp0_iter3           |   1|   0|    1|          0|
    |ap_loop_exit_ready_pp0_iter1_reg  |   1|   0|    1|          0|
    |ap_loop_exit_ready_pp0_iter2_reg  |   1|   0|    1|          0|
    |empty_fu_86                       |  32|   0|   32|          0|
    |icmp_ln255_reg_489                |   1|   0|    1|          0|
    |icmp_ln257_1_reg_545              |   1|   0|    1|          0|
    |icmp_ln262_reg_536                |   1|   0|    1|          0|
    |icmp_ln262_reg_536_pp0_iter1_reg  |   1|   0|    1|          0|
    |icmp_ln269_reg_541                |   1|   0|    1|          0|
    |indvar_flatten14_fu_82            |  19|   0|   19|          0|
    |indvar_flatten_fu_74              |  14|   0|   14|          0|
    |or_ln256_reg_498                  |   1|   0|    1|          0|
    |or_ln256_reg_498_pp0_iter1_reg    |   1|   0|    1|          0|
    |select_ln256_1_reg_515            |   7|   0|    7|          0|
    |select_ln256_reg_502              |   7|   0|    7|          0|
    |trunc_ln256_1_reg_509             |   6|   0|    6|          0|
    |trunc_ln256_reg_493               |   6|   0|    6|          0|
    |v105_addr_reg_521                 |  12|   0|   12|          0|
    |v105_load_reg_549                 |  32|   0|   32|          0|
    |v106_fu_78                        |   7|   0|    7|          0|
    |v107_fu_70                        |   7|   0|    7|          0|
    |v108_fu_66                        |   7|   0|    7|          0|
    |v112_reg_554                      |  32|   0|   32|          0|
    |v113_reg_584                      |  32|   0|   32|          0|
    |v115_load_reg_564                 |  32|   0|   32|          0|
    |v116_load_reg_569                 |  32|   0|   32|          0|
    |icmp_ln255_reg_489                |  64|  32|    1|          0|
    |icmp_ln257_1_reg_545              |  64|  32|    1|          0|
    |icmp_ln269_reg_541                |  64|  32|    1|          0|
    |v105_addr_reg_521                 |  64|  32|   12|          0|
    +----------------------------------+----+----+-----+-----------+
    |Total                             | 558| 128|  317|          0|
    +----------------------------------+----+----+-----+-----------+



================================================================
== Interface
================================================================
* Summary: 
+---------------------+-----+-----+------------+--------------+--------------+
|      RTL Ports      | Dir | Bits|  Protocol  | Source Object|    C Type    |
+---------------------+-----+-----+------------+--------------+--------------+
|ap_clk               |   in|    1|  ap_ctrl_hs|         node7|  return value|
|ap_rst               |   in|    1|  ap_ctrl_hs|         node7|  return value|
|ap_start             |   in|    1|  ap_ctrl_hs|         node7|  return value|
|ap_done              |  out|    1|  ap_ctrl_hs|         node7|  return value|
|ap_continue          |   in|    1|  ap_ctrl_hs|         node7|  return value|
|ap_idle              |  out|    1|  ap_ctrl_hs|         node7|  return value|
|ap_ready             |  out|    1|  ap_ctrl_hs|         node7|  return value|
|v115_address0        |  out|   12|   ap_memory|          v115|         array|
|v115_ce0             |  out|    1|   ap_memory|          v115|         array|
|v115_q0              |   in|   32|   ap_memory|          v115|         array|
|v116_address0        |  out|   12|   ap_memory|          v116|         array|
|v116_ce0             |  out|    1|   ap_memory|          v116|         array|
|v116_q0              |   in|   32|   ap_memory|          v116|         array|
|v130_din             |  out|   32|     ap_fifo|          v130|       pointer|
|v130_num_data_valid  |   in|   13|     ap_fifo|          v130|       pointer|
|v130_fifo_cap        |   in|   13|     ap_fifo|          v130|       pointer|
|v130_full_n          |   in|    1|     ap_fifo|          v130|       pointer|
|v130_write           |  out|    1|     ap_fifo|          v130|       pointer|
+---------------------+-----+-----+------------+--------------+--------------+

