

================================================================
== Vitis HLS Report for 'Loop_loop30_proc3_Pipeline_loop30_loop31_loop32'
================================================================
* Date:           Sat Sep 28 12:44:54 2024

* Version:        2023.2 (Build 4023990 on Oct 11 2023)
* Project:        hls_ResidualBlock
* Solution:       solution1 (Vivado IP Flow Target)
* Product family: virtexuplusHBM
* Target device:  xcu280-fsvh2892-2L-e


================================================================
== Performance Estimates
================================================================
+ Timing: 
    * Summary: 
    +--------+---------+----------+------------+
    |  Clock |  Target | Estimated| Uncertainty|
    +--------+---------+----------+------------+
    |ap_clk  |  3.33 ns|  2.630 ns|     0.90 ns|
    +--------+---------+----------+------------+

+ Latency: 
    * Summary: 
    +---------+---------+-----------+-----------+-------+-------+---------+
    |  Latency (cycles) |   Latency (absolute)  |    Interval   | Pipeline|
    |   min   |   max   |    min    |    max    |  min  |  max  |   Type  |
    +---------+---------+-----------+-----------+-------+-------+---------+
    |    13467|    13467|  44.845 us|  44.845 us|  13467|  13467|       no|
    +---------+---------+-----------+-----------+-------+-------+---------+

    + Detail: 
        * Instance: 
        N/A

        * Loop: 
        +------------------------+---------+---------+----------+-----------+-----------+-------+----------+
        |                        |  Latency (cycles) | Iteration|  Initiation Interval  |  Trip |          |
        |        Loop Name       |   min   |   max   |  Latency |  achieved |   target  | Count | Pipelined|
        +------------------------+---------+---------+----------+-----------+-----------+-------+----------+
        |- loop30_loop31_loop32  |    13465|    13465|        11|          1|          1|  13456|       yes|
        +------------------------+---------+---------+----------+-----------+-----------+-------+----------+



================================================================
== Utilization Estimates
================================================================
* Summary: 
+---------------------+---------+------+---------+---------+-----+
|         Name        | BRAM_18K|  DSP |    FF   |   LUT   | URAM|
+---------------------+---------+------+---------+---------+-----+
|DSP                  |        -|     2|        -|        -|    -|
|Expression           |        -|     -|        0|      239|    -|
|FIFO                 |        -|     -|        -|        -|    -|
|Instance             |        -|     0|      128|      108|    -|
|Memory               |        -|     -|        -|        -|    -|
|Multiplexer          |        -|     -|        -|       90|    -|
|Register             |        -|     -|      286|       96|    -|
+---------------------+---------+------+---------+---------+-----+
|Total                |        0|     2|      414|      533|    0|
+---------------------+---------+------+---------+---------+-----+
|Available SLR        |     1344|  3008|   869120|   434560|  320|
+---------------------+---------+------+---------+---------+-----+
|Utilization SLR (%)  |        0|    ~0|       ~0|       ~0|    0|
+---------------------+---------+------+---------+---------+-----+
|Available            |     4032|  9024|  2607360|  1303680|  960|
+---------------------+---------+------+---------+---------+-----+
|Utilization (%)      |        0|    ~0|       ~0|       ~0|    0|
+---------------------+---------+------+---------+---------+-----+

+ Detail: 
    * Instance: 
    +-------------------------+---------------------+---------+----+-----+----+-----+
    |         Instance        |        Module       | BRAM_18K| DSP|  FF | LUT| URAM|
    +-------------------------+---------------------+---------+----+-----+----+-----+
    |mul_6ns_8ns_13_1_1_U71   |mul_6ns_8ns_13_1_1   |        0|   0|    0|  40|    0|
    |urem_6ns_4ns_3_10_1_U70  |urem_6ns_4ns_3_10_1  |        0|   0|  128|  68|    0|
    +-------------------------+---------------------+---------+----+-----+----+-----+
    |Total                    |                     |        0|   0|  128| 108|    0|
    +-------------------------+---------------------+---------+----+-----+----+-----+

    * DSP: 
    +----------------------------------+------------------------------+--------------+
    |             Instance             |            Module            |  Expression  |
    +----------------------------------+------------------------------+--------------+
    |mac_muladd_4ns_5ns_5ns_9_4_1_U72  |mac_muladd_4ns_5ns_5ns_9_4_1  |  i0 * i1 + i2|
    |mac_muladd_4ns_5ns_5ns_9_4_1_U73  |mac_muladd_4ns_5ns_5ns_9_4_1  |  i0 * i1 + i2|
    +----------------------------------+------------------------------+--------------+

    * Memory: 
    N/A

    * FIFO: 
    N/A

    * Expression: 
    +--------------------------+----------+----+---+----+------------+------------+
    |       Variable Name      | Operation| DSP| FF| LUT| Bitwidth P0| Bitwidth P1|
    +--------------------------+----------+----+---+----+------------+------------+
    |add_ln131_1_fu_537_p2     |         +|   0|  0|  21|          14|           1|
    |add_ln131_fu_647_p2       |         +|   0|  0|  12|           4|           1|
    |add_ln132_1_fu_596_p2     |         +|   0|  0|  18|          11|           1|
    |add_ln132_fu_695_p2       |         +|   0|  0|  12|           5|           1|
    |add_ln133_fu_590_p2       |         +|   0|  0|  13|           6|           1|
    |add_ln139_1_fu_735_p2     |         +|   0|  0|  17|          13|          13|
    |add_ln139_3_fu_755_p2     |         +|   0|  0|  17|          13|          13|
    |add_ln139_4_fu_764_p2     |         +|   0|  0|  17|          13|          13|
    |add_ln139_5_fu_788_p2     |         +|   0|  0|  17|          13|          13|
    |and_ln131_fu_564_p2       |       and|   0|  0|   2|           1|           1|
    |icmp_ln131_fu_531_p2      |      icmp|   0|  0|  21|          14|          13|
    |icmp_ln132_fu_546_p2      |      icmp|   0|  0|  18|          11|          10|
    |icmp_ln133_fu_558_p2      |      icmp|   0|  0|  13|           6|           4|
    |empty_221_fu_670_p2       |        or|   0|  0|   4|           4|           1|
    |or_ln132_fu_570_p2        |        or|   0|  0|   2|           1|           1|
    |select_ln131_1_fu_653_p3  |    select|   0|  0|   4|           1|           4|
    |select_ln131_fu_688_p3    |    select|   0|  0|   5|           1|           1|
    |select_ln132_1_fu_701_p3  |    select|   0|  0|   5|           1|           5|
    |select_ln132_2_fu_602_p3  |    select|   0|  0|  11|           1|           1|
    |select_ln132_fu_576_p3    |    select|   0|  0|   6|           1|           1|
    |ap_enable_pp0             |       xor|   0|  0|   2|           1|           2|
    |xor_ln131_fu_552_p2       |       xor|   0|  0|   2|           1|           2|
    +--------------------------+----------+----+---+----+------------+------------+
    |Total                     |          |   0|  0| 239|         136|         103|
    +--------------------------+----------+----+---+----+------------+------------+

    * Multiplexer: 
    +----------------------------------------+----+-----------+-----+-----------+
    |                  Name                  | LUT| Input Size| Bits| Total Bits|
    +----------------------------------------+----+-----------+-----+-----------+
    |ap_done_int                             |   9|          2|    1|          2|
    |ap_enable_reg_pp0_iter1                 |   9|          2|    1|          2|
    |ap_sig_allocacmp_indvar_flatten12_load  |   9|          2|   14|         28|
    |ap_sig_allocacmp_indvar_flatten_load    |   9|          2|   11|         22|
    |ap_sig_allocacmp_v56_load               |   9|          2|    6|         12|
    |indvar_flatten12_fu_118                 |   9|          2|   14|         28|
    |indvar_flatten_fu_110                   |   9|          2|   11|         22|
    |v54_fu_114                              |   9|          2|    4|          8|
    |v55_fu_106                              |   9|          2|    5|         10|
    |v56_fu_102                              |   9|          2|    6|         12|
    +----------------------------------------+----+-----------+-----+-----------+
    |Total                                   |  90|         20|   73|        146|
    +----------------------------------------+----+-----------+-----+-----------+

    * Register: 
    +----------------------------------+----+----+-----+-----------+
    |               Name               | FF | LUT| Bits| Const Bits|
    +----------------------------------+----+----+-----+-----------+
    |add_ln139_2_reg_911               |   9|   0|    9|          0|
    |add_ln139_reg_905                 |   9|   0|    9|          0|
    |and_ln131_reg_873                 |   1|   0|    1|          0|
    |ap_CS_fsm                         |   1|   0|    1|          0|
    |ap_done_reg                       |   1|   0|    1|          0|
    |ap_enable_reg_pp0_iter1           |   1|   0|    1|          0|
    |ap_enable_reg_pp0_iter10          |   1|   0|    1|          0|
    |ap_enable_reg_pp0_iter2           |   1|   0|    1|          0|
    |ap_enable_reg_pp0_iter3           |   1|   0|    1|          0|
    |ap_enable_reg_pp0_iter4           |   1|   0|    1|          0|
    |ap_enable_reg_pp0_iter5           |   1|   0|    1|          0|
    |ap_enable_reg_pp0_iter6           |   1|   0|    1|          0|
    |ap_enable_reg_pp0_iter7           |   1|   0|    1|          0|
    |ap_enable_reg_pp0_iter8           |   1|   0|    1|          0|
    |ap_enable_reg_pp0_iter9           |   1|   0|    1|          0|
    |ap_loop_exit_ready_pp0_iter1_reg  |   1|   0|    1|          0|
    |ap_loop_exit_ready_pp0_iter2_reg  |   1|   0|    1|          0|
    |ap_loop_exit_ready_pp0_iter3_reg  |   1|   0|    1|          0|
    |ap_loop_exit_ready_pp0_iter4_reg  |   1|   0|    1|          0|
    |ap_loop_exit_ready_pp0_iter5_reg  |   1|   0|    1|          0|
    |ap_loop_exit_ready_pp0_iter6_reg  |   1|   0|    1|          0|
    |ap_loop_exit_ready_pp0_iter7_reg  |   1|   0|    1|          0|
    |ap_loop_exit_ready_pp0_iter8_reg  |   1|   0|    1|          0|
    |ap_loop_exit_ready_pp0_iter9_reg  |   1|   0|    1|          0|
    |icmp_ln132_reg_867                |   1|   0|    1|          0|
    |indvar_flatten12_fu_118           |  14|   0|   14|          0|
    |indvar_flatten_fu_110             |  11|   0|   11|          0|
    |select_ln132_reg_878              |   6|   0|    6|          0|
    |tmp_80_reg_884                    |   4|   0|    4|          0|
    |trunc_ln133_reg_917               |   3|   0|    3|          0|
    |v54_fu_114                        |   4|   0|    4|          0|
    |v55_fu_106                        |   5|   0|    5|          0|
    |v56_fu_102                        |   6|   0|    6|          0|
    |and_ln131_reg_873                 |  64|  32|    1|          0|
    |icmp_ln132_reg_867                |  64|  32|    1|          0|
    |tmp_80_reg_884                    |  64|  32|    4|          0|
    +----------------------------------+----+----+-----+-----------+
    |Total                             | 286|  96|  100|          0|
    +----------------------------------+----+----+-----+-----------+



================================================================
== Interface
================================================================
* Summary: 
+-----------------+-----+-----+------------+-------------------------------------------------+--------------+
|    RTL Ports    | Dir | Bits|  Protocol  |                  Source Object                  |    C Type    |
+-----------------+-----+-----+------------+-------------------------------------------------+--------------+
|ap_clk           |   in|    1|  ap_ctrl_hs|  Loop_loop30_proc3_Pipeline_loop30_loop31_loop32|  return value|
|ap_rst           |   in|    1|  ap_ctrl_hs|  Loop_loop30_proc3_Pipeline_loop30_loop31_loop32|  return value|
|ap_start         |   in|    1|  ap_ctrl_hs|  Loop_loop30_proc3_Pipeline_loop30_loop31_loop32|  return value|
|ap_done          |  out|    1|  ap_ctrl_hs|  Loop_loop30_proc3_Pipeline_loop30_loop31_loop32|  return value|
|ap_idle          |  out|    1|  ap_ctrl_hs|  Loop_loop30_proc3_Pipeline_loop30_loop31_loop32|  return value|
|ap_ready         |  out|    1|  ap_ctrl_hs|  Loop_loop30_proc3_Pipeline_loop30_loop31_loop32|  return value|
|v53_13_address0  |  out|   13|   ap_memory|                                           v53_13|         array|
|v53_13_ce0       |  out|    1|   ap_memory|                                           v53_13|         array|
|v53_13_we0       |  out|    1|   ap_memory|                                           v53_13|         array|
|v53_13_d0        |  out|   32|   ap_memory|                                           v53_13|         array|
|v53_13_address1  |  out|   13|   ap_memory|                                           v53_13|         array|
|v53_13_ce1       |  out|    1|   ap_memory|                                           v53_13|         array|
|v53_13_we1       |  out|    1|   ap_memory|                                           v53_13|         array|
|v53_13_d1        |  out|   32|   ap_memory|                                           v53_13|         array|
|v53_12_address0  |  out|   13|   ap_memory|                                           v53_12|         array|
|v53_12_ce0       |  out|    1|   ap_memory|                                           v53_12|         array|
|v53_12_we0       |  out|    1|   ap_memory|                                           v53_12|         array|
|v53_12_d0        |  out|   32|   ap_memory|                                           v53_12|         array|
|v53_12_address1  |  out|   13|   ap_memory|                                           v53_12|         array|
|v53_12_ce1       |  out|    1|   ap_memory|                                           v53_12|         array|
|v53_12_we1       |  out|    1|   ap_memory|                                           v53_12|         array|
|v53_12_d1        |  out|   32|   ap_memory|                                           v53_12|         array|
|v53_11_address0  |  out|   13|   ap_memory|                                           v53_11|         array|
|v53_11_ce0       |  out|    1|   ap_memory|                                           v53_11|         array|
|v53_11_we0       |  out|    1|   ap_memory|                                           v53_11|         array|
|v53_11_d0        |  out|   32|   ap_memory|                                           v53_11|         array|
|v53_11_address1  |  out|   13|   ap_memory|                                           v53_11|         array|
|v53_11_ce1       |  out|    1|   ap_memory|                                           v53_11|         array|
|v53_11_we1       |  out|    1|   ap_memory|                                           v53_11|         array|
|v53_11_d1        |  out|   32|   ap_memory|                                           v53_11|         array|
|v53_10_address0  |  out|   13|   ap_memory|                                           v53_10|         array|
|v53_10_ce0       |  out|    1|   ap_memory|                                           v53_10|         array|
|v53_10_we0       |  out|    1|   ap_memory|                                           v53_10|         array|
|v53_10_d0        |  out|   32|   ap_memory|                                           v53_10|         array|
|v53_10_address1  |  out|   13|   ap_memory|                                           v53_10|         array|
|v53_10_ce1       |  out|    1|   ap_memory|                                           v53_10|         array|
|v53_10_we1       |  out|    1|   ap_memory|                                           v53_10|         array|
|v53_10_d1        |  out|   32|   ap_memory|                                           v53_10|         array|
|v53_9_address0   |  out|   13|   ap_memory|                                            v53_9|         array|
|v53_9_ce0        |  out|    1|   ap_memory|                                            v53_9|         array|
|v53_9_we0        |  out|    1|   ap_memory|                                            v53_9|         array|
|v53_9_d0         |  out|   32|   ap_memory|                                            v53_9|         array|
|v53_9_address1   |  out|   13|   ap_memory|                                            v53_9|         array|
|v53_9_ce1        |  out|    1|   ap_memory|                                            v53_9|         array|
|v53_9_we1        |  out|    1|   ap_memory|                                            v53_9|         array|
|v53_9_d1         |  out|   32|   ap_memory|                                            v53_9|         array|
|v53_8_address0   |  out|   13|   ap_memory|                                            v53_8|         array|
|v53_8_ce0        |  out|    1|   ap_memory|                                            v53_8|         array|
|v53_8_we0        |  out|    1|   ap_memory|                                            v53_8|         array|
|v53_8_d0         |  out|   32|   ap_memory|                                            v53_8|         array|
|v53_8_address1   |  out|   13|   ap_memory|                                            v53_8|         array|
|v53_8_ce1        |  out|    1|   ap_memory|                                            v53_8|         array|
|v53_8_we1        |  out|    1|   ap_memory|                                            v53_8|         array|
|v53_8_d1         |  out|   32|   ap_memory|                                            v53_8|         array|
|v53_7_address0   |  out|   13|   ap_memory|                                            v53_7|         array|
|v53_7_ce0        |  out|    1|   ap_memory|                                            v53_7|         array|
|v53_7_we0        |  out|    1|   ap_memory|                                            v53_7|         array|
|v53_7_d0         |  out|   32|   ap_memory|                                            v53_7|         array|
|v53_7_address1   |  out|   13|   ap_memory|                                            v53_7|         array|
|v53_7_ce1        |  out|    1|   ap_memory|                                            v53_7|         array|
|v53_7_we1        |  out|    1|   ap_memory|                                            v53_7|         array|
|v53_7_d1         |  out|   32|   ap_memory|                                            v53_7|         array|
|v53_6_address0   |  out|   13|   ap_memory|                                            v53_6|         array|
|v53_6_ce0        |  out|    1|   ap_memory|                                            v53_6|         array|
|v53_6_we0        |  out|    1|   ap_memory|                                            v53_6|         array|
|v53_6_d0         |  out|   32|   ap_memory|                                            v53_6|         array|
|v53_6_address1   |  out|   13|   ap_memory|                                            v53_6|         array|
|v53_6_ce1        |  out|    1|   ap_memory|                                            v53_6|         array|
|v53_6_we1        |  out|    1|   ap_memory|                                            v53_6|         array|
|v53_6_d1         |  out|   32|   ap_memory|                                            v53_6|         array|
|v53_5_address0   |  out|   13|   ap_memory|                                            v53_5|         array|
|v53_5_ce0        |  out|    1|   ap_memory|                                            v53_5|         array|
|v53_5_we0        |  out|    1|   ap_memory|                                            v53_5|         array|
|v53_5_d0         |  out|   32|   ap_memory|                                            v53_5|         array|
|v53_5_address1   |  out|   13|   ap_memory|                                            v53_5|         array|
|v53_5_ce1        |  out|    1|   ap_memory|                                            v53_5|         array|
|v53_5_we1        |  out|    1|   ap_memory|                                            v53_5|         array|
|v53_5_d1         |  out|   32|   ap_memory|                                            v53_5|         array|
|v53_4_address0   |  out|   13|   ap_memory|                                            v53_4|         array|
|v53_4_ce0        |  out|    1|   ap_memory|                                            v53_4|         array|
|v53_4_we0        |  out|    1|   ap_memory|                                            v53_4|         array|
|v53_4_d0         |  out|   32|   ap_memory|                                            v53_4|         array|
|v53_4_address1   |  out|   13|   ap_memory|                                            v53_4|         array|
|v53_4_ce1        |  out|    1|   ap_memory|                                            v53_4|         array|
|v53_4_we1        |  out|    1|   ap_memory|                                            v53_4|         array|
|v53_4_d1         |  out|   32|   ap_memory|                                            v53_4|         array|
|v53_3_address0   |  out|   13|   ap_memory|                                            v53_3|         array|
|v53_3_ce0        |  out|    1|   ap_memory|                                            v53_3|         array|
|v53_3_we0        |  out|    1|   ap_memory|                                            v53_3|         array|
|v53_3_d0         |  out|   32|   ap_memory|                                            v53_3|         array|
|v53_3_address1   |  out|   13|   ap_memory|                                            v53_3|         array|
|v53_3_ce1        |  out|    1|   ap_memory|                                            v53_3|         array|
|v53_3_we1        |  out|    1|   ap_memory|                                            v53_3|         array|
|v53_3_d1         |  out|   32|   ap_memory|                                            v53_3|         array|
|v53_2_address0   |  out|   13|   ap_memory|                                            v53_2|         array|
|v53_2_ce0        |  out|    1|   ap_memory|                                            v53_2|         array|
|v53_2_we0        |  out|    1|   ap_memory|                                            v53_2|         array|
|v53_2_d0         |  out|   32|   ap_memory|                                            v53_2|         array|
|v53_2_address1   |  out|   13|   ap_memory|                                            v53_2|         array|
|v53_2_ce1        |  out|    1|   ap_memory|                                            v53_2|         array|
|v53_2_we1        |  out|    1|   ap_memory|                                            v53_2|         array|
|v53_2_d1         |  out|   32|   ap_memory|                                            v53_2|         array|
|v53_1_address0   |  out|   13|   ap_memory|                                            v53_1|         array|
|v53_1_ce0        |  out|    1|   ap_memory|                                            v53_1|         array|
|v53_1_we0        |  out|    1|   ap_memory|                                            v53_1|         array|
|v53_1_d0         |  out|   32|   ap_memory|                                            v53_1|         array|
|v53_1_address1   |  out|   13|   ap_memory|                                            v53_1|         array|
|v53_1_ce1        |  out|    1|   ap_memory|                                            v53_1|         array|
|v53_1_we1        |  out|    1|   ap_memory|                                            v53_1|         array|
|v53_1_d1         |  out|   32|   ap_memory|                                            v53_1|         array|
|v53_address0     |  out|   13|   ap_memory|                                              v53|         array|
|v53_ce0          |  out|    1|   ap_memory|                                              v53|         array|
|v53_we0          |  out|    1|   ap_memory|                                              v53|         array|
|v53_d0           |  out|   32|   ap_memory|                                              v53|         array|
|v53_address1     |  out|   13|   ap_memory|                                              v53|         array|
|v53_ce1          |  out|    1|   ap_memory|                                              v53|         array|
|v53_we1          |  out|    1|   ap_memory|                                              v53|         array|
|v53_d1           |  out|   32|   ap_memory|                                              v53|         array|
+-----------------+-----+-----+------------+-------------------------------------------------+--------------+

