

================================================================
== Vitis HLS Report for 'Loop_loop12_proc1'
================================================================
* Date:           Sat Sep 28 12:44:54 2024

* Version:        2023.2 (Build 4023990 on Oct 11 2023)
* Project:        hls_ResidualBlock
* Solution:       solution1 (Vivado IP Flow Target)
* Product family: virtexuplusHBM
* Target device:  xcu280-fsvh2892-2L-e


================================================================
== Performance Estimates
================================================================
+ Timing: 
    * Summary: 
    +--------+---------+----------+------------+
    |  Clock |  Target | Estimated| Uncertainty|
    +--------+---------+----------+------------+
    |ap_clk  |  3.33 ns|  2.692 ns|     0.90 ns|
    +--------+---------+----------+------------+

+ Latency: 
    * Summary: 
    +---------+---------+----------+----------+---------+---------+---------+
    |  Latency (cycles) |  Latency (absolute) |      Interval     | Pipeline|
    |   min   |   max   |    min   |    max   |   min   |   max   |   Type  |
    +---------+---------+----------+----------+---------+---------+---------+
    |  1806365|  1806365|  6.015 ms|  6.015 ms|  1806365|  1806365|       no|
    +---------+---------+----------+----------+---------+---------+---------+

    + Detail: 
        * Instance: 
        N/A

        * Loop: 
        +---------------------------------------------+---------+---------+----------+-----------+-----------+--------+----------+
        |                                             |  Latency (cycles) | Iteration|  Initiation Interval  |  Trip  |          |
        |                  Loop Name                  |   min   |   max   |  Latency |  achieved |   target  |  Count | Pipelined|
        +---------------------------------------------+---------+---------+----------+-----------+-----------+--------+----------+
        |- loop12_loop13_loop14_loop15_loop16_loop17  |  1806363|  1806363|        30|          2|          1|  903168|       yes|
        +---------------------------------------------+---------+---------+----------+-----------+-----------+--------+----------+



================================================================
== Utilization Estimates
================================================================
* Summary: 
+---------------------+---------+------+---------+---------+-----+
|         Name        | BRAM_18K|  DSP |    FF   |   LUT   | URAM|
+---------------------+---------+------+---------+---------+-----+
|DSP                  |        -|     4|        -|        -|    -|
|Expression           |        -|     -|        0|     1092|    -|
|FIFO                 |        -|     -|        -|        -|    -|
|Instance             |        -|    20|     1844|     1150|    -|
|Memory               |       98|     -|        0|        0|    0|
|Multiplexer          |        -|     -|        -|      722|    -|
|Register             |        -|     -|     3847|      640|    -|
+---------------------+---------+------+---------+---------+-----+
|Total                |       98|    24|     5691|     3604|    0|
+---------------------+---------+------+---------+---------+-----+
|Available SLR        |     1344|  3008|   869120|   434560|  320|
+---------------------+---------+------+---------+---------+-----+
|Utilization SLR (%)  |        7|    ~0|       ~0|       ~0|    0|
+---------------------+---------+------+---------+---------+-----+
|Available            |     4032|  9024|  2607360|  1303680|  960|
+---------------------+---------+------+---------+---------+-----+
|Utilization (%)      |        2|    ~0|       ~0|       ~0|    0|
+---------------------+---------+------+---------+---------+-----+

+ Detail: 
    * Instance: 
    +------------------------------------+--------------------------------+---------+----+-----+-----+-----+
    |              Instance              |             Module             | BRAM_18K| DSP|  FF | LUT | URAM|
    +------------------------------------+--------------------------------+---------+----+-----+-----+-----+
    |fadd_32ns_32ns_32_7_full_dsp_1_U27  |fadd_32ns_32ns_32_7_full_dsp_1  |        0|   2|  318|  198|    0|
    |fadd_32ns_32ns_32_7_full_dsp_1_U28  |fadd_32ns_32ns_32_7_full_dsp_1  |        0|   2|  318|  198|    0|
    |fadd_32ns_32ns_32_7_full_dsp_1_U29  |fadd_32ns_32ns_32_7_full_dsp_1  |        0|   2|  318|  198|    0|
    |fadd_32ns_32ns_32_7_full_dsp_1_U30  |fadd_32ns_32ns_32_7_full_dsp_1  |        0|   2|  318|  198|    0|
    |fmul_32ns_32ns_32_4_max_dsp_1_U31   |fmul_32ns_32ns_32_4_max_dsp_1   |        0|   3|  143|   78|    0|
    |fmul_32ns_32ns_32_4_max_dsp_1_U32   |fmul_32ns_32ns_32_4_max_dsp_1   |        0|   3|  143|   78|    0|
    |fmul_32ns_32ns_32_4_max_dsp_1_U33   |fmul_32ns_32ns_32_4_max_dsp_1   |        0|   3|  143|   78|    0|
    |fmul_32ns_32ns_32_4_max_dsp_1_U34   |fmul_32ns_32ns_32_4_max_dsp_1   |        0|   3|  143|   78|    0|
    |mul_4ns_6ns_9_1_1_U35               |mul_4ns_6ns_9_1_1               |        0|   0|    0|   23|    0|
    |mul_4ns_6ns_9_1_1_U36               |mul_4ns_6ns_9_1_1               |        0|   0|    0|   23|    0|
    +------------------------------------+--------------------------------+---------+----+-----+-----+-----+
    |Total                               |                                |        0|  20| 1844| 1150|    0|
    +------------------------------------+--------------------------------+---------+----+-----+-----+-----+

    * DSP: 
    +------------------------------------------+--------------------------------------+---------------------+
    |                 Instance                 |                Module                |      Expression     |
    +------------------------------------------+--------------------------------------+---------------------+
    |ama_addmuladd_9ns_5ns_6ns_6ns_15_4_1_U37  |ama_addmuladd_9ns_5ns_6ns_6ns_15_4_1  |  (i0 + i1) * i2 + i3|
    |ama_addmuladd_9ns_5ns_6ns_6ns_15_4_1_U39  |ama_addmuladd_9ns_5ns_6ns_6ns_15_4_1  |  (i0 + i1) * i2 + i3|
    |ama_addmuladd_9ns_6ns_6ns_6ns_15_4_1_U38  |ama_addmuladd_9ns_6ns_6ns_6ns_15_4_1  |  (i0 + i1) * i2 + i3|
    |ama_addmuladd_9ns_6ns_6ns_6ns_15_4_1_U40  |ama_addmuladd_9ns_6ns_6ns_6ns_15_4_1  |  (i0 + i1) * i2 + i3|
    +------------------------------------------+--------------------------------------+---------------------+

    * Memory: 
    +---------+---------------------------------------+---------+---+----+-----+-------+-----+------+-------------+
    |  Memory |                 Module                | BRAM_18K| FF| LUT| URAM| Words | Bits| Banks| W*Bits*Banks|
    +---------+---------------------------------------+---------+---+----+-----+-------+-----+------+-------------+
    |v18_1_U  |Loop_loop12_proc1_v18_1_RAM_AUTO_1R1W  |       49|  0|   0|    0|  25088|   32|     1|       802816|
    |v18_U    |Loop_loop12_proc1_v18_RAM_AUTO_1R1W    |       49|  0|   0|    0|  25088|   32|     1|       802816|
    +---------+---------------------------------------+---------+---+----+-----+-------+-----+------+-------------+
    |Total    |                                       |       98|  0|   0|    0|  50176|   64|     2|      1605632|
    +---------+---------------------------------------+---------+---+----+-----+-------+-----+------+-------------+

    * FIFO: 
    N/A

    * Expression: 
    +------------------------------------+----------+----+---+----+------------+------------+
    |            Variable Name           | Operation| DSP| FF| LUT| Bitwidth P0| Bitwidth P1|
    +------------------------------------+----------+----+---+----+------------+------------+
    |add_ln66_1_fu_586_p2                |         +|   0|  0|  27|          20|           1|
    |add_ln66_fu_937_p2                  |         +|   0|  0|  13|           6|           1|
    |add_ln67_1_fu_889_p2                |         +|   0|  0|  22|          15|           1|
    |add_ln67_fu_675_p2                  |         +|   0|  0|  12|           4|           1|
    |add_ln68_1_fu_875_p2                |         +|   0|  0|  19|          12|           1|
    |add_ln68_fu_957_p2                  |         +|   0|  0|   9|           2|           1|
    |add_ln69_1_fu_861_p2                |         +|   0|  0|  17|          10|           1|
    |add_ln69_fu_977_p2                  |         +|   0|  0|   9|           2|           1|
    |add_ln70_1_fu_847_p2                |         +|   0|  0|  16|           9|           1|
    |add_ln70_fu_990_p2                  |         +|   0|  0|  12|           5|           1|
    |add_ln71_fu_1424_p2                 |         +|   0|  0|  12|           4|           1|
    |add_ln81_1_fu_1529_p2               |         +|   0|  0|  17|          12|          12|
    |add_ln81_2_fu_1218_p2               |         +|   0|  0|  19|          12|          12|
    |add_ln81_3_fu_1545_p2               |         +|   0|  0|  17|          12|          12|
    |add_ln81_4_fu_1593_p2               |         +|   0|  0|  19|          12|          12|
    |add_ln81_5_fu_1610_p2               |         +|   0|  0|  17|          12|          12|
    |add_ln81_6_fu_1342_p2               |         +|   0|  0|  19|          12|          12|
    |add_ln81_7_fu_1626_p2               |         +|   0|  0|  17|          12|          12|
    |add_ln81_fu_1512_p2                 |         +|   0|  0|  19|          12|          12|
    |add_ln85_1_fu_1294_p2               |         +|   0|  0|  16|          15|          15|
    |add_ln85_2_fu_1382_p2               |         +|   0|  0|  18|          11|          11|
    |add_ln85_3_fu_1418_p2               |         +|   0|  0|  16|          15|          15|
    |add_ln85_fu_1258_p2                 |         +|   0|  0|  18|          11|          11|
    |empty_226_fu_1026_p2                |         +|   0|  0|  13|           6|           6|
    |empty_228_fu_1066_p2                |         +|   0|  0|  12|           5|           5|
    |empty_235_fu_1072_p2                |         +|   0|  0|  14|           7|           7|
    |sub_ln81_1_fu_1523_p2               |         -|   0|  0|  17|          12|          12|
    |sub_ln81_2_fu_1208_p2               |         -|   0|  0|  18|          11|          11|
    |sub_ln81_3_fu_1540_p2               |         -|   0|  0|  17|          12|          12|
    |sub_ln81_4_fu_1583_p2               |         -|   0|  0|  18|          11|          11|
    |sub_ln81_5_fu_1604_p2               |         -|   0|  0|  17|          12|          12|
    |sub_ln81_6_fu_1332_p2               |         -|   0|  0|  18|          11|          11|
    |sub_ln81_7_fu_1621_p2               |         -|   0|  0|  17|          12|          12|
    |sub_ln81_fu_1502_p2                 |         -|   0|  0|  18|          11|          11|
    |sub_ln85_1_fu_1288_p2               |         -|   0|  0|  16|          15|          15|
    |sub_ln85_2_fu_1372_p2               |         -|   0|  0|  17|          10|          10|
    |sub_ln85_3_fu_1412_p2               |         -|   0|  0|  16|          15|          15|
    |sub_ln85_fu_1248_p2                 |         -|   0|  0|  17|          10|          10|
    |and_ln66_1_fu_645_p2                |       and|   0|  0|   2|           1|           1|
    |and_ln66_2_fu_657_p2                |       and|   0|  0|   2|           1|           1|
    |and_ln66_3_fu_669_p2                |       and|   0|  0|   2|           1|           1|
    |and_ln66_fu_633_p2                  |       and|   0|  0|   2|           1|           1|
    |and_ln67_1_fu_711_p2                |       and|   0|  0|   2|           1|           1|
    |and_ln67_2_fu_717_p2                |       and|   0|  0|   2|           1|           1|
    |and_ln67_fu_705_p2                  |       and|   0|  0|   2|           1|           1|
    |and_ln68_1_fu_761_p2                |       and|   0|  0|   2|           1|           1|
    |and_ln68_fu_755_p2                  |       and|   0|  0|   2|           1|           1|
    |and_ln69_fu_805_p2                  |       and|   0|  0|   2|           1|           1|
    |ap_condition_1850                   |       and|   0|  0|   2|           1|           1|
    |ap_condition_1860                   |       and|   0|  0|   2|           1|           1|
    |ap_condition_1864                   |       and|   0|  0|   2|           1|           1|
    |ap_condition_1870                   |       and|   0|  0|   2|           1|           1|
    |ap_condition_1874                   |       and|   0|  0|   2|           1|           1|
    |ap_condition_626                    |       and|   0|  0|   2|           1|           1|
    |ap_condition_687                    |       and|   0|  0|   2|           1|           1|
    |ap_condition_776                    |       and|   0|  0|   2|           1|           1|
    |cmp246_1_not_fu_1092_p2             |      icmp|   0|  0|  12|           4|           3|
    |cmp250_1_not_fu_1148_p2             |      icmp|   0|  0|  10|           2|           3|
    |cmp254_1_not_fu_1101_p2             |      icmp|   0|  0|  10|           2|           3|
    |empty_244_fu_1142_p2                |      icmp|   0|  0|  10|           3|           1|
    |icmp_ln66_fu_580_p2                 |      icmp|   0|  0|  27|          20|          19|
    |icmp_ln67_fu_601_p2                 |      icmp|   0|  0|  22|          15|          14|
    |icmp_ln68_fu_663_p2                 |      icmp|   0|  0|  19|          12|          11|
    |icmp_ln69_fu_651_p2                 |      icmp|   0|  0|  17|          10|          10|
    |icmp_ln70_fu_639_p2                 |      icmp|   0|  0|  16|           9|           8|
    |icmp_ln71_fu_627_p2                 |      icmp|   0|  0|  12|           4|           5|
    |ap_block_pp0_stage0_01001           |        or|   0|  0|   2|           1|           1|
    |ap_block_state29_pp0_stage0_iter14  |        or|   0|  0|   2|           1|           1|
    |brmerge917_fu_1160_p2               |        or|   0|  0|   2|           1|           1|
    |empty_224_fu_1016_p2                |        or|   0|  0|   4|           4|           1|
    |empty_227_fu_1056_p2                |        or|   0|  0|   6|           6|           1|
    |empty_243_fu_1128_p2                |        or|   0|  0|   2|           2|           2|
    |or_ln66_fu_615_p2                   |        or|   0|  0|   2|           1|           1|
    |or_ln67_1_fu_687_p2                 |        or|   0|  0|   2|           1|           1|
    |or_ln67_2_fu_699_p2                 |        or|   0|  0|   2|           1|           1|
    |or_ln67_fu_681_p2                   |        or|   0|  0|   2|           1|           1|
    |or_ln68_1_fu_743_p2                 |        or|   0|  0|   2|           1|           1|
    |or_ln68_2_fu_737_p2                 |        or|   0|  0|   2|           1|           1|
    |or_ln68_fu_731_p2                   |        or|   0|  0|   2|           1|           1|
    |or_ln69_1_fu_787_p2                 |        or|   0|  0|   2|           1|           1|
    |or_ln69_2_fu_799_p2                 |        or|   0|  0|   2|           1|           1|
    |or_ln69_3_fu_773_p2                 |        or|   0|  0|   2|           1|           1|
    |or_ln69_fu_767_p2                   |        or|   0|  0|   2|           1|           1|
    |or_ln70_1_fu_817_p2                 |        or|   0|  0|   2|           1|           1|
    |or_ln70_2_fu_823_p2                 |        or|   0|  0|   2|           1|           1|
    |or_ln70_3_fu_829_p2                 |        or|   0|  0|   2|           1|           1|
    |or_ln70_fu_811_p2                   |        or|   0|  0|   2|           1|           1|
    |or_ln81_fu_1300_p2                  |        or|   0|  0|   4|           4|           1|
    |tmp1_fu_1154_p2                     |        or|   0|  0|   2|           1|           1|
    |tmp_fu_1122_p2                      |        or|   0|  0|   2|           2|           2|
    |select_ln66_1_fu_943_p3             |    select|   0|  0|   6|           1|           6|
    |select_ln66_fu_607_p3               |    select|   0|  0|   4|           1|           1|
    |select_ln67_1_fu_723_p3             |    select|   0|  0|   4|           1|           4|
    |select_ln67_2_fu_895_p3             |    select|   0|  0|  15|           1|           1|
    |select_ln67_fu_950_p3               |    select|   0|  0|   2|           1|           1|
    |select_ln68_1_fu_970_p3             |    select|   0|  0|   2|           1|           2|
    |select_ln68_2_fu_881_p3             |    select|   0|  0|  12|           1|           1|
    |select_ln68_fu_963_p3               |    select|   0|  0|   2|           1|           1|
    |select_ln69_1_fu_983_p3             |    select|   0|  0|   2|           1|           2|
    |select_ln69_2_fu_867_p3             |    select|   0|  0|  10|           1|           1|
    |select_ln69_fu_779_p3               |    select|   0|  0|   5|           1|           1|
    |select_ln70_1_fu_995_p3             |    select|   0|  0|   5|           1|           5|
    |select_ln70_2_fu_853_p3             |    select|   0|  0|   9|           1|           1|
    |select_ln70_fu_835_p3               |    select|   0|  0|   4|           1|           1|
    |v32_1_fu_1748_p3                    |    select|   0|  0|  32|           1|          32|
    |v32_2_fu_1767_p3                    |    select|   0|  0|  32|           1|          32|
    |v32_3_fu_1774_p3                    |    select|   0|  0|  32|           1|          32|
    |v32_fu_1741_p3                      |    select|   0|  0|  32|           1|          32|
    |ap_enable_pp0                       |       xor|   0|  0|   2|           1|           2|
    |xor_ln66_fu_621_p2                  |       xor|   0|  0|   2|           1|           2|
    |xor_ln67_fu_693_p2                  |       xor|   0|  0|   2|           1|           2|
    |xor_ln68_fu_749_p2                  |       xor|   0|  0|   2|           2|           1|
    |xor_ln69_fu_793_p2                  |       xor|   0|  0|   2|           2|           1|
    +------------------------------------+----------+----+---+----+------------+------------+
    |Total                               |          |   0|  0|1092|         558|         604|
    +------------------------------------+----------+----+---+----+------------+------------+

    * Multiplexer: 
    +-----------------------------------------------+----+-----------+-----+-----------+
    |                      Name                     | LUT| Input Size| Bits| Total Bits|
    +-----------------------------------------------+----+-----------+-----+-----------+
    |ap_NS_fsm                                      |  14|          3|    1|          3|
    |ap_done_int                                    |   9|          2|    1|          2|
    |ap_enable_reg_pp0_iter0                        |   9|          2|    1|          2|
    |ap_enable_reg_pp0_iter1                        |   9|          2|    1|          2|
    |ap_phi_reg_pp0_iter10_add23211011233_reg_455   |   9|          2|   32|         64|
    |ap_phi_reg_pp0_iter10_add232_15751231_reg_465  |   9|          2|   32|         64|
    |ap_phi_reg_pp0_iter10_add232_16021235_reg_445  |   9|          2|   32|         64|
    |ap_phi_reg_pp0_iter6_add23211011233_reg_455    |   9|          2|   32|         64|
    |ap_phi_reg_pp0_iter6_add232_15751231_reg_465   |   9|          2|   32|         64|
    |ap_phi_reg_pp0_iter6_add232_16021235_reg_445   |   9|          2|   32|         64|
    |ap_sig_allocacmp_indvar_flatten105_load        |   9|          2|   15|         30|
    |ap_sig_allocacmp_indvar_flatten153_load        |   9|          2|   20|         40|
    |ap_sig_allocacmp_indvar_flatten36_load         |   9|          2|   10|         20|
    |ap_sig_allocacmp_indvar_flatten66_load         |   9|          2|   12|         24|
    |ap_sig_allocacmp_indvar_flatten_load           |   9|          2|    9|         18|
    |ap_sig_allocacmp_v20_load                      |   9|          2|    6|         12|
    |ap_sig_allocacmp_v21_load                      |   9|          2|    4|          8|
    |ap_sig_allocacmp_v22_load                      |   9|          2|    2|          4|
    |ap_sig_allocacmp_v23_load                      |   9|          2|    2|          4|
    |ap_sig_allocacmp_v24_load                      |   9|          2|    5|         10|
    |ap_sig_allocacmp_v25_load                      |   9|          2|    4|          8|
    |grp_fu_475_p0                                  |  14|          3|   32|         96|
    |grp_fu_475_p1                                  |  14|          3|   32|         96|
    |grp_fu_479_p0                                  |  14|          3|   32|         96|
    |grp_fu_479_p1                                  |  14|          3|   32|         96|
    |grp_fu_483_p0                                  |  14|          3|   32|         96|
    |grp_fu_483_p1                                  |  14|          3|   32|         96|
    |grp_fu_487_p0                                  |  14|          3|   32|         96|
    |grp_fu_487_p1                                  |  14|          3|   32|         96|
    |grp_fu_494_p0                                  |  14|          3|   32|         96|
    |grp_fu_494_p1                                  |  14|          3|   32|         96|
    |grp_fu_498_p0                                  |  14|          3|   32|         96|
    |grp_fu_498_p1                                  |  14|          3|   32|         96|
    |grp_fu_502_p0                                  |  14|          3|   32|         96|
    |grp_fu_502_p1                                  |  14|          3|   32|         96|
    |grp_fu_506_p0                                  |  14|          3|   32|         96|
    |grp_fu_506_p1                                  |  14|          3|   32|         96|
    |indvar_flatten105_fu_184                       |   9|          2|   15|         30|
    |indvar_flatten153_fu_192                       |   9|          2|   20|         40|
    |indvar_flatten36_fu_168                        |   9|          2|   10|         20|
    |indvar_flatten66_fu_176                        |   9|          2|   12|         24|
    |indvar_flatten_fu_160                          |   9|          2|    9|         18|
    |real_start                                     |   9|          2|    1|          2|
    |v18_1_address0                                 |  14|          3|   15|         45|
    |v18_1_address1                                 |  14|          3|   15|         45|
    |v18_address0                                   |  14|          3|   15|         45|
    |v18_address1                                   |  20|          4|   15|         60|
    |v18_d0                                         |  14|          3|   32|         96|
    |v19_1_blk_n                                    |   9|          2|    1|          2|
    |v19_2_blk_n                                    |   9|          2|    1|          2|
    |v19_3_blk_n                                    |   9|          2|    1|          2|
    |v19_blk_n                                      |   9|          2|    1|          2|
    |v1_address0                                    |  14|          3|   12|         36|
    |v1_address1                                    |  14|          3|   12|         36|
    |v20_fu_188                                     |   9|          2|    6|         12|
    |v21_fu_180                                     |   9|          2|    4|          8|
    |v22_fu_172                                     |   9|          2|    2|          4|
    |v23_fu_164                                     |   9|          2|    2|          4|
    |v24_fu_156                                     |   9|          2|    5|         10|
    |v25_fu_152                                     |   9|          2|    4|          8|
    |v4_1_address0                                  |  14|          3|   15|         45|
    |v4_1_address1                                  |  14|          3|   15|         45|
    |v4_address0                                    |  14|          3|   15|         45|
    |v4_address1                                    |  14|          3|   15|         45|
    +-----------------------------------------------+----+-----------+-----+-----------+
    |Total                                          | 722|        157| 1067|       2838|
    +-----------------------------------------------+----+-----------+-----+-----------+

    * Register: 
    +--------------------------------------------------+----+----+-----+-----------+
    |                       Name                       | FF | LUT| Bits| Const Bits|
    +--------------------------------------------------+----+----+-----+-----------+
    |add23211011233_reg_455                            |  32|   0|   32|          0|
    |add232_15751231_reg_465                           |  32|   0|   32|          0|
    |add232_16021235_reg_445                           |  32|   0|   32|          0|
    |add232_2_reg_2353                                 |  32|   0|   32|          0|
    |add232_s_reg_2348                                 |  32|   0|   32|          0|
    |add_ln81_1_reg_2132                               |  12|   0|   12|          0|
    |add_ln81_2_reg_2088                               |  12|   0|   12|          0|
    |add_ln81_5_reg_2153                               |  12|   0|   12|          0|
    |add_ln81_6_reg_2105                               |  12|   0|   12|          0|
    |add_ln85_1_reg_2094                               |  15|   0|   15|          0|
    |add_ln85_3_reg_2111                               |  15|   0|   15|          0|
    |add_reg_2343                                      |  32|   0|   32|          0|
    |and_ln67_2_reg_1972                               |   1|   0|    1|          0|
    |and_ln68_1_reg_1990                               |   1|   0|    1|          0|
    |and_ln69_reg_2001                                 |   1|   0|    1|          0|
    |ap_CS_fsm                                         |   2|   0|    2|          0|
    |ap_condition_exit_pp0_iter0_stage1_pp0_iter1_reg  |   1|   0|    1|          0|
    |ap_condition_exit_pp0_iter0_stage1_pp0_iter2_reg  |   1|   0|    1|          0|
    |ap_done_reg                                       |   1|   0|    1|          0|
    |ap_enable_reg_pp0_iter0_reg                       |   1|   0|    1|          0|
    |ap_enable_reg_pp0_iter1                           |   1|   0|    1|          0|
    |ap_enable_reg_pp0_iter10                          |   1|   0|    1|          0|
    |ap_enable_reg_pp0_iter11                          |   1|   0|    1|          0|
    |ap_enable_reg_pp0_iter12                          |   1|   0|    1|          0|
    |ap_enable_reg_pp0_iter13                          |   1|   0|    1|          0|
    |ap_enable_reg_pp0_iter14                          |   1|   0|    1|          0|
    |ap_enable_reg_pp0_iter2                           |   1|   0|    1|          0|
    |ap_enable_reg_pp0_iter3                           |   1|   0|    1|          0|
    |ap_enable_reg_pp0_iter4                           |   1|   0|    1|          0|
    |ap_enable_reg_pp0_iter5                           |   1|   0|    1|          0|
    |ap_enable_reg_pp0_iter6                           |   1|   0|    1|          0|
    |ap_enable_reg_pp0_iter7                           |   1|   0|    1|          0|
    |ap_enable_reg_pp0_iter8                           |   1|   0|    1|          0|
    |ap_enable_reg_pp0_iter9                           |   1|   0|    1|          0|
    |ap_loop_exit_ready_pp0_iter10_reg                 |   1|   0|    1|          0|
    |ap_loop_exit_ready_pp0_iter11_reg                 |   1|   0|    1|          0|
    |ap_loop_exit_ready_pp0_iter12_reg                 |   1|   0|    1|          0|
    |ap_loop_exit_ready_pp0_iter13_reg                 |   1|   0|    1|          0|
    |ap_loop_exit_ready_pp0_iter1_reg                  |   1|   0|    1|          0|
    |ap_loop_exit_ready_pp0_iter2_reg                  |   1|   0|    1|          0|
    |ap_loop_exit_ready_pp0_iter3_reg                  |   1|   0|    1|          0|
    |ap_loop_exit_ready_pp0_iter4_reg                  |   1|   0|    1|          0|
    |ap_loop_exit_ready_pp0_iter5_reg                  |   1|   0|    1|          0|
    |ap_loop_exit_ready_pp0_iter6_reg                  |   1|   0|    1|          0|
    |ap_loop_exit_ready_pp0_iter7_reg                  |   1|   0|    1|          0|
    |ap_loop_exit_ready_pp0_iter8_reg                  |   1|   0|    1|          0|
    |ap_loop_exit_ready_pp0_iter9_reg                  |   1|   0|    1|          0|
    |ap_phi_reg_pp0_iter10_add23211011233_reg_455      |  32|   0|   32|          0|
    |ap_phi_reg_pp0_iter10_add232_15751231_reg_465     |  32|   0|   32|          0|
    |ap_phi_reg_pp0_iter10_add232_16021235_reg_445     |  32|   0|   32|          0|
    |ap_phi_reg_pp0_iter1_add23211011233_reg_455       |  32|   0|   32|          0|
    |ap_phi_reg_pp0_iter1_add232_15751231_reg_465      |  32|   0|   32|          0|
    |ap_phi_reg_pp0_iter1_add232_16021235_reg_445      |  32|   0|   32|          0|
    |ap_phi_reg_pp0_iter2_add23211011233_reg_455       |  32|   0|   32|          0|
    |ap_phi_reg_pp0_iter2_add232_15751231_reg_465      |  32|   0|   32|          0|
    |ap_phi_reg_pp0_iter2_add232_16021235_reg_445      |  32|   0|   32|          0|
    |ap_phi_reg_pp0_iter3_add23211011233_reg_455       |  32|   0|   32|          0|
    |ap_phi_reg_pp0_iter3_add232_15751231_reg_465      |  32|   0|   32|          0|
    |ap_phi_reg_pp0_iter3_add232_16021235_reg_445      |  32|   0|   32|          0|
    |ap_phi_reg_pp0_iter4_add23211011233_reg_455       |  32|   0|   32|          0|
    |ap_phi_reg_pp0_iter4_add232_15751231_reg_465      |  32|   0|   32|          0|
    |ap_phi_reg_pp0_iter4_add232_16021235_reg_445      |  32|   0|   32|          0|
    |ap_phi_reg_pp0_iter5_add23211011233_reg_455       |  32|   0|   32|          0|
    |ap_phi_reg_pp0_iter5_add232_15751231_reg_465      |  32|   0|   32|          0|
    |ap_phi_reg_pp0_iter5_add232_16021235_reg_445      |  32|   0|   32|          0|
    |ap_phi_reg_pp0_iter6_add23211011233_reg_455       |  32|   0|   32|          0|
    |ap_phi_reg_pp0_iter6_add232_15751231_reg_465      |  32|   0|   32|          0|
    |ap_phi_reg_pp0_iter6_add232_16021235_reg_445      |  32|   0|   32|          0|
    |ap_phi_reg_pp0_iter7_add23211011233_reg_455       |  32|   0|   32|          0|
    |ap_phi_reg_pp0_iter7_add232_15751231_reg_465      |  32|   0|   32|          0|
    |ap_phi_reg_pp0_iter7_add232_16021235_reg_445      |  32|   0|   32|          0|
    |ap_phi_reg_pp0_iter8_add23211011233_reg_455       |  32|   0|   32|          0|
    |ap_phi_reg_pp0_iter8_add232_15751231_reg_465      |  32|   0|   32|          0|
    |ap_phi_reg_pp0_iter8_add232_16021235_reg_445      |  32|   0|   32|          0|
    |ap_phi_reg_pp0_iter9_add23211011233_reg_455       |  32|   0|   32|          0|
    |ap_phi_reg_pp0_iter9_add232_15751231_reg_465      |  32|   0|   32|          0|
    |ap_phi_reg_pp0_iter9_add232_16021235_reg_445      |  32|   0|   32|          0|
    |brmerge917_reg_2078                               |   1|   0|    1|          0|
    |empty_223_reg_2030                                |   9|   0|    9|          0|
    |empty_224_reg_2036                                |   3|   0|    4|          1|
    |empty_225_reg_2116                                |   9|   0|    9|          0|
    |empty_226_reg_2045                                |   6|   0|    6|          0|
    |empty_226_reg_2045_pp0_iter1_reg                  |   6|   0|    6|          0|
    |empty_228_reg_2050                                |   5|   0|    5|          0|
    |empty_244_reg_2074                                |   1|   0|    1|          0|
    |empty_245_reg_2082                                |   3|   0|    3|          0|
    |empty_reg_2017                                    |   3|   0|    3|          0|
    |icmp_ln66_reg_1958                                |   1|   0|    1|          0|
    |icmp_ln67_reg_1962                                |   1|   0|    1|          0|
    |indvar_flatten105_fu_184                          |  15|   0|   15|          0|
    |indvar_flatten153_fu_192                          |  20|   0|   20|          0|
    |indvar_flatten36_fu_168                           |  10|   0|   10|          0|
    |indvar_flatten66_fu_176                           |  12|   0|   12|          0|
    |indvar_flatten_fu_160                             |   9|   0|    9|          0|
    |or_ln67_reg_1967                                  |   1|   0|    1|          0|
    |or_ln68_2_reg_1985                                |   1|   0|    1|          0|
    |or_ln70_reg_2006                                  |   1|   0|    1|          0|
    |or_ln81_reg_2099                                  |   3|   0|    4|          1|
    |p_cast147_reg_2122                                |   5|   0|    9|          4|
    |select_ln67_1_reg_1977                            |   4|   0|    4|          0|
    |select_ln68_1_reg_2025                            |   2|   0|    2|          0|
    |select_ln69_1_cast154_reg_2068                    |   2|   0|   12|         10|
    |select_ln69_reg_1995                              |   5|   0|    5|          0|
    |select_ln70_reg_2010                              |   4|   0|    4|          0|
    |start_once_reg                                    |   1|   0|    1|          0|
    |tmp2_reg_2358                                     |  32|   0|   32|          0|
    |tmp_74_reg_2055                                   |   6|   0|    6|          0|
    |tmp_96_cast_reg_2127                              |   6|   0|    9|          3|
    |trunc_ln69_reg_2060                               |   1|   0|    1|          0|
    |v18_1_addr_1_reg_2169                             |  15|   0|   15|          0|
    |v18_1_addr_reg_2148                               |  15|   0|   15|          0|
    |v18_1_load_1_reg_2201                             |  32|   0|   32|          0|
    |v18_1_load_reg_2196                               |  32|   0|   32|          0|
    |v18_addr_1_reg_2163                               |  15|   0|   15|          0|
    |v18_addr_reg_2142                                 |  15|   0|   15|          0|
    |v18_load_reg_2206                                 |  32|   0|   32|          0|
    |v20_fu_188                                        |   6|   0|    6|          0|
    |v21_fu_180                                        |   4|   0|    4|          0|
    |v22_fu_172                                        |   2|   0|    2|          0|
    |v23_fu_164                                        |   2|   0|    2|          0|
    |v24_fu_156                                        |   5|   0|    5|          0|
    |v25_fu_152                                        |   4|   0|    4|          0|
    |v32_1_reg_2282                                    |  32|   0|   32|          0|
    |v32_2_reg_2288                                    |  32|   0|   32|          0|
    |v32_3_reg_2294                                    |  32|   0|   32|          0|
    |v32_reg_2276                                      |  32|   0|   32|          0|
    |v33_1_reg_2190                                    |  32|   0|   32|          0|
    |v33_2_reg_2224                                    |  32|   0|   32|          0|
    |v33_3_reg_2230                                    |  32|   0|   32|          0|
    |v33_reg_2179                                      |  32|   0|   32|          0|
    |v34_1_reg_2300                                    |  32|   0|   32|          0|
    |v34_2_reg_2306                                    |  32|   0|   32|          0|
    |v34_3_reg_2312                                    |  32|   0|   32|          0|
    |v34_reg_2219                                      |  32|   0|   32|          0|
    |v35_1_reg_2323                                    |  32|   0|   32|          0|
    |v35_2_reg_2328                                    |  32|   0|   32|          0|
    |v35_3_reg_2333                                    |  32|   0|   32|          0|
    |v35_4_reg_2338                                    |  32|   0|   32|          0|
    |v35_reg_2318                                      |  32|   0|   32|          0|
    |v36_8_reg_2381                                    |  32|   0|   32|          0|
    |v36_9_reg_2363                                    |  32|   0|   32|          0|
    |v36_reg_2375                                      |  32|   0|   32|          0|
    |v37_reg_2369                                      |  32|   0|   32|          0|
    |v4_1_load13_fu_220                                |  32|   0|   32|          0|
    |v4_1_load_19_fu_212                               |  32|   0|   32|          0|
    |v4_1_load_25_fu_204                               |  32|   0|   32|          0|
    |v4_1_load_31_fu_196                               |  32|   0|   32|          0|
    |v4_load15_fu_224                                  |  32|   0|   32|          0|
    |v4_load_111_fu_216                                |  32|   0|   32|          0|
    |v4_load_27_fu_208                                 |  32|   0|   32|          0|
    |v4_load_33_fu_200                                 |  32|   0|   32|          0|
    |zext_ln69_1_reg_2211                              |   6|   0|   15|          9|
    |brmerge917_reg_2078                               |  64|  32|    1|          0|
    |empty_244_reg_2074                                |  64|  32|    1|          0|
    |icmp_ln66_reg_1958                                |  64|  32|    1|          0|
    |or_ln70_reg_2006                                  |  64|  32|    1|          0|
    |trunc_ln69_reg_2060                               |  64|  32|    1|          0|
    |v18_1_addr_1_reg_2169                             |  64|  32|   15|          0|
    |v18_1_addr_reg_2148                               |  64|  32|   15|          0|
    |v18_1_load_1_reg_2201                             |  64|  32|   32|          0|
    |v18_1_load_reg_2196                               |  64|  32|   32|          0|
    |v18_addr_1_reg_2163                               |  64|  32|   15|          0|
    |v18_addr_reg_2142                                 |  64|  32|   15|          0|
    |v18_load_reg_2206                                 |  64|  32|   32|          0|
    |v33_1_reg_2190                                    |  64|  32|   32|          0|
    |v33_2_reg_2224                                    |  64|  32|   32|          0|
    |v33_3_reg_2230                                    |  64|  32|   32|          0|
    |v33_reg_2179                                      |  64|  32|   32|          0|
    |v34_reg_2219                                      |  64|  32|   32|          0|
    |v35_1_reg_2323                                    |  64|  32|   32|          0|
    |v35_2_reg_2328                                    |  64|  32|   32|          0|
    |v35_3_reg_2333                                    |  64|  32|   32|          0|
    +--------------------------------------------------+----+----+-----+-----------+
    |Total                                             |3847| 640| 3012|         28|
    +--------------------------------------------------+----+----+-----+-----------+



================================================================
== Interface
================================================================
* Summary: 
+----------------------+-----+-----+------------+-------------------+--------------+
|       RTL Ports      | Dir | Bits|  Protocol  |   Source Object   |    C Type    |
+----------------------+-----+-----+------------+-------------------+--------------+
|ap_clk                |   in|    1|  ap_ctrl_hs|  Loop_loop12_proc1|  return value|
|ap_rst                |   in|    1|  ap_ctrl_hs|  Loop_loop12_proc1|  return value|
|ap_start              |   in|    1|  ap_ctrl_hs|  Loop_loop12_proc1|  return value|
|start_full_n          |   in|    1|  ap_ctrl_hs|  Loop_loop12_proc1|  return value|
|ap_done               |  out|    1|  ap_ctrl_hs|  Loop_loop12_proc1|  return value|
|ap_continue           |   in|    1|  ap_ctrl_hs|  Loop_loop12_proc1|  return value|
|ap_idle               |  out|    1|  ap_ctrl_hs|  Loop_loop12_proc1|  return value|
|ap_ready              |  out|    1|  ap_ctrl_hs|  Loop_loop12_proc1|  return value|
|start_out             |  out|    1|  ap_ctrl_hs|  Loop_loop12_proc1|  return value|
|start_write           |  out|    1|  ap_ctrl_hs|  Loop_loop12_proc1|  return value|
|v4_address0           |  out|   15|   ap_memory|                 v4|         array|
|v4_ce0                |  out|    1|   ap_memory|                 v4|         array|
|v4_q0                 |   in|   32|   ap_memory|                 v4|         array|
|v4_address1           |  out|   15|   ap_memory|                 v4|         array|
|v4_ce1                |  out|    1|   ap_memory|                 v4|         array|
|v4_q1                 |   in|   32|   ap_memory|                 v4|         array|
|v4_1_address0         |  out|   15|   ap_memory|               v4_1|         array|
|v4_1_ce0              |  out|    1|   ap_memory|               v4_1|         array|
|v4_1_q0               |   in|   32|   ap_memory|               v4_1|         array|
|v4_1_address1         |  out|   15|   ap_memory|               v4_1|         array|
|v4_1_ce1              |  out|    1|   ap_memory|               v4_1|         array|
|v4_1_q1               |   in|   32|   ap_memory|               v4_1|         array|
|v19_din               |  out|   32|     ap_fifo|                v19|       pointer|
|v19_num_data_valid    |   in|   15|     ap_fifo|                v19|       pointer|
|v19_fifo_cap          |   in|   15|     ap_fifo|                v19|       pointer|
|v19_full_n            |   in|    1|     ap_fifo|                v19|       pointer|
|v19_write             |  out|    1|     ap_fifo|                v19|       pointer|
|v19_2_din             |  out|   32|     ap_fifo|              v19_2|       pointer|
|v19_2_num_data_valid  |   in|   15|     ap_fifo|              v19_2|       pointer|
|v19_2_fifo_cap        |   in|   15|     ap_fifo|              v19_2|       pointer|
|v19_2_full_n          |   in|    1|     ap_fifo|              v19_2|       pointer|
|v19_2_write           |  out|    1|     ap_fifo|              v19_2|       pointer|
|v19_1_din             |  out|   32|     ap_fifo|              v19_1|       pointer|
|v19_1_num_data_valid  |   in|   15|     ap_fifo|              v19_1|       pointer|
|v19_1_fifo_cap        |   in|   15|     ap_fifo|              v19_1|       pointer|
|v19_1_full_n          |   in|    1|     ap_fifo|              v19_1|       pointer|
|v19_1_write           |  out|    1|     ap_fifo|              v19_1|       pointer|
|v19_3_din             |  out|   32|     ap_fifo|              v19_3|       pointer|
|v19_3_num_data_valid  |   in|   15|     ap_fifo|              v19_3|       pointer|
|v19_3_fifo_cap        |   in|   15|     ap_fifo|              v19_3|       pointer|
|v19_3_full_n          |   in|    1|     ap_fifo|              v19_3|       pointer|
|v19_3_write           |  out|    1|     ap_fifo|              v19_3|       pointer|
|v1_address0           |  out|   12|   ap_memory|                 v1|         array|
|v1_ce0                |  out|    1|   ap_memory|                 v1|         array|
|v1_q0                 |   in|   32|   ap_memory|                 v1|         array|
|v1_address1           |  out|   12|   ap_memory|                 v1|         array|
|v1_ce1                |  out|    1|   ap_memory|                 v1|         array|
|v1_q1                 |   in|   32|   ap_memory|                 v1|         array|
+----------------------+-----+-----+------------+-------------------+--------------+

