================================================================
== Design Size Report
================================================================

* Total Instructions per Compilation Phase
+---------------+-----------------------------+--------------+----------------------------------------------------------------------------------------+
| Phase         | Step                        | Instructions | Description                                                                            |
+---------------+-----------------------------+--------------+----------------------------------------------------------------------------------------+
| Compile/Link  |                             | 578          | After all functions are compiled and linked into a single design                       |
|               |                             |              |                                                                                        |
| Unroll/Inline |                             |              | After user unroll and inline pragmas are applied                                       |
|               | (1) unroll                  | 313          | user unroll pragmas are applied                                                        |
|               | (2) simplification          | 266          | simplification of applied user unroll pragmas                                          |
|               | (3) inline                  | 250          | user inline pragmas are applied                                                        |
|               | (4) simplification          | 248          | simplification of applied user inline pragmas                                          |
|               |                             |              |                                                                                        |
| Array/Struct  |                             |              | After user array partition and struct aggregate/disaggregate pragmas are applied       |
|               | (1) array partition         | 216          | user array partition pragmas are applied                                               |
|               | (2) simplification          | 216          | simplification of applied user array partition & struct aggregate/disaggregate pragmas |
|               | (3) aggregate/disaggregate  | 216          | user struct aggregate/disaggregate pragmas are applied                                 |
|               | (4) array reshape           | 216          | apply array reshape pragmas                                                            |
|               | (5) access patterns         | 218          | array access pattern optmizations                                                      |
|               |                             |              |                                                                                        |
| Performance   |                             |              | After transformations are applied to meet performance pragma targets                   |
|               | (1) loop simplification     | 216          | loop and instruction simplification                                                    |
|               | (2) parallelization         | 216          | loops are unrolled or pipelined to meet performance targets                            |
|               | (3) array partition         | 216          | arrays are partitioned to meet performance targets                                     |
|               | (4) simplification          | 216          | simplification of design after performance transformations                             |
|               |                             |              |                                                                                        |
| HW Transforms |                             |              | After hardware transfomations                                                          |
|               | (1) lowering                | 250          | initial conversion to HW specific instructions                                         |
|               | (2) optimizations           | 343          | high level synthesis optimizations                                                     |
+---------------+-----------------------------+--------------+----------------------------------------------------------------------------------------+

* Instructions per Function for each Compilation Phase
+-----------+---------------------+--------------+---------------+--------------+-------------+---------------+
| Function  | Location            | Compile/Link | Unroll/Inline | Array/Struct | Performance | HW Transforms |
+-----------+---------------------+--------------+---------------+--------------+-------------+---------------+
| + forward | FeedForward.cpp:198 | 578          | 248           | 218          | 216         | 343           |
|    node7  | FeedForward.cpp:183 |  36          |  14           |  14          |  14         |  24           |
|    node6  | FeedForward.cpp:168 |  29          |  15           |  15          |  15         |  24           |
|    node5  | FeedForward.cpp:127 | 127          |  49           |  50          |  49         |  66           |
|    node4  | FeedForward.cpp:106 |  52          |  18           |  18          |  18         |  33           |
|    node3  | FeedForward.cpp:91  |  29          |  15           |  15          |  15         |  24           |
|    node2  | FeedForward.cpp:50  | 127          |  49           |  50          |  49         |  66           |
|    node1  | FeedForward.cpp:32  |  47          |  16           |  16          |  16         |  31           |
|    node0  | FeedForward.cpp:17  |  38          |  14           |  14          |  14         |  24           |
+-----------+---------------------+--------------+---------------+--------------+-------------+---------------+

* Design Size Message Settings
+---------------------------------------------+--------+------------------------------------------------------------------+
| Message Setting                             | Value  | Description                                                      |
+---------------------------------------------+--------+------------------------------------------------------------------+
| config_compile -design_size_maximum_warning | 100000 | Show a warning when total design instructions exceeds this value |
+---------------------------------------------+--------+------------------------------------------------------------------+


