

================================================================
== Vitis HLS Report for 'node6'
================================================================
* Date:           Tue Oct  1 14:23:56 2024

* Version:        2023.2 (Build 4023990 on Oct 11 2023)
* Project:        hls_FeedForward
* Solution:       solution1 (Vivado IP Flow Target)
* Product family: virtexuplusHBM
* Target device:  xcu280-fsvh2892-2L-e


================================================================
== Performance Estimates
================================================================
+ Timing: 
    * Summary: 
    +--------+---------+----------+------------+
    |  Clock |  Target | Estimated| Uncertainty|
    +--------+---------+----------+------------+
    |ap_clk  |  3.33 ns|  2.507 ns|     0.90 ns|
    +--------+---------+----------+------------+

+ Latency: 
    * Summary: 
    +---------+---------+----------+----------+-------+-------+---------+
    |  Latency (cycles) |  Latency (absolute) |    Interval   | Pipeline|
    |   min   |   max   |    min   |    max   |  min  |  max  |   Type  |
    +---------+---------+----------+----------+-------+-------+---------+
    |    32772|    32772|  0.109 ms|  0.109 ms|  32772|  32772|       no|
    +---------+---------+----------+----------+-------+-------+---------+

    + Detail: 
        * Instance: 
        N/A

        * Loop: 
        +-----------------+---------+---------+----------+-----------+-----------+-------+----------+
        |                 |  Latency (cycles) | Iteration|  Initiation Interval  |  Trip |          |
        |    Loop Name    |   min   |   max   |  Latency |  achieved |   target  | Count | Pipelined|
        +-----------------+---------+---------+----------+-----------+-----------+-------+----------+
        |- loop14_loop15  |    32770|    32770|         4|          1|          1|  32768|       yes|
        +-----------------+---------+---------+----------+-----------+-----------+-------+----------+



================================================================
== Utilization Estimates
================================================================
* Summary: 
+---------------------+---------+------+---------+---------+-----+
|         Name        | BRAM_18K|  DSP |    FF   |   LUT   | URAM|
+---------------------+---------+------+---------+---------+-----+
|DSP                  |        -|     -|        -|        -|    -|
|Expression           |        -|     -|        0|      162|    -|
|FIFO                 |        -|     -|        -|        -|    -|
|Instance             |        -|     -|        -|        -|    -|
|Memory               |        -|     -|        -|        -|    -|
|Multiplexer          |        -|     -|        -|       72|    -|
|Register             |        -|     -|      166|       32|    -|
+---------------------+---------+------+---------+---------+-----+
|Total                |        0|     0|      166|      266|    0|
+---------------------+---------+------+---------+---------+-----+
|Available SLR        |     1344|  3008|   869120|   434560|  320|
+---------------------+---------+------+---------+---------+-----+
|Utilization SLR (%)  |        0|     0|       ~0|       ~0|    0|
+---------------------+---------+------+---------+---------+-----+
|Available            |     4032|  9024|  2607360|  1303680|  960|
+---------------------+---------+------+---------+---------+-----+
|Utilization (%)      |        0|     0|       ~0|       ~0|    0|
+---------------------+---------+------+---------+---------+-----+

+ Detail: 
    * Instance: 
    N/A

    * DSP: 
    N/A

    * Memory: 
    N/A

    * FIFO: 
    N/A

    * Expression: 
    +---------------------------+----------+----+---+----+------------+------------+
    |       Variable Name       | Operation| DSP| FF| LUT| Bitwidth P0| Bitwidth P1|
    +---------------------------+----------+----+---+----+------------+------------+
    |add_ln172_1_fu_112_p2      |         +|   0|  0|  23|          16|           1|
    |add_ln172_fu_124_p2        |         +|   0|  0|  15|           8|           1|
    |add_ln173_fu_196_p2        |         +|   0|  0|  16|           9|           1|
    |add_ln176_fu_184_p2        |         +|   0|  0|  22|          15|          15|
    |add_ln177_fu_190_p2        |         +|   0|  0|  22|          15|          15|
    |ap_condition_106           |       and|   0|  0|   2|           1|           1|
    |icmp_ln172_fu_106_p2       |      icmp|   0|  0|  24|          16|          17|
    |icmp_ln173_fu_130_p2       |      icmp|   0|  0|  17|           9|          10|
    |ap_block_pp0_stage0_11001  |        or|   0|  0|   2|           1|           1|
    |select_ln172_1_fu_148_p3   |    select|   0|  0|   8|           1|           8|
    |select_ln172_fu_136_p3     |    select|   0|  0|   9|           1|           1|
    |ap_enable_pp0              |       xor|   0|  0|   2|           1|           2|
    +---------------------------+----------+----+---+----+------------+------------+
    |Total                      |          |   0|  0| 162|          93|          73|
    +---------------------------+----------+----+---+----+------------+------------+

    * Multiplexer: 
    +--------------------------------------+----+-----------+-----+-----------+
    |                 Name                 | LUT| Input Size| Bits| Total Bits|
    +--------------------------------------+----+-----------+-----+-----------+
    |ap_done_int                           |   9|          2|    1|          2|
    |ap_enable_reg_pp0_iter1               |   9|          2|    1|          2|
    |ap_sig_allocacmp_indvar_flatten_load  |   9|          2|   16|         32|
    |ap_sig_allocacmp_v67_load             |   9|          2|    8|         16|
    |ap_sig_allocacmp_v68_load             |   9|          2|    9|         18|
    |indvar_flatten_fu_58                  |   9|          2|   16|         32|
    |v67_fu_54                             |   9|          2|    8|         16|
    |v68_fu_50                             |   9|          2|    9|         18|
    +--------------------------------------+----+-----------+-----+-----------+
    |Total                                 |  72|         16|   68|        136|
    +--------------------------------------+----+-----------+-----+-----------+

    * Register: 
    +----------------------------------+----+----+-----+-----------+
    |               Name               | FF | LUT| Bits| Const Bits|
    +----------------------------------+----+----+-----+-----------+
    |add_ln176_reg_254                 |  15|   0|   15|          0|
    |add_ln177_reg_259                 |  15|   0|   15|          0|
    |ap_CS_fsm                         |   1|   0|    1|          0|
    |ap_done_reg                       |   1|   0|    1|          0|
    |ap_enable_reg_pp0_iter1           |   1|   0|    1|          0|
    |ap_enable_reg_pp0_iter2           |   1|   0|    1|          0|
    |ap_enable_reg_pp0_iter3           |   1|   0|    1|          0|
    |ap_loop_exit_ready_pp0_iter1_reg  |   1|   0|    1|          0|
    |ap_loop_exit_ready_pp0_iter2_reg  |   1|   0|    1|          0|
    |indvar_flatten_fu_58              |  16|   0|   16|          0|
    |v67_fu_54                         |   8|   0|    8|          0|
    |v68_fu_50                         |   9|   0|    9|          0|
    |v77_load_reg_269                  |  32|   0|   32|          0|
    |add_ln177_reg_259                 |  64|  32|   15|          0|
    +----------------------------------+----+----+-----+-----------+
    |Total                             | 166|  32|  117|          0|
    +----------------------------------+----+----+-----+-----------+



================================================================
== Interface
================================================================
* Summary: 
+--------------+-----+-----+------------+--------------+--------------+
|   RTL Ports  | Dir | Bits|  Protocol  | Source Object|    C Type    |
+--------------+-----+-----+------------+--------------+--------------+
|ap_clk        |   in|    1|  ap_ctrl_hs|         node6|  return value|
|ap_rst        |   in|    1|  ap_ctrl_hs|         node6|  return value|
|ap_start      |   in|    1|  ap_ctrl_hs|         node6|  return value|
|ap_done       |  out|    1|  ap_ctrl_hs|         node6|  return value|
|ap_continue   |   in|    1|  ap_ctrl_hs|         node6|  return value|
|ap_idle       |  out|    1|  ap_ctrl_hs|         node6|  return value|
|ap_ready      |  out|    1|  ap_ctrl_hs|         node6|  return value|
|v77_address0  |  out|   15|   ap_memory|           v77|         array|
|v77_ce0       |  out|    1|   ap_memory|           v77|         array|
|v77_q0        |   in|   32|   ap_memory|           v77|         array|
|v66_address0  |  out|   15|   ap_memory|           v66|         array|
|v66_ce0       |  out|    1|   ap_memory|           v66|         array|
|v66_we0       |  out|    1|   ap_memory|           v66|         array|
|v66_d0        |  out|   32|   ap_memory|           v66|         array|
+--------------+-----+-----+------------+--------------+--------------+

