

================================================================
== Vitis HLS Report for 'forward'
================================================================
* Date:           Wed Sep 25 12:58:41 2024

* Version:        2023.2 (Build 4023990 on Oct 11 2023)
* Project:        hls_ResMLP
* Solution:       solution1 (Vivado IP Flow Target)
* Product family: virtexuplusHBM
* Target device:  xcu280-fsvh2892-2L-e


================================================================
== Performance Estimates
================================================================
+ Timing: 
    * Summary: 
    +--------+---------+----------+------------+
    |  Clock |  Target | Estimated| Uncertainty|
    +--------+---------+----------+------------+
    |ap_clk  |  3.33 ns|  4.864 ns|     0.90 ns|
    +--------+---------+----------+------------+

+ Latency: 
    * Summary: 
    +---------+---------+----------+----------+--------+--------+----------+
    |  Latency (cycles) |  Latency (absolute) |     Interval    | Pipeline |
    |   min   |   max   |    min   |    max   |   min  |   max  |   Type   |
    +---------+---------+----------+----------+--------+--------+----------+
    |   393573|   393573|  1.914 ms|  1.914 ms|  393239|  393239|  dataflow|
    +---------+---------+----------+----------+--------+--------+----------+

    + Detail: 
        * Instance: 
        +-----------+--------+---------+---------+-----------+-----------+--------+--------+---------+
        |           |        |  Latency (cycles) |   Latency (absolute)  |     Interval    | Pipeline|
        |  Instance | Module |   min   |   max   |    min    |    max    |   min  |   max  |   Type  |
        +-----------+--------+---------+---------+-----------+-----------+--------+--------+---------+
        |node13_U0  |node13  |   262147|   262147|   0.873 ms|   0.873 ms|  262147|  262147|       no|
        |node9_U0   |node9   |   131075|   131075|   0.436 ms|   0.436 ms|  131075|  131075|       no|
        |node6_U0   |node6   |    65539|    65539|   0.218 ms|   0.218 ms|   65539|   65539|       no|
        |node3_U0   |node3   |     1284|     1284|   4.276 us|   4.276 us|    1284|    1284|       no|
        |node12_U0  |node12  |   262200|   262200|   0.873 ms|   0.873 ms|  262200|  262200|       no|
        |node11_U0  |node11  |     2058|     2058|   6.853 us|   6.853 us|    2058|    2058|       no|
        |node10_U0  |node10  |      517|      517|   1.722 us|   1.722 us|     517|     517|       no|
        |node8_U0   |node8   |   393238|   393238|   1.913 ms|   1.913 ms|  393238|  393238|       no|
        |node7_U0   |node7   |     2067|     2067|   6.883 us|   6.883 us|    2067|    2067|       no|
        |node5_U0   |node5   |   131105|   131105|   0.614 ms|   0.614 ms|  131105|  131105|       no|
        |node4_U0   |node4   |     1034|     1034|   3.443 us|   3.443 us|    1034|    1034|       no|
        |node2_U0   |node2   |    20505|    20505|  96.045 us|  96.045 us|   20505|   20505|       no|
        |node1_U0   |node1   |       90|       90|   0.300 us|   0.300 us|      90|      90|       no|
        |node0_U0   |node0   |       82|       82|   0.273 us|   0.273 us|      82|      82|       no|
        +-----------+--------+---------+---------+-----------+-----------+--------+--------+---------+

        * Loop: 
        N/A



================================================================
== Utilization Estimates
================================================================
* Summary: 
+---------------------+---------+------+---------+---------+-----+
|         Name        | BRAM_18K|  DSP |    FF   |   LUT   | URAM|
+---------------------+---------+------+---------+---------+-----+
|DSP                  |        -|     -|        -|        -|    -|
|Expression           |        -|     -|        0|       40|    -|
|FIFO                 |      512|     -|    52706|    45894|    -|
|Instance             |     1316|   258|   118737|    64235|   66|
|Memory               |        -|     -|        -|        -|    -|
|Multiplexer          |        -|     -|        -|       81|    -|
|Register             |        -|     -|        9|        -|    -|
+---------------------+---------+------+---------+---------+-----+
|Total                |     1828|   258|   171452|   110250|   66|
+---------------------+---------+------+---------+---------+-----+
|Available SLR        |     1344|  3008|   869120|   434560|  320|
+---------------------+---------+------+---------+---------+-----+
|Utilization SLR (%)  |      136|     8|       19|       25|   20|
+---------------------+---------+------+---------+---------+-----+
|Available            |     4032|  9024|  2607360|  1303680|  960|
+---------------------+---------+------+---------+---------+-----+
|Utilization (%)      |       45|     2|        6|        8|    6|
+---------------------+---------+------+---------+---------+-----+

+ Detail: 
    * Instance: 
    +-----------+--------+---------+-----+-------+-------+-----+
    |  Instance | Module | BRAM_18K| DSP |   FF  |  LUT  | URAM|
    +-----------+--------+---------+-----+-------+-------+-----+
    |node0_U0   |node0   |        0|    0|     19|    193|    0|
    |node1_U0   |node1   |        0|    2|    445|    341|    0|
    |node10_U0  |node10  |        0|    0|    787|    483|    0|
    |node11_U0  |node11  |        0|    4|   1249|   1039|    0|
    |node12_U0  |node12  |     1024|  169|  67640|  26437|    1|
    |node13_U0  |node13  |        0|    0|   8568|   4904|    0|
    |node2_U0   |node2   |       16|    7|   3620|   3715|    0|
    |node3_U0   |node3   |        0|    0|    553|    587|    0|
    |node4_U0   |node4   |        0|    4|   1756|   1310|    0|
    |node5_U0   |node5   |      268|   36|  14673|  10811|    0|
    |node6_U0   |node6   |        0|    0|   4309|   2362|    0|
    |node7_U0   |node7   |        0|    8|   3040|   2065|    0|
    |node8_U0   |node8   |        8|   28|   9858|   8623|   65|
    |node9_U0   |node9   |        0|    0|   2220|   1365|    0|
    +-----------+--------+---------+-----+-------+-------+-----+
    |Total      |        |     1316|  258| 118737|  64235|   66|
    +-----------+--------+---------+-----+-------+-------+-----+

    * DSP: 
    N/A

    * Memory: 
    N/A

    * FIFO: 
    +------------+---------+-----+----+-----+------+-----+---------+
    |    Name    | BRAM_18K|  FF | LUT| URAM| Depth| Bits| Size:D*B|
    +------------+---------+-----+----+-----+------+-----+---------+
    |v184_U      |        0|  121|   0|    -|    80|   32|     2560|
    |v185_U      |        0|  121|   0|    -|    80|   32|     2560|
    |v186_10_U   |        1|   92|   0|    -|   160|   32|     5120|
    |v186_11_U   |        1|   92|   0|    -|   160|   32|     5120|
    |v186_12_U   |        1|   92|   0|    -|   160|   32|     5120|
    |v186_13_U   |        1|   92|   0|    -|   160|   32|     5120|
    |v186_14_U   |        1|   92|   0|    -|   160|   32|     5120|
    |v186_15_U   |        1|   92|   0|    -|   160|   32|     5120|
    |v186_1_U    |        1|   92|   0|    -|   160|   32|     5120|
    |v186_2_U    |        1|   92|   0|    -|   160|   32|     5120|
    |v186_3_U    |        1|   92|   0|    -|   160|   32|     5120|
    |v186_4_U    |        1|   92|   0|    -|   160|   32|     5120|
    |v186_5_U    |        1|   92|   0|    -|   160|   32|     5120|
    |v186_6_U    |        1|   92|   0|    -|   160|   32|     5120|
    |v186_7_U    |        1|   92|   0|    -|   160|   32|     5120|
    |v186_8_U    |        1|   92|   0|    -|   160|   32|     5120|
    |v186_9_U    |        1|   92|   0|    -|   160|   32|     5120|
    |v186_U      |        1|   92|   0|    -|   160|   32|     5120|
    |v187_10_U   |        0|  121|   0|    -|   128|   32|     4096|
    |v187_11_U   |        0|  121|   0|    -|   128|   32|     4096|
    |v187_12_U   |        0|  121|   0|    -|   128|   32|     4096|
    |v187_13_U   |        0|  121|   0|    -|   128|   32|     4096|
    |v187_14_U   |        0|  121|   0|    -|   128|   32|     4096|
    |v187_15_U   |        0|  121|   0|    -|   128|   32|     4096|
    |v187_1_U    |        0|  121|   0|    -|   128|   32|     4096|
    |v187_2_U    |        0|  121|   0|    -|   128|   32|     4096|
    |v187_3_U    |        0|  121|   0|    -|   128|   32|     4096|
    |v187_4_U    |        0|  121|   0|    -|   128|   32|     4096|
    |v187_5_U    |        0|  121|   0|    -|   128|   32|     4096|
    |v187_6_U    |        0|  121|   0|    -|   128|   32|     4096|
    |v187_7_U    |        0|  121|   0|    -|   128|   32|     4096|
    |v187_8_U    |        0|  121|   0|    -|   128|   32|     4096|
    |v187_9_U    |        0|  121|   0|    -|   128|   32|     4096|
    |v187_U      |        0|  121|   0|    -|   128|   32|     4096|
    |v188_10_U   |        0|  121|   0|    -|   128|   32|     4096|
    |v188_11_U   |        0|  121|   0|    -|   128|   32|     4096|
    |v188_12_U   |        0|  121|   0|    -|   128|   32|     4096|
    |v188_13_U   |        0|  121|   0|    -|   128|   32|     4096|
    |v188_14_U   |        0|  121|   0|    -|   128|   32|     4096|
    |v188_15_U   |        0|  121|   0|    -|   128|   32|     4096|
    |v188_1_U    |        0|  121|   0|    -|   128|   32|     4096|
    |v188_2_U    |        0|  121|   0|    -|   128|   32|     4096|
    |v188_3_U    |        0|  121|   0|    -|   128|   32|     4096|
    |v188_4_U    |        0|  121|   0|    -|   128|   32|     4096|
    |v188_5_U    |        0|  121|   0|    -|   128|   32|     4096|
    |v188_6_U    |        0|  121|   0|    -|   128|   32|     4096|
    |v188_7_U    |        0|  121|   0|    -|   128|   32|     4096|
    |v188_8_U    |        0|  121|   0|    -|   128|   32|     4096|
    |v188_9_U    |        0|  121|   0|    -|   128|   32|     4096|
    |v188_U      |        0|  121|   0|    -|   128|   32|     4096|
    |v189_100_U  |        1|   95|   0|    -|  1024|   32|    32768|
    |v189_101_U  |        1|   95|   0|    -|  1024|   32|    32768|
    |v189_102_U  |        1|   95|   0|    -|  1024|   32|    32768|
    |v189_103_U  |        1|   95|   0|    -|  1024|   32|    32768|
    |v189_104_U  |        1|   95|   0|    -|  1024|   32|    32768|
    |v189_105_U  |        1|   95|   0|    -|  1024|   32|    32768|
    |v189_106_U  |        1|   95|   0|    -|  1024|   32|    32768|
    |v189_107_U  |        1|   95|   0|    -|  1024|   32|    32768|
    |v189_108_U  |        1|   95|   0|    -|  1024|   32|    32768|
    |v189_109_U  |        1|   95|   0|    -|  1024|   32|    32768|
    |v189_10_U   |        1|   95|   0|    -|  1024|   32|    32768|
    |v189_110_U  |        1|   95|   0|    -|  1024|   32|    32768|
    |v189_111_U  |        1|   95|   0|    -|  1024|   32|    32768|
    |v189_112_U  |        1|   95|   0|    -|  1024|   32|    32768|
    |v189_113_U  |        1|   95|   0|    -|  1024|   32|    32768|
    |v189_114_U  |        1|   95|   0|    -|  1024|   32|    32768|
    |v189_115_U  |        1|   95|   0|    -|  1024|   32|    32768|
    |v189_116_U  |        1|   95|   0|    -|  1024|   32|    32768|
    |v189_117_U  |        1|   95|   0|    -|  1024|   32|    32768|
    |v189_118_U  |        1|   95|   0|    -|  1024|   32|    32768|
    |v189_119_U  |        1|   95|   0|    -|  1024|   32|    32768|
    |v189_11_U   |        1|   95|   0|    -|  1024|   32|    32768|
    |v189_120_U  |        1|   95|   0|    -|  1024|   32|    32768|
    |v189_121_U  |        1|   95|   0|    -|  1024|   32|    32768|
    |v189_122_U  |        1|   95|   0|    -|  1024|   32|    32768|
    |v189_123_U  |        1|   95|   0|    -|  1024|   32|    32768|
    |v189_124_U  |        1|   95|   0|    -|  1024|   32|    32768|
    |v189_125_U  |        1|   95|   0|    -|  1024|   32|    32768|
    |v189_126_U  |        1|   95|   0|    -|  1024|   32|    32768|
    |v189_127_U  |        1|   95|   0|    -|  1024|   32|    32768|
    |v189_12_U   |        1|   95|   0|    -|  1024|   32|    32768|
    |v189_13_U   |        1|   95|   0|    -|  1024|   32|    32768|
    |v189_14_U   |        1|   95|   0|    -|  1024|   32|    32768|
    |v189_15_U   |        1|   95|   0|    -|  1024|   32|    32768|
    |v189_16_U   |        1|   95|   0|    -|  1024|   32|    32768|
    |v189_17_U   |        1|   95|   0|    -|  1024|   32|    32768|
    |v189_18_U   |        1|   95|   0|    -|  1024|   32|    32768|
    |v189_19_U   |        1|   95|   0|    -|  1024|   32|    32768|
    |v189_1_U    |        1|   95|   0|    -|  1024|   32|    32768|
    |v189_20_U   |        1|   95|   0|    -|  1024|   32|    32768|
    |v189_21_U   |        1|   95|   0|    -|  1024|   32|    32768|
    |v189_22_U   |        1|   95|   0|    -|  1024|   32|    32768|
    |v189_23_U   |        1|   95|   0|    -|  1024|   32|    32768|
    |v189_24_U   |        1|   95|   0|    -|  1024|   32|    32768|
    |v189_25_U   |        1|   95|   0|    -|  1024|   32|    32768|
    |v189_26_U   |        1|   95|   0|    -|  1024|   32|    32768|
    |v189_27_U   |        1|   95|   0|    -|  1024|   32|    32768|
    |v189_28_U   |        1|   95|   0|    -|  1024|   32|    32768|
    |v189_29_U   |        1|   95|   0|    -|  1024|   32|    32768|
    |v189_2_U    |        1|   95|   0|    -|  1024|   32|    32768|
    |v189_30_U   |        1|   95|   0|    -|  1024|   32|    32768|
    |v189_31_U   |        1|   95|   0|    -|  1024|   32|    32768|
    |v189_32_U   |        1|   95|   0|    -|  1024|   32|    32768|
    |v189_33_U   |        1|   95|   0|    -|  1024|   32|    32768|
    |v189_34_U   |        1|   95|   0|    -|  1024|   32|    32768|
    |v189_35_U   |        1|   95|   0|    -|  1024|   32|    32768|
    |v189_36_U   |        1|   95|   0|    -|  1024|   32|    32768|
    |v189_37_U   |        1|   95|   0|    -|  1024|   32|    32768|
    |v189_38_U   |        1|   95|   0|    -|  1024|   32|    32768|
    |v189_39_U   |        1|   95|   0|    -|  1024|   32|    32768|
    |v189_3_U    |        1|   95|   0|    -|  1024|   32|    32768|
    |v189_40_U   |        1|   95|   0|    -|  1024|   32|    32768|
    |v189_41_U   |        1|   95|   0|    -|  1024|   32|    32768|
    |v189_42_U   |        1|   95|   0|    -|  1024|   32|    32768|
    |v189_43_U   |        1|   95|   0|    -|  1024|   32|    32768|
    |v189_44_U   |        1|   95|   0|    -|  1024|   32|    32768|
    |v189_45_U   |        1|   95|   0|    -|  1024|   32|    32768|
    |v189_46_U   |        1|   95|   0|    -|  1024|   32|    32768|
    |v189_47_U   |        1|   95|   0|    -|  1024|   32|    32768|
    |v189_48_U   |        1|   95|   0|    -|  1024|   32|    32768|
    |v189_49_U   |        1|   95|   0|    -|  1024|   32|    32768|
    |v189_4_U    |        1|   95|   0|    -|  1024|   32|    32768|
    |v189_50_U   |        1|   95|   0|    -|  1024|   32|    32768|
    |v189_51_U   |        1|   95|   0|    -|  1024|   32|    32768|
    |v189_52_U   |        1|   95|   0|    -|  1024|   32|    32768|
    |v189_53_U   |        1|   95|   0|    -|  1024|   32|    32768|
    |v189_54_U   |        1|   95|   0|    -|  1024|   32|    32768|
    |v189_55_U   |        1|   95|   0|    -|  1024|   32|    32768|
    |v189_56_U   |        1|   95|   0|    -|  1024|   32|    32768|
    |v189_57_U   |        1|   95|   0|    -|  1024|   32|    32768|
    |v189_58_U   |        1|   95|   0|    -|  1024|   32|    32768|
    |v189_59_U   |        1|   95|   0|    -|  1024|   32|    32768|
    |v189_5_U    |        1|   95|   0|    -|  1024|   32|    32768|
    |v189_60_U   |        1|   95|   0|    -|  1024|   32|    32768|
    |v189_61_U   |        1|   95|   0|    -|  1024|   32|    32768|
    |v189_62_U   |        1|   95|   0|    -|  1024|   32|    32768|
    |v189_63_U   |        1|   95|   0|    -|  1024|   32|    32768|
    |v189_64_U   |        1|   95|   0|    -|  1024|   32|    32768|
    |v189_65_U   |        1|   95|   0|    -|  1024|   32|    32768|
    |v189_66_U   |        1|   95|   0|    -|  1024|   32|    32768|
    |v189_67_U   |        1|   95|   0|    -|  1024|   32|    32768|
    |v189_68_U   |        1|   95|   0|    -|  1024|   32|    32768|
    |v189_69_U   |        1|   95|   0|    -|  1024|   32|    32768|
    |v189_6_U    |        1|   95|   0|    -|  1024|   32|    32768|
    |v189_70_U   |        1|   95|   0|    -|  1024|   32|    32768|
    |v189_71_U   |        1|   95|   0|    -|  1024|   32|    32768|
    |v189_72_U   |        1|   95|   0|    -|  1024|   32|    32768|
    |v189_73_U   |        1|   95|   0|    -|  1024|   32|    32768|
    |v189_74_U   |        1|   95|   0|    -|  1024|   32|    32768|
    |v189_75_U   |        1|   95|   0|    -|  1024|   32|    32768|
    |v189_76_U   |        1|   95|   0|    -|  1024|   32|    32768|
    |v189_77_U   |        1|   95|   0|    -|  1024|   32|    32768|
    |v189_78_U   |        1|   95|   0|    -|  1024|   32|    32768|
    |v189_79_U   |        1|   95|   0|    -|  1024|   32|    32768|
    |v189_7_U    |        1|   95|   0|    -|  1024|   32|    32768|
    |v189_80_U   |        1|   95|   0|    -|  1024|   32|    32768|
    |v189_81_U   |        1|   95|   0|    -|  1024|   32|    32768|
    |v189_82_U   |        1|   95|   0|    -|  1024|   32|    32768|
    |v189_83_U   |        1|   95|   0|    -|  1024|   32|    32768|
    |v189_84_U   |        1|   95|   0|    -|  1024|   32|    32768|
    |v189_85_U   |        1|   95|   0|    -|  1024|   32|    32768|
    |v189_86_U   |        1|   95|   0|    -|  1024|   32|    32768|
    |v189_87_U   |        1|   95|   0|    -|  1024|   32|    32768|
    |v189_88_U   |        1|   95|   0|    -|  1024|   32|    32768|
    |v189_89_U   |        1|   95|   0|    -|  1024|   32|    32768|
    |v189_8_U    |        1|   95|   0|    -|  1024|   32|    32768|
    |v189_90_U   |        1|   95|   0|    -|  1024|   32|    32768|
    |v189_91_U   |        1|   95|   0|    -|  1024|   32|    32768|
    |v189_92_U   |        1|   95|   0|    -|  1024|   32|    32768|
    |v189_93_U   |        1|   95|   0|    -|  1024|   32|    32768|
    |v189_94_U   |        1|   95|   0|    -|  1024|   32|    32768|
    |v189_95_U   |        1|   95|   0|    -|  1024|   32|    32768|
    |v189_96_U   |        1|   95|   0|    -|  1024|   32|    32768|
    |v189_97_U   |        1|   95|   0|    -|  1024|   32|    32768|
    |v189_98_U   |        1|   95|   0|    -|  1024|   32|    32768|
    |v189_99_U   |        1|   95|   0|    -|  1024|   32|    32768|
    |v189_9_U    |        1|   95|   0|    -|  1024|   32|    32768|
    |v189_U      |        1|   95|   0|    -|  1024|   32|    32768|
    |v190_1_U    |        1|   95|   0|    -|   512|   32|    16384|
    |v190_2_U    |        1|   95|   0|    -|   512|   32|    16384|
    |v190_3_U    |        1|   95|   0|    -|   512|   32|    16384|
    |v190_4_U    |        1|   95|   0|    -|   512|   32|    16384|
    |v190_5_U    |        1|   95|   0|    -|   512|   32|    16384|
    |v190_6_U    |        1|   95|   0|    -|   512|   32|    16384|
    |v190_7_U    |        1|   95|   0|    -|   512|   32|    16384|
    |v190_U      |        1|   95|   0|    -|   512|   32|    16384|
    |v191_1_U    |        1|   95|   0|    -|   512|   32|    16384|
    |v191_2_U    |        1|   95|   0|    -|   512|   32|    16384|
    |v191_3_U    |        1|   95|   0|    -|   512|   32|    16384|
    |v191_4_U    |        1|   95|   0|    -|   512|   32|    16384|
    |v191_5_U    |        1|   95|   0|    -|   512|   32|    16384|
    |v191_6_U    |        1|   95|   0|    -|   512|   32|    16384|
    |v191_7_U    |        1|   95|   0|    -|   512|   32|    16384|
    |v191_U      |        1|   95|   0|    -|   512|   32|    16384|
    |v192_10_U   |        1|   95|   0|    -|  4096|   32|   131072|
    |v192_11_U   |        1|   95|   0|    -|  4096|   32|   131072|
    |v192_12_U   |        1|   95|   0|    -|  4096|   32|   131072|
    |v192_13_U   |        1|   95|   0|    -|  4096|   32|   131072|
    |v192_14_U   |        1|   95|   0|    -|  4096|   32|   131072|
    |v192_15_U   |        1|   95|   0|    -|  4096|   32|   131072|
    |v192_16_U   |        1|   95|   0|    -|  4096|   32|   131072|
    |v192_17_U   |        1|   95|   0|    -|  4096|   32|   131072|
    |v192_18_U   |        1|   95|   0|    -|  4096|   32|   131072|
    |v192_19_U   |        1|   95|   0|    -|  4096|   32|   131072|
    |v192_1_U    |        1|   95|   0|    -|  4096|   32|   131072|
    |v192_20_U   |        1|   95|   0|    -|  4096|   32|   131072|
    |v192_21_U   |        1|   95|   0|    -|  4096|   32|   131072|
    |v192_22_U   |        1|   95|   0|    -|  4096|   32|   131072|
    |v192_23_U   |        1|   95|   0|    -|  4096|   32|   131072|
    |v192_24_U   |        1|   95|   0|    -|  4096|   32|   131072|
    |v192_25_U   |        1|   95|   0|    -|  4096|   32|   131072|
    |v192_26_U   |        1|   95|   0|    -|  4096|   32|   131072|
    |v192_27_U   |        1|   95|   0|    -|  4096|   32|   131072|
    |v192_28_U   |        1|   95|   0|    -|  4096|   32|   131072|
    |v192_29_U   |        1|   95|   0|    -|  4096|   32|   131072|
    |v192_2_U    |        1|   95|   0|    -|  4096|   32|   131072|
    |v192_30_U   |        1|   95|   0|    -|  4096|   32|   131072|
    |v192_31_U   |        1|   95|   0|    -|  4096|   32|   131072|
    |v192_32_U   |        1|   95|   0|    -|  4096|   32|   131072|
    |v192_33_U   |        1|   95|   0|    -|  4096|   32|   131072|
    |v192_34_U   |        1|   95|   0|    -|  4096|   32|   131072|
    |v192_35_U   |        1|   95|   0|    -|  4096|   32|   131072|
    |v192_36_U   |        1|   95|   0|    -|  4096|   32|   131072|
    |v192_37_U   |        1|   95|   0|    -|  4096|   32|   131072|
    |v192_38_U   |        1|   95|   0|    -|  4096|   32|   131072|
    |v192_39_U   |        1|   95|   0|    -|  4096|   32|   131072|
    |v192_3_U    |        1|   95|   0|    -|  4096|   32|   131072|
    |v192_40_U   |        1|   95|   0|    -|  4096|   32|   131072|
    |v192_41_U   |        1|   95|   0|    -|  4096|   32|   131072|
    |v192_42_U   |        1|   95|   0|    -|  4096|   32|   131072|
    |v192_43_U   |        1|   95|   0|    -|  4096|   32|   131072|
    |v192_44_U   |        1|   95|   0|    -|  4096|   32|   131072|
    |v192_45_U   |        1|   95|   0|    -|  4096|   32|   131072|
    |v192_46_U   |        1|   95|   0|    -|  4096|   32|   131072|
    |v192_47_U   |        1|   95|   0|    -|  4096|   32|   131072|
    |v192_48_U   |        1|   95|   0|    -|  4096|   32|   131072|
    |v192_49_U   |        1|   95|   0|    -|  4096|   32|   131072|
    |v192_4_U    |        1|   95|   0|    -|  4096|   32|   131072|
    |v192_50_U   |        1|   95|   0|    -|  4096|   32|   131072|
    |v192_51_U   |        1|   95|   0|    -|  4096|   32|   131072|
    |v192_52_U   |        1|   95|   0|    -|  4096|   32|   131072|
    |v192_53_U   |        1|   95|   0|    -|  4096|   32|   131072|
    |v192_54_U   |        1|   95|   0|    -|  4096|   32|   131072|
    |v192_55_U   |        1|   95|   0|    -|  4096|   32|   131072|
    |v192_56_U   |        1|   95|   0|    -|  4096|   32|   131072|
    |v192_57_U   |        1|   95|   0|    -|  4096|   32|   131072|
    |v192_58_U   |        1|   95|   0|    -|  4096|   32|   131072|
    |v192_59_U   |        1|   95|   0|    -|  4096|   32|   131072|
    |v192_5_U    |        1|   95|   0|    -|  4096|   32|   131072|
    |v192_60_U   |        1|   95|   0|    -|  4096|   32|   131072|
    |v192_61_U   |        1|   95|   0|    -|  4096|   32|   131072|
    |v192_62_U   |        1|   95|   0|    -|  4096|   32|   131072|
    |v192_63_U   |        1|   95|   0|    -|  4096|   32|   131072|
    |v192_6_U    |        1|   95|   0|    -|  4096|   32|   131072|
    |v192_7_U    |        1|   95|   0|    -|  4096|   32|   131072|
    |v192_8_U    |        1|   95|   0|    -|  4096|   32|   131072|
    |v192_9_U    |        1|   95|   0|    -|  4096|   32|   131072|
    |v192_U      |        1|   95|   0|    -|  4096|   32|   131072|
    |v193_1_U    |        1|   95|   0|    -|   512|   32|    16384|
    |v193_2_U    |        1|   95|   0|    -|   512|   32|    16384|
    |v193_3_U    |        1|   95|   0|    -|   512|   32|    16384|
    |v193_4_U    |        1|   95|   0|    -|   512|   32|    16384|
    |v193_5_U    |        1|   95|   0|    -|   512|   32|    16384|
    |v193_6_U    |        1|   95|   0|    -|   512|   32|    16384|
    |v193_7_U    |        1|   95|   0|    -|   512|   32|    16384|
    |v193_U      |        1|   95|   0|    -|   512|   32|    16384|
    |v194_1_U    |        1|   95|   0|    -|   512|   32|    16384|
    |v194_2_U    |        1|   95|   0|    -|   512|   32|    16384|
    |v194_3_U    |        1|   95|   0|    -|   512|   32|    16384|
    |v194_4_U    |        1|   95|   0|    -|   512|   32|    16384|
    |v194_5_U    |        1|   95|   0|    -|   512|   32|    16384|
    |v194_6_U    |        1|   95|   0|    -|   512|   32|    16384|
    |v194_7_U    |        1|   95|   0|    -|   512|   32|    16384|
    |v194_U      |        1|   95|   0|    -|   512|   32|    16384|
    |v195_1_U    |        1|   95|   0|    -|   512|   32|    16384|
    |v195_2_U    |        1|   95|   0|    -|   512|   32|    16384|
    |v195_3_U    |        1|   95|   0|    -|   512|   32|    16384|
    |v195_4_U    |        1|   95|   0|    -|   512|   32|    16384|
    |v195_5_U    |        1|   95|   0|    -|   512|   32|    16384|
    |v195_6_U    |        1|   95|   0|    -|   512|   32|    16384|
    |v195_7_U    |        1|   95|   0|    -|   512|   32|    16384|
    |v195_U      |        1|   95|   0|    -|   512|   32|    16384|
    |v196_1_U    |        1|   95|   0|    -|   512|   32|    16384|
    |v196_2_U    |        1|   95|   0|    -|   512|   32|    16384|
    |v196_3_U    |        1|   95|   0|    -|   512|   32|    16384|
    |v196_4_U    |        1|   95|   0|    -|   512|   32|    16384|
    |v196_5_U    |        1|   95|   0|    -|   512|   32|    16384|
    |v196_6_U    |        1|   95|   0|    -|   512|   32|    16384|
    |v196_7_U    |        1|   95|   0|    -|   512|   32|    16384|
    |v196_U      |        1|   95|   0|    -|   512|   32|    16384|
    |v197_100_U  |        1|   95|   0|    -|  2048|   32|    65536|
    |v197_101_U  |        1|   95|   0|    -|  2048|   32|    65536|
    |v197_102_U  |        1|   95|   0|    -|  2048|   32|    65536|
    |v197_103_U  |        1|   95|   0|    -|  2048|   32|    65536|
    |v197_104_U  |        1|   95|   0|    -|  2048|   32|    65536|
    |v197_105_U  |        1|   95|   0|    -|  2048|   32|    65536|
    |v197_106_U  |        1|   95|   0|    -|  2048|   32|    65536|
    |v197_107_U  |        1|   95|   0|    -|  2048|   32|    65536|
    |v197_108_U  |        1|   95|   0|    -|  2048|   32|    65536|
    |v197_109_U  |        1|   95|   0|    -|  2048|   32|    65536|
    |v197_10_U   |        1|   95|   0|    -|  2048|   32|    65536|
    |v197_110_U  |        1|   95|   0|    -|  2048|   32|    65536|
    |v197_111_U  |        1|   95|   0|    -|  2048|   32|    65536|
    |v197_112_U  |        1|   95|   0|    -|  2048|   32|    65536|
    |v197_113_U  |        1|   95|   0|    -|  2048|   32|    65536|
    |v197_114_U  |        1|   95|   0|    -|  2048|   32|    65536|
    |v197_115_U  |        1|   95|   0|    -|  2048|   32|    65536|
    |v197_116_U  |        1|   95|   0|    -|  2048|   32|    65536|
    |v197_117_U  |        1|   95|   0|    -|  2048|   32|    65536|
    |v197_118_U  |        1|   95|   0|    -|  2048|   32|    65536|
    |v197_119_U  |        1|   95|   0|    -|  2048|   32|    65536|
    |v197_11_U   |        1|   95|   0|    -|  2048|   32|    65536|
    |v197_120_U  |        1|   95|   0|    -|  2048|   32|    65536|
    |v197_121_U  |        1|   95|   0|    -|  2048|   32|    65536|
    |v197_122_U  |        1|   95|   0|    -|  2048|   32|    65536|
    |v197_123_U  |        1|   95|   0|    -|  2048|   32|    65536|
    |v197_124_U  |        1|   95|   0|    -|  2048|   32|    65536|
    |v197_125_U  |        1|   95|   0|    -|  2048|   32|    65536|
    |v197_126_U  |        1|   95|   0|    -|  2048|   32|    65536|
    |v197_127_U  |        1|   95|   0|    -|  2048|   32|    65536|
    |v197_128_U  |        1|   95|   0|    -|  2048|   32|    65536|
    |v197_129_U  |        1|   95|   0|    -|  2048|   32|    65536|
    |v197_12_U   |        1|   95|   0|    -|  2048|   32|    65536|
    |v197_130_U  |        1|   95|   0|    -|  2048|   32|    65536|
    |v197_131_U  |        1|   95|   0|    -|  2048|   32|    65536|
    |v197_132_U  |        1|   95|   0|    -|  2048|   32|    65536|
    |v197_133_U  |        1|   95|   0|    -|  2048|   32|    65536|
    |v197_134_U  |        1|   95|   0|    -|  2048|   32|    65536|
    |v197_135_U  |        1|   95|   0|    -|  2048|   32|    65536|
    |v197_136_U  |        1|   95|   0|    -|  2048|   32|    65536|
    |v197_137_U  |        1|   95|   0|    -|  2048|   32|    65536|
    |v197_138_U  |        1|   95|   0|    -|  2048|   32|    65536|
    |v197_139_U  |        1|   95|   0|    -|  2048|   32|    65536|
    |v197_13_U   |        1|   95|   0|    -|  2048|   32|    65536|
    |v197_140_U  |        1|   95|   0|    -|  2048|   32|    65536|
    |v197_141_U  |        1|   95|   0|    -|  2048|   32|    65536|
    |v197_142_U  |        1|   95|   0|    -|  2048|   32|    65536|
    |v197_143_U  |        1|   95|   0|    -|  2048|   32|    65536|
    |v197_144_U  |        1|   95|   0|    -|  2048|   32|    65536|
    |v197_145_U  |        1|   95|   0|    -|  2048|   32|    65536|
    |v197_146_U  |        1|   95|   0|    -|  2048|   32|    65536|
    |v197_147_U  |        1|   95|   0|    -|  2048|   32|    65536|
    |v197_148_U  |        1|   95|   0|    -|  2048|   32|    65536|
    |v197_149_U  |        1|   95|   0|    -|  2048|   32|    65536|
    |v197_14_U   |        1|   95|   0|    -|  2048|   32|    65536|
    |v197_150_U  |        1|   95|   0|    -|  2048|   32|    65536|
    |v197_151_U  |        1|   95|   0|    -|  2048|   32|    65536|
    |v197_152_U  |        1|   95|   0|    -|  2048|   32|    65536|
    |v197_153_U  |        1|   95|   0|    -|  2048|   32|    65536|
    |v197_154_U  |        1|   95|   0|    -|  2048|   32|    65536|
    |v197_155_U  |        1|   95|   0|    -|  2048|   32|    65536|
    |v197_156_U  |        1|   95|   0|    -|  2048|   32|    65536|
    |v197_157_U  |        1|   95|   0|    -|  2048|   32|    65536|
    |v197_158_U  |        1|   95|   0|    -|  2048|   32|    65536|
    |v197_159_U  |        1|   95|   0|    -|  2048|   32|    65536|
    |v197_15_U   |        1|   95|   0|    -|  2048|   32|    65536|
    |v197_160_U  |        1|   95|   0|    -|  2048|   32|    65536|
    |v197_161_U  |        1|   95|   0|    -|  2048|   32|    65536|
    |v197_162_U  |        1|   95|   0|    -|  2048|   32|    65536|
    |v197_163_U  |        1|   95|   0|    -|  2048|   32|    65536|
    |v197_164_U  |        1|   95|   0|    -|  2048|   32|    65536|
    |v197_165_U  |        1|   95|   0|    -|  2048|   32|    65536|
    |v197_166_U  |        1|   95|   0|    -|  2048|   32|    65536|
    |v197_167_U  |        1|   95|   0|    -|  2048|   32|    65536|
    |v197_168_U  |        1|   95|   0|    -|  2048|   32|    65536|
    |v197_169_U  |        1|   95|   0|    -|  2048|   32|    65536|
    |v197_16_U   |        1|   95|   0|    -|  2048|   32|    65536|
    |v197_170_U  |        1|   95|   0|    -|  2048|   32|    65536|
    |v197_171_U  |        1|   95|   0|    -|  2048|   32|    65536|
    |v197_172_U  |        1|   95|   0|    -|  2048|   32|    65536|
    |v197_173_U  |        1|   95|   0|    -|  2048|   32|    65536|
    |v197_174_U  |        1|   95|   0|    -|  2048|   32|    65536|
    |v197_175_U  |        1|   95|   0|    -|  2048|   32|    65536|
    |v197_176_U  |        1|   95|   0|    -|  2048|   32|    65536|
    |v197_177_U  |        1|   95|   0|    -|  2048|   32|    65536|
    |v197_178_U  |        1|   95|   0|    -|  2048|   32|    65536|
    |v197_179_U  |        1|   95|   0|    -|  2048|   32|    65536|
    |v197_17_U   |        1|   95|   0|    -|  2048|   32|    65536|
    |v197_180_U  |        1|   95|   0|    -|  2048|   32|    65536|
    |v197_181_U  |        1|   95|   0|    -|  2048|   32|    65536|
    |v197_182_U  |        1|   95|   0|    -|  2048|   32|    65536|
    |v197_183_U  |        1|   95|   0|    -|  2048|   32|    65536|
    |v197_184_U  |        1|   95|   0|    -|  2048|   32|    65536|
    |v197_185_U  |        1|   95|   0|    -|  2048|   32|    65536|
    |v197_186_U  |        1|   95|   0|    -|  2048|   32|    65536|
    |v197_187_U  |        1|   95|   0|    -|  2048|   32|    65536|
    |v197_188_U  |        1|   95|   0|    -|  2048|   32|    65536|
    |v197_189_U  |        1|   95|   0|    -|  2048|   32|    65536|
    |v197_18_U   |        1|   95|   0|    -|  2048|   32|    65536|
    |v197_190_U  |        1|   95|   0|    -|  2048|   32|    65536|
    |v197_191_U  |        1|   95|   0|    -|  2048|   32|    65536|
    |v197_192_U  |        1|   95|   0|    -|  2048|   32|    65536|
    |v197_193_U  |        1|   95|   0|    -|  2048|   32|    65536|
    |v197_194_U  |        1|   95|   0|    -|  2048|   32|    65536|
    |v197_195_U  |        1|   95|   0|    -|  2048|   32|    65536|
    |v197_196_U  |        1|   95|   0|    -|  2048|   32|    65536|
    |v197_197_U  |        1|   95|   0|    -|  2048|   32|    65536|
    |v197_198_U  |        1|   95|   0|    -|  2048|   32|    65536|
    |v197_199_U  |        1|   95|   0|    -|  2048|   32|    65536|
    |v197_19_U   |        1|   95|   0|    -|  2048|   32|    65536|
    |v197_1_U    |        1|   95|   0|    -|  2048|   32|    65536|
    |v197_200_U  |        1|   95|   0|    -|  2048|   32|    65536|
    |v197_201_U  |        1|   95|   0|    -|  2048|   32|    65536|
    |v197_202_U  |        1|   95|   0|    -|  2048|   32|    65536|
    |v197_203_U  |        1|   95|   0|    -|  2048|   32|    65536|
    |v197_204_U  |        1|   95|   0|    -|  2048|   32|    65536|
    |v197_205_U  |        1|   95|   0|    -|  2048|   32|    65536|
    |v197_206_U  |        1|   95|   0|    -|  2048|   32|    65536|
    |v197_207_U  |        1|   95|   0|    -|  2048|   32|    65536|
    |v197_208_U  |        1|   95|   0|    -|  2048|   32|    65536|
    |v197_209_U  |        1|   95|   0|    -|  2048|   32|    65536|
    |v197_20_U   |        1|   95|   0|    -|  2048|   32|    65536|
    |v197_210_U  |        1|   95|   0|    -|  2048|   32|    65536|
    |v197_211_U  |        1|   95|   0|    -|  2048|   32|    65536|
    |v197_212_U  |        1|   95|   0|    -|  2048|   32|    65536|
    |v197_213_U  |        1|   95|   0|    -|  2048|   32|    65536|
    |v197_214_U  |        1|   95|   0|    -|  2048|   32|    65536|
    |v197_215_U  |        1|   95|   0|    -|  2048|   32|    65536|
    |v197_216_U  |        1|   95|   0|    -|  2048|   32|    65536|
    |v197_217_U  |        1|   95|   0|    -|  2048|   32|    65536|
    |v197_218_U  |        1|   95|   0|    -|  2048|   32|    65536|
    |v197_219_U  |        1|   95|   0|    -|  2048|   32|    65536|
    |v197_21_U   |        1|   95|   0|    -|  2048|   32|    65536|
    |v197_220_U  |        1|   95|   0|    -|  2048|   32|    65536|
    |v197_221_U  |        1|   95|   0|    -|  2048|   32|    65536|
    |v197_222_U  |        1|   95|   0|    -|  2048|   32|    65536|
    |v197_223_U  |        1|   95|   0|    -|  2048|   32|    65536|
    |v197_224_U  |        1|   95|   0|    -|  2048|   32|    65536|
    |v197_225_U  |        1|   95|   0|    -|  2048|   32|    65536|
    |v197_226_U  |        1|   95|   0|    -|  2048|   32|    65536|
    |v197_227_U  |        1|   95|   0|    -|  2048|   32|    65536|
    |v197_228_U  |        1|   95|   0|    -|  2048|   32|    65536|
    |v197_229_U  |        1|   95|   0|    -|  2048|   32|    65536|
    |v197_22_U   |        1|   95|   0|    -|  2048|   32|    65536|
    |v197_230_U  |        1|   95|   0|    -|  2048|   32|    65536|
    |v197_231_U  |        1|   95|   0|    -|  2048|   32|    65536|
    |v197_232_U  |        1|   95|   0|    -|  2048|   32|    65536|
    |v197_233_U  |        1|   95|   0|    -|  2048|   32|    65536|
    |v197_234_U  |        1|   95|   0|    -|  2048|   32|    65536|
    |v197_235_U  |        1|   95|   0|    -|  2048|   32|    65536|
    |v197_236_U  |        1|   95|   0|    -|  2048|   32|    65536|
    |v197_237_U  |        1|   95|   0|    -|  2048|   32|    65536|
    |v197_238_U  |        1|   95|   0|    -|  2048|   32|    65536|
    |v197_239_U  |        1|   95|   0|    -|  2048|   32|    65536|
    |v197_23_U   |        1|   95|   0|    -|  2048|   32|    65536|
    |v197_240_U  |        1|   95|   0|    -|  2048|   32|    65536|
    |v197_241_U  |        1|   95|   0|    -|  2048|   32|    65536|
    |v197_242_U  |        1|   95|   0|    -|  2048|   32|    65536|
    |v197_243_U  |        1|   95|   0|    -|  2048|   32|    65536|
    |v197_244_U  |        1|   95|   0|    -|  2048|   32|    65536|
    |v197_245_U  |        1|   95|   0|    -|  2048|   32|    65536|
    |v197_246_U  |        1|   95|   0|    -|  2048|   32|    65536|
    |v197_247_U  |        1|   95|   0|    -|  2048|   32|    65536|
    |v197_248_U  |        1|   95|   0|    -|  2048|   32|    65536|
    |v197_249_U  |        1|   95|   0|    -|  2048|   32|    65536|
    |v197_24_U   |        1|   95|   0|    -|  2048|   32|    65536|
    |v197_250_U  |        1|   95|   0|    -|  2048|   32|    65536|
    |v197_251_U  |        1|   95|   0|    -|  2048|   32|    65536|
    |v197_252_U  |        1|   95|   0|    -|  2048|   32|    65536|
    |v197_253_U  |        1|   95|   0|    -|  2048|   32|    65536|
    |v197_254_U  |        1|   95|   0|    -|  2048|   32|    65536|
    |v197_255_U  |        1|   95|   0|    -|  2048|   32|    65536|
    |v197_25_U   |        1|   95|   0|    -|  2048|   32|    65536|
    |v197_26_U   |        1|   95|   0|    -|  2048|   32|    65536|
    |v197_27_U   |        1|   95|   0|    -|  2048|   32|    65536|
    |v197_28_U   |        1|   95|   0|    -|  2048|   32|    65536|
    |v197_29_U   |        1|   95|   0|    -|  2048|   32|    65536|
    |v197_2_U    |        1|   95|   0|    -|  2048|   32|    65536|
    |v197_30_U   |        1|   95|   0|    -|  2048|   32|    65536|
    |v197_31_U   |        1|   95|   0|    -|  2048|   32|    65536|
    |v197_32_U   |        1|   95|   0|    -|  2048|   32|    65536|
    |v197_33_U   |        1|   95|   0|    -|  2048|   32|    65536|
    |v197_34_U   |        1|   95|   0|    -|  2048|   32|    65536|
    |v197_35_U   |        1|   95|   0|    -|  2048|   32|    65536|
    |v197_36_U   |        1|   95|   0|    -|  2048|   32|    65536|
    |v197_37_U   |        1|   95|   0|    -|  2048|   32|    65536|
    |v197_38_U   |        1|   95|   0|    -|  2048|   32|    65536|
    |v197_39_U   |        1|   95|   0|    -|  2048|   32|    65536|
    |v197_3_U    |        1|   95|   0|    -|  2048|   32|    65536|
    |v197_40_U   |        1|   95|   0|    -|  2048|   32|    65536|
    |v197_41_U   |        1|   95|   0|    -|  2048|   32|    65536|
    |v197_42_U   |        1|   95|   0|    -|  2048|   32|    65536|
    |v197_43_U   |        1|   95|   0|    -|  2048|   32|    65536|
    |v197_44_U   |        1|   95|   0|    -|  2048|   32|    65536|
    |v197_45_U   |        1|   95|   0|    -|  2048|   32|    65536|
    |v197_46_U   |        1|   95|   0|    -|  2048|   32|    65536|
    |v197_47_U   |        1|   95|   0|    -|  2048|   32|    65536|
    |v197_48_U   |        1|   95|   0|    -|  2048|   32|    65536|
    |v197_49_U   |        1|   95|   0|    -|  2048|   32|    65536|
    |v197_4_U    |        1|   95|   0|    -|  2048|   32|    65536|
    |v197_50_U   |        1|   95|   0|    -|  2048|   32|    65536|
    |v197_51_U   |        1|   95|   0|    -|  2048|   32|    65536|
    |v197_52_U   |        1|   95|   0|    -|  2048|   32|    65536|
    |v197_53_U   |        1|   95|   0|    -|  2048|   32|    65536|
    |v197_54_U   |        1|   95|   0|    -|  2048|   32|    65536|
    |v197_55_U   |        1|   95|   0|    -|  2048|   32|    65536|
    |v197_56_U   |        1|   95|   0|    -|  2048|   32|    65536|
    |v197_57_U   |        1|   95|   0|    -|  2048|   32|    65536|
    |v197_58_U   |        1|   95|   0|    -|  2048|   32|    65536|
    |v197_59_U   |        1|   95|   0|    -|  2048|   32|    65536|
    |v197_5_U    |        1|   95|   0|    -|  2048|   32|    65536|
    |v197_60_U   |        1|   95|   0|    -|  2048|   32|    65536|
    |v197_61_U   |        1|   95|   0|    -|  2048|   32|    65536|
    |v197_62_U   |        1|   95|   0|    -|  2048|   32|    65536|
    |v197_63_U   |        1|   95|   0|    -|  2048|   32|    65536|
    |v197_64_U   |        1|   95|   0|    -|  2048|   32|    65536|
    |v197_65_U   |        1|   95|   0|    -|  2048|   32|    65536|
    |v197_66_U   |        1|   95|   0|    -|  2048|   32|    65536|
    |v197_67_U   |        1|   95|   0|    -|  2048|   32|    65536|
    |v197_68_U   |        1|   95|   0|    -|  2048|   32|    65536|
    |v197_69_U   |        1|   95|   0|    -|  2048|   32|    65536|
    |v197_6_U    |        1|   95|   0|    -|  2048|   32|    65536|
    |v197_70_U   |        1|   95|   0|    -|  2048|   32|    65536|
    |v197_71_U   |        1|   95|   0|    -|  2048|   32|    65536|
    |v197_72_U   |        1|   95|   0|    -|  2048|   32|    65536|
    |v197_73_U   |        1|   95|   0|    -|  2048|   32|    65536|
    |v197_74_U   |        1|   95|   0|    -|  2048|   32|    65536|
    |v197_75_U   |        1|   95|   0|    -|  2048|   32|    65536|
    |v197_76_U   |        1|   95|   0|    -|  2048|   32|    65536|
    |v197_77_U   |        1|   95|   0|    -|  2048|   32|    65536|
    |v197_78_U   |        1|   95|   0|    -|  2048|   32|    65536|
    |v197_79_U   |        1|   95|   0|    -|  2048|   32|    65536|
    |v197_7_U    |        1|   95|   0|    -|  2048|   32|    65536|
    |v197_80_U   |        1|   95|   0|    -|  2048|   32|    65536|
    |v197_81_U   |        1|   95|   0|    -|  2048|   32|    65536|
    |v197_82_U   |        1|   95|   0|    -|  2048|   32|    65536|
    |v197_83_U   |        1|   95|   0|    -|  2048|   32|    65536|
    |v197_84_U   |        1|   95|   0|    -|  2048|   32|    65536|
    |v197_85_U   |        1|   95|   0|    -|  2048|   32|    65536|
    |v197_86_U   |        1|   95|   0|    -|  2048|   32|    65536|
    |v197_87_U   |        1|   95|   0|    -|  2048|   32|    65536|
    |v197_88_U   |        1|   95|   0|    -|  2048|   32|    65536|
    |v197_89_U   |        1|   95|   0|    -|  2048|   32|    65536|
    |v197_8_U    |        1|   95|   0|    -|  2048|   32|    65536|
    |v197_90_U   |        1|   95|   0|    -|  2048|   32|    65536|
    |v197_91_U   |        1|   95|   0|    -|  2048|   32|    65536|
    |v197_92_U   |        1|   95|   0|    -|  2048|   32|    65536|
    |v197_93_U   |        1|   95|   0|    -|  2048|   32|    65536|
    |v197_94_U   |        1|   95|   0|    -|  2048|   32|    65536|
    |v197_95_U   |        1|   95|   0|    -|  2048|   32|    65536|
    |v197_96_U   |        1|   95|   0|    -|  2048|   32|    65536|
    |v197_97_U   |        1|   95|   0|    -|  2048|   32|    65536|
    |v197_98_U   |        1|   95|   0|    -|  2048|   32|    65536|
    |v197_99_U   |        1|   95|   0|    -|  2048|   32|    65536|
    |v197_9_U    |        1|   95|   0|    -|  2048|   32|    65536|
    |v197_U      |        1|   95|   0|    -|  2048|   32|    65536|
    +------------+---------+-----+----+-----+------+-----+---------+
    |Total       |      512|52706|   0|    0|948896|17472| 30364672|
    +------------+---------+-----+----+-----+------+-----+---------+

    * Expression: 
    +----------------------------+----------+----+---+----+------------+------------+
    |        Variable Name       | Operation| DSP| FF| LUT| Bitwidth P0| Bitwidth P1|
    +----------------------------+----------+----+---+----+------------+------------+
    |ap_idle                     |       and|   0|  0|   2|           1|           1|
    |ap_sync_ready               |       and|   0|  0|   2|           1|           1|
    |node11_U0_ap_start          |       and|   0|  0|   2|           1|           1|
    |node12_U0_ap_start          |       and|   0|  0|   2|           1|           1|
    |node13_U0_ap_start          |       and|   0|  0|   2|           1|           1|
    |node1_U0_ap_start           |       and|   0|  0|   2|           1|           1|
    |node3_U0_ap_start           |       and|   0|  0|   2|           1|           1|
    |node4_U0_ap_start           |       and|   0|  0|   2|           1|           1|
    |node6_U0_ap_start           |       and|   0|  0|   2|           1|           1|
    |node7_U0_ap_start           |       and|   0|  0|   2|           1|           1|
    |node9_U0_ap_start           |       and|   0|  0|   2|           1|           1|
    |ap_sync_node11_U0_ap_ready  |        or|   0|  0|   2|           1|           1|
    |ap_sync_node12_U0_ap_ready  |        or|   0|  0|   2|           1|           1|
    |ap_sync_node13_U0_ap_ready  |        or|   0|  0|   2|           1|           1|
    |ap_sync_node1_U0_ap_ready   |        or|   0|  0|   2|           1|           1|
    |ap_sync_node3_U0_ap_ready   |        or|   0|  0|   2|           1|           1|
    |ap_sync_node4_U0_ap_ready   |        or|   0|  0|   2|           1|           1|
    |ap_sync_node6_U0_ap_ready   |        or|   0|  0|   2|           1|           1|
    |ap_sync_node7_U0_ap_ready   |        or|   0|  0|   2|           1|           1|
    |ap_sync_node9_U0_ap_ready   |        or|   0|  0|   2|           1|           1|
    +----------------------------+----------+----+---+----+------------+------------+
    |Total                       |          |   0|  0|  40|          20|          20|
    +----------------------------+----------+----+---+----+------------+------------+

    * Multiplexer: 
    +--------------------------------+----+-----------+-----+-----------+
    |              Name              | LUT| Input Size| Bits| Total Bits|
    +--------------------------------+----+-----------+-----+-----------+
    |ap_sync_reg_node11_U0_ap_ready  |   9|          2|    1|          2|
    |ap_sync_reg_node12_U0_ap_ready  |   9|          2|    1|          2|
    |ap_sync_reg_node13_U0_ap_ready  |   9|          2|    1|          2|
    |ap_sync_reg_node1_U0_ap_ready   |   9|          2|    1|          2|
    |ap_sync_reg_node3_U0_ap_ready   |   9|          2|    1|          2|
    |ap_sync_reg_node4_U0_ap_ready   |   9|          2|    1|          2|
    |ap_sync_reg_node6_U0_ap_ready   |   9|          2|    1|          2|
    |ap_sync_reg_node7_U0_ap_ready   |   9|          2|    1|          2|
    |ap_sync_reg_node9_U0_ap_ready   |   9|          2|    1|          2|
    +--------------------------------+----+-----------+-----+-----------+
    |Total                           |  81|         18|    9|         18|
    +--------------------------------+----+-----------+-----+-----------+

    * Register: 
    +--------------------------------+---+----+-----+-----------+
    |              Name              | FF| LUT| Bits| Const Bits|
    +--------------------------------+---+----+-----+-----------+
    |ap_sync_reg_node11_U0_ap_ready  |  1|   0|    1|          0|
    |ap_sync_reg_node12_U0_ap_ready  |  1|   0|    1|          0|
    |ap_sync_reg_node13_U0_ap_ready  |  1|   0|    1|          0|
    |ap_sync_reg_node1_U0_ap_ready   |  1|   0|    1|          0|
    |ap_sync_reg_node3_U0_ap_ready   |  1|   0|    1|          0|
    |ap_sync_reg_node4_U0_ap_ready   |  1|   0|    1|          0|
    |ap_sync_reg_node6_U0_ap_ready   |  1|   0|    1|          0|
    |ap_sync_reg_node7_U0_ap_ready   |  1|   0|    1|          0|
    |ap_sync_reg_node9_U0_ap_ready   |  1|   0|    1|          0|
    +--------------------------------+---+----+-----+-----------+
    |Total                           |  9|   0|    9|          0|
    +--------------------------------+---+----+-----+-----------+



================================================================
== Interface
================================================================
* Summary: 
+---------------+-----+-----+------------+--------------+--------------+
|   RTL Ports   | Dir | Bits|  Protocol  | Source Object|    C Type    |
+---------------+-----+-----+------------+--------------+--------------+
|v174_address0  |  out|   13|   ap_memory|          v174|         array|
|v174_ce0       |  out|    1|   ap_memory|          v174|         array|
|v174_d0        |  out|   32|   ap_memory|          v174|         array|
|v174_q0        |   in|   32|   ap_memory|          v174|         array|
|v174_we0       |  out|    1|   ap_memory|          v174|         array|
|v174_address1  |  out|   13|   ap_memory|          v174|         array|
|v174_ce1       |  out|    1|   ap_memory|          v174|         array|
|v174_d1        |  out|   32|   ap_memory|          v174|         array|
|v174_q1        |   in|   32|   ap_memory|          v174|         array|
|v174_we1       |  out|    1|   ap_memory|          v174|         array|
|v175_address0  |  out|    9|   ap_memory|          v175|         array|
|v175_ce0       |  out|    1|   ap_memory|          v175|         array|
|v175_d0        |  out|   32|   ap_memory|          v175|         array|
|v175_q0        |   in|   32|   ap_memory|          v175|         array|
|v175_we0       |  out|    1|   ap_memory|          v175|         array|
|v175_address1  |  out|    9|   ap_memory|          v175|         array|
|v175_ce1       |  out|    1|   ap_memory|          v175|         array|
|v175_d1        |  out|   32|   ap_memory|          v175|         array|
|v175_q1        |   in|   32|   ap_memory|          v175|         array|
|v175_we1       |  out|    1|   ap_memory|          v175|         array|
|v176_address0  |  out|   19|   ap_memory|          v176|         array|
|v176_ce0       |  out|    1|   ap_memory|          v176|         array|
|v176_d0        |  out|   32|   ap_memory|          v176|         array|
|v176_q0        |   in|   32|   ap_memory|          v176|         array|
|v176_we0       |  out|    1|   ap_memory|          v176|         array|
|v176_address1  |  out|   19|   ap_memory|          v176|         array|
|v176_ce1       |  out|    1|   ap_memory|          v176|         array|
|v176_d1        |  out|   32|   ap_memory|          v176|         array|
|v176_q1        |   in|   32|   ap_memory|          v176|         array|
|v176_we1       |  out|    1|   ap_memory|          v176|         array|
|v177_address0  |  out|    9|   ap_memory|          v177|         array|
|v177_ce0       |  out|    1|   ap_memory|          v177|         array|
|v177_d0        |  out|   32|   ap_memory|          v177|         array|
|v177_q0        |   in|   32|   ap_memory|          v177|         array|
|v177_we0       |  out|    1|   ap_memory|          v177|         array|
|v177_address1  |  out|    9|   ap_memory|          v177|         array|
|v177_ce1       |  out|    1|   ap_memory|          v177|         array|
|v177_d1        |  out|   32|   ap_memory|          v177|         array|
|v177_q1        |   in|   32|   ap_memory|          v177|         array|
|v177_we1       |  out|    1|   ap_memory|          v177|         array|
|v178_address0  |  out|   18|   ap_memory|          v178|         array|
|v178_ce0       |  out|    1|   ap_memory|          v178|         array|
|v178_d0        |  out|   32|   ap_memory|          v178|         array|
|v178_q0        |   in|   32|   ap_memory|          v178|         array|
|v178_we0       |  out|    1|   ap_memory|          v178|         array|
|v178_address1  |  out|   18|   ap_memory|          v178|         array|
|v178_ce1       |  out|    1|   ap_memory|          v178|         array|
|v178_d1        |  out|   32|   ap_memory|          v178|         array|
|v178_q1        |   in|   32|   ap_memory|          v178|         array|
|v178_we1       |  out|    1|   ap_memory|          v178|         array|
|v179_address0  |  out|    8|   ap_memory|          v179|         array|
|v179_ce0       |  out|    1|   ap_memory|          v179|         array|
|v179_d0        |  out|   32|   ap_memory|          v179|         array|
|v179_q0        |   in|   32|   ap_memory|          v179|         array|
|v179_we0       |  out|    1|   ap_memory|          v179|         array|
|v179_address1  |  out|    8|   ap_memory|          v179|         array|
|v179_ce1       |  out|    1|   ap_memory|          v179|         array|
|v179_d1        |  out|   32|   ap_memory|          v179|         array|
|v179_q1        |   in|   32|   ap_memory|          v179|         array|
|v179_we1       |  out|    1|   ap_memory|          v179|         array|
|v180_address0  |  out|   17|   ap_memory|          v180|         array|
|v180_ce0       |  out|    1|   ap_memory|          v180|         array|
|v180_d0        |  out|   32|   ap_memory|          v180|         array|
|v180_q0        |   in|   32|   ap_memory|          v180|         array|
|v180_we0       |  out|    1|   ap_memory|          v180|         array|
|v180_address1  |  out|   17|   ap_memory|          v180|         array|
|v180_ce1       |  out|    1|   ap_memory|          v180|         array|
|v180_d1        |  out|   32|   ap_memory|          v180|         array|
|v180_q1        |   in|   32|   ap_memory|          v180|         array|
|v180_we1       |  out|    1|   ap_memory|          v180|         array|
|v181_address0  |  out|    4|   ap_memory|          v181|         array|
|v181_ce0       |  out|    1|   ap_memory|          v181|         array|
|v181_d0        |  out|   32|   ap_memory|          v181|         array|
|v181_q0        |   in|   32|   ap_memory|          v181|         array|
|v181_we0       |  out|    1|   ap_memory|          v181|         array|
|v181_address1  |  out|    4|   ap_memory|          v181|         array|
|v181_ce1       |  out|    1|   ap_memory|          v181|         array|
|v181_d1        |  out|   32|   ap_memory|          v181|         array|
|v181_q1        |   in|   32|   ap_memory|          v181|         array|
|v181_we1       |  out|    1|   ap_memory|          v181|         array|
|v182_address0  |  out|   12|   ap_memory|          v182|         array|
|v182_ce0       |  out|    1|   ap_memory|          v182|         array|
|v182_d0        |  out|   32|   ap_memory|          v182|         array|
|v182_q0        |   in|   32|   ap_memory|          v182|         array|
|v182_we0       |  out|    1|   ap_memory|          v182|         array|
|v182_address1  |  out|   12|   ap_memory|          v182|         array|
|v182_ce1       |  out|    1|   ap_memory|          v182|         array|
|v182_d1        |  out|   32|   ap_memory|          v182|         array|
|v182_q1        |   in|   32|   ap_memory|          v182|         array|
|v182_we1       |  out|    1|   ap_memory|          v182|         array|
|v183_address0  |  out|    7|   ap_memory|          v183|         array|
|v183_ce0       |  out|    1|   ap_memory|          v183|         array|
|v183_d0        |  out|   32|   ap_memory|          v183|         array|
|v183_q0        |   in|   32|   ap_memory|          v183|         array|
|v183_we0       |  out|    1|   ap_memory|          v183|         array|
|v183_address1  |  out|    7|   ap_memory|          v183|         array|
|v183_ce1       |  out|    1|   ap_memory|          v183|         array|
|v183_d1        |  out|   32|   ap_memory|          v183|         array|
|v183_q1        |   in|   32|   ap_memory|          v183|         array|
|v183_we1       |  out|    1|   ap_memory|          v183|         array|
|ap_clk         |   in|    1|  ap_ctrl_hs|       forward|  return value|
|ap_rst         |   in|    1|  ap_ctrl_hs|       forward|  return value|
|ap_start       |   in|    1|  ap_ctrl_hs|       forward|  return value|
|ap_done        |  out|    1|  ap_ctrl_hs|       forward|  return value|
|ap_ready       |  out|    1|  ap_ctrl_hs|       forward|  return value|
|ap_idle        |  out|    1|  ap_ctrl_hs|       forward|  return value|
+---------------+-----+-----+------------+--------------+--------------+

