

================================================================
== Vitis HLS Report for 'node8'
================================================================
* Date:           Wed Sep 25 12:58:35 2024

* Version:        2023.2 (Build 4023990 on Oct 11 2023)
* Project:        hls_ResMLP
* Solution:       solution1 (Vivado IP Flow Target)
* Product family: virtexuplusHBM
* Target device:  xcu280-fsvh2892-2L-e


================================================================
== Performance Estimates
================================================================
+ Timing: 
    * Summary: 
    +--------+---------+----------+------------+
    |  Clock |  Target | Estimated| Uncertainty|
    +--------+---------+----------+------------+
    |ap_clk  |  3.33 ns|  4.864 ns|     0.90 ns|
    +--------+---------+----------+------------+

+ Latency: 
    * Summary: 
    +---------+---------+----------+----------+--------+--------+---------+
    |  Latency (cycles) |  Latency (absolute) |     Interval    | Pipeline|
    |   min   |   max   |    min   |    max   |   min  |   max  |   Type  |
    +---------+---------+----------+----------+--------+--------+---------+
    |   393238|   393238|  1.913 ms|  1.913 ms|  393238|  393238|       no|
    +---------+---------+----------+----------+--------+--------+---------+

    + Detail: 
        * Instance: 
        N/A

        * Loop: 
        +------------------------+---------+---------+----------+-----------+-----------+-------+----------+
        |                        |  Latency (cycles) | Iteration|  Initiation Interval  |  Trip |          |
        |        Loop Name       |   min   |   max   |  Latency |  achieved |   target  | Count | Pipelined|
        +------------------------+---------+---------+----------+-----------+-----------+-------+----------+
        |- loop36_loop37_loop38  |   393236|   393236|        33|         12|          1|  32768|       yes|
        +------------------------+---------+---------+----------+-----------+-----------+-------+----------+



================================================================
== Utilization Estimates
================================================================
* Summary: 
+---------------------+---------+------+---------+---------+-----+
|         Name        | BRAM_18K|  DSP |    FF   |   LUT   | URAM|
+---------------------+---------+------+---------+---------+-----+
|DSP                  |        -|     -|        -|        -|    -|
|Expression           |        -|     -|        0|      647|    -|
|FIFO                 |        -|     -|        -|        -|    -|
|Instance             |        -|    28|     4149|     3824|    -|
|Memory               |        8|     -|        0|        0|   65|
|Multiplexer          |        -|     -|        -|     4024|    -|
|Register             |        -|     -|     5709|      128|    -|
+---------------------+---------+------+---------+---------+-----+
|Total                |        8|    28|     9858|     8623|   65|
+---------------------+---------+------+---------+---------+-----+
|Available SLR        |     1344|  3008|   869120|   434560|  320|
+---------------------+---------+------+---------+---------+-----+
|Utilization SLR (%)  |       ~0|    ~0|        1|        1|   20|
+---------------------+---------+------+---------+---------+-----+
|Available            |     4032|  9024|  2607360|  1303680|  960|
+---------------------+---------+------+---------+---------+-----+
|Utilization (%)      |       ~0|    ~0|       ~0|       ~0|    6|
+---------------------+---------+------+---------+---------+-----+

+ Detail: 
    * Instance: 
    +-------------------------------------+--------------------------------+---------+----+-----+-----+-----+
    |               Instance              |             Module             | BRAM_18K| DSP|  FF | LUT | URAM|
    +-------------------------------------+--------------------------------+---------+----+-----+-----+-----+
    |fadd_32ns_32ns_32_5_no_dsp_1_U720    |fadd_32ns_32ns_32_5_no_dsp_1    |        0|   0|  243|  338|    0|
    |fadd_32ns_32ns_32_5_no_dsp_1_U721    |fadd_32ns_32ns_32_5_no_dsp_1    |        0|   0|  243|  338|    0|
    |fadd_32ns_32ns_32_5_no_dsp_1_U722    |fadd_32ns_32ns_32_5_no_dsp_1    |        0|   0|  243|  338|    0|
    |fadd_32ns_32ns_32_5_no_dsp_1_U723    |fadd_32ns_32ns_32_5_no_dsp_1    |        0|   0|  243|  338|    0|
    |fadd_32ns_32ns_32_5_no_dsp_1_U724    |fadd_32ns_32ns_32_5_no_dsp_1    |        0|   0|  243|  338|    0|
    |fadd_32ns_32ns_32_5_no_dsp_1_U725    |fadd_32ns_32ns_32_5_no_dsp_1    |        0|   0|  243|  338|    0|
    |fadd_32ns_32ns_32_5_no_dsp_1_U726    |fadd_32ns_32ns_32_5_no_dsp_1    |        0|   0|  243|  338|    0|
    |fadd_32ns_32ns_32_7_full_dsp_1_U715  |fadd_32ns_32ns_32_7_full_dsp_1  |        0|   2|  318|  198|    0|
    |fadd_32ns_32ns_32_7_full_dsp_1_U716  |fadd_32ns_32ns_32_7_full_dsp_1  |        0|   2|  318|  198|    0|
    |fadd_32ns_32ns_32_7_full_dsp_1_U717  |fadd_32ns_32ns_32_7_full_dsp_1  |        0|   2|  318|  198|    0|
    |fadd_32ns_32ns_32_7_full_dsp_1_U718  |fadd_32ns_32ns_32_7_full_dsp_1  |        0|   2|  318|  198|    0|
    |fadd_32ns_32ns_32_7_full_dsp_1_U719  |fadd_32ns_32ns_32_7_full_dsp_1  |        0|   2|  318|  198|    0|
    |fmul_32ns_32ns_32_4_max_dsp_1_U727   |fmul_32ns_32ns_32_4_max_dsp_1   |        0|   3|  143|   78|    0|
    |fmul_32ns_32ns_32_4_max_dsp_1_U728   |fmul_32ns_32ns_32_4_max_dsp_1   |        0|   3|  143|   78|    0|
    |fmul_32ns_32ns_32_4_max_dsp_1_U729   |fmul_32ns_32ns_32_4_max_dsp_1   |        0|   3|  143|   78|    0|
    |fmul_32ns_32ns_32_4_max_dsp_1_U730   |fmul_32ns_32ns_32_4_max_dsp_1   |        0|   3|  143|   78|    0|
    |fmul_32ns_32ns_32_4_max_dsp_1_U731   |fmul_32ns_32ns_32_4_max_dsp_1   |        0|   3|  143|   78|    0|
    |fmul_32ns_32ns_32_4_max_dsp_1_U732   |fmul_32ns_32ns_32_4_max_dsp_1   |        0|   3|  143|   78|    0|
    +-------------------------------------+--------------------------------+---------+----+-----+-----+-----+
    |Total                                |                                |        0|  28| 4149| 3824|    0|
    +-------------------------------------+--------------------------------+---------+----+-----+-----+-----+

    * DSP: 
    N/A

    * Memory: 
    +-----------+---------------------------+---------+---+----+-----+------+-----+------+-------------+
    |   Memory  |           Module          | BRAM_18K| FF| LUT| URAM| Words| Bits| Banks| W*Bits*Banks|
    +-----------+---------------------------+---------+---+----+-----+------+-----+------+-------------+
    |v103_U     |node12_v152_RAM_AUTO_1R1W  |        0|  0|   0|    1|  4096|   32|     1|       131072|
    |v104_U     |node8_v104_RAM_AUTO_1R1W   |        0|  0|   0|    1|  4096|   32|     1|       131072|
    |v104_1_U   |node8_v104_RAM_AUTO_1R1W   |        0|  0|   0|    1|  4096|   32|     1|       131072|
    |v104_2_U   |node8_v104_RAM_AUTO_1R1W   |        0|  0|   0|    1|  4096|   32|     1|       131072|
    |v104_3_U   |node8_v104_RAM_AUTO_1R1W   |        0|  0|   0|    1|  4096|   32|     1|       131072|
    |v104_4_U   |node8_v104_RAM_AUTO_1R1W   |        0|  0|   0|    1|  4096|   32|     1|       131072|
    |v104_5_U   |node8_v104_RAM_AUTO_1R1W   |        0|  0|   0|    1|  4096|   32|     1|       131072|
    |v104_6_U   |node8_v104_RAM_AUTO_1R1W   |        0|  0|   0|    1|  4096|   32|     1|       131072|
    |v104_7_U   |node8_v104_RAM_AUTO_1R1W   |        0|  0|   0|    1|  4096|   32|     1|       131072|
    |v104_8_U   |node8_v104_RAM_AUTO_1R1W   |        0|  0|   0|    1|  4096|   32|     1|       131072|
    |v104_9_U   |node8_v104_RAM_AUTO_1R1W   |        0|  0|   0|    1|  4096|   32|     1|       131072|
    |v104_10_U  |node8_v104_RAM_AUTO_1R1W   |        0|  0|   0|    1|  4096|   32|     1|       131072|
    |v104_11_U  |node8_v104_RAM_AUTO_1R1W   |        0|  0|   0|    1|  4096|   32|     1|       131072|
    |v104_12_U  |node8_v104_RAM_AUTO_1R1W   |        0|  0|   0|    1|  4096|   32|     1|       131072|
    |v104_13_U  |node8_v104_RAM_AUTO_1R1W   |        0|  0|   0|    1|  4096|   32|     1|       131072|
    |v104_14_U  |node8_v104_RAM_AUTO_1R1W   |        0|  0|   0|    1|  4096|   32|     1|       131072|
    |v104_15_U  |node8_v104_RAM_AUTO_1R1W   |        0|  0|   0|    1|  4096|   32|     1|       131072|
    |v104_16_U  |node8_v104_RAM_AUTO_1R1W   |        0|  0|   0|    1|  4096|   32|     1|       131072|
    |v104_17_U  |node8_v104_RAM_AUTO_1R1W   |        0|  0|   0|    1|  4096|   32|     1|       131072|
    |v104_18_U  |node8_v104_RAM_AUTO_1R1W   |        0|  0|   0|    1|  4096|   32|     1|       131072|
    |v104_19_U  |node8_v104_RAM_AUTO_1R1W   |        0|  0|   0|    1|  4096|   32|     1|       131072|
    |v104_20_U  |node8_v104_RAM_AUTO_1R1W   |        0|  0|   0|    1|  4096|   32|     1|       131072|
    |v104_21_U  |node8_v104_RAM_AUTO_1R1W   |        0|  0|   0|    1|  4096|   32|     1|       131072|
    |v104_22_U  |node8_v104_RAM_AUTO_1R1W   |        0|  0|   0|    1|  4096|   32|     1|       131072|
    |v104_23_U  |node8_v104_RAM_AUTO_1R1W   |        0|  0|   0|    1|  4096|   32|     1|       131072|
    |v104_24_U  |node8_v104_RAM_AUTO_1R1W   |        0|  0|   0|    1|  4096|   32|     1|       131072|
    |v104_25_U  |node8_v104_RAM_AUTO_1R1W   |        0|  0|   0|    1|  4096|   32|     1|       131072|
    |v104_26_U  |node8_v104_RAM_AUTO_1R1W   |        0|  0|   0|    1|  4096|   32|     1|       131072|
    |v104_27_U  |node8_v104_RAM_AUTO_1R1W   |        0|  0|   0|    1|  4096|   32|     1|       131072|
    |v104_28_U  |node8_v104_RAM_AUTO_1R1W   |        0|  0|   0|    1|  4096|   32|     1|       131072|
    |v104_29_U  |node8_v104_RAM_AUTO_1R1W   |        0|  0|   0|    1|  4096|   32|     1|       131072|
    |v104_30_U  |node8_v104_RAM_AUTO_1R1W   |        0|  0|   0|    1|  4096|   32|     1|       131072|
    |v104_31_U  |node8_v104_RAM_AUTO_1R1W   |        0|  0|   0|    1|  4096|   32|     1|       131072|
    |v104_32_U  |node8_v104_RAM_AUTO_1R1W   |        0|  0|   0|    1|  4096|   32|     1|       131072|
    |v104_33_U  |node8_v104_RAM_AUTO_1R1W   |        0|  0|   0|    1|  4096|   32|     1|       131072|
    |v104_34_U  |node8_v104_RAM_AUTO_1R1W   |        0|  0|   0|    1|  4096|   32|     1|       131072|
    |v104_35_U  |node8_v104_RAM_AUTO_1R1W   |        0|  0|   0|    1|  4096|   32|     1|       131072|
    |v104_36_U  |node8_v104_RAM_AUTO_1R1W   |        0|  0|   0|    1|  4096|   32|     1|       131072|
    |v104_37_U  |node8_v104_RAM_AUTO_1R1W   |        0|  0|   0|    1|  4096|   32|     1|       131072|
    |v104_38_U  |node8_v104_RAM_AUTO_1R1W   |        0|  0|   0|    1|  4096|   32|     1|       131072|
    |v104_39_U  |node8_v104_RAM_AUTO_1R1W   |        0|  0|   0|    1|  4096|   32|     1|       131072|
    |v104_40_U  |node8_v104_RAM_AUTO_1R1W   |        0|  0|   0|    1|  4096|   32|     1|       131072|
    |v104_41_U  |node8_v104_RAM_AUTO_1R1W   |        0|  0|   0|    1|  4096|   32|     1|       131072|
    |v104_42_U  |node8_v104_RAM_AUTO_1R1W   |        0|  0|   0|    1|  4096|   32|     1|       131072|
    |v104_43_U  |node8_v104_RAM_AUTO_1R1W   |        0|  0|   0|    1|  4096|   32|     1|       131072|
    |v104_44_U  |node8_v104_RAM_AUTO_1R1W   |        0|  0|   0|    1|  4096|   32|     1|       131072|
    |v104_45_U  |node8_v104_RAM_AUTO_1R1W   |        0|  0|   0|    1|  4096|   32|     1|       131072|
    |v104_46_U  |node8_v104_RAM_AUTO_1R1W   |        0|  0|   0|    1|  4096|   32|     1|       131072|
    |v104_47_U  |node8_v104_RAM_AUTO_1R1W   |        0|  0|   0|    1|  4096|   32|     1|       131072|
    |v104_48_U  |node8_v104_RAM_AUTO_1R1W   |        0|  0|   0|    1|  4096|   32|     1|       131072|
    |v104_49_U  |node8_v104_RAM_AUTO_1R1W   |        0|  0|   0|    1|  4096|   32|     1|       131072|
    |v104_50_U  |node8_v104_RAM_AUTO_1R1W   |        0|  0|   0|    1|  4096|   32|     1|       131072|
    |v104_51_U  |node8_v104_RAM_AUTO_1R1W   |        0|  0|   0|    1|  4096|   32|     1|       131072|
    |v104_52_U  |node8_v104_RAM_AUTO_1R1W   |        0|  0|   0|    1|  4096|   32|     1|       131072|
    |v104_53_U  |node8_v104_RAM_AUTO_1R1W   |        0|  0|   0|    1|  4096|   32|     1|       131072|
    |v104_54_U  |node8_v104_RAM_AUTO_1R1W   |        0|  0|   0|    1|  4096|   32|     1|       131072|
    |v104_55_U  |node8_v104_RAM_AUTO_1R1W   |        0|  0|   0|    1|  4096|   32|     1|       131072|
    |v104_56_U  |node8_v104_RAM_AUTO_1R1W   |        0|  0|   0|    1|  4096|   32|     1|       131072|
    |v104_57_U  |node8_v104_RAM_AUTO_1R1W   |        0|  0|   0|    1|  4096|   32|     1|       131072|
    |v104_58_U  |node8_v104_RAM_AUTO_1R1W   |        0|  0|   0|    1|  4096|   32|     1|       131072|
    |v104_59_U  |node8_v104_RAM_AUTO_1R1W   |        0|  0|   0|    1|  4096|   32|     1|       131072|
    |v104_60_U  |node8_v104_RAM_AUTO_1R1W   |        0|  0|   0|    1|  4096|   32|     1|       131072|
    |v104_61_U  |node8_v104_RAM_AUTO_1R1W   |        0|  0|   0|    1|  4096|   32|     1|       131072|
    |v104_62_U  |node8_v104_RAM_AUTO_1R1W   |        0|  0|   0|    1|  4096|   32|     1|       131072|
    |v104_63_U  |node8_v104_RAM_AUTO_1R1W   |        0|  0|   0|    1|  4096|   32|     1|       131072|
    |v105_U     |node8_v105_RAM_AUTO_1R1W   |        1|  0|   0|    0|   512|   32|     1|        16384|
    |v105_1_U   |node8_v105_RAM_AUTO_1R1W   |        1|  0|   0|    0|   512|   32|     1|        16384|
    |v105_2_U   |node8_v105_RAM_AUTO_1R1W   |        1|  0|   0|    0|   512|   32|     1|        16384|
    |v105_3_U   |node8_v105_RAM_AUTO_1R1W   |        1|  0|   0|    0|   512|   32|     1|        16384|
    |v105_4_U   |node8_v105_RAM_AUTO_1R1W   |        1|  0|   0|    0|   512|   32|     1|        16384|
    |v105_5_U   |node8_v105_RAM_AUTO_1R1W   |        1|  0|   0|    0|   512|   32|     1|        16384|
    |v105_6_U   |node8_v105_RAM_AUTO_1R1W   |        1|  0|   0|    0|   512|   32|     1|        16384|
    |v105_7_U   |node8_v105_RAM_AUTO_1R1W   |        1|  0|   0|    0|   512|   32|     1|        16384|
    +-----------+---------------------------+---------+---+----+-----+------+-----+------+-------------+
    |Total      |                           |        8|  0|   0|   65|270336| 2336|    73|      8650752|
    +-----------+---------------------------+---------+---+----+-----+------+-----+------+-------------+

    * FIFO: 
    N/A

    * Expression: 
    +-----------------------------------+----------+----+---+----+------------+------------+
    |           Variable Name           | Operation| DSP| FF| LUT| Bitwidth P0| Bitwidth P1|
    +-----------------------------------+----------+----+---+----+------------+------------+
    |add_ln249_1_fu_3116_p2             |         +|   0|  0|  23|          16|           1|
    |add_ln249_fu_3131_p2               |         +|   0|  0|  12|           4|           1|
    |add_ln250_1_fu_3318_p2             |         +|   0|  0|  21|          14|           1|
    |add_ln250_fu_3187_p2               |         +|   0|  0|  14|           7|           1|
    |add_ln251_fu_3740_p2               |         +|   0|  0|  14|           7|           1|
    |add_ln259_fu_3357_p2               |         +|   0|  0|  16|           9|           9|
    |add_ln264_fu_3253_p2               |         +|   0|  0|  19|          12|          12|
    |and_ln249_fu_3169_p2               |       and|   0|  0|   2|           1|           1|
    |ap_block_pp0_stage0_11001          |       and|   0|  0|   2|           1|           1|
    |ap_block_pp0_stage1_11001          |       and|   0|  0|   2|           1|           1|
    |ap_block_pp0_stage4_01001          |       and|   0|  0|   2|           1|           1|
    |ap_block_pp0_stage6_01001          |       and|   0|  0|   2|           1|           1|
    |ap_block_state29_pp0_stage4_iter2  |       and|   0|  0|   2|           1|           1|
    |ap_condition_2738                  |       and|   0|  0|   2|           1|           1|
    |ap_condition_2740                  |       and|   0|  0|   2|           1|           1|
    |ap_condition_3731                  |       and|   0|  0|   2|           1|           1|
    |ap_condition_3735                  |       and|   0|  0|   2|           1|           1|
    |ap_condition_3753                  |       and|   0|  0|   2|           1|           1|
    |ap_condition_3757                  |       and|   0|  0|   2|           1|           1|
    |ap_predicate_op402_read_state2     |       and|   0|  0|   2|           1|           1|
    |ap_predicate_op406_read_state2     |       and|   0|  0|   2|           1|           1|
    |cmp21_fu_3239_p2                   |      icmp|   0|  0|  14|           7|           1|
    |cmp39_fu_3229_p2                   |      icmp|   0|  0|  12|           4|           1|
    |icmp_ln249_fu_3110_p2              |      icmp|   0|  0|  24|          16|          17|
    |icmp_ln250_fu_3137_p2              |      icmp|   0|  0|  21|          14|          13|
    |icmp_ln251_1_fu_3745_p2            |      icmp|   0|  0|  15|           7|           8|
    |icmp_ln251_fu_3163_p2              |      icmp|   0|  0|  15|           7|           8|
    |icmp_ln267_fu_3385_p2              |      icmp|   0|  0|  14|           7|           1|
    |icmp_ln274_fu_3312_p2              |      icmp|   0|  0|  13|           6|           2|
    |ap_block_state2_pp0_stage1_iter0   |        or|   0|  0|   2|           1|           1|
    |ap_block_state31_pp0_stage6_iter2  |        or|   0|  0|   2|           1|           1|
    |empty_17_fu_3866_p2                |        or|   0|  0|   9|           9|           3|
    |empty_18_fu_3883_p2                |        or|   0|  0|   9|           9|           3|
    |empty_19_fu_3832_p2                |        or|   0|  0|   9|           9|           3|
    |empty_20_fu_3849_p2                |        or|   0|  0|   9|           9|           3|
    |empty_21_fu_3798_p2                |        or|   0|  0|   9|           9|           2|
    |empty_22_fu_3815_p2                |        or|   0|  0|   9|           9|           2|
    |empty_23_fu_3780_p2                |        or|   0|  0|   9|           9|           1|
    |or_ln249_fu_3151_p2                |        or|   0|  0|   2|           1|           1|
    |or_ln250_1_fu_3199_p2              |        or|   0|  0|   2|           1|           1|
    |or_ln250_fu_3193_p2                |        or|   0|  0|   2|           1|           1|
    |select_ln249_1_fu_3175_p3          |    select|   0|  0|   4|           1|           4|
    |select_ln249_fu_3143_p3            |    select|   0|  0|   7|           1|           1|
    |select_ln250_1_fu_3217_p3          |    select|   0|  0|   7|           1|           7|
    |select_ln250_2_fu_3324_p3          |    select|   0|  0|  14|           1|           1|
    |select_ln250_fu_3205_p3            |    select|   0|  0|   7|           1|           1|
    |v116_1_fu_3944_p3                  |    select|   0|  0|  32|           1|           1|
    |v116_2_fu_3952_p3                  |    select|   0|  0|  32|           1|           1|
    |v116_3_fu_3960_p3                  |    select|   0|  0|  32|           1|           1|
    |v116_4_fu_3968_p3                  |    select|   0|  0|  32|           1|           1|
    |v116_5_fu_3976_p3                  |    select|   0|  0|  32|           1|           1|
    |v116_6_fu_3984_p3                  |    select|   0|  0|  32|           1|           1|
    |v116_7_fu_3992_p3                  |    select|   0|  0|  32|           1|           1|
    |v116_fu_3908_p3                    |    select|   0|  0|  32|           1|           1|
    |ap_enable_pp0                      |       xor|   0|  0|   2|           1|           2|
    |xor_ln249_fu_3157_p2               |       xor|   0|  0|   2|           1|           2|
    +-----------------------------------+----------+----+---+----+------------+------------+
    |Total                              |          |   0|  0| 647|         234|         139|
    +-----------------------------------+----------+----+---+----+------------+------------+

    * Multiplexer: 
    +--------------------------------------------+----+-----------+-----+-----------+
    |                    Name                    | LUT| Input Size| Bits| Total Bits|
    +--------------------------------------------+----+-----------+-----+-----------+
    |add83168_fu_268                             |   9|          2|   32|         64|
    |ap_NS_fsm                                   |  65|         13|    1|         13|
    |ap_done_int                                 |   9|          2|    1|          2|
    |ap_enable_reg_pp0_iter0                     |   9|          2|    1|          2|
    |ap_enable_reg_pp0_iter1                     |   9|          2|    1|          2|
    |ap_enable_reg_pp0_iter2                     |   9|          2|    1|          2|
    |ap_loop_exit_ready_pp0_iter1_reg            |   9|          2|    1|          2|
    |ap_phi_mux_v103_load_17_phi_fu_2562_p4      |   9|          2|   32|         64|
    |ap_phi_mux_v103_load_26_phi_fu_2571_p4      |   9|          2|   32|         64|
    |ap_phi_mux_v103_load_35_phi_fu_2580_p4      |   9|          2|   32|         64|
    |ap_phi_mux_v103_load_44_phi_fu_2589_p4      |   9|          2|   32|         64|
    |ap_phi_mux_v103_load_53_phi_fu_2598_p4      |   9|          2|   32|         64|
    |ap_phi_mux_v103_load_62_phi_fu_2607_p4      |   9|          2|   32|         64|
    |ap_phi_mux_v103_load_71_phi_fu_2616_p4      |   9|          2|   32|         64|
    |ap_phi_reg_pp0_iter0_empty_24_reg_2369      |   9|          2|   32|         64|
    |ap_phi_reg_pp0_iter0_empty_25_reg_2379      |   9|          2|   32|         64|
    |ap_phi_reg_pp0_iter0_empty_26_reg_2509      |   9|          2|   32|         64|
    |ap_phi_reg_pp0_iter0_empty_27_reg_2549      |   9|          2|   32|         64|
    |ap_phi_reg_pp0_iter0_empty_28_reg_2149      |   9|          2|   32|         64|
    |ap_phi_reg_pp0_iter0_empty_29_reg_2389      |   9|          2|   32|         64|
    |ap_phi_reg_pp0_iter0_empty_30_reg_2399      |   9|          2|   32|         64|
    |ap_phi_reg_pp0_iter0_empty_31_reg_2359      |   9|          2|   32|         64|
    |ap_phi_reg_pp0_iter0_empty_32_reg_2329      |   9|          2|   32|         64|
    |ap_phi_reg_pp0_iter0_empty_33_reg_2459      |   9|          2|   32|         64|
    |ap_phi_reg_pp0_iter0_empty_34_reg_2539      |   9|          2|   32|         64|
    |ap_phi_reg_pp0_iter0_empty_35_reg_2139      |   9|          2|   32|         64|
    |ap_phi_reg_pp0_iter0_empty_36_reg_2339      |   9|          2|   32|         64|
    |ap_phi_reg_pp0_iter0_empty_37_reg_2349      |   9|          2|   32|         64|
    |ap_phi_reg_pp0_iter0_empty_38_reg_2299      |   9|          2|   32|         64|
    |ap_phi_reg_pp0_iter0_empty_39_reg_2309      |   9|          2|   32|         64|
    |ap_phi_reg_pp0_iter0_empty_40_reg_2449      |   9|          2|   32|         64|
    |ap_phi_reg_pp0_iter0_empty_41_reg_2529      |   9|          2|   32|         64|
    |ap_phi_reg_pp0_iter0_empty_42_reg_2129      |   9|          2|   32|         64|
    |ap_phi_reg_pp0_iter0_empty_43_reg_2289      |   9|          2|   32|         64|
    |ap_phi_reg_pp0_iter0_empty_44_reg_2319      |   9|          2|   32|         64|
    |ap_phi_reg_pp0_iter0_empty_45_reg_2249      |   9|          2|   32|         64|
    |ap_phi_reg_pp0_iter0_empty_46_reg_2259      |   9|          2|   32|         64|
    |ap_phi_reg_pp0_iter0_empty_47_reg_2439      |   9|          2|   32|         64|
    |ap_phi_reg_pp0_iter0_empty_48_reg_2499      |   9|          2|   32|         64|
    |ap_phi_reg_pp0_iter0_empty_49_reg_2119      |   9|          2|   32|         64|
    |ap_phi_reg_pp0_iter0_empty_50_reg_2269      |   9|          2|   32|         64|
    |ap_phi_reg_pp0_iter0_empty_51_reg_2279      |   9|          2|   32|         64|
    |ap_phi_reg_pp0_iter0_empty_52_reg_2239      |   9|          2|   32|         64|
    |ap_phi_reg_pp0_iter0_empty_53_reg_2209      |   9|          2|   32|         64|
    |ap_phi_reg_pp0_iter0_empty_54_reg_2429      |   9|          2|   32|         64|
    |ap_phi_reg_pp0_iter0_empty_55_reg_2489      |   9|          2|   32|         64|
    |ap_phi_reg_pp0_iter0_empty_56_reg_2109      |   9|          2|   32|         64|
    |ap_phi_reg_pp0_iter0_empty_57_reg_2219      |   9|          2|   32|         64|
    |ap_phi_reg_pp0_iter0_empty_58_reg_2229      |   9|          2|   32|         64|
    |ap_phi_reg_pp0_iter0_empty_59_reg_2179      |   9|          2|   32|         64|
    |ap_phi_reg_pp0_iter0_empty_60_reg_2189      |   9|          2|   32|         64|
    |ap_phi_reg_pp0_iter0_empty_61_reg_2419      |   9|          2|   32|         64|
    |ap_phi_reg_pp0_iter0_empty_62_reg_2479      |   9|          2|   32|         64|
    |ap_phi_reg_pp0_iter0_empty_63_reg_2099      |   9|          2|   32|         64|
    |ap_phi_reg_pp0_iter0_empty_64_reg_2169      |   9|          2|   32|         64|
    |ap_phi_reg_pp0_iter0_empty_65_reg_2199      |   9|          2|   32|         64|
    |ap_phi_reg_pp0_iter0_empty_66_reg_2069      |   9|          2|   32|         64|
    |ap_phi_reg_pp0_iter0_empty_67_reg_2159      |   9|          2|   32|         64|
    |ap_phi_reg_pp0_iter0_empty_68_reg_2079      |   9|          2|   32|         64|
    |ap_phi_reg_pp0_iter0_empty_69_reg_2469      |   9|          2|   32|         64|
    |ap_phi_reg_pp0_iter0_empty_70_reg_2409      |   9|          2|   32|         64|
    |ap_phi_reg_pp0_iter0_empty_71_reg_2519      |   9|          2|   32|         64|
    |ap_phi_reg_pp0_iter0_empty_72_reg_2089      |   9|          2|   32|         64|
    |ap_phi_reg_pp0_iter1_v103_load_17_reg_2559  |   9|          2|   32|         64|
    |ap_phi_reg_pp0_iter1_v103_load_26_reg_2568  |   9|          2|   32|         64|
    |ap_phi_reg_pp0_iter1_v103_load_35_reg_2577  |   9|          2|   32|         64|
    |ap_phi_reg_pp0_iter1_v103_load_44_reg_2586  |   9|          2|   32|         64|
    |ap_phi_reg_pp0_iter1_v103_load_53_reg_2595  |   9|          2|   32|         64|
    |ap_phi_reg_pp0_iter1_v103_load_62_reg_2604  |   9|          2|   32|         64|
    |ap_phi_reg_pp0_iter1_v103_load_71_reg_2613  |   9|          2|   32|         64|
    |ap_sig_allocacmp_add83168_load              |  14|          3|   32|         96|
    |ap_sig_allocacmp_add83_1170_load            |   9|          2|   32|         64|
    |ap_sig_allocacmp_add83_2172_load            |   9|          2|   32|         64|
    |ap_sig_allocacmp_add83_3174_load            |   9|          2|   32|         64|
    |ap_sig_allocacmp_add83_4176_load            |   9|          2|   32|         64|
    |ap_sig_allocacmp_add83_5178_load            |   9|          2|   32|         64|
    |ap_sig_allocacmp_add83_6180_load            |   9|          2|   32|         64|
    |ap_sig_allocacmp_add83_7182_load            |   9|          2|   32|         64|
    |ap_sig_allocacmp_indvar_flatten28_load      |   9|          2|   16|         32|
    |ap_sig_allocacmp_indvar_flatten_load        |   9|          2|   14|         28|
    |ap_sig_allocacmp_v106_load                  |   9|          2|    4|          8|
    |ap_sig_allocacmp_v107_load                  |   9|          2|    7|         14|
    |ap_sig_allocacmp_v108_load                  |   9|          2|    7|         14|
    |grp_fu_2622_p0                              |  43|          8|   32|        256|
    |grp_fu_2622_p1                              |  43|          8|   32|        256|
    |grp_fu_2626_p0                              |  49|          9|   32|        288|
    |grp_fu_2626_p1                              |  49|          9|   32|        288|
    |grp_fu_2630_p0                              |  31|          6|   32|        192|
    |grp_fu_2630_p1                              |  31|          6|   32|        192|
    |grp_fu_2635_p0                              |  31|          6|   32|        192|
    |grp_fu_2635_p1                              |  26|          5|   32|        160|
    |grp_fu_2639_p0                              |  20|          4|   32|        128|
    |grp_fu_2639_p1                              |  20|          4|   32|        128|
    |grp_fu_2645_p0                              |  31|          6|   32|        192|
    |grp_fu_2645_p1                              |  31|          6|   32|        192|
    |grp_fu_2649_p0                              |  20|          4|   32|        128|
    |grp_fu_2649_p1                              |  20|          4|   32|        128|
    |grp_fu_2653_p0                              |  20|          4|   32|        128|
    |grp_fu_2653_p1                              |  20|          4|   32|        128|
    |grp_fu_2659_p0                              |  20|          4|   32|        128|
    |grp_fu_2659_p1                              |  20|          4|   32|        128|
    |grp_fu_2663_p0                              |  20|          4|   32|        128|
    |grp_fu_2663_p1                              |  20|          4|   32|        128|
    |grp_fu_2667_p0                              |  20|          4|   32|        128|
    |grp_fu_2667_p1                              |  20|          4|   32|        128|
    |grp_fu_2671_p0                              |  20|          4|   32|        128|
    |grp_fu_2671_p1                              |  20|          4|   32|        128|
    |grp_fu_2702_p0                              |  43|          8|   32|        256|
    |grp_fu_2702_p1                              |  65|         12|   32|        384|
    |grp_fu_2709_p0                              |  49|          9|   32|        288|
    |grp_fu_2709_p1                              |  65|         12|   32|        384|
    |grp_fu_2716_p0                              |  49|          9|   32|        288|
    |grp_fu_2716_p1                              |  65|         12|   32|        384|
    |grp_fu_2723_p0                              |  49|          9|   32|        288|
    |grp_fu_2723_p1                              |  65|         12|   32|        384|
    |grp_fu_2730_p0                              |  43|          8|   32|        256|
    |grp_fu_2730_p1                              |  59|         11|   32|        352|
    |grp_fu_2737_p0                              |  37|          7|   32|        224|
    |grp_fu_2737_p1                              |  59|         11|   32|        352|
    |indvar_flatten28_fu_264                     |   9|          2|   16|         32|
    |indvar_flatten_fu_256                       |   9|          2|   14|         28|
    |v103_address0                               |  49|          9|   12|        108|
    |v103_address1                               |  49|          9|   12|        108|
    |v103_d0                                     |  26|          5|   32|        160|
    |v103_d1                                     |  26|          5|   32|        160|
    |v104_10_address0                            |  14|          3|   12|         36|
    |v104_11_address0                            |  14|          3|   12|         36|
    |v104_12_address0                            |  14|          3|   12|         36|
    |v104_13_address0                            |  14|          3|   12|         36|
    |v104_14_address0                            |  14|          3|   12|         36|
    |v104_15_address0                            |  14|          3|   12|         36|
    |v104_16_address0                            |  14|          3|   12|         36|
    |v104_17_address0                            |  14|          3|   12|         36|
    |v104_18_address0                            |  14|          3|   12|         36|
    |v104_19_address0                            |  14|          3|   12|         36|
    |v104_1_address0                             |  14|          3|   12|         36|
    |v104_20_address0                            |  14|          3|   12|         36|
    |v104_21_address0                            |  14|          3|   12|         36|
    |v104_22_address0                            |  14|          3|   12|         36|
    |v104_23_address0                            |  14|          3|   12|         36|
    |v104_24_address0                            |  14|          3|   12|         36|
    |v104_25_address0                            |  14|          3|   12|         36|
    |v104_26_address0                            |  14|          3|   12|         36|
    |v104_27_address0                            |  14|          3|   12|         36|
    |v104_28_address0                            |  14|          3|   12|         36|
    |v104_29_address0                            |  14|          3|   12|         36|
    |v104_2_address0                             |  14|          3|   12|         36|
    |v104_30_address0                            |  14|          3|   12|         36|
    |v104_31_address0                            |  14|          3|   12|         36|
    |v104_32_address0                            |  14|          3|   12|         36|
    |v104_33_address0                            |  14|          3|   12|         36|
    |v104_34_address0                            |  14|          3|   12|         36|
    |v104_35_address0                            |  14|          3|   12|         36|
    |v104_36_address0                            |  14|          3|   12|         36|
    |v104_37_address0                            |  14|          3|   12|         36|
    |v104_38_address0                            |  14|          3|   12|         36|
    |v104_39_address0                            |  14|          3|   12|         36|
    |v104_3_address0                             |  14|          3|   12|         36|
    |v104_40_address0                            |  14|          3|   12|         36|
    |v104_41_address0                            |  14|          3|   12|         36|
    |v104_42_address0                            |  14|          3|   12|         36|
    |v104_43_address0                            |  14|          3|   12|         36|
    |v104_44_address0                            |  14|          3|   12|         36|
    |v104_45_address0                            |  14|          3|   12|         36|
    |v104_46_address0                            |  14|          3|   12|         36|
    |v104_47_address0                            |  14|          3|   12|         36|
    |v104_48_address0                            |  14|          3|   12|         36|
    |v104_49_address0                            |  14|          3|   12|         36|
    |v104_4_address0                             |  14|          3|   12|         36|
    |v104_50_address0                            |  14|          3|   12|         36|
    |v104_51_address0                            |  14|          3|   12|         36|
    |v104_52_address0                            |  14|          3|   12|         36|
    |v104_53_address0                            |  14|          3|   12|         36|
    |v104_54_address0                            |  14|          3|   12|         36|
    |v104_55_address0                            |  14|          3|   12|         36|
    |v104_56_address0                            |  14|          3|   12|         36|
    |v104_57_address0                            |  14|          3|   12|         36|
    |v104_58_address0                            |  14|          3|   12|         36|
    |v104_59_address0                            |  14|          3|   12|         36|
    |v104_5_address0                             |  14|          3|   12|         36|
    |v104_60_address0                            |  14|          3|   12|         36|
    |v104_61_address0                            |  14|          3|   12|         36|
    |v104_62_address0                            |  14|          3|   12|         36|
    |v104_63_address0                            |  14|          3|   12|         36|
    |v104_6_address0                             |  14|          3|   12|         36|
    |v104_7_address0                             |  14|          3|   12|         36|
    |v104_8_address0                             |  14|          3|   12|         36|
    |v104_9_address0                             |  14|          3|   12|         36|
    |v104_address0                               |  14|          3|   12|         36|
    |v105_1_address0                             |  14|          3|    9|         27|
    |v105_2_address0                             |  14|          3|    9|         27|
    |v105_3_address0                             |  14|          3|    9|         27|
    |v105_4_address0                             |  14|          3|    9|         27|
    |v105_5_address0                             |  14|          3|    9|         27|
    |v105_6_address0                             |  14|          3|    9|         27|
    |v105_7_address0                             |  14|          3|    9|         27|
    |v105_address0                               |  14|          3|    9|         27|
    |v106_fu_260                                 |   9|          2|    4|          8|
    |v107_fu_252                                 |   9|          2|    7|         14|
    |v108_fu_248                                 |   9|          2|    7|         14|
    |v191_0_blk_n                                |   9|          2|    1|          2|
    |v191_1_blk_n                                |   9|          2|    1|          2|
    |v191_2_blk_n                                |   9|          2|    1|          2|
    |v191_3_blk_n                                |   9|          2|    1|          2|
    |v191_4_blk_n                                |   9|          2|    1|          2|
    |v191_5_blk_n                                |   9|          2|    1|          2|
    |v191_6_blk_n                                |   9|          2|    1|          2|
    |v191_7_blk_n                                |   9|          2|    1|          2|
    |v192_0_0_blk_n                              |   9|          2|    1|          2|
    |v192_0_1_blk_n                              |   9|          2|    1|          2|
    |v192_0_2_blk_n                              |   9|          2|    1|          2|
    |v192_0_3_blk_n                              |   9|          2|    1|          2|
    |v192_0_4_blk_n                              |   9|          2|    1|          2|
    |v192_0_5_blk_n                              |   9|          2|    1|          2|
    |v192_0_6_blk_n                              |   9|          2|    1|          2|
    |v192_0_7_blk_n                              |   9|          2|    1|          2|
    |v192_1_0_blk_n                              |   9|          2|    1|          2|
    |v192_1_1_blk_n                              |   9|          2|    1|          2|
    |v192_1_2_blk_n                              |   9|          2|    1|          2|
    |v192_1_3_blk_n                              |   9|          2|    1|          2|
    |v192_1_4_blk_n                              |   9|          2|    1|          2|
    |v192_1_5_blk_n                              |   9|          2|    1|          2|
    |v192_1_6_blk_n                              |   9|          2|    1|          2|
    |v192_1_7_blk_n                              |   9|          2|    1|          2|
    |v192_2_0_blk_n                              |   9|          2|    1|          2|
    |v192_2_1_blk_n                              |   9|          2|    1|          2|
    |v192_2_2_blk_n                              |   9|          2|    1|          2|
    |v192_2_3_blk_n                              |   9|          2|    1|          2|
    |v192_2_4_blk_n                              |   9|          2|    1|          2|
    |v192_2_5_blk_n                              |   9|          2|    1|          2|
    |v192_2_6_blk_n                              |   9|          2|    1|          2|
    |v192_2_7_blk_n                              |   9|          2|    1|          2|
    |v192_3_0_blk_n                              |   9|          2|    1|          2|
    |v192_3_1_blk_n                              |   9|          2|    1|          2|
    |v192_3_2_blk_n                              |   9|          2|    1|          2|
    |v192_3_3_blk_n                              |   9|          2|    1|          2|
    |v192_3_4_blk_n                              |   9|          2|    1|          2|
    |v192_3_5_blk_n                              |   9|          2|    1|          2|
    |v192_3_6_blk_n                              |   9|          2|    1|          2|
    |v192_3_7_blk_n                              |   9|          2|    1|          2|
    |v192_4_0_blk_n                              |   9|          2|    1|          2|
    |v192_4_1_blk_n                              |   9|          2|    1|          2|
    |v192_4_2_blk_n                              |   9|          2|    1|          2|
    |v192_4_3_blk_n                              |   9|          2|    1|          2|
    |v192_4_4_blk_n                              |   9|          2|    1|          2|
    |v192_4_5_blk_n                              |   9|          2|    1|          2|
    |v192_4_6_blk_n                              |   9|          2|    1|          2|
    |v192_4_7_blk_n                              |   9|          2|    1|          2|
    |v192_5_0_blk_n                              |   9|          2|    1|          2|
    |v192_5_1_blk_n                              |   9|          2|    1|          2|
    |v192_5_2_blk_n                              |   9|          2|    1|          2|
    |v192_5_3_blk_n                              |   9|          2|    1|          2|
    |v192_5_4_blk_n                              |   9|          2|    1|          2|
    |v192_5_5_blk_n                              |   9|          2|    1|          2|
    |v192_5_6_blk_n                              |   9|          2|    1|          2|
    |v192_5_7_blk_n                              |   9|          2|    1|          2|
    |v192_6_0_blk_n                              |   9|          2|    1|          2|
    |v192_6_1_blk_n                              |   9|          2|    1|          2|
    |v192_6_2_blk_n                              |   9|          2|    1|          2|
    |v192_6_3_blk_n                              |   9|          2|    1|          2|
    |v192_6_4_blk_n                              |   9|          2|    1|          2|
    |v192_6_5_blk_n                              |   9|          2|    1|          2|
    |v192_6_6_blk_n                              |   9|          2|    1|          2|
    |v192_6_7_blk_n                              |   9|          2|    1|          2|
    |v192_7_0_blk_n                              |   9|          2|    1|          2|
    |v192_7_1_blk_n                              |   9|          2|    1|          2|
    |v192_7_2_blk_n                              |   9|          2|    1|          2|
    |v192_7_3_blk_n                              |   9|          2|    1|          2|
    |v192_7_4_blk_n                              |   9|          2|    1|          2|
    |v192_7_5_blk_n                              |   9|          2|    1|          2|
    |v192_7_6_blk_n                              |   9|          2|    1|          2|
    |v192_7_7_blk_n                              |   9|          2|    1|          2|
    |v193_0_blk_n                                |   9|          2|    1|          2|
    |v193_1_blk_n                                |   9|          2|    1|          2|
    |v193_2_blk_n                                |   9|          2|    1|          2|
    |v193_3_blk_n                                |   9|          2|    1|          2|
    |v193_4_blk_n                                |   9|          2|    1|          2|
    |v193_5_blk_n                                |   9|          2|    1|          2|
    |v193_6_blk_n                                |   9|          2|    1|          2|
    |v193_7_blk_n                                |   9|          2|    1|          2|
    +--------------------------------------------+----+-----------+-----+-----------+
    |Total                                       |4024|        837| 4566|      15911|
    +--------------------------------------------+----+-----------+-----+-----------+

    * Register: 
    +--------------------------------------------+----+----+-----+-----------+
    |                    Name                    | FF | LUT| Bits| Const Bits|
    +--------------------------------------------+----+----+-----+-----------+
    |add83168_fu_268                             |  32|   0|   32|          0|
    |add83_1170_fu_272                           |  32|   0|   32|          0|
    |add83_2172_fu_276                           |  32|   0|   32|          0|
    |add83_3174_fu_280                           |  32|   0|   32|          0|
    |add83_4176_fu_284                           |  32|   0|   32|          0|
    |add83_5178_fu_288                           |  32|   0|   32|          0|
    |add83_6180_fu_292                           |  32|   0|   32|          0|
    |add83_7182_fu_296                           |  32|   0|   32|          0|
    |ap_CS_fsm                                   |  12|   0|   12|          0|
    |ap_done_reg                                 |   1|   0|    1|          0|
    |ap_enable_reg_pp0_iter0_reg                 |   1|   0|    1|          0|
    |ap_enable_reg_pp0_iter1                     |   1|   0|    1|          0|
    |ap_enable_reg_pp0_iter2                     |   1|   0|    1|          0|
    |ap_loop_exit_ready_pp0_iter1_reg            |   1|   0|    1|          0|
    |ap_phi_reg_pp0_iter0_empty_24_reg_2369      |  32|   0|   32|          0|
    |ap_phi_reg_pp0_iter0_empty_25_reg_2379      |  32|   0|   32|          0|
    |ap_phi_reg_pp0_iter0_empty_26_reg_2509      |  32|   0|   32|          0|
    |ap_phi_reg_pp0_iter0_empty_27_reg_2549      |  32|   0|   32|          0|
    |ap_phi_reg_pp0_iter0_empty_28_reg_2149      |  32|   0|   32|          0|
    |ap_phi_reg_pp0_iter0_empty_29_reg_2389      |  32|   0|   32|          0|
    |ap_phi_reg_pp0_iter0_empty_30_reg_2399      |  32|   0|   32|          0|
    |ap_phi_reg_pp0_iter0_empty_31_reg_2359      |  32|   0|   32|          0|
    |ap_phi_reg_pp0_iter0_empty_32_reg_2329      |  32|   0|   32|          0|
    |ap_phi_reg_pp0_iter0_empty_33_reg_2459      |  32|   0|   32|          0|
    |ap_phi_reg_pp0_iter0_empty_34_reg_2539      |  32|   0|   32|          0|
    |ap_phi_reg_pp0_iter0_empty_35_reg_2139      |  32|   0|   32|          0|
    |ap_phi_reg_pp0_iter0_empty_36_reg_2339      |  32|   0|   32|          0|
    |ap_phi_reg_pp0_iter0_empty_37_reg_2349      |  32|   0|   32|          0|
    |ap_phi_reg_pp0_iter0_empty_38_reg_2299      |  32|   0|   32|          0|
    |ap_phi_reg_pp0_iter0_empty_39_reg_2309      |  32|   0|   32|          0|
    |ap_phi_reg_pp0_iter0_empty_40_reg_2449      |  32|   0|   32|          0|
    |ap_phi_reg_pp0_iter0_empty_41_reg_2529      |  32|   0|   32|          0|
    |ap_phi_reg_pp0_iter0_empty_42_reg_2129      |  32|   0|   32|          0|
    |ap_phi_reg_pp0_iter0_empty_43_reg_2289      |  32|   0|   32|          0|
    |ap_phi_reg_pp0_iter0_empty_44_reg_2319      |  32|   0|   32|          0|
    |ap_phi_reg_pp0_iter0_empty_45_reg_2249      |  32|   0|   32|          0|
    |ap_phi_reg_pp0_iter0_empty_46_reg_2259      |  32|   0|   32|          0|
    |ap_phi_reg_pp0_iter0_empty_47_reg_2439      |  32|   0|   32|          0|
    |ap_phi_reg_pp0_iter0_empty_48_reg_2499      |  32|   0|   32|          0|
    |ap_phi_reg_pp0_iter0_empty_49_reg_2119      |  32|   0|   32|          0|
    |ap_phi_reg_pp0_iter0_empty_50_reg_2269      |  32|   0|   32|          0|
    |ap_phi_reg_pp0_iter0_empty_51_reg_2279      |  32|   0|   32|          0|
    |ap_phi_reg_pp0_iter0_empty_52_reg_2239      |  32|   0|   32|          0|
    |ap_phi_reg_pp0_iter0_empty_53_reg_2209      |  32|   0|   32|          0|
    |ap_phi_reg_pp0_iter0_empty_54_reg_2429      |  32|   0|   32|          0|
    |ap_phi_reg_pp0_iter0_empty_55_reg_2489      |  32|   0|   32|          0|
    |ap_phi_reg_pp0_iter0_empty_56_reg_2109      |  32|   0|   32|          0|
    |ap_phi_reg_pp0_iter0_empty_57_reg_2219      |  32|   0|   32|          0|
    |ap_phi_reg_pp0_iter0_empty_58_reg_2229      |  32|   0|   32|          0|
    |ap_phi_reg_pp0_iter0_empty_59_reg_2179      |  32|   0|   32|          0|
    |ap_phi_reg_pp0_iter0_empty_60_reg_2189      |  32|   0|   32|          0|
    |ap_phi_reg_pp0_iter0_empty_61_reg_2419      |  32|   0|   32|          0|
    |ap_phi_reg_pp0_iter0_empty_62_reg_2479      |  32|   0|   32|          0|
    |ap_phi_reg_pp0_iter0_empty_63_reg_2099      |  32|   0|   32|          0|
    |ap_phi_reg_pp0_iter0_empty_64_reg_2169      |  32|   0|   32|          0|
    |ap_phi_reg_pp0_iter0_empty_65_reg_2199      |  32|   0|   32|          0|
    |ap_phi_reg_pp0_iter0_empty_66_reg_2069      |  32|   0|   32|          0|
    |ap_phi_reg_pp0_iter0_empty_67_reg_2159      |  32|   0|   32|          0|
    |ap_phi_reg_pp0_iter0_empty_68_reg_2079      |  32|   0|   32|          0|
    |ap_phi_reg_pp0_iter0_empty_69_reg_2469      |  32|   0|   32|          0|
    |ap_phi_reg_pp0_iter0_empty_70_reg_2409      |  32|   0|   32|          0|
    |ap_phi_reg_pp0_iter0_empty_71_reg_2519      |  32|   0|   32|          0|
    |ap_phi_reg_pp0_iter0_empty_72_reg_2089      |  32|   0|   32|          0|
    |ap_phi_reg_pp0_iter1_empty_26_reg_2509      |  32|   0|   32|          0|
    |ap_phi_reg_pp0_iter1_empty_27_reg_2549      |  32|   0|   32|          0|
    |ap_phi_reg_pp0_iter1_empty_34_reg_2539      |  32|   0|   32|          0|
    |ap_phi_reg_pp0_iter1_empty_41_reg_2529      |  32|   0|   32|          0|
    |ap_phi_reg_pp0_iter1_empty_48_reg_2499      |  32|   0|   32|          0|
    |ap_phi_reg_pp0_iter1_empty_55_reg_2489      |  32|   0|   32|          0|
    |ap_phi_reg_pp0_iter1_empty_62_reg_2479      |  32|   0|   32|          0|
    |ap_phi_reg_pp0_iter1_empty_69_reg_2469      |  32|   0|   32|          0|
    |ap_phi_reg_pp0_iter1_empty_71_reg_2519      |  32|   0|   32|          0|
    |ap_phi_reg_pp0_iter1_v103_load_17_reg_2559  |  32|   0|   32|          0|
    |ap_phi_reg_pp0_iter1_v103_load_26_reg_2568  |  32|   0|   32|          0|
    |ap_phi_reg_pp0_iter1_v103_load_35_reg_2577  |  32|   0|   32|          0|
    |ap_phi_reg_pp0_iter1_v103_load_44_reg_2586  |  32|   0|   32|          0|
    |ap_phi_reg_pp0_iter1_v103_load_53_reg_2595  |  32|   0|   32|          0|
    |ap_phi_reg_pp0_iter1_v103_load_62_reg_2604  |  32|   0|   32|          0|
    |ap_phi_reg_pp0_iter1_v103_load_71_reg_2613  |  32|   0|   32|          0|
    |cmp21_reg_4207                              |   1|   0|    1|          0|
    |cmp39_reg_4203                              |   1|   0|    1|          0|
    |empty_reg_4197                              |   6|   0|    6|          0|
    |icmp_ln249_reg_4164                         |   1|   0|    1|          0|
    |icmp_ln251_1_reg_5096                       |   1|   0|    1|          0|
    |icmp_ln267_reg_4594                         |   1|   0|    1|          0|
    |icmp_ln267_reg_4594_pp0_iter1_reg           |   1|   0|    1|          0|
    |icmp_ln274_reg_4475                         |   1|   0|    1|          0|
    |indvar_flatten28_fu_264                     |  16|   0|   16|          0|
    |indvar_flatten_fu_256                       |  14|   0|   14|          0|
    |or_ln250_reg_4181                           |   1|   0|    1|          0|
    |reg_2912                                    |  32|   0|   32|          0|
    |reg_2918                                    |  32|   0|   32|          0|
    |reg_2924                                    |  32|   0|   32|          0|
    |reg_2930                                    |  32|   0|   32|          0|
    |reg_2936                                    |  32|   0|   32|          0|
    |reg_2942                                    |  32|   0|   32|          0|
    |reg_2948                                    |  32|   0|   32|          0|
    |reg_2960                                    |  32|   0|   32|          0|
    |reg_2965                                    |  32|   0|   32|          0|
    |reg_2971                                    |  32|   0|   32|          0|
    |reg_2977                                    |  32|   0|   32|          0|
    |reg_2983                                    |  32|   0|   32|          0|
    |reg_2989                                    |  32|   0|   32|          0|
    |reg_2995                                    |  32|   0|   32|          0|
    |reg_3001                                    |  32|   0|   32|          0|
    |reg_3007                                    |  32|   0|   32|          0|
    |reg_3013                                    |  32|   0|   32|          0|
    |reg_3019                                    |  32|   0|   32|          0|
    |reg_3026                                    |  32|   0|   32|          0|
    |reg_3038                                    |  32|   0|   32|          0|
    |reg_3044                                    |  32|   0|   32|          0|
    |reg_3051                                    |  32|   0|   32|          0|
    |reg_3058                                    |  32|   0|   32|          0|
    |reg_3065                                    |  32|   0|   32|          0|
    |reg_3072                                    |  32|   0|   32|          0|
    |select_ln250_1_reg_4192                     |   7|   0|    7|          0|
    |select_ln250_reg_4185                       |   7|   0|    7|          0|
    |tmp16_reg_5527                              |  32|   0|   32|          0|
    |tmp18_reg_5331                              |  32|   0|   32|          0|
    |tmp30_reg_5522                              |  32|   0|   32|          0|
    |tmp32_reg_5532                              |  32|   0|   32|          0|
    |tmp43_reg_5447                              |  32|   0|   32|          0|
    |tmp50_reg_5517                              |  32|   0|   32|          0|
    |tmp_66_reg_5310                             |   6|   0|    9|          3|
    |trunc_ln250_reg_4168                        |   3|   0|    3|          0|
    |trunc_ln250_reg_4168_pp0_iter1_reg          |   3|   0|    3|          0|
    |v103_addr_1_reg_5326                        |   9|   0|   12|          3|
    |v103_addr_1_reg_5326_pp0_iter2_reg          |   9|   0|   12|          3|
    |v103_addr_2_reg_5346                        |   9|   0|   12|          3|
    |v103_addr_2_reg_5346_pp0_iter2_reg          |   9|   0|   12|          3|
    |v103_addr_3_reg_5341                        |   9|   0|   12|          3|
    |v103_addr_3_reg_5341_pp0_iter2_reg          |   9|   0|   12|          3|
    |v103_addr_4_reg_5361                        |   9|   0|   12|          3|
    |v103_addr_4_reg_5361_pp0_iter2_reg          |   9|   0|   12|          3|
    |v103_addr_5_reg_5356                        |   9|   0|   12|          3|
    |v103_addr_5_reg_5356_pp0_iter2_reg          |   9|   0|   12|          3|
    |v103_addr_6_reg_5392                        |   9|   0|   12|          3|
    |v103_addr_6_reg_5392_pp0_iter2_reg          |   9|   0|   12|          3|
    |v103_addr_7_reg_5386                        |   9|   0|   12|          3|
    |v103_addr_7_reg_5386_pp0_iter2_reg          |   9|   0|   12|          3|
    |v103_addr_reg_5320                          |   9|   0|   12|          3|
    |v103_addr_reg_5320_pp0_iter2_reg            |   9|   0|   12|          3|
    |v103_load_1_reg_5351                        |  32|   0|   32|          0|
    |v103_load_2_reg_5366                        |  32|   0|   32|          0|
    |v103_load_3_reg_5371                        |  32|   0|   32|          0|
    |v103_load_5_reg_5397                        |  32|   0|   32|          0|
    |v104_10_addr_reg_4270                       |  12|   0|   12|          0|
    |v104_11_addr_reg_4275                       |  12|   0|   12|          0|
    |v104_12_addr_reg_4280                       |  12|   0|   12|          0|
    |v104_13_addr_reg_4285                       |  12|   0|   12|          0|
    |v104_14_addr_reg_4290                       |  12|   0|   12|          0|
    |v104_15_addr_reg_4295                       |  12|   0|   12|          0|
    |v104_16_addr_reg_4489                       |  12|   0|   12|          0|
    |v104_17_addr_reg_4300                       |  12|   0|   12|          0|
    |v104_18_addr_reg_4305                       |  12|   0|   12|          0|
    |v104_19_addr_reg_4310                       |  12|   0|   12|          0|
    |v104_1_addr_reg_4230                        |  12|   0|   12|          0|
    |v104_20_addr_reg_4315                       |  12|   0|   12|          0|
    |v104_21_addr_reg_4320                       |  12|   0|   12|          0|
    |v104_22_addr_reg_4325                       |  12|   0|   12|          0|
    |v104_23_addr_reg_4330                       |  12|   0|   12|          0|
    |v104_24_addr_reg_4494                       |  12|   0|   12|          0|
    |v104_25_addr_reg_4335                       |  12|   0|   12|          0|
    |v104_26_addr_reg_4340                       |  12|   0|   12|          0|
    |v104_27_addr_reg_4345                       |  12|   0|   12|          0|
    |v104_28_addr_reg_4350                       |  12|   0|   12|          0|
    |v104_29_addr_reg_4355                       |  12|   0|   12|          0|
    |v104_2_addr_reg_4235                        |  12|   0|   12|          0|
    |v104_30_addr_reg_4360                       |  12|   0|   12|          0|
    |v104_31_addr_reg_4365                       |  12|   0|   12|          0|
    |v104_32_addr_reg_4499                       |  12|   0|   12|          0|
    |v104_33_addr_reg_4370                       |  12|   0|   12|          0|
    |v104_34_addr_reg_4375                       |  12|   0|   12|          0|
    |v104_35_addr_reg_4380                       |  12|   0|   12|          0|
    |v104_36_addr_reg_4385                       |  12|   0|   12|          0|
    |v104_37_addr_reg_4390                       |  12|   0|   12|          0|
    |v104_38_addr_reg_4395                       |  12|   0|   12|          0|
    |v104_39_addr_reg_4400                       |  12|   0|   12|          0|
    |v104_3_addr_reg_4240                        |  12|   0|   12|          0|
    |v104_40_addr_reg_4504                       |  12|   0|   12|          0|
    |v104_41_addr_reg_4405                       |  12|   0|   12|          0|
    |v104_42_addr_reg_4410                       |  12|   0|   12|          0|
    |v104_43_addr_reg_4415                       |  12|   0|   12|          0|
    |v104_44_addr_reg_4420                       |  12|   0|   12|          0|
    |v104_45_addr_reg_4425                       |  12|   0|   12|          0|
    |v104_46_addr_reg_4430                       |  12|   0|   12|          0|
    |v104_47_addr_reg_4435                       |  12|   0|   12|          0|
    |v104_48_addr_reg_4509                       |  12|   0|   12|          0|
    |v104_49_addr_reg_4440                       |  12|   0|   12|          0|
    |v104_4_addr_reg_4245                        |  12|   0|   12|          0|
    |v104_50_addr_reg_4445                       |  12|   0|   12|          0|
    |v104_51_addr_reg_4450                       |  12|   0|   12|          0|
    |v104_52_addr_reg_4455                       |  12|   0|   12|          0|
    |v104_53_addr_reg_4460                       |  12|   0|   12|          0|
    |v104_54_addr_reg_4465                       |  12|   0|   12|          0|
    |v104_55_addr_reg_4470                       |  12|   0|   12|          0|
    |v104_56_addr_reg_4514                       |  12|   0|   12|          0|
    |v104_57_addr_reg_4519                       |  12|   0|   12|          0|
    |v104_58_addr_reg_4524                       |  12|   0|   12|          0|
    |v104_59_addr_reg_4529                       |  12|   0|   12|          0|
    |v104_5_addr_reg_4250                        |  12|   0|   12|          0|
    |v104_60_addr_reg_4534                       |  12|   0|   12|          0|
    |v104_61_addr_reg_4539                       |  12|   0|   12|          0|
    |v104_62_addr_reg_4544                       |  12|   0|   12|          0|
    |v104_63_addr_reg_4549                       |  12|   0|   12|          0|
    |v104_6_addr_reg_4255                        |  12|   0|   12|          0|
    |v104_7_addr_reg_4260                        |  12|   0|   12|          0|
    |v104_8_addr_reg_4484                        |  12|   0|   12|          0|
    |v104_9_addr_reg_4265                        |  12|   0|   12|          0|
    |v104_addr_reg_4479                          |  12|   0|   12|          0|
    |v105_1_addr_reg_4559                        |   9|   0|    9|          0|
    |v105_2_addr_reg_4564                        |   9|   0|    9|          0|
    |v105_3_addr_reg_4569                        |   9|   0|    9|          0|
    |v105_4_addr_reg_4574                        |   9|   0|    9|          0|
    |v105_5_addr_reg_4579                        |   9|   0|    9|          0|
    |v105_6_addr_reg_4584                        |   9|   0|    9|          0|
    |v105_7_addr_reg_4589                        |   9|   0|    9|          0|
    |v105_addr_reg_4554                          |   9|   0|    9|          0|
    |v106_fu_260                                 |   4|   0|    4|          0|
    |v107_fu_252                                 |   7|   0|    7|          0|
    |v108_fu_248                                 |   7|   0|    7|          0|
    |v113_1_reg_5114                             |  32|   0|   32|          0|
    |v113_2_reg_5126                             |  32|   0|   32|          0|
    |v113_3_reg_5141                             |  32|   0|   32|          0|
    |v113_4_reg_5155                             |  32|   0|   32|          0|
    |v113_5_reg_5169                             |  32|   0|   32|          0|
    |v113_6_reg_5183                             |  32|   0|   32|          0|
    |v113_7_reg_5198                             |  32|   0|   32|          0|
    |v113_reg_5100                               |  32|   0|   32|          0|
    |v115_112_reg_5240                           |  32|   0|   32|          0|
    |v115_2_reg_5136                             |  32|   0|   32|          0|
    |v115_37_reg_5215                            |  32|   0|   32|          0|
    |v115_3_reg_5150                             |  32|   0|   32|          0|
    |v115_4_reg_5164                             |  32|   0|   32|          0|
    |v115_52_reg_5220                            |  32|   0|   32|          0|
    |v115_5_reg_5178                             |  32|   0|   32|          0|
    |v115_67_reg_5225                            |  32|   0|   32|          0|
    |v115_6_reg_5193                             |  32|   0|   32|          0|
    |v115_82_reg_5230                            |  32|   0|   32|          0|
    |v115_97_reg_5235                            |  32|   0|   32|          0|
    |v115_reg_5109                               |  32|   0|   32|          0|
    |v117_10_reg_5432                            |  32|   0|   32|          0|
    |v117_11_reg_5255                            |  32|   0|   32|          0|
    |v117_18_reg_5260                            |  32|   0|   32|          0|
    |v117_28_reg_5275                            |  32|   0|   32|          0|
    |v117_30_reg_5412                            |  32|   0|   32|          0|
    |v117_42_reg_5305                            |  32|   0|   32|          0|
    |v117_49_reg_5381                            |  32|   0|   32|          0|
    |v117_52_reg_5336                            |  32|   0|   32|          0|
    |zext_ln264_1_reg_4211                       |  12|   0|   64|         52|
    |icmp_ln249_reg_4164                         |  64|  32|    1|          0|
    |icmp_ln251_1_reg_5096                       |  64|  32|    1|          0|
    |icmp_ln274_reg_4475                         |  64|  32|    1|          0|
    |or_ln250_reg_4181                           |  64|  32|    1|          0|
    +--------------------------------------------+----+----+-----+-----------+
    |Total                                       |5709| 128| 5560|        103|
    +--------------------------------------------+----+----+-----+-----------+



================================================================
== Interface
================================================================
* Summary: 
+-------------------------+-----+-----+------------+--------------+--------------+
|        RTL Ports        | Dir | Bits|  Protocol  | Source Object|    C Type    |
+-------------------------+-----+-----+------------+--------------+--------------+
|ap_clk                   |   in|    1|  ap_ctrl_hs|         node8|  return value|
|ap_rst                   |   in|    1|  ap_ctrl_hs|         node8|  return value|
|ap_start                 |   in|    1|  ap_ctrl_hs|         node8|  return value|
|ap_done                  |  out|    1|  ap_ctrl_hs|         node8|  return value|
|ap_continue              |   in|    1|  ap_ctrl_hs|         node8|  return value|
|ap_idle                  |  out|    1|  ap_ctrl_hs|         node8|  return value|
|ap_ready                 |  out|    1|  ap_ctrl_hs|         node8|  return value|
|v192_0_0_dout            |   in|   32|     ap_fifo|      v192_0_0|       pointer|
|v192_0_0_num_data_valid  |   in|   13|     ap_fifo|      v192_0_0|       pointer|
|v192_0_0_fifo_cap        |   in|   13|     ap_fifo|      v192_0_0|       pointer|
|v192_0_0_empty_n         |   in|    1|     ap_fifo|      v192_0_0|       pointer|
|v192_0_0_read            |  out|    1|     ap_fifo|      v192_0_0|       pointer|
|v192_0_1_dout            |   in|   32|     ap_fifo|      v192_0_1|       pointer|
|v192_0_1_num_data_valid  |   in|   13|     ap_fifo|      v192_0_1|       pointer|
|v192_0_1_fifo_cap        |   in|   13|     ap_fifo|      v192_0_1|       pointer|
|v192_0_1_empty_n         |   in|    1|     ap_fifo|      v192_0_1|       pointer|
|v192_0_1_read            |  out|    1|     ap_fifo|      v192_0_1|       pointer|
|v192_0_2_dout            |   in|   32|     ap_fifo|      v192_0_2|       pointer|
|v192_0_2_num_data_valid  |   in|   13|     ap_fifo|      v192_0_2|       pointer|
|v192_0_2_fifo_cap        |   in|   13|     ap_fifo|      v192_0_2|       pointer|
|v192_0_2_empty_n         |   in|    1|     ap_fifo|      v192_0_2|       pointer|
|v192_0_2_read            |  out|    1|     ap_fifo|      v192_0_2|       pointer|
|v192_0_3_dout            |   in|   32|     ap_fifo|      v192_0_3|       pointer|
|v192_0_3_num_data_valid  |   in|   13|     ap_fifo|      v192_0_3|       pointer|
|v192_0_3_fifo_cap        |   in|   13|     ap_fifo|      v192_0_3|       pointer|
|v192_0_3_empty_n         |   in|    1|     ap_fifo|      v192_0_3|       pointer|
|v192_0_3_read            |  out|    1|     ap_fifo|      v192_0_3|       pointer|
|v192_0_4_dout            |   in|   32|     ap_fifo|      v192_0_4|       pointer|
|v192_0_4_num_data_valid  |   in|   13|     ap_fifo|      v192_0_4|       pointer|
|v192_0_4_fifo_cap        |   in|   13|     ap_fifo|      v192_0_4|       pointer|
|v192_0_4_empty_n         |   in|    1|     ap_fifo|      v192_0_4|       pointer|
|v192_0_4_read            |  out|    1|     ap_fifo|      v192_0_4|       pointer|
|v192_0_5_dout            |   in|   32|     ap_fifo|      v192_0_5|       pointer|
|v192_0_5_num_data_valid  |   in|   13|     ap_fifo|      v192_0_5|       pointer|
|v192_0_5_fifo_cap        |   in|   13|     ap_fifo|      v192_0_5|       pointer|
|v192_0_5_empty_n         |   in|    1|     ap_fifo|      v192_0_5|       pointer|
|v192_0_5_read            |  out|    1|     ap_fifo|      v192_0_5|       pointer|
|v192_0_6_dout            |   in|   32|     ap_fifo|      v192_0_6|       pointer|
|v192_0_6_num_data_valid  |   in|   13|     ap_fifo|      v192_0_6|       pointer|
|v192_0_6_fifo_cap        |   in|   13|     ap_fifo|      v192_0_6|       pointer|
|v192_0_6_empty_n         |   in|    1|     ap_fifo|      v192_0_6|       pointer|
|v192_0_6_read            |  out|    1|     ap_fifo|      v192_0_6|       pointer|
|v192_0_7_dout            |   in|   32|     ap_fifo|      v192_0_7|       pointer|
|v192_0_7_num_data_valid  |   in|   13|     ap_fifo|      v192_0_7|       pointer|
|v192_0_7_fifo_cap        |   in|   13|     ap_fifo|      v192_0_7|       pointer|
|v192_0_7_empty_n         |   in|    1|     ap_fifo|      v192_0_7|       pointer|
|v192_0_7_read            |  out|    1|     ap_fifo|      v192_0_7|       pointer|
|v192_1_0_dout            |   in|   32|     ap_fifo|      v192_1_0|       pointer|
|v192_1_0_num_data_valid  |   in|   13|     ap_fifo|      v192_1_0|       pointer|
|v192_1_0_fifo_cap        |   in|   13|     ap_fifo|      v192_1_0|       pointer|
|v192_1_0_empty_n         |   in|    1|     ap_fifo|      v192_1_0|       pointer|
|v192_1_0_read            |  out|    1|     ap_fifo|      v192_1_0|       pointer|
|v192_1_1_dout            |   in|   32|     ap_fifo|      v192_1_1|       pointer|
|v192_1_1_num_data_valid  |   in|   13|     ap_fifo|      v192_1_1|       pointer|
|v192_1_1_fifo_cap        |   in|   13|     ap_fifo|      v192_1_1|       pointer|
|v192_1_1_empty_n         |   in|    1|     ap_fifo|      v192_1_1|       pointer|
|v192_1_1_read            |  out|    1|     ap_fifo|      v192_1_1|       pointer|
|v192_1_2_dout            |   in|   32|     ap_fifo|      v192_1_2|       pointer|
|v192_1_2_num_data_valid  |   in|   13|     ap_fifo|      v192_1_2|       pointer|
|v192_1_2_fifo_cap        |   in|   13|     ap_fifo|      v192_1_2|       pointer|
|v192_1_2_empty_n         |   in|    1|     ap_fifo|      v192_1_2|       pointer|
|v192_1_2_read            |  out|    1|     ap_fifo|      v192_1_2|       pointer|
|v192_1_3_dout            |   in|   32|     ap_fifo|      v192_1_3|       pointer|
|v192_1_3_num_data_valid  |   in|   13|     ap_fifo|      v192_1_3|       pointer|
|v192_1_3_fifo_cap        |   in|   13|     ap_fifo|      v192_1_3|       pointer|
|v192_1_3_empty_n         |   in|    1|     ap_fifo|      v192_1_3|       pointer|
|v192_1_3_read            |  out|    1|     ap_fifo|      v192_1_3|       pointer|
|v192_1_4_dout            |   in|   32|     ap_fifo|      v192_1_4|       pointer|
|v192_1_4_num_data_valid  |   in|   13|     ap_fifo|      v192_1_4|       pointer|
|v192_1_4_fifo_cap        |   in|   13|     ap_fifo|      v192_1_4|       pointer|
|v192_1_4_empty_n         |   in|    1|     ap_fifo|      v192_1_4|       pointer|
|v192_1_4_read            |  out|    1|     ap_fifo|      v192_1_4|       pointer|
|v192_1_5_dout            |   in|   32|     ap_fifo|      v192_1_5|       pointer|
|v192_1_5_num_data_valid  |   in|   13|     ap_fifo|      v192_1_5|       pointer|
|v192_1_5_fifo_cap        |   in|   13|     ap_fifo|      v192_1_5|       pointer|
|v192_1_5_empty_n         |   in|    1|     ap_fifo|      v192_1_5|       pointer|
|v192_1_5_read            |  out|    1|     ap_fifo|      v192_1_5|       pointer|
|v192_1_6_dout            |   in|   32|     ap_fifo|      v192_1_6|       pointer|
|v192_1_6_num_data_valid  |   in|   13|     ap_fifo|      v192_1_6|       pointer|
|v192_1_6_fifo_cap        |   in|   13|     ap_fifo|      v192_1_6|       pointer|
|v192_1_6_empty_n         |   in|    1|     ap_fifo|      v192_1_6|       pointer|
|v192_1_6_read            |  out|    1|     ap_fifo|      v192_1_6|       pointer|
|v192_1_7_dout            |   in|   32|     ap_fifo|      v192_1_7|       pointer|
|v192_1_7_num_data_valid  |   in|   13|     ap_fifo|      v192_1_7|       pointer|
|v192_1_7_fifo_cap        |   in|   13|     ap_fifo|      v192_1_7|       pointer|
|v192_1_7_empty_n         |   in|    1|     ap_fifo|      v192_1_7|       pointer|
|v192_1_7_read            |  out|    1|     ap_fifo|      v192_1_7|       pointer|
|v192_2_0_dout            |   in|   32|     ap_fifo|      v192_2_0|       pointer|
|v192_2_0_num_data_valid  |   in|   13|     ap_fifo|      v192_2_0|       pointer|
|v192_2_0_fifo_cap        |   in|   13|     ap_fifo|      v192_2_0|       pointer|
|v192_2_0_empty_n         |   in|    1|     ap_fifo|      v192_2_0|       pointer|
|v192_2_0_read            |  out|    1|     ap_fifo|      v192_2_0|       pointer|
|v192_2_1_dout            |   in|   32|     ap_fifo|      v192_2_1|       pointer|
|v192_2_1_num_data_valid  |   in|   13|     ap_fifo|      v192_2_1|       pointer|
|v192_2_1_fifo_cap        |   in|   13|     ap_fifo|      v192_2_1|       pointer|
|v192_2_1_empty_n         |   in|    1|     ap_fifo|      v192_2_1|       pointer|
|v192_2_1_read            |  out|    1|     ap_fifo|      v192_2_1|       pointer|
|v192_2_2_dout            |   in|   32|     ap_fifo|      v192_2_2|       pointer|
|v192_2_2_num_data_valid  |   in|   13|     ap_fifo|      v192_2_2|       pointer|
|v192_2_2_fifo_cap        |   in|   13|     ap_fifo|      v192_2_2|       pointer|
|v192_2_2_empty_n         |   in|    1|     ap_fifo|      v192_2_2|       pointer|
|v192_2_2_read            |  out|    1|     ap_fifo|      v192_2_2|       pointer|
|v192_2_3_dout            |   in|   32|     ap_fifo|      v192_2_3|       pointer|
|v192_2_3_num_data_valid  |   in|   13|     ap_fifo|      v192_2_3|       pointer|
|v192_2_3_fifo_cap        |   in|   13|     ap_fifo|      v192_2_3|       pointer|
|v192_2_3_empty_n         |   in|    1|     ap_fifo|      v192_2_3|       pointer|
|v192_2_3_read            |  out|    1|     ap_fifo|      v192_2_3|       pointer|
|v192_2_4_dout            |   in|   32|     ap_fifo|      v192_2_4|       pointer|
|v192_2_4_num_data_valid  |   in|   13|     ap_fifo|      v192_2_4|       pointer|
|v192_2_4_fifo_cap        |   in|   13|     ap_fifo|      v192_2_4|       pointer|
|v192_2_4_empty_n         |   in|    1|     ap_fifo|      v192_2_4|       pointer|
|v192_2_4_read            |  out|    1|     ap_fifo|      v192_2_4|       pointer|
|v192_2_5_dout            |   in|   32|     ap_fifo|      v192_2_5|       pointer|
|v192_2_5_num_data_valid  |   in|   13|     ap_fifo|      v192_2_5|       pointer|
|v192_2_5_fifo_cap        |   in|   13|     ap_fifo|      v192_2_5|       pointer|
|v192_2_5_empty_n         |   in|    1|     ap_fifo|      v192_2_5|       pointer|
|v192_2_5_read            |  out|    1|     ap_fifo|      v192_2_5|       pointer|
|v192_2_6_dout            |   in|   32|     ap_fifo|      v192_2_6|       pointer|
|v192_2_6_num_data_valid  |   in|   13|     ap_fifo|      v192_2_6|       pointer|
|v192_2_6_fifo_cap        |   in|   13|     ap_fifo|      v192_2_6|       pointer|
|v192_2_6_empty_n         |   in|    1|     ap_fifo|      v192_2_6|       pointer|
|v192_2_6_read            |  out|    1|     ap_fifo|      v192_2_6|       pointer|
|v192_2_7_dout            |   in|   32|     ap_fifo|      v192_2_7|       pointer|
|v192_2_7_num_data_valid  |   in|   13|     ap_fifo|      v192_2_7|       pointer|
|v192_2_7_fifo_cap        |   in|   13|     ap_fifo|      v192_2_7|       pointer|
|v192_2_7_empty_n         |   in|    1|     ap_fifo|      v192_2_7|       pointer|
|v192_2_7_read            |  out|    1|     ap_fifo|      v192_2_7|       pointer|
|v192_3_0_dout            |   in|   32|     ap_fifo|      v192_3_0|       pointer|
|v192_3_0_num_data_valid  |   in|   13|     ap_fifo|      v192_3_0|       pointer|
|v192_3_0_fifo_cap        |   in|   13|     ap_fifo|      v192_3_0|       pointer|
|v192_3_0_empty_n         |   in|    1|     ap_fifo|      v192_3_0|       pointer|
|v192_3_0_read            |  out|    1|     ap_fifo|      v192_3_0|       pointer|
|v192_3_1_dout            |   in|   32|     ap_fifo|      v192_3_1|       pointer|
|v192_3_1_num_data_valid  |   in|   13|     ap_fifo|      v192_3_1|       pointer|
|v192_3_1_fifo_cap        |   in|   13|     ap_fifo|      v192_3_1|       pointer|
|v192_3_1_empty_n         |   in|    1|     ap_fifo|      v192_3_1|       pointer|
|v192_3_1_read            |  out|    1|     ap_fifo|      v192_3_1|       pointer|
|v192_3_2_dout            |   in|   32|     ap_fifo|      v192_3_2|       pointer|
|v192_3_2_num_data_valid  |   in|   13|     ap_fifo|      v192_3_2|       pointer|
|v192_3_2_fifo_cap        |   in|   13|     ap_fifo|      v192_3_2|       pointer|
|v192_3_2_empty_n         |   in|    1|     ap_fifo|      v192_3_2|       pointer|
|v192_3_2_read            |  out|    1|     ap_fifo|      v192_3_2|       pointer|
|v192_3_3_dout            |   in|   32|     ap_fifo|      v192_3_3|       pointer|
|v192_3_3_num_data_valid  |   in|   13|     ap_fifo|      v192_3_3|       pointer|
|v192_3_3_fifo_cap        |   in|   13|     ap_fifo|      v192_3_3|       pointer|
|v192_3_3_empty_n         |   in|    1|     ap_fifo|      v192_3_3|       pointer|
|v192_3_3_read            |  out|    1|     ap_fifo|      v192_3_3|       pointer|
|v192_3_4_dout            |   in|   32|     ap_fifo|      v192_3_4|       pointer|
|v192_3_4_num_data_valid  |   in|   13|     ap_fifo|      v192_3_4|       pointer|
|v192_3_4_fifo_cap        |   in|   13|     ap_fifo|      v192_3_4|       pointer|
|v192_3_4_empty_n         |   in|    1|     ap_fifo|      v192_3_4|       pointer|
|v192_3_4_read            |  out|    1|     ap_fifo|      v192_3_4|       pointer|
|v192_3_5_dout            |   in|   32|     ap_fifo|      v192_3_5|       pointer|
|v192_3_5_num_data_valid  |   in|   13|     ap_fifo|      v192_3_5|       pointer|
|v192_3_5_fifo_cap        |   in|   13|     ap_fifo|      v192_3_5|       pointer|
|v192_3_5_empty_n         |   in|    1|     ap_fifo|      v192_3_5|       pointer|
|v192_3_5_read            |  out|    1|     ap_fifo|      v192_3_5|       pointer|
|v192_3_6_dout            |   in|   32|     ap_fifo|      v192_3_6|       pointer|
|v192_3_6_num_data_valid  |   in|   13|     ap_fifo|      v192_3_6|       pointer|
|v192_3_6_fifo_cap        |   in|   13|     ap_fifo|      v192_3_6|       pointer|
|v192_3_6_empty_n         |   in|    1|     ap_fifo|      v192_3_6|       pointer|
|v192_3_6_read            |  out|    1|     ap_fifo|      v192_3_6|       pointer|
|v192_3_7_dout            |   in|   32|     ap_fifo|      v192_3_7|       pointer|
|v192_3_7_num_data_valid  |   in|   13|     ap_fifo|      v192_3_7|       pointer|
|v192_3_7_fifo_cap        |   in|   13|     ap_fifo|      v192_3_7|       pointer|
|v192_3_7_empty_n         |   in|    1|     ap_fifo|      v192_3_7|       pointer|
|v192_3_7_read            |  out|    1|     ap_fifo|      v192_3_7|       pointer|
|v192_4_0_dout            |   in|   32|     ap_fifo|      v192_4_0|       pointer|
|v192_4_0_num_data_valid  |   in|   13|     ap_fifo|      v192_4_0|       pointer|
|v192_4_0_fifo_cap        |   in|   13|     ap_fifo|      v192_4_0|       pointer|
|v192_4_0_empty_n         |   in|    1|     ap_fifo|      v192_4_0|       pointer|
|v192_4_0_read            |  out|    1|     ap_fifo|      v192_4_0|       pointer|
|v192_4_1_dout            |   in|   32|     ap_fifo|      v192_4_1|       pointer|
|v192_4_1_num_data_valid  |   in|   13|     ap_fifo|      v192_4_1|       pointer|
|v192_4_1_fifo_cap        |   in|   13|     ap_fifo|      v192_4_1|       pointer|
|v192_4_1_empty_n         |   in|    1|     ap_fifo|      v192_4_1|       pointer|
|v192_4_1_read            |  out|    1|     ap_fifo|      v192_4_1|       pointer|
|v192_4_2_dout            |   in|   32|     ap_fifo|      v192_4_2|       pointer|
|v192_4_2_num_data_valid  |   in|   13|     ap_fifo|      v192_4_2|       pointer|
|v192_4_2_fifo_cap        |   in|   13|     ap_fifo|      v192_4_2|       pointer|
|v192_4_2_empty_n         |   in|    1|     ap_fifo|      v192_4_2|       pointer|
|v192_4_2_read            |  out|    1|     ap_fifo|      v192_4_2|       pointer|
|v192_4_3_dout            |   in|   32|     ap_fifo|      v192_4_3|       pointer|
|v192_4_3_num_data_valid  |   in|   13|     ap_fifo|      v192_4_3|       pointer|
|v192_4_3_fifo_cap        |   in|   13|     ap_fifo|      v192_4_3|       pointer|
|v192_4_3_empty_n         |   in|    1|     ap_fifo|      v192_4_3|       pointer|
|v192_4_3_read            |  out|    1|     ap_fifo|      v192_4_3|       pointer|
|v192_4_4_dout            |   in|   32|     ap_fifo|      v192_4_4|       pointer|
|v192_4_4_num_data_valid  |   in|   13|     ap_fifo|      v192_4_4|       pointer|
|v192_4_4_fifo_cap        |   in|   13|     ap_fifo|      v192_4_4|       pointer|
|v192_4_4_empty_n         |   in|    1|     ap_fifo|      v192_4_4|       pointer|
|v192_4_4_read            |  out|    1|     ap_fifo|      v192_4_4|       pointer|
|v192_4_5_dout            |   in|   32|     ap_fifo|      v192_4_5|       pointer|
|v192_4_5_num_data_valid  |   in|   13|     ap_fifo|      v192_4_5|       pointer|
|v192_4_5_fifo_cap        |   in|   13|     ap_fifo|      v192_4_5|       pointer|
|v192_4_5_empty_n         |   in|    1|     ap_fifo|      v192_4_5|       pointer|
|v192_4_5_read            |  out|    1|     ap_fifo|      v192_4_5|       pointer|
|v192_4_6_dout            |   in|   32|     ap_fifo|      v192_4_6|       pointer|
|v192_4_6_num_data_valid  |   in|   13|     ap_fifo|      v192_4_6|       pointer|
|v192_4_6_fifo_cap        |   in|   13|     ap_fifo|      v192_4_6|       pointer|
|v192_4_6_empty_n         |   in|    1|     ap_fifo|      v192_4_6|       pointer|
|v192_4_6_read            |  out|    1|     ap_fifo|      v192_4_6|       pointer|
|v192_4_7_dout            |   in|   32|     ap_fifo|      v192_4_7|       pointer|
|v192_4_7_num_data_valid  |   in|   13|     ap_fifo|      v192_4_7|       pointer|
|v192_4_7_fifo_cap        |   in|   13|     ap_fifo|      v192_4_7|       pointer|
|v192_4_7_empty_n         |   in|    1|     ap_fifo|      v192_4_7|       pointer|
|v192_4_7_read            |  out|    1|     ap_fifo|      v192_4_7|       pointer|
|v192_5_0_dout            |   in|   32|     ap_fifo|      v192_5_0|       pointer|
|v192_5_0_num_data_valid  |   in|   13|     ap_fifo|      v192_5_0|       pointer|
|v192_5_0_fifo_cap        |   in|   13|     ap_fifo|      v192_5_0|       pointer|
|v192_5_0_empty_n         |   in|    1|     ap_fifo|      v192_5_0|       pointer|
|v192_5_0_read            |  out|    1|     ap_fifo|      v192_5_0|       pointer|
|v192_5_1_dout            |   in|   32|     ap_fifo|      v192_5_1|       pointer|
|v192_5_1_num_data_valid  |   in|   13|     ap_fifo|      v192_5_1|       pointer|
|v192_5_1_fifo_cap        |   in|   13|     ap_fifo|      v192_5_1|       pointer|
|v192_5_1_empty_n         |   in|    1|     ap_fifo|      v192_5_1|       pointer|
|v192_5_1_read            |  out|    1|     ap_fifo|      v192_5_1|       pointer|
|v192_5_2_dout            |   in|   32|     ap_fifo|      v192_5_2|       pointer|
|v192_5_2_num_data_valid  |   in|   13|     ap_fifo|      v192_5_2|       pointer|
|v192_5_2_fifo_cap        |   in|   13|     ap_fifo|      v192_5_2|       pointer|
|v192_5_2_empty_n         |   in|    1|     ap_fifo|      v192_5_2|       pointer|
|v192_5_2_read            |  out|    1|     ap_fifo|      v192_5_2|       pointer|
|v192_5_3_dout            |   in|   32|     ap_fifo|      v192_5_3|       pointer|
|v192_5_3_num_data_valid  |   in|   13|     ap_fifo|      v192_5_3|       pointer|
|v192_5_3_fifo_cap        |   in|   13|     ap_fifo|      v192_5_3|       pointer|
|v192_5_3_empty_n         |   in|    1|     ap_fifo|      v192_5_3|       pointer|
|v192_5_3_read            |  out|    1|     ap_fifo|      v192_5_3|       pointer|
|v192_5_4_dout            |   in|   32|     ap_fifo|      v192_5_4|       pointer|
|v192_5_4_num_data_valid  |   in|   13|     ap_fifo|      v192_5_4|       pointer|
|v192_5_4_fifo_cap        |   in|   13|     ap_fifo|      v192_5_4|       pointer|
|v192_5_4_empty_n         |   in|    1|     ap_fifo|      v192_5_4|       pointer|
|v192_5_4_read            |  out|    1|     ap_fifo|      v192_5_4|       pointer|
|v192_5_5_dout            |   in|   32|     ap_fifo|      v192_5_5|       pointer|
|v192_5_5_num_data_valid  |   in|   13|     ap_fifo|      v192_5_5|       pointer|
|v192_5_5_fifo_cap        |   in|   13|     ap_fifo|      v192_5_5|       pointer|
|v192_5_5_empty_n         |   in|    1|     ap_fifo|      v192_5_5|       pointer|
|v192_5_5_read            |  out|    1|     ap_fifo|      v192_5_5|       pointer|
|v192_5_6_dout            |   in|   32|     ap_fifo|      v192_5_6|       pointer|
|v192_5_6_num_data_valid  |   in|   13|     ap_fifo|      v192_5_6|       pointer|
|v192_5_6_fifo_cap        |   in|   13|     ap_fifo|      v192_5_6|       pointer|
|v192_5_6_empty_n         |   in|    1|     ap_fifo|      v192_5_6|       pointer|
|v192_5_6_read            |  out|    1|     ap_fifo|      v192_5_6|       pointer|
|v192_5_7_dout            |   in|   32|     ap_fifo|      v192_5_7|       pointer|
|v192_5_7_num_data_valid  |   in|   13|     ap_fifo|      v192_5_7|       pointer|
|v192_5_7_fifo_cap        |   in|   13|     ap_fifo|      v192_5_7|       pointer|
|v192_5_7_empty_n         |   in|    1|     ap_fifo|      v192_5_7|       pointer|
|v192_5_7_read            |  out|    1|     ap_fifo|      v192_5_7|       pointer|
|v192_6_0_dout            |   in|   32|     ap_fifo|      v192_6_0|       pointer|
|v192_6_0_num_data_valid  |   in|   13|     ap_fifo|      v192_6_0|       pointer|
|v192_6_0_fifo_cap        |   in|   13|     ap_fifo|      v192_6_0|       pointer|
|v192_6_0_empty_n         |   in|    1|     ap_fifo|      v192_6_0|       pointer|
|v192_6_0_read            |  out|    1|     ap_fifo|      v192_6_0|       pointer|
|v192_6_1_dout            |   in|   32|     ap_fifo|      v192_6_1|       pointer|
|v192_6_1_num_data_valid  |   in|   13|     ap_fifo|      v192_6_1|       pointer|
|v192_6_1_fifo_cap        |   in|   13|     ap_fifo|      v192_6_1|       pointer|
|v192_6_1_empty_n         |   in|    1|     ap_fifo|      v192_6_1|       pointer|
|v192_6_1_read            |  out|    1|     ap_fifo|      v192_6_1|       pointer|
|v192_6_2_dout            |   in|   32|     ap_fifo|      v192_6_2|       pointer|
|v192_6_2_num_data_valid  |   in|   13|     ap_fifo|      v192_6_2|       pointer|
|v192_6_2_fifo_cap        |   in|   13|     ap_fifo|      v192_6_2|       pointer|
|v192_6_2_empty_n         |   in|    1|     ap_fifo|      v192_6_2|       pointer|
|v192_6_2_read            |  out|    1|     ap_fifo|      v192_6_2|       pointer|
|v192_6_3_dout            |   in|   32|     ap_fifo|      v192_6_3|       pointer|
|v192_6_3_num_data_valid  |   in|   13|     ap_fifo|      v192_6_3|       pointer|
|v192_6_3_fifo_cap        |   in|   13|     ap_fifo|      v192_6_3|       pointer|
|v192_6_3_empty_n         |   in|    1|     ap_fifo|      v192_6_3|       pointer|
|v192_6_3_read            |  out|    1|     ap_fifo|      v192_6_3|       pointer|
|v192_6_4_dout            |   in|   32|     ap_fifo|      v192_6_4|       pointer|
|v192_6_4_num_data_valid  |   in|   13|     ap_fifo|      v192_6_4|       pointer|
|v192_6_4_fifo_cap        |   in|   13|     ap_fifo|      v192_6_4|       pointer|
|v192_6_4_empty_n         |   in|    1|     ap_fifo|      v192_6_4|       pointer|
|v192_6_4_read            |  out|    1|     ap_fifo|      v192_6_4|       pointer|
|v192_6_5_dout            |   in|   32|     ap_fifo|      v192_6_5|       pointer|
|v192_6_5_num_data_valid  |   in|   13|     ap_fifo|      v192_6_5|       pointer|
|v192_6_5_fifo_cap        |   in|   13|     ap_fifo|      v192_6_5|       pointer|
|v192_6_5_empty_n         |   in|    1|     ap_fifo|      v192_6_5|       pointer|
|v192_6_5_read            |  out|    1|     ap_fifo|      v192_6_5|       pointer|
|v192_6_6_dout            |   in|   32|     ap_fifo|      v192_6_6|       pointer|
|v192_6_6_num_data_valid  |   in|   13|     ap_fifo|      v192_6_6|       pointer|
|v192_6_6_fifo_cap        |   in|   13|     ap_fifo|      v192_6_6|       pointer|
|v192_6_6_empty_n         |   in|    1|     ap_fifo|      v192_6_6|       pointer|
|v192_6_6_read            |  out|    1|     ap_fifo|      v192_6_6|       pointer|
|v192_6_7_dout            |   in|   32|     ap_fifo|      v192_6_7|       pointer|
|v192_6_7_num_data_valid  |   in|   13|     ap_fifo|      v192_6_7|       pointer|
|v192_6_7_fifo_cap        |   in|   13|     ap_fifo|      v192_6_7|       pointer|
|v192_6_7_empty_n         |   in|    1|     ap_fifo|      v192_6_7|       pointer|
|v192_6_7_read            |  out|    1|     ap_fifo|      v192_6_7|       pointer|
|v192_7_0_dout            |   in|   32|     ap_fifo|      v192_7_0|       pointer|
|v192_7_0_num_data_valid  |   in|   13|     ap_fifo|      v192_7_0|       pointer|
|v192_7_0_fifo_cap        |   in|   13|     ap_fifo|      v192_7_0|       pointer|
|v192_7_0_empty_n         |   in|    1|     ap_fifo|      v192_7_0|       pointer|
|v192_7_0_read            |  out|    1|     ap_fifo|      v192_7_0|       pointer|
|v192_7_1_dout            |   in|   32|     ap_fifo|      v192_7_1|       pointer|
|v192_7_1_num_data_valid  |   in|   13|     ap_fifo|      v192_7_1|       pointer|
|v192_7_1_fifo_cap        |   in|   13|     ap_fifo|      v192_7_1|       pointer|
|v192_7_1_empty_n         |   in|    1|     ap_fifo|      v192_7_1|       pointer|
|v192_7_1_read            |  out|    1|     ap_fifo|      v192_7_1|       pointer|
|v192_7_2_dout            |   in|   32|     ap_fifo|      v192_7_2|       pointer|
|v192_7_2_num_data_valid  |   in|   13|     ap_fifo|      v192_7_2|       pointer|
|v192_7_2_fifo_cap        |   in|   13|     ap_fifo|      v192_7_2|       pointer|
|v192_7_2_empty_n         |   in|    1|     ap_fifo|      v192_7_2|       pointer|
|v192_7_2_read            |  out|    1|     ap_fifo|      v192_7_2|       pointer|
|v192_7_3_dout            |   in|   32|     ap_fifo|      v192_7_3|       pointer|
|v192_7_3_num_data_valid  |   in|   13|     ap_fifo|      v192_7_3|       pointer|
|v192_7_3_fifo_cap        |   in|   13|     ap_fifo|      v192_7_3|       pointer|
|v192_7_3_empty_n         |   in|    1|     ap_fifo|      v192_7_3|       pointer|
|v192_7_3_read            |  out|    1|     ap_fifo|      v192_7_3|       pointer|
|v192_7_4_dout            |   in|   32|     ap_fifo|      v192_7_4|       pointer|
|v192_7_4_num_data_valid  |   in|   13|     ap_fifo|      v192_7_4|       pointer|
|v192_7_4_fifo_cap        |   in|   13|     ap_fifo|      v192_7_4|       pointer|
|v192_7_4_empty_n         |   in|    1|     ap_fifo|      v192_7_4|       pointer|
|v192_7_4_read            |  out|    1|     ap_fifo|      v192_7_4|       pointer|
|v192_7_5_dout            |   in|   32|     ap_fifo|      v192_7_5|       pointer|
|v192_7_5_num_data_valid  |   in|   13|     ap_fifo|      v192_7_5|       pointer|
|v192_7_5_fifo_cap        |   in|   13|     ap_fifo|      v192_7_5|       pointer|
|v192_7_5_empty_n         |   in|    1|     ap_fifo|      v192_7_5|       pointer|
|v192_7_5_read            |  out|    1|     ap_fifo|      v192_7_5|       pointer|
|v192_7_6_dout            |   in|   32|     ap_fifo|      v192_7_6|       pointer|
|v192_7_6_num_data_valid  |   in|   13|     ap_fifo|      v192_7_6|       pointer|
|v192_7_6_fifo_cap        |   in|   13|     ap_fifo|      v192_7_6|       pointer|
|v192_7_6_empty_n         |   in|    1|     ap_fifo|      v192_7_6|       pointer|
|v192_7_6_read            |  out|    1|     ap_fifo|      v192_7_6|       pointer|
|v192_7_7_dout            |   in|   32|     ap_fifo|      v192_7_7|       pointer|
|v192_7_7_num_data_valid  |   in|   13|     ap_fifo|      v192_7_7|       pointer|
|v192_7_7_fifo_cap        |   in|   13|     ap_fifo|      v192_7_7|       pointer|
|v192_7_7_empty_n         |   in|    1|     ap_fifo|      v192_7_7|       pointer|
|v192_7_7_read            |  out|    1|     ap_fifo|      v192_7_7|       pointer|
|v193_0_dout              |   in|   32|     ap_fifo|        v193_0|       pointer|
|v193_0_num_data_valid    |   in|   10|     ap_fifo|        v193_0|       pointer|
|v193_0_fifo_cap          |   in|   10|     ap_fifo|        v193_0|       pointer|
|v193_0_empty_n           |   in|    1|     ap_fifo|        v193_0|       pointer|
|v193_0_read              |  out|    1|     ap_fifo|        v193_0|       pointer|
|v193_1_dout              |   in|   32|     ap_fifo|        v193_1|       pointer|
|v193_1_num_data_valid    |   in|   10|     ap_fifo|        v193_1|       pointer|
|v193_1_fifo_cap          |   in|   10|     ap_fifo|        v193_1|       pointer|
|v193_1_empty_n           |   in|    1|     ap_fifo|        v193_1|       pointer|
|v193_1_read              |  out|    1|     ap_fifo|        v193_1|       pointer|
|v193_2_dout              |   in|   32|     ap_fifo|        v193_2|       pointer|
|v193_2_num_data_valid    |   in|   10|     ap_fifo|        v193_2|       pointer|
|v193_2_fifo_cap          |   in|   10|     ap_fifo|        v193_2|       pointer|
|v193_2_empty_n           |   in|    1|     ap_fifo|        v193_2|       pointer|
|v193_2_read              |  out|    1|     ap_fifo|        v193_2|       pointer|
|v193_3_dout              |   in|   32|     ap_fifo|        v193_3|       pointer|
|v193_3_num_data_valid    |   in|   10|     ap_fifo|        v193_3|       pointer|
|v193_3_fifo_cap          |   in|   10|     ap_fifo|        v193_3|       pointer|
|v193_3_empty_n           |   in|    1|     ap_fifo|        v193_3|       pointer|
|v193_3_read              |  out|    1|     ap_fifo|        v193_3|       pointer|
|v193_4_dout              |   in|   32|     ap_fifo|        v193_4|       pointer|
|v193_4_num_data_valid    |   in|   10|     ap_fifo|        v193_4|       pointer|
|v193_4_fifo_cap          |   in|   10|     ap_fifo|        v193_4|       pointer|
|v193_4_empty_n           |   in|    1|     ap_fifo|        v193_4|       pointer|
|v193_4_read              |  out|    1|     ap_fifo|        v193_4|       pointer|
|v193_5_dout              |   in|   32|     ap_fifo|        v193_5|       pointer|
|v193_5_num_data_valid    |   in|   10|     ap_fifo|        v193_5|       pointer|
|v193_5_fifo_cap          |   in|   10|     ap_fifo|        v193_5|       pointer|
|v193_5_empty_n           |   in|    1|     ap_fifo|        v193_5|       pointer|
|v193_5_read              |  out|    1|     ap_fifo|        v193_5|       pointer|
|v193_6_dout              |   in|   32|     ap_fifo|        v193_6|       pointer|
|v193_6_num_data_valid    |   in|   10|     ap_fifo|        v193_6|       pointer|
|v193_6_fifo_cap          |   in|   10|     ap_fifo|        v193_6|       pointer|
|v193_6_empty_n           |   in|    1|     ap_fifo|        v193_6|       pointer|
|v193_6_read              |  out|    1|     ap_fifo|        v193_6|       pointer|
|v193_7_dout              |   in|   32|     ap_fifo|        v193_7|       pointer|
|v193_7_num_data_valid    |   in|   10|     ap_fifo|        v193_7|       pointer|
|v193_7_fifo_cap          |   in|   10|     ap_fifo|        v193_7|       pointer|
|v193_7_empty_n           |   in|    1|     ap_fifo|        v193_7|       pointer|
|v193_7_read              |  out|    1|     ap_fifo|        v193_7|       pointer|
|v191_0_din               |  out|   32|     ap_fifo|        v191_0|       pointer|
|v191_0_num_data_valid    |   in|   10|     ap_fifo|        v191_0|       pointer|
|v191_0_fifo_cap          |   in|   10|     ap_fifo|        v191_0|       pointer|
|v191_0_full_n            |   in|    1|     ap_fifo|        v191_0|       pointer|
|v191_0_write             |  out|    1|     ap_fifo|        v191_0|       pointer|
|v191_1_din               |  out|   32|     ap_fifo|        v191_1|       pointer|
|v191_1_num_data_valid    |   in|   10|     ap_fifo|        v191_1|       pointer|
|v191_1_fifo_cap          |   in|   10|     ap_fifo|        v191_1|       pointer|
|v191_1_full_n            |   in|    1|     ap_fifo|        v191_1|       pointer|
|v191_1_write             |  out|    1|     ap_fifo|        v191_1|       pointer|
|v191_2_din               |  out|   32|     ap_fifo|        v191_2|       pointer|
|v191_2_num_data_valid    |   in|   10|     ap_fifo|        v191_2|       pointer|
|v191_2_fifo_cap          |   in|   10|     ap_fifo|        v191_2|       pointer|
|v191_2_full_n            |   in|    1|     ap_fifo|        v191_2|       pointer|
|v191_2_write             |  out|    1|     ap_fifo|        v191_2|       pointer|
|v191_3_din               |  out|   32|     ap_fifo|        v191_3|       pointer|
|v191_3_num_data_valid    |   in|   10|     ap_fifo|        v191_3|       pointer|
|v191_3_fifo_cap          |   in|   10|     ap_fifo|        v191_3|       pointer|
|v191_3_full_n            |   in|    1|     ap_fifo|        v191_3|       pointer|
|v191_3_write             |  out|    1|     ap_fifo|        v191_3|       pointer|
|v191_4_din               |  out|   32|     ap_fifo|        v191_4|       pointer|
|v191_4_num_data_valid    |   in|   10|     ap_fifo|        v191_4|       pointer|
|v191_4_fifo_cap          |   in|   10|     ap_fifo|        v191_4|       pointer|
|v191_4_full_n            |   in|    1|     ap_fifo|        v191_4|       pointer|
|v191_4_write             |  out|    1|     ap_fifo|        v191_4|       pointer|
|v191_5_din               |  out|   32|     ap_fifo|        v191_5|       pointer|
|v191_5_num_data_valid    |   in|   10|     ap_fifo|        v191_5|       pointer|
|v191_5_fifo_cap          |   in|   10|     ap_fifo|        v191_5|       pointer|
|v191_5_full_n            |   in|    1|     ap_fifo|        v191_5|       pointer|
|v191_5_write             |  out|    1|     ap_fifo|        v191_5|       pointer|
|v191_6_din               |  out|   32|     ap_fifo|        v191_6|       pointer|
|v191_6_num_data_valid    |   in|   10|     ap_fifo|        v191_6|       pointer|
|v191_6_fifo_cap          |   in|   10|     ap_fifo|        v191_6|       pointer|
|v191_6_full_n            |   in|    1|     ap_fifo|        v191_6|       pointer|
|v191_6_write             |  out|    1|     ap_fifo|        v191_6|       pointer|
|v191_7_din               |  out|   32|     ap_fifo|        v191_7|       pointer|
|v191_7_num_data_valid    |   in|   10|     ap_fifo|        v191_7|       pointer|
|v191_7_fifo_cap          |   in|   10|     ap_fifo|        v191_7|       pointer|
|v191_7_full_n            |   in|    1|     ap_fifo|        v191_7|       pointer|
|v191_7_write             |  out|    1|     ap_fifo|        v191_7|       pointer|
+-------------------------+-----+-----+------------+--------------+--------------+

