

================================================================
== Vitis HLS Report for 'node7'
================================================================
* Date:           Wed Sep 25 12:58:35 2024

* Version:        2023.2 (Build 4023990 on Oct 11 2023)
* Project:        hls_ResMLP
* Solution:       solution1 (Vivado IP Flow Target)
* Product family: virtexuplusHBM
* Target device:  xcu280-fsvh2892-2L-e


================================================================
== Performance Estimates
================================================================
+ Timing: 
    * Summary: 
    +--------+---------+----------+------------+
    |  Clock |  Target | Estimated| Uncertainty|
    +--------+---------+----------+------------+
    |ap_clk  |  3.33 ns|  2.597 ns|     0.90 ns|
    +--------+---------+----------+------------+

+ Latency: 
    * Summary: 
    +---------+---------+----------+----------+------+------+---------+
    |  Latency (cycles) |  Latency (absolute) |   Interval  | Pipeline|
    |   min   |   max   |    min   |    max   |  min |  max |   Type  |
    +---------+---------+----------+----------+------+------+---------+
    |     2067|     2067|  6.883 us|  6.883 us|  2067|  2067|       no|
    +---------+---------+----------+----------+------+------+---------+

    + Detail: 
        * Instance: 
        N/A

        * Loop: 
        +-----------------+---------+---------+----------+-----------+-----------+------+----------+
        |                 |  Latency (cycles) | Iteration|  Initiation Interval  | Trip |          |
        |    Loop Name    |   min   |   max   |  Latency |  achieved |   target  | Count| Pipelined|
        +-----------------+---------+---------+----------+-----------+-----------+------+----------+
        |- loop32_loop33  |     2065|     2065|        22|          4|          1|   512|       yes|
        +-----------------+---------+---------+----------+-----------+-----------+------+----------+



================================================================
== Utilization Estimates
================================================================
* Summary: 
+---------------------+---------+------+---------+---------+-----+
|         Name        | BRAM_18K|  DSP |    FF   |   LUT   | URAM|
+---------------------+---------+------+---------+---------+-----+
|DSP                  |        -|     -|        -|        -|    -|
|Expression           |        -|     -|        0|      402|    -|
|FIFO                 |        -|     -|        -|        -|    -|
|Instance             |        -|     8|     1272|      792|    -|
|Memory               |        -|     -|        -|        -|    -|
|Multiplexer          |        -|     -|        -|      647|    -|
|Register             |        -|     -|     1768|      224|    -|
+---------------------+---------+------+---------+---------+-----+
|Total                |        0|     8|     3040|     2065|    0|
+---------------------+---------+------+---------+---------+-----+
|Available SLR        |     1344|  3008|   869120|   434560|  320|
+---------------------+---------+------+---------+---------+-----+
|Utilization SLR (%)  |        0|    ~0|       ~0|       ~0|    0|
+---------------------+---------+------+---------+---------+-----+
|Available            |     4032|  9024|  2607360|  1303680|  960|
+---------------------+---------+------+---------+---------+-----+
|Utilization (%)      |        0|    ~0|       ~0|       ~0|    0|
+---------------------+---------+------+---------+---------+-----+

+ Detail: 
    * Instance: 
    +-------------------------------------+--------------------------------+---------+----+-----+-----+-----+
    |               Instance              |             Module             | BRAM_18K| DSP|  FF | LUT | URAM|
    +-------------------------------------+--------------------------------+---------+----+-----+-----+-----+
    |fadd_32ns_32ns_32_7_full_dsp_1_U815  |fadd_32ns_32ns_32_7_full_dsp_1  |        0|   2|  318|  198|    0|
    |fadd_32ns_32ns_32_7_full_dsp_1_U816  |fadd_32ns_32ns_32_7_full_dsp_1  |        0|   2|  318|  198|    0|
    |fadd_32ns_32ns_32_7_full_dsp_1_U817  |fadd_32ns_32ns_32_7_full_dsp_1  |        0|   2|  318|  198|    0|
    |fadd_32ns_32ns_32_7_full_dsp_1_U818  |fadd_32ns_32ns_32_7_full_dsp_1  |        0|   2|  318|  198|    0|
    |fcmp_32ns_32ns_1_2_no_dsp_1_U819     |fcmp_32ns_32ns_1_2_no_dsp_1     |        0|   0|    0|    0|    0|
    |fcmp_32ns_32ns_1_2_no_dsp_1_U820     |fcmp_32ns_32ns_1_2_no_dsp_1     |        0|   0|    0|    0|    0|
    +-------------------------------------+--------------------------------+---------+----+-----+-----+-----+
    |Total                                |                                |        0|   8| 1272|  792|    0|
    +-------------------------------------+--------------------------------+---------+----+-----+-----+-----+

    * DSP: 
    N/A

    * Memory: 
    N/A

    * FIFO: 
    N/A

    * Expression: 
    +-----------------------------------+----------+----+---+----+------------+------------+
    |           Variable Name           | Operation| DSP| FF| LUT| Bitwidth P0| Bitwidth P1|
    +-----------------------------------+----------+----+---+----+------------+------------+
    |add_ln219_fu_418_p2                |         +|   0|  0|  17|          10|           1|
    |add_ln220_fu_469_p2                |         +|   0|  0|  14|           7|           1|
    |ap_block_pp0_stage0_00001          |       and|   0|  0|   2|           1|           1|
    |ap_condition_661                   |       and|   0|  0|   2|           1|           1|
    |icmp_ln219_fu_412_p2               |      icmp|   0|  0|  18|          10|          11|
    |icmp_ln220_fu_427_p2               |      icmp|   0|  0|  15|           7|           8|
    |ap_block_pp0_stage1_00001          |        or|   0|  0|   2|           1|           1|
    |ap_block_state22_pp0_stage1_iter5  |        or|   0|  0|   2|           1|           1|
    |ap_block_state2_pp0_stage1_iter0   |        or|   0|  0|   2|           1|           1|
    |or_ln226_1_fu_485_p2               |        or|   0|  0|   9|           9|           2|
    |or_ln226_2_fu_495_p2               |        or|   0|  0|   9|           9|           2|
    |or_ln226_3_fu_523_p2               |        or|   0|  0|   9|           9|           3|
    |or_ln226_4_fu_533_p2               |        or|   0|  0|   9|           9|           3|
    |or_ln226_5_fu_561_p2               |        or|   0|  0|   9|           9|           3|
    |or_ln226_6_fu_571_p2               |        or|   0|  0|   9|           9|           3|
    |or_ln226_fu_458_p2                 |        or|   0|  0|   9|           9|           1|
    |select_ln219_fu_433_p3             |    select|   0|  0|   7|           1|           1|
    |select_ln232_1_fu_665_p3           |    select|   0|  0|  32|           1|          32|
    |select_ln232_2_fu_677_p3           |    select|   0|  0|  32|           1|          32|
    |select_ln232_3_fu_689_p3           |    select|   0|  0|  32|           1|          32|
    |select_ln232_4_fu_701_p3           |    select|   0|  0|  32|           1|          32|
    |select_ln232_5_fu_713_p3           |    select|   0|  0|  32|           1|          32|
    |select_ln232_6_fu_725_p3           |    select|   0|  0|  32|           1|          32|
    |select_ln232_7_fu_737_p3           |    select|   0|  0|  32|           1|          32|
    |select_ln232_fu_653_p3             |    select|   0|  0|  32|           1|          32|
    |ap_enable_pp0                      |       xor|   0|  0|   2|           1|           2|
    +-----------------------------------+----------+----+---+----+------------+------------+
    |Total                              |          |   0|  0| 402|         112|         302|
    +-----------------------------------+----------+----+---+----+------------+------------+

    * Multiplexer: 
    +--------------------------------------+----+-----------+-----+-----------+
    |                 Name                 | LUT| Input Size| Bits| Total Bits|
    +--------------------------------------+----+-----------+-----+-----------+
    |ap_NS_fsm                             |  26|          5|    1|          5|
    |ap_done_int                           |   9|          2|    1|          2|
    |ap_enable_reg_pp0_iter0               |   9|          2|    1|          2|
    |ap_enable_reg_pp0_iter1               |   9|          2|    1|          2|
    |ap_enable_reg_pp0_iter5               |   9|          2|    1|          2|
    |ap_loop_exit_ready_pp0_iter1_reg      |   9|          2|    1|          2|
    |ap_loop_exit_ready_pp0_iter2_reg      |   9|          2|    1|          2|
    |ap_loop_exit_ready_pp0_iter3_reg      |   9|          2|    1|          2|
    |ap_loop_exit_ready_pp0_iter4_reg      |   9|          2|    1|          2|
    |ap_sig_allocacmp_indvar_flatten_load  |   9|          2|   10|         20|
    |ap_sig_allocacmp_v89_load             |   9|          2|    7|         14|
    |grp_fu_345_p0                         |  26|          5|   32|        160|
    |grp_fu_345_p1                         |  26|          5|   32|        160|
    |grp_fu_349_p0                         |  26|          5|   32|        160|
    |grp_fu_349_p1                         |  26|          5|   32|        160|
    |grp_fu_353_p0                         |  26|          5|   32|        160|
    |grp_fu_353_p1                         |  26|          5|   32|        160|
    |grp_fu_357_p0                         |  26|          5|   32|        160|
    |grp_fu_357_p1                         |  26|          5|   32|        160|
    |grp_fu_361_p0                         |  14|          3|   32|         96|
    |grp_fu_366_p0                         |  14|          3|   32|         96|
    |indvar_flatten_fu_116                 |   9|          2|   10|         20|
    |real_start                            |   9|          2|    1|          2|
    |v177_address0                         |  26|          5|    9|         45|
    |v177_address1                         |  26|          5|    9|         45|
    |v190_0_blk_n                          |   9|          2|    1|          2|
    |v190_1_blk_n                          |   9|          2|    1|          2|
    |v190_2_blk_n                          |   9|          2|    1|          2|
    |v190_3_blk_n                          |   9|          2|    1|          2|
    |v190_4_blk_n                          |   9|          2|    1|          2|
    |v190_5_blk_n                          |   9|          2|    1|          2|
    |v190_6_blk_n                          |   9|          2|    1|          2|
    |v190_7_blk_n                          |   9|          2|    1|          2|
    |v191_0_blk_n                          |   9|          2|    1|          2|
    |v191_1_blk_n                          |   9|          2|    1|          2|
    |v191_2_blk_n                          |   9|          2|    1|          2|
    |v191_3_blk_n                          |   9|          2|    1|          2|
    |v191_4_blk_n                          |   9|          2|    1|          2|
    |v191_5_blk_n                          |   9|          2|    1|          2|
    |v191_6_blk_n                          |   9|          2|    1|          2|
    |v191_7_blk_n                          |   9|          2|    1|          2|
    |v194_0_blk_n                          |   9|          2|    1|          2|
    |v194_1_blk_n                          |   9|          2|    1|          2|
    |v194_2_blk_n                          |   9|          2|    1|          2|
    |v194_3_blk_n                          |   9|          2|    1|          2|
    |v194_4_blk_n                          |   9|          2|    1|          2|
    |v194_5_blk_n                          |   9|          2|    1|          2|
    |v194_6_blk_n                          |   9|          2|    1|          2|
    |v194_7_blk_n                          |   9|          2|    1|          2|
    |v89_fu_112                            |   9|          2|    7|         14|
    +--------------------------------------+----+-----------+-----+-----------+
    |Total                                 | 647|        135|  406|       1701|
    +--------------------------------------+----+-----------+-----+-----------+

    * Register: 
    +-----------------------------------+----+----+-----+-----------+
    |                Name               | FF | LUT| Bits| Const Bits|
    +-----------------------------------+----+----+-----+-----------+
    |ap_CS_fsm                          |   4|   0|    4|          0|
    |ap_done_reg                        |   1|   0|    1|          0|
    |ap_enable_reg_pp0_iter0_reg        |   1|   0|    1|          0|
    |ap_enable_reg_pp0_iter1            |   1|   0|    1|          0|
    |ap_enable_reg_pp0_iter2            |   1|   0|    1|          0|
    |ap_enable_reg_pp0_iter3            |   1|   0|    1|          0|
    |ap_enable_reg_pp0_iter4            |   1|   0|    1|          0|
    |ap_enable_reg_pp0_iter5            |   1|   0|    1|          0|
    |ap_loop_exit_ready_pp0_iter1_reg   |   1|   0|    1|          0|
    |ap_loop_exit_ready_pp0_iter2_reg   |   1|   0|    1|          0|
    |ap_loop_exit_ready_pp0_iter3_reg   |   1|   0|    1|          0|
    |ap_loop_exit_ready_pp0_iter4_reg   |   1|   0|    1|          0|
    |icmp_ln219_reg_759                 |   1|   0|    1|          0|
    |indvar_flatten_fu_116              |  10|   0|   10|          0|
    |reg_371                            |  32|   0|   32|          0|
    |reg_375                            |  32|   0|   32|          0|
    |reg_379                            |  32|   0|   32|          0|
    |reg_384                            |  32|   0|   32|          0|
    |reg_389                            |  32|   0|   32|          0|
    |reg_394                            |  32|   0|   32|          0|
    |select_ln232_1_reg_1058            |  32|   0|   32|          0|
    |select_ln232_2_reg_1063            |  32|   0|   32|          0|
    |select_ln232_3_reg_1068            |  32|   0|   32|          0|
    |select_ln232_4_reg_1073            |  32|   0|   32|          0|
    |select_ln232_5_reg_1078            |  32|   0|   32|          0|
    |select_ln232_6_reg_1083            |  32|   0|   32|          0|
    |select_ln232_7_reg_1088            |  32|   0|   32|          0|
    |select_ln232_reg_1053              |  32|   0|   32|          0|
    |start_once_reg                     |   1|   0|    1|          0|
    |tmp1_reg_978                       |  32|   0|   32|          0|
    |tmp2_reg_993                       |  32|   0|   32|          0|
    |tmp3_reg_998                       |  32|   0|   32|          0|
    |tmp4_reg_1013                      |  32|   0|   32|          0|
    |tmp5_reg_1018                      |  32|   0|   32|          0|
    |tmp6_reg_1033                      |  32|   0|   32|          0|
    |tmp7_reg_1038                      |  32|   0|   32|          0|
    |tmp_reg_973                        |  32|   0|   32|          0|
    |tmp_s_reg_763                      |   6|   0|    9|          3|
    |v191_0_read_reg_783                |  32|   0|   32|          0|
    |v191_0_read_reg_783_pp0_iter1_reg  |  32|   0|   32|          0|
    |v191_1_read_reg_793                |  32|   0|   32|          0|
    |v191_1_read_reg_793_pp0_iter1_reg  |  32|   0|   32|          0|
    |v191_2_read_reg_803                |  32|   0|   32|          0|
    |v191_3_read_reg_818                |  32|   0|   32|          0|
    |v191_4_read_reg_833                |  32|   0|   32|          0|
    |v191_5_read_reg_843                |  32|   0|   32|          0|
    |v191_6_read_reg_853                |  32|   0|   32|          0|
    |v191_7_read_reg_863                |  32|   0|   32|          0|
    |v194_0_read_reg_788                |  32|   0|   32|          0|
    |v194_1_read_reg_798                |  32|   0|   32|          0|
    |v194_2_read_reg_813                |  32|   0|   32|          0|
    |v194_3_read_reg_828                |  32|   0|   32|          0|
    |v194_4_read_reg_838                |  32|   0|   32|          0|
    |v194_5_read_reg_848                |  32|   0|   32|          0|
    |v194_6_read_reg_858                |  32|   0|   32|          0|
    |v194_7_read_reg_868                |  32|   0|   32|          0|
    |v89_fu_112                         |   7|   0|    7|          0|
    |icmp_ln219_reg_759                 |  64|  32|    1|          0|
    |v191_2_read_reg_803                |  64|  32|   32|          0|
    |v191_3_read_reg_818                |  64|  32|   32|          0|
    |v191_4_read_reg_833                |  64|  32|   32|          0|
    |v191_5_read_reg_843                |  64|  32|   32|          0|
    |v191_6_read_reg_853                |  64|  32|   32|          0|
    |v191_7_read_reg_863                |  64|  32|   32|          0|
    +-----------------------------------+----+----+-----+-----------+
    |Total                              |1768| 224| 1516|          3|
    +-----------------------------------+----+----+-----+-----------+



================================================================
== Interface
================================================================
* Summary: 
+-----------------------+-----+-----+------------+--------------+--------------+
|       RTL Ports       | Dir | Bits|  Protocol  | Source Object|    C Type    |
+-----------------------+-----+-----+------------+--------------+--------------+
|ap_clk                 |   in|    1|  ap_ctrl_hs|         node7|  return value|
|ap_rst                 |   in|    1|  ap_ctrl_hs|         node7|  return value|
|ap_start               |   in|    1|  ap_ctrl_hs|         node7|  return value|
|start_full_n           |   in|    1|  ap_ctrl_hs|         node7|  return value|
|ap_done                |  out|    1|  ap_ctrl_hs|         node7|  return value|
|ap_continue            |   in|    1|  ap_ctrl_hs|         node7|  return value|
|ap_idle                |  out|    1|  ap_ctrl_hs|         node7|  return value|
|ap_ready               |  out|    1|  ap_ctrl_hs|         node7|  return value|
|start_out              |  out|    1|  ap_ctrl_hs|         node7|  return value|
|start_write            |  out|    1|  ap_ctrl_hs|         node7|  return value|
|v191_0_dout            |   in|   32|     ap_fifo|        v191_0|       pointer|
|v191_0_num_data_valid  |   in|   10|     ap_fifo|        v191_0|       pointer|
|v191_0_fifo_cap        |   in|   10|     ap_fifo|        v191_0|       pointer|
|v191_0_empty_n         |   in|    1|     ap_fifo|        v191_0|       pointer|
|v191_0_read            |  out|    1|     ap_fifo|        v191_0|       pointer|
|v191_1_dout            |   in|   32|     ap_fifo|        v191_1|       pointer|
|v191_1_num_data_valid  |   in|   10|     ap_fifo|        v191_1|       pointer|
|v191_1_fifo_cap        |   in|   10|     ap_fifo|        v191_1|       pointer|
|v191_1_empty_n         |   in|    1|     ap_fifo|        v191_1|       pointer|
|v191_1_read            |  out|    1|     ap_fifo|        v191_1|       pointer|
|v191_2_dout            |   in|   32|     ap_fifo|        v191_2|       pointer|
|v191_2_num_data_valid  |   in|   10|     ap_fifo|        v191_2|       pointer|
|v191_2_fifo_cap        |   in|   10|     ap_fifo|        v191_2|       pointer|
|v191_2_empty_n         |   in|    1|     ap_fifo|        v191_2|       pointer|
|v191_2_read            |  out|    1|     ap_fifo|        v191_2|       pointer|
|v191_3_dout            |   in|   32|     ap_fifo|        v191_3|       pointer|
|v191_3_num_data_valid  |   in|   10|     ap_fifo|        v191_3|       pointer|
|v191_3_fifo_cap        |   in|   10|     ap_fifo|        v191_3|       pointer|
|v191_3_empty_n         |   in|    1|     ap_fifo|        v191_3|       pointer|
|v191_3_read            |  out|    1|     ap_fifo|        v191_3|       pointer|
|v191_4_dout            |   in|   32|     ap_fifo|        v191_4|       pointer|
|v191_4_num_data_valid  |   in|   10|     ap_fifo|        v191_4|       pointer|
|v191_4_fifo_cap        |   in|   10|     ap_fifo|        v191_4|       pointer|
|v191_4_empty_n         |   in|    1|     ap_fifo|        v191_4|       pointer|
|v191_4_read            |  out|    1|     ap_fifo|        v191_4|       pointer|
|v191_5_dout            |   in|   32|     ap_fifo|        v191_5|       pointer|
|v191_5_num_data_valid  |   in|   10|     ap_fifo|        v191_5|       pointer|
|v191_5_fifo_cap        |   in|   10|     ap_fifo|        v191_5|       pointer|
|v191_5_empty_n         |   in|    1|     ap_fifo|        v191_5|       pointer|
|v191_5_read            |  out|    1|     ap_fifo|        v191_5|       pointer|
|v191_6_dout            |   in|   32|     ap_fifo|        v191_6|       pointer|
|v191_6_num_data_valid  |   in|   10|     ap_fifo|        v191_6|       pointer|
|v191_6_fifo_cap        |   in|   10|     ap_fifo|        v191_6|       pointer|
|v191_6_empty_n         |   in|    1|     ap_fifo|        v191_6|       pointer|
|v191_6_read            |  out|    1|     ap_fifo|        v191_6|       pointer|
|v191_7_dout            |   in|   32|     ap_fifo|        v191_7|       pointer|
|v191_7_num_data_valid  |   in|   10|     ap_fifo|        v191_7|       pointer|
|v191_7_fifo_cap        |   in|   10|     ap_fifo|        v191_7|       pointer|
|v191_7_empty_n         |   in|    1|     ap_fifo|        v191_7|       pointer|
|v191_7_read            |  out|    1|     ap_fifo|        v191_7|       pointer|
|v177_address0          |  out|    9|   ap_memory|          v177|         array|
|v177_ce0               |  out|    1|   ap_memory|          v177|         array|
|v177_q0                |   in|   32|   ap_memory|          v177|         array|
|v177_address1          |  out|    9|   ap_memory|          v177|         array|
|v177_ce1               |  out|    1|   ap_memory|          v177|         array|
|v177_q1                |   in|   32|   ap_memory|          v177|         array|
|v194_0_dout            |   in|   32|     ap_fifo|        v194_0|       pointer|
|v194_0_num_data_valid  |   in|   10|     ap_fifo|        v194_0|       pointer|
|v194_0_fifo_cap        |   in|   10|     ap_fifo|        v194_0|       pointer|
|v194_0_empty_n         |   in|    1|     ap_fifo|        v194_0|       pointer|
|v194_0_read            |  out|    1|     ap_fifo|        v194_0|       pointer|
|v194_1_dout            |   in|   32|     ap_fifo|        v194_1|       pointer|
|v194_1_num_data_valid  |   in|   10|     ap_fifo|        v194_1|       pointer|
|v194_1_fifo_cap        |   in|   10|     ap_fifo|        v194_1|       pointer|
|v194_1_empty_n         |   in|    1|     ap_fifo|        v194_1|       pointer|
|v194_1_read            |  out|    1|     ap_fifo|        v194_1|       pointer|
|v194_2_dout            |   in|   32|     ap_fifo|        v194_2|       pointer|
|v194_2_num_data_valid  |   in|   10|     ap_fifo|        v194_2|       pointer|
|v194_2_fifo_cap        |   in|   10|     ap_fifo|        v194_2|       pointer|
|v194_2_empty_n         |   in|    1|     ap_fifo|        v194_2|       pointer|
|v194_2_read            |  out|    1|     ap_fifo|        v194_2|       pointer|
|v194_3_dout            |   in|   32|     ap_fifo|        v194_3|       pointer|
|v194_3_num_data_valid  |   in|   10|     ap_fifo|        v194_3|       pointer|
|v194_3_fifo_cap        |   in|   10|     ap_fifo|        v194_3|       pointer|
|v194_3_empty_n         |   in|    1|     ap_fifo|        v194_3|       pointer|
|v194_3_read            |  out|    1|     ap_fifo|        v194_3|       pointer|
|v194_4_dout            |   in|   32|     ap_fifo|        v194_4|       pointer|
|v194_4_num_data_valid  |   in|   10|     ap_fifo|        v194_4|       pointer|
|v194_4_fifo_cap        |   in|   10|     ap_fifo|        v194_4|       pointer|
|v194_4_empty_n         |   in|    1|     ap_fifo|        v194_4|       pointer|
|v194_4_read            |  out|    1|     ap_fifo|        v194_4|       pointer|
|v194_5_dout            |   in|   32|     ap_fifo|        v194_5|       pointer|
|v194_5_num_data_valid  |   in|   10|     ap_fifo|        v194_5|       pointer|
|v194_5_fifo_cap        |   in|   10|     ap_fifo|        v194_5|       pointer|
|v194_5_empty_n         |   in|    1|     ap_fifo|        v194_5|       pointer|
|v194_5_read            |  out|    1|     ap_fifo|        v194_5|       pointer|
|v194_6_dout            |   in|   32|     ap_fifo|        v194_6|       pointer|
|v194_6_num_data_valid  |   in|   10|     ap_fifo|        v194_6|       pointer|
|v194_6_fifo_cap        |   in|   10|     ap_fifo|        v194_6|       pointer|
|v194_6_empty_n         |   in|    1|     ap_fifo|        v194_6|       pointer|
|v194_6_read            |  out|    1|     ap_fifo|        v194_6|       pointer|
|v194_7_dout            |   in|   32|     ap_fifo|        v194_7|       pointer|
|v194_7_num_data_valid  |   in|   10|     ap_fifo|        v194_7|       pointer|
|v194_7_fifo_cap        |   in|   10|     ap_fifo|        v194_7|       pointer|
|v194_7_empty_n         |   in|    1|     ap_fifo|        v194_7|       pointer|
|v194_7_read            |  out|    1|     ap_fifo|        v194_7|       pointer|
|v190_0_din             |  out|   32|     ap_fifo|        v190_0|       pointer|
|v190_0_num_data_valid  |   in|   10|     ap_fifo|        v190_0|       pointer|
|v190_0_fifo_cap        |   in|   10|     ap_fifo|        v190_0|       pointer|
|v190_0_full_n          |   in|    1|     ap_fifo|        v190_0|       pointer|
|v190_0_write           |  out|    1|     ap_fifo|        v190_0|       pointer|
|v190_1_din             |  out|   32|     ap_fifo|        v190_1|       pointer|
|v190_1_num_data_valid  |   in|   10|     ap_fifo|        v190_1|       pointer|
|v190_1_fifo_cap        |   in|   10|     ap_fifo|        v190_1|       pointer|
|v190_1_full_n          |   in|    1|     ap_fifo|        v190_1|       pointer|
|v190_1_write           |  out|    1|     ap_fifo|        v190_1|       pointer|
|v190_2_din             |  out|   32|     ap_fifo|        v190_2|       pointer|
|v190_2_num_data_valid  |   in|   10|     ap_fifo|        v190_2|       pointer|
|v190_2_fifo_cap        |   in|   10|     ap_fifo|        v190_2|       pointer|
|v190_2_full_n          |   in|    1|     ap_fifo|        v190_2|       pointer|
|v190_2_write           |  out|    1|     ap_fifo|        v190_2|       pointer|
|v190_3_din             |  out|   32|     ap_fifo|        v190_3|       pointer|
|v190_3_num_data_valid  |   in|   10|     ap_fifo|        v190_3|       pointer|
|v190_3_fifo_cap        |   in|   10|     ap_fifo|        v190_3|       pointer|
|v190_3_full_n          |   in|    1|     ap_fifo|        v190_3|       pointer|
|v190_3_write           |  out|    1|     ap_fifo|        v190_3|       pointer|
|v190_4_din             |  out|   32|     ap_fifo|        v190_4|       pointer|
|v190_4_num_data_valid  |   in|   10|     ap_fifo|        v190_4|       pointer|
|v190_4_fifo_cap        |   in|   10|     ap_fifo|        v190_4|       pointer|
|v190_4_full_n          |   in|    1|     ap_fifo|        v190_4|       pointer|
|v190_4_write           |  out|    1|     ap_fifo|        v190_4|       pointer|
|v190_5_din             |  out|   32|     ap_fifo|        v190_5|       pointer|
|v190_5_num_data_valid  |   in|   10|     ap_fifo|        v190_5|       pointer|
|v190_5_fifo_cap        |   in|   10|     ap_fifo|        v190_5|       pointer|
|v190_5_full_n          |   in|    1|     ap_fifo|        v190_5|       pointer|
|v190_5_write           |  out|    1|     ap_fifo|        v190_5|       pointer|
|v190_6_din             |  out|   32|     ap_fifo|        v190_6|       pointer|
|v190_6_num_data_valid  |   in|   10|     ap_fifo|        v190_6|       pointer|
|v190_6_fifo_cap        |   in|   10|     ap_fifo|        v190_6|       pointer|
|v190_6_full_n          |   in|    1|     ap_fifo|        v190_6|       pointer|
|v190_6_write           |  out|    1|     ap_fifo|        v190_6|       pointer|
|v190_7_din             |  out|   32|     ap_fifo|        v190_7|       pointer|
|v190_7_num_data_valid  |   in|   10|     ap_fifo|        v190_7|       pointer|
|v190_7_fifo_cap        |   in|   10|     ap_fifo|        v190_7|       pointer|
|v190_7_full_n          |   in|    1|     ap_fifo|        v190_7|       pointer|
|v190_7_write           |  out|    1|     ap_fifo|        v190_7|       pointer|
+-----------------------+-----+-----+------------+--------------+--------------+

