

================================================================
== Vitis HLS Report for 'Loop_loop0_proc_Pipeline_loop6_loop7_loop8'
================================================================
* Date:           Sat Sep 28 14:07:20 2024

* Version:        2023.2 (Build 4023990 on Oct 11 2023)
* Project:        hls_DepthwiseSeparableConvBlock
* Solution:       solution1 (Vivado IP Flow Target)
* Product family: virtexuplusHBM
* Target device:  xcu280-fsvh2892-2L-e


================================================================
== Performance Estimates
================================================================
+ Timing: 
    * Summary: 
    +--------+---------+----------+------------+
    |  Clock |  Target | Estimated| Uncertainty|
    +--------+---------+----------+------------+
    |ap_clk  |  3.33 ns|  2.399 ns|     0.90 ns|
    +--------+---------+----------+------------+

+ Latency: 
    * Summary: 
    +---------+---------+----------+----------+-------+-------+---------+
    |  Latency (cycles) |  Latency (absolute) |    Interval   | Pipeline|
    |   min   |   max   |    min   |    max   |  min  |  max  |   Type  |
    +---------+---------+----------+----------+-------+-------+---------+
    |    50188|    50188|  0.167 ms|  0.167 ms|  50188|  50188|       no|
    +---------+---------+----------+----------+-------+-------+---------+

    + Detail: 
        * Instance: 
        N/A

        * Loop: 
        +---------------------+---------+---------+----------+-----------+-----------+-------+----------+
        |                     |  Latency (cycles) | Iteration|  Initiation Interval  |  Trip |          |
        |      Loop Name      |   min   |   max   |  Latency |  achieved |   target  | Count | Pipelined|
        +---------------------+---------+---------+----------+-----------+-----------+-------+----------+
        |- loop6_loop7_loop8  |    50186|    50186|        12|          1|          1|  50176|       yes|
        +---------------------+---------+---------+----------+-----------+-----------+-------+----------+



================================================================
== Utilization Estimates
================================================================
* Summary: 
+---------------------+---------+------+---------+---------+-----+
|         Name        | BRAM_18K|  DSP |    FF   |   LUT   | URAM|
+---------------------+---------+------+---------+---------+-----+
|DSP                  |        -|     -|        -|        -|    -|
|Expression           |        -|     -|        0|      373|    -|
|FIFO                 |        -|     -|        -|        -|    -|
|Instance             |        -|     0|      158|      176|    -|
|Memory               |        -|     -|        -|        -|    -|
|Multiplexer          |        -|     -|        -|       72|    -|
|Register             |        -|     -|      590|      192|    -|
+---------------------+---------+------+---------+---------+-----+
|Total                |        0|     0|      748|      813|    0|
+---------------------+---------+------+---------+---------+-----+
|Available SLR        |     1344|  3008|   869120|   434560|  320|
+---------------------+---------+------+---------+---------+-----+
|Utilization SLR (%)  |        0|     0|       ~0|       ~0|    0|
+---------------------+---------+------+---------+---------+-----+
|Available            |     4032|  9024|  2607360|  1303680|  960|
+---------------------+---------+------+---------+---------+-----+
|Utilization (%)      |        0|     0|       ~0|       ~0|    0|
+---------------------+---------+------+---------+---------+-----+

+ Detail: 
    * Instance: 
    +-------------------------+---------------------+---------+----+-----+----+-----+
    |         Instance        |        Module       | BRAM_18K| DSP|  FF | LUT| URAM|
    +-------------------------+---------------------+---------+----+-----+----+-----+
    |mul_4ns_8ns_11_1_1_U23   |mul_4ns_8ns_11_1_1   |        0|   0|    0|  40|    0|
    |mul_7ns_9ns_15_1_1_U22   |mul_7ns_9ns_15_1_1   |        0|   0|    0|  49|    0|
    |urem_7ns_5ns_4_11_1_U21  |urem_7ns_5ns_4_11_1  |        0|   0|  158|  87|    0|
    +-------------------------+---------------------+---------+----+-----+----+-----+
    |Total                    |                     |        0|   0|  158| 176|    0|
    +-------------------------+---------------------+---------+----+-----+----+-----+

    * DSP: 
    N/A

    * Memory: 
    N/A

    * FIFO: 
    N/A

    * Expression: 
    +-------------------------+----------+----+---+----+------------+------------+
    |      Variable Name      | Operation| DSP| FF| LUT| Bitwidth P0| Bitwidth P1|
    +-------------------------+----------+----+---+----+------------+------------+
    |add_ln45_1_fu_569_p2     |         +|   0|  0|  23|          16|           1|
    |add_ln45_fu_682_p2       |         +|   0|  0|  12|           4|           1|
    |add_ln46_1_fu_628_p2     |         +|   0|  0|  20|          13|           1|
    |add_ln46_fu_702_p2       |         +|   0|  0|  13|           6|           1|
    |add_ln47_fu_616_p2       |         +|   0|  0|  14|           7|           1|
    |add_ln53_1_fu_795_p2     |         +|   0|  0|  16|          16|          16|
    |add_ln53_fu_760_p2       |         +|   0|  0|  19|          12|          12|
    |add_ln54_1_fu_876_p2     |         +|   0|  0|  16|          14|          14|
    |add_ln54_2_fu_848_p2     |         +|   0|  0|  18|          11|          11|
    |add_ln54_3_fu_892_p2     |         +|   0|  0|  16|          14|          14|
    |add_ln54_4_fu_901_p2     |         +|   0|  0|  16|          14|          14|
    |add_ln54_5_fu_925_p2     |         +|   0|  0|  16|          14|          14|
    |add_ln54_fu_832_p2       |         +|   0|  0|  18|          11|          11|
    |empty_160_fu_838_p2      |         +|   0|  0|  14|           7|           2|
    |sub_ln53_1_fu_786_p2     |         -|   0|  0|  16|          16|          16|
    |sub_ln53_fu_747_p2       |         -|   0|  0|  18|          11|          11|
    |and_ln45_fu_596_p2       |       and|   0|  0|   2|           1|           1|
    |icmp_ln45_fu_563_p2      |      icmp|   0|  0|  23|          16|          15|
    |icmp_ln46_fu_578_p2      |      icmp|   0|  0|  20|          13|          12|
    |icmp_ln47_fu_590_p2      |      icmp|   0|  0|  14|           7|           6|
    |empty_fu_822_p2          |        or|   0|  0|   7|           7|           1|
    |or_ln46_fu_602_p2        |        or|   0|  0|   2|           1|           1|
    |select_ln45_1_fu_695_p3  |    select|   0|  0|   4|           1|           4|
    |select_ln45_fu_688_p3    |    select|   0|  0|   6|           1|           1|
    |select_ln46_1_fu_708_p3  |    select|   0|  0|   6|           1|           6|
    |select_ln46_2_fu_634_p3  |    select|   0|  0|  13|           1|           1|
    |select_ln46_fu_608_p3    |    select|   0|  0|   7|           1|           1|
    |ap_enable_pp0            |       xor|   0|  0|   2|           1|           2|
    |xor_ln45_fu_584_p2       |       xor|   0|  0|   2|           1|           2|
    +-------------------------+----------+----+---+----+------------+------------+
    |Total                    |          |   0|  0| 373|         238|         193|
    +-------------------------+----------+----+---+----+------------+------------+

    * Multiplexer: 
    +-------------------------+----+-----------+-----+-----------+
    |           Name          | LUT| Input Size| Bits| Total Bits|
    +-------------------------+----+-----------+-----+-----------+
    |ap_done_int              |   9|          2|    1|          2|
    |ap_enable_reg_pp0_iter1  |   9|          2|    1|          2|
    |ap_enable_reg_pp0_iter2  |   9|          2|    1|          2|
    |indvar_flatten19_fu_144  |   9|          2|   13|         26|
    |indvar_flatten32_fu_152  |   9|          2|   16|         32|
    |v11_fu_148               |   9|          2|    4|          8|
    |v12_fu_140               |   9|          2|    6|         12|
    |v13_fu_136               |   9|          2|    7|         14|
    +-------------------------+----+-----------+-----+-----------+
    |Total                    |  72|         16|   49|         98|
    +-------------------------+----+-----------+-----+-----------+

    * Register: 
    +-----------------------------------+----+----+-----+-----------+
    |                Name               | FF | LUT| Bits| Const Bits|
    +-----------------------------------+----+----+-----+-----------+
    |add_ln47_reg_1005                  |   7|   0|    7|          0|
    |add_ln53_1_reg_1028                |  16|   0|   16|          0|
    |add_ln54_2_reg_1049                |  11|   0|   11|          0|
    |add_ln54_reg_1043                  |  11|   0|   11|          0|
    |and_ln45_reg_994                   |   1|   0|    1|          0|
    |ap_CS_fsm                          |   1|   0|    1|          0|
    |ap_done_reg                        |   1|   0|    1|          0|
    |ap_enable_reg_pp0_iter1            |   1|   0|    1|          0|
    |ap_enable_reg_pp0_iter10           |   1|   0|    1|          0|
    |ap_enable_reg_pp0_iter11           |   1|   0|    1|          0|
    |ap_enable_reg_pp0_iter12           |   1|   0|    1|          0|
    |ap_enable_reg_pp0_iter2            |   1|   0|    1|          0|
    |ap_enable_reg_pp0_iter3            |   1|   0|    1|          0|
    |ap_enable_reg_pp0_iter4            |   1|   0|    1|          0|
    |ap_enable_reg_pp0_iter5            |   1|   0|    1|          0|
    |ap_enable_reg_pp0_iter6            |   1|   0|    1|          0|
    |ap_enable_reg_pp0_iter7            |   1|   0|    1|          0|
    |ap_enable_reg_pp0_iter8            |   1|   0|    1|          0|
    |ap_enable_reg_pp0_iter9            |   1|   0|    1|          0|
    |ap_loop_exit_ready_pp0_iter10_reg  |   1|   0|    1|          0|
    |ap_loop_exit_ready_pp0_iter11_reg  |   1|   0|    1|          0|
    |ap_loop_exit_ready_pp0_iter2_reg   |   1|   0|    1|          0|
    |ap_loop_exit_ready_pp0_iter3_reg   |   1|   0|    1|          0|
    |ap_loop_exit_ready_pp0_iter4_reg   |   1|   0|    1|          0|
    |ap_loop_exit_ready_pp0_iter5_reg   |   1|   0|    1|          0|
    |ap_loop_exit_ready_pp0_iter6_reg   |   1|   0|    1|          0|
    |ap_loop_exit_ready_pp0_iter7_reg   |   1|   0|    1|          0|
    |ap_loop_exit_ready_pp0_iter8_reg   |   1|   0|    1|          0|
    |ap_loop_exit_ready_pp0_iter9_reg   |   1|   0|    1|          0|
    |icmp_ln46_reg_988                  |   1|   0|    1|          0|
    |indvar_flatten19_fu_144            |  13|   0|   13|          0|
    |indvar_flatten32_fu_152            |  16|   0|   16|          0|
    |select_ln45_1_reg_1015             |   4|   0|    4|          0|
    |select_ln46_1_reg_1022             |   6|   0|    6|          0|
    |select_ln46_reg_999                |   7|   0|    7|          0|
    |tmp_12_reg_1010                    |   4|   0|    4|          0|
    |trunc_ln54_reg_1073                |   4|   0|    4|          0|
    |v11_fu_148                         |   4|   0|    4|          0|
    |v12_fu_140                         |   6|   0|    6|          0|
    |v13_fu_136                         |   7|   0|    7|          0|
    |v17_1_reg_1077                     |  32|   0|   32|          0|
    |v17_reg_1055                       |  32|   0|   32|          0|
    |and_ln45_reg_994                   |  64|  32|    1|          0|
    |icmp_ln46_reg_988                  |  64|  32|    1|          0|
    |select_ln45_1_reg_1015             |  64|  32|    4|          0|
    |select_ln46_1_reg_1022             |  64|  32|    6|          0|
    |select_ln46_reg_999                |  64|  32|    7|          0|
    |tmp_12_reg_1010                    |  64|  32|    4|          0|
    +-----------------------------------+----+----+-----+-----------+
    |Total                              | 590| 192|  229|          0|
    +-----------------------------------+----+----+-----+-----------+



================================================================
== Interface
================================================================
* Summary: 
+----------------+-----+-----+------------+--------------------------------------------+--------------+
|    RTL Ports   | Dir | Bits|  Protocol  |                Source Object               |    C Type    |
+----------------+-----+-----+------------+--------------------------------------------+--------------+
|ap_clk          |   in|    1|  ap_ctrl_hs|  Loop_loop0_proc_Pipeline_loop6_loop7_loop8|  return value|
|ap_rst          |   in|    1|  ap_ctrl_hs|  Loop_loop0_proc_Pipeline_loop6_loop7_loop8|  return value|
|ap_start        |   in|    1|  ap_ctrl_hs|  Loop_loop0_proc_Pipeline_loop6_loop7_loop8|  return value|
|ap_done         |  out|    1|  ap_ctrl_hs|  Loop_loop0_proc_Pipeline_loop6_loop7_loop8|  return value|
|ap_idle         |  out|    1|  ap_ctrl_hs|  Loop_loop0_proc_Pipeline_loop6_loop7_loop8|  return value|
|ap_ready        |  out|    1|  ap_ctrl_hs|  Loop_loop0_proc_Pipeline_loop6_loop7_loop8|  return value|
|v0_0_address0   |  out|   16|   ap_memory|                                        v0_0|         array|
|v0_0_ce0        |  out|    1|   ap_memory|                                        v0_0|         array|
|v0_0_q0         |   in|   32|   ap_memory|                                        v0_0|         array|
|v0_1_address0   |  out|   16|   ap_memory|                                        v0_1|         array|
|v0_1_ce0        |  out|    1|   ap_memory|                                        v0_1|         array|
|v0_1_q0         |   in|   32|   ap_memory|                                        v0_1|         array|
|v4_13_address0  |  out|   14|   ap_memory|                                       v4_13|         array|
|v4_13_ce0       |  out|    1|   ap_memory|                                       v4_13|         array|
|v4_13_we0       |  out|    1|   ap_memory|                                       v4_13|         array|
|v4_13_d0        |  out|   32|   ap_memory|                                       v4_13|         array|
|v4_13_address1  |  out|   14|   ap_memory|                                       v4_13|         array|
|v4_13_ce1       |  out|    1|   ap_memory|                                       v4_13|         array|
|v4_13_we1       |  out|    1|   ap_memory|                                       v4_13|         array|
|v4_13_d1        |  out|   32|   ap_memory|                                       v4_13|         array|
|v4_12_address0  |  out|   14|   ap_memory|                                       v4_12|         array|
|v4_12_ce0       |  out|    1|   ap_memory|                                       v4_12|         array|
|v4_12_we0       |  out|    1|   ap_memory|                                       v4_12|         array|
|v4_12_d0        |  out|   32|   ap_memory|                                       v4_12|         array|
|v4_12_address1  |  out|   14|   ap_memory|                                       v4_12|         array|
|v4_12_ce1       |  out|    1|   ap_memory|                                       v4_12|         array|
|v4_12_we1       |  out|    1|   ap_memory|                                       v4_12|         array|
|v4_12_d1        |  out|   32|   ap_memory|                                       v4_12|         array|
|v4_11_address0  |  out|   14|   ap_memory|                                       v4_11|         array|
|v4_11_ce0       |  out|    1|   ap_memory|                                       v4_11|         array|
|v4_11_we0       |  out|    1|   ap_memory|                                       v4_11|         array|
|v4_11_d0        |  out|   32|   ap_memory|                                       v4_11|         array|
|v4_11_address1  |  out|   14|   ap_memory|                                       v4_11|         array|
|v4_11_ce1       |  out|    1|   ap_memory|                                       v4_11|         array|
|v4_11_we1       |  out|    1|   ap_memory|                                       v4_11|         array|
|v4_11_d1        |  out|   32|   ap_memory|                                       v4_11|         array|
|v4_10_address0  |  out|   14|   ap_memory|                                       v4_10|         array|
|v4_10_ce0       |  out|    1|   ap_memory|                                       v4_10|         array|
|v4_10_we0       |  out|    1|   ap_memory|                                       v4_10|         array|
|v4_10_d0        |  out|   32|   ap_memory|                                       v4_10|         array|
|v4_10_address1  |  out|   14|   ap_memory|                                       v4_10|         array|
|v4_10_ce1       |  out|    1|   ap_memory|                                       v4_10|         array|
|v4_10_we1       |  out|    1|   ap_memory|                                       v4_10|         array|
|v4_10_d1        |  out|   32|   ap_memory|                                       v4_10|         array|
|v4_9_address0   |  out|   14|   ap_memory|                                        v4_9|         array|
|v4_9_ce0        |  out|    1|   ap_memory|                                        v4_9|         array|
|v4_9_we0        |  out|    1|   ap_memory|                                        v4_9|         array|
|v4_9_d0         |  out|   32|   ap_memory|                                        v4_9|         array|
|v4_9_address1   |  out|   14|   ap_memory|                                        v4_9|         array|
|v4_9_ce1        |  out|    1|   ap_memory|                                        v4_9|         array|
|v4_9_we1        |  out|    1|   ap_memory|                                        v4_9|         array|
|v4_9_d1         |  out|   32|   ap_memory|                                        v4_9|         array|
|v4_8_address0   |  out|   14|   ap_memory|                                        v4_8|         array|
|v4_8_ce0        |  out|    1|   ap_memory|                                        v4_8|         array|
|v4_8_we0        |  out|    1|   ap_memory|                                        v4_8|         array|
|v4_8_d0         |  out|   32|   ap_memory|                                        v4_8|         array|
|v4_8_address1   |  out|   14|   ap_memory|                                        v4_8|         array|
|v4_8_ce1        |  out|    1|   ap_memory|                                        v4_8|         array|
|v4_8_we1        |  out|    1|   ap_memory|                                        v4_8|         array|
|v4_8_d1         |  out|   32|   ap_memory|                                        v4_8|         array|
|v4_7_address0   |  out|   14|   ap_memory|                                        v4_7|         array|
|v4_7_ce0        |  out|    1|   ap_memory|                                        v4_7|         array|
|v4_7_we0        |  out|    1|   ap_memory|                                        v4_7|         array|
|v4_7_d0         |  out|   32|   ap_memory|                                        v4_7|         array|
|v4_7_address1   |  out|   14|   ap_memory|                                        v4_7|         array|
|v4_7_ce1        |  out|    1|   ap_memory|                                        v4_7|         array|
|v4_7_we1        |  out|    1|   ap_memory|                                        v4_7|         array|
|v4_7_d1         |  out|   32|   ap_memory|                                        v4_7|         array|
|v4_6_address0   |  out|   14|   ap_memory|                                        v4_6|         array|
|v4_6_ce0        |  out|    1|   ap_memory|                                        v4_6|         array|
|v4_6_we0        |  out|    1|   ap_memory|                                        v4_6|         array|
|v4_6_d0         |  out|   32|   ap_memory|                                        v4_6|         array|
|v4_6_address1   |  out|   14|   ap_memory|                                        v4_6|         array|
|v4_6_ce1        |  out|    1|   ap_memory|                                        v4_6|         array|
|v4_6_we1        |  out|    1|   ap_memory|                                        v4_6|         array|
|v4_6_d1         |  out|   32|   ap_memory|                                        v4_6|         array|
|v4_5_address0   |  out|   14|   ap_memory|                                        v4_5|         array|
|v4_5_ce0        |  out|    1|   ap_memory|                                        v4_5|         array|
|v4_5_we0        |  out|    1|   ap_memory|                                        v4_5|         array|
|v4_5_d0         |  out|   32|   ap_memory|                                        v4_5|         array|
|v4_5_address1   |  out|   14|   ap_memory|                                        v4_5|         array|
|v4_5_ce1        |  out|    1|   ap_memory|                                        v4_5|         array|
|v4_5_we1        |  out|    1|   ap_memory|                                        v4_5|         array|
|v4_5_d1         |  out|   32|   ap_memory|                                        v4_5|         array|
|v4_4_address0   |  out|   14|   ap_memory|                                        v4_4|         array|
|v4_4_ce0        |  out|    1|   ap_memory|                                        v4_4|         array|
|v4_4_we0        |  out|    1|   ap_memory|                                        v4_4|         array|
|v4_4_d0         |  out|   32|   ap_memory|                                        v4_4|         array|
|v4_4_address1   |  out|   14|   ap_memory|                                        v4_4|         array|
|v4_4_ce1        |  out|    1|   ap_memory|                                        v4_4|         array|
|v4_4_we1        |  out|    1|   ap_memory|                                        v4_4|         array|
|v4_4_d1         |  out|   32|   ap_memory|                                        v4_4|         array|
|v4_3_address0   |  out|   14|   ap_memory|                                        v4_3|         array|
|v4_3_ce0        |  out|    1|   ap_memory|                                        v4_3|         array|
|v4_3_we0        |  out|    1|   ap_memory|                                        v4_3|         array|
|v4_3_d0         |  out|   32|   ap_memory|                                        v4_3|         array|
|v4_3_address1   |  out|   14|   ap_memory|                                        v4_3|         array|
|v4_3_ce1        |  out|    1|   ap_memory|                                        v4_3|         array|
|v4_3_we1        |  out|    1|   ap_memory|                                        v4_3|         array|
|v4_3_d1         |  out|   32|   ap_memory|                                        v4_3|         array|
|v4_2_address0   |  out|   14|   ap_memory|                                        v4_2|         array|
|v4_2_ce0        |  out|    1|   ap_memory|                                        v4_2|         array|
|v4_2_we0        |  out|    1|   ap_memory|                                        v4_2|         array|
|v4_2_d0         |  out|   32|   ap_memory|                                        v4_2|         array|
|v4_2_address1   |  out|   14|   ap_memory|                                        v4_2|         array|
|v4_2_ce1        |  out|    1|   ap_memory|                                        v4_2|         array|
|v4_2_we1        |  out|    1|   ap_memory|                                        v4_2|         array|
|v4_2_d1         |  out|   32|   ap_memory|                                        v4_2|         array|
|v4_1_address0   |  out|   14|   ap_memory|                                        v4_1|         array|
|v4_1_ce0        |  out|    1|   ap_memory|                                        v4_1|         array|
|v4_1_we0        |  out|    1|   ap_memory|                                        v4_1|         array|
|v4_1_d0         |  out|   32|   ap_memory|                                        v4_1|         array|
|v4_1_address1   |  out|   14|   ap_memory|                                        v4_1|         array|
|v4_1_ce1        |  out|    1|   ap_memory|                                        v4_1|         array|
|v4_1_we1        |  out|    1|   ap_memory|                                        v4_1|         array|
|v4_1_d1         |  out|   32|   ap_memory|                                        v4_1|         array|
|v4_address0     |  out|   14|   ap_memory|                                          v4|         array|
|v4_ce0          |  out|    1|   ap_memory|                                          v4|         array|
|v4_we0          |  out|    1|   ap_memory|                                          v4|         array|
|v4_d0           |  out|   32|   ap_memory|                                          v4|         array|
|v4_address1     |  out|   14|   ap_memory|                                          v4|         array|
|v4_ce1          |  out|    1|   ap_memory|                                          v4|         array|
|v4_we1          |  out|    1|   ap_memory|                                          v4|         array|
|v4_d1           |  out|   32|   ap_memory|                                          v4|         array|
+----------------+-----+-----+------------+--------------------------------------------+--------------+

