

================================================================
== Vitis HLS Report for 'Loop_loop12_proc1'
================================================================
* Date:           Sat Sep 28 14:07:20 2024

* Version:        2023.2 (Build 4023990 on Oct 11 2023)
* Project:        hls_DepthwiseSeparableConvBlock
* Solution:       solution1 (Vivado IP Flow Target)
* Product family: virtexuplusHBM
* Target device:  xcu280-fsvh2892-2L-e


================================================================
== Performance Estimates
================================================================
+ Timing: 
    * Summary: 
    +--------+---------+----------+------------+
    |  Clock |  Target | Estimated| Uncertainty|
    +--------+---------+----------+------------+
    |ap_clk  |  3.33 ns|  4.214 ns|     0.90 ns|
    +--------+---------+----------+------------+

+ Latency: 
    * Summary: 
    +---------+---------+----------+----------+-------+-------+---------+
    |  Latency (cycles) |  Latency (absolute) |    Interval   | Pipeline|
    |   min   |   max   |    min   |    max   |  min  |  max  |   Type  |
    +---------+---------+----------+----------+-------+-------+---------+
    |    32273|    32273|  0.136 ms|  0.136 ms|  32273|  32273|       no|
    +---------+---------+----------+----------+-------+-------+---------+

    + Detail: 
        * Instance: 
        N/A

        * Loop: 
        +--------------------------------------+---------+---------+----------+-----------+-----------+-------+----------+
        |                                      |  Latency (cycles) | Iteration|  Initiation Interval  |  Trip |          |
        |               Loop Name              |   min   |   max   |  Latency |  achieved |   target  | Count | Pipelined|
        +--------------------------------------+---------+---------+----------+-----------+-----------+-------+----------+
        |- loop12_loop13_loop14_loop15_loop16  |    32271|    32271|        17|          1|          1|  32256|       yes|
        +--------------------------------------+---------+---------+----------+-----------+-----------+-------+----------+



================================================================
== Utilization Estimates
================================================================
* Summary: 
+---------------------+---------+------+---------+---------+-----+
|         Name        | BRAM_18K|  DSP |    FF   |   LUT   | URAM|
+---------------------+---------+------+---------+---------+-----+
|DSP                  |        -|     -|        -|        -|    -|
|Expression           |        -|     -|        0|     2364|    -|
|FIFO                 |        -|     -|        -|        -|    -|
|Instance             |        -|   348|    18641|    11397|    -|
|Memory               |        0|     -|        0|        0|   28|
|Multiplexer          |        -|     -|        -|      992|    -|
|Register             |        -|     -|     3790|     1184|    -|
+---------------------+---------+------+---------+---------+-----+
|Total                |        0|   348|    22431|    15937|   28|
+---------------------+---------+------+---------+---------+-----+
|Available SLR        |     1344|  3008|   869120|   434560|  320|
+---------------------+---------+------+---------+---------+-----+
|Utilization SLR (%)  |        0|    11|        2|        3|    8|
+---------------------+---------+------+---------+---------+-----+
|Available            |     4032|  9024|  2607360|  1303680|  960|
+---------------------+---------+------+---------+---------+-----+
|Utilization (%)      |        0|     3|       ~0|        1|    2|
+---------------------+---------+------+---------+---------+-----+

+ Detail: 
    * Instance: 
    +------------------------------------+--------------------------------+---------+----+-----+-----+-----+
    |              Instance              |             Module             | BRAM_18K| DSP|  FF | LUT | URAM|
    +------------------------------------+--------------------------------+---------+----+-----+-----+-----+
    |fadd_32ns_32ns_32_7_full_dsp_1_U56  |fadd_32ns_32ns_32_7_full_dsp_1  |        0|   2|  318|  198|    0|
    |fadd_32ns_32ns_32_7_full_dsp_1_U57  |fadd_32ns_32ns_32_7_full_dsp_1  |        0|   2|  318|  198|    0|
    |fadd_32ns_32ns_32_7_full_dsp_1_U58  |fadd_32ns_32ns_32_7_full_dsp_1  |        0|   2|  318|  198|    0|
    |fadd_32ns_32ns_32_7_full_dsp_1_U59  |fadd_32ns_32ns_32_7_full_dsp_1  |        0|   2|  318|  198|    0|
    |fadd_32ns_32ns_32_7_full_dsp_1_U60  |fadd_32ns_32ns_32_7_full_dsp_1  |        0|   2|  318|  198|    0|
    |fadd_32ns_32ns_32_7_full_dsp_1_U61  |fadd_32ns_32ns_32_7_full_dsp_1  |        0|   2|  318|  198|    0|
    |fadd_32ns_32ns_32_7_full_dsp_1_U62  |fadd_32ns_32ns_32_7_full_dsp_1  |        0|   2|  318|  198|    0|
    |fadd_32ns_32ns_32_7_full_dsp_1_U63  |fadd_32ns_32ns_32_7_full_dsp_1  |        0|   2|  318|  198|    0|
    |fadd_32ns_32ns_32_7_full_dsp_1_U64  |fadd_32ns_32ns_32_7_full_dsp_1  |        0|   2|  318|  198|    0|
    |fadd_32ns_32ns_32_7_full_dsp_1_U65  |fadd_32ns_32ns_32_7_full_dsp_1  |        0|   2|  318|  198|    0|
    |fadd_32ns_32ns_32_7_full_dsp_1_U66  |fadd_32ns_32ns_32_7_full_dsp_1  |        0|   2|  318|  198|    0|
    |fadd_32ns_32ns_32_7_full_dsp_1_U67  |fadd_32ns_32ns_32_7_full_dsp_1  |        0|   2|  318|  198|    0|
    |fadd_32ns_32ns_32_7_full_dsp_1_U68  |fadd_32ns_32ns_32_7_full_dsp_1  |        0|   2|  318|  198|    0|
    |fadd_32ns_32ns_32_7_full_dsp_1_U69  |fadd_32ns_32ns_32_7_full_dsp_1  |        0|   2|  318|  198|    0|
    |fadd_32ns_32ns_32_7_full_dsp_1_U70  |fadd_32ns_32ns_32_7_full_dsp_1  |        0|   2|  318|  198|    0|
    |fadd_32ns_32ns_32_7_full_dsp_1_U71  |fadd_32ns_32ns_32_7_full_dsp_1  |        0|   2|  318|  198|    0|
    |fadd_32ns_32ns_32_7_full_dsp_1_U72  |fadd_32ns_32ns_32_7_full_dsp_1  |        0|   2|  318|  198|    0|
    |fadd_32ns_32ns_32_7_full_dsp_1_U73  |fadd_32ns_32ns_32_7_full_dsp_1  |        0|   2|  318|  198|    0|
    |fadd_32ns_32ns_32_7_full_dsp_1_U74  |fadd_32ns_32ns_32_7_full_dsp_1  |        0|   2|  318|  198|    0|
    |fadd_32ns_32ns_32_7_full_dsp_1_U75  |fadd_32ns_32ns_32_7_full_dsp_1  |        0|   2|  318|  198|    0|
    |fadd_32ns_32ns_32_7_full_dsp_1_U76  |fadd_32ns_32ns_32_7_full_dsp_1  |        0|   2|  318|  198|    0|
    |fadd_32ns_32ns_32_7_full_dsp_1_U77  |fadd_32ns_32ns_32_7_full_dsp_1  |        0|   2|  318|  198|    0|
    |fadd_32ns_32ns_32_7_full_dsp_1_U78  |fadd_32ns_32ns_32_7_full_dsp_1  |        0|   2|  318|  198|    0|
    |fadd_32ns_32ns_32_7_full_dsp_1_U79  |fadd_32ns_32ns_32_7_full_dsp_1  |        0|   2|  318|  198|    0|
    |fadd_32ns_32ns_32_7_full_dsp_1_U80  |fadd_32ns_32ns_32_7_full_dsp_1  |        0|   2|  318|  198|    0|
    |fadd_32ns_32ns_32_7_full_dsp_1_U81  |fadd_32ns_32ns_32_7_full_dsp_1  |        0|   2|  318|  198|    0|
    |fadd_32ns_32ns_32_7_full_dsp_1_U82  |fadd_32ns_32ns_32_7_full_dsp_1  |        0|   2|  318|  198|    0|
    |fadd_32ns_32ns_32_7_full_dsp_1_U83  |fadd_32ns_32ns_32_7_full_dsp_1  |        0|   2|  318|  198|    0|
    |fmul_32ns_32ns_32_4_max_dsp_1_U84   |fmul_32ns_32ns_32_4_max_dsp_1   |        0|   3|  143|   78|    0|
    |fmul_32ns_32ns_32_4_max_dsp_1_U85   |fmul_32ns_32ns_32_4_max_dsp_1   |        0|   3|  143|   78|    0|
    |fmul_32ns_32ns_32_4_max_dsp_1_U86   |fmul_32ns_32ns_32_4_max_dsp_1   |        0|   3|  143|   78|    0|
    |fmul_32ns_32ns_32_4_max_dsp_1_U87   |fmul_32ns_32ns_32_4_max_dsp_1   |        0|   3|  143|   78|    0|
    |fmul_32ns_32ns_32_4_max_dsp_1_U88   |fmul_32ns_32ns_32_4_max_dsp_1   |        0|   3|  143|   78|    0|
    |fmul_32ns_32ns_32_4_max_dsp_1_U89   |fmul_32ns_32ns_32_4_max_dsp_1   |        0|   3|  143|   78|    0|
    |fmul_32ns_32ns_32_4_max_dsp_1_U90   |fmul_32ns_32ns_32_4_max_dsp_1   |        0|   3|  143|   78|    0|
    |fmul_32ns_32ns_32_4_max_dsp_1_U91   |fmul_32ns_32ns_32_4_max_dsp_1   |        0|   3|  143|   78|    0|
    |fmul_32ns_32ns_32_4_max_dsp_1_U92   |fmul_32ns_32ns_32_4_max_dsp_1   |        0|   3|  143|   78|    0|
    |fmul_32ns_32ns_32_4_max_dsp_1_U93   |fmul_32ns_32ns_32_4_max_dsp_1   |        0|   3|  143|   78|    0|
    |fmul_32ns_32ns_32_4_max_dsp_1_U94   |fmul_32ns_32ns_32_4_max_dsp_1   |        0|   3|  143|   78|    0|
    |fmul_32ns_32ns_32_4_max_dsp_1_U95   |fmul_32ns_32ns_32_4_max_dsp_1   |        0|   3|  143|   78|    0|
    |fmul_32ns_32ns_32_4_max_dsp_1_U96   |fmul_32ns_32ns_32_4_max_dsp_1   |        0|   3|  143|   78|    0|
    |fmul_32ns_32ns_32_4_max_dsp_1_U97   |fmul_32ns_32ns_32_4_max_dsp_1   |        0|   3|  143|   78|    0|
    |fmul_32ns_32ns_32_4_max_dsp_1_U98   |fmul_32ns_32ns_32_4_max_dsp_1   |        0|   3|  143|   78|    0|
    |fmul_32ns_32ns_32_4_max_dsp_1_U99   |fmul_32ns_32ns_32_4_max_dsp_1   |        0|   3|  143|   78|    0|
    |fmul_32ns_32ns_32_4_max_dsp_1_U100  |fmul_32ns_32ns_32_4_max_dsp_1   |        0|   3|  143|   78|    0|
    |fmul_32ns_32ns_32_4_max_dsp_1_U101  |fmul_32ns_32ns_32_4_max_dsp_1   |        0|   3|  143|   78|    0|
    |fmul_32ns_32ns_32_4_max_dsp_1_U102  |fmul_32ns_32ns_32_4_max_dsp_1   |        0|   3|  143|   78|    0|
    |fmul_32ns_32ns_32_4_max_dsp_1_U103  |fmul_32ns_32ns_32_4_max_dsp_1   |        0|   3|  143|   78|    0|
    |fmul_32ns_32ns_32_4_max_dsp_1_U104  |fmul_32ns_32ns_32_4_max_dsp_1   |        0|   3|  143|   78|    0|
    |fmul_32ns_32ns_32_4_max_dsp_1_U105  |fmul_32ns_32ns_32_4_max_dsp_1   |        0|   3|  143|   78|    0|
    |fmul_32ns_32ns_32_4_max_dsp_1_U106  |fmul_32ns_32ns_32_4_max_dsp_1   |        0|   3|  143|   78|    0|
    |fmul_32ns_32ns_32_4_max_dsp_1_U107  |fmul_32ns_32ns_32_4_max_dsp_1   |        0|   3|  143|   78|    0|
    |fmul_32ns_32ns_32_4_max_dsp_1_U108  |fmul_32ns_32ns_32_4_max_dsp_1   |        0|   3|  143|   78|    0|
    |fmul_32ns_32ns_32_4_max_dsp_1_U109  |fmul_32ns_32ns_32_4_max_dsp_1   |        0|   3|  143|   78|    0|
    |fmul_32ns_32ns_32_4_max_dsp_1_U110  |fmul_32ns_32ns_32_4_max_dsp_1   |        0|   3|  143|   78|    0|
    |fmul_32ns_32ns_32_4_max_dsp_1_U111  |fmul_32ns_32ns_32_4_max_dsp_1   |        0|   3|  143|   78|    0|
    |mul_4ns_8ns_11_1_1_U125             |mul_4ns_8ns_11_1_1              |        0|   0|    0|   40|    0|
    |mul_64ns_66ns_129_5_1_U112          |mul_64ns_66ns_129_5_1           |        0|  16|  441|  249|    0|
    |mul_64ns_66ns_129_5_1_U113          |mul_64ns_66ns_129_5_1           |        0|  16|  441|  249|    0|
    |mul_64ns_66ns_129_5_1_U114          |mul_64ns_66ns_129_5_1           |        0|  16|  441|  249|    0|
    |mul_64ns_66ns_129_5_1_U115          |mul_64ns_66ns_129_5_1           |        0|  16|  441|  249|    0|
    |mul_64ns_66ns_129_5_1_U116          |mul_64ns_66ns_129_5_1           |        0|  16|  441|  249|    0|
    |mul_64ns_66ns_129_5_1_U117          |mul_64ns_66ns_129_5_1           |        0|  16|  441|  249|    0|
    |mul_64ns_66ns_129_5_1_U118          |mul_64ns_66ns_129_5_1           |        0|  16|  441|  249|    0|
    |mul_64ns_66ns_129_5_1_U119          |mul_64ns_66ns_129_5_1           |        0|  16|  441|  249|    0|
    |mul_64ns_66ns_129_5_1_U120          |mul_64ns_66ns_129_5_1           |        0|  16|  441|  249|    0|
    |mul_64ns_66ns_129_5_1_U121          |mul_64ns_66ns_129_5_1           |        0|  16|  441|  249|    0|
    |mul_64ns_66ns_129_5_1_U122          |mul_64ns_66ns_129_5_1           |        0|  16|  441|  249|    0|
    |mul_64ns_66ns_129_5_1_U123          |mul_64ns_66ns_129_5_1           |        0|  16|  441|  249|    0|
    |mul_64ns_66ns_129_5_1_U124          |mul_64ns_66ns_129_5_1           |        0|  16|  441|  249|    0|
    |sparsemux_7_2_32_1_1_U126           |sparsemux_7_2_32_1_1            |        0|   0|    0|   14|    0|
    |sparsemux_7_2_32_1_1_U127           |sparsemux_7_2_32_1_1            |        0|   0|    0|   14|    0|
    |sparsemux_7_2_32_1_1_U128           |sparsemux_7_2_32_1_1            |        0|   0|    0|   14|    0|
    |sparsemux_7_2_32_1_1_U129           |sparsemux_7_2_32_1_1            |        0|   0|    0|   14|    0|
    |sparsemux_7_2_32_1_1_U130           |sparsemux_7_2_32_1_1            |        0|   0|    0|   14|    0|
    |sparsemux_7_2_32_1_1_U131           |sparsemux_7_2_32_1_1            |        0|   0|    0|   14|    0|
    |sparsemux_7_2_32_1_1_U132           |sparsemux_7_2_32_1_1            |        0|   0|    0|   14|    0|
    |sparsemux_7_2_32_1_1_U133           |sparsemux_7_2_32_1_1            |        0|   0|    0|   14|    0|
    |sparsemux_7_2_32_1_1_U134           |sparsemux_7_2_32_1_1            |        0|   0|    0|   14|    0|
    |sparsemux_7_2_32_1_1_U135           |sparsemux_7_2_32_1_1            |        0|   0|    0|   14|    0|
    |sparsemux_7_2_32_1_1_U136           |sparsemux_7_2_32_1_1            |        0|   0|    0|   14|    0|
    |sparsemux_7_2_32_1_1_U137           |sparsemux_7_2_32_1_1            |        0|   0|    0|   14|    0|
    |sparsemux_7_2_32_1_1_U138           |sparsemux_7_2_32_1_1            |        0|   0|    0|   14|    0|
    |sparsemux_7_2_32_1_1_U139           |sparsemux_7_2_32_1_1            |        0|   0|    0|   14|    0|
    |sparsemux_7_2_32_1_1_U140           |sparsemux_7_2_32_1_1            |        0|   0|    0|   14|    0|
    |sparsemux_7_2_32_1_1_U141           |sparsemux_7_2_32_1_1            |        0|   0|    0|   14|    0|
    |sparsemux_7_2_32_1_1_U142           |sparsemux_7_2_32_1_1            |        0|   0|    0|   14|    0|
    |sparsemux_7_2_32_1_1_U143           |sparsemux_7_2_32_1_1            |        0|   0|    0|   14|    0|
    |sparsemux_7_2_32_1_1_U144           |sparsemux_7_2_32_1_1            |        0|   0|    0|   14|    0|
    |sparsemux_7_2_32_1_1_U145           |sparsemux_7_2_32_1_1            |        0|   0|    0|   14|    0|
    |sparsemux_7_2_32_1_1_U146           |sparsemux_7_2_32_1_1            |        0|   0|    0|   14|    0|
    |sparsemux_7_2_32_1_1_U147           |sparsemux_7_2_32_1_1            |        0|   0|    0|   14|    0|
    |sparsemux_7_2_32_1_1_U148           |sparsemux_7_2_32_1_1            |        0|   0|    0|   14|    0|
    |sparsemux_7_2_32_1_1_U149           |sparsemux_7_2_32_1_1            |        0|   0|    0|   14|    0|
    |sparsemux_7_2_32_1_1_U150           |sparsemux_7_2_32_1_1            |        0|   0|    0|   14|    0|
    |sparsemux_7_2_32_1_1_U151           |sparsemux_7_2_32_1_1            |        0|   0|    0|   14|    0|
    |sparsemux_7_2_32_1_1_U152           |sparsemux_7_2_32_1_1            |        0|   0|    0|   14|    0|
    |sparsemux_7_2_32_1_1_U153           |sparsemux_7_2_32_1_1            |        0|   0|    0|   14|    0|
    +------------------------------------+--------------------------------+---------+----+-----+-----+-----+
    |Total                               |                                |        0| 348|18641|11397|    0|
    +------------------------------------+--------------------------------+---------+----+-----+-----+-----+

    * DSP: 
    N/A

    * Memory: 
    +----------+-------------------------------------+---------+---+----+-----+------+-----+------+-------------+
    |  Memory  |                Module               | BRAM_18K| FF| LUT| URAM| Words| Bits| Banks| W*Bits*Banks|
    +----------+-------------------------------------+---------+---+----+-----+------+-----+------+-------------+
    |v18_U     |Loop_loop12_proc1_v18_RAM_AUTO_1R1W  |        0|  0|   0|    1|  3584|   32|     1|       114688|
    |v18_1_U   |Loop_loop12_proc1_v18_RAM_AUTO_1R1W  |        0|  0|   0|    1|  3584|   32|     1|       114688|
    |v18_2_U   |Loop_loop12_proc1_v18_RAM_AUTO_1R1W  |        0|  0|   0|    1|  3584|   32|     1|       114688|
    |v18_3_U   |Loop_loop12_proc1_v18_RAM_AUTO_1R1W  |        0|  0|   0|    1|  3584|   32|     1|       114688|
    |v18_4_U   |Loop_loop12_proc1_v18_RAM_AUTO_1R1W  |        0|  0|   0|    1|  3584|   32|     1|       114688|
    |v18_5_U   |Loop_loop12_proc1_v18_RAM_AUTO_1R1W  |        0|  0|   0|    1|  3584|   32|     1|       114688|
    |v18_6_U   |Loop_loop12_proc1_v18_RAM_AUTO_1R1W  |        0|  0|   0|    1|  3584|   32|     1|       114688|
    |v18_7_U   |Loop_loop12_proc1_v18_RAM_AUTO_1R1W  |        0|  0|   0|    1|  3584|   32|     1|       114688|
    |v18_8_U   |Loop_loop12_proc1_v18_RAM_AUTO_1R1W  |        0|  0|   0|    1|  3584|   32|     1|       114688|
    |v18_9_U   |Loop_loop12_proc1_v18_RAM_AUTO_1R1W  |        0|  0|   0|    1|  3584|   32|     1|       114688|
    |v18_10_U  |Loop_loop12_proc1_v18_RAM_AUTO_1R1W  |        0|  0|   0|    1|  3584|   32|     1|       114688|
    |v18_11_U  |Loop_loop12_proc1_v18_RAM_AUTO_1R1W  |        0|  0|   0|    1|  3584|   32|     1|       114688|
    |v18_12_U  |Loop_loop12_proc1_v18_RAM_AUTO_1R1W  |        0|  0|   0|    1|  3584|   32|     1|       114688|
    |v18_13_U  |Loop_loop12_proc1_v18_RAM_AUTO_1R1W  |        0|  0|   0|    1|  3584|   32|     1|       114688|
    |v18_14_U  |Loop_loop12_proc1_v18_RAM_AUTO_1R1W  |        0|  0|   0|    1|  3584|   32|     1|       114688|
    |v18_15_U  |Loop_loop12_proc1_v18_RAM_AUTO_1R1W  |        0|  0|   0|    1|  3584|   32|     1|       114688|
    |v18_16_U  |Loop_loop12_proc1_v18_RAM_AUTO_1R1W  |        0|  0|   0|    1|  3584|   32|     1|       114688|
    |v18_17_U  |Loop_loop12_proc1_v18_RAM_AUTO_1R1W  |        0|  0|   0|    1|  3584|   32|     1|       114688|
    |v18_18_U  |Loop_loop12_proc1_v18_RAM_AUTO_1R1W  |        0|  0|   0|    1|  3584|   32|     1|       114688|
    |v18_19_U  |Loop_loop12_proc1_v18_RAM_AUTO_1R1W  |        0|  0|   0|    1|  3584|   32|     1|       114688|
    |v18_20_U  |Loop_loop12_proc1_v18_RAM_AUTO_1R1W  |        0|  0|   0|    1|  3584|   32|     1|       114688|
    |v18_21_U  |Loop_loop12_proc1_v18_RAM_AUTO_1R1W  |        0|  0|   0|    1|  3584|   32|     1|       114688|
    |v18_22_U  |Loop_loop12_proc1_v18_RAM_AUTO_1R1W  |        0|  0|   0|    1|  3584|   32|     1|       114688|
    |v18_23_U  |Loop_loop12_proc1_v18_RAM_AUTO_1R1W  |        0|  0|   0|    1|  3584|   32|     1|       114688|
    |v18_24_U  |Loop_loop12_proc1_v18_RAM_AUTO_1R1W  |        0|  0|   0|    1|  3584|   32|     1|       114688|
    |v18_25_U  |Loop_loop12_proc1_v18_RAM_AUTO_1R1W  |        0|  0|   0|    1|  3584|   32|     1|       114688|
    |v18_26_U  |Loop_loop12_proc1_v18_RAM_AUTO_1R1W  |        0|  0|   0|    1|  3584|   32|     1|       114688|
    |v1829_U   |Loop_loop12_proc1_v18_RAM_AUTO_1R1W  |        0|  0|   0|    1|  3584|   32|     1|       114688|
    +----------+-------------------------------------+---------+---+----+-----+------+-----+------+-------------+
    |Total     |                                     |        0|  0|   0|   28|100352|  896|    28|      3211264|
    +----------+-------------------------------------+---------+---+----+-----+------+-----+------+-------------+

    * FIFO: 
    N/A

    * Expression: 
    +------------------------------------+----------+----+---+----+------------+------------+
    |            Variable Name           | Operation| DSP| FF| LUT| Bitwidth P0| Bitwidth P1|
    +------------------------------------+----------+----+---+----+------------+------------+
    |add_ln65_1_fu_2197_p2               |         +|   0|  0|  22|          15|           1|
    |add_ln65_fu_2863_p2                 |         +|   0|  0|  13|           6|           1|
    |add_ln66_1_fu_2416_p2               |         +|   0|  0|  18|          11|           1|
    |add_ln66_fu_2262_p2                 |         +|   0|  0|  12|           4|           1|
    |add_ln67_1_fu_2402_p2               |         +|   0|  0|  14|           7|           1|
    |add_ln67_fu_2475_p2                 |         +|   0|  0|   9|           2|           1|
    |add_ln68_1_fu_2388_p2               |         +|   0|  0|  13|           6|           1|
    |add_ln68_fu_2344_p2                 |         +|   0|  0|   9|           2|           1|
    |add_ln69_fu_2382_p2                 |         +|   0|  0|  12|           4|           1|
    |add_ln77_10_fu_3275_p2              |         +|   0|  0|  21|          14|          14|
    |add_ln77_11_fu_3287_p2              |         +|   0|  0|  21|          14|          14|
    |add_ln77_12_fu_3299_p2              |         +|   0|  0|  21|          14|          14|
    |add_ln77_13_fu_3311_p2              |         +|   0|  0|  21|          14|          14|
    |add_ln77_14_fu_3323_p2              |         +|   0|  0|  21|          14|          14|
    |add_ln77_15_fu_3335_p2              |         +|   0|  0|  21|          14|          14|
    |add_ln77_16_fu_3347_p2              |         +|   0|  0|  21|          14|          14|
    |add_ln77_17_fu_3359_p2              |         +|   0|  0|  21|          14|          14|
    |add_ln77_18_fu_3371_p2              |         +|   0|  0|  21|          14|          14|
    |add_ln77_19_fu_3383_p2              |         +|   0|  0|  21|          14|          14|
    |add_ln77_1_fu_2982_p2               |         +|   0|  0|  21|          14|          14|
    |add_ln77_20_fu_3395_p2              |         +|   0|  0|  21|          14|          14|
    |add_ln77_21_fu_3407_p2              |         +|   0|  0|  21|          14|          14|
    |add_ln77_22_fu_3419_p2              |         +|   0|  0|  21|          14|          14|
    |add_ln77_23_fu_3431_p2              |         +|   0|  0|  21|          14|          14|
    |add_ln77_24_fu_3443_p2              |         +|   0|  0|  21|          14|          14|
    |add_ln77_25_fu_3455_p2              |         +|   0|  0|  21|          14|          14|
    |add_ln77_26_fu_3467_p2              |         +|   0|  0|  21|          14|          14|
    |add_ln77_27_fu_3479_p2              |         +|   0|  0|  21|          14|          14|
    |add_ln77_28_fu_3491_p2              |         +|   0|  0|  21|          14|          14|
    |add_ln77_29_fu_3503_p2              |         +|   0|  0|  21|          14|          14|
    |add_ln77_2_fu_3203_p2               |         +|   0|  0|  21|          14|          14|
    |add_ln77_30_fu_3515_p2              |         +|   0|  0|  21|          14|          14|
    |add_ln77_31_fu_3527_p2              |         +|   0|  0|  21|          14|          14|
    |add_ln77_3_fu_3215_p2               |         +|   0|  0|  21|          14|          14|
    |add_ln77_4_fu_3227_p2               |         +|   0|  0|  21|          14|          14|
    |add_ln77_5_fu_2988_p2               |         +|   0|  0|  18|          11|          11|
    |add_ln77_6_fu_3005_p2               |         +|   0|  0|  21|          14|          14|
    |add_ln77_7_fu_3239_p2               |         +|   0|  0|  21|          14|          14|
    |add_ln77_8_fu_3251_p2               |         +|   0|  0|  21|          14|          14|
    |add_ln77_9_fu_3263_p2               |         +|   0|  0|  21|          14|          14|
    |add_ln77_fu_2965_p2                 |         +|   0|  0|  18|          11|          11|
    |add_ln78_1_fu_3549_p2               |         +|   0|  0|  16|           7|           7|
    |add_ln78_fu_3028_p2                 |         +|   0|  0|  16|           7|           7|
    |add_ln82_1_fu_3567_p2               |         +|   0|  0|  19|          12|          12|
    |add_ln82_fu_3058_p2                 |         +|   0|  0|  18|           9|           9|
    |empty_143_fu_2916_p2                |         +|   0|  0|  14|           7|           7|
    |empty_144_fu_2931_p2                |         +|   0|  0|  15|           8|           8|
    |empty_147_fu_2540_p2                |         +|   0|  0|  16|           9|           9|
    |empty_148_fu_2565_p2                |         +|   0|  0|  15|           8|           8|
    |empty_149_fu_2590_p2                |         +|   0|  0|  15|           8|           8|
    |empty_150_fu_2616_p2                |         +|   0|  0|  15|           8|           8|
    |empty_151_fu_2641_p2                |         +|   0|  0|  15|           8|           8|
    |empty_152_fu_2666_p2                |         +|   0|  0|  15|           8|           8|
    |empty_153_fu_2691_p2                |         +|   0|  0|  15|           8|           8|
    |empty_154_fu_2717_p2                |         +|   0|  0|  15|           8|           8|
    |empty_155_fu_2742_p2                |         +|   0|  0|  15|           8|           8|
    |empty_156_fu_2767_p2                |         +|   0|  0|  15|           8|           8|
    |empty_157_fu_2792_p2                |         +|   0|  0|  15|           8|           8|
    |empty_158_fu_2815_p2                |         +|   0|  0|  15|           8|           8|
    |empty_159_fu_2840_p2                |         +|   0|  0|  15|           8|           8|
    |tmp11_fu_2830_p2                    |         +|   0|  0|  12|           5|           4|
    |tmp1_fu_2580_p2                     |         +|   0|  0|  10|           3|           2|
    |tmp3_fu_2631_p2                     |         +|   0|  0|  12|           4|           3|
    |tmp4_fu_2656_p2                     |         +|   0|  0|  12|           4|           3|
    |tmp5_fu_2681_p2                     |         +|   0|  0|  12|           4|           3|
    |tmp7_fu_2732_p2                     |         +|   0|  0|  12|           4|           4|
    |tmp8_fu_2757_p2                     |         +|   0|  0|  12|           4|           4|
    |tmp9_fu_2782_p2                     |         +|   0|  0|  12|           4|           4|
    |tmp_fu_2555_p2                      |         +|   0|  0|  10|           3|           2|
    |empty_141_fu_2512_p2                |         -|   0|  0|  15|           8|           8|
    |sub_ln78_1_fu_3544_p2               |         -|   0|  0|  16|           7|           7|
    |sub_ln78_fu_3022_p2                 |         -|   0|  0|  16|           7|           7|
    |sub_ln82_fu_3052_p2                 |         -|   0|  0|  18|           9|           9|
    |and_ln65_1_fu_2292_p2               |       and|   0|  0|   2|           1|           1|
    |and_ln65_2_fu_2256_p2               |       and|   0|  0|   2|           1|           1|
    |and_ln65_fu_2238_p2                 |       and|   0|  0|   2|           1|           1|
    |and_ln66_1_fu_2298_p2               |       and|   0|  0|   2|           1|           1|
    |and_ln66_fu_2286_p2                 |       and|   0|  0|   2|           1|           1|
    |and_ln67_fu_2338_p2                 |       and|   0|  0|   2|           1|           1|
    |ap_condition_2112                   |       and|   0|  0|   2|           1|           1|
    |ap_condition_2136                   |       and|   0|  0|   2|           1|           1|
    |cmp225_not_fu_2926_p2               |      icmp|   0|  0|  10|           2|           3|
    |cmp229_not_fu_2951_p2               |      icmp|   0|  0|  10|           2|           3|
    |empty_146_fu_2945_p2                |      icmp|   0|  0|   9|           2|           1|
    |icmp_ln65_fu_2191_p2                |      icmp|   0|  0|  22|          15|          11|
    |icmp_ln66_fu_2212_p2                |      icmp|   0|  0|  18|          11|          10|
    |icmp_ln67_fu_2250_p2                |      icmp|   0|  0|  14|           7|           7|
    |icmp_ln68_fu_2244_p2                |      icmp|   0|  0|  13|           6|           5|
    |icmp_ln69_fu_2232_p2                |      icmp|   0|  0|  12|           4|           5|
    |ap_block_pp0_stage0_01001           |        or|   0|  0|   2|           1|           1|
    |ap_block_state17_pp0_stage0_iter16  |        or|   0|  0|   2|           1|           1|
    |brmerge202_fu_2956_p2               |        or|   0|  0|   2|           1|           1|
    |empty_142_fu_2518_p2                |        or|   0|  0|   8|           8|           1|
    |empty_145_fu_2941_p2                |        or|   0|  0|   2|           2|           2|
    |empty_fu_2900_p2                    |        or|   0|  0|   7|           7|           1|
    |or_ln66_1_fu_2280_p2                |        or|   0|  0|   2|           1|           1|
    |or_ln66_fu_2268_p2                  |        or|   0|  0|   2|           1|           1|
    |or_ln67_1_fu_2318_p2                |        or|   0|  0|   2|           1|           1|
    |or_ln67_fu_2312_p2                  |        or|   0|  0|   2|           1|           1|
    |or_ln68_1_fu_2356_p2                |        or|   0|  0|   2|           1|           1|
    |or_ln68_fu_2350_p2                  |        or|   0|  0|   2|           1|           1|
    |grp_fu_1817_p0                      |    select|   0|  0|  32|           1|          32|
    |grp_fu_1822_p0                      |    select|   0|  0|  32|           1|          32|
    |grp_fu_1827_p0                      |    select|   0|  0|  32|           1|          32|
    |grp_fu_1832_p0                      |    select|   0|  0|  32|           1|          32|
    |grp_fu_1837_p0                      |    select|   0|  0|  32|           1|          32|
    |grp_fu_1842_p0                      |    select|   0|  0|  32|           1|          32|
    |grp_fu_1847_p0                      |    select|   0|  0|  32|           1|          32|
    |grp_fu_1852_p0                      |    select|   0|  0|  32|           1|          32|
    |grp_fu_1857_p0                      |    select|   0|  0|  32|           1|          32|
    |grp_fu_1862_p0                      |    select|   0|  0|  32|           1|          32|
    |grp_fu_1867_p0                      |    select|   0|  0|  32|           1|          32|
    |grp_fu_1872_p0                      |    select|   0|  0|  32|           1|          32|
    |grp_fu_1877_p0                      |    select|   0|  0|  32|           1|          32|
    |grp_fu_1882_p0                      |    select|   0|  0|  32|           1|          32|
    |grp_fu_1887_p0                      |    select|   0|  0|  32|           1|          32|
    |grp_fu_1892_p0                      |    select|   0|  0|  32|           1|          32|
    |grp_fu_1897_p0                      |    select|   0|  0|  32|           1|          32|
    |grp_fu_1902_p0                      |    select|   0|  0|  32|           1|          32|
    |grp_fu_1907_p0                      |    select|   0|  0|  32|           1|          32|
    |grp_fu_1912_p0                      |    select|   0|  0|  32|           1|          32|
    |grp_fu_1917_p0                      |    select|   0|  0|  32|           1|          32|
    |grp_fu_1922_p0                      |    select|   0|  0|  32|           1|          32|
    |grp_fu_1927_p0                      |    select|   0|  0|  32|           1|          32|
    |grp_fu_1932_p0                      |    select|   0|  0|  32|           1|          32|
    |grp_fu_1937_p0                      |    select|   0|  0|  32|           1|          32|
    |grp_fu_1942_p0                      |    select|   0|  0|  32|           1|          32|
    |grp_fu_1947_p0                      |    select|   0|  0|  32|           1|          32|
    |grp_fu_1952_p0                      |    select|   0|  0|  32|           1|          32|
    |select_ln65_1_fu_2869_p3            |    select|   0|  0|   6|           1|           6|
    |select_ln65_fu_2218_p3              |    select|   0|  0|   4|           1|           1|
    |select_ln66_1_fu_2304_p3            |    select|   0|  0|   4|           1|           4|
    |select_ln66_2_fu_2422_p3            |    select|   0|  0|  11|           1|           1|
    |select_ln66_fu_2468_p3              |    select|   0|  0|   2|           1|           1|
    |select_ln67_1_fu_2481_p3            |    select|   0|  0|   2|           1|           2|
    |select_ln67_2_fu_2408_p3            |    select|   0|  0|   7|           1|           1|
    |select_ln67_fu_2324_p3              |    select|   0|  0|   2|           1|           1|
    |select_ln68_1_fu_2374_p3            |    select|   0|  0|   2|           1|           2|
    |select_ln68_2_fu_2394_p3            |    select|   0|  0|   6|           1|           1|
    |select_ln68_fu_2362_p3              |    select|   0|  0|   4|           1|           1|
    |ap_enable_pp0                       |       xor|   0|  0|   2|           1|           2|
    |xor_ln65_fu_2226_p2                 |       xor|   0|  0|   2|           1|           2|
    |xor_ln66_fu_2274_p2                 |       xor|   0|  0|   2|           1|           2|
    |xor_ln67_fu_2332_p2                 |       xor|   0|  0|   2|           2|           1|
    +------------------------------------+----------+----+---+----+------------+------------+
    |Total                               |          |   0|  0|2364|         847|        1656|
    +------------------------------------+----------+----+---+----+------------+------------+

    * Multiplexer: 
    +----------------------------------------+----+-----------+-----+-----------+
    |                  Name                  | LUT| Input Size| Bits| Total Bits|
    +----------------------------------------+----+-----------+-----+-----------+
    |ap_done_int                             |   9|          2|    1|          2|
    |ap_enable_reg_pp0_iter1                 |   9|          2|    1|          2|
    |ap_sig_allocacmp_indvar_flatten12_load  |   9|          2|    7|         14|
    |ap_sig_allocacmp_indvar_flatten34_load  |   9|          2|   11|         22|
    |ap_sig_allocacmp_indvar_flatten65_load  |   9|          2|   15|         30|
    |ap_sig_allocacmp_indvar_flatten_load    |   9|          2|    6|         12|
    |ap_sig_allocacmp_v21_load               |   9|          2|    6|         12|
    |ap_sig_allocacmp_v22_load               |   9|          2|    4|          8|
    |ap_sig_allocacmp_v23_load               |   9|          2|    2|          4|
    |ap_sig_allocacmp_v24_load               |   9|          2|    2|          4|
    |ap_sig_allocacmp_v25_load               |   9|          2|    4|          8|
    |indvar_flatten12_fu_230                 |   9|          2|    7|         14|
    |indvar_flatten34_fu_238                 |   9|          2|   11|         22|
    |indvar_flatten65_fu_246                 |   9|          2|   15|         30|
    |indvar_flatten_fu_222                   |   9|          2|    6|         12|
    |v19_10_blk_n                            |   9|          2|    1|          2|
    |v19_11_blk_n                            |   9|          2|    1|          2|
    |v19_12_blk_n                            |   9|          2|    1|          2|
    |v19_13_blk_n                            |   9|          2|    1|          2|
    |v19_14_blk_n                            |   9|          2|    1|          2|
    |v19_15_blk_n                            |   9|          2|    1|          2|
    |v19_16_blk_n                            |   9|          2|    1|          2|
    |v19_17_blk_n                            |   9|          2|    1|          2|
    |v19_18_blk_n                            |   9|          2|    1|          2|
    |v19_19_blk_n                            |   9|          2|    1|          2|
    |v19_1_blk_n                             |   9|          2|    1|          2|
    |v19_20_blk_n                            |   9|          2|    1|          2|
    |v19_21_blk_n                            |   9|          2|    1|          2|
    |v19_22_blk_n                            |   9|          2|    1|          2|
    |v19_23_blk_n                            |   9|          2|    1|          2|
    |v19_24_blk_n                            |   9|          2|    1|          2|
    |v19_25_blk_n                            |   9|          2|    1|          2|
    |v19_26_blk_n                            |   9|          2|    1|          2|
    |v19_27_blk_n                            |   9|          2|    1|          2|
    |v19_2_blk_n                             |   9|          2|    1|          2|
    |v19_3_blk_n                             |   9|          2|    1|          2|
    |v19_4_blk_n                             |   9|          2|    1|          2|
    |v19_5_blk_n                             |   9|          2|    1|          2|
    |v19_6_blk_n                             |   9|          2|    1|          2|
    |v19_7_blk_n                             |   9|          2|    1|          2|
    |v19_8_blk_n                             |   9|          2|    1|          2|
    |v19_9_blk_n                             |   9|          2|    1|          2|
    |v19_blk_n                               |   9|          2|    1|          2|
    |v21_fu_242                              |   9|          2|    6|         12|
    |v22_fu_234                              |   9|          2|    4|          8|
    |v23_fu_226                              |   9|          2|    2|          4|
    |v24_fu_218                              |   9|          2|    2|          4|
    |v25_fu_214                              |   9|          2|    4|          8|
    |v4_10_address0                          |  20|          4|   14|         56|
    |v4_10_address1                          |  20|          4|   14|         56|
    |v4_11_address0                          |  20|          4|   14|         56|
    |v4_11_address1                          |  20|          4|   14|         56|
    |v4_12_address0                          |  20|          4|   14|         56|
    |v4_12_address1                          |  20|          4|   14|         56|
    |v4_13_address0                          |  20|          4|   14|         56|
    |v4_13_address1                          |  20|          4|   14|         56|
    |v4_1_address0                           |  20|          4|   14|         56|
    |v4_1_address1                           |  20|          4|   14|         56|
    |v4_2_address0                           |  20|          4|   14|         56|
    |v4_2_address1                           |  20|          4|   14|         56|
    |v4_3_address0                           |  20|          4|   14|         56|
    |v4_3_address1                           |  20|          4|   14|         56|
    |v4_4_address0                           |  20|          4|   14|         56|
    |v4_4_address1                           |  20|          4|   14|         56|
    |v4_5_address0                           |  20|          4|   14|         56|
    |v4_5_address1                           |  20|          4|   14|         56|
    |v4_6_address0                           |  20|          4|   14|         56|
    |v4_6_address1                           |  20|          4|   14|         56|
    |v4_7_address0                           |  20|          4|   14|         56|
    |v4_7_address1                           |  20|          4|   14|         56|
    |v4_8_address0                           |  20|          4|   14|         56|
    |v4_8_address1                           |  20|          4|   14|         56|
    |v4_9_address0                           |  20|          4|   14|         56|
    |v4_9_address1                           |  20|          4|   14|         56|
    |v4_address0                             |  20|          4|   14|         56|
    |v4_address1                             |  20|          4|   14|         56|
    +----------------------------------------+----+-----------+-----+-----------+
    |Total                                   | 992|        208|  536|       1856|
    +----------------------------------------+----+-----------+-----+-----------+

    * Register: 
    +--------------------------------------------------+----+----+-----+-----------+
    |                       Name                       | FF | LUT| Bits| Const Bits|
    +--------------------------------------------------+----+----+-----+-----------+
    |add_ln77_1_reg_4825                               |  14|   0|   14|          0|
    |add_ln77_6_reg_4843                               |  14|   0|   14|          0|
    |add_ln78_reg_4861                                 |   7|   0|    7|          0|
    |add_ln82_1_reg_5297                               |  12|   0|   12|          0|
    |add_ln82_reg_4867                                 |   9|   0|    9|          0|
    |and_ln66_1_reg_4637                               |   1|   0|    1|          0|
    |ap_CS_fsm                                         |   1|   0|    1|          0|
    |ap_condition_exit_pp0_iter0_stage0_pp0_iter1_reg  |   1|   0|    1|          0|
    |ap_condition_exit_pp0_iter0_stage0_pp0_iter2_reg  |   1|   0|    1|          0|
    |ap_condition_exit_pp0_iter0_stage0_pp0_iter3_reg  |   1|   0|    1|          0|
    |ap_condition_exit_pp0_iter0_stage0_pp0_iter4_reg  |   1|   0|    1|          0|
    |ap_done_reg                                       |   1|   0|    1|          0|
    |ap_enable_reg_pp0_iter1                           |   1|   0|    1|          0|
    |ap_enable_reg_pp0_iter10                          |   1|   0|    1|          0|
    |ap_enable_reg_pp0_iter11                          |   1|   0|    1|          0|
    |ap_enable_reg_pp0_iter12                          |   1|   0|    1|          0|
    |ap_enable_reg_pp0_iter13                          |   1|   0|    1|          0|
    |ap_enable_reg_pp0_iter14                          |   1|   0|    1|          0|
    |ap_enable_reg_pp0_iter15                          |   1|   0|    1|          0|
    |ap_enable_reg_pp0_iter16                          |   1|   0|    1|          0|
    |ap_enable_reg_pp0_iter2                           |   1|   0|    1|          0|
    |ap_enable_reg_pp0_iter3                           |   1|   0|    1|          0|
    |ap_enable_reg_pp0_iter4                           |   1|   0|    1|          0|
    |ap_enable_reg_pp0_iter5                           |   1|   0|    1|          0|
    |ap_enable_reg_pp0_iter6                           |   1|   0|    1|          0|
    |ap_enable_reg_pp0_iter7                           |   1|   0|    1|          0|
    |ap_enable_reg_pp0_iter8                           |   1|   0|    1|          0|
    |ap_enable_reg_pp0_iter9                           |   1|   0|    1|          0|
    |ap_loop_exit_ready_pp0_iter10_reg                 |   1|   0|    1|          0|
    |ap_loop_exit_ready_pp0_iter11_reg                 |   1|   0|    1|          0|
    |ap_loop_exit_ready_pp0_iter12_reg                 |   1|   0|    1|          0|
    |ap_loop_exit_ready_pp0_iter13_reg                 |   1|   0|    1|          0|
    |ap_loop_exit_ready_pp0_iter14_reg                 |   1|   0|    1|          0|
    |ap_loop_exit_ready_pp0_iter15_reg                 |   1|   0|    1|          0|
    |ap_loop_exit_ready_pp0_iter1_reg                  |   1|   0|    1|          0|
    |ap_loop_exit_ready_pp0_iter2_reg                  |   1|   0|    1|          0|
    |ap_loop_exit_ready_pp0_iter3_reg                  |   1|   0|    1|          0|
    |ap_loop_exit_ready_pp0_iter4_reg                  |   1|   0|    1|          0|
    |ap_loop_exit_ready_pp0_iter5_reg                  |   1|   0|    1|          0|
    |ap_loop_exit_ready_pp0_iter6_reg                  |   1|   0|    1|          0|
    |ap_loop_exit_ready_pp0_iter7_reg                  |   1|   0|    1|          0|
    |ap_loop_exit_ready_pp0_iter8_reg                  |   1|   0|    1|          0|
    |ap_loop_exit_ready_pp0_iter9_reg                  |   1|   0|    1|          0|
    |ap_loop_init_pp0_iter1_reg                        |   1|   0|    1|          0|
    |ap_loop_init_pp0_iter2_reg                        |   1|   0|    1|          0|
    |ap_loop_init_pp0_iter3_reg                        |   1|   0|    1|          0|
    |brmerge202_reg_4821                               |   1|   0|    1|          0|
    |empty_146_reg_4789                                |   1|   0|    1|          0|
    |icmp_ln66_reg_4627                                |   1|   0|    1|          0|
    |indvar_flatten12_fu_230                           |   7|   0|    7|          0|
    |indvar_flatten34_fu_238                           |  11|   0|   11|          0|
    |indvar_flatten65_fu_246                           |  15|   0|   15|          0|
    |indvar_flatten_fu_222                             |   6|   0|    6|          0|
    |mul_ln77_reg_4783                                 |  11|   0|   11|          0|
    |or_ln66_reg_4632                                  |   1|   0|    1|          0|
    |select_ln65_1_reg_4777                            |   6|   0|    6|          0|
    |select_ln66_1_reg_4642                            |   4|   0|    4|          0|
    |select_ln67_1_reg_4704                            |   2|   0|    2|          0|
    |select_ln68_1_reg_4663                            |   2|   0|    2|          0|
    |select_ln68_reg_4650                              |   4|   0|    4|          0|
    |trunc_ln68_reg_4658                               |   3|   0|    3|          0|
    |v1829_addr_reg_5636                               |  12|   0|   12|          0|
    |v18_10_addr_reg_5534                              |  12|   0|   12|          0|
    |v18_11_addr_reg_5540                              |  12|   0|   12|          0|
    |v18_12_addr_reg_5546                              |  12|   0|   12|          0|
    |v18_13_addr_reg_5552                              |  12|   0|   12|          0|
    |v18_14_addr_reg_5558                              |  12|   0|   12|          0|
    |v18_15_addr_reg_5564                              |  12|   0|   12|          0|
    |v18_16_addr_reg_5570                              |  12|   0|   12|          0|
    |v18_17_addr_reg_5576                              |  12|   0|   12|          0|
    |v18_18_addr_reg_5582                              |  12|   0|   12|          0|
    |v18_19_addr_reg_5588                              |  12|   0|   12|          0|
    |v18_1_addr_reg_5480                               |  12|   0|   12|          0|
    |v18_20_addr_reg_5594                              |  12|   0|   12|          0|
    |v18_21_addr_reg_5600                              |  12|   0|   12|          0|
    |v18_22_addr_reg_5606                              |  12|   0|   12|          0|
    |v18_23_addr_reg_5612                              |  12|   0|   12|          0|
    |v18_24_addr_reg_5618                              |  12|   0|   12|          0|
    |v18_25_addr_reg_5624                              |  12|   0|   12|          0|
    |v18_26_addr_reg_5630                              |  12|   0|   12|          0|
    |v18_2_addr_reg_5486                               |  12|   0|   12|          0|
    |v18_3_addr_reg_5492                               |  12|   0|   12|          0|
    |v18_4_addr_reg_5498                               |  12|   0|   12|          0|
    |v18_5_addr_reg_5504                               |  12|   0|   12|          0|
    |v18_6_addr_reg_5510                               |  12|   0|   12|          0|
    |v18_7_addr_reg_5516                               |  12|   0|   12|          0|
    |v18_8_addr_reg_5522                               |  12|   0|   12|          0|
    |v18_9_addr_reg_5528                               |  12|   0|   12|          0|
    |v18_addr_reg_5474                                 |  12|   0|   12|          0|
    |v21_fu_242                                        |   6|   0|    6|          0|
    |v22_fu_234                                        |   4|   0|    4|          0|
    |v23_fu_226                                        |   2|   0|    2|          0|
    |v24_fu_218                                        |   2|   0|    2|          0|
    |v25_fu_214                                        |   4|   0|    4|          0|
    |v34_10_reg_5692                                   |  32|   0|   32|          0|
    |v34_11_reg_5697                                   |  32|   0|   32|          0|
    |v34_12_reg_5702                                   |  32|   0|   32|          0|
    |v34_13_reg_5707                                   |  32|   0|   32|          0|
    |v34_14_reg_5712                                   |  32|   0|   32|          0|
    |v34_15_reg_5717                                   |  32|   0|   32|          0|
    |v34_16_reg_5722                                   |  32|   0|   32|          0|
    |v34_17_reg_5727                                   |  32|   0|   32|          0|
    |v34_18_reg_5732                                   |  32|   0|   32|          0|
    |v34_19_reg_5737                                   |  32|   0|   32|          0|
    |v34_1_reg_5647                                    |  32|   0|   32|          0|
    |v34_20_reg_5742                                   |  32|   0|   32|          0|
    |v34_21_reg_5747                                   |  32|   0|   32|          0|
    |v34_22_reg_5752                                   |  32|   0|   32|          0|
    |v34_23_reg_5757                                   |  32|   0|   32|          0|
    |v34_24_reg_5762                                   |  32|   0|   32|          0|
    |v34_25_reg_5767                                   |  32|   0|   32|          0|
    |v34_26_reg_5772                                   |  32|   0|   32|          0|
    |v34_27_reg_5777                                   |  32|   0|   32|          0|
    |v34_2_reg_5652                                    |  32|   0|   32|          0|
    |v34_3_reg_5657                                    |  32|   0|   32|          0|
    |v34_4_reg_5662                                    |  32|   0|   32|          0|
    |v34_5_reg_5667                                    |  32|   0|   32|          0|
    |v34_6_reg_5672                                    |  32|   0|   32|          0|
    |v34_7_reg_5677                                    |  32|   0|   32|          0|
    |v34_8_reg_5682                                    |  32|   0|   32|          0|
    |v34_9_reg_5687                                    |  32|   0|   32|          0|
    |v34_reg_5642                                      |  32|   0|   32|          0|
    |add_ln82_1_reg_5297                               |  64|  32|   12|          0|
    |brmerge202_reg_4821                               |  64|  32|    1|          0|
    |empty_146_reg_4789                                |  64|  32|    1|          0|
    |icmp_ln66_reg_4627                                |  64|  32|    1|          0|
    |select_ln66_1_reg_4642                            |  64|  32|    4|          0|
    |select_ln67_1_reg_4704                            |  64|  32|    2|          0|
    |select_ln68_1_reg_4663                            |  64|  32|    2|          0|
    |select_ln68_reg_4650                              |  64|  32|    4|          0|
    |trunc_ln68_reg_4658                               |  64|  32|    3|          0|
    |v1829_addr_reg_5636                               |  64|  32|   12|          0|
    |v18_10_addr_reg_5534                              |  64|  32|   12|          0|
    |v18_11_addr_reg_5540                              |  64|  32|   12|          0|
    |v18_12_addr_reg_5546                              |  64|  32|   12|          0|
    |v18_13_addr_reg_5552                              |  64|  32|   12|          0|
    |v18_14_addr_reg_5558                              |  64|  32|   12|          0|
    |v18_15_addr_reg_5564                              |  64|  32|   12|          0|
    |v18_16_addr_reg_5570                              |  64|  32|   12|          0|
    |v18_17_addr_reg_5576                              |  64|  32|   12|          0|
    |v18_18_addr_reg_5582                              |  64|  32|   12|          0|
    |v18_19_addr_reg_5588                              |  64|  32|   12|          0|
    |v18_1_addr_reg_5480                               |  64|  32|   12|          0|
    |v18_20_addr_reg_5594                              |  64|  32|   12|          0|
    |v18_21_addr_reg_5600                              |  64|  32|   12|          0|
    |v18_22_addr_reg_5606                              |  64|  32|   12|          0|
    |v18_23_addr_reg_5612                              |  64|  32|   12|          0|
    |v18_24_addr_reg_5618                              |  64|  32|   12|          0|
    |v18_25_addr_reg_5624                              |  64|  32|   12|          0|
    |v18_26_addr_reg_5630                              |  64|  32|   12|          0|
    |v18_2_addr_reg_5486                               |  64|  32|   12|          0|
    |v18_3_addr_reg_5492                               |  64|  32|   12|          0|
    |v18_4_addr_reg_5498                               |  64|  32|   12|          0|
    |v18_5_addr_reg_5504                               |  64|  32|   12|          0|
    |v18_6_addr_reg_5510                               |  64|  32|   12|          0|
    |v18_7_addr_reg_5516                               |  64|  32|   12|          0|
    |v18_8_addr_reg_5522                               |  64|  32|   12|          0|
    |v18_9_addr_reg_5528                               |  64|  32|   12|          0|
    |v18_addr_reg_5474                                 |  64|  32|   12|          0|
    +--------------------------------------------------+----+----+-----+-----------+
    |Total                                             |3790|1184| 1788|          0|
    +--------------------------------------------------+----+----+-----+-----------+



================================================================
== Interface
================================================================
* Summary: 
+-----------------------+-----+-----+------------+-------------------+--------------+
|       RTL Ports       | Dir | Bits|  Protocol  |   Source Object   |    C Type    |
+-----------------------+-----+-----+------------+-------------------+--------------+
|ap_clk                 |   in|    1|  ap_ctrl_hs|  Loop_loop12_proc1|  return value|
|ap_rst                 |   in|    1|  ap_ctrl_hs|  Loop_loop12_proc1|  return value|
|ap_start               |   in|    1|  ap_ctrl_hs|  Loop_loop12_proc1|  return value|
|ap_done                |  out|    1|  ap_ctrl_hs|  Loop_loop12_proc1|  return value|
|ap_continue            |   in|    1|  ap_ctrl_hs|  Loop_loop12_proc1|  return value|
|ap_idle                |  out|    1|  ap_ctrl_hs|  Loop_loop12_proc1|  return value|
|ap_ready               |  out|    1|  ap_ctrl_hs|  Loop_loop12_proc1|  return value|
|v19_din                |  out|   32|     ap_fifo|                v19|       pointer|
|v19_num_data_valid     |   in|   13|     ap_fifo|                v19|       pointer|
|v19_fifo_cap           |   in|   13|     ap_fifo|                v19|       pointer|
|v19_full_n             |   in|    1|     ap_fifo|                v19|       pointer|
|v19_write              |  out|    1|     ap_fifo|                v19|       pointer|
|v19_1_din              |  out|   32|     ap_fifo|              v19_1|       pointer|
|v19_1_num_data_valid   |   in|   13|     ap_fifo|              v19_1|       pointer|
|v19_1_fifo_cap         |   in|   13|     ap_fifo|              v19_1|       pointer|
|v19_1_full_n           |   in|    1|     ap_fifo|              v19_1|       pointer|
|v19_1_write            |  out|    1|     ap_fifo|              v19_1|       pointer|
|v19_2_din              |  out|   32|     ap_fifo|              v19_2|       pointer|
|v19_2_num_data_valid   |   in|   13|     ap_fifo|              v19_2|       pointer|
|v19_2_fifo_cap         |   in|   13|     ap_fifo|              v19_2|       pointer|
|v19_2_full_n           |   in|    1|     ap_fifo|              v19_2|       pointer|
|v19_2_write            |  out|    1|     ap_fifo|              v19_2|       pointer|
|v19_3_din              |  out|   32|     ap_fifo|              v19_3|       pointer|
|v19_3_num_data_valid   |   in|   13|     ap_fifo|              v19_3|       pointer|
|v19_3_fifo_cap         |   in|   13|     ap_fifo|              v19_3|       pointer|
|v19_3_full_n           |   in|    1|     ap_fifo|              v19_3|       pointer|
|v19_3_write            |  out|    1|     ap_fifo|              v19_3|       pointer|
|v19_4_din              |  out|   32|     ap_fifo|              v19_4|       pointer|
|v19_4_num_data_valid   |   in|   13|     ap_fifo|              v19_4|       pointer|
|v19_4_fifo_cap         |   in|   13|     ap_fifo|              v19_4|       pointer|
|v19_4_full_n           |   in|    1|     ap_fifo|              v19_4|       pointer|
|v19_4_write            |  out|    1|     ap_fifo|              v19_4|       pointer|
|v19_5_din              |  out|   32|     ap_fifo|              v19_5|       pointer|
|v19_5_num_data_valid   |   in|   13|     ap_fifo|              v19_5|       pointer|
|v19_5_fifo_cap         |   in|   13|     ap_fifo|              v19_5|       pointer|
|v19_5_full_n           |   in|    1|     ap_fifo|              v19_5|       pointer|
|v19_5_write            |  out|    1|     ap_fifo|              v19_5|       pointer|
|v19_6_din              |  out|   32|     ap_fifo|              v19_6|       pointer|
|v19_6_num_data_valid   |   in|   13|     ap_fifo|              v19_6|       pointer|
|v19_6_fifo_cap         |   in|   13|     ap_fifo|              v19_6|       pointer|
|v19_6_full_n           |   in|    1|     ap_fifo|              v19_6|       pointer|
|v19_6_write            |  out|    1|     ap_fifo|              v19_6|       pointer|
|v19_7_din              |  out|   32|     ap_fifo|              v19_7|       pointer|
|v19_7_num_data_valid   |   in|   13|     ap_fifo|              v19_7|       pointer|
|v19_7_fifo_cap         |   in|   13|     ap_fifo|              v19_7|       pointer|
|v19_7_full_n           |   in|    1|     ap_fifo|              v19_7|       pointer|
|v19_7_write            |  out|    1|     ap_fifo|              v19_7|       pointer|
|v19_8_din              |  out|   32|     ap_fifo|              v19_8|       pointer|
|v19_8_num_data_valid   |   in|   13|     ap_fifo|              v19_8|       pointer|
|v19_8_fifo_cap         |   in|   13|     ap_fifo|              v19_8|       pointer|
|v19_8_full_n           |   in|    1|     ap_fifo|              v19_8|       pointer|
|v19_8_write            |  out|    1|     ap_fifo|              v19_8|       pointer|
|v19_9_din              |  out|   32|     ap_fifo|              v19_9|       pointer|
|v19_9_num_data_valid   |   in|   13|     ap_fifo|              v19_9|       pointer|
|v19_9_fifo_cap         |   in|   13|     ap_fifo|              v19_9|       pointer|
|v19_9_full_n           |   in|    1|     ap_fifo|              v19_9|       pointer|
|v19_9_write            |  out|    1|     ap_fifo|              v19_9|       pointer|
|v19_10_din             |  out|   32|     ap_fifo|             v19_10|       pointer|
|v19_10_num_data_valid  |   in|   13|     ap_fifo|             v19_10|       pointer|
|v19_10_fifo_cap        |   in|   13|     ap_fifo|             v19_10|       pointer|
|v19_10_full_n          |   in|    1|     ap_fifo|             v19_10|       pointer|
|v19_10_write           |  out|    1|     ap_fifo|             v19_10|       pointer|
|v19_11_din             |  out|   32|     ap_fifo|             v19_11|       pointer|
|v19_11_num_data_valid  |   in|   13|     ap_fifo|             v19_11|       pointer|
|v19_11_fifo_cap        |   in|   13|     ap_fifo|             v19_11|       pointer|
|v19_11_full_n          |   in|    1|     ap_fifo|             v19_11|       pointer|
|v19_11_write           |  out|    1|     ap_fifo|             v19_11|       pointer|
|v19_12_din             |  out|   32|     ap_fifo|             v19_12|       pointer|
|v19_12_num_data_valid  |   in|   13|     ap_fifo|             v19_12|       pointer|
|v19_12_fifo_cap        |   in|   13|     ap_fifo|             v19_12|       pointer|
|v19_12_full_n          |   in|    1|     ap_fifo|             v19_12|       pointer|
|v19_12_write           |  out|    1|     ap_fifo|             v19_12|       pointer|
|v19_13_din             |  out|   32|     ap_fifo|             v19_13|       pointer|
|v19_13_num_data_valid  |   in|   13|     ap_fifo|             v19_13|       pointer|
|v19_13_fifo_cap        |   in|   13|     ap_fifo|             v19_13|       pointer|
|v19_13_full_n          |   in|    1|     ap_fifo|             v19_13|       pointer|
|v19_13_write           |  out|    1|     ap_fifo|             v19_13|       pointer|
|v19_14_din             |  out|   32|     ap_fifo|             v19_14|       pointer|
|v19_14_num_data_valid  |   in|   13|     ap_fifo|             v19_14|       pointer|
|v19_14_fifo_cap        |   in|   13|     ap_fifo|             v19_14|       pointer|
|v19_14_full_n          |   in|    1|     ap_fifo|             v19_14|       pointer|
|v19_14_write           |  out|    1|     ap_fifo|             v19_14|       pointer|
|v19_15_din             |  out|   32|     ap_fifo|             v19_15|       pointer|
|v19_15_num_data_valid  |   in|   13|     ap_fifo|             v19_15|       pointer|
|v19_15_fifo_cap        |   in|   13|     ap_fifo|             v19_15|       pointer|
|v19_15_full_n          |   in|    1|     ap_fifo|             v19_15|       pointer|
|v19_15_write           |  out|    1|     ap_fifo|             v19_15|       pointer|
|v19_16_din             |  out|   32|     ap_fifo|             v19_16|       pointer|
|v19_16_num_data_valid  |   in|   13|     ap_fifo|             v19_16|       pointer|
|v19_16_fifo_cap        |   in|   13|     ap_fifo|             v19_16|       pointer|
|v19_16_full_n          |   in|    1|     ap_fifo|             v19_16|       pointer|
|v19_16_write           |  out|    1|     ap_fifo|             v19_16|       pointer|
|v19_17_din             |  out|   32|     ap_fifo|             v19_17|       pointer|
|v19_17_num_data_valid  |   in|   13|     ap_fifo|             v19_17|       pointer|
|v19_17_fifo_cap        |   in|   13|     ap_fifo|             v19_17|       pointer|
|v19_17_full_n          |   in|    1|     ap_fifo|             v19_17|       pointer|
|v19_17_write           |  out|    1|     ap_fifo|             v19_17|       pointer|
|v19_18_din             |  out|   32|     ap_fifo|             v19_18|       pointer|
|v19_18_num_data_valid  |   in|   13|     ap_fifo|             v19_18|       pointer|
|v19_18_fifo_cap        |   in|   13|     ap_fifo|             v19_18|       pointer|
|v19_18_full_n          |   in|    1|     ap_fifo|             v19_18|       pointer|
|v19_18_write           |  out|    1|     ap_fifo|             v19_18|       pointer|
|v19_19_din             |  out|   32|     ap_fifo|             v19_19|       pointer|
|v19_19_num_data_valid  |   in|   13|     ap_fifo|             v19_19|       pointer|
|v19_19_fifo_cap        |   in|   13|     ap_fifo|             v19_19|       pointer|
|v19_19_full_n          |   in|    1|     ap_fifo|             v19_19|       pointer|
|v19_19_write           |  out|    1|     ap_fifo|             v19_19|       pointer|
|v19_20_din             |  out|   32|     ap_fifo|             v19_20|       pointer|
|v19_20_num_data_valid  |   in|   13|     ap_fifo|             v19_20|       pointer|
|v19_20_fifo_cap        |   in|   13|     ap_fifo|             v19_20|       pointer|
|v19_20_full_n          |   in|    1|     ap_fifo|             v19_20|       pointer|
|v19_20_write           |  out|    1|     ap_fifo|             v19_20|       pointer|
|v19_21_din             |  out|   32|     ap_fifo|             v19_21|       pointer|
|v19_21_num_data_valid  |   in|   13|     ap_fifo|             v19_21|       pointer|
|v19_21_fifo_cap        |   in|   13|     ap_fifo|             v19_21|       pointer|
|v19_21_full_n          |   in|    1|     ap_fifo|             v19_21|       pointer|
|v19_21_write           |  out|    1|     ap_fifo|             v19_21|       pointer|
|v19_22_din             |  out|   32|     ap_fifo|             v19_22|       pointer|
|v19_22_num_data_valid  |   in|   13|     ap_fifo|             v19_22|       pointer|
|v19_22_fifo_cap        |   in|   13|     ap_fifo|             v19_22|       pointer|
|v19_22_full_n          |   in|    1|     ap_fifo|             v19_22|       pointer|
|v19_22_write           |  out|    1|     ap_fifo|             v19_22|       pointer|
|v19_23_din             |  out|   32|     ap_fifo|             v19_23|       pointer|
|v19_23_num_data_valid  |   in|   13|     ap_fifo|             v19_23|       pointer|
|v19_23_fifo_cap        |   in|   13|     ap_fifo|             v19_23|       pointer|
|v19_23_full_n          |   in|    1|     ap_fifo|             v19_23|       pointer|
|v19_23_write           |  out|    1|     ap_fifo|             v19_23|       pointer|
|v19_24_din             |  out|   32|     ap_fifo|             v19_24|       pointer|
|v19_24_num_data_valid  |   in|   13|     ap_fifo|             v19_24|       pointer|
|v19_24_fifo_cap        |   in|   13|     ap_fifo|             v19_24|       pointer|
|v19_24_full_n          |   in|    1|     ap_fifo|             v19_24|       pointer|
|v19_24_write           |  out|    1|     ap_fifo|             v19_24|       pointer|
|v19_25_din             |  out|   32|     ap_fifo|             v19_25|       pointer|
|v19_25_num_data_valid  |   in|   13|     ap_fifo|             v19_25|       pointer|
|v19_25_fifo_cap        |   in|   13|     ap_fifo|             v19_25|       pointer|
|v19_25_full_n          |   in|    1|     ap_fifo|             v19_25|       pointer|
|v19_25_write           |  out|    1|     ap_fifo|             v19_25|       pointer|
|v19_26_din             |  out|   32|     ap_fifo|             v19_26|       pointer|
|v19_26_num_data_valid  |   in|   13|     ap_fifo|             v19_26|       pointer|
|v19_26_fifo_cap        |   in|   13|     ap_fifo|             v19_26|       pointer|
|v19_26_full_n          |   in|    1|     ap_fifo|             v19_26|       pointer|
|v19_26_write           |  out|    1|     ap_fifo|             v19_26|       pointer|
|v19_27_din             |  out|   32|     ap_fifo|             v19_27|       pointer|
|v19_27_num_data_valid  |   in|   13|     ap_fifo|             v19_27|       pointer|
|v19_27_fifo_cap        |   in|   13|     ap_fifo|             v19_27|       pointer|
|v19_27_full_n          |   in|    1|     ap_fifo|             v19_27|       pointer|
|v19_27_write           |  out|    1|     ap_fifo|             v19_27|       pointer|
|v4_address0            |  out|   14|   ap_memory|                 v4|         array|
|v4_ce0                 |  out|    1|   ap_memory|                 v4|         array|
|v4_q0                  |   in|   32|   ap_memory|                 v4|         array|
|v4_address1            |  out|   14|   ap_memory|                 v4|         array|
|v4_ce1                 |  out|    1|   ap_memory|                 v4|         array|
|v4_q1                  |   in|   32|   ap_memory|                 v4|         array|
|v4_1_address0          |  out|   14|   ap_memory|               v4_1|         array|
|v4_1_ce0               |  out|    1|   ap_memory|               v4_1|         array|
|v4_1_q0                |   in|   32|   ap_memory|               v4_1|         array|
|v4_1_address1          |  out|   14|   ap_memory|               v4_1|         array|
|v4_1_ce1               |  out|    1|   ap_memory|               v4_1|         array|
|v4_1_q1                |   in|   32|   ap_memory|               v4_1|         array|
|v4_2_address0          |  out|   14|   ap_memory|               v4_2|         array|
|v4_2_ce0               |  out|    1|   ap_memory|               v4_2|         array|
|v4_2_q0                |   in|   32|   ap_memory|               v4_2|         array|
|v4_2_address1          |  out|   14|   ap_memory|               v4_2|         array|
|v4_2_ce1               |  out|    1|   ap_memory|               v4_2|         array|
|v4_2_q1                |   in|   32|   ap_memory|               v4_2|         array|
|v4_3_address0          |  out|   14|   ap_memory|               v4_3|         array|
|v4_3_ce0               |  out|    1|   ap_memory|               v4_3|         array|
|v4_3_q0                |   in|   32|   ap_memory|               v4_3|         array|
|v4_3_address1          |  out|   14|   ap_memory|               v4_3|         array|
|v4_3_ce1               |  out|    1|   ap_memory|               v4_3|         array|
|v4_3_q1                |   in|   32|   ap_memory|               v4_3|         array|
|v4_4_address0          |  out|   14|   ap_memory|               v4_4|         array|
|v4_4_ce0               |  out|    1|   ap_memory|               v4_4|         array|
|v4_4_q0                |   in|   32|   ap_memory|               v4_4|         array|
|v4_4_address1          |  out|   14|   ap_memory|               v4_4|         array|
|v4_4_ce1               |  out|    1|   ap_memory|               v4_4|         array|
|v4_4_q1                |   in|   32|   ap_memory|               v4_4|         array|
|v4_5_address0          |  out|   14|   ap_memory|               v4_5|         array|
|v4_5_ce0               |  out|    1|   ap_memory|               v4_5|         array|
|v4_5_q0                |   in|   32|   ap_memory|               v4_5|         array|
|v4_5_address1          |  out|   14|   ap_memory|               v4_5|         array|
|v4_5_ce1               |  out|    1|   ap_memory|               v4_5|         array|
|v4_5_q1                |   in|   32|   ap_memory|               v4_5|         array|
|v4_6_address0          |  out|   14|   ap_memory|               v4_6|         array|
|v4_6_ce0               |  out|    1|   ap_memory|               v4_6|         array|
|v4_6_q0                |   in|   32|   ap_memory|               v4_6|         array|
|v4_6_address1          |  out|   14|   ap_memory|               v4_6|         array|
|v4_6_ce1               |  out|    1|   ap_memory|               v4_6|         array|
|v4_6_q1                |   in|   32|   ap_memory|               v4_6|         array|
|v4_7_address0          |  out|   14|   ap_memory|               v4_7|         array|
|v4_7_ce0               |  out|    1|   ap_memory|               v4_7|         array|
|v4_7_q0                |   in|   32|   ap_memory|               v4_7|         array|
|v4_7_address1          |  out|   14|   ap_memory|               v4_7|         array|
|v4_7_ce1               |  out|    1|   ap_memory|               v4_7|         array|
|v4_7_q1                |   in|   32|   ap_memory|               v4_7|         array|
|v4_8_address0          |  out|   14|   ap_memory|               v4_8|         array|
|v4_8_ce0               |  out|    1|   ap_memory|               v4_8|         array|
|v4_8_q0                |   in|   32|   ap_memory|               v4_8|         array|
|v4_8_address1          |  out|   14|   ap_memory|               v4_8|         array|
|v4_8_ce1               |  out|    1|   ap_memory|               v4_8|         array|
|v4_8_q1                |   in|   32|   ap_memory|               v4_8|         array|
|v4_9_address0          |  out|   14|   ap_memory|               v4_9|         array|
|v4_9_ce0               |  out|    1|   ap_memory|               v4_9|         array|
|v4_9_q0                |   in|   32|   ap_memory|               v4_9|         array|
|v4_9_address1          |  out|   14|   ap_memory|               v4_9|         array|
|v4_9_ce1               |  out|    1|   ap_memory|               v4_9|         array|
|v4_9_q1                |   in|   32|   ap_memory|               v4_9|         array|
|v4_10_address0         |  out|   14|   ap_memory|              v4_10|         array|
|v4_10_ce0              |  out|    1|   ap_memory|              v4_10|         array|
|v4_10_q0               |   in|   32|   ap_memory|              v4_10|         array|
|v4_10_address1         |  out|   14|   ap_memory|              v4_10|         array|
|v4_10_ce1              |  out|    1|   ap_memory|              v4_10|         array|
|v4_10_q1               |   in|   32|   ap_memory|              v4_10|         array|
|v4_11_address0         |  out|   14|   ap_memory|              v4_11|         array|
|v4_11_ce0              |  out|    1|   ap_memory|              v4_11|         array|
|v4_11_q0               |   in|   32|   ap_memory|              v4_11|         array|
|v4_11_address1         |  out|   14|   ap_memory|              v4_11|         array|
|v4_11_ce1              |  out|    1|   ap_memory|              v4_11|         array|
|v4_11_q1               |   in|   32|   ap_memory|              v4_11|         array|
|v4_12_address0         |  out|   14|   ap_memory|              v4_12|         array|
|v4_12_ce0              |  out|    1|   ap_memory|              v4_12|         array|
|v4_12_q0               |   in|   32|   ap_memory|              v4_12|         array|
|v4_12_address1         |  out|   14|   ap_memory|              v4_12|         array|
|v4_12_ce1              |  out|    1|   ap_memory|              v4_12|         array|
|v4_12_q1               |   in|   32|   ap_memory|              v4_12|         array|
|v4_13_address0         |  out|   14|   ap_memory|              v4_13|         array|
|v4_13_ce0              |  out|    1|   ap_memory|              v4_13|         array|
|v4_13_q0               |   in|   32|   ap_memory|              v4_13|         array|
|v4_13_address1         |  out|   14|   ap_memory|              v4_13|         array|
|v4_13_ce1              |  out|    1|   ap_memory|              v4_13|         array|
|v4_13_q1               |   in|   32|   ap_memory|              v4_13|         array|
|v2_address0            |  out|    7|   ap_memory|                 v2|         array|
|v2_ce0                 |  out|    1|   ap_memory|                 v2|         array|
|v2_q0                  |   in|   32|   ap_memory|                 v2|         array|
+-----------------------+-----+-----+------------+-------------------+--------------+

