

================================================================
== Vitis HLS Report for 'node13'
================================================================
* Date:           Wed Sep 25 12:58:30 2024

* Version:        2023.2 (Build 4023990 on Oct 11 2023)
* Project:        hls_ResMLP
* Solution:       solution1 (Vivado IP Flow Target)
* Product family: virtexuplusHBM
* Target device:  xcu280-fsvh2892-2L-e


================================================================
== Performance Estimates
================================================================
+ Timing: 
    * Summary: 
    +--------+---------+----------+------------+
    |  Clock |  Target | Estimated| Uncertainty|
    +--------+---------+----------+------------+
    |ap_clk  |  3.33 ns|  2.527 ns|     0.90 ns|
    +--------+---------+----------+------------+

+ Latency: 
    * Summary: 
    +---------+---------+----------+----------+--------+--------+---------+
    |  Latency (cycles) |  Latency (absolute) |     Interval    | Pipeline|
    |   min   |   max   |    min   |    max   |   min  |   max  |   Type  |
    +---------+---------+----------+----------+--------+--------+---------+
    |   524292|   524292|  1.746 ms|  1.746 ms|  524292|  524292|       no|
    +---------+---------+----------+----------+--------+--------+---------+

    + Detail: 
        * Instance: 
        N/A

        * Loop: 
        +-----------------+---------+---------+----------+-----------+-----------+--------+----------+
        |                 |  Latency (cycles) | Iteration|  Initiation Interval  |  Trip  |          |
        |    Loop Name    |   min   |   max   |  Latency |  achieved |   target  |  Count | Pipelined|
        +-----------------+---------+---------+----------+-----------+-----------+--------+----------+
        |- loop30_loop31  |   524290|   524290|         4|          1|          1|  524288|       yes|
        +-----------------+---------+---------+----------+-----------+-----------+--------+----------+



================================================================
== Utilization Estimates
================================================================
* Summary: 
+---------------------+---------+------+---------+---------+-----+
|         Name        | BRAM_18K|  DSP |    FF   |   LUT   | URAM|
+---------------------+---------+------+---------+---------+-----+
|DSP                  |        -|     -|        -|        -|    -|
|Expression           |        -|     -|        0|      161|    -|
|FIFO                 |        -|     -|        -|        -|    -|
|Instance             |        -|     -|        -|        -|    -|
|Memory               |        -|     -|        -|        -|    -|
|Multiplexer          |        -|     -|        -|       81|    -|
|Register             |        -|     -|       99|        -|    -|
+---------------------+---------+------+---------+---------+-----+
|Total                |        0|     0|       99|      242|    0|
+---------------------+---------+------+---------+---------+-----+
|Available SLR        |     1344|  3008|   869120|   434560|  320|
+---------------------+---------+------+---------+---------+-----+
|Utilization SLR (%)  |        0|     0|       ~0|       ~0|    0|
+---------------------+---------+------+---------+---------+-----+
|Available            |     4032|  9024|  2607360|  1303680|  960|
+---------------------+---------+------+---------+---------+-----+
|Utilization (%)      |        0|     0|       ~0|       ~0|    0|
+---------------------+---------+------+---------+---------+-----+

+ Detail: 
    * Instance: 
    N/A

    * DSP: 
    N/A

    * Memory: 
    N/A

    * FIFO: 
    N/A

    * Expression: 
    +---------------------------+----------+----+---+----+------------+------------+
    |       Variable Name       | Operation| DSP| FF| LUT| Bitwidth P0| Bitwidth P1|
    +---------------------------+----------+----+---+----+------------+------------+
    |add_ln338_1_fu_106_p2      |         +|   0|  0|  27|          20|           1|
    |add_ln338_fu_118_p2        |         +|   0|  0|  18|          11|           1|
    |add_ln339_fu_168_p2        |         +|   0|  0|  17|          10|           1|
    |add_ln342_fu_162_p2        |         +|   0|  0|  26|          19|          19|
    |ap_condition_104           |       and|   0|  0|   2|           1|           1|
    |icmp_ln338_fu_100_p2       |      icmp|   0|  0|  28|          20|          21|
    |icmp_ln339_fu_124_p2       |      icmp|   0|  0|  18|          10|          11|
    |ap_block_pp0_stage0_01001  |        or|   0|  0|   2|           1|           1|
    |select_ln338_1_fu_142_p3   |    select|   0|  0|  11|           1|          11|
    |select_ln338_fu_130_p3     |    select|   0|  0|  10|           1|           1|
    |ap_enable_pp0              |       xor|   0|  0|   2|           1|           2|
    +---------------------------+----------+----+---+----+------------+------------+
    |Total                      |          |   0|  0| 161|          95|          70|
    +---------------------------+----------+----+---+----+------------+------------+

    * Multiplexer: 
    +--------------------------------------+----+-----------+-----+-----------+
    |                 Name                 | LUT| Input Size| Bits| Total Bits|
    +--------------------------------------+----+-----------+-----+-----------+
    |ap_done_int                           |   9|          2|    1|          2|
    |ap_enable_reg_pp0_iter1               |   9|          2|    1|          2|
    |ap_sig_allocacmp_indvar_flatten_load  |   9|          2|   20|         40|
    |ap_sig_allocacmp_v139_load            |   9|          2|   11|         22|
    |ap_sig_allocacmp_v140_load            |   9|          2|   10|         20|
    |indvar_flatten_fu_58                  |   9|          2|   20|         40|
    |v139_fu_54                            |   9|          2|   11|         22|
    |v140_fu_50                            |   9|          2|   10|         20|
    |v165_blk_n                            |   9|          2|    1|          2|
    +--------------------------------------+----+-----------+-----+-----------+
    |Total                                 |  81|         18|   85|        170|
    +--------------------------------------+----+-----------+-----+-----------+

    * Register: 
    +----------------------------------+----+----+-----+-----------+
    |               Name               | FF | LUT| Bits| Const Bits|
    +----------------------------------+----+----+-----+-----------+
    |add_ln342_reg_218                 |  19|   0|   19|          0|
    |ap_CS_fsm                         |   1|   0|    1|          0|
    |ap_done_reg                       |   1|   0|    1|          0|
    |ap_enable_reg_pp0_iter1           |   1|   0|    1|          0|
    |ap_enable_reg_pp0_iter2           |   1|   0|    1|          0|
    |ap_enable_reg_pp0_iter3           |   1|   0|    1|          0|
    |ap_loop_exit_ready_pp0_iter1_reg  |   1|   0|    1|          0|
    |ap_loop_exit_ready_pp0_iter2_reg  |   1|   0|    1|          0|
    |indvar_flatten_fu_58              |  20|   0|   20|          0|
    |v139_fu_54                        |  11|   0|   11|          0|
    |v140_fu_50                        |  10|   0|   10|          0|
    |v141_reg_228                      |  32|   0|   32|          0|
    +----------------------------------+----+----+-----+-----------+
    |Total                             |  99|   0|   99|          0|
    +----------------------------------+----+----+-----+-----------+



================================================================
== Interface
================================================================
* Summary: 
+---------------------+-----+-----+------------+--------------+--------------+
|      RTL Ports      | Dir | Bits|  Protocol  | Source Object|    C Type    |
+---------------------+-----+-----+------------+--------------+--------------+
|ap_clk               |   in|    1|  ap_ctrl_hs|        node13|  return value|
|ap_rst               |   in|    1|  ap_ctrl_hs|        node13|  return value|
|ap_start             |   in|    1|  ap_ctrl_hs|        node13|  return value|
|ap_done              |  out|    1|  ap_ctrl_hs|        node13|  return value|
|ap_continue          |   in|    1|  ap_ctrl_hs|        node13|  return value|
|ap_idle              |  out|    1|  ap_ctrl_hs|        node13|  return value|
|ap_ready             |  out|    1|  ap_ctrl_hs|        node13|  return value|
|v165_din             |  out|   32|     ap_fifo|          v165|       pointer|
|v165_num_data_valid  |   in|   20|     ap_fifo|          v165|       pointer|
|v165_fifo_cap        |   in|   20|     ap_fifo|          v165|       pointer|
|v165_full_n          |   in|    1|     ap_fifo|          v165|       pointer|
|v165_write           |  out|    1|     ap_fifo|          v165|       pointer|
|v144_address0        |  out|   19|   ap_memory|          v144|         array|
|v144_ce0             |  out|    1|   ap_memory|          v144|         array|
|v144_q0              |   in|   32|   ap_memory|          v144|         array|
+---------------------+-----+-----+------------+--------------+--------------+

