

================================================================
== Vitis HLS Report for 'node4'
================================================================
* Date:           Thu Jun 13 11:27:19 2024

* Version:        2023.2 (Build 4023990 on Oct 11 2023)
* Project:        hls_ResidualBlock
* Solution:       solution1 (Vivado IP Flow Target)
* Product family: virtexuplus
* Target device:  xcu200-fsgd2104-2-e


================================================================
== Performance Estimates
================================================================
+ Timing: 
    * Summary: 
    +--------+---------+----------+------------+
    |  Clock |  Target | Estimated| Uncertainty|
    +--------+---------+----------+------------+
    |ap_clk  |  3.33 ns|  2.342 ns|     0.90 ns|
    +--------+---------+----------+------------+

+ Latency: 
    * Summary: 
    +---------+---------+----------+----------+-------+-------+---------+
    |  Latency (cycles) |  Latency (absolute) |    Interval   | Pipeline|
    |   min   |   max   |    min   |    max   |  min  |  max  |   Type  |
    +---------+---------+----------+----------+-------+-------+---------+
    |    50192|    50192|  0.167 ms|  0.167 ms|  50192|  50192|       no|
    +---------+---------+----------+----------+-------+-------+---------+

    + Detail: 
        * Instance: 
        N/A

        * Loop: 
        +------------------------+---------+---------+----------+-----------+-----------+-------+----------+
        |                        |  Latency (cycles) | Iteration|  Initiation Interval  |  Trip |          |
        |        Loop Name       |   min   |   max   |  Latency |  achieved |   target  | Count | Pipelined|
        +------------------------+---------+---------+----------+-----------+-----------+-------+----------+
        |- loop18_loop19_loop20  |    50190|    50190|        16|          1|          1|  50176|       yes|
        +------------------------+---------+---------+----------+-----------+-----------+-------+----------+



================================================================
== Utilization Estimates
================================================================
* Summary: 
+---------------------+---------+------+---------+---------+-----+
|         Name        | BRAM_18K|  DSP |    FF   |   LUT   | URAM|
+---------------------+---------+------+---------+---------+-----+
|DSP                  |        -|     -|        -|        -|    -|
|Expression           |        -|     -|        0|      135|    -|
|FIFO                 |        -|     -|        -|        -|    -|
|Instance             |        -|     5|      461|      276|    -|
|Memory               |        -|     -|        -|        -|    -|
|Multiplexer          |        -|     -|        -|       63|    -|
|Register             |        -|     -|      208|        -|    -|
+---------------------+---------+------+---------+---------+-----+
|Total                |        0|     5|      669|      474|    0|
+---------------------+---------+------+---------+---------+-----+
|Available SLR        |     1440|  2280|   788160|   394080|  320|
+---------------------+---------+------+---------+---------+-----+
|Utilization SLR (%)  |        0|    ~0|       ~0|       ~0|    0|
+---------------------+---------+------+---------+---------+-----+
|Available            |     4320|  6840|  2364480|  1182240|  960|
+---------------------+---------+------+---------+---------+-----+
|Utilization (%)      |        0|    ~0|       ~0|       ~0|    0|
+---------------------+---------+------+---------+---------+-----+

+ Detail: 
    * Instance: 
    +------------------------------------+--------------------------------+---------+----+-----+-----+-----+
    |              Instance              |             Module             | BRAM_18K| DSP|  FF | LUT | URAM|
    +------------------------------------+--------------------------------+---------+----+-----+-----+-----+
    |fadd_32ns_32ns_32_7_full_dsp_1_U27  |fadd_32ns_32ns_32_7_full_dsp_1  |        0|   2|  318|  198|    0|
    |fcmp_32ns_32ns_1_2_no_dsp_1_U29     |fcmp_32ns_32ns_1_2_no_dsp_1     |        0|   0|    0|    0|    0|
    |fmul_32ns_32ns_32_4_max_dsp_1_U28   |fmul_32ns_32ns_32_4_max_dsp_1   |        0|   3|  143|   78|    0|
    +------------------------------------+--------------------------------+---------+----+-----+-----+-----+
    |Total                               |                                |        0|   5|  461|  276|    0|
    +------------------------------------+--------------------------------+---------+----+-----+-----+-----+

    * DSP: 
    N/A

    * Memory: 
    N/A

    * FIFO: 
    N/A

    * Expression: 
    +---------------------------+----------+----+---+----+------------+------------+
    |       Variable Name       | Operation| DSP| FF| LUT| Bitwidth P0| Bitwidth P1|
    +---------------------------+----------+----+---+----+------------+------------+
    |add_ln142_fu_96_p2         |         +|   0|  0|  23|          16|           1|
    |ap_condition_188           |       and|   0|  0|   2|           1|           1|
    |v70_fu_146_p2              |       and|   0|  0|   2|           1|           1|
    |icmp_ln142_fu_90_p2        |      icmp|   0|  0|  23|          16|          15|
    |icmp_ln152_1_fu_134_p2     |      icmp|   0|  0|  30|          23|           1|
    |icmp_ln152_fu_128_p2       |      icmp|   0|  0|  15|           8|           2|
    |ap_block_pp0_stage0_00001  |        or|   0|  0|   2|           1|           1|
    |ap_block_pp0_stage0_01001  |        or|   0|  0|   2|           1|           1|
    |or_ln152_fu_140_p2         |        or|   0|  0|   2|           1|           1|
    |select_ln154_fu_152_p3     |    select|   0|  0|  32|           1|          32|
    |ap_enable_pp0              |       xor|   0|  0|   2|           1|           2|
    +---------------------------+----------+----+---+----+------------+------------+
    |Total                      |          |   0|  0| 135|          70|          58|
    +---------------------------+----------+----+---+----+------------+------------+

    * Multiplexer: 
    +----------------------------------------+----+-----------+-----+-----------+
    |                  Name                  | LUT| Input Size| Bits| Total Bits|
    +----------------------------------------+----+-----------+-----+-----------+
    |ap_done_int                             |   9|          2|    1|          2|
    |ap_enable_reg_pp0_iter1                 |   9|          2|    1|          2|
    |ap_sig_allocacmp_indvar_flatten10_load  |   9|          2|   16|         32|
    |indvar_flatten10_fu_50                  |   9|          2|   16|         32|
    |real_start                              |   9|          2|    1|          2|
    |v110_blk_n                              |   9|          2|    1|          2|
    |v111_blk_n                              |   9|          2|    1|          2|
    +----------------------------------------+----+-----------+-----+-----------+
    |Total                                   |  63|         14|   37|         74|
    +----------------------------------------+----+-----------+-----+-----------+

    * Register: 
    +-----------------------------------+----+----+-----+-----------+
    |                Name               | FF | LUT| Bits| Const Bits|
    +-----------------------------------+----+----+-----+-----------+
    |ap_CS_fsm                          |   1|   0|    1|          0|
    |ap_done_reg                        |   1|   0|    1|          0|
    |ap_enable_reg_pp0_iter1            |   1|   0|    1|          0|
    |ap_enable_reg_pp0_iter10           |   1|   0|    1|          0|
    |ap_enable_reg_pp0_iter11           |   1|   0|    1|          0|
    |ap_enable_reg_pp0_iter12           |   1|   0|    1|          0|
    |ap_enable_reg_pp0_iter13           |   1|   0|    1|          0|
    |ap_enable_reg_pp0_iter14           |   1|   0|    1|          0|
    |ap_enable_reg_pp0_iter15           |   1|   0|    1|          0|
    |ap_enable_reg_pp0_iter2            |   1|   0|    1|          0|
    |ap_enable_reg_pp0_iter3            |   1|   0|    1|          0|
    |ap_enable_reg_pp0_iter4            |   1|   0|    1|          0|
    |ap_enable_reg_pp0_iter5            |   1|   0|    1|          0|
    |ap_enable_reg_pp0_iter6            |   1|   0|    1|          0|
    |ap_enable_reg_pp0_iter7            |   1|   0|    1|          0|
    |ap_enable_reg_pp0_iter8            |   1|   0|    1|          0|
    |ap_enable_reg_pp0_iter9            |   1|   0|    1|          0|
    |ap_loop_exit_ready_pp0_iter10_reg  |   1|   0|    1|          0|
    |ap_loop_exit_ready_pp0_iter11_reg  |   1|   0|    1|          0|
    |ap_loop_exit_ready_pp0_iter12_reg  |   1|   0|    1|          0|
    |ap_loop_exit_ready_pp0_iter13_reg  |   1|   0|    1|          0|
    |ap_loop_exit_ready_pp0_iter14_reg  |   1|   0|    1|          0|
    |ap_loop_exit_ready_pp0_iter1_reg   |   1|   0|    1|          0|
    |ap_loop_exit_ready_pp0_iter2_reg   |   1|   0|    1|          0|
    |ap_loop_exit_ready_pp0_iter3_reg   |   1|   0|    1|          0|
    |ap_loop_exit_ready_pp0_iter4_reg   |   1|   0|    1|          0|
    |ap_loop_exit_ready_pp0_iter5_reg   |   1|   0|    1|          0|
    |ap_loop_exit_ready_pp0_iter6_reg   |   1|   0|    1|          0|
    |ap_loop_exit_ready_pp0_iter7_reg   |   1|   0|    1|          0|
    |ap_loop_exit_ready_pp0_iter8_reg   |   1|   0|    1|          0|
    |ap_loop_exit_ready_pp0_iter9_reg   |   1|   0|    1|          0|
    |indvar_flatten10_fu_50             |  16|   0|   16|          0|
    |select_ln154_reg_192               |  32|   0|   32|          0|
    |start_once_reg                     |   1|   0|    1|          0|
    |v111_read_reg_171                  |  32|   0|   32|          0|
    |v68_reg_181                        |  32|   0|   32|          0|
    |v69_reg_186                        |  32|   0|   32|          0|
    |v69_reg_186_pp0_iter13_reg         |  32|   0|   32|          0|
    +-----------------------------------+----+----+-----+-----------+
    |Total                              | 208|   0|  208|          0|
    +-----------------------------------+----+----+-----+-----------+



================================================================
== Interface
================================================================
* Summary: 
+---------------------+-----+-----+------------+--------------+--------------+
|      RTL Ports      | Dir | Bits|  Protocol  | Source Object|    C Type    |
+---------------------+-----+-----+------------+--------------+--------------+
|ap_clk               |   in|    1|  ap_ctrl_hs|         node4|  return value|
|ap_rst               |   in|    1|  ap_ctrl_hs|         node4|  return value|
|ap_start             |   in|    1|  ap_ctrl_hs|         node4|  return value|
|start_full_n         |   in|    1|  ap_ctrl_hs|         node4|  return value|
|ap_done              |  out|    1|  ap_ctrl_hs|         node4|  return value|
|ap_continue          |   in|    1|  ap_ctrl_hs|         node4|  return value|
|ap_idle              |  out|    1|  ap_ctrl_hs|         node4|  return value|
|ap_ready             |  out|    1|  ap_ctrl_hs|         node4|  return value|
|start_out            |  out|    1|  ap_ctrl_hs|         node4|  return value|
|start_write          |  out|    1|  ap_ctrl_hs|         node4|  return value|
|v111_dout            |   in|   32|     ap_fifo|          v111|       pointer|
|v111_num_data_valid  |   in|   17|     ap_fifo|          v111|       pointer|
|v111_fifo_cap        |   in|   17|     ap_fifo|          v111|       pointer|
|v111_empty_n         |   in|    1|     ap_fifo|          v111|       pointer|
|v111_read            |  out|    1|     ap_fifo|          v111|       pointer|
|v110_din             |  out|   32|     ap_fifo|          v110|       pointer|
|v110_num_data_valid  |   in|   17|     ap_fifo|          v110|       pointer|
|v110_fifo_cap        |   in|   17|     ap_fifo|          v110|       pointer|
|v110_full_n          |   in|    1|     ap_fifo|          v110|       pointer|
|v110_write           |  out|    1|     ap_fifo|          v110|       pointer|
+---------------------+-----+-----+------------+--------------+--------------+

