

================================================================
== Vitis HLS Report for 'Loop_loop0_proc_Pipeline_loop0_loop1_loop2'
================================================================
* Date:           Fri Oct  4 14:51:50 2024

* Version:        2023.2 (Build 4023990 on Oct 11 2023)
* Project:        hls_ResidualBlock
* Solution:       solution1 (Vivado IP Flow Target)
* Product family: virtexuplusHBM
* Target device:  xcu280-fsvh2892-2L-e


================================================================
== Performance Estimates
================================================================
+ Timing: 
    * Summary: 
    +--------+---------+----------+------------+
    |  Clock |  Target | Estimated| Uncertainty|
    +--------+---------+----------+------------+
    |ap_clk  |  3.33 ns|  2.692 ns|     0.90 ns|
    +--------+---------+----------+------------+

+ Latency: 
    * Summary: 
    +---------+---------+----------+----------+-------+-------+---------+
    |  Latency (cycles) |  Latency (absolute) |    Interval   | Pipeline|
    |   min   |   max   |    min   |    max   |  min  |  max  |   Type  |
    +---------+---------+----------+----------+-------+-------+---------+
    |    53829|    53829|  0.179 ms|  0.179 ms|  53829|  53829|       no|
    +---------+---------+----------+----------+-------+-------+---------+

    + Detail: 
        * Instance: 
        N/A

        * Loop: 
        +---------------------+---------+---------+----------+-----------+-----------+-------+----------+
        |                     |  Latency (cycles) | Iteration|  Initiation Interval  |  Trip |          |
        |      Loop Name      |   min   |   max   |  Latency |  achieved |   target  | Count | Pipelined|
        +---------------------+---------+---------+----------+-----------+-----------+-------+----------+
        |- loop0_loop1_loop2  |    53827|    53827|         5|          1|          1|  53824|       yes|
        +---------------------+---------+---------+----------+-----------+-----------+-------+----------+



================================================================
== Utilization Estimates
================================================================
* Summary: 
+---------------------+---------+------+---------+---------+-----+
|         Name        | BRAM_18K|  DSP |    FF   |   LUT   | URAM|
+---------------------+---------+------+---------+---------+-----+
|DSP                  |        -|     1|        -|        -|    -|
|Expression           |        -|     -|        0|      178|    -|
|FIFO                 |        -|     -|        -|        -|    -|
|Instance             |        -|     0|        0|       33|    -|
|Memory               |        -|     -|        -|        -|    -|
|Multiplexer          |        -|     -|        -|       72|    -|
|Register             |        -|     -|      142|       32|    -|
+---------------------+---------+------+---------+---------+-----+
|Total                |        0|     1|      142|      315|    0|
+---------------------+---------+------+---------+---------+-----+
|Available SLR        |     1344|  3008|   869120|   434560|  320|
+---------------------+---------+------+---------+---------+-----+
|Utilization SLR (%)  |        0|    ~0|       ~0|       ~0|    0|
+---------------------+---------+------+---------+---------+-----+
|Available            |     4032|  9024|  2607360|  1303680|  960|
+---------------------+---------+------+---------+---------+-----+
|Utilization (%)      |        0|    ~0|       ~0|       ~0|    0|
+---------------------+---------+------+---------+---------+-----+

+ Detail: 
    * Instance: 
    +-----------------------+--------------------+---------+----+---+----+-----+
    |        Instance       |       Module       | BRAM_18K| DSP| FF| LUT| URAM|
    +-----------------------+--------------------+---------+----+---+----+-----+
    |mul_5ns_7ns_11_1_1_U1  |mul_5ns_7ns_11_1_1  |        0|   0|  0|  33|    0|
    +-----------------------+--------------------+---------+----+---+----+-----+
    |Total                  |                    |        0|   0|  0|  33|    0|
    +-----------------------+--------------------+---------+----+---+----+-----+

    * DSP: 
    +------------------------------------------+---------------------------------------+---------------------+
    |                 Instance                 |                 Module                |      Expression     |
    +------------------------------------------+---------------------------------------+---------------------+
    |ama_addmuladd_11ns_6ns_6ns_6ns_16_4_1_U2  |ama_addmuladd_11ns_6ns_6ns_6ns_16_4_1  |  (i0 + i1) * i2 + i3|
    +------------------------------------------+---------------------------------------+---------------------+

    * Memory: 
    N/A

    * FIFO: 
    N/A

    * Expression: 
    +-------------------------+----------+----+---+----+------------+------------+
    |      Variable Name      | Operation| DSP| FF| LUT| Bitwidth P0| Bitwidth P1|
    +-------------------------+----------+----+---+----+------------+------------+
    |add_ln25_1_fu_118_p2     |         +|   0|  0|  23|          16|           1|
    |add_ln25_fu_136_p2       |         +|   0|  0|  12|           5|           1|
    |add_ln26_1_fu_226_p2     |         +|   0|  0|  19|          12|           1|
    |add_ln26_fu_182_p2       |         +|   0|  0|  13|           6|           1|
    |add_ln27_fu_220_p2       |         +|   0|  0|  13|           6|           1|
    |and_ln25_fu_168_p2       |       and|   0|  0|   2|           1|           1|
    |icmp_ln25_fu_112_p2      |      icmp|   0|  0|  23|          16|          15|
    |icmp_ln26_fu_142_p2      |      icmp|   0|  0|  19|          12|          11|
    |icmp_ln27_fu_162_p2      |      icmp|   0|  0|  13|           6|           4|
    |or_ln26_fu_188_p2        |        or|   0|  0|   2|           1|           1|
    |select_ln25_1_fu_174_p3  |    select|   0|  0|   5|           1|           5|
    |select_ln25_fu_148_p3    |    select|   0|  0|   6|           1|           1|
    |select_ln26_1_fu_202_p3  |    select|   0|  0|   6|           1|           6|
    |select_ln26_2_fu_232_p3  |    select|   0|  0|  12|           1|           1|
    |select_ln26_fu_194_p3    |    select|   0|  0|   6|           1|           1|
    |ap_enable_pp0            |       xor|   0|  0|   2|           1|           2|
    |xor_ln25_fu_156_p2       |       xor|   0|  0|   2|           1|           2|
    +-------------------------+----------+----+---+----+------------+------------+
    |Total                    |          |   0|  0| 178|          88|          55|
    +-------------------------+----------+----+---+----+------------+------------+

    * Multiplexer: 
    +-------------------------+----+-----------+-----+-----------+
    |           Name          | LUT| Input Size| Bits| Total Bits|
    +-------------------------+----+-----------+-----+-----------+
    |ap_done_int              |   9|          2|    1|          2|
    |ap_enable_reg_pp0_iter1  |   9|          2|    1|          2|
    |ap_enable_reg_pp0_iter2  |   9|          2|    1|          2|
    |indvar_flatten12_fu_66   |   9|          2|   16|         32|
    |indvar_flatten_fu_58     |   9|          2|   12|         24|
    |v5_fu_62                 |   9|          2|    5|         10|
    |v6_fu_54                 |   9|          2|    6|         12|
    |v7_fu_50                 |   9|          2|    6|         12|
    +-------------------------+----+-----------+-----+-----------+
    |Total                    |  72|         16|   48|         96|
    +-------------------------+----+-----------+-----+-----------+

    * Register: 
    +----------------------------------+----+----+-----+-----------+
    |               Name               | FF | LUT| Bits| Const Bits|
    +----------------------------------+----+----+-----+-----------+
    |ap_CS_fsm                         |   1|   0|    1|          0|
    |ap_done_reg                       |   1|   0|    1|          0|
    |ap_enable_reg_pp0_iter1           |   1|   0|    1|          0|
    |ap_enable_reg_pp0_iter2           |   1|   0|    1|          0|
    |ap_enable_reg_pp0_iter3           |   1|   0|    1|          0|
    |ap_enable_reg_pp0_iter4           |   1|   0|    1|          0|
    |ap_enable_reg_pp0_iter5           |   1|   0|    1|          0|
    |ap_loop_exit_ready_pp0_iter2_reg  |   1|   0|    1|          0|
    |ap_loop_exit_ready_pp0_iter3_reg  |   1|   0|    1|          0|
    |ap_loop_exit_ready_pp0_iter4_reg  |   1|   0|    1|          0|
    |indvar_flatten12_fu_66            |  16|   0|   16|          0|
    |indvar_flatten_fu_58              |  12|   0|   12|          0|
    |mul_ln30_reg_334                  |  11|   0|   11|          0|
    |select_ln26_1_reg_329             |   6|   0|    6|          0|
    |select_ln26_reg_324               |   6|   0|    6|          0|
    |v5_fu_62                          |   5|   0|    5|          0|
    |v6_fu_54                          |   6|   0|    6|          0|
    |v7_fu_50                          |   6|   0|    6|          0|
    |select_ln26_reg_324               |  64|  32|    6|          0|
    +----------------------------------+----+----+-----+-----------+
    |Total                             | 142|  32|   84|          0|
    +----------------------------------+----+----+-----+-----------+



================================================================
== Interface
================================================================
* Summary: 
+-------------+-----+-----+------------+--------------------------------------------+--------------+
|  RTL Ports  | Dir | Bits|  Protocol  |                Source Object               |    C Type    |
+-------------+-----+-----+------------+--------------------------------------------+--------------+
|ap_clk       |   in|    1|  ap_ctrl_hs|  Loop_loop0_proc_Pipeline_loop0_loop1_loop2|  return value|
|ap_rst       |   in|    1|  ap_ctrl_hs|  Loop_loop0_proc_Pipeline_loop0_loop1_loop2|  return value|
|ap_start     |   in|    1|  ap_ctrl_hs|  Loop_loop0_proc_Pipeline_loop0_loop1_loop2|  return value|
|ap_done      |  out|    1|  ap_ctrl_hs|  Loop_loop0_proc_Pipeline_loop0_loop1_loop2|  return value|
|ap_idle      |  out|    1|  ap_ctrl_hs|  Loop_loop0_proc_Pipeline_loop0_loop1_loop2|  return value|
|ap_ready     |  out|    1|  ap_ctrl_hs|  Loop_loop0_proc_Pipeline_loop0_loop1_loop2|  return value|
|v4_address0  |  out|   16|   ap_memory|                                          v4|         array|
|v4_ce0       |  out|    1|   ap_memory|                                          v4|         array|
|v4_we0       |  out|    1|   ap_memory|                                          v4|         array|
|v4_d0        |  out|   32|   ap_memory|                                          v4|         array|
+-------------+-----+-----+------------+--------------------------------------------+--------------+

